/Users/benjaminmaurel/Documents/Training_Sanofi/notebooks_hands_on/latent_ode/run_models.py
run_models.py --niters 3000 -n 200 -s 40 -l 10 --dataset PK_Tacro --latent-ode --noise-weight 0.01 --max-t 5. --seed 128 --experiment 35857
Experiment 35857
Epoch 1000 [Test seq (cond on sampled tp)] | Loss 183.851532 | Likelihood -182.497375 | KL fp 4.1350 | FP STD 0.0778|
KL coef: 0.9999522643707747
Train loss (one batch): 190.67311096191406
Train CE loss (one batch): 0.0
Test MSE (raw): 0.0372
Test MSE (smoothed with alpha=0.01): 0.0372
New best smoothed test MSE: 0.0372. Saving best model to experiments/experiment_35857_best.ckpt
Test MSE group_0: 0.0316
Test MSE group_1: 0.0428
Test MSE group_2: nan
Test MSE group_3: nan
Poisson likelihood: 0.0
CE loss: 0.0
train MSE group_0: 0.0341
train MSE group_1: 0.0433
train MSE group_2: nan
train MSE group_3: nan
CE loss (TEST): 0.0
Experiment 35857
Epoch 2000 [Test seq (cond on sampled tp)] | Loss 167.175552 | Likelihood -165.846466 | KL fp 4.1415 | FP STD 0.0884|
KL coef: 0.9999999979391934
Train loss (one batch): 177.6813201904297
Train CE loss (one batch): 0.0
Test MSE (raw): 0.0339
Test MSE (smoothed with alpha=0.01): 0.0372
New best smoothed test MSE: 0.0372. Saving best model to experiments/experiment_35857_best.ckpt
Test MSE group_0: 0.0302
Test MSE group_1: 0.0376
Test MSE group_2: nan
Test MSE group_3: nan
Poisson likelihood: 0.0
CE loss: 0.0
train MSE group_0: 0.0327
train MSE group_1: 0.0392
train MSE group_2: nan
train MSE group_3: nan
CE loss (TEST): 0.0
Experiment 35857
Epoch 3000 [Test seq (cond on sampled tp)] | Loss 155.594604 | Likelihood -155.031342 | KL fp 3.7922 | FP STD 0.0976|
KL coef: 0.9999999999999111
Train loss (one batch): 167.14820861816406
Train CE loss (one batch): 0.0
Test MSE (raw): 0.0317
Test MSE (smoothed with alpha=0.01): 0.0371
New best smoothed test MSE: 0.0371. Saving best model to experiments/experiment_35857_best.ckpt
Test MSE group_0: 0.0287
Test MSE group_1: 0.0347
Test MSE group_2: nan
Test MSE group_3: nan
Poisson likelihood: 0.0
CE loss: 0.0
train MSE group_0: 0.0310
train MSE group_1: 0.0369
train MSE group_2: nan
train MSE group_3: nan
CE loss (TEST): 0.0
