/Users/benjaminmaurel/Documents/Training_Sanofi/notebooks_hands_on/latent_ode/run_models.py
run_models.py --niters 3000 -n 200 -s 40 -l 10 --dataset PK_Tacro --latent-ode --noise-weight 0.01 --max-t 5. --seed 28 --experiment 42260
Experiment 42260
Epoch 1000 [Test seq (cond on sampled tp)] | Loss 202.972382 | Likelihood -199.937515 | KL fp 6.2922 | FP STD 0.1100|
KL coef: 0.9999522643707747
Train loss (one batch): 197.9115753173828
Train CE loss (one batch): 0.0
Test MSE (raw): 0.0407
Test MSE (smoothed with alpha=0.01): 0.0407
New best smoothed test MSE: 0.0407. Saving best model to experiments/experiment_42260_best.ckpt
Test MSE group_0: 0.0371
Test MSE group_1: 0.0439
Test MSE group_2: nan
Test MSE group_3: nan
Poisson likelihood: 0.0
CE loss: 0.0
train MSE group_0: 0.0365
train MSE group_1: 0.0428
train MSE group_2: nan
train MSE group_3: nan
CE loss (TEST): 0.0
Experiment 42260
Epoch 2000 [Test seq (cond on sampled tp)] | Loss 187.200562 | Likelihood -184.980286 | KL fp 5.7872 | FP STD 0.1549|
KL coef: 0.9999999979391934
Train loss (one batch): 184.3480682373047
Train CE loss (one batch): 0.0
Test MSE (raw): 0.0377
Test MSE (smoothed with alpha=0.01): 0.0407
New best smoothed test MSE: 0.0407. Saving best model to experiments/experiment_42260_best.ckpt
Test MSE group_0: 0.0361
Test MSE group_1: 0.0392
Test MSE group_2: nan
Test MSE group_3: nan
Poisson likelihood: 0.0
CE loss: 0.0
train MSE group_0: 0.0354
train MSE group_1: 0.0380
train MSE group_2: nan
train MSE group_3: nan
CE loss (TEST): 0.0
Experiment 42260
Epoch 3000 [Test seq (cond on sampled tp)] | Loss 176.728149 | Likelihood -173.341446 | KL fp 5.9798 | FP STD 0.1165|
KL coef: 0.9999999999999111
Train loss (one batch): 170.1977081298828
Train CE loss (one batch): 0.0
Test MSE (raw): 0.0354
Test MSE (smoothed with alpha=0.01): 0.0406
New best smoothed test MSE: 0.0406. Saving best model to experiments/experiment_42260_best.ckpt
Test MSE group_0: 0.0347
Test MSE group_1: 0.0361
Test MSE group_2: nan
Test MSE group_3: nan
Poisson likelihood: 0.0
CE loss: 0.0
train MSE group_0: 0.0337
train MSE group_1: 0.0339
train MSE group_2: nan
train MSE group_3: nan
CE loss (TEST): 0.0
