/Users/benjaminmaurel/Documents/Training_Sanofi/notebooks_hands_on/latent_ode/run_models.py
run_models.py --niters 5000 -n 200 -s 40 -l 10 --dataset PK_Tacro --latent-ode --noise-weight 0.01 --max-t 5. --seed 15 --experiment 2028
Experiment 2028
Epoch 0010 [Test seq (cond on sampled tp)] | Loss 2616.472168 | Likelihood -2767.874268 | KL fp 6.2896 | FP STD 0.7988|
KL coef: 0.0
Train loss (one batch): 4229.03955078125
Train CE loss (one batch): 0.0
Test MSE (raw): 0.5543
Test MSE (smoothed with alpha=0.01): 0.5543
New best smoothed test MSE: 0.5543. Saving best model to experiments/experiment_2028_best.ckpt
Test MSE group_0: 0.4572
Test MSE group_1: 0.5867
Test MSE group_2: nan
Test MSE group_3: nan
Poisson likelihood: 0.0
CE loss: 0.0
train MSE group_0: 0.4985
train MSE group_1: 0.9484
train MSE group_2: nan
train MSE group_3: nan
CE loss (TEST): 0.0
Experiment 2028
Epoch 0020 [Test seq (cond on sampled tp)] | Loss 1941.231689 | Likelihood -1992.909912 | KL fp 6.2479 | FP STD 0.5596|
KL coef: 0.09561792499119559
Train loss (one batch): 2216.82275390625
Train CE loss (one batch): 0.0
Test MSE (raw): 0.3993
Test MSE (smoothed with alpha=0.01): 0.5528
New best smoothed test MSE: 0.5528. Saving best model to experiments/experiment_2028_best.ckpt
Test MSE group_0: 0.4979
Test MSE group_1: 0.3665
Test MSE group_2: nan
Test MSE group_3: nan
Poisson likelihood: 0.0
CE loss: 0.0
train MSE group_0: 0.2455
train MSE group_1: 0.4827
train MSE group_2: nan
train MSE group_3: nan
CE loss (TEST): 0.0
Experiment 2028
Epoch 0030 [Test seq (cond on sampled tp)] | Loss 1837.649414 | Likelihood -1918.142334 | KL fp 5.9975 | FP STD 0.6152|
KL coef: 0.18209306240276923
Train loss (one batch): 1646.965576171875
Train CE loss (one batch): 0.0
Test MSE (raw): 0.3844
Test MSE (smoothed with alpha=0.01): 0.5511
New best smoothed test MSE: 0.5511. Saving best model to experiments/experiment_2028_best.ckpt
Test MSE group_0: 0.5709
Test MSE group_1: 0.3222
Test MSE group_2: nan
Test MSE group_3: nan
Poisson likelihood: 0.0
CE loss: 0.0
train MSE group_0: 0.3215
train MSE group_1: 0.4103
train MSE group_2: nan
train MSE group_3: nan
CE loss (TEST): 0.0
Experiment 2028
Epoch 0040 [Test seq (cond on sampled tp)] | Loss 1523.879761 | Likelihood -1558.894287 | KL fp 6.9078 | FP STD 0.3049|
KL coef: 0.2602996266117198
Train loss (one batch): 1589.151611328125
Train CE loss (one batch): 0.0
Test MSE (raw): 0.3125
Test MSE (smoothed with alpha=0.01): 0.5487
New best smoothed test MSE: 0.5487. Saving best model to experiments/experiment_2028_best.ckpt
Test MSE group_0: 0.4034
Test MSE group_1: 0.2822
Test MSE group_2: nan
Test MSE group_3: nan
Poisson likelihood: 0.0
CE loss: 0.0
train MSE group_0: 0.1952
train MSE group_1: 0.3475
train MSE group_2: nan
train MSE group_3: nan
CE loss (TEST): 0.0
Experiment 2028
Epoch 0050 [Test seq (cond on sampled tp)] | Loss 889.534546 | Likelihood -911.042786 | KL fp 6.2333 | FP STD 0.3574|
KL coef: 0.3310282414303197
Train loss (one batch): 1015.199462890625
Train CE loss (one batch): 0.0
Test MSE (raw): 0.1829
Test MSE (smoothed with alpha=0.01): 0.5450
New best smoothed test MSE: 0.5450. Saving best model to experiments/experiment_2028_best.ckpt
Test MSE group_0: 0.2538
Test MSE group_1: 0.1593
Test MSE group_2: nan
Test MSE group_3: nan
Poisson likelihood: 0.0
CE loss: 0.0
train MSE group_0: 0.1407
train MSE group_1: 0.2173
train MSE group_2: nan
train MSE group_3: nan
CE loss (TEST): 0.0
