/Users/benjaminmaurel/Documents/Training_Sanofi/notebooks_hands_on/latent_ode/run_models.py
run_models.py --niters 3000 -n 200 -s 40 -l 10 --dataset PK_Tacro --latent-ode --noise-weight 0.01 --max-t 5. --seed 4 --experiment 24006
Experiment 24006
Epoch 1000 [Test seq (cond on sampled tp)] | Loss 208.891602 | Likelihood -208.461136 | KL fp 4.2903 | FP STD 0.2863|
KL coef: 0.9999522643707747
Train loss (one batch): 220.16419982910156
Train CE loss (one batch): 0.0
Test MSE (raw): 0.0424
Test MSE (smoothed with alpha=0.01): 0.0424
New best smoothed test MSE: 0.0424. Saving best model to experiments/experiment_24006_best.ckpt
Test MSE group_0: 0.0369
Test MSE group_1: 0.0486
Test MSE group_2: nan
Test MSE group_3: nan
Poisson likelihood: 0.0
CE loss: 0.0
train MSE group_0: 0.0351
train MSE group_1: 0.0536
train MSE group_2: nan
train MSE group_3: nan
CE loss (TEST): 0.0
Experiment 24006
Epoch 2000 [Test seq (cond on sampled tp)] | Loss 205.629150 | Likelihood -205.019363 | KL fp 4.7039 | FP STD 0.2071|
KL coef: 0.9999999979391934
Train loss (one batch): 218.12203979492188
Train CE loss (one batch): 0.0
Test MSE (raw): 0.0417
Test MSE (smoothed with alpha=0.01): 0.0424
New best smoothed test MSE: 0.0424. Saving best model to experiments/experiment_24006_best.ckpt
Test MSE group_0: 0.0386
Test MSE group_1: 0.0452
Test MSE group_2: nan
Test MSE group_3: nan
Poisson likelihood: 0.0
CE loss: 0.0
train MSE group_0: 0.0375
train MSE group_1: 0.0504
train MSE group_2: nan
train MSE group_3: nan
CE loss (TEST): 0.0
Experiment 24006
Epoch 3000 [Test seq (cond on sampled tp)] | Loss 196.062897 | Likelihood -194.201263 | KL fp 4.8082 | FP STD 0.2018|
KL coef: 0.9999999999999111
Train loss (one batch): 206.11376953125
Train CE loss (one batch): 0.0
Test MSE (raw): 0.0396
Test MSE (smoothed with alpha=0.01): 0.0424
New best smoothed test MSE: 0.0424. Saving best model to experiments/experiment_24006_best.ckpt
Test MSE group_0: 0.0362
Test MSE group_1: 0.0433
Test MSE group_2: nan
Test MSE group_3: nan
Poisson likelihood: 0.0
CE loss: 0.0
train MSE group_0: 0.0351
train MSE group_1: 0.0474
train MSE group_2: nan
train MSE group_3: nan
CE loss (TEST): 0.0
