/Users/benjaminmaurel/Documents/Training_Sanofi/notebooks_hands_on/latent_ode/run_models.py
run_models.py --niters 3000 -n 200 -s 40 -l 10 --dataset PK_Tacro --latent-ode --noise-weight 0.01 --max-t 5. --seed 175 --experiment 28070
Experiment 28070
Epoch 1000 [Test seq (cond on sampled tp)] | Loss 154.855652 | Likelihood -152.534882 | KL fp 5.5972 | FP STD 0.1668|
KL coef: 0.9999522643707747
Train loss (one batch): 171.3531951904297
Train CE loss (one batch): 0.0
Test MSE (raw): 0.0312
Test MSE (smoothed with alpha=0.01): 0.0312
New best smoothed test MSE: 0.0312. Saving best model to experiments/experiment_28070_best.ckpt
Test MSE group_0: 0.0294
Test MSE group_1: 0.0330
Test MSE group_2: nan
Test MSE group_3: nan
Poisson likelihood: 0.0
CE loss: 0.0
train MSE group_0: 0.0342
train MSE group_1: 0.0344
train MSE group_2: nan
train MSE group_3: nan
CE loss (TEST): 0.0
Experiment 28070
Epoch 2000 [Test seq (cond on sampled tp)] | Loss 141.916229 | Likelihood -139.114838 | KL fp 5.3170 | FP STD 0.1170|
KL coef: 0.9999999979391934
Train loss (one batch): 150.64111328125
Train CE loss (one batch): 0.0
Test MSE (raw): 0.0286
Test MSE (smoothed with alpha=0.01): 0.0312
New best smoothed test MSE: 0.0312. Saving best model to experiments/experiment_28070_best.ckpt
Test MSE group_0: 0.0275
Test MSE group_1: 0.0296
Test MSE group_2: nan
Test MSE group_3: nan
Poisson likelihood: 0.0
CE loss: 0.0
train MSE group_0: 0.0315
train MSE group_1: 0.0286
train MSE group_2: nan
train MSE group_3: nan
CE loss (TEST): 0.0
Experiment 28070
Epoch 3000 [Test seq (cond on sampled tp)] | Loss 134.218414 | Likelihood -131.803314 | KL fp 5.1242 | FP STD 0.0938|
KL coef: 0.9999999999999111
Train loss (one batch): 139.4257354736328
Train CE loss (one batch): 0.0
Test MSE (raw): 0.0271
Test MSE (smoothed with alpha=0.01): 0.0312
New best smoothed test MSE: 0.0312. Saving best model to experiments/experiment_28070_best.ckpt
Test MSE group_0: 0.0264
Test MSE group_1: 0.0278
Test MSE group_2: nan
Test MSE group_3: nan
Poisson likelihood: 0.0
CE loss: 0.0
train MSE group_0: 0.0295
train MSE group_1: 0.0262
train MSE group_2: nan
train MSE group_3: nan
CE loss (TEST): 0.0
