/Users/benjaminmaurel/Documents/Training_Sanofi/notebooks_hands_on/latent_ode/run_models.py
run_models.py --niters 3000 -n 200 -s 40 -l 10 --dataset PK_Tacro --latent-ode --noise-weight 0.01 --max-t 5. --seed 28 --experiment 39228
Experiment 39228
Epoch 1000 [Test seq (cond on sampled tp)] | Loss 225.011642 | Likelihood -222.644241 | KL fp 5.5547 | FP STD 0.1878|
KL coef: 0.9999522643707747
Train loss (one batch): 210.55868530273438
Train CE loss (one batch): 0.0
Test MSE (raw): 0.0453
Test MSE (smoothed with alpha=0.01): 0.0453
New best smoothed test MSE: 0.0453. Saving best model to experiments/experiment_39228_best.ckpt
Test MSE group_0: 0.0371
Test MSE group_1: 0.0534
Test MSE group_2: nan
Test MSE group_3: nan
Poisson likelihood: 0.0
CE loss: 0.0
train MSE group_0: 0.0378
train MSE group_1: 0.0477
train MSE group_2: nan
train MSE group_3: nan
CE loss (TEST): 0.0
Experiment 39228
Epoch 2000 [Test seq (cond on sampled tp)] | Loss 172.691269 | Likelihood -169.964569 | KL fp 5.8187 | FP STD 0.1055|
KL coef: 0.9999999979391934
Train loss (one batch): 166.5495147705078
Train CE loss (one batch): 0.0
Test MSE (raw): 0.0347
Test MSE (smoothed with alpha=0.01): 0.0452
New best smoothed test MSE: 0.0452. Saving best model to experiments/experiment_39228_best.ckpt
Test MSE group_0: 0.0300
Test MSE group_1: 0.0394
Test MSE group_2: nan
Test MSE group_3: nan
Poisson likelihood: 0.0
CE loss: 0.0
train MSE group_0: 0.0314
train MSE group_1: 0.0352
train MSE group_2: nan
train MSE group_3: nan
CE loss (TEST): 0.0
Experiment 39228
Epoch 3000 [Test seq (cond on sampled tp)] | Loss 165.105957 | Likelihood -162.273911 | KL fp 5.6485 | FP STD 0.1062|
KL coef: 0.9999999999999111
Train loss (one batch): 160.75099182128906
Train CE loss (one batch): 0.0
Test MSE (raw): 0.0332
Test MSE (smoothed with alpha=0.01): 0.0450
New best smoothed test MSE: 0.0450. Saving best model to experiments/experiment_39228_best.ckpt
Test MSE group_0: 0.0293
Test MSE group_1: 0.0370
Test MSE group_2: nan
Test MSE group_3: nan
Poisson likelihood: 0.0
CE loss: 0.0
train MSE group_0: 0.0308
train MSE group_1: 0.0335
train MSE group_2: nan
train MSE group_3: nan
CE loss (TEST): 0.0
