/Users/benjaminmaurel/Documents/Training_Sanofi/notebooks_hands_on/latent_ode/run_models.py
run_models.py --niters 3000 -n 200 -s 40 -l 10 --dataset PK_Tacro --latent-ode --noise-weight 0.01 --max-t 5. --seed 60 --experiment 37843
Experiment 37843
Epoch 1000 [Test seq (cond on sampled tp)] | Loss 178.984406 | Likelihood -178.733917 | KL fp 3.5620 | FP STD 0.0789|
KL coef: 0.9999522643707747
Train loss (one batch): 187.54434204101562
Train CE loss (one batch): 0.0
Test MSE (raw): 0.0365
Test MSE (smoothed with alpha=0.01): 0.0365
New best smoothed test MSE: 0.0365. Saving best model to experiments/experiment_37843_best.ckpt
Test MSE group_0: 0.0314
Test MSE group_1: 0.0412
Test MSE group_2: nan
Test MSE group_3: nan
Poisson likelihood: 0.0
CE loss: 0.0
train MSE group_0: 0.0408
train MSE group_1: 0.0345
train MSE group_2: nan
train MSE group_3: nan
CE loss (TEST): 0.0
Experiment 37843
Epoch 2000 [Test seq (cond on sampled tp)] | Loss 172.765640 | Likelihood -172.055222 | KL fp 3.6486 | FP STD 0.0797|
KL coef: 0.9999999979391934
Train loss (one batch): 177.82713317871094
Train CE loss (one batch): 0.0
Test MSE (raw): 0.0351
Test MSE (smoothed with alpha=0.01): 0.0365
New best smoothed test MSE: 0.0365. Saving best model to experiments/experiment_37843_best.ckpt
Test MSE group_0: 0.0309
Test MSE group_1: 0.0391
Test MSE group_2: nan
Test MSE group_3: nan
Poisson likelihood: 0.0
CE loss: 0.0
train MSE group_0: 0.0394
train MSE group_1: 0.0321
train MSE group_2: nan
train MSE group_3: nan
CE loss (TEST): 0.0
Experiment 37843
Epoch 3000 [Test seq (cond on sampled tp)] | Loss 169.091919 | Likelihood -168.158844 | KL fp 3.7767 | FP STD 0.0730|
KL coef: 0.9999999999999111
Train loss (one batch): 172.88401794433594
Train CE loss (one batch): 0.0
Test MSE (raw): 0.0344
Test MSE (smoothed with alpha=0.01): 0.0364
New best smoothed test MSE: 0.0364. Saving best model to experiments/experiment_37843_best.ckpt
Test MSE group_0: 0.0302
Test MSE group_1: 0.0382
Test MSE group_2: nan
Test MSE group_3: nan
Poisson likelihood: 0.0
CE loss: 0.0
train MSE group_0: 0.0384
train MSE group_1: 0.0309
train MSE group_2: nan
train MSE group_3: nan
CE loss (TEST): 0.0
