/Users/benjaminmaurel/Documents/Training_Sanofi/notebooks_hands_on/latent_ode/run_models.py
run_models.py --niters 3000 -n 200 -s 40 -l 10 --dataset PK_Tacro --latent-ode --noise-weight 0.01 --max-t 5. --seed 29 --experiment 39243
Experiment 39243
Epoch 1000 [Test seq (cond on sampled tp)] | Loss 185.757690 | Likelihood -184.004242 | KL fp 5.1022 | FP STD 0.1486|
KL coef: 0.9999522643707747
Train loss (one batch): 174.93649291992188
Train CE loss (one batch): 0.0
Test MSE (raw): 0.0375
Test MSE (smoothed with alpha=0.01): 0.0375
New best smoothed test MSE: 0.0375. Saving best model to experiments/experiment_39243_best.ckpt
Test MSE group_0: 0.0336
Test MSE group_1: 0.0412
Test MSE group_2: nan
Test MSE group_3: nan
Poisson likelihood: 0.0
CE loss: 0.0
train MSE group_0: 0.0295
train MSE group_1: 0.0396
train MSE group_2: nan
train MSE group_3: nan
CE loss (TEST): 0.0
Experiment 39243
Epoch 2000 [Test seq (cond on sampled tp)] | Loss 170.117767 | Likelihood -168.650421 | KL fp 4.6856 | FP STD 0.1460|
KL coef: 0.9999999979391934
Train loss (one batch): 156.01516723632812
Train CE loss (one batch): 0.0
Test MSE (raw): 0.0345
Test MSE (smoothed with alpha=0.01): 0.0375
New best smoothed test MSE: 0.0375. Saving best model to experiments/experiment_39243_best.ckpt
Test MSE group_0: 0.0312
Test MSE group_1: 0.0374
Test MSE group_2: nan
Test MSE group_3: nan
Poisson likelihood: 0.0
CE loss: 0.0
train MSE group_0: 0.0266
train MSE group_1: 0.0351
train MSE group_2: nan
train MSE group_3: nan
CE loss (TEST): 0.0
Experiment 39243
Epoch 3000 [Test seq (cond on sampled tp)] | Loss 161.270874 | Likelihood -160.649780 | KL fp 4.5477 | FP STD 0.1205|
KL coef: 0.9999999999999111
Train loss (one batch): 147.7666778564453
Train CE loss (one batch): 0.0
Test MSE (raw): 0.0329
Test MSE (smoothed with alpha=0.01): 0.0375
New best smoothed test MSE: 0.0375. Saving best model to experiments/experiment_39243_best.ckpt
Test MSE group_0: 0.0303
Test MSE group_1: 0.0352
Test MSE group_2: nan
Test MSE group_3: nan
Poisson likelihood: 0.0
CE loss: 0.0
train MSE group_0: 0.0261
train MSE group_1: 0.0325
train MSE group_2: nan
train MSE group_3: nan
CE loss (TEST): 0.0
