/Users/benjaminmaurel/Documents/Training_Sanofi/notebooks_hands_on/latent_ode/run_models.py
run_models.py --niters 5000 -n 200 -s 40 -l 10 --dataset PK_Tacro --latent-ode --noise-weight 0.01 --max-t 5. --seed 1 --experiment 39324
Experiment 39324
Epoch 0010 [Test seq (cond on sampled tp)] | Loss 714.471924 | Likelihood -793.528931 | KL fp 2.4084 | FP STD 0.4936|
KL coef: 0.0
Train loss (one batch): 1513.013916015625
Train CE loss (one batch): 0.0
Test MSE (raw): 0.1594
Test MSE (smoothed with alpha=0.01): 0.1594
New best smoothed test MSE: 0.1594. Saving best model to experiments/experiment_39324_best.ckpt
Test MSE group_0: 0.2085
Test MSE group_1: 0.1240
Test MSE group_2: nan
Test MSE group_3: nan
Poisson likelihood: 0.0
CE loss: 0.0
train MSE group_0: 0.3187
train MSE group_1: 0.3069
train MSE group_2: nan
train MSE group_3: nan
CE loss (TEST): 0.0
Experiment 39324
Epoch 0020 [Test seq (cond on sampled tp)] | Loss 642.464111 | Likelihood -742.354370 | KL fp 2.5538 | FP STD 0.5410|
KL coef: 0.09561792499119559
Train loss (one batch): 754.2037963867188
Train CE loss (one batch): 0.0
Test MSE (raw): 0.1492
Test MSE (smoothed with alpha=0.01): 0.1593
New best smoothed test MSE: 0.1593. Saving best model to experiments/experiment_39324_best.ckpt
Test MSE group_0: 0.2109
Test MSE group_1: 0.1047
Test MSE group_2: nan
Test MSE group_3: nan
Poisson likelihood: 0.0
CE loss: 0.0
train MSE group_0: 0.1590
train MSE group_1: 0.1584
train MSE group_2: nan
train MSE group_3: nan
CE loss (TEST): 0.0
Experiment 39324
Epoch 0030 [Test seq (cond on sampled tp)] | Loss 565.962952 | Likelihood -589.768921 | KL fp 3.0688 | FP STD 0.2937|
KL coef: 0.18209306240276923
Train loss (one batch): 610.10205078125
Train CE loss (one batch): 0.0
Test MSE (raw): 0.1187
Test MSE (smoothed with alpha=0.01): 0.1589
New best smoothed test MSE: 0.1589. Saving best model to experiments/experiment_39324_best.ckpt
Test MSE group_0: 0.1711
Test MSE group_1: 0.0809
Test MSE group_2: nan
Test MSE group_3: nan
Poisson likelihood: 0.0
CE loss: 0.0
train MSE group_0: 0.1306
train MSE group_1: 0.1200
train MSE group_2: nan
train MSE group_3: nan
CE loss (TEST): 0.0
Experiment 39324
Epoch 0040 [Test seq (cond on sampled tp)] | Loss 540.851074 | Likelihood -574.061340 | KL fp 2.9749 | FP STD 0.3313|
KL coef: 0.2602996266117198
Train loss (one batch): 561.9854125976562
Train CE loss (one batch): 0.0
Test MSE (raw): 0.1155
Test MSE (smoothed with alpha=0.01): 0.1585
New best smoothed test MSE: 0.1585. Saving best model to experiments/experiment_39324_best.ckpt
Test MSE group_0: 0.1690
Test MSE group_1: 0.0770
Test MSE group_2: nan
Test MSE group_3: nan
Poisson likelihood: 0.0
CE loss: 0.0
train MSE group_0: 0.1242
train MSE group_1: 0.1067
train MSE group_2: nan
train MSE group_3: nan
CE loss (TEST): 0.0
Experiment 39324
Epoch 0050 [Test seq (cond on sampled tp)] | Loss 458.818481 | Likelihood -478.805725 | KL fp 3.2804 | FP STD 0.2961|
KL coef: 0.3310282414303197
Train loss (one batch): 496.3233337402344
Train CE loss (one batch): 0.0
Test MSE (raw): 0.0965
Test MSE (smoothed with alpha=0.01): 0.1579
New best smoothed test MSE: 0.1579. Saving best model to experiments/experiment_39324_best.ckpt
Test MSE group_0: 0.1309
Test MSE group_1: 0.0717
Test MSE group_2: nan
Test MSE group_3: nan
Poisson likelihood: 0.0
CE loss: 0.0
train MSE group_0: 0.0987
train MSE group_1: 0.1036
train MSE group_2: nan
train MSE group_3: nan
CE loss (TEST): 0.0
Experiment 39324
Epoch 0060 [Test seq (cond on sampled tp)] | Loss 331.302063 | Likelihood -359.733307 | KL fp 3.0820 | FP STD 0.3577|
KL coef: 0.39499393286246365
Train loss (one batch): 361.55230712890625
Train CE loss (one batch): 0.0
Test MSE (raw): 0.0727
Test MSE (smoothed with alpha=0.01): 0.1570
New best smoothed test MSE: 0.1570. Saving best model to experiments/experiment_39324_best.ckpt
Test MSE group_0: 0.0923
Test MSE group_1: 0.0585
Test MSE group_2: nan
Test MSE group_3: nan
Poisson likelihood: 0.0
CE loss: 0.0
train MSE group_0: 0.0713
train MSE group_1: 0.0774
train MSE group_2: nan
train MSE group_3: nan
CE loss (TEST): 0.0
Experiment 39324
Epoch 0070 [Test seq (cond on sampled tp)] | Loss 233.229706 | Likelihood -251.172852 | KL fp 3.8607 | FP STD 0.3028|
KL coef: 0.4528433576092388
Train loss (one batch): 239.1366424560547
Train CE loss (one batch): 0.0
Test MSE (raw): 0.0510
Test MSE (smoothed with alpha=0.01): 0.1560
New best smoothed test MSE: 0.1560. Saving best model to experiments/experiment_39324_best.ckpt
Test MSE group_0: 0.0603
Test MSE group_1: 0.0443
Test MSE group_2: nan
Test MSE group_3: nan
Poisson likelihood: 0.0
CE loss: 0.0
train MSE group_0: 0.0420
train MSE group_1: 0.0547
train MSE group_2: nan
train MSE group_3: nan
CE loss (TEST): 0.0
Experiment 39324
Epoch 0080 [Test seq (cond on sampled tp)] | Loss 220.008286 | Likelihood -234.331909 | KL fp 3.5890 | FP STD 0.2831|
KL coef: 0.505161340399793
Train loss (one batch): 218.1508331298828
Train CE loss (one batch): 0.0
Test MSE (raw): 0.0476
Test MSE (smoothed with alpha=0.01): 0.1549
New best smoothed test MSE: 0.1549. Saving best model to experiments/experiment_39324_best.ckpt
Test MSE group_0: 0.0555
Test MSE group_1: 0.0419
Test MSE group_2: nan
Test MSE group_3: nan
Poisson likelihood: 0.0
CE loss: 0.0
train MSE group_0: 0.0432
train MSE group_1: 0.0463
train MSE group_2: nan
train MSE group_3: nan
CE loss (TEST): 0.0
Experiment 39324
Epoch 0090 [Test seq (cond on sampled tp)] | Loss 206.130096 | Likelihood -212.476273 | KL fp 3.8935 | FP STD 0.2264|
KL coef: 0.5524767862361895
Train loss (one batch): 184.81044006347656
Train CE loss (one batch): 0.0
Test MSE (raw): 0.0432
Test MSE (smoothed with alpha=0.01): 0.1538
New best smoothed test MSE: 0.1538. Saving best model to experiments/experiment_39324_best.ckpt
Test MSE group_0: 0.0444
Test MSE group_1: 0.0424
Test MSE group_2: nan
Test MSE group_3: nan
Poisson likelihood: 0.0
CE loss: 0.0
train MSE group_0: 0.0322
train MSE group_1: 0.0425
train MSE group_2: nan
train MSE group_3: nan
CE loss (TEST): 0.0
Experiment 39324
Epoch 0100 [Test seq (cond on sampled tp)] | Loss 166.642822 | Likelihood -174.912796 | KL fp 4.0547 | FP STD 0.1903|
KL coef: 0.5952680273216762
Train loss (one batch): 172.9915008544922
Train CE loss (one batch): 0.0
Test MSE (raw): 0.0357
Test MSE (smoothed with alpha=0.01): 0.1526
New best smoothed test MSE: 0.1526. Saving best model to experiments/experiment_39324_best.ckpt
Test MSE group_0: 0.0326
Test MSE group_1: 0.0380
Test MSE group_2: nan
Test MSE group_3: nan
Poisson likelihood: 0.0
CE loss: 0.0
train MSE group_0: 0.0295
train MSE group_1: 0.0404
train MSE group_2: nan
train MSE group_3: nan
CE loss (TEST): 0.0
Experiment 39324
Epoch 0110 [Test seq (cond on sampled tp)] | Loss 160.893677 | Likelihood -166.287308 | KL fp 3.9410 | FP STD 0.1905|
KL coef: 0.6339676587267709
Train loss (one batch): 170.3424072265625
Train CE loss (one batch): 0.0
Test MSE (raw): 0.0340
Test MSE (smoothed with alpha=0.01): 0.1514
New best smoothed test MSE: 0.1514. Saving best model to experiments/experiment_39324_best.ckpt
Test MSE group_0: 0.0298
Test MSE group_1: 0.0371
Test MSE group_2: nan
Test MSE group_3: nan
Poisson likelihood: 0.0
CE loss: 0.0
train MSE group_0: 0.0286
train MSE group_1: 0.0396
train MSE group_2: nan
train MSE group_3: nan
CE loss (TEST): 0.0
Experiment 39324
Epoch 0120 [Test seq (cond on sampled tp)] | Loss 164.316696 | Likelihood -167.136963 | KL fp 4.0622 | FP STD 0.1670|
KL coef: 0.6689669116789861
Train loss (one batch): 164.0521240234375
Train CE loss (one batch): 0.0
Test MSE (raw): 0.0342
Test MSE (smoothed with alpha=0.01): 0.1502
New best smoothed test MSE: 0.1502. Saving best model to experiments/experiment_39324_best.ckpt
Test MSE group_0: 0.0309
Test MSE group_1: 0.0365
Test MSE group_2: nan
Test MSE group_3: nan
Poisson likelihood: 0.0
CE loss: 0.0
train MSE group_0: 0.0266
train MSE group_1: 0.0388
train MSE group_2: nan
train MSE group_3: nan
CE loss (TEST): 0.0
Experiment 39324
Epoch 0130 [Test seq (cond on sampled tp)] | Loss 155.532166 | Likelihood -158.309937 | KL fp 4.1011 | FP STD 0.1698|
KL coef: 0.7006196086876687
Train loss (one batch): 162.80841064453125
Train CE loss (one batch): 0.0
Test MSE (raw): 0.0324
Test MSE (smoothed with alpha=0.01): 0.1491
New best smoothed test MSE: 0.1491. Saving best model to experiments/experiment_39324_best.ckpt
Test MSE group_0: 0.0290
Test MSE group_1: 0.0349
Test MSE group_2: nan
Test MSE group_3: nan
Poisson likelihood: 0.0
CE loss: 0.0
train MSE group_0: 0.0267
train MSE group_1: 0.0380
train MSE group_2: nan
train MSE group_3: nan
CE loss (TEST): 0.0
Experiment 39324
Epoch 0140 [Test seq (cond on sampled tp)] | Loss 183.840607 | Likelihood -187.485321 | KL fp 4.1196 | FP STD 0.1869|
KL coef: 0.729245740488006
Train loss (one batch): 170.0040740966797
Train CE loss (one batch): 0.0
Test MSE (raw): 0.0382
Test MSE (smoothed with alpha=0.01): 0.1479
New best smoothed test MSE: 0.1479. Saving best model to experiments/experiment_39324_best.ckpt
Test MSE group_0: 0.0341
Test MSE group_1: 0.0412
Test MSE group_2: nan
Test MSE group_3: nan
Poisson likelihood: 0.0
CE loss: 0.0
train MSE group_0: 0.0273
train MSE group_1: 0.0407
train MSE group_2: nan
train MSE group_3: nan
CE loss (TEST): 0.0
Experiment 39324
Epoch 0150 [Test seq (cond on sampled tp)] | Loss 156.265152 | Likelihood -157.535080 | KL fp 4.2952 | FP STD 0.1521|
KL coef: 0.7551347009650705
Train loss (one batch): 159.7346649169922
Train CE loss (one batch): 0.0
Test MSE (raw): 0.0322
Test MSE (smoothed with alpha=0.01): 0.1468
New best smoothed test MSE: 0.1468. Saving best model to experiments/experiment_39324_best.ckpt
Test MSE group_0: 0.0291
Test MSE group_1: 0.0345
Test MSE group_2: nan
Test MSE group_3: nan
Poisson likelihood: 0.0
CE loss: 0.0
train MSE group_0: 0.0264
train MSE group_1: 0.0370
train MSE group_2: nan
train MSE group_3: nan
CE loss (TEST): 0.0
Experiment 39324
Epoch 0160 [Test seq (cond on sampled tp)] | Loss 278.170197 | Likelihood -311.588196 | KL fp 3.4271 | FP STD 0.4098|
KL coef: 0.7785482127611391
Train loss (one batch): 305.7856140136719
Train CE loss (one batch): 0.0
Test MSE (raw): 0.0631
Test MSE (smoothed with alpha=0.01): 0.1459
New best smoothed test MSE: 0.1459. Saving best model to experiments/experiment_39324_best.ckpt
Test MSE group_0: 0.0523
Test MSE group_1: 0.0708
Test MSE group_2: nan
Test MSE group_3: nan
Poisson likelihood: 0.0
CE loss: 0.0
train MSE group_0: 0.0483
train MSE group_1: 0.0764
train MSE group_2: nan
train MSE group_3: nan
CE loss (TEST): 0.0
Experiment 39324
Epoch 0170 [Test seq (cond on sampled tp)] | Loss 198.726654 | Likelihood -232.171066 | KL fp 3.3683 | FP STD 0.3535|
KL coef: 0.7997229731425107
Train loss (one batch): 234.0178680419922
Train CE loss (one batch): 0.0
Test MSE (raw): 0.0472
Test MSE (smoothed with alpha=0.01): 0.1450
New best smoothed test MSE: 0.1450. Saving best model to experiments/experiment_39324_best.ckpt
Test MSE group_0: 0.0369
Test MSE group_1: 0.0546
Test MSE group_2: nan
Test MSE group_3: nan
Poisson likelihood: 0.0
CE loss: 0.0
train MSE group_0: 0.0347
train MSE group_1: 0.0606
train MSE group_2: nan
train MSE group_3: nan
CE loss (TEST): 0.0
Experiment 39324
Epoch 0180 [Test seq (cond on sampled tp)] | Loss 200.694290 | Likelihood -208.154205 | KL fp 3.4060 | FP STD 0.2984|
KL coef: 0.8188730468740297
Train loss (one batch): 204.53953552246094
Train CE loss (one batch): 0.0
Test MSE (raw): 0.0424
Test MSE (smoothed with alpha=0.01): 0.1439
New best smoothed test MSE: 0.1439. Saving best model to experiments/experiment_39324_best.ckpt
Test MSE group_0: 0.0339
Test MSE group_1: 0.0485
Test MSE group_2: nan
Test MSE group_3: nan
Poisson likelihood: 0.0
CE loss: 0.0
train MSE group_0: 0.0309
train MSE group_1: 0.0516
train MSE group_2: nan
train MSE group_3: nan
CE loss (TEST): 0.0
Experiment 39324
Epoch 0190 [Test seq (cond on sampled tp)] | Loss 185.270370 | Likelihood -195.814606 | KL fp 3.5352 | FP STD 0.2523|
KL coef: 0.8361920302919126
Train loss (one batch): 188.72303771972656
Train CE loss (one batch): 0.0
Test MSE (raw): 0.0399
Test MSE (smoothed with alpha=0.01): 0.1429
New best smoothed test MSE: 0.1429. Saving best model to experiments/experiment_39324_best.ckpt
Test MSE group_0: 0.0351
Test MSE group_1: 0.0434
Test MSE group_2: nan
Test MSE group_3: nan
Poisson likelihood: 0.0
CE loss: 0.0
train MSE group_0: 0.0292
train MSE group_1: 0.0457
train MSE group_2: nan
train MSE group_3: nan
CE loss (TEST): 0.0
Experiment 39324
Epoch 0200 [Test seq (cond on sampled tp)] | Loss 182.025497 | Likelihood -187.054443 | KL fp 3.9939 | FP STD 0.2099|
KL coef: 0.8518550084524206
Train loss (one batch): 176.10037231445312
Train CE loss (one batch): 0.0
Test MSE (raw): 0.0381
Test MSE (smoothed with alpha=0.01): 0.1418
New best smoothed test MSE: 0.1418. Saving best model to experiments/experiment_39324_best.ckpt
Test MSE group_0: 0.0340
Test MSE group_1: 0.0411
Test MSE group_2: nan
Test MSE group_3: nan
Poisson likelihood: 0.0
CE loss: 0.0
train MSE group_0: 0.0277
train MSE group_1: 0.0433
train MSE group_2: nan
train MSE group_3: nan
CE loss (TEST): 0.0
Experiment 39324
Epoch 0210 [Test seq (cond on sampled tp)] | Loss 175.966034 | Likelihood -183.879700 | KL fp 3.9084 | FP STD 0.1994|
KL coef: 0.8660203251420383
Train loss (one batch): 169.9525146484375
Train CE loss (one batch): 0.0
Test MSE (raw): 0.0375
Test MSE (smoothed with alpha=0.01): 0.1408
New best smoothed test MSE: 0.1408. Saving best model to experiments/experiment_39324_best.ckpt
Test MSE group_0: 0.0330
Test MSE group_1: 0.0408
Test MSE group_2: nan
Test MSE group_3: nan
Poisson likelihood: 0.0
CE loss: 0.0
train MSE group_0: 0.0263
train MSE group_1: 0.0408
train MSE group_2: nan
train MSE group_3: nan
CE loss (TEST): 0.0
Experiment 39324
Epoch 0220 [Test seq (cond on sampled tp)] | Loss 167.579544 | Likelihood -172.675003 | KL fp 3.9759 | FP STD 0.1831|
KL coef: 0.8788311836429517
Train loss (one batch): 169.06385803222656
Train CE loss (one batch): 0.0
Test MSE (raw): 0.0353
Test MSE (smoothed with alpha=0.01): 0.1397
New best smoothed test MSE: 0.1397. Saving best model to experiments/experiment_39324_best.ckpt
Test MSE group_0: 0.0309
Test MSE group_1: 0.0385
Test MSE group_2: nan
Test MSE group_3: nan
Poisson likelihood: 0.0
CE loss: 0.0
train MSE group_0: 0.0257
train MSE group_1: 0.0411
train MSE group_2: nan
train MSE group_3: nan
CE loss (TEST): 0.0
Experiment 39324
Epoch 0230 [Test seq (cond on sampled tp)] | Loss 158.126160 | Likelihood -165.273270 | KL fp 3.8451 | FP STD 0.1830|
KL coef: 0.8904170944366518
Train loss (one batch): 162.6073760986328
Train CE loss (one batch): 0.0
Test MSE (raw): 0.0338
Test MSE (smoothed with alpha=0.01): 0.1387
New best smoothed test MSE: 0.1387. Saving best model to experiments/experiment_39324_best.ckpt
Test MSE group_0: 0.0292
Test MSE group_1: 0.0371
Test MSE group_2: nan
Test MSE group_3: nan
Poisson likelihood: 0.0
CE loss: 0.0
train MSE group_0: 0.0252
train MSE group_1: 0.0391
train MSE group_2: nan
train MSE group_3: nan
CE loss (TEST): 0.0
Experiment 39324
Epoch 0240 [Test seq (cond on sampled tp)] | Loss 161.531662 | Likelihood -163.382202 | KL fp 3.9644 | FP STD 0.1721|
KL coef: 0.9008951844811254
Train loss (one batch): 159.61412048339844
Train CE loss (one batch): 0.0
Test MSE (raw): 0.0334
Test MSE (smoothed with alpha=0.01): 0.1376
New best smoothed test MSE: 0.1376. Saving best model to experiments/experiment_39324_best.ckpt
Test MSE group_0: 0.0293
Test MSE group_1: 0.0364
Test MSE group_2: nan
Test MSE group_3: nan
Poisson likelihood: 0.0
CE loss: 0.0
train MSE group_0: 0.0253
train MSE group_1: 0.0380
train MSE group_2: nan
train MSE group_3: nan
CE loss (TEST): 0.0
Experiment 39324
Epoch 0250 [Test seq (cond on sampled tp)] | Loss 159.397095 | Likelihood -160.094025 | KL fp 3.9586 | FP STD 0.1660|
KL coef: 0.9103713812976754
Train loss (one batch): 157.47557067871094
Train CE loss (one batch): 0.0
Test MSE (raw): 0.0328
Test MSE (smoothed with alpha=0.01): 0.1366
New best smoothed test MSE: 0.1366. Saving best model to experiments/experiment_39324_best.ckpt
Test MSE group_0: 0.0291
Test MSE group_1: 0.0354
Test MSE group_2: nan
Test MSE group_3: nan
Poisson likelihood: 0.0
CE loss: 0.0
train MSE group_0: 0.0255
train MSE group_1: 0.0369
train MSE group_2: nan
train MSE group_3: nan
CE loss (TEST): 0.0
Experiment 39324
Epoch 0260 [Test seq (cond on sampled tp)] | Loss 158.291473 | Likelihood -161.833221 | KL fp 4.0240 | FP STD 0.1545|
KL coef: 0.9189414838378187
Train loss (one batch): 156.96815490722656
Train CE loss (one batch): 0.0
Test MSE (raw): 0.0331
Test MSE (smoothed with alpha=0.01): 0.1356
New best smoothed test MSE: 0.1356. Saving best model to experiments/experiment_39324_best.ckpt
Test MSE group_0: 0.0287
Test MSE group_1: 0.0363
Test MSE group_2: nan
Test MSE group_3: nan
Poisson likelihood: 0.0
CE loss: 0.0
train MSE group_0: 0.0246
train MSE group_1: 0.0373
train MSE group_2: nan
train MSE group_3: nan
CE loss (TEST): 0.0
Experiment 39324
Epoch 0270 [Test seq (cond on sampled tp)] | Loss 154.578354 | Likelihood -156.775421 | KL fp 3.9933 | FP STD 0.1516|
KL coef: 0.9266921309561118
Train loss (one batch): 155.45004272460938
Train CE loss (one batch): 0.0
Test MSE (raw): 0.0321
Test MSE (smoothed with alpha=0.01): 0.1345
New best smoothed test MSE: 0.1345. Saving best model to experiments/experiment_39324_best.ckpt
Test MSE group_0: 0.0277
Test MSE group_1: 0.0353
Test MSE group_2: nan
Test MSE group_3: nan
Poisson likelihood: 0.0
CE loss: 0.0
train MSE group_0: 0.0247
train MSE group_1: 0.0373
train MSE group_2: nan
train MSE group_3: nan
CE loss (TEST): 0.0
Experiment 39324
Epoch 0280 [Test seq (cond on sampled tp)] | Loss 154.721802 | Likelihood -156.332474 | KL fp 4.0032 | FP STD 0.1462|
KL coef: 0.9337016772796147
Train loss (one batch): 156.69436645507812
Train CE loss (one batch): 0.0
Test MSE (raw): 0.0320
Test MSE (smoothed with alpha=0.01): 0.1335
New best smoothed test MSE: 0.1335. Saving best model to experiments/experiment_39324_best.ckpt
Test MSE group_0: 0.0275
Test MSE group_1: 0.0353
Test MSE group_2: nan
Test MSE group_3: nan
Poisson likelihood: 0.0
CE loss: 0.0
train MSE group_0: 0.0243
train MSE group_1: 0.0375
train MSE group_2: nan
train MSE group_3: nan
CE loss (TEST): 0.0
Experiment 39324
Epoch 0290 [Test seq (cond on sampled tp)] | Loss 157.742523 | Likelihood -158.440353 | KL fp 4.0965 | FP STD 0.1408|
KL coef: 0.9400409853285345
Train loss (one batch): 155.8658905029297
Train CE loss (one batch): 0.0
Test MSE (raw): 0.0324
Test MSE (smoothed with alpha=0.01): 0.1325
New best smoothed test MSE: 0.1325. Saving best model to experiments/experiment_39324_best.ckpt
Test MSE group_0: 0.0286
Test MSE group_1: 0.0352
Test MSE group_2: nan
Test MSE group_3: nan
Poisson likelihood: 0.0
CE loss: 0.0
train MSE group_0: 0.0250
train MSE group_1: 0.0365
train MSE group_2: nan
train MSE group_3: nan
CE loss (TEST): 0.0
Experiment 39324
Epoch 0300 [Test seq (cond on sampled tp)] | Loss 155.650208 | Likelihood -157.740326 | KL fp 3.9636 | FP STD 0.1488|
KL coef: 0.9457741418959368
Train loss (one batch): 156.11593627929688
Train CE loss (one batch): 0.0
Test MSE (raw): 0.0323
Test MSE (smoothed with alpha=0.01): 0.1315
New best smoothed test MSE: 0.1315. Saving best model to experiments/experiment_39324_best.ckpt
Test MSE group_0: 0.0285
Test MSE group_1: 0.0350
Test MSE group_2: nan
Test MSE group_3: nan
Poisson likelihood: 0.0
CE loss: 0.0
train MSE group_0: 0.0249
train MSE group_1: 0.0367
train MSE group_2: nan
train MSE group_3: nan
CE loss (TEST): 0.0
Experiment 39324
Epoch 0310 [Test seq (cond on sampled tp)] | Loss 157.922256 | Likelihood -159.350235 | KL fp 3.8748 | FP STD 0.1461|
KL coef: 0.9509591059287142
Train loss (one batch): 155.14117431640625
Train CE loss (one batch): 0.0
Test MSE (raw): 0.0326
Test MSE (smoothed with alpha=0.01): 0.1305
New best smoothed test MSE: 0.1305. Saving best model to experiments/experiment_39324_best.ckpt
Test MSE group_0: 0.0286
Test MSE group_1: 0.0355
Test MSE group_2: nan
Test MSE group_3: nan
Poisson likelihood: 0.0
CE loss: 0.0
train MSE group_0: 0.0251
train MSE group_1: 0.0362
train MSE group_2: nan
train MSE group_3: nan
CE loss (TEST): 0.0
Experiment 39324
Epoch 0320 [Test seq (cond on sampled tp)] | Loss 158.138733 | Likelihood -157.925735 | KL fp 4.2225 | FP STD 0.1313|
KL coef: 0.9556482944595236
Train loss (one batch): 153.74295043945312
Train CE loss (one batch): 0.0
Test MSE (raw): 0.0323
Test MSE (smoothed with alpha=0.01): 0.1295
New best smoothed test MSE: 0.1295. Saving best model to experiments/experiment_39324_best.ckpt
Test MSE group_0: 0.0287
Test MSE group_1: 0.0350
Test MSE group_2: nan
Test MSE group_3: nan
Poisson likelihood: 0.0
CE loss: 0.0
train MSE group_0: 0.0251
train MSE group_1: 0.0358
train MSE group_2: nan
train MSE group_3: nan
CE loss (TEST): 0.0
Experiment 39324
Epoch 0330 [Test seq (cond on sampled tp)] | Loss 155.619888 | Likelihood -156.724075 | KL fp 4.0021 | FP STD 0.1380|
KL coef: 0.9598891125131245
Train loss (one batch): 153.9279022216797
Train CE loss (one batch): 0.0
Test MSE (raw): 0.0321
Test MSE (smoothed with alpha=0.01): 0.1285
New best smoothed test MSE: 0.1285. Saving best model to experiments/experiment_39324_best.ckpt
Test MSE group_0: 0.0280
Test MSE group_1: 0.0351
Test MSE group_2: nan
Test MSE group_3: nan
Poisson likelihood: 0.0
CE loss: 0.0
train MSE group_0: 0.0243
train MSE group_1: 0.0363
train MSE group_2: nan
train MSE group_3: nan
CE loss (TEST): 0.0
Experiment 39324
Epoch 0340 [Test seq (cond on sampled tp)] | Loss 154.897751 | Likelihood -154.786545 | KL fp 4.0383 | FP STD 0.1341|
KL coef: 0.9637244323441748
Train loss (one batch): 151.45172119140625
Train CE loss (one batch): 0.0
Test MSE (raw): 0.0317
Test MSE (smoothed with alpha=0.01): 0.1276
New best smoothed test MSE: 0.1276. Saving best model to experiments/experiment_39324_best.ckpt
Test MSE group_0: 0.0276
Test MSE group_1: 0.0347
Test MSE group_2: nan
Test MSE group_3: nan
Poisson likelihood: 0.0
CE loss: 0.0
train MSE group_0: 0.0237
train MSE group_1: 0.0360
train MSE group_2: nan
train MSE group_3: nan
CE loss (TEST): 0.0
Experiment 39324
Epoch 0350 [Test seq (cond on sampled tp)] | Loss 154.370255 | Likelihood -154.576904 | KL fp 3.9831 | FP STD 0.1351|
KL coef: 0.9671930268513026
Train loss (one batch): 152.67835998535156
Train CE loss (one batch): 0.0
Test MSE (raw): 0.0317
Test MSE (smoothed with alpha=0.01): 0.1266
New best smoothed test MSE: 0.1266. Saving best model to experiments/experiment_39324_best.ckpt
Test MSE group_0: 0.0272
Test MSE group_1: 0.0348
Test MSE group_2: nan
Test MSE group_3: nan
Poisson likelihood: 0.0
CE loss: 0.0
train MSE group_0: 0.0241
train MSE group_1: 0.0361
train MSE group_2: nan
train MSE group_3: nan
CE loss (TEST): 0.0
Experiment 39324
Epoch 0360 [Test seq (cond on sampled tp)] | Loss 154.872650 | Likelihood -154.544830 | KL fp 4.1108 | FP STD 0.1292|
KL coef: 0.9703299615490228
Train loss (one batch): 152.02444458007812
Train CE loss (one batch): 0.0
Test MSE (raw): 0.0316
Test MSE (smoothed with alpha=0.01): 0.1257
New best smoothed test MSE: 0.1257. Saving best model to experiments/experiment_39324_best.ckpt
Test MSE group_0: 0.0273
Test MSE group_1: 0.0348
Test MSE group_2: nan
Test MSE group_3: nan
Poisson likelihood: 0.0
CE loss: 0.0
train MSE group_0: 0.0244
train MSE group_1: 0.0356
train MSE group_2: nan
train MSE group_3: nan
CE loss (TEST): 0.0
Experiment 39324
Epoch 0370 [Test seq (cond on sampled tp)] | Loss 153.395981 | Likelihood -154.531677 | KL fp 4.0312 | FP STD 0.1338|
KL coef: 0.9731669490601144
Train loss (one batch): 151.41795349121094
Train CE loss (one batch): 0.0
Test MSE (raw): 0.0316
Test MSE (smoothed with alpha=0.01): 0.1247
New best smoothed test MSE: 0.1247. Saving best model to experiments/experiment_39324_best.ckpt
Test MSE group_0: 0.0271
Test MSE group_1: 0.0349
Test MSE group_2: nan
Test MSE group_3: nan
Poisson likelihood: 0.0
CE loss: 0.0
train MSE group_0: 0.0234
train MSE group_1: 0.0363
train MSE group_2: nan
train MSE group_3: nan
CE loss (TEST): 0.0
Experiment 39324
Epoch 0380 [Test seq (cond on sampled tp)] | Loss 154.084885 | Likelihood -155.490448 | KL fp 3.8970 | FP STD 0.1428|
KL coef: 0.9757326697121692
Train loss (one batch): 152.24578857421875
Train CE loss (one batch): 0.0
Test MSE (raw): 0.0318
Test MSE (smoothed with alpha=0.01): 0.1238
New best smoothed test MSE: 0.1238. Saving best model to experiments/experiment_39324_best.ckpt
Test MSE group_0: 0.0277
Test MSE group_1: 0.0348
Test MSE group_2: nan
Test MSE group_3: nan
Poisson likelihood: 0.0
CE loss: 0.0
train MSE group_0: 0.0240
train MSE group_1: 0.0360
train MSE group_2: nan
train MSE group_3: nan
CE loss (TEST): 0.0
Experiment 39324
Epoch 0390 [Test seq (cond on sampled tp)] | Loss 171.593781 | Likelihood -172.098404 | KL fp 4.2008 | FP STD 0.1282|
KL coef: 0.9780530614793677
Train loss (one batch): 151.69784545898438
Train CE loss (one batch): 0.0
Test MSE (raw): 0.0352
Test MSE (smoothed with alpha=0.01): 0.1229
New best smoothed test MSE: 0.1229. Saving best model to experiments/experiment_39324_best.ckpt
Test MSE group_0: 0.0328
Test MSE group_1: 0.0369
Test MSE group_2: nan
Test MSE group_3: nan
Poisson likelihood: 0.0
CE loss: 0.0
train MSE group_0: 0.0251
train MSE group_1: 0.0350
train MSE group_2: nan
train MSE group_3: nan
CE loss (TEST): 0.0
Experiment 39324
Epoch 0400 [Test seq (cond on sampled tp)] | Loss 162.038574 | Likelihood -161.730133 | KL fp 3.9513 | FP STD 0.1327|
KL coef: 0.9801515822006198
Train loss (one batch): 152.2970428466797
Train CE loss (one batch): 0.0
Test MSE (raw): 0.0331
Test MSE (smoothed with alpha=0.01): 0.1220
New best smoothed test MSE: 0.1220. Saving best model to experiments/experiment_39324_best.ckpt
Test MSE group_0: 0.0296
Test MSE group_1: 0.0356
Test MSE group_2: nan
Test MSE group_3: nan
Poisson likelihood: 0.0
CE loss: 0.0
train MSE group_0: 0.0248
train MSE group_1: 0.0354
train MSE group_2: nan
train MSE group_3: nan
CE loss (TEST): 0.0
Experiment 39324
Epoch 0410 [Test seq (cond on sampled tp)] | Loss 155.177658 | Likelihood -155.547836 | KL fp 3.8960 | FP STD 0.1312|
KL coef: 0.9820494467249549
Train loss (one batch): 155.292724609375
Train CE loss (one batch): 0.0
Test MSE (raw): 0.0318
Test MSE (smoothed with alpha=0.01): 0.1211
New best smoothed test MSE: 0.1211. Saving best model to experiments/experiment_39324_best.ckpt
Test MSE group_0: 0.0280
Test MSE group_1: 0.0346
Test MSE group_2: nan
Test MSE group_3: nan
Poisson likelihood: 0.0
CE loss: 0.0
train MSE group_0: 0.0250
train MSE group_1: 0.0364
train MSE group_2: nan
train MSE group_3: nan
CE loss (TEST): 0.0
Experiment 39324
Epoch 0420 [Test seq (cond on sampled tp)] | Loss 151.567398 | Likelihood -150.916763 | KL fp 4.2053 | FP STD 0.1091|
KL coef: 0.9837658413815585
Train loss (one batch): 152.53517150878906
Train CE loss (one batch): 0.0
Test MSE (raw): 0.0309
Test MSE (smoothed with alpha=0.01): 0.1202
New best smoothed test MSE: 0.1202. Saving best model to experiments/experiment_39324_best.ckpt
Test MSE group_0: 0.0270
Test MSE group_1: 0.0337
Test MSE group_2: nan
Test MSE group_3: nan
Poisson likelihood: 0.0
CE loss: 0.0
train MSE group_0: 0.0244
train MSE group_1: 0.0357
train MSE group_2: nan
train MSE group_3: nan
CE loss (TEST): 0.0
Experiment 39324
Epoch 0430 [Test seq (cond on sampled tp)] | Loss 150.925934 | Likelihood -150.539108 | KL fp 4.0185 | FP STD 0.1150|
KL coef: 0.9853181179426319
Train loss (one batch): 150.69131469726562
Train CE loss (one batch): 0.0
Test MSE (raw): 0.0308
Test MSE (smoothed with alpha=0.01): 0.1193
New best smoothed test MSE: 0.1193. Saving best model to experiments/experiment_39324_best.ckpt
Test MSE group_0: 0.0266
Test MSE group_1: 0.0339
Test MSE group_2: nan
Test MSE group_3: nan
Poisson likelihood: 0.0
CE loss: 0.0
train MSE group_0: 0.0242
train MSE group_1: 0.0356
train MSE group_2: nan
train MSE group_3: nan
CE loss (TEST): 0.0
Experiment 39324
Epoch 0440 [Test seq (cond on sampled tp)] | Loss 151.171951 | Likelihood -151.110962 | KL fp 3.9306 | FP STD 0.1194|
KL coef: 0.9867219690399229
Train loss (one batch): 149.7722930908203
Train CE loss (one batch): 0.0
Test MSE (raw): 0.0310
Test MSE (smoothed with alpha=0.01): 0.1184
New best smoothed test MSE: 0.1184. Saving best model to experiments/experiment_39324_best.ckpt
Test MSE group_0: 0.0267
Test MSE group_1: 0.0340
Test MSE group_2: nan
Test MSE group_3: nan
Poisson likelihood: 0.0
CE loss: 0.0
train MSE group_0: 0.0239
train MSE group_1: 0.0354
train MSE group_2: nan
train MSE group_3: nan
CE loss (TEST): 0.0
Experiment 39324
Epoch 0450 [Test seq (cond on sampled tp)] | Loss 149.586975 | Likelihood -150.476364 | KL fp 4.2217 | FP STD 0.1023|
KL coef: 0.9879915868082944
Train loss (one batch): 150.4373321533203
Train CE loss (one batch): 0.0
Test MSE (raw): 0.0308
Test MSE (smoothed with alpha=0.01): 0.1175
New best smoothed test MSE: 0.1175. Saving best model to experiments/experiment_39324_best.ckpt
Test MSE group_0: 0.0261
Test MSE group_1: 0.0342
Test MSE group_2: nan
Test MSE group_3: nan
Poisson likelihood: 0.0
CE loss: 0.0
train MSE group_0: 0.0241
train MSE group_1: 0.0352
train MSE group_2: nan
train MSE group_3: nan
CE loss (TEST): 0.0
Experiment 39324
Epoch 0460 [Test seq (cond on sampled tp)] | Loss 151.086990 | Likelihood -150.988800 | KL fp 4.3118 | FP STD 0.0990|
KL coef: 0.9891398063601221
Train loss (one batch): 150.3215789794922
Train CE loss (one batch): 0.0
Test MSE (raw): 0.0309
Test MSE (smoothed with alpha=0.01): 0.1167
New best smoothed test MSE: 0.1167. Saving best model to experiments/experiment_39324_best.ckpt
Test MSE group_0: 0.0264
Test MSE group_1: 0.0342
Test MSE group_2: nan
Test MSE group_3: nan
Poisson likelihood: 0.0
CE loss: 0.0
train MSE group_0: 0.0240
train MSE group_1: 0.0351
train MSE group_2: nan
train MSE group_3: nan
CE loss (TEST): 0.0
