/Users/benjaminmaurel/Documents/Training_Sanofi/notebooks_hands_on/latent_ode/run_models.py
run_models.py --niters 3000 -n 200 -s 40 -l 10 --dataset PK_Tacro --latent-ode --noise-weight 0.01 --max-t 5. --seed 24 --experiment 20507
Experiment 20507
Epoch 1000 [Test seq (cond on sampled tp)] | Loss 156.912201 | Likelihood -154.444290 | KL fp 5.4556 | FP STD 0.0944|
KL coef: 0.9999522643707747
Train loss (one batch): 157.4062957763672
Train CE loss (one batch): 0.0
Test MSE (raw): 0.0316
Test MSE (smoothed with alpha=0.01): 0.0316
New best smoothed test MSE: 0.0316. Saving best model to experiments/experiment_20507_best.ckpt
Test MSE group_0: 0.0298
Test MSE group_1: 0.0336
Test MSE group_2: nan
Test MSE group_3: nan
Poisson likelihood: 0.0
CE loss: 0.0
train MSE group_0: 0.0269
train MSE group_1: 0.0355
train MSE group_2: nan
train MSE group_3: nan
CE loss (TEST): 0.0
Experiment 20507
Epoch 2000 [Test seq (cond on sampled tp)] | Loss 138.714600 | Likelihood -136.317383 | KL fp 5.1694 | FP STD 0.1021|
KL coef: 0.9999999979391934
Train loss (one batch): 131.86129760742188
Train CE loss (one batch): 0.0
Test MSE (raw): 0.0280
Test MSE (smoothed with alpha=0.01): 0.0316
New best smoothed test MSE: 0.0316. Saving best model to experiments/experiment_20507_best.ckpt
Test MSE group_0: 0.0267
Test MSE group_1: 0.0295
Test MSE group_2: nan
Test MSE group_3: nan
Poisson likelihood: 0.0
CE loss: 0.0
train MSE group_0: 0.0235
train MSE group_1: 0.0288
train MSE group_2: nan
train MSE group_3: nan
CE loss (TEST): 0.0
Experiment 20507
Epoch 3000 [Test seq (cond on sampled tp)] | Loss 134.655441 | Likelihood -132.281952 | KL fp 5.1979 | FP STD 0.0918|
KL coef: 0.9999999999999111
Train loss (one batch): 124.31420135498047
Train CE loss (one batch): 0.0
Test MSE (raw): 0.0272
Test MSE (smoothed with alpha=0.01): 0.0315
New best smoothed test MSE: 0.0315. Saving best model to experiments/experiment_20507_best.ckpt
Test MSE group_0: 0.0257
Test MSE group_1: 0.0288
Test MSE group_2: nan
Test MSE group_3: nan
Poisson likelihood: 0.0
CE loss: 0.0
train MSE group_0: 0.0228
train MSE group_1: 0.0268
train MSE group_2: nan
train MSE group_3: nan
CE loss (TEST): 0.0
