/Users/benjaminmaurel/Documents/Training_Sanofi/notebooks_hands_on/latent_ode/run_models.py
run_models.py --niters 3000 -n 200 -s 40 -l 10 --dataset PK_Tacro --latent-ode --noise-weight 0.01 --max-t 5. --seed 7 --experiment 34337
Experiment 34337
Epoch 1000 [Test seq (cond on sampled tp)] | Loss 187.846771 | Likelihood -185.059647 | KL fp 5.5777 | FP STD 0.0692|
KL coef: 0.9999522643707747
Train loss (one batch): 175.75729370117188
Train CE loss (one batch): 0.0
Test MSE (raw): 0.0377
Test MSE (smoothed with alpha=0.01): 0.0377
New best smoothed test MSE: 0.0377. Saving best model to experiments/experiment_34337_best.ckpt
Test MSE group_0: 0.0341
Test MSE group_1: 0.0411
Test MSE group_2: nan
Test MSE group_3: nan
Poisson likelihood: 0.0
CE loss: 0.0
train MSE group_0: 0.0348
train MSE group_1: 0.0353
train MSE group_2: nan
train MSE group_3: nan
CE loss (TEST): 0.0
Experiment 34337
Epoch 2000 [Test seq (cond on sampled tp)] | Loss 177.681549 | Likelihood -175.119553 | KL fp 5.6178 | FP STD 0.0715|
KL coef: 0.9999999979391934
Train loss (one batch): 160.2600860595703
Train CE loss (one batch): 0.0
Test MSE (raw): 0.0358
Test MSE (smoothed with alpha=0.01): 0.0377
New best smoothed test MSE: 0.0377. Saving best model to experiments/experiment_34337_best.ckpt
Test MSE group_0: 0.0335
Test MSE group_1: 0.0378
Test MSE group_2: nan
Test MSE group_3: nan
Poisson likelihood: 0.0
CE loss: 0.0
train MSE group_0: 0.0330
train MSE group_1: 0.0308
train MSE group_2: nan
train MSE group_3: nan
CE loss (TEST): 0.0
Experiment 34337
Epoch 3000 [Test seq (cond on sampled tp)] | Loss 173.857697 | Likelihood -171.751251 | KL fp 5.2602 | FP STD 0.0835|
KL coef: 0.9999999999999111
Train loss (one batch): 154.4683074951172
Train CE loss (one batch): 0.0
Test MSE (raw): 0.0351
Test MSE (smoothed with alpha=0.01): 0.0377
New best smoothed test MSE: 0.0377. Saving best model to experiments/experiment_34337_best.ckpt
Test MSE group_0: 0.0338
Test MSE group_1: 0.0362
Test MSE group_2: nan
Test MSE group_3: nan
Poisson likelihood: 0.0
CE loss: 0.0
train MSE group_0: 0.0328
train MSE group_1: 0.0287
train MSE group_2: nan
train MSE group_3: nan
CE loss (TEST): 0.0
