/Users/benjaminmaurel/Documents/Training_Sanofi/notebooks_hands_on/latent_ode/run_models.py
run_models.py --niters 3000 -n 200 -s 40 -l 10 --dataset PK_Tacro --latent-ode --noise-weight 0.01 --max-t 5. --seed 7 --experiment 11015
Experiment 11015
Epoch 1000 [Test seq (cond on sampled tp)] | Loss 240.781311 | Likelihood -238.505615 | KL fp 5.4229 | FP STD 0.1468|
KL coef: 0.9999522643707747
Train loss (one batch): 221.89825439453125
Train CE loss (one batch): 0.0
Test MSE (raw): 0.0484
Test MSE (smoothed with alpha=0.01): 0.0484
New best smoothed test MSE: 0.0484. Saving best model to experiments/experiment_11015_best.ckpt
Test MSE group_0: 0.0376
Test MSE group_1: 0.0603
Test MSE group_2: nan
Test MSE group_3: nan
Poisson likelihood: 0.0
CE loss: 0.0
train MSE group_0: 0.0373
train MSE group_1: 0.0539
train MSE group_2: nan
train MSE group_3: nan
CE loss (TEST): 0.0
Experiment 11015
Epoch 2000 [Test seq (cond on sampled tp)] | Loss 172.637634 | Likelihood -170.238815 | KL fp 5.3503 | FP STD 0.1010|
KL coef: 0.9999999979391934
Train loss (one batch): 157.20675659179688
Train CE loss (one batch): 0.0
Test MSE (raw): 0.0348
Test MSE (smoothed with alpha=0.01): 0.0483
New best smoothed test MSE: 0.0483. Saving best model to experiments/experiment_11015_best.ckpt
Test MSE group_0: 0.0308
Test MSE group_1: 0.0392
Test MSE group_2: nan
Test MSE group_3: nan
Poisson likelihood: 0.0
CE loss: 0.0
train MSE group_0: 0.0287
train MSE group_1: 0.0351
train MSE group_2: nan
train MSE group_3: nan
CE loss (TEST): 0.0
