/Users/benjaminmaurel/Documents/Training_Sanofi/notebooks_hands_on/latent_ode/run_models.py
run_models.py --niters 3000 -n 200 -s 40 -l 10 --dataset PK_Tacro --latent-ode --noise-weight 0.01 --max-t 5. --seed 45 --experiment 42168
Experiment 42168
Epoch 1000 [Test seq (cond on sampled tp)] | Loss 198.717194 | Likelihood -197.181519 | KL fp 4.6202 | FP STD 0.0898|
KL coef: 0.9999522643707747
Train loss (one batch): 201.69375610351562
Train CE loss (one batch): 0.0
Test MSE (raw): 0.0402
Test MSE (smoothed with alpha=0.01): 0.0402
New best smoothed test MSE: 0.0402. Saving best model to experiments/experiment_42168_best.ckpt
Test MSE group_0: 0.0377
Test MSE group_1: 0.0430
Test MSE group_2: nan
Test MSE group_3: nan
Poisson likelihood: 0.0
CE loss: 0.0
train MSE group_0: 0.0366
train MSE group_1: 0.0439
train MSE group_2: nan
train MSE group_3: nan
CE loss (TEST): 0.0
Experiment 42168
Epoch 2000 [Test seq (cond on sampled tp)] | Loss 175.513062 | Likelihood -173.658508 | KL fp 4.8060 | FP STD 0.0717|
KL coef: 0.9999999979391934
Train loss (one batch): 171.12184143066406
Train CE loss (one batch): 0.0
Test MSE (raw): 0.0355
Test MSE (smoothed with alpha=0.01): 0.0401
New best smoothed test MSE: 0.0401. Saving best model to experiments/experiment_42168_best.ckpt
Test MSE group_0: 0.0344
Test MSE group_1: 0.0367
Test MSE group_2: nan
Test MSE group_3: nan
Poisson likelihood: 0.0
CE loss: 0.0
train MSE group_0: 0.0322
train MSE group_1: 0.0360
train MSE group_2: nan
train MSE group_3: nan
CE loss (TEST): 0.0
Experiment 42168
Epoch 3000 [Test seq (cond on sampled tp)] | Loss 167.825089 | Likelihood -166.169464 | KL fp 4.7247 | FP STD 0.1023|
KL coef: 0.9999999999999111
Train loss (one batch): 158.36903381347656
Train CE loss (one batch): 0.0
Test MSE (raw): 0.0340
Test MSE (smoothed with alpha=0.01): 0.0401
New best smoothed test MSE: 0.0401. Saving best model to experiments/experiment_42168_best.ckpt
Test MSE group_0: 0.0332
Test MSE group_1: 0.0349
Test MSE group_2: nan
Test MSE group_3: nan
Poisson likelihood: 0.0
CE loss: 0.0
train MSE group_0: 0.0303
train MSE group_1: 0.0330
train MSE group_2: nan
train MSE group_3: nan
CE loss (TEST): 0.0
