/Users/benjaminmaurel/Documents/Training_Sanofi/notebooks_hands_on/latent_ode/run_models.py
run_models.py --niters 3000 -n 200 -s 40 -l 10 --dataset PK_Tacro --latent-ode --noise-weight 0.01 --max-t 5. --seed 59 --experiment 17902
Experiment 17902
Epoch 1000 [Test seq (cond on sampled tp)] | Loss 258.724060 | Likelihood -255.060776 | KL fp 8.2511 | FP STD 0.1430|
KL coef: 0.9999522643707747
Train loss (one batch): 278.1600036621094
Train CE loss (one batch): 0.0
Test MSE (raw): 0.0517
Test MSE (smoothed with alpha=0.01): 0.0517
New best smoothed test MSE: 0.0517. Saving best model to experiments/experiment_17902_best.ckpt
Test MSE group_0: 0.0458
Test MSE group_1: 0.0575
Test MSE group_2: nan
Test MSE group_3: nan
Poisson likelihood: 0.0
CE loss: 0.0
train MSE group_0: 0.0504
train MSE group_1: 0.0668
train MSE group_2: nan
train MSE group_3: nan
CE loss (TEST): 0.0
Experiment 17902
Epoch 2000 [Test seq (cond on sampled tp)] | Loss 231.578094 | Likelihood -228.067688 | KL fp 8.1912 | FP STD 0.1049|
KL coef: 0.9999999979391934
Train loss (one batch): 250.8519744873047
Train CE loss (one batch): 0.0
Test MSE (raw): 0.0464
Test MSE (smoothed with alpha=0.01): 0.0517
New best smoothed test MSE: 0.0517. Saving best model to experiments/experiment_17902_best.ckpt
Test MSE group_0: 0.0427
Test MSE group_1: 0.0498
Test MSE group_2: nan
Test MSE group_3: nan
Poisson likelihood: 0.0
CE loss: 0.0
train MSE group_0: 0.0478
train MSE group_1: 0.0515
train MSE group_2: nan
train MSE group_3: nan
CE loss (TEST): 0.0
Experiment 17902
Epoch 3000 [Test seq (cond on sampled tp)] | Loss 209.148224 | Likelihood -208.947723 | KL fp 7.9526 | FP STD 0.0990|
KL coef: 0.9999999999999111
Train loss (one batch): 230.0957489013672
Train CE loss (one batch): 0.0
Test MSE (raw): 0.0425
Test MSE (smoothed with alpha=0.01): 0.0516
New best smoothed test MSE: 0.0516. Saving best model to experiments/experiment_17902_best.ckpt
Test MSE group_0: 0.0384
Test MSE group_1: 0.0463
Test MSE group_2: nan
Test MSE group_3: nan
Poisson likelihood: 0.0
CE loss: 0.0
train MSE group_0: 0.0451
train MSE group_1: 0.0459
train MSE group_2: nan
train MSE group_3: nan
CE loss (TEST): 0.0
