/Users/benjaminmaurel/Documents/Training_Sanofi/notebooks_hands_on/latent_ode/run_models.py
run_models.py --niters 3000 -n 200 -s 40 -l 10 --dataset PK_Tacro --latent-ode --noise-weight 0.01 --max-t 5. --seed 119 --experiment 31985
Experiment 31985
Epoch 1000 [Test seq (cond on sampled tp)] | Loss 215.531357 | Likelihood -212.001801 | KL fp 6.6293 | FP STD 0.1618|
KL coef: 0.9999522643707747
Train loss (one batch): 225.1660614013672
Train CE loss (one batch): 0.0
Test MSE (raw): 0.0431
Test MSE (smoothed with alpha=0.01): 0.0431
New best smoothed test MSE: 0.0431. Saving best model to experiments/experiment_31985_best.ckpt
Test MSE group_0: 0.0353
Test MSE group_1: 0.0509
Test MSE group_2: nan
Test MSE group_3: nan
Poisson likelihood: 0.0
CE loss: 0.0
train MSE group_0: 0.0325
train MSE group_1: 0.0579
train MSE group_2: nan
train MSE group_3: nan
CE loss (TEST): 0.0
Experiment 31985
Epoch 2000 [Test seq (cond on sampled tp)] | Loss 171.647934 | Likelihood -168.723419 | KL fp 6.2724 | FP STD 0.1901|
KL coef: 0.9999999979391934
Train loss (one batch): 182.77401733398438
Train CE loss (one batch): 0.0
Test MSE (raw): 0.0345
Test MSE (smoothed with alpha=0.01): 0.0431
New best smoothed test MSE: 0.0431. Saving best model to experiments/experiment_31985_best.ckpt
Test MSE group_0: 0.0305
Test MSE group_1: 0.0384
Test MSE group_2: nan
Test MSE group_3: nan
Poisson likelihood: 0.0
CE loss: 0.0
train MSE group_0: 0.0290
train MSE group_1: 0.0446
train MSE group_2: nan
train MSE group_3: nan
CE loss (TEST): 0.0
Experiment 31985
Epoch 3000 [Test seq (cond on sampled tp)] | Loss 163.231949 | Likelihood -160.140732 | KL fp 6.3642 | FP STD 0.1645|
KL coef: 0.9999999999999111
Train loss (one batch): 171.8212890625
Train CE loss (one batch): 0.0
Test MSE (raw): 0.0328
Test MSE (smoothed with alpha=0.01): 0.0429
New best smoothed test MSE: 0.0429. Saving best model to experiments/experiment_31985_best.ckpt
Test MSE group_0: 0.0302
Test MSE group_1: 0.0353
Test MSE group_2: nan
Test MSE group_3: nan
Poisson likelihood: 0.0
CE loss: 0.0
train MSE group_0: 0.0279
train MSE group_1: 0.0408
train MSE group_2: nan
train MSE group_3: nan
CE loss (TEST): 0.0
