/Users/benjaminmaurel/Documents/Training_Sanofi/notebooks_hands_on/latent_ode/run_models.py
run_models.py --niters 3000 -n 200 -s 40 -l 10 --dataset PK_Tacro --latent-ode --noise-weight 0.01 --max-t 5. --seed 182 --experiment 12874
Experiment 12874
Epoch 1000 [Test seq (cond on sampled tp)] | Loss 243.037415 | Likelihood -247.839798 | KL fp 5.2935 | FP STD 0.3042|
KL coef: 0.9999522643707747
Train loss (one batch): 230.66676330566406
Train CE loss (one batch): 0.0
Test MSE (raw): 0.0503
Test MSE (smoothed with alpha=0.01): 0.0503
New best smoothed test MSE: 0.0503. Saving best model to experiments/experiment_12874_best.ckpt
Test MSE group_0: 0.0456
Test MSE group_1: 0.0549
Test MSE group_2: nan
Test MSE group_3: nan
Poisson likelihood: 0.0
CE loss: 0.0
train MSE group_0: 0.0446
train MSE group_1: 0.0508
train MSE group_2: nan
train MSE group_3: nan
CE loss (TEST): 0.0
Experiment 12874
Epoch 2000 [Test seq (cond on sampled tp)] | Loss 207.980057 | Likelihood -206.402466 | KL fp 4.9377 | FP STD 0.2958|
KL coef: 0.9999999979391934
Train loss (one batch): 202.2753448486328
Train CE loss (one batch): 0.0
Test MSE (raw): 0.0420
Test MSE (smoothed with alpha=0.01): 0.0502
New best smoothed test MSE: 0.0502. Saving best model to experiments/experiment_12874_best.ckpt
Test MSE group_0: 0.0392
Test MSE group_1: 0.0448
Test MSE group_2: nan
Test MSE group_3: nan
Poisson likelihood: 0.0
CE loss: 0.0
train MSE group_0: 0.0392
train MSE group_1: 0.0417
train MSE group_2: nan
train MSE group_3: nan
CE loss (TEST): 0.0
Experiment 12874
Epoch 3000 [Test seq (cond on sampled tp)] | Loss 173.675919 | Likelihood -175.198502 | KL fp 4.6130 | FP STD 0.2931|
KL coef: 0.9999999999999111
Train loss (one batch): 179.40345764160156
Train CE loss (one batch): 0.0
Test MSE (raw): 0.0358
Test MSE (smoothed with alpha=0.01): 0.0501
New best smoothed test MSE: 0.0501. Saving best model to experiments/experiment_12874_best.ckpt
Test MSE group_0: 0.0324
Test MSE group_1: 0.0391
Test MSE group_2: nan
Test MSE group_3: nan
Poisson likelihood: 0.0
CE loss: 0.0
train MSE group_0: 0.0341
train MSE group_1: 0.0377
train MSE group_2: nan
train MSE group_3: nan
CE loss (TEST): 0.0
