/Users/benjaminmaurel/Documents/Training_Sanofi/notebooks_hands_on/latent_ode/run_models.py
run_models.py --niters 3000 -n 200 -s 40 -l 10 --dataset PK_Tacro --latent-ode --noise-weight 0.01 --max-t 5. --seed 6 --experiment 32824
Experiment 32824
Epoch 1000 [Test seq (cond on sampled tp)] | Loss 239.105591 | Likelihood -235.548889 | KL fp 7.1886 | FP STD 0.1731|
KL coef: 0.9999522643707747
Train loss (one batch): 225.09683227539062
Train CE loss (one batch): 0.0
Test MSE (raw): 0.0478
Test MSE (smoothed with alpha=0.01): 0.0478
New best smoothed test MSE: 0.0478. Saving best model to experiments/experiment_32824_best.ckpt
Test MSE group_0: 0.0422
Test MSE group_1: 0.0533
Test MSE group_2: nan
Test MSE group_3: nan
Poisson likelihood: 0.0
CE loss: 0.0
train MSE group_0: 0.0398
train MSE group_1: 0.0493
train MSE group_2: nan
train MSE group_3: nan
CE loss (TEST): 0.0
Experiment 32824
Epoch 2000 [Test seq (cond on sampled tp)] | Loss 223.576080 | Likelihood -219.866867 | KL fp 7.0386 | FP STD 0.1894|
KL coef: 0.9999999979391934
Train loss (one batch): 205.4730987548828
Train CE loss (one batch): 0.0
Test MSE (raw): 0.0447
Test MSE (smoothed with alpha=0.01): 0.0478
New best smoothed test MSE: 0.0478. Saving best model to experiments/experiment_32824_best.ckpt
Test MSE group_0: 0.0404
Test MSE group_1: 0.0488
Test MSE group_2: nan
Test MSE group_3: nan
Poisson likelihood: 0.0
CE loss: 0.0
train MSE group_0: 0.0385
train MSE group_1: 0.0429
train MSE group_2: nan
train MSE group_3: nan
CE loss (TEST): 0.0
Experiment 32824
Epoch 3000 [Test seq (cond on sampled tp)] | Loss 215.758698 | Likelihood -212.408112 | KL fp 7.0154 | FP STD 0.1964|
KL coef: 0.9999999999999111
Train loss (one batch): 196.18519592285156
Train CE loss (one batch): 0.0
Test MSE (raw): 0.0432
Test MSE (smoothed with alpha=0.01): 0.0478
New best smoothed test MSE: 0.0478. Saving best model to experiments/experiment_32824_best.ckpt
Test MSE group_0: 0.0395
Test MSE group_1: 0.0468
Test MSE group_2: nan
Test MSE group_3: nan
Poisson likelihood: 0.0
CE loss: 0.0
train MSE group_0: 0.0371
train MSE group_1: 0.0410
train MSE group_2: nan
train MSE group_3: nan
CE loss (TEST): 0.0
