/Users/benjaminmaurel/Documents/Training_Sanofi/notebooks_hands_on/latent_ode/run_models.py
run_models.py --niters 3000 -n 200 -s 40 -l 10 --dataset PK_Tacro --latent-ode --noise-weight 0.01 --max-t 5. --seed 27 --experiment 24251
Experiment 24251
Epoch 1000 [Test seq (cond on sampled tp)] | Loss 243.591248 | Likelihood -243.425583 | KL fp 4.9691 | FP STD 0.1866|
KL coef: 0.9999522643707747
Train loss (one batch): 253.75181579589844
Train CE loss (one batch): 0.0
Test MSE (raw): 0.0494
Test MSE (smoothed with alpha=0.01): 0.0494
New best smoothed test MSE: 0.0494. Saving best model to experiments/experiment_24251_best.ckpt
Test MSE group_0: 0.0422
Test MSE group_1: 0.0563
Test MSE group_2: nan
Test MSE group_3: nan
Poisson likelihood: 0.0
CE loss: 0.0
train MSE group_0: 0.0396
train MSE group_1: 0.0636
train MSE group_2: nan
train MSE group_3: nan
CE loss (TEST): 0.0
Experiment 24251
Epoch 2000 [Test seq (cond on sampled tp)] | Loss 185.197052 | Likelihood -183.288788 | KL fp 5.2855 | FP STD 0.2135|
KL coef: 0.9999999979391934
Train loss (one batch): 174.0353546142578
Train CE loss (one batch): 0.0
Test MSE (raw): 0.0374
Test MSE (smoothed with alpha=0.01): 0.0493
New best smoothed test MSE: 0.0493. Saving best model to experiments/experiment_24251_best.ckpt
Test MSE group_0: 0.0331
Test MSE group_1: 0.0414
Test MSE group_2: nan
Test MSE group_3: nan
Poisson likelihood: 0.0
CE loss: 0.0
train MSE group_0: 0.0301
train MSE group_1: 0.0412
train MSE group_2: nan
train MSE group_3: nan
CE loss (TEST): 0.0
Experiment 24251
Epoch 3000 [Test seq (cond on sampled tp)] | Loss 178.883514 | Likelihood -177.108353 | KL fp 5.0361 | FP STD 0.1989|
KL coef: 0.9999999999999111
Train loss (one batch): 165.49249267578125
Train CE loss (one batch): 0.0
Test MSE (raw): 0.0362
Test MSE (smoothed with alpha=0.01): 0.0492
New best smoothed test MSE: 0.0492. Saving best model to experiments/experiment_24251_best.ckpt
Test MSE group_0: 0.0329
Test MSE group_1: 0.0391
Test MSE group_2: nan
Test MSE group_3: nan
Poisson likelihood: 0.0
CE loss: 0.0
train MSE group_0: 0.0289
train MSE group_1: 0.0377
train MSE group_2: nan
train MSE group_3: nan
CE loss (TEST): 0.0
