/Users/benjaminmaurel/Documents/Training_Sanofi/notebooks_hands_on/latent_ode/run_models.py
run_models.py --niters 3000 -n 200 -s 40 -l 10 --dataset PK_Tacro --latent-ode --noise-weight 0.01 --max-t 5. --seed 3 --experiment 30788
Experiment 30788
Epoch 1000 [Test seq (cond on sampled tp)] | Loss 7526.770996 | Likelihood -7538.659668 | KL fp 12.8199 | FP STD 0.1384|
KL coef: 0.9999522643707747
Train loss (one batch): 6726.54541015625
Train CE loss (one batch): 0.0
Test MSE (raw): 1.5085
Test MSE (smoothed with alpha=0.01): 1.5085
New best smoothed test MSE: 1.5085. Saving best model to experiments/experiment_30788_best.ckpt
Test MSE group_0: 1.4560
Test MSE group_1: 1.5615
Test MSE group_2: nan
Test MSE group_3: nan
Poisson likelihood: 0.0
CE loss: 0.0
train MSE group_0: 1.3808
train MSE group_1: 1.3195
train MSE group_2: nan
train MSE group_3: nan
CE loss (TEST): 0.0
Experiment 30788
Epoch 2000 [Test seq (cond on sampled tp)] | Loss 8041.925781 | Likelihood -8068.589844 | KL fp 12.5394 | FP STD 0.0940|
KL coef: 0.9999999979391934
Train loss (one batch): 6078.662109375
Train CE loss (one batch): 0.0
Test MSE (raw): 1.6145
Test MSE (smoothed with alpha=0.01): 1.5095
Smoothed Test MSE did not improve. Early stopping counter: 1/10000
Test MSE group_0: 1.5314
Test MSE group_1: 1.6978
Test MSE group_2: nan
Test MSE group_3: nan
Poisson likelihood: 0.0
CE loss: 0.0
train MSE group_0: 1.2671
train MSE group_1: 1.1783
train MSE group_2: nan
train MSE group_3: nan
CE loss (TEST): 0.0
Experiment 30788
Epoch 3000 [Test seq (cond on sampled tp)] | Loss 8246.743164 | Likelihood -8283.943359 | KL fp 12.0729 | FP STD 0.0866|
KL coef: 0.9999999999999111
Train loss (one batch): 5797.650390625
Train CE loss (one batch): 0.0
Test MSE (raw): 1.6575
Test MSE (smoothed with alpha=0.01): 1.5110
Smoothed Test MSE did not improve. Early stopping counter: 2/10000
Test MSE group_0: 1.5628
Test MSE group_1: 1.7530
Test MSE group_2: nan
Test MSE group_3: nan
Poisson likelihood: 0.0
CE loss: 0.0
train MSE group_0: 1.1995
train MSE group_1: 1.1295
train MSE group_2: nan
train MSE group_3: nan
CE loss (TEST): 0.0
