/Users/benjaminmaurel/Documents/Training_Sanofi/notebooks_hands_on/latent_ode/run_models.py
run_models.py --niters 3000 -n 200 -s 40 -l 10 --dataset PK_Tacro --latent-ode --noise-weight 0.01 --max-t 5. --seed 119 --experiment 30159
Experiment 30159
Epoch 1000 [Test seq (cond on sampled tp)] | Loss 187.056854 | Likelihood -184.269363 | KL fp 5.8535 | FP STD 0.1064|
KL coef: 0.9999522643707747
Train loss (one batch): 178.36126708984375
Train CE loss (one batch): 0.0
Test MSE (raw): 0.0376
Test MSE (smoothed with alpha=0.01): 0.0376
New best smoothed test MSE: 0.0376. Saving best model to experiments/experiment_30159_best.ckpt
Test MSE group_0: 0.0337
Test MSE group_1: 0.0414
Test MSE group_2: nan
Test MSE group_3: nan
Poisson likelihood: 0.0
CE loss: 0.0
train MSE group_0: 0.0335
train MSE group_1: 0.0373
train MSE group_2: nan
train MSE group_3: nan
CE loss (TEST): 0.0
Experiment 30159
Epoch 2000 [Test seq (cond on sampled tp)] | Loss 159.857437 | Likelihood -157.683350 | KL fp 5.4344 | FP STD 0.1474|
KL coef: 0.9999999979391934
Train loss (one batch): 152.47079467773438
Train CE loss (one batch): 0.0
Test MSE (raw): 0.0323
Test MSE (smoothed with alpha=0.01): 0.0375
New best smoothed test MSE: 0.0375. Saving best model to experiments/experiment_30159_best.ckpt
Test MSE group_0: 0.0282
Test MSE group_1: 0.0363
Test MSE group_2: nan
Test MSE group_3: nan
Poisson likelihood: 0.0
CE loss: 0.0
train MSE group_0: 0.0286
train MSE group_1: 0.0321
train MSE group_2: nan
train MSE group_3: nan
CE loss (TEST): 0.0
Experiment 30159
Epoch 3000 [Test seq (cond on sampled tp)] | Loss 153.847305 | Likelihood -151.581787 | KL fp 5.2396 | FP STD 0.1267|
KL coef: 0.9999999999999111
Train loss (one batch): 145.59910583496094
Train CE loss (one batch): 0.0
Test MSE (raw): 0.0311
Test MSE (smoothed with alpha=0.01): 0.0375
New best smoothed test MSE: 0.0375. Saving best model to experiments/experiment_30159_best.ckpt
Test MSE group_0: 0.0276
Test MSE group_1: 0.0345
Test MSE group_2: nan
Test MSE group_3: nan
Poisson likelihood: 0.0
CE loss: 0.0
train MSE group_0: 0.0275
train MSE group_1: 0.0305
train MSE group_2: nan
train MSE group_3: nan
CE loss (TEST): 0.0
