/Users/benjaminmaurel/Documents/Training_Sanofi/notebooks_hands_on/latent_ode/run_models.py
run_models.py --niters 3000 -n 200 -s 40 -l 10 --dataset PK_Tacro --latent-ode --noise-weight 0.01 --max-t 5. --seed 1 --experiment 38384
Experiment 38384
Epoch 0010 [Test seq (cond on sampled tp)] | Loss 7029.049316 | Likelihood -7125.733398 | KL fp 0.9704 | FP STD 0.4118|
KL coef: 0.0
Train loss (one batch): 7635.63525390625
Train CE loss (one batch): 0.0
Test MSE (raw): 1.4259
Test MSE (smoothed with alpha=0.01): 1.4259
New best smoothed test MSE: 1.4259. Saving best model to experiments/experiment_38384_best.ckpt
Test MSE group_0: 1.6883
Test MSE group_1: 1.0910
Test MSE group_2: nan
Test MSE group_3: nan
Poisson likelihood: 0.0
CE loss: 0.0
train MSE group_0: 1.7746
train MSE group_1: 1.2502
train MSE group_2: nan
train MSE group_3: nan
CE loss (TEST): 0.0
Experiment 38384
Epoch 0020 [Test seq (cond on sampled tp)] | Loss 1127.640381 | Likelihood -1186.022705 | KL fp 4.5019 | FP STD 0.4981|
KL coef: 0.09561792499119559
Train loss (one batch): 1143.6978759765625
Train CE loss (one batch): 0.0
Test MSE (raw): 0.2379
Test MSE (smoothed with alpha=0.01): 1.4140
New best smoothed test MSE: 1.4140. Saving best model to experiments/experiment_38384_best.ckpt
Test MSE group_0: 0.2470
Test MSE group_1: 0.2258
Test MSE group_2: nan
Test MSE group_3: nan
Poisson likelihood: 0.0
CE loss: 0.0
train MSE group_0: 0.2789
train MSE group_1: 0.1773
train MSE group_2: nan
train MSE group_3: nan
CE loss (TEST): 0.0
Experiment 38384
Epoch 0030 [Test seq (cond on sampled tp)] | Loss 945.492798 | Likelihood -960.274231 | KL fp 5.7603 | FP STD 0.2416|
KL coef: 0.18209306240276923
Train loss (one batch): 905.5242309570312
Train CE loss (one batch): 0.0
Test MSE (raw): 0.1928
Test MSE (smoothed with alpha=0.01): 1.4018
New best smoothed test MSE: 1.4018. Saving best model to experiments/experiment_38384_best.ckpt
Test MSE group_0: 0.1334
Test MSE group_1: 0.2682
Test MSE group_2: nan
Test MSE group_3: nan
Poisson likelihood: 0.0
CE loss: 0.0
train MSE group_0: 0.1445
train MSE group_1: 0.2298
train MSE group_2: nan
train MSE group_3: nan
CE loss (TEST): 0.0
Experiment 38384
Epoch 0040 [Test seq (cond on sampled tp)] | Loss 750.690796 | Likelihood -775.106995 | KL fp 5.0136 | FP STD 0.3670|
KL coef: 0.2602996266117198
Train loss (one batch): 704.4871826171875
Train CE loss (one batch): 0.0
Test MSE (raw): 0.1558
Test MSE (smoothed with alpha=0.01): 1.3893
New best smoothed test MSE: 1.3893. Saving best model to experiments/experiment_38384_best.ckpt
Test MSE group_0: 0.1358
Test MSE group_1: 0.1808
Test MSE group_2: nan
Test MSE group_3: nan
Poisson likelihood: 0.0
CE loss: 0.0
train MSE group_0: 0.1374
train MSE group_1: 0.1516
train MSE group_2: nan
train MSE group_3: nan
CE loss (TEST): 0.0
Experiment 38384
Epoch 0050 [Test seq (cond on sampled tp)] | Loss 749.323608 | Likelihood -762.833252 | KL fp 5.1857 | FP STD 0.2656|
KL coef: 0.3310282414303197
Train loss (one batch): 705.6515502929688
Train CE loss (one batch): 0.0
Test MSE (raw): 0.1533
Test MSE (smoothed with alpha=0.01): 1.3770
New best smoothed test MSE: 1.3770. Saving best model to experiments/experiment_38384_best.ckpt
Test MSE group_0: 0.1367
Test MSE group_1: 0.1741
Test MSE group_2: nan
Test MSE group_3: nan
Poisson likelihood: 0.0
CE loss: 0.0
train MSE group_0: 0.1390
train MSE group_1: 0.1450
train MSE group_2: nan
train MSE group_3: nan
CE loss (TEST): 0.0
Experiment 38384
Epoch 0060 [Test seq (cond on sampled tp)] | Loss 722.053955 | Likelihood -732.401306 | KL fp 6.0413 | FP STD 0.2063|
KL coef: 0.39499393286246365
Train loss (one batch): 670.03955078125
Train CE loss (one batch): 0.0
Test MSE (raw): 0.1472
Test MSE (smoothed with alpha=0.01): 1.3647
New best smoothed test MSE: 1.3647. Saving best model to experiments/experiment_38384_best.ckpt
Test MSE group_0: 0.1243
Test MSE group_1: 0.1761
Test MSE group_2: nan
Test MSE group_3: nan
Poisson likelihood: 0.0
CE loss: 0.0
train MSE group_0: 0.1266
train MSE group_1: 0.1476
train MSE group_2: nan
train MSE group_3: nan
CE loss (TEST): 0.0
Experiment 38384
Epoch 0070 [Test seq (cond on sampled tp)] | Loss 712.318604 | Likelihood -726.327332 | KL fp 5.2632 | FP STD 0.2606|
KL coef: 0.4528433576092388
Train loss (one batch): 670.6461181640625
Train CE loss (one batch): 0.0
Test MSE (raw): 0.1460
Test MSE (smoothed with alpha=0.01): 1.3525
New best smoothed test MSE: 1.3525. Saving best model to experiments/experiment_38384_best.ckpt
Test MSE group_0: 0.1162
Test MSE group_1: 0.1836
Test MSE group_2: nan
Test MSE group_3: nan
Poisson likelihood: 0.0
CE loss: 0.0
train MSE group_0: 0.1189
train MSE group_1: 0.1541
train MSE group_2: nan
train MSE group_3: nan
CE loss (TEST): 0.0
Experiment 38384
Epoch 0080 [Test seq (cond on sampled tp)] | Loss 699.262024 | Likelihood -708.654907 | KL fp 5.2282 | FP STD 0.2585|
KL coef: 0.505161340399793
Train loss (one batch): 652.0359497070312
Train CE loss (one batch): 0.0
Test MSE (raw): 0.1425
Test MSE (smoothed with alpha=0.01): 1.3404
New best smoothed test MSE: 1.3404. Saving best model to experiments/experiment_38384_best.ckpt
Test MSE group_0: 0.1164
Test MSE group_1: 0.1754
Test MSE group_2: nan
Test MSE group_3: nan
Poisson likelihood: 0.0
CE loss: 0.0
train MSE group_0: 0.1195
train MSE group_1: 0.1469
train MSE group_2: nan
train MSE group_3: nan
CE loss (TEST): 0.0
Experiment 38384
Epoch 0090 [Test seq (cond on sampled tp)] | Loss 688.608459 | Likelihood -699.810669 | KL fp 5.5156 | FP STD 0.2334|
KL coef: 0.5524767862361895
Train loss (one batch): 647.8844604492188
Train CE loss (one batch): 0.0
Test MSE (raw): 0.1407
Test MSE (smoothed with alpha=0.01): 1.3284
New best smoothed test MSE: 1.3284. Saving best model to experiments/experiment_38384_best.ckpt
Test MSE group_0: 0.1140
Test MSE group_1: 0.1744
Test MSE group_2: nan
Test MSE group_3: nan
Poisson likelihood: 0.0
CE loss: 0.0
train MSE group_0: 0.1181
train MSE group_1: 0.1447
train MSE group_2: nan
train MSE group_3: nan
CE loss (TEST): 0.0
Experiment 38384
Epoch 0100 [Test seq (cond on sampled tp)] | Loss 679.996155 | Likelihood -693.818604 | KL fp 5.2966 | FP STD 0.2779|
KL coef: 0.5952680273216762
Train loss (one batch): 650.0753784179688
Train CE loss (one batch): 0.0
Test MSE (raw): 0.1395
Test MSE (smoothed with alpha=0.01): 1.3165
New best smoothed test MSE: 1.3165. Saving best model to experiments/experiment_38384_best.ckpt
Test MSE group_0: 0.1128
Test MSE group_1: 0.1732
Test MSE group_2: nan
Test MSE group_3: nan
Poisson likelihood: 0.0
CE loss: 0.0
train MSE group_0: 0.1180
train MSE group_1: 0.1468
train MSE group_2: nan
train MSE group_3: nan
CE loss (TEST): 0.0
Experiment 38384
Epoch 0110 [Test seq (cond on sampled tp)] | Loss 659.137268 | Likelihood -675.348877 | KL fp 5.1397 | FP STD 0.2554|
KL coef: 0.6339676587267709
Train loss (one batch): 620.189453125
Train CE loss (one batch): 0.0
Test MSE (raw): 0.1358
Test MSE (smoothed with alpha=0.01): 1.3047
New best smoothed test MSE: 1.3047. Saving best model to experiments/experiment_38384_best.ckpt
Test MSE group_0: 0.1111
Test MSE group_1: 0.1670
Test MSE group_2: nan
Test MSE group_3: nan
Poisson likelihood: 0.0
CE loss: 0.0
train MSE group_0: 0.1138
train MSE group_1: 0.1380
train MSE group_2: nan
train MSE group_3: nan
CE loss (TEST): 0.0
Experiment 38384
Epoch 0120 [Test seq (cond on sampled tp)] | Loss 640.932800 | Likelihood -648.852051 | KL fp 5.5447 | FP STD 0.1854|
KL coef: 0.6689669116789861
Train loss (one batch): 609.8858642578125
Train CE loss (one batch): 0.0
Test MSE (raw): 0.1305
Test MSE (smoothed with alpha=0.01): 1.2930
New best smoothed test MSE: 1.2930. Saving best model to experiments/experiment_38384_best.ckpt
Test MSE group_0: 0.1047
Test MSE group_1: 0.1631
Test MSE group_2: nan
Test MSE group_3: nan
Poisson likelihood: 0.0
CE loss: 0.0
train MSE group_0: 0.1080
train MSE group_1: 0.1390
train MSE group_2: nan
train MSE group_3: nan
CE loss (TEST): 0.0
Experiment 38384
Epoch 0130 [Test seq (cond on sampled tp)] | Loss 589.250671 | Likelihood -600.507935 | KL fp 5.6762 | FP STD 0.1740|
KL coef: 0.7006196086876687
Train loss (one batch): 562.4256591796875
Train CE loss (one batch): 0.0
Test MSE (raw): 0.1208
Test MSE (smoothed with alpha=0.01): 1.2812
New best smoothed test MSE: 1.2812. Saving best model to experiments/experiment_38384_best.ckpt
Test MSE group_0: 0.0972
Test MSE group_1: 0.1507
Test MSE group_2: nan
Test MSE group_3: nan
Poisson likelihood: 0.0
CE loss: 0.0
train MSE group_0: 0.1010
train MSE group_1: 0.1286
train MSE group_2: nan
train MSE group_3: nan
CE loss (TEST): 0.0
Experiment 38384
Epoch 0140 [Test seq (cond on sampled tp)] | Loss 506.021301 | Likelihood -517.570801 | KL fp 5.4886 | FP STD 0.1947|
KL coef: 0.729245740488006
Train loss (one batch): 486.6711120605469
Train CE loss (one batch): 0.0
Test MSE (raw): 0.1043
Test MSE (smoothed with alpha=0.01): 1.2695
New best smoothed test MSE: 1.2695. Saving best model to experiments/experiment_38384_best.ckpt
Test MSE group_0: 0.0803
Test MSE group_1: 0.1347
Test MSE group_2: nan
Test MSE group_3: nan
Poisson likelihood: 0.0
CE loss: 0.0
train MSE group_0: 0.0855
train MSE group_1: 0.1124
train MSE group_2: nan
train MSE group_3: nan
CE loss (TEST): 0.0
Experiment 38384
Epoch 0150 [Test seq (cond on sampled tp)] | Loss 400.294861 | Likelihood -411.718384 | KL fp 5.2922 | FP STD 0.2254|
KL coef: 0.7551347009650705
Train loss (one batch): 366.9424743652344
Train CE loss (one batch): 0.0
Test MSE (raw): 0.0831
Test MSE (smoothed with alpha=0.01): 1.2576
New best smoothed test MSE: 1.2576. Saving best model to experiments/experiment_38384_best.ckpt
Test MSE group_0: 0.0601
Test MSE group_1: 0.1124
Test MSE group_2: nan
Test MSE group_3: nan
Poisson likelihood: 0.0
CE loss: 0.0
train MSE group_0: 0.0645
train MSE group_1: 0.0926
train MSE group_2: nan
train MSE group_3: nan
CE loss (TEST): 0.0
Experiment 38384
Epoch 0160 [Test seq (cond on sampled tp)] | Loss 321.873352 | Likelihood -331.151306 | KL fp 5.1772 | FP STD 0.2708|
KL coef: 0.7785482127611391
Train loss (one batch): 297.2490234375
Train CE loss (one batch): 0.0
Test MSE (raw): 0.0670
Test MSE (smoothed with alpha=0.01): 1.2457
New best smoothed test MSE: 1.2457. Saving best model to experiments/experiment_38384_best.ckpt
Test MSE group_0: 0.0478
Test MSE group_1: 0.0914
Test MSE group_2: nan
Test MSE group_3: nan
Poisson likelihood: 0.0
CE loss: 0.0
train MSE group_0: 0.0490
train MSE group_1: 0.0723
train MSE group_2: nan
train MSE group_3: nan
CE loss (TEST): 0.0
Experiment 38384
Epoch 0170 [Test seq (cond on sampled tp)] | Loss 294.598083 | Likelihood -302.163086 | KL fp 5.1658 | FP STD 0.2635|
KL coef: 0.7997229731425107
Train loss (one batch): 252.02720642089844
Train CE loss (one batch): 0.0
Test MSE (raw): 0.0612
Test MSE (smoothed with alpha=0.01): 1.2338
New best smoothed test MSE: 1.2338. Saving best model to experiments/experiment_38384_best.ckpt
Test MSE group_0: 0.0445
Test MSE group_1: 0.0825
Test MSE group_2: nan
Test MSE group_3: nan
Poisson likelihood: 0.0
CE loss: 0.0
train MSE group_0: 0.0410
train MSE group_1: 0.0649
train MSE group_2: nan
train MSE group_3: nan
CE loss (TEST): 0.0
Experiment 38384
Epoch 0180 [Test seq (cond on sampled tp)] | Loss 292.665741 | Likelihood -295.683472 | KL fp 5.0479 | FP STD 0.2213|
KL coef: 0.8188730468740297
Train loss (one batch): 258.684814453125
Train CE loss (one batch): 0.0
Test MSE (raw): 0.0599
Test MSE (smoothed with alpha=0.01): 1.2221
New best smoothed test MSE: 1.2221. Saving best model to experiments/experiment_38384_best.ckpt
Test MSE group_0: 0.0440
Test MSE group_1: 0.0802
Test MSE group_2: nan
Test MSE group_3: nan
Poisson likelihood: 0.0
CE loss: 0.0
train MSE group_0: 0.0416
train MSE group_1: 0.0652
train MSE group_2: nan
train MSE group_3: nan
CE loss (TEST): 0.0
Experiment 38384
Epoch 0190 [Test seq (cond on sampled tp)] | Loss 248.802734 | Likelihood -254.143600 | KL fp 5.2814 | FP STD 0.1990|
KL coef: 0.8361920302919126
Train loss (one batch): 223.412841796875
Train CE loss (one batch): 0.0
Test MSE (raw): 0.0516
Test MSE (smoothed with alpha=0.01): 1.2104
New best smoothed test MSE: 1.2104. Saving best model to experiments/experiment_38384_best.ckpt
Test MSE group_0: 0.0359
Test MSE group_1: 0.0716
Test MSE group_2: nan
Test MSE group_3: nan
Poisson likelihood: 0.0
CE loss: 0.0
train MSE group_0: 0.0341
train MSE group_1: 0.0578
train MSE group_2: nan
train MSE group_3: nan
CE loss (TEST): 0.0
Experiment 38384
Epoch 0200 [Test seq (cond on sampled tp)] | Loss 237.621399 | Likelihood -239.108398 | KL fp 5.2951 | FP STD 0.1822|
KL coef: 0.8518550084524206
Train loss (one batch): 206.8866729736328
Train CE loss (one batch): 0.0
Test MSE (raw): 0.0486
Test MSE (smoothed with alpha=0.01): 1.1988
New best smoothed test MSE: 1.1988. Saving best model to experiments/experiment_38384_best.ckpt
Test MSE group_0: 0.0337
Test MSE group_1: 0.0676
Test MSE group_2: nan
Test MSE group_3: nan
Poisson likelihood: 0.0
CE loss: 0.0
train MSE group_0: 0.0315
train MSE group_1: 0.0533
train MSE group_2: nan
train MSE group_3: nan
CE loss (TEST): 0.0
Experiment 38384
Epoch 0210 [Test seq (cond on sampled tp)] | Loss 240.937988 | Likelihood -241.984634 | KL fp 5.6995 | FP STD 0.1648|
KL coef: 0.8660203251420383
Train loss (one batch): 202.9542694091797
Train CE loss (one batch): 0.0
Test MSE (raw): 0.0491
Test MSE (smoothed with alpha=0.01): 1.1873
New best smoothed test MSE: 1.1873. Saving best model to experiments/experiment_38384_best.ckpt
Test MSE group_0: 0.0344
Test MSE group_1: 0.0681
Test MSE group_2: nan
Test MSE group_3: nan
Poisson likelihood: 0.0
CE loss: 0.0
train MSE group_0: 0.0302
train MSE group_1: 0.0531
train MSE group_2: nan
train MSE group_3: nan
CE loss (TEST): 0.0
Experiment 38384
Epoch 0220 [Test seq (cond on sampled tp)] | Loss 221.935791 | Likelihood -221.832916 | KL fp 5.5468 | FP STD 0.1489|
KL coef: 0.8788311836429517
Train loss (one batch): 182.47720336914062
Train CE loss (one batch): 0.0
Test MSE (raw): 0.0451
Test MSE (smoothed with alpha=0.01): 1.1759
New best smoothed test MSE: 1.1759. Saving best model to experiments/experiment_38384_best.ckpt
Test MSE group_0: 0.0305
Test MSE group_1: 0.0638
Test MSE group_2: nan
Test MSE group_3: nan
Poisson likelihood: 0.0
CE loss: 0.0
train MSE group_0: 0.0263
train MSE group_1: 0.0484
train MSE group_2: nan
train MSE group_3: nan
CE loss (TEST): 0.0
Experiment 38384
Epoch 0230 [Test seq (cond on sampled tp)] | Loss 216.524109 | Likelihood -217.849014 | KL fp 5.3423 | FP STD 0.1684|
KL coef: 0.8904170944366518
Train loss (one batch): 182.9947967529297
Train CE loss (one batch): 0.0
Test MSE (raw): 0.0443
Test MSE (smoothed with alpha=0.01): 1.1645
New best smoothed test MSE: 1.1645. Saving best model to experiments/experiment_38384_best.ckpt
Test MSE group_0: 0.0295
Test MSE group_1: 0.0633
Test MSE group_2: nan
Test MSE group_3: nan
Poisson likelihood: 0.0
CE loss: 0.0
train MSE group_0: 0.0266
train MSE group_1: 0.0487
train MSE group_2: nan
train MSE group_3: nan
CE loss (TEST): 0.0
Experiment 38384
Epoch 0240 [Test seq (cond on sampled tp)] | Loss 218.184341 | Likelihood -218.345840 | KL fp 5.2590 | FP STD 0.1481|
KL coef: 0.9008951844811254
Train loss (one batch): 172.9288787841797
Train CE loss (one batch): 0.0
Test MSE (raw): 0.0444
Test MSE (smoothed with alpha=0.01): 1.1533
New best smoothed test MSE: 1.1533. Saving best model to experiments/experiment_38384_best.ckpt
Test MSE group_0: 0.0303
Test MSE group_1: 0.0625
Test MSE group_2: nan
Test MSE group_3: nan
Poisson likelihood: 0.0
CE loss: 0.0
train MSE group_0: 0.0251
train MSE group_1: 0.0467
train MSE group_2: nan
train MSE group_3: nan
CE loss (TEST): 0.0
Experiment 38384
Epoch 0250 [Test seq (cond on sampled tp)] | Loss 240.608154 | Likelihood -243.185425 | KL fp 4.7113 | FP STD 0.1977|
KL coef: 0.9103713812976754
Train loss (one batch): 189.69528198242188
Train CE loss (one batch): 0.0
Test MSE (raw): 0.0494
Test MSE (smoothed with alpha=0.01): 1.1423
New best smoothed test MSE: 1.1423. Saving best model to experiments/experiment_38384_best.ckpt
Test MSE group_0: 0.0341
Test MSE group_1: 0.0690
Test MSE group_2: nan
Test MSE group_3: nan
Poisson likelihood: 0.0
CE loss: 0.0
train MSE group_0: 0.0293
train MSE group_1: 0.0485
train MSE group_2: nan
train MSE group_3: nan
CE loss (TEST): 0.0
Experiment 38384
Epoch 0260 [Test seq (cond on sampled tp)] | Loss 208.043365 | Likelihood -208.714539 | KL fp 5.1255 | FP STD 0.1620|
KL coef: 0.9189414838378187
Train loss (one batch): 175.7105712890625
Train CE loss (one batch): 0.0
Test MSE (raw): 0.0425
Test MSE (smoothed with alpha=0.01): 1.1313
New best smoothed test MSE: 1.1313. Saving best model to experiments/experiment_38384_best.ckpt
Test MSE group_0: 0.0296
Test MSE group_1: 0.0590
Test MSE group_2: nan
Test MSE group_3: nan
Poisson likelihood: 0.0
CE loss: 0.0
train MSE group_0: 0.0269
train MSE group_1: 0.0453
train MSE group_2: nan
train MSE group_3: nan
CE loss (TEST): 0.0
Experiment 38384
Epoch 0270 [Test seq (cond on sampled tp)] | Loss 208.820175 | Likelihood -208.044098 | KL fp 5.5426 | FP STD 0.1441|
KL coef: 0.9266921309561118
Train loss (one batch): 174.5834197998047
Train CE loss (one batch): 0.0
Test MSE (raw): 0.0423
Test MSE (smoothed with alpha=0.01): 1.1204
New best smoothed test MSE: 1.1204. Saving best model to experiments/experiment_38384_best.ckpt
Test MSE group_0: 0.0285
Test MSE group_1: 0.0601
Test MSE group_2: nan
Test MSE group_3: nan
Poisson likelihood: 0.0
CE loss: 0.0
train MSE group_0: 0.0258
train MSE group_1: 0.0461
train MSE group_2: nan
train MSE group_3: nan
CE loss (TEST): 0.0
Experiment 38384
Epoch 0280 [Test seq (cond on sampled tp)] | Loss 249.131042 | Likelihood -249.080994 | KL fp 4.8891 | FP STD 0.1659|
KL coef: 0.9337016772796147
Train loss (one batch): 191.6582794189453
Train CE loss (one batch): 0.0
Test MSE (raw): 0.0506
Test MSE (smoothed with alpha=0.01): 1.1097
New best smoothed test MSE: 1.1097. Saving best model to experiments/experiment_38384_best.ckpt
Test MSE group_0: 0.0360
Test MSE group_1: 0.0692
Test MSE group_2: nan
Test MSE group_3: nan
Poisson likelihood: 0.0
CE loss: 0.0
train MSE group_0: 0.0289
train MSE group_1: 0.0498
train MSE group_2: nan
train MSE group_3: nan
CE loss (TEST): 0.0
Experiment 38384
Epoch 0290 [Test seq (cond on sampled tp)] | Loss 209.573563 | Likelihood -210.202301 | KL fp 5.2795 | FP STD 0.2124|
KL coef: 0.9400409853285345
Train loss (one batch): 175.78233337402344
Train CE loss (one batch): 0.0
Test MSE (raw): 0.0428
Test MSE (smoothed with alpha=0.01): 1.0991
New best smoothed test MSE: 1.0991. Saving best model to experiments/experiment_38384_best.ckpt
Test MSE group_0: 0.0292
Test MSE group_1: 0.0602
Test MSE group_2: nan
Test MSE group_3: nan
Poisson likelihood: 0.0
CE loss: 0.0
train MSE group_0: 0.0268
train MSE group_1: 0.0468
train MSE group_2: nan
train MSE group_3: nan
CE loss (TEST): 0.0
Experiment 38384
Epoch 0300 [Test seq (cond on sampled tp)] | Loss 206.680298 | Likelihood -206.975647 | KL fp 5.1547 | FP STD 0.2046|
KL coef: 0.9457741418959368
Train loss (one batch): 164.9803924560547
Train CE loss (one batch): 0.0
Test MSE (raw): 0.0421
Test MSE (smoothed with alpha=0.01): 1.0885
New best smoothed test MSE: 1.0885. Saving best model to experiments/experiment_38384_best.ckpt
Test MSE group_0: 0.0287
Test MSE group_1: 0.0594
Test MSE group_2: nan
Test MSE group_3: nan
Poisson likelihood: 0.0
CE loss: 0.0
train MSE group_0: 0.0251
train MSE group_1: 0.0428
train MSE group_2: nan
train MSE group_3: nan
CE loss (TEST): 0.0
Experiment 38384
Epoch 0310 [Test seq (cond on sampled tp)] | Loss 208.240189 | Likelihood -208.027542 | KL fp 5.1540 | FP STD 0.1683|
KL coef: 0.9509591059287142
Train loss (one batch): 164.8941192626953
Train CE loss (one batch): 0.0
Test MSE (raw): 0.0423
Test MSE (smoothed with alpha=0.01): 1.0780
New best smoothed test MSE: 1.0780. Saving best model to experiments/experiment_38384_best.ckpt
Test MSE group_0: 0.0287
Test MSE group_1: 0.0598
Test MSE group_2: nan
Test MSE group_3: nan
Poisson likelihood: 0.0
CE loss: 0.0
train MSE group_0: 0.0256
train MSE group_1: 0.0423
train MSE group_2: nan
train MSE group_3: nan
CE loss (TEST): 0.0
Experiment 38384
Epoch 0320 [Test seq (cond on sampled tp)] | Loss 202.114594 | Likelihood -199.972824 | KL fp 5.4734 | FP STD 0.1315|
KL coef: 0.9556482944595236
Train loss (one batch): 160.79354858398438
Train CE loss (one batch): 0.0
Test MSE (raw): 0.0407
Test MSE (smoothed with alpha=0.01): 1.0676
New best smoothed test MSE: 1.0676. Saving best model to experiments/experiment_38384_best.ckpt
Test MSE group_0: 0.0271
Test MSE group_1: 0.0582
Test MSE group_2: nan
Test MSE group_3: nan
Poisson likelihood: 0.0
CE loss: 0.0
train MSE group_0: 0.0239
train MSE group_1: 0.0417
train MSE group_2: nan
train MSE group_3: nan
CE loss (TEST): 0.0
Experiment 38384
Epoch 0330 [Test seq (cond on sampled tp)] | Loss 200.049957 | Likelihood -198.495422 | KL fp 5.5090 | FP STD 0.1163|
KL coef: 0.9598891125131245
Train loss (one batch): 160.25892639160156
Train CE loss (one batch): 0.0
Test MSE (raw): 0.0404
Test MSE (smoothed with alpha=0.01): 1.0574
New best smoothed test MSE: 1.0574. Saving best model to experiments/experiment_38384_best.ckpt
Test MSE group_0: 0.0269
Test MSE group_1: 0.0578
Test MSE group_2: nan
Test MSE group_3: nan
Poisson likelihood: 0.0
CE loss: 0.0
train MSE group_0: 0.0239
train MSE group_1: 0.0416
train MSE group_2: nan
train MSE group_3: nan
CE loss (TEST): 0.0
Experiment 38384
Epoch 0340 [Test seq (cond on sampled tp)] | Loss 199.817230 | Likelihood -197.839203 | KL fp 5.6375 | FP STD 0.1141|
KL coef: 0.9637244323441748
Train loss (one batch): 158.40802001953125
Train CE loss (one batch): 0.0
Test MSE (raw): 0.0403
Test MSE (smoothed with alpha=0.01): 1.0472
New best smoothed test MSE: 1.0472. Saving best model to experiments/experiment_38384_best.ckpt
Test MSE group_0: 0.0269
Test MSE group_1: 0.0575
Test MSE group_2: nan
Test MSE group_3: nan
Poisson likelihood: 0.0
CE loss: 0.0
train MSE group_0: 0.0233
train MSE group_1: 0.0412
train MSE group_2: nan
train MSE group_3: nan
CE loss (TEST): 0.0
Experiment 38384
Epoch 0350 [Test seq (cond on sampled tp)] | Loss 197.945709 | Likelihood -196.843658 | KL fp 5.5104 | FP STD 0.1193|
KL coef: 0.9671930268513026
Train loss (one batch): 158.02438354492188
Train CE loss (one batch): 0.0
Test MSE (raw): 0.0401
Test MSE (smoothed with alpha=0.01): 1.0371
New best smoothed test MSE: 1.0371. Saving best model to experiments/experiment_38384_best.ckpt
Test MSE group_0: 0.0264
Test MSE group_1: 0.0577
Test MSE group_2: nan
Test MSE group_3: nan
Poisson likelihood: 0.0
CE loss: 0.0
train MSE group_0: 0.0235
train MSE group_1: 0.0408
train MSE group_2: nan
train MSE group_3: nan
CE loss (TEST): 0.0
Experiment 38384
Epoch 0360 [Test seq (cond on sampled tp)] | Loss 202.058975 | Likelihood -200.695435 | KL fp 5.3120 | FP STD 0.1133|
KL coef: 0.9703299615490228
Train loss (one batch): 160.8429718017578
Train CE loss (one batch): 0.0
Test MSE (raw): 0.0409
Test MSE (smoothed with alpha=0.01): 1.0272
New best smoothed test MSE: 1.0272. Saving best model to experiments/experiment_38384_best.ckpt
Test MSE group_0: 0.0268
Test MSE group_1: 0.0589
Test MSE group_2: nan
Test MSE group_3: nan
Poisson likelihood: 0.0
CE loss: 0.0
train MSE group_0: 0.0240
train MSE group_1: 0.0419
train MSE group_2: nan
train MSE group_3: nan
CE loss (TEST): 0.0
Experiment 38384
Epoch 0370 [Test seq (cond on sampled tp)] | Loss 225.331451 | Likelihood -225.613068 | KL fp 5.0781 | FP STD 0.1526|
KL coef: 0.9731669490601144
Train loss (one batch): 164.0492401123047
Train CE loss (one batch): 0.0
Test MSE (raw): 0.0459
Test MSE (smoothed with alpha=0.01): 1.0174
New best smoothed test MSE: 1.0174. Saving best model to experiments/experiment_38384_best.ckpt
Test MSE group_0: 0.0310
Test MSE group_1: 0.0649
Test MSE group_2: nan
Test MSE group_3: nan
Poisson likelihood: 0.0
CE loss: 0.0
train MSE group_0: 0.0257
train MSE group_1: 0.0413
train MSE group_2: nan
train MSE group_3: nan
CE loss (TEST): 0.0
Experiment 38384
Epoch 0380 [Test seq (cond on sampled tp)] | Loss 198.157715 | Likelihood -196.869431 | KL fp 5.1394 | FP STD 0.1474|
KL coef: 0.9757326697121692
Train loss (one batch): 160.0428924560547
Train CE loss (one batch): 0.0
Test MSE (raw): 0.0401
Test MSE (smoothed with alpha=0.01): 1.0076
New best smoothed test MSE: 1.0076. Saving best model to experiments/experiment_38384_best.ckpt
Test MSE group_0: 0.0270
Test MSE group_1: 0.0569
Test MSE group_2: nan
Test MSE group_3: nan
Poisson likelihood: 0.0
CE loss: 0.0
train MSE group_0: 0.0242
train MSE group_1: 0.0413
train MSE group_2: nan
train MSE group_3: nan
CE loss (TEST): 0.0
Experiment 38384
Epoch 0390 [Test seq (cond on sampled tp)] | Loss 196.498047 | Likelihood -194.917496 | KL fp 5.3028 | FP STD 0.1414|
KL coef: 0.9780530614793677
Train loss (one batch): 159.22802734375
Train CE loss (one batch): 0.0
Test MSE (raw): 0.0397
Test MSE (smoothed with alpha=0.01): 0.9979
New best smoothed test MSE: 0.9979. Saving best model to experiments/experiment_38384_best.ckpt
Test MSE group_0: 0.0266
Test MSE group_1: 0.0566
Test MSE group_2: nan
Test MSE group_3: nan
Poisson likelihood: 0.0
CE loss: 0.0
train MSE group_0: 0.0236
train MSE group_1: 0.0416
train MSE group_2: nan
train MSE group_3: nan
CE loss (TEST): 0.0
Experiment 38384
Epoch 0400 [Test seq (cond on sampled tp)] | Loss 193.432190 | Likelihood -192.063232 | KL fp 5.5208 | FP STD 0.1337|
KL coef: 0.9801515822006198
Train loss (one batch): 154.7224578857422
Train CE loss (one batch): 0.0
Test MSE (raw): 0.0391
Test MSE (smoothed with alpha=0.01): 0.9883
New best smoothed test MSE: 0.9883. Saving best model to experiments/experiment_38384_best.ckpt
Test MSE group_0: 0.0259
Test MSE group_1: 0.0562
Test MSE group_2: nan
Test MSE group_3: nan
Poisson likelihood: 0.0
CE loss: 0.0
train MSE group_0: 0.0228
train MSE group_1: 0.0402
train MSE group_2: nan
train MSE group_3: nan
CE loss (TEST): 0.0
Experiment 38384
Epoch 0410 [Test seq (cond on sampled tp)] | Loss 194.481812 | Likelihood -192.662354 | KL fp 5.3530 | FP STD 0.1363|
KL coef: 0.9820494467249549
Train loss (one batch): 154.30294799804688
Train CE loss (one batch): 0.0
Test MSE (raw): 0.0393
Test MSE (smoothed with alpha=0.01): 0.9788
New best smoothed test MSE: 0.9788. Saving best model to experiments/experiment_38384_best.ckpt
Test MSE group_0: 0.0259
Test MSE group_1: 0.0564
Test MSE group_2: nan
Test MSE group_3: nan
Poisson likelihood: 0.0
CE loss: 0.0
train MSE group_0: 0.0227
train MSE group_1: 0.0402
train MSE group_2: nan
train MSE group_3: nan
CE loss (TEST): 0.0
Experiment 38384
Epoch 0420 [Test seq (cond on sampled tp)] | Loss 192.396881 | Likelihood -190.785492 | KL fp 5.4596 | FP STD 0.1222|
KL coef: 0.9837658413815585
Train loss (one batch): 153.5304412841797
Train CE loss (one batch): 0.0
Test MSE (raw): 0.0389
Test MSE (smoothed with alpha=0.01): 0.9694
New best smoothed test MSE: 0.9694. Saving best model to experiments/experiment_38384_best.ckpt
Test MSE group_0: 0.0254
Test MSE group_1: 0.0562
Test MSE group_2: nan
Test MSE group_3: nan
Poisson likelihood: 0.0
CE loss: 0.0
train MSE group_0: 0.0226
train MSE group_1: 0.0401
train MSE group_2: nan
train MSE group_3: nan
CE loss (TEST): 0.0
Experiment 38384
Epoch 0430 [Test seq (cond on sampled tp)] | Loss 216.201141 | Likelihood -217.041748 | KL fp 5.0110 | FP STD 0.1366|
KL coef: 0.9853181179426319
Train loss (one batch): 151.42178344726562
Train CE loss (one batch): 0.0
Test MSE (raw): 0.0441
Test MSE (smoothed with alpha=0.01): 0.9602
New best smoothed test MSE: 0.9602. Saving best model to experiments/experiment_38384_best.ckpt
Test MSE group_0: 0.0306
Test MSE group_1: 0.0615
Test MSE group_2: nan
Test MSE group_3: nan
Poisson likelihood: 0.0
CE loss: 0.0
train MSE group_0: 0.0219
train MSE group_1: 0.0400
train MSE group_2: nan
train MSE group_3: nan
CE loss (TEST): 0.0
Experiment 38384
Epoch 0440 [Test seq (cond on sampled tp)] | Loss 217.587250 | Likelihood -224.212143 | KL fp 4.7434 | FP STD 0.2481|
KL coef: 0.9867219690399229
Train loss (one batch): 233.45358276367188
Train CE loss (one batch): 0.0
Test MSE (raw): 0.0456
Test MSE (smoothed with alpha=0.01): 0.9510
New best smoothed test MSE: 0.9510. Saving best model to experiments/experiment_38384_best.ckpt
Test MSE group_0: 0.0322
Test MSE group_1: 0.0627
Test MSE group_2: nan
Test MSE group_3: nan
Poisson likelihood: 0.0
CE loss: 0.0
train MSE group_0: 0.0372
train MSE group_1: 0.0598
train MSE group_2: nan
train MSE group_3: nan
CE loss (TEST): 0.0
Experiment 38384
Epoch 0450 [Test seq (cond on sampled tp)] | Loss 221.178848 | Likelihood -224.525757 | KL fp 4.4776 | FP STD 0.2916|
KL coef: 0.9879915868082944
Train loss (one batch): 181.8930206298828
Train CE loss (one batch): 0.0
Test MSE (raw): 0.0456
Test MSE (smoothed with alpha=0.01): 0.9420
New best smoothed test MSE: 0.9420. Saving best model to experiments/experiment_38384_best.ckpt
Test MSE group_0: 0.0317
Test MSE group_1: 0.0635
Test MSE group_2: nan
Test MSE group_3: nan
Poisson likelihood: 0.0
CE loss: 0.0
train MSE group_0: 0.0289
train MSE group_1: 0.0475
train MSE group_2: nan
train MSE group_3: nan
CE loss (TEST): 0.0
Experiment 38384
Epoch 0460 [Test seq (cond on sampled tp)] | Loss 210.596039 | Likelihood -215.945602 | KL fp 4.6430 | FP STD 0.2523|
KL coef: 0.9891398063601221
Train loss (one batch): 173.9712677001953
Train CE loss (one batch): 0.0
Test MSE (raw): 0.0439
Test MSE (smoothed with alpha=0.01): 0.9330
New best smoothed test MSE: 0.9330. Saving best model to experiments/experiment_38384_best.ckpt
Test MSE group_0: 0.0298
Test MSE group_1: 0.0620
Test MSE group_2: nan
Test MSE group_3: nan
Poisson likelihood: 0.0
CE loss: 0.0
train MSE group_0: 0.0273
train MSE group_1: 0.0441
train MSE group_2: nan
train MSE group_3: nan
CE loss (TEST): 0.0
Experiment 38384
Epoch 0470 [Test seq (cond on sampled tp)] | Loss 197.011963 | Likelihood -196.304077 | KL fp 5.2259 | FP STD 0.1708|
KL coef: 0.9901782355409698
Train loss (one batch): 154.1953582763672
Train CE loss (one batch): 0.0
Test MSE (raw): 0.0400
Test MSE (smoothed with alpha=0.01): 0.9241
New best smoothed test MSE: 0.9241. Saving best model to experiments/experiment_38384_best.ckpt
Test MSE group_0: 0.0272
Test MSE group_1: 0.0564
Test MSE group_2: nan
Test MSE group_3: nan
Poisson likelihood: 0.0
CE loss: 0.0
train MSE group_0: 0.0232
train MSE group_1: 0.0404
train MSE group_2: nan
train MSE group_3: nan
CE loss (TEST): 0.0
Experiment 38384
Epoch 0480 [Test seq (cond on sampled tp)] | Loss 203.243134 | Likelihood -205.394806 | KL fp 5.0339 | FP STD 0.2081|
KL coef: 0.9911173722782946
Train loss (one batch): 167.78858947753906
Train CE loss (one batch): 0.0
Test MSE (raw): 0.0418
Test MSE (smoothed with alpha=0.01): 0.9152
New best smoothed test MSE: 0.9152. Saving best model to experiments/experiment_38384_best.ckpt
Test MSE group_0: 0.0299
Test MSE group_1: 0.0571
Test MSE group_2: nan
Test MSE group_3: nan
Poisson likelihood: 0.0
CE loss: 0.0
train MSE group_0: 0.0271
train MSE group_1: 0.0418
train MSE group_2: nan
train MSE group_3: nan
CE loss (TEST): 0.0
Experiment 38384
Epoch 0490 [Test seq (cond on sampled tp)] | Loss 195.200287 | Likelihood -196.016083 | KL fp 5.3097 | FP STD 0.1597|
KL coef: 0.9919667107095133
Train loss (one batch): 160.92579650878906
Train CE loss (one batch): 0.0
Test MSE (raw): 0.0399
Test MSE (smoothed with alpha=0.01): 0.9065
New best smoothed test MSE: 0.9065. Saving best model to experiments/experiment_38384_best.ckpt
Test MSE group_0: 0.0276
Test MSE group_1: 0.0557
Test MSE group_2: nan
Test MSE group_3: nan
Poisson likelihood: 0.0
CE loss: 0.0
train MSE group_0: 0.0243
train MSE group_1: 0.0414
train MSE group_2: nan
train MSE group_3: nan
CE loss (TEST): 0.0
Experiment 38384
Epoch 0500 [Test seq (cond on sampled tp)] | Loss 190.695114 | Likelihood -188.582275 | KL fp 5.3750 | FP STD 0.1256|
KL coef: 0.9927348371623237
Train loss (one batch): 156.3970184326172
Train CE loss (one batch): 0.0
Test MSE (raw): 0.0385
Test MSE (smoothed with alpha=0.01): 0.8978
New best smoothed test MSE: 0.8978. Saving best model to experiments/experiment_38384_best.ckpt
Test MSE group_0: 0.0250
Test MSE group_1: 0.0557
Test MSE group_2: nan
Test MSE group_3: nan
Poisson likelihood: 0.0
CE loss: 0.0
train MSE group_0: 0.0229
train MSE group_1: 0.0414
train MSE group_2: nan
train MSE group_3: nan
CE loss (TEST): 0.0
Experiment 38384
Epoch 0510 [Test seq (cond on sampled tp)] | Loss 190.344910 | Likelihood -188.761780 | KL fp 5.2136 | FP STD 0.1309|
KL coef: 0.9934295169575854
Train loss (one batch): 152.52903747558594
Train CE loss (one batch): 0.0
Test MSE (raw): 0.0385
Test MSE (smoothed with alpha=0.01): 0.8892
New best smoothed test MSE: 0.8892. Saving best model to experiments/experiment_38384_best.ckpt
Test MSE group_0: 0.0251
Test MSE group_1: 0.0556
Test MSE group_2: nan
Test MSE group_3: nan
Poisson likelihood: 0.0
CE loss: 0.0
train MSE group_0: 0.0225
train MSE group_1: 0.0401
train MSE group_2: nan
train MSE group_3: nan
CE loss (TEST): 0.0
Experiment 38384
Epoch 0520 [Test seq (cond on sampled tp)] | Loss 187.086700 | Likelihood -185.628479 | KL fp 5.5234 | FP STD 0.1068|
KL coef: 0.9940577729122909
Train loss (one batch): 149.69683837890625
Train CE loss (one batch): 0.0
Test MSE (raw): 0.0379
Test MSE (smoothed with alpha=0.01): 0.8807
New best smoothed test MSE: 0.8807. Saving best model to experiments/experiment_38384_best.ckpt
Test MSE group_0: 0.0252
Test MSE group_1: 0.0542
Test MSE group_2: nan
Test MSE group_3: nan
Poisson likelihood: 0.0
CE loss: 0.0
train MSE group_0: 0.0224
train MSE group_1: 0.0385
train MSE group_2: nan
train MSE group_3: nan
CE loss (TEST): 0.0
Experiment 38384
Epoch 0530 [Test seq (cond on sampled tp)] | Loss 187.046661 | Likelihood -184.861923 | KL fp 5.4628 | FP STD 0.1059|
KL coef: 0.9946259563362442
Train loss (one batch): 148.8678436279297
Train CE loss (one batch): 0.0
Test MSE (raw): 0.0377
Test MSE (smoothed with alpha=0.01): 0.8723
New best smoothed test MSE: 0.8723. Saving best model to experiments/experiment_38384_best.ckpt
Test MSE group_0: 0.0248
Test MSE group_1: 0.0543
Test MSE group_2: nan
Test MSE group_3: nan
Poisson likelihood: 0.0
CE loss: 0.0
train MSE group_0: 0.0222
train MSE group_1: 0.0386
train MSE group_2: nan
train MSE group_3: nan
CE loss (TEST): 0.0
Experiment 38384
Epoch 0540 [Test seq (cond on sampled tp)] | Loss 187.808640 | Likelihood -185.705444 | KL fp 5.4176 | FP STD 0.1094|
KL coef: 0.9951398112401846
Train loss (one batch): 147.21066284179688
Train CE loss (one batch): 0.0
Test MSE (raw): 0.0379
Test MSE (smoothed with alpha=0.01): 0.8639
New best smoothed test MSE: 0.8639. Saving best model to experiments/experiment_38384_best.ckpt
Test MSE group_0: 0.0250
Test MSE group_1: 0.0544
Test MSE group_2: nan
Test MSE group_3: nan
Poisson likelihood: 0.0
CE loss: 0.0
train MSE group_0: 0.0217
train MSE group_1: 0.0382
train MSE group_2: nan
train MSE group_3: nan
CE loss (TEST): 0.0
Experiment 38384
Epoch 0550 [Test seq (cond on sampled tp)] | Loss 186.282944 | Likelihood -184.407074 | KL fp 5.2243 | FP STD 0.1220|
KL coef: 0.9956045324044637
Train loss (one batch): 148.45501708984375
Train CE loss (one batch): 0.0
Test MSE (raw): 0.0376
Test MSE (smoothed with alpha=0.01): 0.8557
New best smoothed test MSE: 0.8557. Saving best model to experiments/experiment_38384_best.ckpt
Test MSE group_0: 0.0249
Test MSE group_1: 0.0540
Test MSE group_2: nan
Test MSE group_3: nan
Poisson likelihood: 0.0
CE loss: 0.0
train MSE group_0: 0.0220
train MSE group_1: 0.0386
train MSE group_2: nan
train MSE group_3: nan
CE loss (TEST): 0.0
Experiment 38384
Epoch 0560 [Test seq (cond on sampled tp)] | Loss 185.816742 | Likelihood -183.969421 | KL fp 5.2528 | FP STD 0.1155|
KL coef: 0.9960248178953148
Train loss (one batch): 147.5062713623047
Train CE loss (one batch): 0.0
Test MSE (raw): 0.0375
Test MSE (smoothed with alpha=0.01): 0.8475
New best smoothed test MSE: 0.8475. Saving best model to experiments/experiment_38384_best.ckpt
Test MSE group_0: 0.0246
Test MSE group_1: 0.0541
Test MSE group_2: nan
Test MSE group_3: nan
Poisson likelihood: 0.0
CE loss: 0.0
train MSE group_0: 0.0224
train MSE group_1: 0.0378
train MSE group_2: nan
train MSE group_3: nan
CE loss (TEST): 0.0
Experiment 38384
Epoch 0570 [Test seq (cond on sampled tp)] | Loss 184.687012 | Likelihood -182.631378 | KL fp 5.2222 | FP STD 0.1117|
KL coef: 0.996404916559627
Train loss (one batch): 145.75709533691406
Train CE loss (one batch): 0.0
Test MSE (raw): 0.0373
Test MSE (smoothed with alpha=0.01): 0.8394
New best smoothed test MSE: 0.8394. Saving best model to experiments/experiment_38384_best.ckpt
Test MSE group_0: 0.0245
Test MSE group_1: 0.0537
Test MSE group_2: nan
Test MSE group_3: nan
Poisson likelihood: 0.0
CE loss: 0.0
train MSE group_0: 0.0218
train MSE group_1: 0.0378
train MSE group_2: nan
train MSE group_3: nan
CE loss (TEST): 0.0
Experiment 38384
Epoch 0580 [Test seq (cond on sampled tp)] | Loss 183.126816 | Likelihood -180.908920 | KL fp 5.2991 | FP STD 0.1024|
KL coef: 0.9967486709783656
Train loss (one batch): 145.3151092529297
Train CE loss (one batch): 0.0
Test MSE (raw): 0.0369
Test MSE (smoothed with alpha=0.01): 0.8314
New best smoothed test MSE: 0.8314. Saving best model to experiments/experiment_38384_best.ckpt
Test MSE group_0: 0.0240
Test MSE group_1: 0.0534
Test MSE group_2: nan
Test MSE group_3: nan
Poisson likelihood: 0.0
CE loss: 0.0
train MSE group_0: 0.0215
train MSE group_1: 0.0377
train MSE group_2: nan
train MSE group_3: nan
CE loss (TEST): 0.0
Experiment 38384
Epoch 0590 [Test seq (cond on sampled tp)] | Loss 189.330200 | Likelihood -187.498016 | KL fp 5.2793 | FP STD 0.1023|
KL coef: 0.997059556312878
Train loss (one batch): 144.5658416748047
Train CE loss (one batch): 0.0
Test MSE (raw): 0.0382
Test MSE (smoothed with alpha=0.01): 0.8234
New best smoothed test MSE: 0.8234. Saving best model to experiments/experiment_38384_best.ckpt
Test MSE group_0: 0.0249
Test MSE group_1: 0.0554
Test MSE group_2: nan
Test MSE group_3: nan
Poisson likelihood: 0.0
CE loss: 0.0
train MSE group_0: 0.0215
train MSE group_1: 0.0375
train MSE group_2: nan
train MSE group_3: nan
CE loss (TEST): 0.0
Experiment 38384
Epoch 0600 [Test seq (cond on sampled tp)] | Loss 193.886841 | Likelihood -193.341675 | KL fp 5.5060 | FP STD 0.1384|
KL coef: 0.997340715436794
Train loss (one batch): 153.14573669433594
Train CE loss (one batch): 0.0
Test MSE (raw): 0.0394
Test MSE (smoothed with alpha=0.01): 0.8156
New best smoothed test MSE: 0.8156. Saving best model to experiments/experiment_38384_best.ckpt
Test MSE group_0: 0.0274
Test MSE group_1: 0.0548
Test MSE group_2: nan
Test MSE group_3: nan
Poisson likelihood: 0.0
CE loss: 0.0
train MSE group_0: 0.0233
train MSE group_1: 0.0390
train MSE group_2: nan
train MSE group_3: nan
CE loss (TEST): 0.0
Experiment 38384
Epoch 0610 [Test seq (cond on sampled tp)] | Loss 191.130676 | Likelihood -192.727112 | KL fp 4.7675 | FP STD 0.1720|
KL coef: 0.997594990708689
Train loss (one batch): 148.00518798828125
Train CE loss (one batch): 0.0
Test MSE (raw): 0.0393
Test MSE (smoothed with alpha=0.01): 0.8078
New best smoothed test MSE: 0.8078. Saving best model to experiments/experiment_38384_best.ckpt
Test MSE group_0: 0.0268
Test MSE group_1: 0.0553
Test MSE group_2: nan
Test MSE group_3: nan
Poisson likelihood: 0.0
CE loss: 0.0
train MSE group_0: 0.0231
train MSE group_1: 0.0380
train MSE group_2: nan
train MSE group_3: nan
CE loss (TEST): 0.0
Experiment 38384
Epoch 0620 [Test seq (cond on sampled tp)] | Loss 187.932953 | Likelihood -187.883347 | KL fp 5.0834 | FP STD 0.1808|
KL coef: 0.9978249527067087
Train loss (one batch): 147.90728759765625
Train CE loss (one batch): 0.0
Test MSE (raw): 0.0383
Test MSE (smoothed with alpha=0.01): 0.8001
New best smoothed test MSE: 0.8001. Saving best model to experiments/experiment_38384_best.ckpt
Test MSE group_0: 0.0260
Test MSE group_1: 0.0541
Test MSE group_2: nan
Test MSE group_3: nan
Poisson likelihood: 0.0
CE loss: 0.0
train MSE group_0: 0.0225
train MSE group_1: 0.0391
train MSE group_2: nan
train MSE group_3: nan
CE loss (TEST): 0.0
Experiment 38384
Epoch 0630 [Test seq (cond on sampled tp)] | Loss 292.906738 | Likelihood -303.222015 | KL fp 3.8182 | FP STD 0.4679|
KL coef: 0.9980329262156509
Train loss (one batch): 365.8028869628906
Train CE loss (one batch): 0.0
Test MSE (raw): 0.0614
Test MSE (smoothed with alpha=0.01): 0.7927
New best smoothed test MSE: 0.7927. Saving best model to experiments/experiment_38384_best.ckpt
Test MSE group_0: 0.0363
Test MSE group_1: 0.0936
Test MSE group_2: nan
Test MSE group_3: nan
Poisson likelihood: 0.0
CE loss: 0.0
train MSE group_0: 0.0519
train MSE group_1: 0.1040
train MSE group_2: nan
train MSE group_3: nan
CE loss (TEST): 0.0
Experiment 38384
Epoch 0640 [Test seq (cond on sampled tp)] | Loss 259.179504 | Likelihood -266.237000 | KL fp 4.2235 | FP STD 0.4754|
KL coef: 0.9982210137292149
Train loss (one batch): 284.3468017578125
Train CE loss (one batch): 0.0
Test MSE (raw): 0.0540
Test MSE (smoothed with alpha=0.01): 0.7854
New best smoothed test MSE: 0.7854. Saving best model to experiments/experiment_38384_best.ckpt
Test MSE group_0: 0.0408
Test MSE group_1: 0.0708
Test MSE group_2: nan
Test MSE group_3: nan
Poisson likelihood: 0.0
CE loss: 0.0
train MSE group_0: 0.0522
train MSE group_1: 0.0645
train MSE group_2: nan
train MSE group_3: nan
CE loss (TEST): 0.0
Experiment 38384
Epoch 0650 [Test seq (cond on sampled tp)] | Loss 242.600769 | Likelihood -247.275024 | KL fp 4.3374 | FP STD 0.4005|
KL coef: 0.9983911167050152
Train loss (one batch): 202.98619079589844
Train CE loss (one batch): 0.0
Test MSE (raw): 0.0502
Test MSE (smoothed with alpha=0.01): 0.7780
New best smoothed test MSE: 0.7780. Saving best model to experiments/experiment_38384_best.ckpt
Test MSE group_0: 0.0346
Test MSE group_1: 0.0702
Test MSE group_2: nan
Test MSE group_3: nan
Poisson likelihood: 0.0
CE loss: 0.0
train MSE group_0: 0.0294
train MSE group_1: 0.0551
train MSE group_2: nan
train MSE group_3: nan
CE loss (TEST): 0.0
Experiment 38384
Epoch 0660 [Test seq (cond on sampled tp)] | Loss 213.414032 | Likelihood -214.350464 | KL fp 4.8854 | FP STD 0.3503|
KL coef: 0.9985449547872347
Train loss (one batch): 181.6219940185547
Train CE loss (one batch): 0.0
Test MSE (raw): 0.0436
Test MSE (smoothed with alpha=0.01): 0.7707
New best smoothed test MSE: 0.7707. Saving best model to experiments/experiment_38384_best.ckpt
Test MSE group_0: 0.0304
Test MSE group_1: 0.0605
Test MSE group_2: nan
Test MSE group_3: nan
Poisson likelihood: 0.0
CE loss: 0.0
train MSE group_0: 0.0267
train MSE group_1: 0.0481
train MSE group_2: nan
train MSE group_3: nan
CE loss (TEST): 0.0
Experiment 38384
Epoch 0670 [Test seq (cond on sampled tp)] | Loss 204.530563 | Likelihood -207.895370 | KL fp 4.9318 | FP STD 0.3269|
KL coef: 0.9986840831912477
Train loss (one batch): 165.0023193359375
Train CE loss (one batch): 0.0
Test MSE (raw): 0.0423
Test MSE (smoothed with alpha=0.01): 0.7634
New best smoothed test MSE: 0.7634. Saving best model to experiments/experiment_38384_best.ckpt
Test MSE group_0: 0.0254
Test MSE group_1: 0.0639
Test MSE group_2: nan
Test MSE group_3: nan
Poisson likelihood: 0.0
CE loss: 0.0
train MSE group_0: 0.0215
train MSE group_1: 0.0470
train MSE group_2: nan
train MSE group_3: nan
CE loss (TEST): 0.0
Experiment 38384
Epoch 0680 [Test seq (cond on sampled tp)] | Loss 191.403763 | Likelihood -193.507675 | KL fp 5.0657 | FP STD 0.3145|
KL coef: 0.9988099084259616
Train loss (one batch): 158.53872680664062
Train CE loss (one batch): 0.0
Test MSE (raw): 0.0394
Test MSE (smoothed with alpha=0.01): 0.7561
New best smoothed test MSE: 0.7561. Saving best model to experiments/experiment_38384_best.ckpt
Test MSE group_0: 0.0267
Test MSE group_1: 0.0558
Test MSE group_2: nan
Test MSE group_3: nan
Poisson likelihood: 0.0
CE loss: 0.0
train MSE group_0: 0.0243
train MSE group_1: 0.0407
train MSE group_2: nan
train MSE group_3: nan
CE loss (TEST): 0.0
Experiment 38384
Epoch 0690 [Test seq (cond on sampled tp)] | Loss 192.081940 | Likelihood -192.948334 | KL fp 5.0400 | FP STD 0.3072|
KL coef: 0.9989237025128207
Train loss (one batch): 153.48983764648438
Train CE loss (one batch): 0.0
Test MSE (raw): 0.0393
Test MSE (smoothed with alpha=0.01): 0.7490
New best smoothed test MSE: 0.7490. Saving best model to experiments/experiment_38384_best.ckpt
Test MSE group_0: 0.0256
Test MSE group_1: 0.0570
Test MSE group_2: nan
Test MSE group_3: nan
Poisson likelihood: 0.0
CE loss: 0.0
train MSE group_0: 0.0226
train MSE group_1: 0.0419
train MSE group_2: nan
train MSE group_3: nan
CE loss (TEST): 0.0
Experiment 38384
Epoch 0700 [Test seq (cond on sampled tp)] | Loss 191.119583 | Likelihood -190.453110 | KL fp 5.1493 | FP STD 0.3002|
KL coef: 0.999026615845218
Train loss (one batch): 154.64939880371094
Train CE loss (one batch): 0.0
Test MSE (raw): 0.0388
Test MSE (smoothed with alpha=0.01): 0.7419
New best smoothed test MSE: 0.7419. Saving best model to experiments/experiment_38384_best.ckpt
Test MSE group_0: 0.0253
Test MSE group_1: 0.0562
Test MSE group_2: nan
Test MSE group_3: nan
Poisson likelihood: 0.0
CE loss: 0.0
train MSE group_0: 0.0228
train MSE group_1: 0.0404
train MSE group_2: nan
train MSE group_3: nan
CE loss (TEST): 0.0
Experiment 38384
Epoch 0710 [Test seq (cond on sampled tp)] | Loss 190.008682 | Likelihood -189.108582 | KL fp 5.1666 | FP STD 0.2973|
KL coef: 0.9991196888183176
Train loss (one batch): 150.96644592285156
Train CE loss (one batch): 0.0
Test MSE (raw): 0.0386
Test MSE (smoothed with alpha=0.01): 0.7348
New best smoothed test MSE: 0.7348. Saving best model to experiments/experiment_38384_best.ckpt
Test MSE group_0: 0.0248
Test MSE group_1: 0.0562
Test MSE group_2: nan
Test MSE group_3: nan
Poisson likelihood: 0.0
CE loss: 0.0
train MSE group_0: 0.0219
train MSE group_1: 0.0408
train MSE group_2: nan
train MSE group_3: nan
CE loss (TEST): 0.0
Experiment 38384
Epoch 0720 [Test seq (cond on sampled tp)] | Loss 189.720520 | Likelihood -189.287384 | KL fp 5.2159 | FP STD 0.2920|
KL coef: 0.9992038623468565
Train loss (one batch): 150.8136749267578
Train CE loss (one batch): 0.0
Test MSE (raw): 0.0386
Test MSE (smoothed with alpha=0.01): 0.7279
New best smoothed test MSE: 0.7279. Saving best model to experiments/experiment_38384_best.ckpt
Test MSE group_0: 0.0247
Test MSE group_1: 0.0564
Test MSE group_2: nan
Test MSE group_3: nan
Poisson likelihood: 0.0
CE loss: 0.0
train MSE group_0: 0.0223
train MSE group_1: 0.0392
train MSE group_2: nan
train MSE group_3: nan
CE loss (TEST): 0.0
Experiment 38384
Epoch 0730 [Test seq (cond on sampled tp)] | Loss 187.536270 | Likelihood -187.429504 | KL fp 5.1549 | FP STD 0.2879|
KL coef: 0.9992799873772575
Train loss (one batch): 150.2554168701172
Train CE loss (one batch): 0.0
Test MSE (raw): 0.0382
Test MSE (smoothed with alpha=0.01): 0.7210
New best smoothed test MSE: 0.7210. Saving best model to experiments/experiment_38384_best.ckpt
Test MSE group_0: 0.0253
Test MSE group_1: 0.0548
Test MSE group_2: nan
Test MSE group_3: nan
Poisson likelihood: 0.0
CE loss: 0.0
train MSE group_0: 0.0215
train MSE group_1: 0.0400
train MSE group_2: nan
train MSE group_3: nan
CE loss (TEST): 0.0
Experiment 38384
Epoch 0740 [Test seq (cond on sampled tp)] | Loss 188.355331 | Likelihood -188.218628 | KL fp 5.1327 | FP STD 0.2867|
KL coef: 0.9993488334902116
Train loss (one batch): 151.12167358398438
Train CE loss (one batch): 0.0
Test MSE (raw): 0.0384
Test MSE (smoothed with alpha=0.01): 0.7141
New best smoothed test MSE: 0.7141. Saving best model to experiments/experiment_38384_best.ckpt
Test MSE group_0: 0.0248
Test MSE group_1: 0.0558
Test MSE group_2: nan
Test MSE group_3: nan
Poisson likelihood: 0.0
CE loss: 0.0
train MSE group_0: 0.0221
train MSE group_1: 0.0397
train MSE group_2: nan
train MSE group_3: nan
CE loss (TEST): 0.0
Experiment 38384
Epoch 0750 [Test seq (cond on sampled tp)] | Loss 185.814240 | Likelihood -184.894958 | KL fp 5.1698 | FP STD 0.2824|
KL coef: 0.9994110966807014
Train loss (one batch): 149.76055908203125
Train CE loss (one batch): 0.0
Test MSE (raw): 0.0377
Test MSE (smoothed with alpha=0.01): 0.7074
New best smoothed test MSE: 0.7074. Saving best model to experiments/experiment_38384_best.ckpt
Test MSE group_0: 0.0246
Test MSE group_1: 0.0545
Test MSE group_2: nan
Test MSE group_3: nan
Poisson likelihood: 0.0
CE loss: 0.0
train MSE group_0: 0.0219
train MSE group_1: 0.0394
train MSE group_2: nan
train MSE group_3: nan
CE loss (TEST): 0.0
Experiment 38384
Epoch 0760 [Test seq (cond on sampled tp)] | Loss 204.935196 | Likelihood -207.297806 | KL fp 4.9835 | FP STD 0.3114|
KL coef: 0.9994674063941131
Train loss (one batch): 162.12619018554688
Train CE loss (one batch): 0.0
Test MSE (raw): 0.0422
Test MSE (smoothed with alpha=0.01): 0.7007
New best smoothed test MSE: 0.7007. Saving best model to experiments/experiment_38384_best.ckpt
Test MSE group_0: 0.0365
Test MSE group_1: 0.0496
Test MSE group_2: nan
Test MSE group_3: nan
Poisson likelihood: 0.0
CE loss: 0.0
train MSE group_0: 0.0284
train MSE group_1: 0.0378
train MSE group_2: nan
train MSE group_3: nan
CE loss (TEST): 0.0
Experiment 38384
Epoch 0770 [Test seq (cond on sampled tp)] | Loss 214.726624 | Likelihood -218.469513 | KL fp 4.1288 | FP STD 0.4153|
KL coef: 0.9995183318895716
Train loss (one batch): 168.41773986816406
Train CE loss (one batch): 0.0
Test MSE (raw): 0.0444
Test MSE (smoothed with alpha=0.01): 0.6942
New best smoothed test MSE: 0.6942. Saving best model to experiments/experiment_38384_best.ckpt
Test MSE group_0: 0.0317
Test MSE group_1: 0.0608
Test MSE group_2: nan
Test MSE group_3: nan
Poisson likelihood: 0.0
CE loss: 0.0
train MSE group_0: 0.0267
train MSE group_1: 0.0424
train MSE group_2: nan
train MSE group_3: nan
CE loss (TEST): 0.0
Experiment 38384
Epoch 0780 [Test seq (cond on sampled tp)] | Loss 196.073303 | Likelihood -200.590057 | KL fp 4.6438 | FP STD 0.3919|
KL coef: 0.9995643879948252
Train loss (one batch): 165.085693359375
Train CE loss (one batch): 0.0
Test MSE (raw): 0.0409
Test MSE (smoothed with alpha=0.01): 0.6876
New best smoothed test MSE: 0.6876. Saving best model to experiments/experiment_38384_best.ckpt
Test MSE group_0: 0.0271
Test MSE group_1: 0.0585
Test MSE group_2: nan
Test MSE group_3: nan
Poisson likelihood: 0.0
CE loss: 0.0
train MSE group_0: 0.0249
train MSE group_1: 0.0447
train MSE group_2: nan
train MSE group_3: nan
CE loss (TEST): 0.0
Experiment 38384
Epoch 0790 [Test seq (cond on sampled tp)] | Loss 195.935593 | Likelihood -200.543915 | KL fp 4.7222 | FP STD 0.3759|
KL coef: 0.9996060403108612
Train loss (one batch): 162.84544372558594
Train CE loss (one batch): 0.0
Test MSE (raw): 0.0408
Test MSE (smoothed with alpha=0.01): 0.6812
New best smoothed test MSE: 0.6812. Saving best model to experiments/experiment_38384_best.ckpt
Test MSE group_0: 0.0261
Test MSE group_1: 0.0598
Test MSE group_2: nan
Test MSE group_3: nan
Poisson likelihood: 0.0
CE loss: 0.0
train MSE group_0: 0.0242
train MSE group_1: 0.0436
train MSE group_2: nan
train MSE group_3: nan
CE loss (TEST): 0.0
Experiment 38384
Epoch 0800 [Test seq (cond on sampled tp)] | Loss 189.506012 | Likelihood -194.200027 | KL fp 4.8627 | FP STD 0.3465|
KL coef: 0.9996437099188669
Train loss (one batch): 159.77505493164062
Train CE loss (one batch): 0.0
Test MSE (raw): 0.0396
Test MSE (smoothed with alpha=0.01): 0.6748
New best smoothed test MSE: 0.6748. Saving best model to experiments/experiment_38384_best.ckpt
Test MSE group_0: 0.0256
Test MSE group_1: 0.0575
Test MSE group_2: nan
Test MSE group_3: nan
Poisson likelihood: 0.0
CE loss: 0.0
train MSE group_0: 0.0237
train MSE group_1: 0.0416
train MSE group_2: nan
train MSE group_3: nan
CE loss (TEST): 0.0
Experiment 38384
Epoch 0810 [Test seq (cond on sampled tp)] | Loss 188.306473 | Likelihood -189.383301 | KL fp 4.9861 | FP STD 0.3333|
KL coef: 0.9996777776371197
Train loss (one batch): 158.49667358398438
Train CE loss (one batch): 0.0
Test MSE (raw): 0.0386
Test MSE (smoothed with alpha=0.01): 0.6684
New best smoothed test MSE: 0.6684. Saving best model to experiments/experiment_38384_best.ckpt
Test MSE group_0: 0.0256
Test MSE group_1: 0.0553
Test MSE group_2: nan
Test MSE group_3: nan
Poisson likelihood: 0.0
CE loss: 0.0
train MSE group_0: 0.0237
train MSE group_1: 0.0411
train MSE group_2: nan
train MSE group_3: nan
CE loss (TEST): 0.0
Experiment 38384
Epoch 0820 [Test seq (cond on sampled tp)] | Loss 189.786972 | Likelihood -190.955261 | KL fp 4.8904 | FP STD 0.3356|
KL coef: 0.9997085878708442
Train loss (one batch): 152.61947631835938
Train CE loss (one batch): 0.0
Test MSE (raw): 0.0389
Test MSE (smoothed with alpha=0.01): 0.6621
New best smoothed test MSE: 0.6621. Saving best model to experiments/experiment_38384_best.ckpt
Test MSE group_0: 0.0250
Test MSE group_1: 0.0568
Test MSE group_2: nan
Test MSE group_3: nan
Poisson likelihood: 0.0
CE loss: 0.0
train MSE group_0: 0.0217
train MSE group_1: 0.0411
train MSE group_2: nan
train MSE group_3: nan
CE loss (TEST): 0.0
Experiment 38384
Epoch 0830 [Test seq (cond on sampled tp)] | Loss 187.614990 | Likelihood -188.609177 | KL fp 4.9152 | FP STD 0.3242|
KL coef: 0.9997364520939512
Train loss (one batch): 151.8919219970703
Train CE loss (one batch): 0.0
Test MSE (raw): 0.0385
Test MSE (smoothed with alpha=0.01): 0.6559
New best smoothed test MSE: 0.6559. Saving best model to experiments/experiment_38384_best.ckpt
Test MSE group_0: 0.0244
Test MSE group_1: 0.0564
Test MSE group_2: nan
Test MSE group_3: nan
Poisson likelihood: 0.0
CE loss: 0.0
train MSE group_0: 0.0222
train MSE group_1: 0.0405
train MSE group_2: nan
train MSE group_3: nan
CE loss (TEST): 0.0
Experiment 38384
Epoch 0840 [Test seq (cond on sampled tp)] | Loss 224.359924 | Likelihood -226.041458 | KL fp 5.1385 | FP STD 0.3314|
KL coef: 0.9997616519978635
Train loss (one batch): 182.73965454101562
Train CE loss (one batch): 0.0
Test MSE (raw): 0.0459
Test MSE (smoothed with alpha=0.01): 0.6498
New best smoothed test MSE: 0.6498. Saving best model to experiments/experiment_38384_best.ckpt
Test MSE group_0: 0.0312
Test MSE group_1: 0.0648
Test MSE group_2: nan
Test MSE group_3: nan
Poisson likelihood: 0.0
CE loss: 0.0
train MSE group_0: 0.0284
train MSE group_1: 0.0463
train MSE group_2: nan
train MSE group_3: nan
CE loss (TEST): 0.0
Experiment 38384
Epoch 0850 [Test seq (cond on sampled tp)] | Loss 218.134155 | Likelihood -221.300262 | KL fp 4.1954 | FP STD 0.4324|
KL coef: 0.9997844423392536
Train loss (one batch): 175.404541015625
Train CE loss (one batch): 0.0
Test MSE (raw): 0.0450
Test MSE (smoothed with alpha=0.01): 0.6437
New best smoothed test MSE: 0.6437. Saving best model to experiments/experiment_38384_best.ckpt
Test MSE group_0: 0.0302
Test MSE group_1: 0.0639
Test MSE group_2: nan
Test MSE group_3: nan
Poisson likelihood: 0.0
CE loss: 0.0
train MSE group_0: 0.0277
train MSE group_1: 0.0472
train MSE group_2: nan
train MSE group_3: nan
CE loss (TEST): 0.0
Experiment 38384
Epoch 0860 [Test seq (cond on sampled tp)] | Loss 247.906097 | Likelihood -259.232178 | KL fp 4.1455 | FP STD 0.5042|
KL coef: 0.9998050535154901
Train loss (one batch): 193.3870391845703
Train CE loss (one batch): 0.0
Test MSE (raw): 0.0526
Test MSE (smoothed with alpha=0.01): 0.6378
New best smoothed test MSE: 0.6378. Saving best model to experiments/experiment_38384_best.ckpt
Test MSE group_0: 0.0362
Test MSE group_1: 0.0736
Test MSE group_2: nan
Test MSE group_3: nan
Poisson likelihood: 0.0
CE loss: 0.0
train MSE group_0: 0.0319
train MSE group_1: 0.0497
train MSE group_2: nan
train MSE group_3: nan
CE loss (TEST): 0.0
Experiment 38384
Epoch 0870 [Test seq (cond on sampled tp)] | Loss 218.655792 | Likelihood -230.281952 | KL fp 4.4334 | FP STD 0.4717|
KL coef: 0.9998236938938232
Train loss (one batch): 194.76809692382812
Train CE loss (one batch): 0.0
Test MSE (raw): 0.0468
Test MSE (smoothed with alpha=0.01): 0.6319
New best smoothed test MSE: 0.6319. Saving best model to experiments/experiment_38384_best.ckpt
Test MSE group_0: 0.0366
Test MSE group_1: 0.0599
Test MSE group_2: nan
Test MSE group_3: nan
Poisson likelihood: 0.0
CE loss: 0.0
train MSE group_0: 0.0335
train MSE group_1: 0.0465
train MSE group_2: nan
train MSE group_3: nan
CE loss (TEST): 0.0
Experiment 38384
Epoch 0880 [Test seq (cond on sampled tp)] | Loss 206.515381 | Likelihood -211.377502 | KL fp 4.6583 | FP STD 0.4050|
KL coef: 0.9998405519178591
Train loss (one batch): 172.32144165039062
Train CE loss (one batch): 0.0
Test MSE (raw): 0.0430
Test MSE (smoothed with alpha=0.01): 0.6260
New best smoothed test MSE: 0.6260. Saving best model to experiments/experiment_38384_best.ckpt
Test MSE group_0: 0.0306
Test MSE group_1: 0.0589
Test MSE group_2: nan
Test MSE group_3: nan
Poisson likelihood: 0.0
CE loss: 0.0
train MSE group_0: 0.0286
train MSE group_1: 0.0438
train MSE group_2: nan
train MSE group_3: nan
CE loss (TEST): 0.0
Experiment 38384
Epoch 0890 [Test seq (cond on sampled tp)] | Loss 195.197464 | Likelihood -196.366455 | KL fp 4.8623 | FP STD 0.3764|
KL coef: 0.9998557980126173
Train loss (one batch): 158.42294311523438
Train CE loss (one batch): 0.0
Test MSE (raw): 0.0400
Test MSE (smoothed with alpha=0.01): 0.6201
New best smoothed test MSE: 0.6201. Saving best model to experiments/experiment_38384_best.ckpt
Test MSE group_0: 0.0267
Test MSE group_1: 0.0571
Test MSE group_2: nan
Test MSE group_3: nan
Poisson likelihood: 0.0
CE loss: 0.0
train MSE group_0: 0.0229
train MSE group_1: 0.0435
train MSE group_2: nan
train MSE group_3: nan
CE loss (TEST): 0.0
Experiment 38384
Epoch 0900 [Test seq (cond on sampled tp)] | Loss 191.745102 | Likelihood -192.833572 | KL fp 4.6379 | FP STD 0.3629|
KL coef: 0.9998695863074304
Train loss (one batch): 154.64088439941406
Train CE loss (one batch): 0.0
Test MSE (raw): 0.0393
Test MSE (smoothed with alpha=0.01): 0.6143
New best smoothed test MSE: 0.6143. Saving best model to experiments/experiment_38384_best.ckpt
Test MSE group_0: 0.0255
Test MSE group_1: 0.0570
Test MSE group_2: nan
Test MSE group_3: nan
Poisson likelihood: 0.0
CE loss: 0.0
train MSE group_0: 0.0235
train MSE group_1: 0.0396
train MSE group_2: nan
train MSE group_3: nan
CE loss (TEST): 0.0
Experiment 38384
Epoch 0910 [Test seq (cond on sampled tp)] | Loss 185.326691 | Likelihood -186.870453 | KL fp 4.8671 | FP STD 0.3462|
KL coef: 0.9998820561941043
Train loss (one batch): 151.39358520507812
Train CE loss (one batch): 0.0
Test MSE (raw): 0.0381
Test MSE (smoothed with alpha=0.01): 0.6086
New best smoothed test MSE: 0.6086. Saving best model to experiments/experiment_38384_best.ckpt
Test MSE group_0: 0.0258
Test MSE group_1: 0.0539
Test MSE group_2: nan
Test MSE group_3: nan
Poisson likelihood: 0.0
CE loss: 0.0
train MSE group_0: 0.0234
train MSE group_1: 0.0386
train MSE group_2: nan
train MSE group_3: nan
CE loss (TEST): 0.0
Experiment 38384
Epoch 0920 [Test seq (cond on sampled tp)] | Loss 185.258347 | Likelihood -186.157196 | KL fp 4.6850 | FP STD 0.3323|
KL coef: 0.9998933337360897
Train loss (one batch): 149.3470001220703
Train CE loss (one batch): 0.0
Test MSE (raw): 0.0380
Test MSE (smoothed with alpha=0.01): 0.6029
New best smoothed test MSE: 0.6029. Saving best model to experiments/experiment_38384_best.ckpt
Test MSE group_0: 0.0246
Test MSE group_1: 0.0551
Test MSE group_2: nan
Test MSE group_3: nan
Poisson likelihood: 0.0
CE loss: 0.0
train MSE group_0: 0.0225
train MSE group_1: 0.0392
train MSE group_2: nan
train MSE group_3: nan
CE loss (TEST): 0.0
Experiment 38384
Epoch 0930 [Test seq (cond on sampled tp)] | Loss 183.454971 | Likelihood -184.592407 | KL fp 4.6592 | FP STD 0.3224|
KL coef: 0.9999035329429113
Train loss (one batch): 147.6199951171875
Train CE loss (one batch): 0.0
Test MSE (raw): 0.0377
Test MSE (smoothed with alpha=0.01): 0.5972
New best smoothed test MSE: 0.5972. Saving best model to experiments/experiment_38384_best.ckpt
Test MSE group_0: 0.0248
Test MSE group_1: 0.0541
Test MSE group_2: nan
Test MSE group_3: nan
Poisson likelihood: 0.0
CE loss: 0.0
train MSE group_0: 0.0222
train MSE group_1: 0.0387
train MSE group_2: nan
train MSE group_3: nan
CE loss (TEST): 0.0
Experiment 38384
Epoch 0940 [Test seq (cond on sampled tp)] | Loss 185.000000 | Likelihood -184.986938 | KL fp 4.7773 | FP STD 0.3074|
KL coef: 0.9999127569227402
Train loss (one batch): 147.5515594482422
Train CE loss (one batch): 0.0
Test MSE (raw): 0.0377
Test MSE (smoothed with alpha=0.01): 0.5916
New best smoothed test MSE: 0.5916. Saving best model to experiments/experiment_38384_best.ckpt
Test MSE group_0: 0.0243
Test MSE group_1: 0.0550
Test MSE group_2: nan
Test MSE group_3: nan
Poisson likelihood: 0.0
CE loss: 0.0
train MSE group_0: 0.0218
train MSE group_1: 0.0395
train MSE group_2: nan
train MSE group_3: nan
CE loss (TEST): 0.0
Experiment 38384
Epoch 0950 [Test seq (cond on sampled tp)] | Loss 182.639084 | Likelihood -182.645950 | KL fp 4.8283 | FP STD 0.2973|
KL coef: 0.9999210989247576
Train loss (one batch): 145.54774475097656
Train CE loss (one batch): 0.0
Test MSE (raw): 0.0373
Test MSE (smoothed with alpha=0.01): 0.5861
New best smoothed test MSE: 0.5861. Saving best model to experiments/experiment_38384_best.ckpt
Test MSE group_0: 0.0244
Test MSE group_1: 0.0537
Test MSE group_2: nan
Test MSE group_3: nan
Poisson likelihood: 0.0
CE loss: 0.0
train MSE group_0: 0.0215
train MSE group_1: 0.0383
train MSE group_2: nan
train MSE group_3: nan
CE loss (TEST): 0.0
Experiment 38384
Epoch 0960 [Test seq (cond on sampled tp)] | Loss 182.413452 | Likelihood -182.638428 | KL fp 4.9249 | FP STD 0.2848|
KL coef: 0.9999286432818518
Train loss (one batch): 146.4755096435547
Train CE loss (one batch): 0.0
Test MSE (raw): 0.0373
Test MSE (smoothed with alpha=0.01): 0.5806
New best smoothed test MSE: 0.5806. Saving best model to experiments/experiment_38384_best.ckpt
Test MSE group_0: 0.0241
Test MSE group_1: 0.0542
Test MSE group_2: nan
Test MSE group_3: nan
Poisson likelihood: 0.0
CE loss: 0.0
train MSE group_0: 0.0219
train MSE group_1: 0.0378
train MSE group_2: nan
train MSE group_3: nan
CE loss (TEST): 0.0
Experiment 38384
Epoch 0970 [Test seq (cond on sampled tp)] | Loss 181.730423 | Likelihood -181.587128 | KL fp 5.1731 | FP STD 0.2720|
KL coef: 0.9999354662631753
Train loss (one batch): 144.9326629638672
Train CE loss (one batch): 0.0
Test MSE (raw): 0.0371
Test MSE (smoothed with alpha=0.01): 0.5752
New best smoothed test MSE: 0.5752. Saving best model to experiments/experiment_38384_best.ckpt
Test MSE group_0: 0.0241
Test MSE group_1: 0.0537
Test MSE group_2: nan
Test MSE group_3: nan
Poisson likelihood: 0.0
CE loss: 0.0
train MSE group_0: 0.0215
train MSE group_1: 0.0380
train MSE group_2: nan
train MSE group_3: nan
CE loss (TEST): 0.0
Experiment 38384
Epoch 0980 [Test seq (cond on sampled tp)] | Loss 182.551956 | Likelihood -181.581345 | KL fp 5.0394 | FP STD 0.2696|
KL coef: 0.9999416368451824
Train loss (one batch): 146.11196899414062
Train CE loss (one batch): 0.0
Test MSE (raw): 0.0371
Test MSE (smoothed with alpha=0.01): 0.5698
New best smoothed test MSE: 0.5698. Saving best model to experiments/experiment_38384_best.ckpt
Test MSE group_0: 0.0236
Test MSE group_1: 0.0543
Test MSE group_2: nan
Test MSE group_3: nan
Poisson likelihood: 0.0
CE loss: 0.0
train MSE group_0: 0.0215
train MSE group_1: 0.0386
train MSE group_2: nan
train MSE group_3: nan
CE loss (TEST): 0.0
Experiment 38384
Epoch 0990 [Test seq (cond on sampled tp)] | Loss 180.446793 | Likelihood -179.373169 | KL fp 5.0258 | FP STD 0.2673|
KL coef: 0.9999472174089421
Train loss (one batch): 145.64813232421875
Train CE loss (one batch): 0.0
Test MSE (raw): 0.0366
Test MSE (smoothed with alpha=0.01): 0.5644
New best smoothed test MSE: 0.5644. Saving best model to experiments/experiment_38384_best.ckpt
Test MSE group_0: 0.0241
Test MSE group_1: 0.0527
Test MSE group_2: nan
Test MSE group_3: nan
Poisson likelihood: 0.0
CE loss: 0.0
train MSE group_0: 0.0221
train MSE group_1: 0.0377
train MSE group_2: nan
train MSE group_3: nan
CE loss (TEST): 0.0
Experiment 38384
Epoch 1000 [Test seq (cond on sampled tp)] | Loss 181.615021 | Likelihood -180.333282 | KL fp 5.1341 | FP STD 0.2594|
KL coef: 0.9999522643707747
Train loss (one batch): 146.46524047851562
Train CE loss (one batch): 0.0
Test MSE (raw): 0.0368
Test MSE (smoothed with alpha=0.01): 0.5592
New best smoothed test MSE: 0.5592. Saving best model to experiments/experiment_38384_best.ckpt
Test MSE group_0: 0.0238
Test MSE group_1: 0.0535
Test MSE group_2: nan
Test MSE group_3: nan
Poisson likelihood: 0.0
CE loss: 0.0
train MSE group_0: 0.0211
train MSE group_1: 0.0387
train MSE group_2: nan
train MSE group_3: nan
CE loss (TEST): 0.0
Experiment 38384
Epoch 1010 [Test seq (cond on sampled tp)] | Loss 180.000244 | Likelihood -179.604218 | KL fp 5.1473 | FP STD 0.2568|
KL coef: 0.9999568287525893
Train loss (one batch): 146.0140838623047
Train CE loss (one batch): 0.0
Test MSE (raw): 0.0367
Test MSE (smoothed with alpha=0.01): 0.5539
New best smoothed test MSE: 0.5539. Saving best model to experiments/experiment_38384_best.ckpt
Test MSE group_0: 0.0236
Test MSE group_1: 0.0534
Test MSE group_2: nan
Test MSE group_3: nan
Poisson likelihood: 0.0
CE loss: 0.0
train MSE group_0: 0.0213
train MSE group_1: 0.0387
train MSE group_2: nan
train MSE group_3: nan
CE loss (TEST): 0.0
Experiment 38384
Epoch 1020 [Test seq (cond on sampled tp)] | Loss 181.057617 | Likelihood -180.228607 | KL fp 5.1797 | FP STD 0.2555|
KL coef: 0.999960956697686
Train loss (one batch): 142.8157196044922
Train CE loss (one batch): 0.0
Test MSE (raw): 0.0368
Test MSE (smoothed with alpha=0.01): 0.5488
New best smoothed test MSE: 0.5488. Saving best model to experiments/experiment_38384_best.ckpt
Test MSE group_0: 0.0233
Test MSE group_1: 0.0541
Test MSE group_2: nan
Test MSE group_3: nan
Poisson likelihood: 0.0
CE loss: 0.0
train MSE group_0: 0.0204
train MSE group_1: 0.0380
train MSE group_2: nan
train MSE group_3: nan
CE loss (TEST): 0.0
Experiment 38384
Epoch 1030 [Test seq (cond on sampled tp)] | Loss 181.074203 | Likelihood -180.184769 | KL fp 5.1050 | FP STD 0.2574|
KL coef: 0.9999646899372381
Train loss (one batch): 144.8410186767578
Train CE loss (one batch): 0.0
Test MSE (raw): 0.0368
Test MSE (smoothed with alpha=0.01): 0.5436
New best smoothed test MSE: 0.5436. Saving best model to experiments/experiment_38384_best.ckpt
Test MSE group_0: 0.0239
Test MSE group_1: 0.0534
Test MSE group_2: nan
Test MSE group_3: nan
Poisson likelihood: 0.0
CE loss: 0.0
train MSE group_0: 0.0211
train MSE group_1: 0.0382
train MSE group_2: nan
train MSE group_3: nan
CE loss (TEST): 0.0
Experiment 38384
Epoch 1040 [Test seq (cond on sampled tp)] | Loss 180.773117 | Likelihood -180.651535 | KL fp 4.9134 | FP STD 0.2663|
KL coef: 0.9999680662121707
Train loss (one batch): 147.16807556152344
Train CE loss (one batch): 0.0
Test MSE (raw): 0.0369
Test MSE (smoothed with alpha=0.01): 0.5386
New best smoothed test MSE: 0.5386. Saving best model to experiments/experiment_38384_best.ckpt
Test MSE group_0: 0.0241
Test MSE group_1: 0.0532
Test MSE group_2: nan
Test MSE group_3: nan
Poisson likelihood: 0.0
CE loss: 0.0
train MSE group_0: 0.0229
train MSE group_1: 0.0380
train MSE group_2: nan
train MSE group_3: nan
CE loss (TEST): 0.0
Experiment 38384
Epoch 1050 [Test seq (cond on sampled tp)] | Loss 179.733017 | Likelihood -178.937363 | KL fp 4.9853 | FP STD 0.2641|
KL coef: 0.9999711196547001
Train loss (one batch): 144.924072265625
Train CE loss (one batch): 0.0
Test MSE (raw): 0.0365
Test MSE (smoothed with alpha=0.01): 0.5336
New best smoothed test MSE: 0.5336. Saving best model to experiments/experiment_38384_best.ckpt
Test MSE group_0: 0.0244
Test MSE group_1: 0.0521
Test MSE group_2: nan
Test MSE group_3: nan
Poisson likelihood: 0.0
CE loss: 0.0
train MSE group_0: 0.0217
train MSE group_1: 0.0377
train MSE group_2: nan
train MSE group_3: nan
CE loss (TEST): 0.0
Experiment 38384
Epoch 1060 [Test seq (cond on sampled tp)] | Loss 182.027328 | Likelihood -181.400513 | KL fp 5.0452 | FP STD 0.2564|
KL coef: 0.9999738811333907
Train loss (one batch): 141.3765869140625
Train CE loss (one batch): 0.0
Test MSE (raw): 0.0370
Test MSE (smoothed with alpha=0.01): 0.5286
New best smoothed test MSE: 0.5286. Saving best model to experiments/experiment_38384_best.ckpt
Test MSE group_0: 0.0233
Test MSE group_1: 0.0546
Test MSE group_2: nan
Test MSE group_3: nan
Poisson likelihood: 0.0
CE loss: 0.0
train MSE group_0: 0.0206
train MSE group_1: 0.0376
train MSE group_2: nan
train MSE group_3: nan
CE loss (TEST): 0.0
Experiment 38384
Epoch 1070 [Test seq (cond on sampled tp)] | Loss 179.349121 | Likelihood -178.327972 | KL fp 5.1221 | FP STD 0.2552|
KL coef: 0.9999763785652189
Train loss (one batch): 144.28688049316406
Train CE loss (one batch): 0.0
Test MSE (raw): 0.0364
Test MSE (smoothed with alpha=0.01): 0.5237
New best smoothed test MSE: 0.5237. Saving best model to experiments/experiment_38384_best.ckpt
Test MSE group_0: 0.0236
Test MSE group_1: 0.0528
Test MSE group_2: nan
Test MSE group_3: nan
Poisson likelihood: 0.0
CE loss: 0.0
train MSE group_0: 0.0214
train MSE group_1: 0.0379
train MSE group_2: nan
train MSE group_3: nan
CE loss (TEST): 0.0
Experiment 38384
Epoch 1080 [Test seq (cond on sampled tp)] | Loss 179.681732 | Likelihood -178.372879 | KL fp 5.1177 | FP STD 0.2572|
KL coef: 0.999978637197798
Train loss (one batch): 145.66397094726562
Train CE loss (one batch): 0.0
Test MSE (raw): 0.0364
Test MSE (smoothed with alpha=0.01): 0.5188
New best smoothed test MSE: 0.5188. Saving best model to experiments/experiment_38384_best.ckpt
Test MSE group_0: 0.0234
Test MSE group_1: 0.0531
Test MSE group_2: nan
Test MSE group_3: nan
Poisson likelihood: 0.0
CE loss: 0.0
train MSE group_0: 0.0214
train MSE group_1: 0.0381
train MSE group_2: nan
train MSE group_3: nan
CE loss (TEST): 0.0
Experiment 38384
Epoch 1090 [Test seq (cond on sampled tp)] | Loss 179.079086 | Likelihood -178.075714 | KL fp 5.0808 | FP STD 0.2560|
KL coef: 0.9999806798646166
Train loss (one batch): 144.89520263671875
Train CE loss (one batch): 0.0
Test MSE (raw): 0.0364
Test MSE (smoothed with alpha=0.01): 0.5140
New best smoothed test MSE: 0.5140. Saving best model to experiments/experiment_38384_best.ckpt
Test MSE group_0: 0.0231
Test MSE group_1: 0.0533
Test MSE group_2: nan
Test MSE group_3: nan
Poisson likelihood: 0.0
CE loss: 0.0
train MSE group_0: 0.0212
train MSE group_1: 0.0380
train MSE group_2: nan
train MSE group_3: nan
CE loss (TEST): 0.0
Experiment 38384
Epoch 1100 [Test seq (cond on sampled tp)] | Loss 178.750244 | Likelihood -177.371796 | KL fp 5.0755 | FP STD 0.2535|
KL coef: 0.9999825272158726
Train loss (one batch): 143.38999938964844
Train CE loss (one batch): 0.0
Test MSE (raw): 0.0362
Test MSE (smoothed with alpha=0.01): 0.5092
New best smoothed test MSE: 0.5092. Saving best model to experiments/experiment_38384_best.ckpt
Test MSE group_0: 0.0233
Test MSE group_1: 0.0527
Test MSE group_2: nan
Test MSE group_3: nan
Poisson likelihood: 0.0
CE loss: 0.0
train MSE group_0: 0.0211
train MSE group_1: 0.0376
train MSE group_2: nan
train MSE group_3: nan
CE loss (TEST): 0.0
Experiment 38384
Epoch 1110 [Test seq (cond on sampled tp)] | Loss 179.663818 | Likelihood -178.201889 | KL fp 5.0371 | FP STD 0.2531|
KL coef: 0.9999841979272346
Train loss (one batch): 142.60877990722656
Train CE loss (one batch): 0.0
Test MSE (raw): 0.0364
Test MSE (smoothed with alpha=0.01): 0.5045
New best smoothed test MSE: 0.5045. Saving best model to experiments/experiment_38384_best.ckpt
Test MSE group_0: 0.0234
Test MSE group_1: 0.0530
Test MSE group_2: nan
Test MSE group_3: nan
Poisson likelihood: 0.0
CE loss: 0.0
train MSE group_0: 0.0210
train MSE group_1: 0.0377
train MSE group_2: nan
train MSE group_3: nan
CE loss (TEST): 0.0
Experiment 38384
Epoch 1120 [Test seq (cond on sampled tp)] | Loss 178.106308 | Likelihood -177.006821 | KL fp 5.0756 | FP STD 0.2491|
KL coef: 0.999985708888643
Train loss (one batch): 142.6327362060547
Train CE loss (one batch): 0.0
Test MSE (raw): 0.0361
Test MSE (smoothed with alpha=0.01): 0.4998
New best smoothed test MSE: 0.4998. Saving best model to experiments/experiment_38384_best.ckpt
Test MSE group_0: 0.0233
Test MSE group_1: 0.0526
Test MSE group_2: nan
Test MSE group_3: nan
Poisson likelihood: 0.0
CE loss: 0.0
train MSE group_0: 0.0208
train MSE group_1: 0.0375
train MSE group_2: nan
train MSE group_3: nan
CE loss (TEST): 0.0
Experiment 38384
Epoch 1130 [Test seq (cond on sampled tp)] | Loss 178.603561 | Likelihood -176.693802 | KL fp 5.1738 | FP STD 0.2422|
KL coef: 0.9999870753750567
Train loss (one batch): 143.11219787597656
Train CE loss (one batch): 0.0
Test MSE (raw): 0.0361
Test MSE (smoothed with alpha=0.01): 0.4951
New best smoothed test MSE: 0.4951. Saving best model to experiments/experiment_38384_best.ckpt
Test MSE group_0: 0.0233
Test MSE group_1: 0.0524
Test MSE group_2: nan
Test MSE group_3: nan
Poisson likelihood: 0.0
CE loss: 0.0
train MSE group_0: 0.0211
train MSE group_1: 0.0373
train MSE group_2: nan
train MSE group_3: nan
CE loss (TEST): 0.0
