/Users/benjaminmaurel/Documents/Training_Sanofi/notebooks_hands_on/latent_ode/run_models.py
run_models.py --niters 3000 -n 200 -s 40 -l 10 --dataset PK_Tacro --latent-ode --noise-weight 0.01 --max-t 5. --seed 3 --experiment 36684
Experiment 36684
Epoch 1000 [Test seq (cond on sampled tp)] | Loss 270.688385 | Likelihood -274.015564 | KL fp 4.8938 | FP STD 0.2680|
KL coef: 0.9999522643707747
Train loss (one batch): 254.5594940185547
Train CE loss (one batch): 0.0
Test MSE (raw): 0.0555
Test MSE (smoothed with alpha=0.01): 0.0555
New best smoothed test MSE: 0.0555. Saving best model to experiments/experiment_36684_best.ckpt
Test MSE group_0: 0.0528
Test MSE group_1: 0.0582
Test MSE group_2: nan
Test MSE group_3: nan
Poisson likelihood: 0.0
CE loss: 0.0
train MSE group_0: 0.0503
train MSE group_1: 0.0538
train MSE group_2: nan
train MSE group_3: nan
CE loss (TEST): 0.0
Experiment 36684
Epoch 2000 [Test seq (cond on sampled tp)] | Loss 225.313049 | Likelihood -225.143570 | KL fp 4.9884 | FP STD 0.1948|
KL coef: 0.9999999979391934
Train loss (one batch): 205.68614196777344
Train CE loss (one batch): 0.0
Test MSE (raw): 0.0458
Test MSE (smoothed with alpha=0.01): 0.0554
New best smoothed test MSE: 0.0554. Saving best model to experiments/experiment_36684_best.ckpt
Test MSE group_0: 0.0426
Test MSE group_1: 0.0488
Test MSE group_2: nan
Test MSE group_3: nan
Poisson likelihood: 0.0
CE loss: 0.0
train MSE group_0: 0.0391
train MSE group_1: 0.0436
train MSE group_2: nan
train MSE group_3: nan
CE loss (TEST): 0.0
Experiment 36684
Epoch 3000 [Test seq (cond on sampled tp)] | Loss 201.985962 | Likelihood -199.885452 | KL fp 5.0014 | FP STD 0.1241|
KL coef: 0.9999999999999111
Train loss (one batch): 184.25250244140625
Train CE loss (one batch): 0.0
Test MSE (raw): 0.0407
Test MSE (smoothed with alpha=0.01): 0.0553
New best smoothed test MSE: 0.0553. Saving best model to experiments/experiment_36684_best.ckpt
Test MSE group_0: 0.0373
Test MSE group_1: 0.0440
Test MSE group_2: nan
Test MSE group_3: nan
Poisson likelihood: 0.0
CE loss: 0.0
train MSE group_0: 0.0346
train MSE group_1: 0.0389
train MSE group_2: nan
train MSE group_3: nan
CE loss (TEST): 0.0
