/Users/benjaminmaurel/Documents/Training_Sanofi/notebooks_hands_on/latent_ode/run_models.py
run_models.py --niters 3000 -n 200 -s 40 -l 10 --dataset PK_Tacro --latent-ode --noise-weight 0.01 --max-t 5. --seed 104 --experiment 26491
Experiment 26491
Epoch 1000 [Test seq (cond on sampled tp)] | Loss 142.570374 | Likelihood -140.742538 | KL fp 4.5228 | FP STD 0.1251|
KL coef: 0.9999522643707747
Train loss (one batch): 150.19322204589844
Train CE loss (one batch): 0.0
Test MSE (raw): 0.0289
Test MSE (smoothed with alpha=0.01): 0.0289
New best smoothed test MSE: 0.0289. Saving best model to experiments/experiment_26491_best.ckpt
Test MSE group_0: 0.0263
Test MSE group_1: 0.0314
Test MSE group_2: nan
Test MSE group_3: nan
Poisson likelihood: 0.0
CE loss: 0.0
train MSE group_0: 0.0249
train MSE group_1: 0.0347
train MSE group_2: nan
train MSE group_3: nan
CE loss (TEST): 0.0
Experiment 26491
Epoch 2000 [Test seq (cond on sampled tp)] | Loss 138.022110 | Likelihood -137.160950 | KL fp 4.3783 | FP STD 0.1356|
KL coef: 0.9999999979391934
Train loss (one batch): 138.63345336914062
Train CE loss (one batch): 0.0
Test MSE (raw): 0.0282
Test MSE (smoothed with alpha=0.01): 0.0289
New best smoothed test MSE: 0.0289. Saving best model to experiments/experiment_26491_best.ckpt
Test MSE group_0: 0.0256
Test MSE group_1: 0.0307
Test MSE group_2: nan
Test MSE group_3: nan
Poisson likelihood: 0.0
CE loss: 0.0
train MSE group_0: 0.0240
train MSE group_1: 0.0312
train MSE group_2: nan
train MSE group_3: nan
CE loss (TEST): 0.0
Experiment 26491
Epoch 3000 [Test seq (cond on sampled tp)] | Loss 130.936951 | Likelihood -129.100037 | KL fp 4.6390 | FP STD 0.0853|
KL coef: 0.9999999999999111
Train loss (one batch): 128.61761474609375
Train CE loss (one batch): 0.0
Test MSE (raw): 0.0266
Test MSE (smoothed with alpha=0.01): 0.0289
New best smoothed test MSE: 0.0289. Saving best model to experiments/experiment_26491_best.ckpt
Test MSE group_0: 0.0249
Test MSE group_1: 0.0281
Test MSE group_2: nan
Test MSE group_3: nan
Poisson likelihood: 0.0
CE loss: 0.0
train MSE group_0: 0.0229
train MSE group_1: 0.0283
train MSE group_2: nan
train MSE group_3: nan
CE loss (TEST): 0.0
