/Users/benjaminmaurel/Documents/Training_Sanofi/notebooks_hands_on/latent_ode/run_models.py
run_models.py --niters 3000 -n 200 -s 40 -l 10 --dataset PK_Tacro --latent-ode --noise-weight 0.01 --max-t 5. --seed 10 --experiment 30257
Experiment 30257
Epoch 1000 [Test seq (cond on sampled tp)] | Loss 212.495789 | Likelihood -210.141571 | KL fp 7.1927 | FP STD 0.2384|
KL coef: 0.9999522643707747
Train loss (one batch): 195.0662078857422
Train CE loss (one batch): 0.0
Test MSE (raw): 0.0428
Test MSE (smoothed with alpha=0.01): 0.0428
New best smoothed test MSE: 0.0428. Saving best model to experiments/experiment_30257_best.ckpt
Test MSE group_0: 0.0333
Test MSE group_1: 0.0532
Test MSE group_2: nan
Test MSE group_3: nan
Poisson likelihood: 0.0
CE loss: 0.0
train MSE group_0: 0.0324
train MSE group_1: 0.0461
train MSE group_2: nan
train MSE group_3: nan
CE loss (TEST): 0.0
Experiment 30257
Epoch 2000 [Test seq (cond on sampled tp)] | Loss 172.593765 | Likelihood -167.896072 | KL fp 7.4160 | FP STD 0.1262|
KL coef: 0.9999999979391934
Train loss (one batch): 157.1804656982422
Train CE loss (one batch): 0.0
Test MSE (raw): 0.0343
Test MSE (smoothed with alpha=0.01): 0.0427
New best smoothed test MSE: 0.0427. Saving best model to experiments/experiment_30257_best.ckpt
Test MSE group_0: 0.0295
Test MSE group_1: 0.0397
Test MSE group_2: nan
Test MSE group_3: nan
Poisson likelihood: 0.0
CE loss: 0.0
train MSE group_0: 0.0272
train MSE group_1: 0.0351
train MSE group_2: nan
train MSE group_3: nan
CE loss (TEST): 0.0
Experiment 30257
Epoch 3000 [Test seq (cond on sampled tp)] | Loss 169.925400 | Likelihood -166.758423 | KL fp 6.9689 | FP STD 0.1433|
KL coef: 0.9999999999999111
Train loss (one batch): 157.415771484375
Train CE loss (one batch): 0.0
Test MSE (raw): 0.0341
Test MSE (smoothed with alpha=0.01): 0.0426
New best smoothed test MSE: 0.0426. Saving best model to experiments/experiment_30257_best.ckpt
Test MSE group_0: 0.0289
Test MSE group_1: 0.0398
Test MSE group_2: nan
Test MSE group_3: nan
Poisson likelihood: 0.0
CE loss: 0.0
train MSE group_0: 0.0271
train MSE group_1: 0.0357
train MSE group_2: nan
train MSE group_3: nan
CE loss (TEST): 0.0
