/Users/benjaminmaurel/Documents/Training_Sanofi/notebooks_hands_on/latent_ode/run_models.py
run_models.py --niters 3000 -n 200 -s 40 -l 10 --dataset PK_Tacro --latent-ode --noise-weight 0.01 --max-t 5. --seed 135 --experiment 29388
Experiment 29388
Epoch 1000 [Test seq (cond on sampled tp)] | Loss 161.623550 | Likelihood -160.413361 | KL fp 4.6706 | FP STD 0.1225|
KL coef: 0.9999522643707747
Train loss (one batch): 171.60585021972656
Train CE loss (one batch): 0.0
Test MSE (raw): 0.0328
Test MSE (smoothed with alpha=0.01): 0.0328
New best smoothed test MSE: 0.0328. Saving best model to experiments/experiment_29388_best.ckpt
Test MSE group_0: 0.0281
Test MSE group_1: 0.0375
Test MSE group_2: nan
Test MSE group_3: nan
Poisson likelihood: 0.0
CE loss: 0.0
train MSE group_0: 0.0300
train MSE group_1: 0.0391
train MSE group_2: nan
train MSE group_3: nan
CE loss (TEST): 0.0
Experiment 29388
Epoch 2000 [Test seq (cond on sampled tp)] | Loss 146.090088 | Likelihood -143.730316 | KL fp 5.0802 | FP STD 0.0858|
KL coef: 0.9999999979391934
Train loss (one batch): 149.7061004638672
Train CE loss (one batch): 0.0
Test MSE (raw): 0.0295
Test MSE (smoothed with alpha=0.01): 0.0328
New best smoothed test MSE: 0.0328. Saving best model to experiments/experiment_29388_best.ckpt
Test MSE group_0: 0.0276
Test MSE group_1: 0.0313
Test MSE group_2: nan
Test MSE group_3: nan
Poisson likelihood: 0.0
CE loss: 0.0
train MSE group_0: 0.0277
train MSE group_1: 0.0323
train MSE group_2: nan
train MSE group_3: nan
CE loss (TEST): 0.0
Experiment 29388
Epoch 3000 [Test seq (cond on sampled tp)] | Loss 138.037933 | Likelihood -135.895813 | KL fp 4.9187 | FP STD 0.0905|
KL coef: 0.9999999999999111
Train loss (one batch): 139.55548095703125
Train CE loss (one batch): 0.0
Test MSE (raw): 0.0279
Test MSE (smoothed with alpha=0.01): 0.0327
New best smoothed test MSE: 0.0327. Saving best model to experiments/experiment_29388_best.ckpt
Test MSE group_0: 0.0269
Test MSE group_1: 0.0289
Test MSE group_2: nan
Test MSE group_3: nan
Poisson likelihood: 0.0
CE loss: 0.0
train MSE group_0: 0.0265
train MSE group_1: 0.0294
train MSE group_2: nan
train MSE group_3: nan
CE loss (TEST): 0.0
