/Users/benjaminmaurel/Documents/Training_Sanofi/notebooks_hands_on/latent_ode/run_models.py
run_models.py --niters 3000 -n 200 -s 40 -l 10 --dataset PK_Tacro --latent-ode --noise-weight 0.01 --max-t 5. --seed 46 --experiment 34928
Experiment 34928
Epoch 1000 [Test seq (cond on sampled tp)] | Loss 202.469055 | Likelihood -201.166809 | KL fp 6.3321 | FP STD 0.1838|
KL coef: 0.9999522643707747
Train loss (one batch): 197.53094482421875
Train CE loss (one batch): 0.0
Test MSE (raw): 0.0410
Test MSE (smoothed with alpha=0.01): 0.0410
New best smoothed test MSE: 0.0410. Saving best model to experiments/experiment_34928_best.ckpt
Test MSE group_0: 0.0342
Test MSE group_1: 0.0477
Test MSE group_2: nan
Test MSE group_3: nan
Poisson likelihood: 0.0
CE loss: 0.0
train MSE group_0: 0.0344
train MSE group_1: 0.0447
train MSE group_2: nan
train MSE group_3: nan
CE loss (TEST): 0.0
Experiment 34928
Epoch 2000 [Test seq (cond on sampled tp)] | Loss 175.380508 | Likelihood -171.516968 | KL fp 6.5572 | FP STD 0.0942|
KL coef: 0.9999999979391934
Train loss (one batch): 169.35220336914062
Train CE loss (one batch): 0.0
Test MSE (raw): 0.0350
Test MSE (smoothed with alpha=0.01): 0.0409
New best smoothed test MSE: 0.0409. Saving best model to experiments/experiment_34928_best.ckpt
Test MSE group_0: 0.0313
Test MSE group_1: 0.0388
Test MSE group_2: nan
Test MSE group_3: nan
Poisson likelihood: 0.0
CE loss: 0.0
train MSE group_0: 0.0307
train MSE group_1: 0.0360
train MSE group_2: nan
train MSE group_3: nan
CE loss (TEST): 0.0
Experiment 34928
Epoch 3000 [Test seq (cond on sampled tp)] | Loss 168.040558 | Likelihood -164.464020 | KL fp 6.2282 | FP STD 0.0998|
KL coef: 0.9999999999999111
Train loss (one batch): 161.1390380859375
Train CE loss (one batch): 0.0
Test MSE (raw): 0.0336
Test MSE (smoothed with alpha=0.01): 0.0408
New best smoothed test MSE: 0.0408. Saving best model to experiments/experiment_34928_best.ckpt
Test MSE group_0: 0.0306
Test MSE group_1: 0.0367
Test MSE group_2: nan
Test MSE group_3: nan
Poisson likelihood: 0.0
CE loss: 0.0
train MSE group_0: 0.0298
train MSE group_1: 0.0340
train MSE group_2: nan
train MSE group_3: nan
CE loss (TEST): 0.0
