/Users/benjaminmaurel/Documents/Training_Sanofi/notebooks_hands_on/latent_ode/run_models.py
run_models.py --niters 3000 -n 200 -s 40 -l 10 --dataset PK_Tacro --latent-ode --noise-weight 0.01 --max-t 5. --seed 26 --experiment 14004
Experiment 14004
Epoch 1000 [Test seq (cond on sampled tp)] | Loss 210.720032 | Likelihood -210.526154 | KL fp 4.5946 | FP STD 0.1436|
KL coef: 0.9999522643707747
Train loss (one batch): 208.2986297607422
Train CE loss (one batch): 0.0
Test MSE (raw): 0.0428
Test MSE (smoothed with alpha=0.01): 0.0428
New best smoothed test MSE: 0.0428. Saving best model to experiments/experiment_14004_best.ckpt
Test MSE group_0: 0.0404
Test MSE group_1: 0.0450
Test MSE group_2: nan
Test MSE group_3: nan
Poisson likelihood: 0.0
CE loss: 0.0
train MSE group_0: 0.0385
train MSE group_1: 0.0444
train MSE group_2: nan
train MSE group_3: nan
CE loss (TEST): 0.0
Experiment 14004
Epoch 2000 [Test seq (cond on sampled tp)] | Loss 188.330887 | Likelihood -186.088989 | KL fp 4.9147 | FP STD 0.0621|
KL coef: 0.9999999979391934
Train loss (one batch): 187.15231323242188
Train CE loss (one batch): 0.0
Test MSE (raw): 0.0380
Test MSE (smoothed with alpha=0.01): 0.0428
New best smoothed test MSE: 0.0428. Saving best model to experiments/experiment_14004_best.ckpt
Test MSE group_0: 0.0358
Test MSE group_1: 0.0398
Test MSE group_2: nan
Test MSE group_3: nan
Poisson likelihood: 0.0
CE loss: 0.0
train MSE group_0: 0.0333
train MSE group_1: 0.0405
train MSE group_2: nan
train MSE group_3: nan
CE loss (TEST): 0.0
Experiment 14004
Epoch 3000 [Test seq (cond on sampled tp)] | Loss 190.306549 | Likelihood -189.962326 | KL fp 4.4256 | FP STD 0.1016|
KL coef: 0.9999999999999111
Train loss (one batch): 190.2434539794922
Train CE loss (one batch): 0.0
Test MSE (raw): 0.0387
Test MSE (smoothed with alpha=0.01): 0.0428
New best smoothed test MSE: 0.0428. Saving best model to experiments/experiment_14004_best.ckpt
Test MSE group_0: 0.0371
Test MSE group_1: 0.0402
Test MSE group_2: nan
Test MSE group_3: nan
Poisson likelihood: 0.0
CE loss: 0.0
train MSE group_0: 0.0341
train MSE group_1: 0.0418
train MSE group_2: nan
train MSE group_3: nan
CE loss (TEST): 0.0
