/Users/benjaminmaurel/Documents/Training_Sanofi/notebooks_hands_on/latent_ode/run_models.py
run_models.py --niters 3000 -n 200 -s 40 -l 10 --dataset PK_Tacro --latent-ode --noise-weight 0.01 --max-t 5. --seed 7 --experiment 17805
Experiment 17805
Epoch 1000 [Test seq (cond on sampled tp)] | Loss 188.283585 | Likelihood -188.136719 | KL fp 4.2721 | FP STD 0.1651|
KL coef: 0.9999522643707747
Train loss (one batch): 172.05845642089844
Train CE loss (one batch): 0.0
Test MSE (raw): 0.0384
Test MSE (smoothed with alpha=0.01): 0.0384
New best smoothed test MSE: 0.0384. Saving best model to experiments/experiment_17805_best.ckpt
Test MSE group_0: 0.0367
Test MSE group_1: 0.0399
Test MSE group_2: nan
Test MSE group_3: nan
Poisson likelihood: 0.0
CE loss: 0.0
train MSE group_0: 0.0296
train MSE group_1: 0.0388
train MSE group_2: nan
train MSE group_3: nan
CE loss (TEST): 0.0
Experiment 17805
Epoch 2000 [Test seq (cond on sampled tp)] | Loss 169.145203 | Likelihood -167.205261 | KL fp 4.6770 | FP STD 0.1260|
KL coef: 0.9999999979391934
Train loss (one batch): 150.01695251464844
Train CE loss (one batch): 0.0
Test MSE (raw): 0.0342
Test MSE (smoothed with alpha=0.01): 0.0383
New best smoothed test MSE: 0.0383. Saving best model to experiments/experiment_17805_best.ckpt
Test MSE group_0: 0.0323
Test MSE group_1: 0.0358
Test MSE group_2: nan
Test MSE group_3: nan
Poisson likelihood: 0.0
CE loss: 0.0
train MSE group_0: 0.0257
train MSE group_1: 0.0341
train MSE group_2: nan
train MSE group_3: nan
CE loss (TEST): 0.0
