/Users/benjaminmaurel/Documents/Training_Sanofi/notebooks_hands_on/latent_ode/run_models.py
run_models.py --niters 3000 -n 200 -s 40 -l 10 --dataset PK_Tacro --latent-ode --noise-weight 0.01 --max-t 5. --seed 191 --experiment 19585
Experiment 19585
Epoch 1000 [Test seq (cond on sampled tp)] | Loss 157.792419 | Likelihood -155.146484 | KL fp 5.3622 | FP STD 0.0870|
KL coef: 0.9999522643707747
Train loss (one batch): 158.02450561523438
Train CE loss (one batch): 0.0
Test MSE (raw): 0.0318
Test MSE (smoothed with alpha=0.01): 0.0318
New best smoothed test MSE: 0.0318. Saving best model to experiments/experiment_19585_best.ckpt
Test MSE group_0: 0.0292
Test MSE group_1: 0.0343
Test MSE group_2: nan
Test MSE group_3: nan
Poisson likelihood: 0.0
CE loss: 0.0
train MSE group_0: 0.0302
train MSE group_1: 0.0326
train MSE group_2: nan
train MSE group_3: nan
CE loss (TEST): 0.0
Experiment 19585
Epoch 2000 [Test seq (cond on sampled tp)] | Loss 154.196198 | Likelihood -153.175323 | KL fp 4.7361 | FP STD 0.1887|
KL coef: 0.9999999979391934
Train loss (one batch): 153.37106323242188
Train CE loss (one batch): 0.0
Test MSE (raw): 0.0314
Test MSE (smoothed with alpha=0.01): 0.0318
New best smoothed test MSE: 0.0318. Saving best model to experiments/experiment_19585_best.ckpt
Test MSE group_0: 0.0294
Test MSE group_1: 0.0333
Test MSE group_2: nan
Test MSE group_3: nan
Poisson likelihood: 0.0
CE loss: 0.0
train MSE group_0: 0.0297
train MSE group_1: 0.0316
train MSE group_2: nan
train MSE group_3: nan
CE loss (TEST): 0.0
Experiment 19585
Epoch 3000 [Test seq (cond on sampled tp)] | Loss 146.596527 | Likelihood -144.066895 | KL fp 5.2756 | FP STD 0.1046|
KL coef: 0.9999999999999111
Train loss (one batch): 141.68875122070312
Train CE loss (one batch): 0.0
Test MSE (raw): 0.0296
Test MSE (smoothed with alpha=0.01): 0.0317
New best smoothed test MSE: 0.0317. Saving best model to experiments/experiment_19585_best.ckpt
Test MSE group_0: 0.0284
Test MSE group_1: 0.0307
Test MSE group_2: nan
Test MSE group_3: nan
Poisson likelihood: 0.0
CE loss: 0.0
train MSE group_0: 0.0283
train MSE group_1: 0.0283
train MSE group_2: nan
train MSE group_3: nan
CE loss (TEST): 0.0
