/Users/benjaminmaurel/Documents/Training_Sanofi/notebooks_hands_on/latent_ode/run_models.py
run_models.py --niters 3000 -n 200 -s 40 -l 10 --dataset PK_Tacro --latent-ode --noise-weight 0.01 --max-t 5. --seed 5 --experiment 14649
Experiment 14649
Epoch 1000 [Test seq (cond on sampled tp)] | Loss 229.191116 | Likelihood -229.082214 | KL fp 3.8573 | FP STD 0.1831|
KL coef: 0.9999522643707747
Train loss (one batch): 242.873046875
Train CE loss (one batch): 0.0
Test MSE (raw): 0.0466
Test MSE (smoothed with alpha=0.01): 0.0466
New best smoothed test MSE: 0.0466. Saving best model to experiments/experiment_14649_best.ckpt
Test MSE group_0: 0.0422
Test MSE group_1: 0.0517
Test MSE group_2: nan
Test MSE group_3: nan
Poisson likelihood: 0.0
CE loss: 0.0
train MSE group_0: 0.0437
train MSE group_1: 0.0528
train MSE group_2: nan
train MSE group_3: nan
CE loss (TEST): 0.0
Experiment 14649
Epoch 2000 [Test seq (cond on sampled tp)] | Loss 189.011749 | Likelihood -187.146011 | KL fp 4.7716 | FP STD 0.1059|
KL coef: 0.9999999979391934
Train loss (one batch): 194.3594970703125
Train CE loss (one batch): 0.0
Test MSE (raw): 0.0382
Test MSE (smoothed with alpha=0.01): 0.0465
New best smoothed test MSE: 0.0465. Saving best model to experiments/experiment_14649_best.ckpt
Test MSE group_0: 0.0351
Test MSE group_1: 0.0418
Test MSE group_2: nan
Test MSE group_3: nan
Poisson likelihood: 0.0
CE loss: 0.0
train MSE group_0: 0.0360
train MSE group_1: 0.0411
train MSE group_2: nan
train MSE group_3: nan
CE loss (TEST): 0.0
Experiment 14649
Epoch 3000 [Test seq (cond on sampled tp)] | Loss 184.132324 | Likelihood -182.822861 | KL fp 4.8421 | FP STD 0.1131|
KL coef: 0.9999999999999111
Train loss (one batch): 189.1637725830078
Train CE loss (one batch): 0.0
Test MSE (raw): 0.0373
Test MSE (smoothed with alpha=0.01): 0.0464
New best smoothed test MSE: 0.0464. Saving best model to experiments/experiment_14649_best.ckpt
Test MSE group_0: 0.0345
Test MSE group_1: 0.0406
Test MSE group_2: nan
Test MSE group_3: nan
Poisson likelihood: 0.0
CE loss: 0.0
train MSE group_0: 0.0352
train MSE group_1: 0.0402
train MSE group_2: nan
train MSE group_3: nan
CE loss (TEST): 0.0
