/Users/benjaminmaurel/Documents/Training_Sanofi/notebooks_hands_on/latent_ode/run_models.py
run_models.py --niters 3000 -n 200 -s 40 -l 10 --dataset PK_Tacro --latent-ode --noise-weight 0.01 --max-t 5. --seed 43 --experiment 24774
Experiment 24774
Epoch 1000 [Test seq (cond on sampled tp)] | Loss 236.085175 | Likelihood -239.026672 | KL fp 4.4684 | FP STD 0.1352|
KL coef: 0.9999522643707747
Train loss (one batch): 232.02117919921875
Train CE loss (one batch): 0.0
Test MSE (raw): 0.0485
Test MSE (smoothed with alpha=0.01): 0.0485
New best smoothed test MSE: 0.0485. Saving best model to experiments/experiment_24774_best.ckpt
Test MSE group_0: 0.0394
Test MSE group_1: 0.0571
Test MSE group_2: nan
Test MSE group_3: nan
Poisson likelihood: 0.0
CE loss: 0.0
train MSE group_0: 0.0422
train MSE group_1: 0.0510
train MSE group_2: nan
train MSE group_3: nan
CE loss (TEST): 0.0
Experiment 24774
Epoch 2000 [Test seq (cond on sampled tp)] | Loss 196.504105 | Likelihood -194.852753 | KL fp 4.7830 | FP STD 0.1181|
KL coef: 0.9999999979391934
Train loss (one batch): 188.2021026611328
Train CE loss (one batch): 0.0
Test MSE (raw): 0.0397
Test MSE (smoothed with alpha=0.01): 0.0485
New best smoothed test MSE: 0.0485. Saving best model to experiments/experiment_24774_best.ckpt
Test MSE group_0: 0.0348
Test MSE group_1: 0.0442
Test MSE group_2: nan
Test MSE group_3: nan
Poisson likelihood: 0.0
CE loss: 0.0
train MSE group_0: 0.0357
train MSE group_1: 0.0395
train MSE group_2: nan
train MSE group_3: nan
CE loss (TEST): 0.0
Experiment 24774
Epoch 3000 [Test seq (cond on sampled tp)] | Loss 188.156982 | Likelihood -185.741699 | KL fp 5.0006 | FP STD 0.1024|
KL coef: 0.9999999999999111
Train loss (one batch): 179.19961547851562
Train CE loss (one batch): 0.0
Test MSE (raw): 0.0379
Test MSE (smoothed with alpha=0.01): 0.0483
New best smoothed test MSE: 0.0483. Saving best model to experiments/experiment_24774_best.ckpt
Test MSE group_0: 0.0340
Test MSE group_1: 0.0414
Test MSE group_2: nan
Test MSE group_3: nan
Poisson likelihood: 0.0
CE loss: 0.0
train MSE group_0: 0.0348
train MSE group_1: 0.0368
train MSE group_2: nan
train MSE group_3: nan
CE loss (TEST): 0.0
