/Users/benjaminmaurel/Documents/Training_Sanofi/notebooks_hands_on/latent_ode/run_models.py
run_models.py --niters 3000 -n 200 -s 40 -l 10 --dataset PK_Tacro --latent-ode --noise-weight 0.01 --max-t 5. --seed 10 --experiment 39490
Experiment 39490
Epoch 1000 [Test seq (cond on sampled tp)] | Loss 213.028275 | Likelihood -213.183136 | KL fp 6.5900 | FP STD 0.2532|
KL coef: 0.9999522643707747
Train loss (one batch): 208.9164276123047
Train CE loss (one batch): 0.0
Test MSE (raw): 0.0434
Test MSE (smoothed with alpha=0.01): 0.0434
New best smoothed test MSE: 0.0434. Saving best model to experiments/experiment_39490_best.ckpt
Test MSE group_0: 0.0310
Test MSE group_1: 0.0569
Test MSE group_2: nan
Test MSE group_3: nan
Poisson likelihood: 0.0
CE loss: 0.0
train MSE group_0: 0.0286
train MSE group_1: 0.0565
train MSE group_2: nan
train MSE group_3: nan
CE loss (TEST): 0.0
