/Users/benjaminmaurel/Documents/Training_Sanofi/notebooks_hands_on/latent_ode/run_models.py
run_models.py --niters 3000 -n 200 -s 40 -l 10 --dataset PK_Tacro --latent-ode --noise-weight 0.01 --max-t 5. --seed 5 --experiment 22038
Experiment 22038
Epoch 1000 [Test seq (cond on sampled tp)] | Loss 205.388763 | Likelihood -205.110260 | KL fp 3.8209 | FP STD 0.1470|
KL coef: 0.9999522643707747
Train loss (one batch): 194.4298553466797
Train CE loss (one batch): 0.0
Test MSE (raw): 0.0418
Test MSE (smoothed with alpha=0.01): 0.0418
New best smoothed test MSE: 0.0418. Saving best model to experiments/experiment_22038_best.ckpt
Test MSE group_0: 0.0372
Test MSE group_1: 0.0463
Test MSE group_2: nan
Test MSE group_3: nan
Poisson likelihood: 0.0
CE loss: 0.0
train MSE group_0: 0.0385
train MSE group_1: 0.0396
train MSE group_2: nan
train MSE group_3: nan
CE loss (TEST): 0.0
Experiment 22038
Epoch 2000 [Test seq (cond on sampled tp)] | Loss 194.821411 | Likelihood -193.680359 | KL fp 4.0911 | FP STD 0.1316|
KL coef: 0.9999999979391934
Train loss (one batch): 181.92552185058594
Train CE loss (one batch): 0.0
Test MSE (raw): 0.0395
Test MSE (smoothed with alpha=0.01): 0.0417
New best smoothed test MSE: 0.0417. Saving best model to experiments/experiment_22038_best.ckpt
Test MSE group_0: 0.0367
Test MSE group_1: 0.0422
Test MSE group_2: nan
Test MSE group_3: nan
Poisson likelihood: 0.0
CE loss: 0.0
train MSE group_0: 0.0375
train MSE group_1: 0.0357
train MSE group_2: nan
train MSE group_3: nan
CE loss (TEST): 0.0
