/Users/benjaminmaurel/Documents/Training_Sanofi/notebooks_hands_on/latent_ode/run_models.py
run_models.py --niters 3000 -n 200 -s 40 -l 10 --dataset PK_Tacro --latent-ode --noise-weight 0.01 --max-t 5. --seed 12 --experiment 18638
Experiment 18638
Epoch 1000 [Test seq (cond on sampled tp)] | Loss 211.158371 | Likelihood -206.632446 | KL fp 7.3145 | FP STD 0.0768|
KL coef: 0.9999522643707747
Train loss (one batch): 203.16104125976562
Train CE loss (one batch): 0.0
Test MSE (raw): 0.0421
Test MSE (smoothed with alpha=0.01): 0.0421
New best smoothed test MSE: 0.0421. Saving best model to experiments/experiment_18638_best.ckpt
Test MSE group_0: 0.0380
Test MSE group_1: 0.0456
Test MSE group_2: nan
Test MSE group_3: nan
Poisson likelihood: 0.0
CE loss: 0.0
train MSE group_0: 0.0401
train MSE group_1: 0.0402
train MSE group_2: nan
train MSE group_3: nan
CE loss (TEST): 0.0
Experiment 18638
Epoch 2000 [Test seq (cond on sampled tp)] | Loss 190.156097 | Likelihood -186.139847 | KL fp 6.7816 | FP STD 0.0758|
KL coef: 0.9999999979391934
Train loss (one batch): 182.66871643066406
Train CE loss (one batch): 0.0
Test MSE (raw): 0.0380
Test MSE (smoothed with alpha=0.01): 0.0420
New best smoothed test MSE: 0.0420. Saving best model to experiments/experiment_18638_best.ckpt
Test MSE group_0: 0.0356
Test MSE group_1: 0.0401
Test MSE group_2: nan
Test MSE group_3: nan
Poisson likelihood: 0.0
CE loss: 0.0
train MSE group_0: 0.0371
train MSE group_1: 0.0352
train MSE group_2: nan
train MSE group_3: nan
CE loss (TEST): 0.0
Experiment 18638
Epoch 3000 [Test seq (cond on sampled tp)] | Loss 179.322968 | Likelihood -175.723114 | KL fp 6.1718 | FP STD 0.0623|
KL coef: 0.9999999999999111
Train loss (one batch): 170.91297912597656
Train CE loss (one batch): 0.0
Test MSE (raw): 0.0359
Test MSE (smoothed with alpha=0.01): 0.0420
New best smoothed test MSE: 0.0420. Saving best model to experiments/experiment_18638_best.ckpt
Test MSE group_0: 0.0338
Test MSE group_1: 0.0377
Test MSE group_2: nan
Test MSE group_3: nan
Poisson likelihood: 0.0
CE loss: 0.0
train MSE group_0: 0.0353
train MSE group_1: 0.0325
train MSE group_2: nan
train MSE group_3: nan
CE loss (TEST): 0.0
