/Users/benjaminmaurel/Documents/Training_Sanofi/notebooks_hands_on/latent_ode/run_models.py
run_models.py --niters 3000 -n 200 -s 40 -l 10 --dataset PK_Tacro --latent-ode --noise-weight 0.01 --max-t 5. --seed 136 --experiment 11651
Experiment 11651
Epoch 1000 [Test seq (cond on sampled tp)] | Loss 222.368698 | Likelihood -219.589172 | KL fp 7.8720 | FP STD 0.2520|
KL coef: 0.9999522643707747
Train loss (one batch): 230.92236328125
Train CE loss (one batch): 0.0
Test MSE (raw): 0.0447
Test MSE (smoothed with alpha=0.01): 0.0447
New best smoothed test MSE: 0.0447. Saving best model to experiments/experiment_11651_best.ckpt
Test MSE group_0: 0.0394
Test MSE group_1: 0.0499
Test MSE group_2: nan
Test MSE group_3: nan
Poisson likelihood: 0.0
CE loss: 0.0
train MSE group_0: 0.0379
train MSE group_1: 0.0544
train MSE group_2: nan
train MSE group_3: nan
CE loss (TEST): 0.0
Experiment 11651
Epoch 2000 [Test seq (cond on sampled tp)] | Loss 168.345001 | Likelihood -163.319763 | KL fp 8.0169 | FP STD 0.1326|
KL coef: 0.9999999979391934
Train loss (one batch): 178.3637237548828
Train CE loss (one batch): 0.0
Test MSE (raw): 0.0334
Test MSE (smoothed with alpha=0.01): 0.0445
New best smoothed test MSE: 0.0445. Saving best model to experiments/experiment_11651_best.ckpt
Test MSE group_0: 0.0296
Test MSE group_1: 0.0371
Test MSE group_2: nan
Test MSE group_3: nan
Poisson likelihood: 0.0
CE loss: 0.0
train MSE group_0: 0.0287
train MSE group_1: 0.0419
train MSE group_2: nan
train MSE group_3: nan
CE loss (TEST): 0.0
Experiment 11651
Epoch 3000 [Test seq (cond on sampled tp)] | Loss 157.052124 | Likelihood -152.685013 | KL fp 7.6299 | FP STD 0.1044|
KL coef: 0.9999999999999111
Train loss (one batch): 166.0301513671875
Train CE loss (one batch): 0.0
Test MSE (raw): 0.0313
Test MSE (smoothed with alpha=0.01): 0.0444
New best smoothed test MSE: 0.0444. Saving best model to experiments/experiment_11651_best.ckpt
Test MSE group_0: 0.0284
Test MSE group_1: 0.0341
Test MSE group_2: nan
Test MSE group_3: nan
Poisson likelihood: 0.0
CE loss: 0.0
train MSE group_0: 0.0272
train MSE group_1: 0.0386
train MSE group_2: nan
train MSE group_3: nan
CE loss (TEST): 0.0
