/Users/benjaminmaurel/Documents/Training_Sanofi/notebooks_hands_on/latent_ode/run_models.py
run_models.py --niters 3000 -n 200 -s 40 -l 10 --dataset PK_Tacro --latent-ode --noise-weight 0.01 --max-t 5. --seed 28 --experiment 25607
Experiment 25607
Epoch 1000 [Test seq (cond on sampled tp)] | Loss 309.276337 | Likelihood -309.894745 | KL fp 7.5180 | FP STD 0.2301|
KL coef: 0.9999522643707747
Train loss (one batch): 309.263671875
Train CE loss (one batch): 0.0
Test MSE (raw): 0.0627
Test MSE (smoothed with alpha=0.01): 0.0627
New best smoothed test MSE: 0.0627. Saving best model to experiments/experiment_25607_best.ckpt
Test MSE group_0: 0.0550
Test MSE group_1: 0.0701
Test MSE group_2: nan
Test MSE group_3: nan
Poisson likelihood: 0.0
CE loss: 0.0
train MSE group_0: 0.0540
train MSE group_1: 0.0744
train MSE group_2: nan
train MSE group_3: nan
CE loss (TEST): 0.0
Experiment 25607
Epoch 2000 [Test seq (cond on sampled tp)] | Loss 225.676910 | Likelihood -220.813614 | KL fp 7.8356 | FP STD 0.0854|
KL coef: 0.9999999979391934
Train loss (one batch): 226.12696838378906
Train CE loss (one batch): 0.0
Test MSE (raw): 0.0449
Test MSE (smoothed with alpha=0.01): 0.0625
New best smoothed test MSE: 0.0625. Saving best model to experiments/experiment_25607_best.ckpt
Test MSE group_0: 0.0391
Test MSE group_1: 0.0503
Test MSE group_2: nan
Test MSE group_3: nan
Poisson likelihood: 0.0
CE loss: 0.0
train MSE group_0: 0.0411
train MSE group_1: 0.0497
train MSE group_2: nan
train MSE group_3: nan
CE loss (TEST): 0.0
Experiment 25607
Epoch 3000 [Test seq (cond on sampled tp)] | Loss 215.478851 | Likelihood -211.258667 | KL fp 7.3902 | FP STD 0.0707|
KL coef: 0.9999999999999111
Train loss (one batch): 210.46214294433594
Train CE loss (one batch): 0.0
Test MSE (raw): 0.0430
Test MSE (smoothed with alpha=0.01): 0.0623
New best smoothed test MSE: 0.0623. Saving best model to experiments/experiment_25607_best.ckpt
Test MSE group_0: 0.0387
Test MSE group_1: 0.0470
Test MSE group_2: nan
Test MSE group_3: nan
Poisson likelihood: 0.0
CE loss: 0.0
train MSE group_0: 0.0396
train MSE group_1: 0.0447
train MSE group_2: nan
train MSE group_3: nan
CE loss (TEST): 0.0
