/Users/benjaminmaurel/Documents/Training_Sanofi/notebooks_hands_on/latent_ode/run_models.py
run_models.py --niters 3000 -n 200 -s 40 -l 10 --dataset PK_Tacro --latent-ode --noise-weight 0.01 --max-t 5. --seed 52 --experiment 20015
Experiment 20015
Epoch 1000 [Test seq (cond on sampled tp)] | Loss 256.012970 | Likelihood -253.130844 | KL fp 5.4783 | FP STD 0.0677|
KL coef: 0.9999522643707747
Train loss (one batch): 217.08106994628906
Train CE loss (one batch): 0.0
Test MSE (raw): 0.0514
Test MSE (smoothed with alpha=0.01): 0.0514
New best smoothed test MSE: 0.0514. Saving best model to experiments/experiment_20015_best.ckpt
Test MSE group_0: 0.0404
Test MSE group_1: 0.0617
Test MSE group_2: nan
Test MSE group_3: nan
Poisson likelihood: 0.0
CE loss: 0.0
train MSE group_0: 0.0407
train MSE group_1: 0.0461
train MSE group_2: nan
train MSE group_3: nan
CE loss (TEST): 0.0
Experiment 20015
Epoch 2000 [Test seq (cond on sampled tp)] | Loss 209.900742 | Likelihood -207.560104 | KL fp 5.2119 | FP STD 0.0903|
KL coef: 0.9999999979391934
Train loss (one batch): 179.34873962402344
Train CE loss (one batch): 0.0
Test MSE (raw): 0.0422
Test MSE (smoothed with alpha=0.01): 0.0513
New best smoothed test MSE: 0.0513. Saving best model to experiments/experiment_20015_best.ckpt
Test MSE group_0: 0.0359
Test MSE group_1: 0.0482
Test MSE group_2: nan
Test MSE group_3: nan
Poisson likelihood: 0.0
CE loss: 0.0
train MSE group_0: 0.0350
train MSE group_1: 0.0368
train MSE group_2: nan
train MSE group_3: nan
CE loss (TEST): 0.0
Experiment 20015
Epoch 3000 [Test seq (cond on sampled tp)] | Loss 195.529144 | Likelihood -192.936859 | KL fp 5.2607 | FP STD 0.0702|
KL coef: 0.9999999999999111
Train loss (one batch): 167.7770233154297
Train CE loss (one batch): 0.0
Test MSE (raw): 0.0393
Test MSE (smoothed with alpha=0.01): 0.0512
New best smoothed test MSE: 0.0512. Saving best model to experiments/experiment_20015_best.ckpt
Test MSE group_0: 0.0348
Test MSE group_1: 0.0435
Test MSE group_2: nan
Test MSE group_3: nan
Poisson likelihood: 0.0
CE loss: 0.0
train MSE group_0: 0.0334
train MSE group_1: 0.0336
train MSE group_2: nan
train MSE group_3: nan
CE loss (TEST): 0.0
