/Users/benjaminmaurel/Documents/Training_Sanofi/notebooks_hands_on/latent_ode/run_models.py
run_models.py --niters 3000 -n 200 -s 40 -l 10 --dataset PK_Tacro --latent-ode --noise-weight 0.01 --max-t 5. --seed 17 --experiment 14995
Experiment 14995
Epoch 1000 [Test seq (cond on sampled tp)] | Loss 161.842392 | Likelihood -159.397919 | KL fp 5.6334 | FP STD 0.2450|
KL coef: 0.9999522643707747
Train loss (one batch): 158.69656372070312
Train CE loss (one batch): 0.0
Test MSE (raw): 0.0326
Test MSE (smoothed with alpha=0.01): 0.0326
New best smoothed test MSE: 0.0326. Saving best model to experiments/experiment_14995_best.ckpt
Test MSE group_0: 0.0302
Test MSE group_1: 0.0353
Test MSE group_2: nan
Test MSE group_3: nan
Poisson likelihood: 0.0
CE loss: 0.0
train MSE group_0: 0.0303
train MSE group_1: 0.0334
train MSE group_2: nan
train MSE group_3: nan
CE loss (TEST): 0.0
Experiment 14995
Epoch 2000 [Test seq (cond on sampled tp)] | Loss 146.345795 | Likelihood -143.557938 | KL fp 5.6837 | FP STD 0.1248|
KL coef: 0.9999999979391934
Train loss (one batch): 143.6568603515625
Train CE loss (one batch): 0.0
Test MSE (raw): 0.0294
Test MSE (smoothed with alpha=0.01): 0.0326
New best smoothed test MSE: 0.0326. Saving best model to experiments/experiment_14995_best.ckpt
Test MSE group_0: 0.0278
Test MSE group_1: 0.0312
Test MSE group_2: nan
Test MSE group_3: nan
Poisson likelihood: 0.0
CE loss: 0.0
train MSE group_0: 0.0286
train MSE group_1: 0.0286
train MSE group_2: nan
train MSE group_3: nan
CE loss (TEST): 0.0
Experiment 14995
Epoch 3000 [Test seq (cond on sampled tp)] | Loss 137.933182 | Likelihood -134.999680 | KL fp 5.4988 | FP STD 0.0988|
KL coef: 0.9999999999999111
Train loss (one batch): 134.349853515625
Train CE loss (one batch): 0.0
Test MSE (raw): 0.0277
Test MSE (smoothed with alpha=0.01): 0.0325
New best smoothed test MSE: 0.0325. Saving best model to experiments/experiment_14995_best.ckpt
Test MSE group_0: 0.0265
Test MSE group_1: 0.0291
Test MSE group_2: nan
Test MSE group_3: nan
Poisson likelihood: 0.0
CE loss: 0.0
train MSE group_0: 0.0274
train MSE group_1: 0.0259
train MSE group_2: nan
train MSE group_3: nan
CE loss (TEST): 0.0
