/Users/benjaminmaurel/Documents/Training_Sanofi/notebooks_hands_on/latent_ode/run_models.py
run_models.py --niters 3000 -n 200 -s 40 -l 10 --dataset PK_Tacro --latent-ode --noise-weight 0.01 --max-t 5. --seed 100 --experiment 18814
Experiment 18814
Epoch 1000 [Test seq (cond on sampled tp)] | Loss 180.883408 | Likelihood -181.394424 | KL fp 3.9675 | FP STD 0.2609|
KL coef: 0.9999522643707747
Train loss (one batch): 174.66847229003906
Train CE loss (one batch): 0.0
Test MSE (raw): 0.0370
Test MSE (smoothed with alpha=0.01): 0.0370
New best smoothed test MSE: 0.0370. Saving best model to experiments/experiment_18814_best.ckpt
Test MSE group_0: 0.0331
Test MSE group_1: 0.0409
Test MSE group_2: nan
Test MSE group_3: nan
Poisson likelihood: 0.0
CE loss: 0.0
train MSE group_0: 0.0329
train MSE group_1: 0.0378
train MSE group_2: nan
train MSE group_3: nan
CE loss (TEST): 0.0
Experiment 18814
Epoch 2000 [Test seq (cond on sampled tp)] | Loss 159.054260 | Likelihood -158.945007 | KL fp 3.9009 | FP STD 0.2039|
KL coef: 0.9999999979391934
Train loss (one batch): 152.99038696289062
Train CE loss (one batch): 0.0
Test MSE (raw): 0.0325
Test MSE (smoothed with alpha=0.01): 0.0370
New best smoothed test MSE: 0.0370. Saving best model to experiments/experiment_18814_best.ckpt
Test MSE group_0: 0.0291
Test MSE group_1: 0.0359
Test MSE group_2: nan
Test MSE group_3: nan
Poisson likelihood: 0.0
CE loss: 0.0
train MSE group_0: 0.0282
train MSE group_1: 0.0336
train MSE group_2: nan
train MSE group_3: nan
CE loss (TEST): 0.0
Experiment 18814
Epoch 3000 [Test seq (cond on sampled tp)] | Loss 151.661987 | Likelihood -150.567841 | KL fp 4.2326 | FP STD 0.1595|
KL coef: 0.9999999999999111
Train loss (one batch): 144.7415771484375
Train CE loss (one batch): 0.0
Test MSE (raw): 0.0309
Test MSE (smoothed with alpha=0.01): 0.0369
New best smoothed test MSE: 0.0369. Saving best model to experiments/experiment_18814_best.ckpt
Test MSE group_0: 0.0280
Test MSE group_1: 0.0337
Test MSE group_2: nan
Test MSE group_3: nan
Poisson likelihood: 0.0
CE loss: 0.0
train MSE group_0: 0.0269
train MSE group_1: 0.0313
train MSE group_2: nan
train MSE group_3: nan
CE loss (TEST): 0.0
