/Users/benjaminmaurel/Documents/Training_Sanofi/notebooks_hands_on/latent_ode/run_models.py
run_models.py --niters 3000 -n 200 -s 40 -l 10 --dataset PK_Tacro --latent-ode --noise-weight 0.01 --max-t 5. --seed 183 --experiment 34840
Experiment 34840
Epoch 1000 [Test seq (cond on sampled tp)] | Loss 190.281509 | Likelihood -188.384918 | KL fp 4.7235 | FP STD 0.0750|
KL coef: 0.9999522643707747
Train loss (one batch): 186.71913146972656
Train CE loss (one batch): 0.0
Test MSE (raw): 0.0384
Test MSE (smoothed with alpha=0.01): 0.0384
New best smoothed test MSE: 0.0384. Saving best model to experiments/experiment_34840_best.ckpt
Test MSE group_0: 0.0346
Test MSE group_1: 0.0422
Test MSE group_2: nan
Test MSE group_3: nan
Poisson likelihood: 0.0
CE loss: 0.0
train MSE group_0: 0.0353
train MSE group_1: 0.0390
train MSE group_2: nan
train MSE group_3: nan
CE loss (TEST): 0.0
Experiment 34840
Epoch 2000 [Test seq (cond on sampled tp)] | Loss 160.852386 | Likelihood -158.933960 | KL fp 4.7593 | FP STD 0.0832|
KL coef: 0.9999999979391934
Train loss (one batch): 164.47811889648438
Train CE loss (one batch): 0.0
Test MSE (raw): 0.0325
Test MSE (smoothed with alpha=0.01): 0.0384
New best smoothed test MSE: 0.0384. Saving best model to experiments/experiment_34840_best.ckpt
Test MSE group_0: 0.0301
Test MSE group_1: 0.0349
Test MSE group_2: nan
Test MSE group_3: nan
Poisson likelihood: 0.0
CE loss: 0.0
train MSE group_0: 0.0316
train MSE group_1: 0.0339
train MSE group_2: nan
train MSE group_3: nan
CE loss (TEST): 0.0
Experiment 34840
Epoch 3000 [Test seq (cond on sampled tp)] | Loss 152.842667 | Likelihood -150.518890 | KL fp 4.8570 | FP STD 0.0684|
KL coef: 0.9999999999999111
Train loss (one batch): 154.96026611328125
Train CE loss (one batch): 0.0
Test MSE (raw): 0.0308
Test MSE (smoothed with alpha=0.01): 0.0383
New best smoothed test MSE: 0.0383. Saving best model to experiments/experiment_34840_best.ckpt
Test MSE group_0: 0.0292
Test MSE group_1: 0.0324
Test MSE group_2: nan
Test MSE group_3: nan
Poisson likelihood: 0.0
CE loss: 0.0
train MSE group_0: 0.0305
train MSE group_1: 0.0314
train MSE group_2: nan
train MSE group_3: nan
CE loss (TEST): 0.0
