/Users/benjaminmaurel/Documents/Training_Sanofi/notebooks_hands_on/latent_ode/run_models.py
run_models.py --niters 3000 -n 200 -s 40 -l 10 --dataset PK_Tacro --latent-ode --noise-weight 0.01 --max-t 5. --seed 16 --experiment 15223
Experiment 15223
Epoch 1000 [Test seq (cond on sampled tp)] | Loss 200.205658 | Likelihood -197.668640 | KL fp 5.7780 | FP STD 0.1169|
KL coef: 0.9999522643707747
Train loss (one batch): 186.236083984375
Train CE loss (one batch): 0.0
Test MSE (raw): 0.0403
Test MSE (smoothed with alpha=0.01): 0.0403
New best smoothed test MSE: 0.0403. Saving best model to experiments/experiment_15223_best.ckpt
Test MSE group_0: 0.0359
Test MSE group_1: 0.0444
Test MSE group_2: nan
Test MSE group_3: nan
Poisson likelihood: 0.0
CE loss: 0.0
train MSE group_0: 0.0375
train MSE group_1: 0.0367
train MSE group_2: nan
train MSE group_3: nan
CE loss (TEST): 0.0
Experiment 15223
Epoch 2000 [Test seq (cond on sampled tp)] | Loss 186.634705 | Likelihood -184.549103 | KL fp 5.7043 | FP STD 0.0950|
KL coef: 0.9999999979391934
Train loss (one batch): 165.93800354003906
Train CE loss (one batch): 0.0
Test MSE (raw): 0.0376
Test MSE (smoothed with alpha=0.01): 0.0402
New best smoothed test MSE: 0.0402. Saving best model to experiments/experiment_15223_best.ckpt
Test MSE group_0: 0.0333
Test MSE group_1: 0.0416
Test MSE group_2: nan
Test MSE group_3: nan
Poisson likelihood: 0.0
CE loss: 0.0
train MSE group_0: 0.0329
train MSE group_1: 0.0333
train MSE group_2: nan
train MSE group_3: nan
CE loss (TEST): 0.0
Experiment 15223
Epoch 3000 [Test seq (cond on sampled tp)] | Loss 177.714661 | Likelihood -174.606110 | KL fp 5.7523 | FP STD 0.0756|
KL coef: 0.9999999999999111
Train loss (one batch): 154.8315887451172
Train CE loss (one batch): 0.0
Test MSE (raw): 0.0357
Test MSE (smoothed with alpha=0.01): 0.0402
New best smoothed test MSE: 0.0402. Saving best model to experiments/experiment_15223_best.ckpt
Test MSE group_0: 0.0326
Test MSE group_1: 0.0385
Test MSE group_2: nan
Test MSE group_3: nan
Poisson likelihood: 0.0
CE loss: 0.0
train MSE group_0: 0.0316
train MSE group_1: 0.0301
train MSE group_2: nan
train MSE group_3: nan
CE loss (TEST): 0.0
