/Users/benjaminmaurel/Documents/Training_Sanofi/notebooks_hands_on/latent_ode/run_models.py
run_models.py --niters 3000 -n 200 -s 40 -l 10 --dataset PK_Tacro --latent-ode --noise-weight 0.01 --max-t 5. --seed 41 --experiment 12388
Experiment 12388
Epoch 1000 [Test seq (cond on sampled tp)] | Loss 197.634796 | Likelihood -196.744003 | KL fp 4.4445 | FP STD 0.1429|
KL coef: 0.9999522643707747
Train loss (one batch): 185.8419189453125
Train CE loss (one batch): 0.0
Test MSE (raw): 0.0401
Test MSE (smoothed with alpha=0.01): 0.0401
New best smoothed test MSE: 0.0401. Saving best model to experiments/experiment_12388_best.ckpt
Test MSE group_0: 0.0350
Test MSE group_1: 0.0449
Test MSE group_2: nan
Test MSE group_3: nan
Poisson likelihood: 0.0
CE loss: 0.0
train MSE group_0: 0.0319
train MSE group_1: 0.0425
train MSE group_2: nan
train MSE group_3: nan
CE loss (TEST): 0.0
Experiment 12388
Epoch 2000 [Test seq (cond on sampled tp)] | Loss 185.390625 | Likelihood -184.303650 | KL fp 4.5628 | FP STD 0.1009|
KL coef: 0.9999999979391934
Train loss (one batch): 170.52268981933594
Train CE loss (one batch): 0.0
Test MSE (raw): 0.0376
Test MSE (smoothed with alpha=0.01): 0.0401
New best smoothed test MSE: 0.0401. Saving best model to experiments/experiment_12388_best.ckpt
Test MSE group_0: 0.0351
Test MSE group_1: 0.0399
Test MSE group_2: nan
Test MSE group_3: nan
Poisson likelihood: 0.0
CE loss: 0.0
train MSE group_0: 0.0314
train MSE group_1: 0.0369
train MSE group_2: nan
train MSE group_3: nan
CE loss (TEST): 0.0
Experiment 12388
Epoch 3000 [Test seq (cond on sampled tp)] | Loss 175.151306 | Likelihood -173.479828 | KL fp 4.6828 | FP STD 0.0796|
KL coef: 0.9999999999999111
Train loss (one batch): 155.7196807861328
Train CE loss (one batch): 0.0
Test MSE (raw): 0.0354
Test MSE (smoothed with alpha=0.01): 0.0400
New best smoothed test MSE: 0.0400. Saving best model to experiments/experiment_12388_best.ckpt
Test MSE group_0: 0.0327
Test MSE group_1: 0.0379
Test MSE group_2: nan
Test MSE group_3: nan
Poisson likelihood: 0.0
CE loss: 0.0
train MSE group_0: 0.0283
train MSE group_1: 0.0339
train MSE group_2: nan
train MSE group_3: nan
CE loss (TEST): 0.0
