/Users/benjaminmaurel/Documents/Training_Sanofi/notebooks_hands_on/latent_ode/run_models.py
run_models.py --niters 3000 -n 200 -s 40 -l 10 --dataset PK_Tacro --latent-ode --noise-weight 0.01 --max-t 5. --seed 24 --experiment 41023
Experiment 41023
Epoch 1000 [Test seq (cond on sampled tp)] | Loss 191.336945 | Likelihood -187.622101 | KL fp 6.4108 | FP STD 0.1807|
KL coef: 0.9999522643707747
Train loss (one batch): 178.49391174316406
Train CE loss (one batch): 0.0
Test MSE (raw): 0.0383
Test MSE (smoothed with alpha=0.01): 0.0383
New best smoothed test MSE: 0.0383. Saving best model to experiments/experiment_41023_best.ckpt
Test MSE group_0: 0.0327
Test MSE group_1: 0.0434
Test MSE group_2: nan
Test MSE group_3: nan
Poisson likelihood: 0.0
CE loss: 0.0
train MSE group_0: 0.0346
train MSE group_1: 0.0363
train MSE group_2: nan
train MSE group_3: nan
CE loss (TEST): 0.0
Experiment 41023
Epoch 2000 [Test seq (cond on sampled tp)] | Loss 180.153641 | Likelihood -176.975891 | KL fp 6.2597 | FP STD 0.1795|
KL coef: 0.9999999979391934
Train loss (one batch): 166.16937255859375
Train CE loss (one batch): 0.0
Test MSE (raw): 0.0361
Test MSE (smoothed with alpha=0.01): 0.0382
New best smoothed test MSE: 0.0382. Saving best model to experiments/experiment_41023_best.ckpt
Test MSE group_0: 0.0318
Test MSE group_1: 0.0400
Test MSE group_2: nan
Test MSE group_3: nan
Poisson likelihood: 0.0
CE loss: 0.0
train MSE group_0: 0.0335
train MSE group_1: 0.0325
train MSE group_2: nan
train MSE group_3: nan
CE loss (TEST): 0.0
Experiment 41023
Epoch 3000 [Test seq (cond on sampled tp)] | Loss 176.906708 | Likelihood -174.780426 | KL fp 5.7565 | FP STD 0.1931|
KL coef: 0.9999999999999111
Train loss (one batch): 159.82754516601562
Train CE loss (one batch): 0.0
Test MSE (raw): 0.0357
Test MSE (smoothed with alpha=0.01): 0.0382
New best smoothed test MSE: 0.0382. Saving best model to experiments/experiment_41023_best.ckpt
Test MSE group_0: 0.0314
Test MSE group_1: 0.0395
Test MSE group_2: nan
Test MSE group_3: nan
Poisson likelihood: 0.0
CE loss: 0.0
train MSE group_0: 0.0327
train MSE group_1: 0.0312
train MSE group_2: nan
train MSE group_3: nan
CE loss (TEST): 0.0
