/Users/benjaminmaurel/Documents/Training_Sanofi/notebooks_hands_on/latent_ode/run_models.py
run_models.py --niters 3000 -n 200 -s 40 -l 10 --dataset PK_Tacro --latent-ode --noise-weight 0.01 --max-t 5. --seed 2 --experiment 14332
Experiment 14332
Epoch 1000 [Test seq (cond on sampled tp)] | Loss 193.553696 | Likelihood -192.793976 | KL fp 6.1428 | FP STD 0.1654|
KL coef: 0.9999522643707747
Train loss (one batch): 192.9019775390625
Train CE loss (one batch): 0.0
Test MSE (raw): 0.0393
Test MSE (smoothed with alpha=0.01): 0.0393
New best smoothed test MSE: 0.0393. Saving best model to experiments/experiment_14332_best.ckpt
Test MSE group_0: 0.0345
Test MSE group_1: 0.0438
Test MSE group_2: nan
Test MSE group_3: nan
Poisson likelihood: 0.0
CE loss: 0.0
train MSE group_0: 0.0332
train MSE group_1: 0.0434
train MSE group_2: nan
train MSE group_3: nan
CE loss (TEST): 0.0
Experiment 14332
Epoch 2000 [Test seq (cond on sampled tp)] | Loss 169.608597 | Likelihood -166.869720 | KL fp 5.9010 | FP STD 0.1087|
KL coef: 0.9999999979391934
Train loss (one batch): 163.3933563232422
Train CE loss (one batch): 0.0
Test MSE (raw): 0.0341
Test MSE (smoothed with alpha=0.01): 0.0392
New best smoothed test MSE: 0.0392. Saving best model to experiments/experiment_14332_best.ckpt
Test MSE group_0: 0.0329
Test MSE group_1: 0.0351
Test MSE group_2: nan
Test MSE group_3: nan
Poisson likelihood: 0.0
CE loss: 0.0
train MSE group_0: 0.0311
train MSE group_1: 0.0338
train MSE group_2: nan
train MSE group_3: nan
CE loss (TEST): 0.0
Experiment 14332
Epoch 3000 [Test seq (cond on sampled tp)] | Loss 161.044022 | Likelihood -157.847275 | KL fp 5.8743 | FP STD 0.0801|
KL coef: 0.9999999999999111
Train loss (one batch): 154.89431762695312
Train CE loss (one batch): 0.0
Test MSE (raw): 0.0323
Test MSE (smoothed with alpha=0.01): 0.0392
New best smoothed test MSE: 0.0392. Saving best model to experiments/experiment_14332_best.ckpt
Test MSE group_0: 0.0315
Test MSE group_1: 0.0329
Test MSE group_2: nan
Test MSE group_3: nan
Poisson likelihood: 0.0
CE loss: 0.0
train MSE group_0: 0.0297
train MSE group_1: 0.0318
train MSE group_2: nan
train MSE group_3: nan
CE loss (TEST): 0.0
