/Users/benjaminmaurel/Documents/Training_Sanofi/notebooks_hands_on/latent_ode/run_models.py
run_models.py --niters 3000 -n 200 -s 40 -l 10 --dataset PK_Tacro --latent-ode --noise-weight 0.01 --max-t 5. --seed 56 --experiment 11420
Experiment 11420
Epoch 1000 [Test seq (cond on sampled tp)] | Loss 244.322220 | Likelihood -242.785645 | KL fp 5.2717 | FP STD 0.1428|
KL coef: 0.9999522643707747
Train loss (one batch): 243.94235229492188
Train CE loss (one batch): 0.0
Test MSE (raw): 0.0493
Test MSE (smoothed with alpha=0.01): 0.0493
New best smoothed test MSE: 0.0493. Saving best model to experiments/experiment_11420_best.ckpt
Test MSE group_0: 0.0405
Test MSE group_1: 0.0576
Test MSE group_2: nan
Test MSE group_3: nan
Poisson likelihood: 0.0
CE loss: 0.0
train MSE group_0: 0.0405
train MSE group_1: 0.0587
train MSE group_2: nan
train MSE group_3: nan
CE loss (TEST): 0.0
Experiment 11420
Epoch 2000 [Test seq (cond on sampled tp)] | Loss 190.743225 | Likelihood -188.936478 | KL fp 5.1082 | FP STD 0.1109|
KL coef: 0.9999999979391934
Train loss (one batch): 183.67149353027344
Train CE loss (one batch): 0.0
Test MSE (raw): 0.0385
Test MSE (smoothed with alpha=0.01): 0.0492
New best smoothed test MSE: 0.0492. Saving best model to experiments/experiment_11420_best.ckpt
Test MSE group_0: 0.0336
Test MSE group_1: 0.0431
Test MSE group_2: nan
Test MSE group_3: nan
Poisson likelihood: 0.0
CE loss: 0.0
train MSE group_0: 0.0331
train MSE group_1: 0.0414
train MSE group_2: nan
train MSE group_3: nan
CE loss (TEST): 0.0
Experiment 11420
Epoch 3000 [Test seq (cond on sampled tp)] | Loss 178.005722 | Likelihood -175.708298 | KL fp 5.1885 | FP STD 0.0893|
KL coef: 0.9999999999999111
Train loss (one batch): 171.84561157226562
Train CE loss (one batch): 0.0
Test MSE (raw): 0.0359
Test MSE (smoothed with alpha=0.01): 0.0491
New best smoothed test MSE: 0.0491. Saving best model to experiments/experiment_11420_best.ckpt
Test MSE group_0: 0.0323
Test MSE group_1: 0.0391
Test MSE group_2: nan
Test MSE group_3: nan
Poisson likelihood: 0.0
CE loss: 0.0
train MSE group_0: 0.0322
train MSE group_1: 0.0368
train MSE group_2: nan
train MSE group_3: nan
CE loss (TEST): 0.0
