/Users/benjaminmaurel/Documents/Training_Sanofi/notebooks_hands_on/latent_ode/run_models.py
run_models.py --niters 3000 -n 200 -s 40 -l 10 --dataset PK_Tacro --latent-ode --noise-weight 0.01 --max-t 5. --seed 31 --experiment 11178
Experiment 11178
Epoch 1000 [Test seq (cond on sampled tp)] | Loss 189.931412 | Likelihood -187.947998 | KL fp 4.8142 | FP STD 0.0692|
KL coef: 0.9999522643707747
Train loss (one batch): 186.75782775878906
Train CE loss (one batch): 0.0
Test MSE (raw): 0.0383
Test MSE (smoothed with alpha=0.01): 0.0383
New best smoothed test MSE: 0.0383. Saving best model to experiments/experiment_11178_best.ckpt
Test MSE group_0: 0.0374
Test MSE group_1: 0.0391
Test MSE group_2: nan
Test MSE group_3: nan
Poisson likelihood: 0.0
CE loss: 0.0
train MSE group_0: 0.0329
train MSE group_1: 0.0423
train MSE group_2: nan
train MSE group_3: nan
CE loss (TEST): 0.0
Experiment 11178
Epoch 2000 [Test seq (cond on sampled tp)] | Loss 178.456055 | Likelihood -177.781158 | KL fp 4.4765 | FP STD 0.0874|
KL coef: 0.9999999979391934
Train loss (one batch): 170.8665771484375
Train CE loss (one batch): 0.0
Test MSE (raw): 0.0363
Test MSE (smoothed with alpha=0.01): 0.0383
New best smoothed test MSE: 0.0383. Saving best model to experiments/experiment_11178_best.ckpt
Test MSE group_0: 0.0351
Test MSE group_1: 0.0373
Test MSE group_2: nan
Test MSE group_3: nan
Poisson likelihood: 0.0
CE loss: 0.0
train MSE group_0: 0.0311
train MSE group_1: 0.0377
train MSE group_2: nan
train MSE group_3: nan
CE loss (TEST): 0.0
Experiment 11178
Epoch 3000 [Test seq (cond on sampled tp)] | Loss 171.026947 | Likelihood -169.081589 | KL fp 4.7616 | FP STD 0.0621|
KL coef: 0.9999999999999111
Train loss (one batch): 158.44683837890625
Train CE loss (one batch): 0.0
Test MSE (raw): 0.0346
Test MSE (smoothed with alpha=0.01): 0.0383
New best smoothed test MSE: 0.0383. Saving best model to experiments/experiment_11178_best.ckpt
Test MSE group_0: 0.0341
Test MSE group_1: 0.0350
Test MSE group_2: nan
Test MSE group_3: nan
Poisson likelihood: 0.0
CE loss: 0.0
train MSE group_0: 0.0296
train MSE group_1: 0.0340
train MSE group_2: nan
train MSE group_3: nan
CE loss (TEST): 0.0
