/Users/benjaminmaurel/Documents/Training_Sanofi/notebooks_hands_on/latent_ode/run_models.py
run_models.py --niters 3000 -n 200 -s 40 -l 10 --dataset PK_Tacro --latent-ode --noise-weight 0.01 --max-t 5. --seed 47 --experiment 22395
Experiment 22395
Epoch 1000 [Test seq (cond on sampled tp)] | Loss 183.124969 | Likelihood -180.767822 | KL fp 5.0817 | FP STD 0.1055|
KL coef: 0.9999522643707747
Train loss (one batch): 182.03024291992188
Train CE loss (one batch): 0.0
Test MSE (raw): 0.0369
Test MSE (smoothed with alpha=0.01): 0.0369
New best smoothed test MSE: 0.0369. Saving best model to experiments/experiment_22395_best.ckpt
Test MSE group_0: 0.0331
Test MSE group_1: 0.0404
Test MSE group_2: nan
Test MSE group_3: nan
Poisson likelihood: 0.0
CE loss: 0.0
train MSE group_0: 0.0347
train MSE group_1: 0.0381
train MSE group_2: nan
train MSE group_3: nan
CE loss (TEST): 0.0
Experiment 22395
Epoch 2000 [Test seq (cond on sampled tp)] | Loss 174.785706 | Likelihood -172.699524 | KL fp 4.9035 | FP STD 0.1107|
KL coef: 0.9999999979391934
Train loss (one batch): 171.15960693359375
Train CE loss (one batch): 0.0
Test MSE (raw): 0.0353
Test MSE (smoothed with alpha=0.01): 0.0369
New best smoothed test MSE: 0.0369. Saving best model to experiments/experiment_22395_best.ckpt
Test MSE group_0: 0.0325
Test MSE group_1: 0.0378
Test MSE group_2: nan
Test MSE group_3: nan
Poisson likelihood: 0.0
CE loss: 0.0
train MSE group_0: 0.0334
train MSE group_1: 0.0353
train MSE group_2: nan
train MSE group_3: nan
CE loss (TEST): 0.0
Experiment 22395
Epoch 3000 [Test seq (cond on sampled tp)] | Loss 171.515747 | Likelihood -169.385834 | KL fp 4.8252 | FP STD 0.0974|
KL coef: 0.9999999999999111
Train loss (one batch): 165.44070434570312
Train CE loss (one batch): 0.0
Test MSE (raw): 0.0346
Test MSE (smoothed with alpha=0.01): 0.0369
New best smoothed test MSE: 0.0369. Saving best model to experiments/experiment_22395_best.ckpt
Test MSE group_0: 0.0319
Test MSE group_1: 0.0371
Test MSE group_2: nan
Test MSE group_3: nan
Poisson likelihood: 0.0
CE loss: 0.0
train MSE group_0: 0.0324
train MSE group_1: 0.0339
train MSE group_2: nan
train MSE group_3: nan
CE loss (TEST): 0.0
