/Users/benjaminmaurel/Documents/Training_Sanofi/notebooks_hands_on/latent_ode/run_models.py
run_models.py --niters 3000 -n 200 -s 40 -l 10 --dataset PK_Tacro --latent-ode --noise-weight 0.01 --max-t 5. --seed 40 --experiment 39961
Experiment 39961
Epoch 1000 [Test seq (cond on sampled tp)] | Loss 199.344757 | Likelihood -198.889923 | KL fp 4.0806 | FP STD 0.0817|
KL coef: 0.9999522643707747
Train loss (one batch): 200.971923828125
Train CE loss (one batch): 0.0
Test MSE (raw): 0.0405
Test MSE (smoothed with alpha=0.01): 0.0405
New best smoothed test MSE: 0.0405. Saving best model to experiments/experiment_39961_best.ckpt
Test MSE group_0: 0.0370
Test MSE group_1: 0.0445
Test MSE group_2: nan
Test MSE group_3: nan
Poisson likelihood: 0.0
CE loss: 0.0
train MSE group_0: 0.0342
train MSE group_1: 0.0458
train MSE group_2: nan
train MSE group_3: nan
CE loss (TEST): 0.0
Experiment 39961
Epoch 2000 [Test seq (cond on sampled tp)] | Loss 182.077759 | Likelihood -181.425110 | KL fp 4.0649 | FP STD 0.0898|
KL coef: 0.9999999979391934
Train loss (one batch): 179.1756591796875
Train CE loss (one batch): 0.0
Test MSE (raw): 0.0370
Test MSE (smoothed with alpha=0.01): 0.0405
New best smoothed test MSE: 0.0405. Saving best model to experiments/experiment_39961_best.ckpt
Test MSE group_0: 0.0349
Test MSE group_1: 0.0394
Test MSE group_2: nan
Test MSE group_3: nan
Poisson likelihood: 0.0
CE loss: 0.0
train MSE group_0: 0.0317
train MSE group_1: 0.0397
train MSE group_2: nan
train MSE group_3: nan
CE loss (TEST): 0.0
Experiment 39961
Epoch 3000 [Test seq (cond on sampled tp)] | Loss 175.896988 | Likelihood -175.374115 | KL fp 3.9613 | FP STD 0.0906|
KL coef: 0.9999999999999111
Train loss (one batch): 171.04434204101562
Train CE loss (one batch): 0.0
Test MSE (raw): 0.0358
Test MSE (smoothed with alpha=0.01): 0.0404
New best smoothed test MSE: 0.0404. Saving best model to experiments/experiment_39961_best.ckpt
Test MSE group_0: 0.0348
Test MSE group_1: 0.0370
Test MSE group_2: nan
Test MSE group_3: nan
Poisson likelihood: 0.0
CE loss: 0.0
train MSE group_0: 0.0323
train MSE group_1: 0.0362
train MSE group_2: nan
train MSE group_3: nan
CE loss (TEST): 0.0
