/Users/benjaminmaurel/Documents/Training_Sanofi/notebooks_hands_on/latent_ode/run_models.py
run_models.py --niters 3000 -n 200 -s 40 -l 10 --dataset PK_Tacro --latent-ode --noise-weight 0.01 --max-t 5. --seed 128 --experiment 30117
Experiment 30117
Epoch 1000 [Test seq (cond on sampled tp)] | Loss 196.766327 | Likelihood -196.120499 | KL fp 4.1232 | FP STD 0.1638|
KL coef: 0.9999522643707747
Train loss (one batch): 206.2228240966797
Train CE loss (one batch): 0.0
Test MSE (raw): 0.0400
Test MSE (smoothed with alpha=0.01): 0.0400
New best smoothed test MSE: 0.0400. Saving best model to experiments/experiment_30117_best.ckpt
Test MSE group_0: 0.0362
Test MSE group_1: 0.0436
Test MSE group_2: nan
Test MSE group_3: nan
Poisson likelihood: 0.0
CE loss: 0.0
train MSE group_0: 0.0350
train MSE group_1: 0.0467
train MSE group_2: nan
train MSE group_3: nan
CE loss (TEST): 0.0
Experiment 30117
Epoch 2000 [Test seq (cond on sampled tp)] | Loss 144.289536 | Likelihood -143.223969 | KL fp 4.1397 | FP STD 0.1353|
KL coef: 0.9999999979391934
Train loss (one batch): 152.1815948486328
Train CE loss (one batch): 0.0
Test MSE (raw): 0.0294
Test MSE (smoothed with alpha=0.01): 0.0399
New best smoothed test MSE: 0.0399. Saving best model to experiments/experiment_30117_best.ckpt
Test MSE group_0: 0.0267
Test MSE group_1: 0.0320
Test MSE group_2: nan
Test MSE group_3: nan
Poisson likelihood: 0.0
CE loss: 0.0
train MSE group_0: 0.0248
train MSE group_1: 0.0353
train MSE group_2: nan
train MSE group_3: nan
CE loss (TEST): 0.0
Experiment 30117
Epoch 3000 [Test seq (cond on sampled tp)] | Loss 139.252411 | Likelihood -137.723740 | KL fp 4.2879 | FP STD 0.0948|
KL coef: 0.9999999999999111
Train loss (one batch): 144.54592895507812
Train CE loss (one batch): 0.0
Test MSE (raw): 0.0283
Test MSE (smoothed with alpha=0.01): 0.0397
New best smoothed test MSE: 0.0397. Saving best model to experiments/experiment_30117_best.ckpt
Test MSE group_0: 0.0260
Test MSE group_1: 0.0305
Test MSE group_2: nan
Test MSE group_3: nan
Poisson likelihood: 0.0
CE loss: 0.0
train MSE group_0: 0.0242
train MSE group_1: 0.0331
train MSE group_2: nan
train MSE group_3: nan
CE loss (TEST): 0.0
