/Users/benjaminmaurel/Documents/Training_Sanofi/notebooks_hands_on/latent_ode/run_models.py
run_models.py --niters 3000 -n 200 -s 40 -l 10 --dataset PK_Tacro --latent-ode --noise-weight 0.01 --max-t 5. --seed 11 --experiment 10374
Experiment 10374
Epoch 1000 [Test seq (cond on sampled tp)] | Loss 194.582794 | Likelihood -190.118805 | KL fp 7.4348 | FP STD 0.0972|
KL coef: 0.9999522643707747
Train loss (one batch): 192.10122680664062
Train CE loss (one batch): 0.0
Test MSE (raw): 0.0388
Test MSE (smoothed with alpha=0.01): 0.0388
New best smoothed test MSE: 0.0388. Saving best model to experiments/experiment_10374_best.ckpt
Test MSE group_0: 0.0352
Test MSE group_1: 0.0420
Test MSE group_2: nan
Test MSE group_3: nan
Poisson likelihood: 0.0
CE loss: 0.0
train MSE group_0: 0.0333
train MSE group_1: 0.0428
train MSE group_2: nan
train MSE group_3: nan
CE loss (TEST): 0.0
Experiment 10374
Epoch 2000 [Test seq (cond on sampled tp)] | Loss 180.569534 | Likelihood -177.237045 | KL fp 6.8113 | FP STD 0.1128|
KL coef: 0.9999999979391934
Train loss (one batch): 172.66348266601562
Train CE loss (one batch): 0.0
Test MSE (raw): 0.0362
Test MSE (smoothed with alpha=0.01): 0.0387
New best smoothed test MSE: 0.0387. Saving best model to experiments/experiment_10374_best.ckpt
Test MSE group_0: 0.0353
Test MSE group_1: 0.0369
Test MSE group_2: nan
Test MSE group_3: nan
Poisson likelihood: 0.0
CE loss: 0.0
train MSE group_0: 0.0321
train MSE group_1: 0.0363
train MSE group_2: nan
train MSE group_3: nan
CE loss (TEST): 0.0
Experiment 10374
Epoch 3000 [Test seq (cond on sampled tp)] | Loss 168.398560 | Likelihood -164.582367 | KL fp 6.4927 | FP STD 0.0925|
KL coef: 0.9999999999999111
Train loss (one batch): 156.7606201171875
Train CE loss (one batch): 0.0
Test MSE (raw): 0.0337
Test MSE (smoothed with alpha=0.01): 0.0387
New best smoothed test MSE: 0.0387. Saving best model to experiments/experiment_10374_best.ckpt
Test MSE group_0: 0.0326
Test MSE group_1: 0.0345
Test MSE group_2: nan
Test MSE group_3: nan
Poisson likelihood: 0.0
CE loss: 0.0
train MSE group_0: 0.0297
train MSE group_1: 0.0325
train MSE group_2: nan
train MSE group_3: nan
CE loss (TEST): 0.0
