/Users/benjaminmaurel/Documents/Training_Sanofi/notebooks_hands_on/latent_ode/run_models.py
run_models.py --niters 3000 -n 200 -s 40 -l 10 --dataset PK_Tacro --latent-ode --noise-weight 0.01 --max-t 5. --seed 1 --experiment 38273
Experiment 38273
Epoch 0010 [Test seq (cond on sampled tp)] | Loss 1401.408569 | Likelihood -1461.117920 | KL fp 2.3877 | FP STD 1.0160|
KL coef: 0.0
Train loss (one batch): 1919.7550048828125
Train CE loss (one batch): 0.0
Test MSE (raw): 0.2930
Test MSE (smoothed with alpha=0.01): 0.2930
New best smoothed test MSE: 0.2930. Saving best model to experiments/experiment_38273_best.ckpt
Test MSE group_0: 0.3438
Test MSE group_1: 0.2398
Test MSE group_2: nan
Test MSE group_3: nan
Poisson likelihood: 0.0
CE loss: 0.0
train MSE group_0: 0.4842
train MSE group_1: 0.2934
train MSE group_2: nan
train MSE group_3: nan
CE loss (TEST): 0.0
Experiment 38273
Epoch 0020 [Test seq (cond on sampled tp)] | Loss 681.587280 | Likelihood -692.691040 | KL fp 3.7958 | FP STD 0.4364|
KL coef: 0.09561792499119559
Train loss (one batch): 804.4158325195312
Train CE loss (one batch): 0.0
Test MSE (raw): 0.1393
Test MSE (smoothed with alpha=0.01): 0.2914
New best smoothed test MSE: 0.2914. Saving best model to experiments/experiment_38273_best.ckpt
Test MSE group_0: 0.1403
Test MSE group_1: 0.1382
Test MSE group_2: nan
Test MSE group_3: nan
Poisson likelihood: 0.0
CE loss: 0.0
train MSE group_0: 0.1582
train MSE group_1: 0.1711
train MSE group_2: nan
train MSE group_3: nan
CE loss (TEST): 0.0
