/Users/benjaminmaurel/Documents/Training_Sanofi/notebooks_hands_on/latent_ode/run_models.py
run_models.py --niters 10 -n 200 -s 40 -l 10 --dataset PK_Tacro --latent-ode --noise-weight 0.01 --max-t 5. --seed 52 --experiment 21303
Experiment 21303
Epoch 0010 [Test seq (cond on sampled tp)] | Loss 3418.541992 | Likelihood -3739.583252 | KL fp 5.6457 | FP STD 1.3761|
KL coef: 0.0
Train loss (one batch): 3723.086669921875
Train CE loss (one batch): 0.0
Test MSE (raw): 0.7487
Test MSE (smoothed with alpha=0.01): 0.7487
New best smoothed test MSE: 0.7487. Saving best model to experiments/experiment_21303_best.ckpt
Test MSE group_0: 0.9576
Test MSE group_1: 0.6838
Test MSE group_2: nan
Test MSE group_3: nan
Poisson likelihood: 0.0
CE loss: 0.0
train MSE group_0: 0.9971
train MSE group_1: 0.7683
train MSE group_2: nan
train MSE group_3: nan
CE loss (TEST): 0.0
