/Users/benjaminmaurel/Documents/Training_Sanofi/notebooks_hands_on/latent_ode/run_models.py
run_models.py --niters 3000 -n 200 -s 40 -l 10 --dataset PK_Tacro --latent-ode --noise-weight 0.01 --max-t 5. --seed 139 --experiment 10864
Experiment 10864
Epoch 1000 [Test seq (cond on sampled tp)] | Loss 172.731750 | Likelihood -171.783173 | KL fp 4.1122 | FP STD 0.1896|
KL coef: 0.9999522643707747
Train loss (one batch): 183.83045959472656
Train CE loss (one batch): 0.0
Test MSE (raw): 0.0351
Test MSE (smoothed with alpha=0.01): 0.0351
New best smoothed test MSE: 0.0351. Saving best model to experiments/experiment_10864_best.ckpt
Test MSE group_0: 0.0321
Test MSE group_1: 0.0381
Test MSE group_2: nan
Test MSE group_3: nan
Poisson likelihood: 0.0
CE loss: 0.0
train MSE group_0: 0.0331
train MSE group_1: 0.0401
train MSE group_2: nan
train MSE group_3: nan
CE loss (TEST): 0.0
Experiment 10864
Epoch 2000 [Test seq (cond on sampled tp)] | Loss 137.315460 | Likelihood -136.188263 | KL fp 4.5524 | FP STD 0.0837|
KL coef: 0.9999999979391934
Train loss (one batch): 145.71090698242188
Train CE loss (one batch): 0.0
Test MSE (raw): 0.0280
Test MSE (smoothed with alpha=0.01): 0.0350
New best smoothed test MSE: 0.0350. Saving best model to experiments/experiment_10864_best.ckpt
Test MSE group_0: 0.0256
Test MSE group_1: 0.0303
Test MSE group_2: nan
Test MSE group_3: nan
Poisson likelihood: 0.0
CE loss: 0.0
train MSE group_0: 0.0273
train MSE group_1: 0.0308
train MSE group_2: nan
train MSE group_3: nan
CE loss (TEST): 0.0
Experiment 10864
Epoch 3000 [Test seq (cond on sampled tp)] | Loss 131.713226 | Likelihood -129.704422 | KL fp 4.5159 | FP STD 0.0805|
KL coef: 0.9999999999999111
Train loss (one batch): 138.36354064941406
Train CE loss (one batch): 0.0
Test MSE (raw): 0.0267
Test MSE (smoothed with alpha=0.01): 0.0349
New best smoothed test MSE: 0.0349. Saving best model to experiments/experiment_10864_best.ckpt
Test MSE group_0: 0.0249
Test MSE group_1: 0.0284
Test MSE group_2: nan
Test MSE group_3: nan
Poisson likelihood: 0.0
CE loss: 0.0
train MSE group_0: 0.0267
train MSE group_1: 0.0288
train MSE group_2: nan
train MSE group_3: nan
CE loss (TEST): 0.0
