/Users/benjaminmaurel/Documents/Training_Sanofi/notebooks_hands_on/latent_ode/run_models.py
run_models.py --niters 3000 -n 200 -s 40 -l 10 --dataset PK_Tacro --latent-ode --noise-weight 0.01 --max-t 5. --seed 4 --experiment 34479
Experiment 34479
Epoch 1000 [Test seq (cond on sampled tp)] | Loss 244.786850 | Likelihood -244.132294 | KL fp 5.1659 | FP STD 0.1941|
KL coef: 0.9999522643707747
Train loss (one batch): 271.452392578125
Train CE loss (one batch): 0.0
Test MSE (raw): 0.0496
Test MSE (smoothed with alpha=0.01): 0.0496
New best smoothed test MSE: 0.0496. Saving best model to experiments/experiment_34479_best.ckpt
Test MSE group_0: 0.0420
Test MSE group_1: 0.0584
Test MSE group_2: nan
Test MSE group_3: nan
Poisson likelihood: 0.0
CE loss: 0.0
train MSE group_0: 0.0439
train MSE group_1: 0.0634
train MSE group_2: nan
train MSE group_3: nan
CE loss (TEST): 0.0
Experiment 34479
Epoch 2000 [Test seq (cond on sampled tp)] | Loss 235.753265 | Likelihood -233.655075 | KL fp 5.1358 | FP STD 0.1251|
KL coef: 0.9999999979391934
Train loss (one batch): 252.43592834472656
Train CE loss (one batch): 0.0
Test MSE (raw): 0.0475
Test MSE (smoothed with alpha=0.01): 0.0495
New best smoothed test MSE: 0.0495. Saving best model to experiments/experiment_34479_best.ckpt
Test MSE group_0: 0.0445
Test MSE group_1: 0.0509
Test MSE group_2: nan
Test MSE group_3: nan
Poisson likelihood: 0.0
CE loss: 0.0
train MSE group_0: 0.0478
train MSE group_1: 0.0527
train MSE group_2: nan
train MSE group_3: nan
CE loss (TEST): 0.0
Experiment 34479
Epoch 3000 [Test seq (cond on sampled tp)] | Loss 184.027298 | Likelihood -182.266602 | KL fp 5.1383 | FP STD 0.1124|
KL coef: 0.9999999999999111
Train loss (one batch): 200.007568359375
Train CE loss (one batch): 0.0
Test MSE (raw): 0.0372
Test MSE (smoothed with alpha=0.01): 0.0494
New best smoothed test MSE: 0.0494. Saving best model to experiments/experiment_34479_best.ckpt
Test MSE group_0: 0.0344
Test MSE group_1: 0.0405
Test MSE group_2: nan
Test MSE group_3: nan
Poisson likelihood: 0.0
CE loss: 0.0
train MSE group_0: 0.0379
train MSE group_1: 0.0417
train MSE group_2: nan
train MSE group_3: nan
CE loss (TEST): 0.0
