/Users/benjaminmaurel/Documents/Training_Sanofi/notebooks_hands_on/latent_ode/run_models.py
run_models.py --niters 3000 -n 200 -s 40 -l 10 --dataset PK_Tacro --latent-ode --noise-weight 0.01 --max-t 5. --seed 18 --experiment 39706
Experiment 39706
Epoch 1000 [Test seq (cond on sampled tp)] | Loss 179.635651 | Likelihood -182.599640 | KL fp 3.8040 | FP STD 0.1678|
KL coef: 0.9999522643707747
Train loss (one batch): 186.77593994140625
Train CE loss (one batch): 0.0
Test MSE (raw): 0.0373
Test MSE (smoothed with alpha=0.01): 0.0373
New best smoothed test MSE: 0.0373. Saving best model to experiments/experiment_39706_best.ckpt
Test MSE group_0: 0.0342
Test MSE group_1: 0.0403
Test MSE group_2: nan
Test MSE group_3: nan
Poisson likelihood: 0.0
CE loss: 0.0
train MSE group_0: 0.0373
train MSE group_1: 0.0380
train MSE group_2: nan
train MSE group_3: nan
CE loss (TEST): 0.0
Experiment 39706
Epoch 2000 [Test seq (cond on sampled tp)] | Loss 142.218063 | Likelihood -140.638290 | KL fp 4.2971 | FP STD 0.0704|
KL coef: 0.9999999979391934
Train loss (one batch): 145.78175354003906
Train CE loss (one batch): 0.0
Test MSE (raw): 0.0289
Test MSE (smoothed with alpha=0.01): 0.0372
New best smoothed test MSE: 0.0372. Saving best model to experiments/experiment_39706_best.ckpt
Test MSE group_0: 0.0260
Test MSE group_1: 0.0317
Test MSE group_2: nan
Test MSE group_3: nan
Poisson likelihood: 0.0
CE loss: 0.0
train MSE group_0: 0.0294
train MSE group_1: 0.0291
train MSE group_2: nan
train MSE group_3: nan
CE loss (TEST): 0.0
Experiment 39706
Epoch 3000 [Test seq (cond on sampled tp)] | Loss 136.044373 | Likelihood -134.922516 | KL fp 3.9782 | FP STD 0.0872|
KL coef: 0.9999999999999111
Train loss (one batch): 138.91065979003906
Train CE loss (one batch): 0.0
Test MSE (raw): 0.0277
Test MSE (smoothed with alpha=0.01): 0.0371
New best smoothed test MSE: 0.0371. Saving best model to experiments/experiment_39706_best.ckpt
Test MSE group_0: 0.0258
Test MSE group_1: 0.0297
Test MSE group_2: nan
Test MSE group_3: nan
Poisson likelihood: 0.0
CE loss: 0.0
train MSE group_0: 0.0282
train MSE group_1: 0.0277
train MSE group_2: nan
train MSE group_3: nan
CE loss (TEST): 0.0
