/Users/benjaminmaurel/Documents/Training_Sanofi/notebooks_hands_on/latent_ode/run_models.py
run_models.py --niters 10 -n 200 -s 40 -l 10 --dataset PK_Tacro --latent-ode --noise-weight 0.01 --max-t 5. --seed 51 --experiment 33836
Experiment 33836
Epoch 0010 [Test seq (cond on sampled tp)] | Loss 7505.381348 | Likelihood -7650.835938 | KL fp 2.6214 | FP STD 0.7523|
KL coef: 0.0
Train loss (one batch): 7447.23583984375
Train CE loss (one batch): 0.0
Test MSE (raw): 1.5309
Test MSE (smoothed with alpha=0.01): 1.5309
New best smoothed test MSE: 1.5309. Saving best model to experiments/experiment_33836_best.ckpt
Test MSE group_0: 2.4183
Test MSE group_1: 1.2246
Test MSE group_2: nan
Test MSE group_3: nan
Poisson likelihood: 0.0
CE loss: 0.0
train MSE group_0: 2.2806
train MSE group_1: 1.4231
train MSE group_2: nan
train MSE group_3: nan
CE loss (TEST): 0.0
