/Users/benjaminmaurel/Documents/Training_Sanofi/notebooks_hands_on/latent_ode/run_models.py
run_models.py --niters 3000 -n 200 -s 40 -l 10 --dataset PK_Tacro --latent-ode --noise-weight 0.01 --max-t 5. --seed 30 --experiment 17703
Experiment 17703
Epoch 1000 [Test seq (cond on sampled tp)] | Loss 168.362274 | Likelihood -167.044266 | KL fp 4.4333 | FP STD 0.0768|
KL coef: 0.9999522643707747
Train loss (one batch): 159.46372985839844
Train CE loss (one batch): 0.0
Test MSE (raw): 0.0341
Test MSE (smoothed with alpha=0.01): 0.0341
New best smoothed test MSE: 0.0341. Saving best model to experiments/experiment_17703_best.ckpt
Test MSE group_0: 0.0311
Test MSE group_1: 0.0375
Test MSE group_2: nan
Test MSE group_3: nan
Poisson likelihood: 0.0
CE loss: 0.0
train MSE group_0: 0.0320
train MSE group_1: 0.0320
train MSE group_2: nan
train MSE group_3: nan
CE loss (TEST): 0.0
Experiment 17703
Epoch 2000 [Test seq (cond on sampled tp)] | Loss 161.884583 | Likelihood -160.345551 | KL fp 4.5475 | FP STD 0.0769|
KL coef: 0.9999999979391934
Train loss (one batch): 152.84249877929688
Train CE loss (one batch): 0.0
Test MSE (raw): 0.0328
Test MSE (smoothed with alpha=0.01): 0.0341
New best smoothed test MSE: 0.0341. Saving best model to experiments/experiment_17703_best.ckpt
Test MSE group_0: 0.0304
Test MSE group_1: 0.0355
Test MSE group_2: nan
Test MSE group_3: nan
Poisson likelihood: 0.0
CE loss: 0.0
train MSE group_0: 0.0310
train MSE group_1: 0.0303
train MSE group_2: nan
train MSE group_3: nan
CE loss (TEST): 0.0
Experiment 17703
Epoch 3000 [Test seq (cond on sampled tp)] | Loss 155.688934 | Likelihood -153.834518 | KL fp 4.5603 | FP STD 0.0736|
KL coef: 0.9999999999999111
Train loss (one batch): 143.7232208251953
Train CE loss (one batch): 0.0
Test MSE (raw): 0.0315
Test MSE (smoothed with alpha=0.01): 0.0341
New best smoothed test MSE: 0.0341. Saving best model to experiments/experiment_17703_best.ckpt
Test MSE group_0: 0.0297
Test MSE group_1: 0.0335
Test MSE group_2: nan
Test MSE group_3: nan
Poisson likelihood: 0.0
CE loss: 0.0
train MSE group_0: 0.0296
train MSE group_1: 0.0282
train MSE group_2: nan
train MSE group_3: nan
CE loss (TEST): 0.0
