/Users/benjaminmaurel/Documents/Training_Sanofi/notebooks_hands_on/latent_ode/run_models.py
run_models.py --niters 3000 -n 200 -s 40 -l 10 --dataset PK_Tacro --latent-ode --noise-weight 0.01 --max-t 5. --seed 153 --experiment 13854
Experiment 13854
Epoch 1000 [Test seq (cond on sampled tp)] | Loss 228.110504 | Likelihood -226.583435 | KL fp 5.2819 | FP STD 0.1294|
KL coef: 0.9999522643707747
Train loss (one batch): 234.66912841796875
Train CE loss (one batch): 0.0
Test MSE (raw): 0.0461
Test MSE (smoothed with alpha=0.01): 0.0461
New best smoothed test MSE: 0.0461. Saving best model to experiments/experiment_13854_best.ckpt
Test MSE group_0: 0.0419
Test MSE group_1: 0.0502
Test MSE group_2: nan
Test MSE group_3: nan
Poisson likelihood: 0.0
CE loss: 0.0
train MSE group_0: 0.0437
train MSE group_1: 0.0494
train MSE group_2: nan
train MSE group_3: nan
CE loss (TEST): 0.0
Experiment 13854
Epoch 2000 [Test seq (cond on sampled tp)] | Loss 219.044006 | Likelihood -218.986710 | KL fp 5.4773 | FP STD 0.1288|
KL coef: 0.9999999979391934
Train loss (one batch): 227.9595947265625
Train CE loss (one batch): 0.0
Test MSE (raw): 0.0445
Test MSE (smoothed with alpha=0.01): 0.0460
New best smoothed test MSE: 0.0460. Saving best model to experiments/experiment_13854_best.ckpt
Test MSE group_0: 0.0422
Test MSE group_1: 0.0469
Test MSE group_2: nan
Test MSE group_3: nan
Poisson likelihood: 0.0
CE loss: 0.0
train MSE group_0: 0.0435
train MSE group_1: 0.0511
train MSE group_2: nan
train MSE group_3: nan
CE loss (TEST): 0.0
Experiment 13854
Epoch 3000 [Test seq (cond on sampled tp)] | Loss 190.814514 | Likelihood -192.772491 | KL fp 5.4564 | FP STD 0.1089|
KL coef: 0.9999999999999111
Train loss (one batch): 209.0138397216797
Train CE loss (one batch): 0.0
Test MSE (raw): 0.0393
Test MSE (smoothed with alpha=0.01): 0.0460
New best smoothed test MSE: 0.0460. Saving best model to experiments/experiment_13854_best.ckpt
Test MSE group_0: 0.0349
Test MSE group_1: 0.0437
Test MSE group_2: nan
Test MSE group_3: nan
Poisson likelihood: 0.0
CE loss: 0.0
train MSE group_0: 0.0371
train MSE group_1: 0.0451
train MSE group_2: nan
train MSE group_3: nan
CE loss (TEST): 0.0
