/Users/benjaminmaurel/Documents/Training_Sanofi/notebooks_hands_on/latent_ode/run_models.py
run_models.py --niters 3000 -n 200 -s 40 -l 10 --dataset PK_Tacro --latent-ode --noise-weight 0.01 --max-t 5. --seed 42 --experiment 42387
Experiment 42387
Epoch 1000 [Test seq (cond on sampled tp)] | Loss 217.648346 | Likelihood -216.747879 | KL fp 4.5292 | FP STD 0.1069|
KL coef: 0.9999522643707747
Train loss (one batch): 216.5042724609375
Train CE loss (one batch): 0.0
Test MSE (raw): 0.0441
Test MSE (smoothed with alpha=0.01): 0.0441
New best smoothed test MSE: 0.0441. Saving best model to experiments/experiment_42387_best.ckpt
Test MSE group_0: 0.0415
Test MSE group_1: 0.0464
Test MSE group_2: nan
Test MSE group_3: nan
Poisson likelihood: 0.0
CE loss: 0.0
train MSE group_0: 0.0418
train MSE group_1: 0.0449
train MSE group_2: nan
train MSE group_3: nan
CE loss (TEST): 0.0
Experiment 42387
Epoch 2000 [Test seq (cond on sampled tp)] | Loss 196.826492 | Likelihood -195.970093 | KL fp 4.3349 | FP STD 0.1200|
KL coef: 0.9999999979391934
Train loss (one batch): 196.3971710205078
Train CE loss (one batch): 0.0
Test MSE (raw): 0.0399
Test MSE (smoothed with alpha=0.01): 0.0440
New best smoothed test MSE: 0.0440. Saving best model to experiments/experiment_42387_best.ckpt
Test MSE group_0: 0.0389
Test MSE group_1: 0.0409
Test MSE group_2: nan
Test MSE group_3: nan
Poisson likelihood: 0.0
CE loss: 0.0
train MSE group_0: 0.0391
train MSE group_1: 0.0396
train MSE group_2: nan
train MSE group_3: nan
CE loss (TEST): 0.0
Experiment 42387
Epoch 3000 [Test seq (cond on sampled tp)] | Loss 188.545074 | Likelihood -188.703827 | KL fp 4.3585 | FP STD 0.0931|
KL coef: 0.9999999999999111
Train loss (one batch): 189.75465393066406
Train CE loss (one batch): 0.0
Test MSE (raw): 0.0385
Test MSE (smoothed with alpha=0.01): 0.0440
New best smoothed test MSE: 0.0440. Saving best model to experiments/experiment_42387_best.ckpt
Test MSE group_0: 0.0378
Test MSE group_1: 0.0391
Test MSE group_2: nan
Test MSE group_3: nan
Poisson likelihood: 0.0
CE loss: 0.0
train MSE group_0: 0.0379
train MSE group_1: 0.0384
train MSE group_2: nan
train MSE group_3: nan
CE loss (TEST): 0.0
