/Users/benjaminmaurel/Documents/Training_Sanofi/notebooks_hands_on/latent_ode/run_models.py
run_models.py --niters 3000 -n 200 -s 40 -l 10 --dataset PK_Tacro --latent-ode --noise-weight 0.01 --max-t 5. --seed 42 --experiment 39037
Experiment 39037
Epoch 1000 [Test seq (cond on sampled tp)] | Loss 244.250122 | Likelihood -242.786392 | KL fp 4.5248 | FP STD 0.1342|
KL coef: 0.9999522643707747
Train loss (one batch): 249.21629333496094
Train CE loss (one batch): 0.0
Test MSE (raw): 0.0493
Test MSE (smoothed with alpha=0.01): 0.0493
New best smoothed test MSE: 0.0493. Saving best model to experiments/experiment_39037_best.ckpt
Test MSE group_0: 0.0412
Test MSE group_1: 0.0581
Test MSE group_2: nan
Test MSE group_3: nan
Poisson likelihood: 0.0
CE loss: 0.0
train MSE group_0: 0.0418
train MSE group_1: 0.0579
train MSE group_2: nan
train MSE group_3: nan
CE loss (TEST): 0.0
Experiment 39037
Epoch 2000 [Test seq (cond on sampled tp)] | Loss 204.308838 | Likelihood -202.545410 | KL fp 4.6952 | FP STD 0.1080|
KL coef: 0.9999999979391934
Train loss (one batch): 206.1847381591797
Train CE loss (one batch): 0.0
Test MSE (raw): 0.0412
Test MSE (smoothed with alpha=0.01): 0.0492
New best smoothed test MSE: 0.0492. Saving best model to experiments/experiment_39037_best.ckpt
Test MSE group_0: 0.0365
Test MSE group_1: 0.0466
Test MSE group_2: nan
Test MSE group_3: nan
Poisson likelihood: 0.0
CE loss: 0.0
train MSE group_0: 0.0359
train MSE group_1: 0.0466
train MSE group_2: nan
train MSE group_3: nan
CE loss (TEST): 0.0
Experiment 39037
Epoch 3000 [Test seq (cond on sampled tp)] | Loss 180.867661 | Likelihood -182.375580 | KL fp 4.3535 | FP STD 0.1041|
KL coef: 0.9999999999999111
Train loss (one batch): 186.88050842285156
Train CE loss (one batch): 0.0
Test MSE (raw): 0.0372
Test MSE (smoothed with alpha=0.01): 0.0491
New best smoothed test MSE: 0.0491. Saving best model to experiments/experiment_39037_best.ckpt
Test MSE group_0: 0.0336
Test MSE group_1: 0.0412
Test MSE group_2: nan
Test MSE group_3: nan
Poisson likelihood: 0.0
CE loss: 0.0
train MSE group_0: 0.0326
train MSE group_1: 0.0425
train MSE group_2: nan
train MSE group_3: nan
CE loss (TEST): 0.0
