/Users/benjaminmaurel/Documents/Training_Sanofi/notebooks_hands_on/latent_ode/run_models.py
run_models.py --niters 3000 -n 200 -s 40 -l 10 --dataset PK_Tacro --latent-ode --noise-weight 0.01 --max-t 5. --seed 134 --experiment 35642
Experiment 35642
Epoch 1000 [Test seq (cond on sampled tp)] | Loss 169.595322 | Likelihood -168.516541 | KL fp 4.3799 | FP STD 0.1457|
KL coef: 0.9999522643707747
Train loss (one batch): 170.81297302246094
Train CE loss (one batch): 0.0
Test MSE (raw): 0.0344
Test MSE (smoothed with alpha=0.01): 0.0344
New best smoothed test MSE: 0.0344. Saving best model to experiments/experiment_35642_best.ckpt
Test MSE group_0: 0.0316
Test MSE group_1: 0.0373
Test MSE group_2: nan
Test MSE group_3: nan
Poisson likelihood: 0.0
CE loss: 0.0
train MSE group_0: 0.0314
train MSE group_1: 0.0374
train MSE group_2: nan
train MSE group_3: nan
CE loss (TEST): 0.0
Experiment 35642
Epoch 2000 [Test seq (cond on sampled tp)] | Loss 142.431961 | Likelihood -140.633667 | KL fp 4.6322 | FP STD 0.1103|
KL coef: 0.9999999979391934
Train loss (one batch): 147.17762756347656
Train CE loss (one batch): 0.0
Test MSE (raw): 0.0289
Test MSE (smoothed with alpha=0.01): 0.0344
New best smoothed test MSE: 0.0344. Saving best model to experiments/experiment_35642_best.ckpt
Test MSE group_0: 0.0271
Test MSE group_1: 0.0307
Test MSE group_2: nan
Test MSE group_3: nan
Poisson likelihood: 0.0
CE loss: 0.0
train MSE group_0: 0.0282
train MSE group_1: 0.0312
train MSE group_2: nan
train MSE group_3: nan
CE loss (TEST): 0.0
