/Users/benjaminmaurel/Documents/Training_Sanofi/notebooks_hands_on/latent_ode/run_models.py
run_models.py --niters 3000 -n 200 -s 40 -l 10 --dataset PK_Tacro --latent-ode --noise-weight 0.01 --max-t 5. --seed 171 --experiment 10734
Experiment 10734
Epoch 1000 [Test seq (cond on sampled tp)] | Loss 145.511032 | Likelihood -143.280548 | KL fp 4.9279 | FP STD 0.1474|
KL coef: 0.9999522643707747
Train loss (one batch): 148.50511169433594
Train CE loss (one batch): 0.0
Test MSE (raw): 0.0294
Test MSE (smoothed with alpha=0.01): 0.0294
New best smoothed test MSE: 0.0294. Saving best model to experiments/experiment_10734_best.ckpt
Test MSE group_0: 0.0272
Test MSE group_1: 0.0316
Test MSE group_2: nan
Test MSE group_3: nan
Poisson likelihood: 0.0
CE loss: 0.0
train MSE group_0: 0.0293
train MSE group_1: 0.0302
train MSE group_2: nan
train MSE group_3: nan
CE loss (TEST): 0.0
Experiment 10734
Epoch 2000 [Test seq (cond on sampled tp)] | Loss 142.267090 | Likelihood -140.584290 | KL fp 4.6900 | FP STD 0.1495|
KL coef: 0.9999999979391934
Train loss (one batch): 143.21517944335938
Train CE loss (one batch): 0.0
Test MSE (raw): 0.0289
Test MSE (smoothed with alpha=0.01): 0.0294
New best smoothed test MSE: 0.0294. Saving best model to experiments/experiment_10734_best.ckpt
Test MSE group_0: 0.0271
Test MSE group_1: 0.0306
Test MSE group_2: nan
Test MSE group_3: nan
Poisson likelihood: 0.0
CE loss: 0.0
train MSE group_0: 0.0287
train MSE group_1: 0.0286
train MSE group_2: nan
train MSE group_3: nan
CE loss (TEST): 0.0
Experiment 10734
Epoch 3000 [Test seq (cond on sampled tp)] | Loss 128.537109 | Likelihood -126.121155 | KL fp 5.0103 | FP STD 0.0865|
KL coef: 0.9999999999999111
Train loss (one batch): 130.66476440429688
Train CE loss (one batch): 0.0
Test MSE (raw): 0.0260
Test MSE (smoothed with alpha=0.01): 0.0294
New best smoothed test MSE: 0.0294. Saving best model to experiments/experiment_10734_best.ckpt
Test MSE group_0: 0.0252
Test MSE group_1: 0.0267
Test MSE group_2: nan
Test MSE group_3: nan
Poisson likelihood: 0.0
CE loss: 0.0
train MSE group_0: 0.0272
train MSE group_1: 0.0250
train MSE group_2: nan
train MSE group_3: nan
CE loss (TEST): 0.0
