/Users/benjaminmaurel/Documents/Training_Sanofi/notebooks_hands_on/latent_ode/run_models.py
run_models.py --niters 3000 -n 200 -s 40 -l 10 --dataset PK_Tacro --latent-ode --noise-weight 0.01 --max-t 5. --seed 26 --experiment 36112
Experiment 36112
Epoch 1000 [Test seq (cond on sampled tp)] | Loss 202.409363 | Likelihood -200.406342 | KL fp 5.0145 | FP STD 0.0999|
KL coef: 0.9999522643707747
Train loss (one batch): 194.5019073486328
Train CE loss (one batch): 0.0
Test MSE (raw): 0.0408
Test MSE (smoothed with alpha=0.01): 0.0408
New best smoothed test MSE: 0.0408. Saving best model to experiments/experiment_36112_best.ckpt
Test MSE group_0: 0.0365
Test MSE group_1: 0.0449
Test MSE group_2: nan
Test MSE group_3: nan
Poisson likelihood: 0.0
CE loss: 0.0
train MSE group_0: 0.0357
train MSE group_1: 0.0426
train MSE group_2: nan
train MSE group_3: nan
CE loss (TEST): 0.0
Experiment 36112
Epoch 2000 [Test seq (cond on sampled tp)] | Loss 187.880020 | Likelihood -186.026306 | KL fp 4.9215 | FP STD 0.1458|
KL coef: 0.9999999979391934
Train loss (one batch): 179.0459442138672
Train CE loss (one batch): 0.0
Test MSE (raw): 0.0379
Test MSE (smoothed with alpha=0.01): 0.0408
New best smoothed test MSE: 0.0408. Saving best model to experiments/experiment_36112_best.ckpt
Test MSE group_0: 0.0345
Test MSE group_1: 0.0411
Test MSE group_2: nan
Test MSE group_3: nan
Poisson likelihood: 0.0
CE loss: 0.0
train MSE group_0: 0.0335
train MSE group_1: 0.0385
train MSE group_2: nan
train MSE group_3: nan
CE loss (TEST): 0.0
Experiment 36112
Epoch 3000 [Test seq (cond on sampled tp)] | Loss 179.674286 | Likelihood -177.701981 | KL fp 4.8388 | FP STD 0.1262|
KL coef: 0.9999999999999111
Train loss (one batch): 170.0788116455078
Train CE loss (one batch): 0.0
Test MSE (raw): 0.0363
Test MSE (smoothed with alpha=0.01): 0.0407
New best smoothed test MSE: 0.0407. Saving best model to experiments/experiment_36112_best.ckpt
Test MSE group_0: 0.0336
Test MSE group_1: 0.0387
Test MSE group_2: nan
Test MSE group_3: nan
Poisson likelihood: 0.0
CE loss: 0.0
train MSE group_0: 0.0331
train MSE group_1: 0.0353
train MSE group_2: nan
train MSE group_3: nan
CE loss (TEST): 0.0
