/Users/benjaminmaurel/Documents/Training_Sanofi/notebooks_hands_on/latent_ode/run_models.py
run_models.py --niters 3000 -n 200 -s 40 -l 10 --dataset PK_Tacro --latent-ode --noise-weight 0.01 --max-t 5. --seed 3 --experiment 28883
Experiment 28883
Epoch 1000 [Test seq (cond on sampled tp)] | Loss 180.399384 | Likelihood -177.874359 | KL fp 5.8623 | FP STD 0.1153|
KL coef: 0.9999522643707747
Train loss (one batch): 179.34776306152344
Train CE loss (one batch): 0.0
Test MSE (raw): 0.0363
Test MSE (smoothed with alpha=0.01): 0.0363
New best smoothed test MSE: 0.0363. Saving best model to experiments/experiment_28883_best.ckpt
Test MSE group_0: 0.0310
Test MSE group_1: 0.0413
Test MSE group_2: nan
Test MSE group_3: nan
Poisson likelihood: 0.0
CE loss: 0.0
train MSE group_0: 0.0308
train MSE group_1: 0.0423
train MSE group_2: nan
train MSE group_3: nan
CE loss (TEST): 0.0
Experiment 28883
Epoch 2000 [Test seq (cond on sampled tp)] | Loss 167.118881 | Likelihood -163.841675 | KL fp 5.8434 | FP STD 0.0902|
KL coef: 0.9999999979391934
Train loss (one batch): 164.56353759765625
Train CE loss (one batch): 0.0
Test MSE (raw): 0.0335
Test MSE (smoothed with alpha=0.01): 0.0363
New best smoothed test MSE: 0.0363. Saving best model to experiments/experiment_28883_best.ckpt
Test MSE group_0: 0.0298
Test MSE group_1: 0.0371
Test MSE group_2: nan
Test MSE group_3: nan
Poisson likelihood: 0.0
CE loss: 0.0
train MSE group_0: 0.0294
train MSE group_1: 0.0370
train MSE group_2: nan
train MSE group_3: nan
CE loss (TEST): 0.0
Experiment 28883
Epoch 3000 [Test seq (cond on sampled tp)] | Loss 165.830048 | Likelihood -164.098969 | KL fp 5.0175 | FP STD 0.1612|
KL coef: 0.9999999999999111
Train loss (one batch): 164.43295288085938
Train CE loss (one batch): 0.0
Test MSE (raw): 0.0336
Test MSE (smoothed with alpha=0.01): 0.0363
New best smoothed test MSE: 0.0363. Saving best model to experiments/experiment_28883_best.ckpt
Test MSE group_0: 0.0298
Test MSE group_1: 0.0371
Test MSE group_2: nan
Test MSE group_3: nan
Poisson likelihood: 0.0
CE loss: 0.0
train MSE group_0: 0.0300
train MSE group_1: 0.0370
train MSE group_2: nan
train MSE group_3: nan
CE loss (TEST): 0.0
