/Users/benjaminmaurel/Documents/Training_Sanofi/notebooks_hands_on/latent_ode/run_models.py
run_models.py --niters 3000 -n 200 -s 40 -l 10 --dataset PK_Tacro --latent-ode --noise-weight 0.01 --max-t 5. --seed 117 --experiment 16145
Experiment 16145
Epoch 1000 [Test seq (cond on sampled tp)] | Loss 171.917847 | Likelihood -169.548096 | KL fp 5.6074 | FP STD 0.1282|
KL coef: 0.9999522643707747
Train loss (one batch): 170.42355346679688
Train CE loss (one batch): 0.0
Test MSE (raw): 0.0346
Test MSE (smoothed with alpha=0.01): 0.0346
New best smoothed test MSE: 0.0346. Saving best model to experiments/experiment_16145_best.ckpt
Test MSE group_0: 0.0302
Test MSE group_1: 0.0391
Test MSE group_2: nan
Test MSE group_3: nan
Poisson likelihood: 0.0
CE loss: 0.0
train MSE group_0: 0.0299
train MSE group_1: 0.0392
train MSE group_2: nan
train MSE group_3: nan
CE loss (TEST): 0.0
Experiment 16145
Epoch 2000 [Test seq (cond on sampled tp)] | Loss 153.880814 | Likelihood -150.979126 | KL fp 5.5119 | FP STD 0.1054|
KL coef: 0.9999999979391934
Train loss (one batch): 147.2063751220703
Train CE loss (one batch): 0.0
Test MSE (raw): 0.0309
Test MSE (smoothed with alpha=0.01): 0.0346
New best smoothed test MSE: 0.0346. Saving best model to experiments/experiment_16145_best.ckpt
Test MSE group_0: 0.0287
Test MSE group_1: 0.0331
Test MSE group_2: nan
Test MSE group_3: nan
Poisson likelihood: 0.0
CE loss: 0.0
train MSE group_0: 0.0275
train MSE group_1: 0.0315
train MSE group_2: nan
train MSE group_3: nan
CE loss (TEST): 0.0
Experiment 16145
Epoch 3000 [Test seq (cond on sampled tp)] | Loss 152.922607 | Likelihood -150.629959 | KL fp 5.0973 | FP STD 0.1205|
KL coef: 0.9999999999999111
Train loss (one batch): 144.49453735351562
Train CE loss (one batch): 0.0
Test MSE (raw): 0.0309
Test MSE (smoothed with alpha=0.01): 0.0346
New best smoothed test MSE: 0.0346. Saving best model to experiments/experiment_16145_best.ckpt
Test MSE group_0: 0.0282
Test MSE group_1: 0.0335
Test MSE group_2: nan
Test MSE group_3: nan
Poisson likelihood: 0.0
CE loss: 0.0
train MSE group_0: 0.0263
train MSE group_1: 0.0321
train MSE group_2: nan
train MSE group_3: nan
CE loss (TEST): 0.0
