/Users/benjaminmaurel/Documents/Training_Sanofi/notebooks_hands_on/latent_ode/run_models.py
run_models.py --niters 3000 -n 200 -s 40 -l 10 --dataset PK_Tacro --latent-ode --noise-weight 0.01 --max-t 5. --seed 26 --experiment 38995
Experiment 38995
Epoch 1000 [Test seq (cond on sampled tp)] | Loss 187.173508 | Likelihood -185.193924 | KL fp 4.7761 | FP STD 0.0651|
KL coef: 0.9999522643707747
Train loss (one batch): 167.83810424804688
Train CE loss (one batch): 0.0
Test MSE (raw): 0.0378
Test MSE (smoothed with alpha=0.01): 0.0378
New best smoothed test MSE: 0.0378. Saving best model to experiments/experiment_38995_best.ckpt
Test MSE group_0: 0.0331
Test MSE group_1: 0.0430
Test MSE group_2: nan
Test MSE group_3: nan
Poisson likelihood: 0.0
CE loss: 0.0
train MSE group_0: 0.0325
train MSE group_1: 0.0348
train MSE group_2: nan
train MSE group_3: nan
CE loss (TEST): 0.0
Experiment 38995
Epoch 2000 [Test seq (cond on sampled tp)] | Loss 172.541840 | Likelihood -170.661560 | KL fp 4.8667 | FP STD 0.0728|
KL coef: 0.9999999979391934
Train loss (one batch): 156.12672424316406
Train CE loss (one batch): 0.0
Test MSE (raw): 0.0349
Test MSE (smoothed with alpha=0.01): 0.0377
New best smoothed test MSE: 0.0377. Saving best model to experiments/experiment_38995_best.ckpt
Test MSE group_0: 0.0306
Test MSE group_1: 0.0396
Test MSE group_2: nan
Test MSE group_3: nan
Poisson likelihood: 0.0
CE loss: 0.0
train MSE group_0: 0.0304
train MSE group_1: 0.0321
train MSE group_2: nan
train MSE group_3: nan
CE loss (TEST): 0.0
Experiment 38995
Epoch 3000 [Test seq (cond on sampled tp)] | Loss 161.224487 | Likelihood -159.141815 | KL fp 4.8195 | FP STD 0.0640|
KL coef: 0.9999999999999111
Train loss (one batch): 147.09544372558594
Train CE loss (one batch): 0.0
Test MSE (raw): 0.0326
Test MSE (smoothed with alpha=0.01): 0.0377
New best smoothed test MSE: 0.0377. Saving best model to experiments/experiment_38995_best.ckpt
Test MSE group_0: 0.0296
Test MSE group_1: 0.0359
Test MSE group_2: nan
Test MSE group_3: nan
Poisson likelihood: 0.0
CE loss: 0.0
train MSE group_0: 0.0294
train MSE group_1: 0.0295
train MSE group_2: nan
train MSE group_3: nan
CE loss (TEST): 0.0
