/Users/benjaminmaurel/Documents/Training_Sanofi/notebooks_hands_on/latent_ode/run_models.py
run_models.py --niters 3000 -n 200 -s 40 -l 10 --dataset PK_Tacro --latent-ode --noise-weight 0.01 --max-t 5. --seed 1 --experiment 30099
Experiment 30099
Epoch 1000 [Test seq (cond on sampled tp)] | Loss 157.237549 | Likelihood -154.791443 | KL fp 6.1384 | FP STD 0.1546|
KL coef: 0.9999522643707747
Train loss (one batch): 150.15008544921875
Train CE loss (one batch): 0.0
Test MSE (raw): 0.0317
Test MSE (smoothed with alpha=0.01): 0.0317
New best smoothed test MSE: 0.0317. Saving best model to experiments/experiment_30099_best.ckpt
Test MSE group_0: 0.0286
Test MSE group_1: 0.0351
Test MSE group_2: nan
Test MSE group_3: nan
Poisson likelihood: 0.0
CE loss: 0.0
train MSE group_0: 0.0254
train MSE group_1: 0.0343
train MSE group_2: nan
train MSE group_3: nan
CE loss (TEST): 0.0
Experiment 30099
Epoch 2000 [Test seq (cond on sampled tp)] | Loss 140.623932 | Likelihood -137.505737 | KL fp 6.1019 | FP STD 0.1308|
KL coef: 0.9999999979391934
Train loss (one batch): 127.54711151123047
Train CE loss (one batch): 0.0
Test MSE (raw): 0.0282
Test MSE (smoothed with alpha=0.01): 0.0317
New best smoothed test MSE: 0.0317. Saving best model to experiments/experiment_30099_best.ckpt
Test MSE group_0: 0.0262
Test MSE group_1: 0.0305
Test MSE group_2: nan
Test MSE group_3: nan
Poisson likelihood: 0.0
CE loss: 0.0
train MSE group_0: 0.0231
train MSE group_1: 0.0276
train MSE group_2: nan
train MSE group_3: nan
CE loss (TEST): 0.0
Experiment 30099
Epoch 3000 [Test seq (cond on sampled tp)] | Loss 131.723602 | Likelihood -128.579544 | KL fp 5.9347 | FP STD 0.1043|
KL coef: 0.9999999999999111
Train loss (one batch): 116.0663070678711
Train CE loss (one batch): 0.0
Test MSE (raw): 0.0265
Test MSE (smoothed with alpha=0.01): 0.0316
New best smoothed test MSE: 0.0316. Saving best model to experiments/experiment_30099_best.ckpt
Test MSE group_0: 0.0250
Test MSE group_1: 0.0280
Test MSE group_2: nan
Test MSE group_3: nan
Poisson likelihood: 0.0
CE loss: 0.0
train MSE group_0: 0.0218
train MSE group_1: 0.0244
train MSE group_2: nan
train MSE group_3: nan
CE loss (TEST): 0.0
