/Users/benjaminmaurel/Documents/Training_Sanofi/notebooks_hands_on/latent_ode/run_models.py
run_models.py --niters 3000 -n 200 -s 40 -l 10 --dataset PK_Tacro --latent-ode --noise-weight 0.01 --max-t 5. --seed 31 --experiment 34900
Experiment 34900
Epoch 1000 [Test seq (cond on sampled tp)] | Loss 229.597992 | Likelihood -226.548981 | KL fp 5.8928 | FP STD 0.0791|
KL coef: 0.9999522643707747
Train loss (one batch): 210.37998962402344
Train CE loss (one batch): 0.0
Test MSE (raw): 0.0460
Test MSE (smoothed with alpha=0.01): 0.0460
New best smoothed test MSE: 0.0460. Saving best model to experiments/experiment_34900_best.ckpt
Test MSE group_0: 0.0377
Test MSE group_1: 0.0552
Test MSE group_2: nan
Test MSE group_3: nan
Poisson likelihood: 0.0
CE loss: 0.0
train MSE group_0: 0.0355
train MSE group_1: 0.0488
train MSE group_2: nan
train MSE group_3: nan
CE loss (TEST): 0.0
Experiment 34900
Epoch 2000 [Test seq (cond on sampled tp)] | Loss 188.889221 | Likelihood -187.128235 | KL fp 5.5237 | FP STD 0.0805|
KL coef: 0.9999999979391934
Train loss (one batch): 176.84463500976562
Train CE loss (one batch): 0.0
Test MSE (raw): 0.0382
Test MSE (smoothed with alpha=0.01): 0.0460
New best smoothed test MSE: 0.0460. Saving best model to experiments/experiment_34900_best.ckpt
Test MSE group_0: 0.0328
Test MSE group_1: 0.0441
Test MSE group_2: nan
Test MSE group_3: nan
Poisson likelihood: 0.0
CE loss: 0.0
train MSE group_0: 0.0302
train MSE group_1: 0.0407
train MSE group_2: nan
train MSE group_3: nan
CE loss (TEST): 0.0
Experiment 34900
Epoch 3000 [Test seq (cond on sampled tp)] | Loss 176.438065 | Likelihood -175.456726 | KL fp 5.5456 | FP STD 0.0748|
KL coef: 0.9999999999999111
Train loss (one batch): 162.12806701660156
Train CE loss (one batch): 0.0
Test MSE (raw): 0.0358
Test MSE (smoothed with alpha=0.01): 0.0459
New best smoothed test MSE: 0.0459. Saving best model to experiments/experiment_34900_best.ckpt
Test MSE group_0: 0.0323
Test MSE group_1: 0.0398
Test MSE group_2: nan
Test MSE group_3: nan
Poisson likelihood: 0.0
CE loss: 0.0
train MSE group_0: 0.0294
train MSE group_1: 0.0357
train MSE group_2: nan
train MSE group_3: nan
CE loss (TEST): 0.0
