/Users/benjaminmaurel/Documents/Training_Sanofi/notebooks_hands_on/latent_ode/run_models.py
run_models.py --niters 3000 -n 200 -s 40 -l 10 --dataset PK_Tacro --latent-ode --noise-weight 0.01 --max-t 5. --seed 193 --experiment 11835
Experiment 11835
Epoch 1000 [Test seq (cond on sampled tp)] | Loss 146.618790 | Likelihood -144.249008 | KL fp 5.2739 | FP STD 0.1511|
KL coef: 0.9999522643707747
Train loss (one batch): 154.86659240722656
Train CE loss (one batch): 0.0
Test MSE (raw): 0.0296
Test MSE (smoothed with alpha=0.01): 0.0296
New best smoothed test MSE: 0.0296. Saving best model to experiments/experiment_11835_best.ckpt
Test MSE group_0: 0.0266
Test MSE group_1: 0.0326
Test MSE group_2: nan
Test MSE group_3: nan
Poisson likelihood: 0.0
CE loss: 0.0
train MSE group_0: 0.0291
train MSE group_1: 0.0327
train MSE group_2: nan
train MSE group_3: nan
CE loss (TEST): 0.0
Experiment 11835
Epoch 2000 [Test seq (cond on sampled tp)] | Loss 130.336807 | Likelihood -127.626373 | KL fp 5.3898 | FP STD 0.1013|
KL coef: 0.9999999979391934
Train loss (one batch): 135.107177734375
Train CE loss (one batch): 0.0
Test MSE (raw): 0.0263
Test MSE (smoothed with alpha=0.01): 0.0296
New best smoothed test MSE: 0.0296. Saving best model to experiments/experiment_11835_best.ckpt
Test MSE group_0: 0.0248
Test MSE group_1: 0.0277
Test MSE group_2: nan
Test MSE group_3: nan
Poisson likelihood: 0.0
CE loss: 0.0
train MSE group_0: 0.0270
train MSE group_1: 0.0268
train MSE group_2: nan
train MSE group_3: nan
CE loss (TEST): 0.0
Experiment 11835
Epoch 3000 [Test seq (cond on sampled tp)] | Loss 122.386314 | Likelihood -119.582275 | KL fp 5.4183 | FP STD 0.0619|
KL coef: 0.9999999999999111
Train loss (one batch): 124.68130493164062
Train CE loss (one batch): 0.0
Test MSE (raw): 0.0247
Test MSE (smoothed with alpha=0.01): 0.0295
New best smoothed test MSE: 0.0295. Saving best model to experiments/experiment_11835_best.ckpt
Test MSE group_0: 0.0239
Test MSE group_1: 0.0254
Test MSE group_2: nan
Test MSE group_3: nan
Poisson likelihood: 0.0
CE loss: 0.0
train MSE group_0: 0.0255
train MSE group_1: 0.0241
train MSE group_2: nan
train MSE group_3: nan
CE loss (TEST): 0.0
