/Users/benjaminmaurel/Documents/Training_Sanofi/notebooks_hands_on/latent_ode/run_models.py
run_models.py --niters 3000 -n 200 -s 40 -l 10 --dataset PK_Tacro --latent-ode --noise-weight 0.01 --max-t 5. --seed 25 --experiment 42246
Experiment 42246
Epoch 0010 [Test seq (cond on sampled tp)] | Loss 1634.738525 | Likelihood -1788.027588 | KL fp 3.3540 | FP STD 0.7234|
KL coef: 0.0
Train loss (one batch): 2572.873779296875
Train CE loss (one batch): 0.0
Test MSE (raw): 0.3583
Test MSE (smoothed with alpha=0.01): 0.3583
New best smoothed test MSE: 0.3583. Saving best model to experiments/experiment_42246_best.ckpt
Test MSE group_0: 0.4628
Test MSE group_1: 0.2347
Test MSE group_2: nan
Test MSE group_3: nan
Poisson likelihood: 0.0
CE loss: 0.0
train MSE group_0: 0.6787
train MSE group_1: 0.3829
train MSE group_2: nan
train MSE group_3: nan
CE loss (TEST): 0.0
Experiment 42246
Epoch 0020 [Test seq (cond on sampled tp)] | Loss 881.044434 | Likelihood -907.376404 | KL fp 4.3845 | FP STD 0.5036|
KL coef: 0.09561792499119559
Train loss (one batch): 800.6238403320312
Train CE loss (one batch): 0.0
Test MSE (raw): 0.1822
Test MSE (smoothed with alpha=0.01): 0.3566
New best smoothed test MSE: 0.3566. Saving best model to experiments/experiment_42246_best.ckpt
Test MSE group_0: 0.1263
Test MSE group_1: 0.2490
Test MSE group_2: nan
Test MSE group_3: nan
Poisson likelihood: 0.0
CE loss: 0.0
train MSE group_0: 0.1165
train MSE group_1: 0.2134
train MSE group_2: nan
train MSE group_3: nan
CE loss (TEST): 0.0
Experiment 42246
Epoch 0030 [Test seq (cond on sampled tp)] | Loss 714.549927 | Likelihood -729.667603 | KL fp 4.9841 | FP STD 0.2119|
KL coef: 0.18209306240276923
Train loss (one batch): 662.5781860351562
Train CE loss (one batch): 0.0
Test MSE (raw): 0.1467
Test MSE (smoothed with alpha=0.01): 0.3545
New best smoothed test MSE: 0.3545. Saving best model to experiments/experiment_42246_best.ckpt
Test MSE group_0: 0.1207
Test MSE group_1: 0.1778
Test MSE group_2: nan
Test MSE group_3: nan
Poisson likelihood: 0.0
CE loss: 0.0
train MSE group_0: 0.1144
train MSE group_1: 0.1565
train MSE group_2: nan
train MSE group_3: nan
CE loss (TEST): 0.0
Experiment 42246
Epoch 0040 [Test seq (cond on sampled tp)] | Loss 556.818359 | Likelihood -573.244629 | KL fp 4.7059 | FP STD 0.2964|
KL coef: 0.2602996266117198
Train loss (one batch): 546.644775390625
Train CE loss (one batch): 0.0
Test MSE (raw): 0.1154
Test MSE (smoothed with alpha=0.01): 0.3521
New best smoothed test MSE: 0.3521. Saving best model to experiments/experiment_42246_best.ckpt
Test MSE group_0: 0.0946
Test MSE group_1: 0.1402
Test MSE group_2: nan
Test MSE group_3: nan
Poisson likelihood: 0.0
CE loss: 0.0
train MSE group_0: 0.1003
train MSE group_1: 0.1211
train MSE group_2: nan
train MSE group_3: nan
CE loss (TEST): 0.0
Experiment 42246
Epoch 0050 [Test seq (cond on sampled tp)] | Loss 329.987885 | Likelihood -342.574982 | KL fp 4.4004 | FP STD 0.3393|
KL coef: 0.3310282414303197
Train loss (one batch): 357.0680847167969
Train CE loss (one batch): 0.0
Test MSE (raw): 0.0693
Test MSE (smoothed with alpha=0.01): 0.3493
New best smoothed test MSE: 0.3493. Saving best model to experiments/experiment_42246_best.ckpt
Test MSE group_0: 0.0541
Test MSE group_1: 0.0873
Test MSE group_2: nan
Test MSE group_3: nan
Poisson likelihood: 0.0
CE loss: 0.0
train MSE group_0: 0.0671
train MSE group_1: 0.0794
train MSE group_2: nan
train MSE group_3: nan
CE loss (TEST): 0.0
Experiment 42246
Epoch 0060 [Test seq (cond on sampled tp)] | Loss 278.393829 | Likelihood -287.327576 | KL fp 4.8852 | FP STD 0.3319|
KL coef: 0.39499393286246365
Train loss (one batch): 267.3625793457031
Train CE loss (one batch): 0.0
Test MSE (raw): 0.0582
Test MSE (smoothed with alpha=0.01): 0.3464
New best smoothed test MSE: 0.3464. Saving best model to experiments/experiment_42246_best.ckpt
Test MSE group_0: 0.0468
Test MSE group_1: 0.0717
Test MSE group_2: nan
Test MSE group_3: nan
Poisson likelihood: 0.0
CE loss: 0.0
train MSE group_0: 0.0428
train MSE group_1: 0.0730
train MSE group_2: nan
train MSE group_3: nan
CE loss (TEST): 0.0
Experiment 42246
Epoch 0070 [Test seq (cond on sampled tp)] | Loss 246.852432 | Likelihood -254.285156 | KL fp 4.6075 | FP STD 0.3203|
KL coef: 0.4528433576092388
Train loss (one batch): 256.86749267578125
Train CE loss (one batch): 0.0
Test MSE (raw): 0.0516
Test MSE (smoothed with alpha=0.01): 0.3434
New best smoothed test MSE: 0.3434. Saving best model to experiments/experiment_42246_best.ckpt
Test MSE group_0: 0.0391
Test MSE group_1: 0.0665
Test MSE group_2: nan
Test MSE group_3: nan
Poisson likelihood: 0.0
CE loss: 0.0
train MSE group_0: 0.0439
train MSE group_1: 0.0611
train MSE group_2: nan
train MSE group_3: nan
CE loss (TEST): 0.0
Experiment 42246
Epoch 0080 [Test seq (cond on sampled tp)] | Loss 222.742065 | Likelihood -226.274658 | KL fp 4.5682 | FP STD 0.2786|
KL coef: 0.505161340399793
Train loss (one batch): 221.4701385498047
Train CE loss (one batch): 0.0
Test MSE (raw): 0.0460
Test MSE (smoothed with alpha=0.01): 0.3404
New best smoothed test MSE: 0.3404. Saving best model to experiments/experiment_42246_best.ckpt
Test MSE group_0: 0.0317
Test MSE group_1: 0.0630
Test MSE group_2: nan
Test MSE group_3: nan
Poisson likelihood: 0.0
CE loss: 0.0
train MSE group_0: 0.0387
train MSE group_1: 0.0528
train MSE group_2: nan
train MSE group_3: nan
CE loss (TEST): 0.0
Experiment 42246
Epoch 0090 [Test seq (cond on sampled tp)] | Loss 211.129623 | Likelihood -213.428864 | KL fp 4.7360 | FP STD 0.2392|
KL coef: 0.5524767862361895
Train loss (one batch): 212.6885223388672
Train CE loss (one batch): 0.0
Test MSE (raw): 0.0434
Test MSE (smoothed with alpha=0.01): 0.3375
New best smoothed test MSE: 0.3375. Saving best model to experiments/experiment_42246_best.ckpt
Test MSE group_0: 0.0305
Test MSE group_1: 0.0588
Test MSE group_2: nan
Test MSE group_3: nan
Poisson likelihood: 0.0
CE loss: 0.0
train MSE group_0: 0.0316
train MSE group_1: 0.0557
train MSE group_2: nan
train MSE group_3: nan
CE loss (TEST): 0.0
Experiment 42246
Epoch 0100 [Test seq (cond on sampled tp)] | Loss 209.792908 | Likelihood -211.125626 | KL fp 5.1088 | FP STD 0.2028|
KL coef: 0.5952680273216762
Train loss (one batch): 199.47625732421875
Train CE loss (one batch): 0.0
Test MSE (raw): 0.0430
Test MSE (smoothed with alpha=0.01): 0.3345
New best smoothed test MSE: 0.3345. Saving best model to experiments/experiment_42246_best.ckpt
Test MSE group_0: 0.0320
Test MSE group_1: 0.0560
Test MSE group_2: nan
Test MSE group_3: nan
Poisson likelihood: 0.0
CE loss: 0.0
train MSE group_0: 0.0310
train MSE group_1: 0.0512
train MSE group_2: nan
train MSE group_3: nan
CE loss (TEST): 0.0
Experiment 42246
Epoch 0110 [Test seq (cond on sampled tp)] | Loss 196.845032 | Likelihood -197.088272 | KL fp 5.1177 | FP STD 0.1712|
KL coef: 0.6339676587267709
Train loss (one batch): 196.78501892089844
Train CE loss (one batch): 0.0
Test MSE (raw): 0.0402
Test MSE (smoothed with alpha=0.01): 0.3316
New best smoothed test MSE: 0.3316. Saving best model to experiments/experiment_42246_best.ckpt
Test MSE group_0: 0.0276
Test MSE group_1: 0.0550
Test MSE group_2: nan
Test MSE group_3: nan
Poisson likelihood: 0.0
CE loss: 0.0
train MSE group_0: 0.0308
train MSE group_1: 0.0496
train MSE group_2: nan
train MSE group_3: nan
CE loss (TEST): 0.0
Experiment 42246
Epoch 0120 [Test seq (cond on sampled tp)] | Loss 196.303726 | Likelihood -198.203369 | KL fp 5.0909 | FP STD 0.1617|
KL coef: 0.6689669116789861
Train loss (one batch): 192.67282104492188
Train CE loss (one batch): 0.0
Test MSE (raw): 0.0404
Test MSE (smoothed with alpha=0.01): 0.3287
New best smoothed test MSE: 0.3287. Saving best model to experiments/experiment_42246_best.ckpt
Test MSE group_0: 0.0273
Test MSE group_1: 0.0559
Test MSE group_2: nan
Test MSE group_3: nan
Poisson likelihood: 0.0
CE loss: 0.0
train MSE group_0: 0.0278
train MSE group_1: 0.0511
train MSE group_2: nan
train MSE group_3: nan
CE loss (TEST): 0.0
Experiment 42246
Epoch 0130 [Test seq (cond on sampled tp)] | Loss 195.642242 | Likelihood -197.248978 | KL fp 4.8663 | FP STD 0.1833|
KL coef: 0.7006196086876687
Train loss (one batch): 191.5867156982422
Train CE loss (one batch): 0.0
Test MSE (raw): 0.0402
Test MSE (smoothed with alpha=0.01): 0.3258
New best smoothed test MSE: 0.3258. Saving best model to experiments/experiment_42246_best.ckpt
Test MSE group_0: 0.0283
Test MSE group_1: 0.0543
Test MSE group_2: nan
Test MSE group_3: nan
Poisson likelihood: 0.0
CE loss: 0.0
train MSE group_0: 0.0288
train MSE group_1: 0.0494
train MSE group_2: nan
train MSE group_3: nan
CE loss (TEST): 0.0
Experiment 42246
Epoch 0140 [Test seq (cond on sampled tp)] | Loss 199.102203 | Likelihood -198.538330 | KL fp 5.2031 | FP STD 0.1851|
KL coef: 0.729245740488006
Train loss (one batch): 188.6395721435547
Train CE loss (one batch): 0.0
Test MSE (raw): 0.0404
Test MSE (smoothed with alpha=0.01): 0.3229
New best smoothed test MSE: 0.3229. Saving best model to experiments/experiment_42246_best.ckpt
Test MSE group_0: 0.0276
Test MSE group_1: 0.0557
Test MSE group_2: nan
Test MSE group_3: nan
Poisson likelihood: 0.0
CE loss: 0.0
train MSE group_0: 0.0272
train MSE group_1: 0.0500
train MSE group_2: nan
train MSE group_3: nan
CE loss (TEST): 0.0
Experiment 42246
Epoch 0150 [Test seq (cond on sampled tp)] | Loss 192.222290 | Likelihood -193.287994 | KL fp 4.9741 | FP STD 0.1700|
KL coef: 0.7551347009650705
Train loss (one batch): 190.09426879882812
Train CE loss (one batch): 0.0
Test MSE (raw): 0.0394
Test MSE (smoothed with alpha=0.01): 0.3201
New best smoothed test MSE: 0.3201. Saving best model to experiments/experiment_42246_best.ckpt
Test MSE group_0: 0.0277
Test MSE group_1: 0.0534
Test MSE group_2: nan
Test MSE group_3: nan
Poisson likelihood: 0.0
CE loss: 0.0
train MSE group_0: 0.0285
train MSE group_1: 0.0489
train MSE group_2: nan
train MSE group_3: nan
CE loss (TEST): 0.0
Experiment 42246
Epoch 0160 [Test seq (cond on sampled tp)] | Loss 188.093567 | Likelihood -187.412231 | KL fp 5.3289 | FP STD 0.1474|
KL coef: 0.7785482127611391
Train loss (one batch): 185.95303344726562
Train CE loss (one batch): 0.0
Test MSE (raw): 0.0382
Test MSE (smoothed with alpha=0.01): 0.3173
New best smoothed test MSE: 0.3173. Saving best model to experiments/experiment_42246_best.ckpt
Test MSE group_0: 0.0273
Test MSE group_1: 0.0512
Test MSE group_2: nan
Test MSE group_3: nan
Poisson likelihood: 0.0
CE loss: 0.0
train MSE group_0: 0.0281
train MSE group_1: 0.0477
train MSE group_2: nan
train MSE group_3: nan
CE loss (TEST): 0.0
Experiment 42246
Epoch 0170 [Test seq (cond on sampled tp)] | Loss 185.274750 | Likelihood -184.138153 | KL fp 5.4817 | FP STD 0.1322|
KL coef: 0.7997229731425107
Train loss (one batch): 183.59652709960938
Train CE loss (one batch): 0.0
Test MSE (raw): 0.0376
Test MSE (smoothed with alpha=0.01): 0.3145
New best smoothed test MSE: 0.3145. Saving best model to experiments/experiment_42246_best.ckpt
Test MSE group_0: 0.0258
Test MSE group_1: 0.0516
Test MSE group_2: nan
Test MSE group_3: nan
Poisson likelihood: 0.0
CE loss: 0.0
train MSE group_0: 0.0277
train MSE group_1: 0.0472
train MSE group_2: nan
train MSE group_3: nan
CE loss (TEST): 0.0
Experiment 42246
Epoch 0180 [Test seq (cond on sampled tp)] | Loss 188.259216 | Likelihood -188.067993 | KL fp 5.0562 | FP STD 0.1603|
KL coef: 0.8188730468740297
Train loss (one batch): 186.21951293945312
Train CE loss (one batch): 0.0
Test MSE (raw): 0.0384
Test MSE (smoothed with alpha=0.01): 0.3117
New best smoothed test MSE: 0.3117. Saving best model to experiments/experiment_42246_best.ckpt
Test MSE group_0: 0.0270
Test MSE group_1: 0.0519
Test MSE group_2: nan
Test MSE group_3: nan
Poisson likelihood: 0.0
CE loss: 0.0
train MSE group_0: 0.0283
train MSE group_1: 0.0483
train MSE group_2: nan
train MSE group_3: nan
CE loss (TEST): 0.0
Experiment 42246
Epoch 0190 [Test seq (cond on sampled tp)] | Loss 183.896744 | Likelihood -183.977127 | KL fp 5.2992 | FP STD 0.1291|
KL coef: 0.8361920302919126
Train loss (one batch): 184.3918914794922
Train CE loss (one batch): 0.0
Test MSE (raw): 0.0375
Test MSE (smoothed with alpha=0.01): 0.3090
New best smoothed test MSE: 0.3090. Saving best model to experiments/experiment_42246_best.ckpt
Test MSE group_0: 0.0263
Test MSE group_1: 0.0509
Test MSE group_2: nan
Test MSE group_3: nan
Poisson likelihood: 0.0
CE loss: 0.0
train MSE group_0: 0.0279
train MSE group_1: 0.0468
train MSE group_2: nan
train MSE group_3: nan
CE loss (TEST): 0.0
Experiment 42246
Epoch 0200 [Test seq (cond on sampled tp)] | Loss 185.920654 | Likelihood -185.564301 | KL fp 4.9204 | FP STD 0.1563|
KL coef: 0.8518550084524206
Train loss (one batch): 186.3251190185547
Train CE loss (one batch): 0.0
Test MSE (raw): 0.0379
Test MSE (smoothed with alpha=0.01): 0.3063
New best smoothed test MSE: 0.3063. Saving best model to experiments/experiment_42246_best.ckpt
Test MSE group_0: 0.0267
Test MSE group_1: 0.0510
Test MSE group_2: nan
Test MSE group_3: nan
Poisson likelihood: 0.0
CE loss: 0.0
train MSE group_0: 0.0278
train MSE group_1: 0.0482
train MSE group_2: nan
train MSE group_3: nan
CE loss (TEST): 0.0
Experiment 42246
Epoch 0210 [Test seq (cond on sampled tp)] | Loss 182.270035 | Likelihood -180.846054 | KL fp 5.1450 | FP STD 0.1328|
KL coef: 0.8660203251420383
Train loss (one batch): 180.7957305908203
Train CE loss (one batch): 0.0
Test MSE (raw): 0.0369
Test MSE (smoothed with alpha=0.01): 0.3036
New best smoothed test MSE: 0.3036. Saving best model to experiments/experiment_42246_best.ckpt
Test MSE group_0: 0.0257
Test MSE group_1: 0.0503
Test MSE group_2: nan
Test MSE group_3: nan
Poisson likelihood: 0.0
CE loss: 0.0
train MSE group_0: 0.0267
train MSE group_1: 0.0466
train MSE group_2: nan
train MSE group_3: nan
CE loss (TEST): 0.0
Experiment 42246
Epoch 0220 [Test seq (cond on sampled tp)] | Loss 181.718307 | Likelihood -180.389893 | KL fp 5.3059 | FP STD 0.1243|
KL coef: 0.8788311836429517
Train loss (one batch): 179.12152099609375
Train CE loss (one batch): 0.0
Test MSE (raw): 0.0368
Test MSE (smoothed with alpha=0.01): 0.3009
New best smoothed test MSE: 0.3009. Saving best model to experiments/experiment_42246_best.ckpt
Test MSE group_0: 0.0260
Test MSE group_1: 0.0497
Test MSE group_2: nan
Test MSE group_3: nan
Poisson likelihood: 0.0
CE loss: 0.0
train MSE group_0: 0.0263
train MSE group_1: 0.0463
train MSE group_2: nan
train MSE group_3: nan
CE loss (TEST): 0.0
Experiment 42246
Epoch 0230 [Test seq (cond on sampled tp)] | Loss 182.044128 | Likelihood -181.314026 | KL fp 5.0413 | FP STD 0.1344|
KL coef: 0.8904170944366518
Train loss (one batch): 178.39364624023438
Train CE loss (one batch): 0.0
Test MSE (raw): 0.0370
Test MSE (smoothed with alpha=0.01): 0.2983
New best smoothed test MSE: 0.2983. Saving best model to experiments/experiment_42246_best.ckpt
Test MSE group_0: 0.0260
Test MSE group_1: 0.0501
Test MSE group_2: nan
Test MSE group_3: nan
Poisson likelihood: 0.0
CE loss: 0.0
train MSE group_0: 0.0262
train MSE group_1: 0.0462
train MSE group_2: nan
train MSE group_3: nan
CE loss (TEST): 0.0
Experiment 42246
Epoch 0240 [Test seq (cond on sampled tp)] | Loss 179.832886 | Likelihood -178.503021 | KL fp 5.1650 | FP STD 0.1276|
KL coef: 0.9008951844811254
Train loss (one batch): 178.22747802734375
Train CE loss (one batch): 0.0
Test MSE (raw): 0.0364
Test MSE (smoothed with alpha=0.01): 0.2956
New best smoothed test MSE: 0.2956. Saving best model to experiments/experiment_42246_best.ckpt
Test MSE group_0: 0.0255
Test MSE group_1: 0.0494
Test MSE group_2: nan
Test MSE group_3: nan
Poisson likelihood: 0.0
CE loss: 0.0
train MSE group_0: 0.0265
train MSE group_1: 0.0457
train MSE group_2: nan
train MSE group_3: nan
CE loss (TEST): 0.0
Experiment 42246
Epoch 0250 [Test seq (cond on sampled tp)] | Loss 179.791122 | Likelihood -177.889526 | KL fp 5.3634 | FP STD 0.1144|
KL coef: 0.9103713812976754
Train loss (one batch): 176.03506469726562
Train CE loss (one batch): 0.0
Test MSE (raw): 0.0363
Test MSE (smoothed with alpha=0.01): 0.2930
New best smoothed test MSE: 0.2930. Saving best model to experiments/experiment_42246_best.ckpt
Test MSE group_0: 0.0255
Test MSE group_1: 0.0491
Test MSE group_2: nan
Test MSE group_3: nan
Poisson likelihood: 0.0
CE loss: 0.0
train MSE group_0: 0.0260
train MSE group_1: 0.0454
train MSE group_2: nan
train MSE group_3: nan
CE loss (TEST): 0.0
Experiment 42246
Epoch 0260 [Test seq (cond on sampled tp)] | Loss 178.628311 | Likelihood -176.829971 | KL fp 5.3715 | FP STD 0.1111|
KL coef: 0.9189414838378187
Train loss (one batch): 175.67266845703125
Train CE loss (one batch): 0.0
Test MSE (raw): 0.0361
Test MSE (smoothed with alpha=0.01): 0.2905
New best smoothed test MSE: 0.2905. Saving best model to experiments/experiment_42246_best.ckpt
Test MSE group_0: 0.0256
Test MSE group_1: 0.0485
Test MSE group_2: nan
Test MSE group_3: nan
Poisson likelihood: 0.0
CE loss: 0.0
train MSE group_0: 0.0262
train MSE group_1: 0.0450
train MSE group_2: nan
train MSE group_3: nan
CE loss (TEST): 0.0
Experiment 42246
Epoch 0270 [Test seq (cond on sampled tp)] | Loss 179.358978 | Likelihood -177.686676 | KL fp 5.0342 | FP STD 0.1329|
KL coef: 0.9266921309561118
Train loss (one batch): 176.4667205810547
Train CE loss (one batch): 0.0
Test MSE (raw): 0.0363
Test MSE (smoothed with alpha=0.01): 0.2879
New best smoothed test MSE: 0.2879. Saving best model to experiments/experiment_42246_best.ckpt
Test MSE group_0: 0.0255
Test MSE group_1: 0.0490
Test MSE group_2: nan
Test MSE group_3: nan
Poisson likelihood: 0.0
CE loss: 0.0
train MSE group_0: 0.0261
train MSE group_1: 0.0454
train MSE group_2: nan
train MSE group_3: nan
CE loss (TEST): 0.0
Experiment 42246
Epoch 0280 [Test seq (cond on sampled tp)] | Loss 177.345032 | Likelihood -175.943939 | KL fp 5.1815 | FP STD 0.1327|
KL coef: 0.9337016772796147
Train loss (one batch): 175.94586181640625
Train CE loss (one batch): 0.0
Test MSE (raw): 0.0359
Test MSE (smoothed with alpha=0.01): 0.2854
New best smoothed test MSE: 0.2854. Saving best model to experiments/experiment_42246_best.ckpt
Test MSE group_0: 0.0257
Test MSE group_1: 0.0481
Test MSE group_2: nan
Test MSE group_3: nan
Poisson likelihood: 0.0
CE loss: 0.0
train MSE group_0: 0.0265
train MSE group_1: 0.0448
train MSE group_2: nan
train MSE group_3: nan
CE loss (TEST): 0.0
Experiment 42246
Epoch 0290 [Test seq (cond on sampled tp)] | Loss 178.082077 | Likelihood -176.539230 | KL fp 5.2500 | FP STD 0.1262|
KL coef: 0.9400409853285345
Train loss (one batch): 174.7058563232422
Train CE loss (one batch): 0.0
Test MSE (raw): 0.0360
Test MSE (smoothed with alpha=0.01): 0.2829
New best smoothed test MSE: 0.2829. Saving best model to experiments/experiment_42246_best.ckpt
Test MSE group_0: 0.0257
Test MSE group_1: 0.0483
Test MSE group_2: nan
Test MSE group_3: nan
Poisson likelihood: 0.0
CE loss: 0.0
train MSE group_0: 0.0260
train MSE group_1: 0.0449
train MSE group_2: nan
train MSE group_3: nan
CE loss (TEST): 0.0
Experiment 42246
Epoch 0300 [Test seq (cond on sampled tp)] | Loss 177.504395 | Likelihood -175.633438 | KL fp 5.2138 | FP STD 0.1185|
KL coef: 0.9457741418959368
Train loss (one batch): 174.78187561035156
Train CE loss (one batch): 0.0
Test MSE (raw): 0.0359
Test MSE (smoothed with alpha=0.01): 0.2804
New best smoothed test MSE: 0.2804. Saving best model to experiments/experiment_42246_best.ckpt
Test MSE group_0: 0.0255
Test MSE group_1: 0.0482
Test MSE group_2: nan
Test MSE group_3: nan
Poisson likelihood: 0.0
CE loss: 0.0
train MSE group_0: 0.0259
train MSE group_1: 0.0448
train MSE group_2: nan
train MSE group_3: nan
CE loss (TEST): 0.0
Experiment 42246
Epoch 0310 [Test seq (cond on sampled tp)] | Loss 177.212738 | Likelihood -175.385727 | KL fp 5.2257 | FP STD 0.1134|
KL coef: 0.9509591059287142
Train loss (one batch): 175.41152954101562
Train CE loss (one batch): 0.0
Test MSE (raw): 0.0358
Test MSE (smoothed with alpha=0.01): 0.2780
New best smoothed test MSE: 0.2780. Saving best model to experiments/experiment_42246_best.ckpt
Test MSE group_0: 0.0255
Test MSE group_1: 0.0481
Test MSE group_2: nan
Test MSE group_3: nan
Poisson likelihood: 0.0
CE loss: 0.0
train MSE group_0: 0.0260
train MSE group_1: 0.0449
train MSE group_2: nan
train MSE group_3: nan
CE loss (TEST): 0.0
Experiment 42246
Epoch 0320 [Test seq (cond on sampled tp)] | Loss 177.333435 | Likelihood -175.440704 | KL fp 5.1708 | FP STD 0.1115|
KL coef: 0.9556482944595236
Train loss (one batch): 174.82608032226562
Train CE loss (one batch): 0.0
Test MSE (raw): 0.0358
Test MSE (smoothed with alpha=0.01): 0.2756
New best smoothed test MSE: 0.2756. Saving best model to experiments/experiment_42246_best.ckpt
Test MSE group_0: 0.0256
Test MSE group_1: 0.0480
Test MSE group_2: nan
Test MSE group_3: nan
Poisson likelihood: 0.0
CE loss: 0.0
train MSE group_0: 0.0266
train MSE group_1: 0.0440
train MSE group_2: nan
train MSE group_3: nan
CE loss (TEST): 0.0
Experiment 42246
Epoch 0330 [Test seq (cond on sampled tp)] | Loss 176.374115 | Likelihood -174.220856 | KL fp 5.3147 | FP STD 0.1159|
KL coef: 0.9598891125131245
Train loss (one batch): 175.3124542236328
Train CE loss (one batch): 0.0
Test MSE (raw): 0.0356
Test MSE (smoothed with alpha=0.01): 0.2732
New best smoothed test MSE: 0.2732. Saving best model to experiments/experiment_42246_best.ckpt
Test MSE group_0: 0.0250
Test MSE group_1: 0.0481
Test MSE group_2: nan
Test MSE group_3: nan
Poisson likelihood: 0.0
CE loss: 0.0
train MSE group_0: 0.0260
train MSE group_1: 0.0449
train MSE group_2: nan
train MSE group_3: nan
CE loss (TEST): 0.0
Experiment 42246
Epoch 0340 [Test seq (cond on sampled tp)] | Loss 180.415497 | Likelihood -178.582611 | KL fp 5.1787 | FP STD 0.1373|
KL coef: 0.9637244323441748
Train loss (one batch): 176.73240661621094
Train CE loss (one batch): 0.0
Test MSE (raw): 0.0365
Test MSE (smoothed with alpha=0.01): 0.2708
New best smoothed test MSE: 0.2708. Saving best model to experiments/experiment_42246_best.ckpt
Test MSE group_0: 0.0266
Test MSE group_1: 0.0481
Test MSE group_2: nan
Test MSE group_3: nan
Poisson likelihood: 0.0
CE loss: 0.0
train MSE group_0: 0.0269
train MSE group_1: 0.0445
train MSE group_2: nan
train MSE group_3: nan
CE loss (TEST): 0.0
Experiment 42246
Epoch 0350 [Test seq (cond on sampled tp)] | Loss 177.565918 | Likelihood -175.403152 | KL fp 5.2605 | FP STD 0.1148|
KL coef: 0.9671930268513026
Train loss (one batch): 173.77655029296875
Train CE loss (one batch): 0.0
Test MSE (raw): 0.0358
Test MSE (smoothed with alpha=0.01): 0.2685
New best smoothed test MSE: 0.2685. Saving best model to experiments/experiment_42246_best.ckpt
Test MSE group_0: 0.0254
Test MSE group_1: 0.0482
Test MSE group_2: nan
Test MSE group_3: nan
Poisson likelihood: 0.0
CE loss: 0.0
train MSE group_0: 0.0254
train MSE group_1: 0.0448
train MSE group_2: nan
train MSE group_3: nan
CE loss (TEST): 0.0
Experiment 42246
Epoch 0360 [Test seq (cond on sampled tp)] | Loss 176.308472 | Likelihood -174.048767 | KL fp 5.2766 | FP STD 0.1124|
KL coef: 0.9703299615490228
Train loss (one batch): 173.94137573242188
Train CE loss (one batch): 0.0
Test MSE (raw): 0.0355
Test MSE (smoothed with alpha=0.01): 0.2661
New best smoothed test MSE: 0.2661. Saving best model to experiments/experiment_42246_best.ckpt
Test MSE group_0: 0.0258
Test MSE group_1: 0.0471
Test MSE group_2: nan
Test MSE group_3: nan
Poisson likelihood: 0.0
CE loss: 0.0
train MSE group_0: 0.0259
train MSE group_1: 0.0443
train MSE group_2: nan
train MSE group_3: nan
CE loss (TEST): 0.0
Experiment 42246
Epoch 0370 [Test seq (cond on sampled tp)] | Loss 175.863251 | Likelihood -174.070877 | KL fp 5.1174 | FP STD 0.1233|
KL coef: 0.9731669490601144
Train loss (one batch): 174.5467071533203
Train CE loss (one batch): 0.0
Test MSE (raw): 0.0356
Test MSE (smoothed with alpha=0.01): 0.2638
New best smoothed test MSE: 0.2638. Saving best model to experiments/experiment_42246_best.ckpt
Test MSE group_0: 0.0259
Test MSE group_1: 0.0471
Test MSE group_2: nan
Test MSE group_3: nan
Poisson likelihood: 0.0
CE loss: 0.0
train MSE group_0: 0.0262
train MSE group_1: 0.0443
train MSE group_2: nan
train MSE group_3: nan
CE loss (TEST): 0.0
