/Users/benjaminmaurel/Documents/Training_Sanofi/notebooks_hands_on/latent_ode/run_models.py
run_models.py --niters 3000 -n 200 -s 40 -l 10 --dataset PK_Tacro --latent-ode --noise-weight 0.01 --max-t 5. --seed 13 --experiment 41880
Experiment 41880
Epoch 1000 [Test seq (cond on sampled tp)] | Loss 265.509186 | Likelihood -264.067871 | KL fp 6.5892 | FP STD 0.2755|
KL coef: 0.9999522643707747
Train loss (one batch): 264.1958312988281
Train CE loss (one batch): 0.0
Test MSE (raw): 0.0536
Test MSE (smoothed with alpha=0.01): 0.0536
New best smoothed test MSE: 0.0536. Saving best model to experiments/experiment_41880_best.ckpt
Test MSE group_0: 0.0476
Test MSE group_1: 0.0593
Test MSE group_2: nan
Test MSE group_3: nan
Poisson likelihood: 0.0
CE loss: 0.0
train MSE group_0: 0.0503
train MSE group_1: 0.0561
train MSE group_2: nan
train MSE group_3: nan
CE loss (TEST): 0.0
Experiment 41880
Epoch 2000 [Test seq (cond on sampled tp)] | Loss 208.057907 | Likelihood -204.833771 | KL fp 6.6482 | FP STD 0.1907|
KL coef: 0.9999999979391934
Train loss (one batch): 197.96237182617188
Train CE loss (one batch): 0.0
Test MSE (raw): 0.0417
Test MSE (smoothed with alpha=0.01): 0.0534
New best smoothed test MSE: 0.0534. Saving best model to experiments/experiment_41880_best.ckpt
Test MSE group_0: 0.0369
Test MSE group_1: 0.0463
Test MSE group_2: nan
Test MSE group_3: nan
Poisson likelihood: 0.0
CE loss: 0.0
train MSE group_0: 0.0369
train MSE group_1: 0.0419
train MSE group_2: nan
train MSE group_3: nan
CE loss (TEST): 0.0
Experiment 41880
Epoch 3000 [Test seq (cond on sampled tp)] | Loss 195.021698 | Likelihood -191.486099 | KL fp 6.3961 | FP STD 0.1244|
KL coef: 0.9999999999999111
Train loss (one batch): 183.300537109375
Train CE loss (one batch): 0.0
Test MSE (raw): 0.0390
Test MSE (smoothed with alpha=0.01): 0.0533
New best smoothed test MSE: 0.0533. Saving best model to experiments/experiment_41880_best.ckpt
Test MSE group_0: 0.0360
Test MSE group_1: 0.0420
Test MSE group_2: nan
Test MSE group_3: nan
Poisson likelihood: 0.0
CE loss: 0.0
train MSE group_0: 0.0353
train MSE group_1: 0.0375
train MSE group_2: nan
train MSE group_3: nan
CE loss (TEST): 0.0
