/Users/benjaminmaurel/Documents/Training_Sanofi/notebooks_hands_on/latent_ode/run_models.py
run_models.py --niters 3000 -n 200 -s 40 -l 10 --dataset PK_Tacro --latent-ode --noise-weight 0.01 --max-t 5. --seed 17 --experiment 27157
Experiment 27157
Epoch 1000 [Test seq (cond on sampled tp)] | Loss 214.780716 | Likelihood -214.598618 | KL fp 5.5899 | FP STD 0.1826|
KL coef: 0.9999522643707747
Train loss (one batch): 218.68690490722656
Train CE loss (one batch): 0.0
Test MSE (raw): 0.0437
Test MSE (smoothed with alpha=0.01): 0.0437
New best smoothed test MSE: 0.0437. Saving best model to experiments/experiment_27157_best.ckpt
Test MSE group_0: 0.0392
Test MSE group_1: 0.0479
Test MSE group_2: nan
Test MSE group_3: nan
Poisson likelihood: 0.0
CE loss: 0.0
train MSE group_0: 0.0393
train MSE group_1: 0.0485
train MSE group_2: nan
train MSE group_3: nan
CE loss (TEST): 0.0
Experiment 27157
Epoch 2000 [Test seq (cond on sampled tp)] | Loss 184.685532 | Likelihood -182.182068 | KL fp 5.5707 | FP STD 0.1395|
KL coef: 0.9999999979391934
Train loss (one batch): 181.4868621826172
Train CE loss (one batch): 0.0
Test MSE (raw): 0.0372
Test MSE (smoothed with alpha=0.01): 0.0436
New best smoothed test MSE: 0.0436. Saving best model to experiments/experiment_27157_best.ckpt
Test MSE group_0: 0.0350
Test MSE group_1: 0.0392
Test MSE group_2: nan
Test MSE group_3: nan
Poisson likelihood: 0.0
CE loss: 0.0
train MSE group_0: 0.0340
train MSE group_1: 0.0383
train MSE group_2: nan
train MSE group_3: nan
CE loss (TEST): 0.0
Experiment 27157
Epoch 3000 [Test seq (cond on sampled tp)] | Loss 176.149246 | Likelihood -173.416855 | KL fp 5.6865 | FP STD 0.0946|
KL coef: 0.9999999999999111
Train loss (one batch): 167.30198669433594
Train CE loss (one batch): 0.0
Test MSE (raw): 0.0354
Test MSE (smoothed with alpha=0.01): 0.0435
New best smoothed test MSE: 0.0435. Saving best model to experiments/experiment_27157_best.ckpt
Test MSE group_0: 0.0335
Test MSE group_1: 0.0372
Test MSE group_2: nan
Test MSE group_3: nan
Poisson likelihood: 0.0
CE loss: 0.0
train MSE group_0: 0.0315
train MSE group_1: 0.0350
train MSE group_2: nan
train MSE group_3: nan
CE loss (TEST): 0.0
