/Users/benjaminmaurel/Documents/Training_Sanofi/notebooks_hands_on/latent_ode/run_models.py
run_models.py --niters 3000 -n 200 -s 40 -l 10 --dataset PK_Tacro --latent-ode --noise-weight 0.01 --max-t 5. --seed 3 --experiment 40963
Experiment 40963
Epoch 1000 [Test seq (cond on sampled tp)] | Loss 214.017761 | Likelihood -211.220627 | KL fp 5.8991 | FP STD 0.1672|
KL coef: 0.9999522643707747
Train loss (one batch): 226.48037719726562
Train CE loss (one batch): 0.0
Test MSE (raw): 0.0430
Test MSE (smoothed with alpha=0.01): 0.0430
New best smoothed test MSE: 0.0430. Saving best model to experiments/experiment_40963_best.ckpt
Test MSE group_0: 0.0357
Test MSE group_1: 0.0499
Test MSE group_2: nan
Test MSE group_3: nan
Poisson likelihood: 0.0
CE loss: 0.0
train MSE group_0: 0.0372
train MSE group_1: 0.0548
train MSE group_2: nan
train MSE group_3: nan
CE loss (TEST): 0.0
Experiment 40963
Epoch 2000 [Test seq (cond on sampled tp)] | Loss 199.729279 | Likelihood -196.914902 | KL fp 5.8230 | FP STD 0.1265|
KL coef: 0.9999999979391934
Train loss (one batch): 215.55908203125
Train CE loss (one batch): 0.0
Test MSE (raw): 0.0401
Test MSE (smoothed with alpha=0.01): 0.0430
New best smoothed test MSE: 0.0430. Saving best model to experiments/experiment_40963_best.ckpt
Test MSE group_0: 0.0344
Test MSE group_1: 0.0456
Test MSE group_2: nan
Test MSE group_3: nan
Poisson likelihood: 0.0
CE loss: 0.0
train MSE group_0: 0.0367
train MSE group_1: 0.0505
train MSE group_2: nan
train MSE group_3: nan
CE loss (TEST): 0.0
Experiment 40963
Epoch 3000 [Test seq (cond on sampled tp)] | Loss 164.486084 | Likelihood -161.371017 | KL fp 5.7697 | FP STD 0.0957|
KL coef: 0.9999999999999111
Train loss (one batch): 174.4480743408203
Train CE loss (one batch): 0.0
Test MSE (raw): 0.0330
Test MSE (smoothed with alpha=0.01): 0.0429
New best smoothed test MSE: 0.0429. Saving best model to experiments/experiment_40963_best.ckpt
Test MSE group_0: 0.0294
Test MSE group_1: 0.0364
Test MSE group_2: nan
Test MSE group_3: nan
Poisson likelihood: 0.0
CE loss: 0.0
train MSE group_0: 0.0307
train MSE group_1: 0.0396
train MSE group_2: nan
train MSE group_3: nan
CE loss (TEST): 0.0
