/Users/benjaminmaurel/Documents/Training_Sanofi/notebooks_hands_on/latent_ode/run_models.py
run_models.py --niters 3000 -n 200 -s 40 -l 10 --dataset PK_Tacro --latent-ode --noise-weight 0.01 --max-t 5. --seed 167 --experiment 24159
Experiment 24159
Epoch 1000 [Test seq (cond on sampled tp)] | Loss 212.242767 | Likelihood -208.178589 | KL fp 7.8979 | FP STD 0.2032|
KL coef: 0.9999522643707747
Train loss (one batch): 210.14588928222656
Train CE loss (one batch): 0.0
Test MSE (raw): 0.0424
Test MSE (smoothed with alpha=0.01): 0.0424
New best smoothed test MSE: 0.0424. Saving best model to experiments/experiment_24159_best.ckpt
Test MSE group_0: 0.0411
Test MSE group_1: 0.0437
Test MSE group_2: nan
Test MSE group_3: nan
Poisson likelihood: 0.0
CE loss: 0.0
train MSE group_0: 0.0426
train MSE group_1: 0.0415
train MSE group_2: nan
train MSE group_3: nan
CE loss (TEST): 0.0
Experiment 24159
Epoch 2000 [Test seq (cond on sampled tp)] | Loss 149.286713 | Likelihood -144.118561 | KL fp 7.8686 | FP STD 0.1039|
KL coef: 0.9999999979391934
Train loss (one batch): 151.7327117919922
Train CE loss (one batch): 0.0
Test MSE (raw): 0.0296
Test MSE (smoothed with alpha=0.01): 0.0422
New best smoothed test MSE: 0.0422. Saving best model to experiments/experiment_24159_best.ckpt
Test MSE group_0: 0.0279
Test MSE group_1: 0.0312
Test MSE group_2: nan
Test MSE group_3: nan
Poisson likelihood: 0.0
CE loss: 0.0
train MSE group_0: 0.0280
train MSE group_1: 0.0312
train MSE group_2: nan
train MSE group_3: nan
CE loss (TEST): 0.0
Experiment 24159
Epoch 3000 [Test seq (cond on sampled tp)] | Loss 132.348343 | Likelihood -127.754318 | KL fp 7.1157 | FP STD 0.0933|
KL coef: 0.9999999999999111
Train loss (one batch): 130.15597534179688
Train CE loss (one batch): 0.0
Test MSE (raw): 0.0263
Test MSE (smoothed with alpha=0.01): 0.0421
New best smoothed test MSE: 0.0421. Saving best model to experiments/experiment_24159_best.ckpt
Test MSE group_0: 0.0251
Test MSE group_1: 0.0275
Test MSE group_2: nan
Test MSE group_3: nan
Poisson likelihood: 0.0
CE loss: 0.0
train MSE group_0: 0.0245
train MSE group_1: 0.0265
train MSE group_2: nan
train MSE group_3: nan
CE loss (TEST): 0.0
