/Users/benjaminmaurel/Documents/Training_Sanofi/notebooks_hands_on/latent_ode/run_models.py
run_models.py --niters 3000 -n 200 -s 40 -l 10 --dataset PK_Tacro --latent-ode --noise-weight 0.01 --max-t 5. --seed 125 --experiment 11639
Experiment 11639
Epoch 1000 [Test seq (cond on sampled tp)] | Loss 154.866882 | Likelihood -151.034424 | KL fp 6.5730 | FP STD 0.0854|
KL coef: 0.9999522643707747
Train loss (one batch): 172.7589874267578
Train CE loss (one batch): 0.0
Test MSE (raw): 0.0309
Test MSE (smoothed with alpha=0.01): 0.0309
New best smoothed test MSE: 0.0309. Saving best model to experiments/experiment_11639_best.ckpt
Test MSE group_0: 0.0276
Test MSE group_1: 0.0342
Test MSE group_2: nan
Test MSE group_3: nan
Poisson likelihood: 0.0
CE loss: 0.0
train MSE group_0: 0.0297
train MSE group_1: 0.0386
train MSE group_2: nan
train MSE group_3: nan
CE loss (TEST): 0.0
Experiment 11639
Epoch 2000 [Test seq (cond on sampled tp)] | Loss 148.023315 | Likelihood -144.347305 | KL fp 6.3848 | FP STD 0.0764|
KL coef: 0.9999999979391934
Train loss (one batch): 166.3773193359375
Train CE loss (one batch): 0.0
Test MSE (raw): 0.0296
Test MSE (smoothed with alpha=0.01): 0.0309
New best smoothed test MSE: 0.0309. Saving best model to experiments/experiment_11639_best.ckpt
Test MSE group_0: 0.0266
Test MSE group_1: 0.0326
Test MSE group_2: nan
Test MSE group_3: nan
Poisson likelihood: 0.0
CE loss: 0.0
train MSE group_0: 0.0287
train MSE group_1: 0.0369
train MSE group_2: nan
train MSE group_3: nan
CE loss (TEST): 0.0
Experiment 11639
Epoch 3000 [Test seq (cond on sampled tp)] | Loss 145.301987 | Likelihood -142.810806 | KL fp 5.8553 | FP STD 0.1198|
KL coef: 0.9999999999999111
Train loss (one batch): 163.8413848876953
Train CE loss (one batch): 0.0
Test MSE (raw): 0.0293
Test MSE (smoothed with alpha=0.01): 0.0309
New best smoothed test MSE: 0.0309. Saving best model to experiments/experiment_11639_best.ckpt
Test MSE group_0: 0.0268
Test MSE group_1: 0.0318
Test MSE group_2: nan
Test MSE group_3: nan
Poisson likelihood: 0.0
CE loss: 0.0
train MSE group_0: 0.0286
train MSE group_1: 0.0364
train MSE group_2: nan
train MSE group_3: nan
CE loss (TEST): 0.0
