/Users/benjaminmaurel/Documents/Training_Sanofi/notebooks_hands_on/latent_ode/run_models.py
run_models.py --niters 3000 -n 200 -s 40 -l 10 --dataset PK_Tacro --latent-ode --noise-weight 0.01 --max-t 5. --seed 165 --experiment 31102
Experiment 31102
Epoch 1000 [Test seq (cond on sampled tp)] | Loss 221.475143 | Likelihood -218.750061 | KL fp 5.7754 | FP STD 0.1133|
KL coef: 0.9999522643707747
Train loss (one batch): 234.61148071289062
Train CE loss (one batch): 0.0
Test MSE (raw): 0.0445
Test MSE (smoothed with alpha=0.01): 0.0445
New best smoothed test MSE: 0.0445. Saving best model to experiments/experiment_31102_best.ckpt
Test MSE group_0: 0.0378
Test MSE group_1: 0.0511
Test MSE group_2: nan
Test MSE group_3: nan
Poisson likelihood: 0.0
CE loss: 0.0
train MSE group_0: 0.0397
train MSE group_1: 0.0534
train MSE group_2: nan
train MSE group_3: nan
CE loss (TEST): 0.0
Experiment 31102
Epoch 2000 [Test seq (cond on sampled tp)] | Loss 180.769196 | Likelihood -179.059326 | KL fp 5.6772 | FP STD 0.1364|
KL coef: 0.9999999979391934
Train loss (one batch): 197.22958374023438
Train CE loss (one batch): 0.0
Test MSE (raw): 0.0365
Test MSE (smoothed with alpha=0.01): 0.0444
New best smoothed test MSE: 0.0444. Saving best model to experiments/experiment_31102_best.ckpt
Test MSE group_0: 0.0321
Test MSE group_1: 0.0409
Test MSE group_2: nan
Test MSE group_3: nan
Poisson likelihood: 0.0
CE loss: 0.0
train MSE group_0: 0.0351
train MSE group_1: 0.0434
train MSE group_2: nan
train MSE group_3: nan
CE loss (TEST): 0.0
Experiment 31102
Epoch 3000 [Test seq (cond on sampled tp)] | Loss 168.910583 | Likelihood -165.641357 | KL fp 6.0967 | FP STD 0.0748|
KL coef: 0.9999999999999111
Train loss (one batch): 181.0094757080078
Train CE loss (one batch): 0.0
Test MSE (raw): 0.0339
Test MSE (smoothed with alpha=0.01): 0.0443
New best smoothed test MSE: 0.0443. Saving best model to experiments/experiment_31102_best.ckpt
Test MSE group_0: 0.0311
Test MSE group_1: 0.0366
Test MSE group_2: nan
Test MSE group_3: nan
Poisson likelihood: 0.0
CE loss: 0.0
train MSE group_0: 0.0333
train MSE group_1: 0.0386
train MSE group_2: nan
train MSE group_3: nan
CE loss (TEST): 0.0
