/Users/benjaminmaurel/Documents/Training_Sanofi/notebooks_hands_on/latent_ode/run_models.py
run_models.py --niters 3000 -n 200 -s 40 -l 10 --dataset PK_Tacro --latent-ode --noise-weight 0.01 --max-t 5. --seed 18 --experiment 14457
Experiment 14457
Epoch 1000 [Test seq (cond on sampled tp)] | Loss 191.269409 | Likelihood -189.645996 | KL fp 4.6557 | FP STD 0.1118|
KL coef: 0.9999522643707747
Train loss (one batch): 194.68524169921875
Train CE loss (one batch): 0.0
Test MSE (raw): 0.0387
Test MSE (smoothed with alpha=0.01): 0.0387
New best smoothed test MSE: 0.0387. Saving best model to experiments/experiment_14457_best.ckpt
Test MSE group_0: 0.0348
Test MSE group_1: 0.0422
Test MSE group_2: nan
Test MSE group_3: nan
Poisson likelihood: 0.0
CE loss: 0.0
train MSE group_0: 0.0389
train MSE group_1: 0.0391
train MSE group_2: nan
train MSE group_3: nan
CE loss (TEST): 0.0
Experiment 14457
Epoch 2000 [Test seq (cond on sampled tp)] | Loss 179.951614 | Likelihood -177.997528 | KL fp 4.6084 | FP STD 0.0922|
KL coef: 0.9999999979391934
Train loss (one batch): 177.8531951904297
Train CE loss (one batch): 0.0
Test MSE (raw): 0.0363
Test MSE (smoothed with alpha=0.01): 0.0386
New best smoothed test MSE: 0.0386. Saving best model to experiments/experiment_14457_best.ckpt
Test MSE group_0: 0.0328
Test MSE group_1: 0.0396
Test MSE group_2: nan
Test MSE group_3: nan
Poisson likelihood: 0.0
CE loss: 0.0
train MSE group_0: 0.0358
train MSE group_1: 0.0355
train MSE group_2: nan
train MSE group_3: nan
CE loss (TEST): 0.0
Experiment 14457
Epoch 3000 [Test seq (cond on sampled tp)] | Loss 175.857880 | Likelihood -174.133972 | KL fp 4.4313 | FP STD 0.1007|
KL coef: 0.9999999999999111
Train loss (one batch): 173.23272705078125
Train CE loss (one batch): 0.0
Test MSE (raw): 0.0356
Test MSE (smoothed with alpha=0.01): 0.0386
New best smoothed test MSE: 0.0386. Saving best model to experiments/experiment_14457_best.ckpt
Test MSE group_0: 0.0325
Test MSE group_1: 0.0383
Test MSE group_2: nan
Test MSE group_3: nan
Poisson likelihood: 0.0
CE loss: 0.0
train MSE group_0: 0.0353
train MSE group_1: 0.0342
train MSE group_2: nan
train MSE group_3: nan
CE loss (TEST): 0.0
