/Users/benjaminmaurel/Documents/Training_Sanofi/notebooks_hands_on/latent_ode/run_models.py
run_models.py --niters 3000 -n 200 -s 40 -l 10 --dataset PK_Tacro --latent-ode --noise-weight 0.01 --max-t 5. --seed 13 --experiment 42207
Experiment 42207
Epoch 1000 [Test seq (cond on sampled tp)] | Loss 223.747208 | Likelihood -220.966858 | KL fp 6.6125 | FP STD 0.1381|
KL coef: 0.9999522643707747
Train loss (one batch): 235.4848175048828
Train CE loss (one batch): 0.0
Test MSE (raw): 0.0449
Test MSE (smoothed with alpha=0.01): 0.0449
New best smoothed test MSE: 0.0449. Saving best model to experiments/experiment_42207_best.ckpt
Test MSE group_0: 0.0417
Test MSE group_1: 0.0478
Test MSE group_2: nan
Test MSE group_3: nan
Poisson likelihood: 0.0
CE loss: 0.0
train MSE group_0: 0.0424
train MSE group_1: 0.0510
train MSE group_2: nan
train MSE group_3: nan
CE loss (TEST): 0.0
Experiment 42207
Epoch 2000 [Test seq (cond on sampled tp)] | Loss 198.259720 | Likelihood -195.947144 | KL fp 6.0020 | FP STD 0.2385|
KL coef: 0.9999999979391934
Train loss (one batch): 202.9844512939453
Train CE loss (one batch): 0.0
Test MSE (raw): 0.0399
Test MSE (smoothed with alpha=0.01): 0.0449
New best smoothed test MSE: 0.0449. Saving best model to experiments/experiment_42207_best.ckpt
Test MSE group_0: 0.0389
Test MSE group_1: 0.0409
Test MSE group_2: nan
Test MSE group_3: nan
Poisson likelihood: 0.0
CE loss: 0.0
train MSE group_0: 0.0377
train MSE group_1: 0.0430
train MSE group_2: nan
train MSE group_3: nan
CE loss (TEST): 0.0
Experiment 42207
Epoch 3000 [Test seq (cond on sampled tp)] | Loss 185.249786 | Likelihood -182.834366 | KL fp 5.5529 | FP STD 0.1781|
KL coef: 0.9999999999999111
Train loss (one batch): 189.2197265625
Train CE loss (one batch): 0.0
Test MSE (raw): 0.0373
Test MSE (smoothed with alpha=0.01): 0.0448
New best smoothed test MSE: 0.0448. Saving best model to experiments/experiment_42207_best.ckpt
Test MSE group_0: 0.0361
Test MSE group_1: 0.0384
Test MSE group_2: nan
Test MSE group_3: nan
Poisson likelihood: 0.0
CE loss: 0.0
train MSE group_0: 0.0354
train MSE group_1: 0.0401
train MSE group_2: nan
train MSE group_3: nan
CE loss (TEST): 0.0
