/Users/benjaminmaurel/Documents/Training_Sanofi/notebooks_hands_on/latent_ode/run_models.py
run_models.py --niters 3000 -n 200 -s 40 -l 10 --dataset PK_Tacro --latent-ode --noise-weight 0.01 --max-t 5. --seed 34 --experiment 26371
Experiment 26371
Epoch 1000 [Test seq (cond on sampled tp)] | Loss 248.010468 | Likelihood -248.211273 | KL fp 3.7519 | FP STD 0.1351|
KL coef: 0.9999522643707747
Train loss (one batch): 234.3732452392578
Train CE loss (one batch): 0.0
Test MSE (raw): 0.0504
Test MSE (smoothed with alpha=0.01): 0.0504
New best smoothed test MSE: 0.0504. Saving best model to experiments/experiment_26371_best.ckpt
Test MSE group_0: 0.0463
Test MSE group_1: 0.0543
Test MSE group_2: nan
Test MSE group_3: nan
Poisson likelihood: 0.0
CE loss: 0.0
train MSE group_0: 0.0455
train MSE group_1: 0.0492
train MSE group_2: nan
train MSE group_3: nan
CE loss (TEST): 0.0
Experiment 26371
Epoch 2000 [Test seq (cond on sampled tp)] | Loss 218.486191 | Likelihood -220.431763 | KL fp 3.2212 | FP STD 0.1555|
KL coef: 0.9999999979391934
Train loss (one batch): 201.66091918945312
Train CE loss (one batch): 0.0
Test MSE (raw): 0.0448
Test MSE (smoothed with alpha=0.01): 0.0503
New best smoothed test MSE: 0.0503. Saving best model to experiments/experiment_26371_best.ckpt
Test MSE group_0: 0.0386
Test MSE group_1: 0.0506
Test MSE group_2: nan
Test MSE group_3: nan
Poisson likelihood: 0.0
CE loss: 0.0
train MSE group_0: 0.0397
train MSE group_1: 0.0421
train MSE group_2: nan
train MSE group_3: nan
CE loss (TEST): 0.0
Experiment 26371
Epoch 3000 [Test seq (cond on sampled tp)] | Loss 194.096481 | Likelihood -193.113419 | KL fp 3.8421 | FP STD 0.0866|
KL coef: 0.9999999999999111
Train loss (one batch): 175.40293884277344
Train CE loss (one batch): 0.0
Test MSE (raw): 0.0394
Test MSE (smoothed with alpha=0.01): 0.0502
New best smoothed test MSE: 0.0502. Saving best model to experiments/experiment_26371_best.ckpt
Test MSE group_0: 0.0359
Test MSE group_1: 0.0425
Test MSE group_2: nan
Test MSE group_3: nan
Poisson likelihood: 0.0
CE loss: 0.0
train MSE group_0: 0.0358
train MSE group_1: 0.0351
train MSE group_2: nan
train MSE group_3: nan
CE loss (TEST): 0.0
