/Users/benjaminmaurel/Documents/Training_Sanofi/notebooks_hands_on/latent_ode/run_models.py
run_models.py --niters 3000 -n 200 -s 40 -l 10 --dataset PK_Tacro --latent-ode --noise-weight 0.01 --max-t 5. --seed 23 --experiment 34732
Experiment 34732
Epoch 1000 [Test seq (cond on sampled tp)] | Loss 241.984039 | Likelihood -238.889526 | KL fp 5.9300 | FP STD 0.0905|
KL coef: 0.9999522643707747
Train loss (one batch): 216.51368713378906
Train CE loss (one batch): 0.0
Test MSE (raw): 0.0485
Test MSE (smoothed with alpha=0.01): 0.0485
New best smoothed test MSE: 0.0485. Saving best model to experiments/experiment_34732_best.ckpt
Test MSE group_0: 0.0415
Test MSE group_1: 0.0562
Test MSE group_2: nan
Test MSE group_3: nan
Poisson likelihood: 0.0
CE loss: 0.0
train MSE group_0: 0.0362
train MSE group_1: 0.0524
train MSE group_2: nan
train MSE group_3: nan
CE loss (TEST): 0.0
Experiment 34732
Epoch 2000 [Test seq (cond on sampled tp)] | Loss 183.188324 | Likelihood -179.916946 | KL fp 6.0975 | FP STD 0.0705|
KL coef: 0.9999999979391934
Train loss (one batch): 164.16021728515625
Train CE loss (one batch): 0.0
Test MSE (raw): 0.0367
Test MSE (smoothed with alpha=0.01): 0.0484
New best smoothed test MSE: 0.0484. Saving best model to experiments/experiment_34732_best.ckpt
Test MSE group_0: 0.0319
Test MSE group_1: 0.0421
Test MSE group_2: nan
Test MSE group_3: nan
Poisson likelihood: 0.0
CE loss: 0.0
train MSE group_0: 0.0283
train MSE group_1: 0.0383
train MSE group_2: nan
train MSE group_3: nan
CE loss (TEST): 0.0
Experiment 34732
Epoch 3000 [Test seq (cond on sampled tp)] | Loss 167.766434 | Likelihood -164.676590 | KL fp 5.7936 | FP STD 0.0871|
KL coef: 0.9999999999999111
Train loss (one batch): 150.79351806640625
Train CE loss (one batch): 0.0
Test MSE (raw): 0.0337
Test MSE (smoothed with alpha=0.01): 0.0482
New best smoothed test MSE: 0.0482. Saving best model to experiments/experiment_34732_best.ckpt
Test MSE group_0: 0.0304
Test MSE group_1: 0.0373
Test MSE group_2: nan
Test MSE group_3: nan
Poisson likelihood: 0.0
CE loss: 0.0
train MSE group_0: 0.0267
train MSE group_1: 0.0343
train MSE group_2: nan
train MSE group_3: nan
CE loss (TEST): 0.0
