/Users/benjaminmaurel/Documents/Training_Sanofi/notebooks_hands_on/latent_ode/run_models.py
run_models.py --niters 3000 -n 200 -s 40 -l 10 --dataset PK_Tacro --latent-ode --noise-weight 0.01 --max-t 5. --seed 105 --experiment 39658
Experiment 39658
Epoch 1000 [Test seq (cond on sampled tp)] | Loss 159.915268 | Likelihood -157.793518 | KL fp 5.0259 | FP STD 0.1390|
KL coef: 0.9999522643707747
Train loss (one batch): 176.14854431152344
Train CE loss (one batch): 0.0
Test MSE (raw): 0.0323
Test MSE (smoothed with alpha=0.01): 0.0323
New best smoothed test MSE: 0.0323. Saving best model to experiments/experiment_39658_best.ckpt
Test MSE group_0: 0.0310
Test MSE group_1: 0.0336
Test MSE group_2: nan
Test MSE group_3: nan
Poisson likelihood: 0.0
CE loss: 0.0
train MSE group_0: 0.0313
train MSE group_1: 0.0383
train MSE group_2: nan
train MSE group_3: nan
CE loss (TEST): 0.0
Experiment 39658
Epoch 2000 [Test seq (cond on sampled tp)] | Loss 142.158295 | Likelihood -139.780319 | KL fp 5.0863 | FP STD 0.0996|
KL coef: 0.9999999979391934
Train loss (one batch): 154.32080078125
Train CE loss (one batch): 0.0
Test MSE (raw): 0.0287
Test MSE (smoothed with alpha=0.01): 0.0323
New best smoothed test MSE: 0.0323. Saving best model to experiments/experiment_39658_best.ckpt
Test MSE group_0: 0.0277
Test MSE group_1: 0.0297
Test MSE group_2: nan
Test MSE group_3: nan
Poisson likelihood: 0.0
CE loss: 0.0
train MSE group_0: 0.0290
train MSE group_1: 0.0323
train MSE group_2: nan
train MSE group_3: nan
CE loss (TEST): 0.0
Experiment 39658
Epoch 3000 [Test seq (cond on sampled tp)] | Loss 137.288483 | Likelihood -135.065872 | KL fp 5.0219 | FP STD 0.1111|
KL coef: 0.9999999999999111
Train loss (one batch): 148.41104125976562
Train CE loss (one batch): 0.0
Test MSE (raw): 0.0278
Test MSE (smoothed with alpha=0.01): 0.0322
New best smoothed test MSE: 0.0322. Saving best model to experiments/experiment_39658_best.ckpt
Test MSE group_0: 0.0272
Test MSE group_1: 0.0283
Test MSE group_2: nan
Test MSE group_3: nan
Poisson likelihood: 0.0
CE loss: 0.0
train MSE group_0: 0.0287
train MSE group_1: 0.0304
train MSE group_2: nan
train MSE group_3: nan
CE loss (TEST): 0.0
