/Users/benjaminmaurel/Documents/Training_Sanofi/notebooks_hands_on/latent_ode/run_models.py
run_models.py --niters 3000 -n 200 -s 40 -l 10 --dataset PK_Tacro --latent-ode --noise-weight 0.01 --max-t 5. --seed 6 --experiment 33201
Experiment 33201
Epoch 1000 [Test seq (cond on sampled tp)] | Loss 219.727142 | Likelihood -215.413040 | KL fp 7.4311 | FP STD 0.1134|
KL coef: 0.9999522643707747
Train loss (one batch): 238.58193969726562
Train CE loss (one batch): 0.0
Test MSE (raw): 0.0438
Test MSE (smoothed with alpha=0.01): 0.0438
New best smoothed test MSE: 0.0438. Saving best model to experiments/experiment_33201_best.ckpt
Test MSE group_0: 0.0382
Test MSE group_1: 0.0494
Test MSE group_2: nan
Test MSE group_3: nan
Poisson likelihood: 0.0
CE loss: 0.0
train MSE group_0: 0.0372
train MSE group_1: 0.0576
train MSE group_2: nan
train MSE group_3: nan
CE loss (TEST): 0.0
Experiment 33201
Epoch 2000 [Test seq (cond on sampled tp)] | Loss 176.604691 | Likelihood -173.335205 | KL fp 7.3621 | FP STD 0.1152|
KL coef: 0.9999999979391934
Train loss (one batch): 195.21287536621094
Train CE loss (one batch): 0.0
Test MSE (raw): 0.0354
Test MSE (smoothed with alpha=0.01): 0.0437
New best smoothed test MSE: 0.0437. Saving best model to experiments/experiment_33201_best.ckpt
Test MSE group_0: 0.0307
Test MSE group_1: 0.0401
Test MSE group_2: nan
Test MSE group_3: nan
Poisson likelihood: 0.0
CE loss: 0.0
train MSE group_0: 0.0318
train MSE group_1: 0.0455
train MSE group_2: nan
train MSE group_3: nan
CE loss (TEST): 0.0
Experiment 33201
Epoch 3000 [Test seq (cond on sampled tp)] | Loss 166.220306 | Likelihood -162.542908 | KL fp 7.2734 | FP STD 0.0859|
KL coef: 0.9999999999999111
Train loss (one batch): 181.99649047851562
Train CE loss (one batch): 0.0
Test MSE (raw): 0.0332
Test MSE (smoothed with alpha=0.01): 0.0436
New best smoothed test MSE: 0.0436. Saving best model to experiments/experiment_33201_best.ckpt
Test MSE group_0: 0.0300
Test MSE group_1: 0.0365
Test MSE group_2: nan
Test MSE group_3: nan
Poisson likelihood: 0.0
CE loss: 0.0
train MSE group_0: 0.0305
train MSE group_1: 0.0416
train MSE group_2: nan
train MSE group_3: nan
CE loss (TEST): 0.0
