/Users/benjaminmaurel/Documents/Training_Sanofi/notebooks_hands_on/latent_ode/run_models.py
run_models.py --niters 3000 -n 200 -s 40 -l 10 --dataset PK_Tacro --latent-ode --noise-weight 0.01 --max-t 5. --seed 3 --experiment 23534
Experiment 23534
Epoch 1000 [Test seq (cond on sampled tp)] | Loss 188.750259 | Likelihood -185.805511 | KL fp 5.7800 | FP STD 0.0748|
KL coef: 0.9999522643707747
Train loss (one batch): 179.9789276123047
Train CE loss (one batch): 0.0
Test MSE (raw): 0.0379
Test MSE (smoothed with alpha=0.01): 0.0379
New best smoothed test MSE: 0.0379. Saving best model to experiments/experiment_23534_best.ckpt
Test MSE group_0: 0.0334
Test MSE group_1: 0.0429
Test MSE group_2: nan
Test MSE group_3: nan
Poisson likelihood: 0.0
CE loss: 0.0
train MSE group_0: 0.0340
train MSE group_1: 0.0375
train MSE group_2: nan
train MSE group_3: nan
CE loss (TEST): 0.0
