/Users/benjaminmaurel/Documents/Training_Sanofi/notebooks_hands_on/latent_ode/run_models.py
run_models.py --niters 3000 -n 200 -s 40 -l 10 --dataset PK_Tacro --latent-ode --noise-weight 0.01 --max-t 5. --seed 21 --experiment 38281
Experiment 38281
Epoch 1000 [Test seq (cond on sampled tp)] | Loss 251.998627 | Likelihood -250.184723 | KL fp 4.6042 | FP STD 0.0906|
KL coef: 0.9999522643707747
Train loss (one batch): 242.9271240234375
Train CE loss (one batch): 0.0
Test MSE (raw): 0.0508
Test MSE (smoothed with alpha=0.01): 0.0508
New best smoothed test MSE: 0.0508. Saving best model to experiments/experiment_38281_best.ckpt
Test MSE group_0: 0.0448
Test MSE group_1: 0.0565
Test MSE group_2: nan
Test MSE group_3: nan
Poisson likelihood: 0.0
CE loss: 0.0
train MSE group_0: 0.0456
train MSE group_1: 0.0522
train MSE group_2: nan
train MSE group_3: nan
CE loss (TEST): 0.0
Experiment 38281
Epoch 2000 [Test seq (cond on sampled tp)] | Loss 208.610748 | Likelihood -206.402420 | KL fp 4.8896 | FP STD 0.0796|
KL coef: 0.9999999979391934
Train loss (one batch): 196.3844757080078
Train CE loss (one batch): 0.0
Test MSE (raw): 0.0420
Test MSE (smoothed with alpha=0.01): 0.0507
New best smoothed test MSE: 0.0507. Saving best model to experiments/experiment_38281_best.ckpt
Test MSE group_0: 0.0382
Test MSE group_1: 0.0456
Test MSE group_2: nan
Test MSE group_3: nan
Poisson likelihood: 0.0
CE loss: 0.0
train MSE group_0: 0.0383
train MSE group_1: 0.0404
train MSE group_2: nan
train MSE group_3: nan
CE loss (TEST): 0.0
Experiment 38281
Epoch 3000 [Test seq (cond on sampled tp)] | Loss 203.655670 | Likelihood -203.109528 | KL fp 4.3013 | FP STD 0.1219|
KL coef: 0.9999999999999111
Train loss (one batch): 194.75994873046875
Train CE loss (one batch): 0.0
Test MSE (raw): 0.0414
Test MSE (smoothed with alpha=0.01): 0.0506
New best smoothed test MSE: 0.0506. Saving best model to experiments/experiment_38281_best.ckpt
Test MSE group_0: 0.0385
Test MSE group_1: 0.0440
Test MSE group_2: nan
Test MSE group_3: nan
Poisson likelihood: 0.0
CE loss: 0.0
train MSE group_0: 0.0399
train MSE group_1: 0.0386
train MSE group_2: nan
train MSE group_3: nan
CE loss (TEST): 0.0
