/Users/benjaminmaurel/Documents/Training_Sanofi/notebooks_hands_on/latent_ode/run_models.py
run_models.py --niters 3000 -n 200 -s 40 -l 10 --dataset PK_Tacro --latent-ode --noise-weight 0.01 --max-t 5. --seed 9 --experiment 42036
Experiment 42036
Epoch 1000 [Test seq (cond on sampled tp)] | Loss 229.418747 | Likelihood -228.691406 | KL fp 5.9089 | FP STD 0.3316|
KL coef: 0.9999522643707747
Train loss (one batch): 232.50491333007812
Train CE loss (one batch): 0.0
Test MSE (raw): 0.0465
Test MSE (smoothed with alpha=0.01): 0.0465
New best smoothed test MSE: 0.0465. Saving best model to experiments/experiment_42036_best.ckpt
Test MSE group_0: 0.0389
Test MSE group_1: 0.0540
Test MSE group_2: nan
Test MSE group_3: nan
Poisson likelihood: 0.0
CE loss: 0.0
train MSE group_0: 0.0386
train MSE group_1: 0.0555
train MSE group_2: nan
train MSE group_3: nan
CE loss (TEST): 0.0
Experiment 42036
Epoch 2000 [Test seq (cond on sampled tp)] | Loss 213.482574 | Likelihood -212.209503 | KL fp 5.6992 | FP STD 0.2362|
KL coef: 0.9999999979391934
Train loss (one batch): 213.9437255859375
Train CE loss (one batch): 0.0
Test MSE (raw): 0.0432
Test MSE (smoothed with alpha=0.01): 0.0464
New best smoothed test MSE: 0.0464. Saving best model to experiments/experiment_42036_best.ckpt
Test MSE group_0: 0.0364
Test MSE group_1: 0.0499
Test MSE group_2: nan
Test MSE group_3: nan
Poisson likelihood: 0.0
CE loss: 0.0
train MSE group_0: 0.0375
train MSE group_1: 0.0485
train MSE group_2: nan
train MSE group_3: nan
CE loss (TEST): 0.0
Experiment 42036
Epoch 3000 [Test seq (cond on sampled tp)] | Loss 165.536926 | Likelihood -162.814270 | KL fp 5.8153 | FP STD 0.1505|
KL coef: 0.9999999999999111
Train loss (one batch): 173.04940795898438
Train CE loss (one batch): 0.0
Test MSE (raw): 0.0333
Test MSE (smoothed with alpha=0.01): 0.0463
New best smoothed test MSE: 0.0463. Saving best model to experiments/experiment_42036_best.ckpt
Test MSE group_0: 0.0292
Test MSE group_1: 0.0373
Test MSE group_2: nan
Test MSE group_3: nan
Poisson likelihood: 0.0
CE loss: 0.0
train MSE group_0: 0.0313
train MSE group_1: 0.0382
train MSE group_2: nan
train MSE group_3: nan
CE loss (TEST): 0.0
