/Users/benjaminmaurel/Documents/Training_Sanofi/notebooks_hands_on/latent_ode/run_models.py
run_models.py --niters 3000 -n 200 -s 40 -l 10 --dataset PK_Tacro --latent-ode --noise-weight 0.01 --max-t 5. --seed 1 --experiment 29315
Experiment 29315
Epoch 1000 [Test seq (cond on sampled tp)] | Loss 178.262817 | Likelihood -177.298187 | KL fp 5.9413 | FP STD 0.1972|
KL coef: 0.9999522643707747
Train loss (one batch): 174.4691619873047
Train CE loss (one batch): 0.0
Test MSE (raw): 0.0362
Test MSE (smoothed with alpha=0.01): 0.0362
New best smoothed test MSE: 0.0362. Saving best model to experiments/experiment_29315_best.ckpt
Test MSE group_0: 0.0295
Test MSE group_1: 0.0429
Test MSE group_2: nan
Test MSE group_3: nan
Poisson likelihood: 0.0
CE loss: 0.0
train MSE group_0: 0.0299
train MSE group_1: 0.0400
train MSE group_2: nan
train MSE group_3: nan
CE loss (TEST): 0.0
Experiment 29315
Epoch 2000 [Test seq (cond on sampled tp)] | Loss 148.111694 | Likelihood -144.758179 | KL fp 5.9661 | FP STD 0.1675|
KL coef: 0.9999999979391934
Train loss (one batch): 148.49583435058594
Train CE loss (one batch): 0.0
Test MSE (raw): 0.0297
Test MSE (smoothed with alpha=0.01): 0.0361
New best smoothed test MSE: 0.0361. Saving best model to experiments/experiment_29315_best.ckpt
Test MSE group_0: 0.0270
Test MSE group_1: 0.0324
Test MSE group_2: nan
Test MSE group_3: nan
Poisson likelihood: 0.0
CE loss: 0.0
train MSE group_0: 0.0282
train MSE group_1: 0.0307
train MSE group_2: nan
train MSE group_3: nan
CE loss (TEST): 0.0
Experiment 29315
Epoch 3000 [Test seq (cond on sampled tp)] | Loss 144.328476 | Likelihood -141.135651 | KL fp 5.7278 | FP STD 0.1555|
KL coef: 0.9999999999999111
Train loss (one batch): 144.2852783203125
Train CE loss (one batch): 0.0
Test MSE (raw): 0.0290
Test MSE (smoothed with alpha=0.01): 0.0361
New best smoothed test MSE: 0.0361. Saving best model to experiments/experiment_29315_best.ckpt
Test MSE group_0: 0.0266
Test MSE group_1: 0.0313
Test MSE group_2: nan
Test MSE group_3: nan
Poisson likelihood: 0.0
CE loss: 0.0
train MSE group_0: 0.0278
train MSE group_1: 0.0295
train MSE group_2: nan
train MSE group_3: nan
CE loss (TEST): 0.0
