/Users/benjaminmaurel/Documents/Training_Sanofi/notebooks_hands_on/latent_ode/run_models.py
run_models.py --niters 3000 -n 200 -s 40 -l 10 --dataset PK_Tacro --latent-ode --noise-weight 0.01 --max-t 5. --seed 11 --experiment 18216
Experiment 18216
Epoch 1000 [Test seq (cond on sampled tp)] | Loss 196.777893 | Likelihood -195.249695 | KL fp 5.1037 | FP STD 0.1730|
KL coef: 0.9999522643707747
Train loss (one batch): 200.2687530517578
Train CE loss (one batch): 0.0
Test MSE (raw): 0.0398
Test MSE (smoothed with alpha=0.01): 0.0398
New best smoothed test MSE: 0.0398. Saving best model to experiments/experiment_18216_best.ckpt
Test MSE group_0: 0.0374
Test MSE group_1: 0.0419
Test MSE group_2: nan
Test MSE group_3: nan
Poisson likelihood: 0.0
CE loss: 0.0
train MSE group_0: 0.0379
train MSE group_1: 0.0423
train MSE group_2: nan
train MSE group_3: nan
CE loss (TEST): 0.0
Experiment 18216
Epoch 2000 [Test seq (cond on sampled tp)] | Loss 176.921356 | Likelihood -174.885025 | KL fp 5.2288 | FP STD 0.1040|
KL coef: 0.9999999979391934
Train loss (one batch): 178.937255859375
Train CE loss (one batch): 0.0
Test MSE (raw): 0.0357
Test MSE (smoothed with alpha=0.01): 0.0397
New best smoothed test MSE: 0.0397. Saving best model to experiments/experiment_18216_best.ckpt
Test MSE group_0: 0.0338
Test MSE group_1: 0.0374
Test MSE group_2: nan
Test MSE group_3: nan
Poisson likelihood: 0.0
CE loss: 0.0
train MSE group_0: 0.0350
train MSE group_1: 0.0365
train MSE group_2: nan
train MSE group_3: nan
CE loss (TEST): 0.0
Experiment 18216
Epoch 3000 [Test seq (cond on sampled tp)] | Loss 162.996201 | Likelihood -160.355240 | KL fp 5.1801 | FP STD 0.0895|
KL coef: 0.9999999999999111
Train loss (one batch): 163.63720703125
Train CE loss (one batch): 0.0
Test MSE (raw): 0.0328
Test MSE (smoothed with alpha=0.01): 0.0397
New best smoothed test MSE: 0.0397. Saving best model to experiments/experiment_18216_best.ckpt
Test MSE group_0: 0.0320
Test MSE group_1: 0.0335
Test MSE group_2: nan
Test MSE group_3: nan
Poisson likelihood: 0.0
CE loss: 0.0
train MSE group_0: 0.0336
train MSE group_1: 0.0317
train MSE group_2: nan
train MSE group_3: nan
CE loss (TEST): 0.0
