/Users/benjaminmaurel/Documents/Training_Sanofi/notebooks_hands_on/latent_ode/run_models.py
run_models.py --niters 3000 -n 200 -s 40 -l 10 --dataset PK_Tacro --latent-ode --noise-weight 0.01 --max-t 5. --seed 2 --experiment 15245
Experiment 15245
Epoch 1000 [Test seq (cond on sampled tp)] | Loss 57.206280 | Likelihood -53.637085 | KL fp 5.9427 | FP STD 0.0648|
KL coef: 0.9999522643707747
Train loss (one batch): 57.08004379272461
Train CE loss (one batch): 0.0
Test MSE (raw): 0.0115
Test MSE (smoothed with alpha=0.01): 0.0115
New best smoothed test MSE: 0.0115. Saving best model to experiments/experiment_15245_best.ckpt
Test MSE group_0: 0.0074
Test MSE group_1: 0.0156
Test MSE group_2: nan
Test MSE group_3: nan
Poisson likelihood: 0.0
CE loss: 0.0
train MSE group_0: 0.0089
train MSE group_1: 0.0133
train MSE group_2: nan
train MSE group_3: nan
CE loss (TEST): 0.0
Experiment 15245
Epoch 2000 [Test seq (cond on sampled tp)] | Loss 43.572735 | Likelihood -40.400711 | KL fp 5.5843 | FP STD 0.0769|
KL coef: 0.9999999979391934
Train loss (one batch): 42.919830322265625
Train CE loss (one batch): 0.0
Test MSE (raw): 0.0088
Test MSE (smoothed with alpha=0.01): 0.0114
New best smoothed test MSE: 0.0114. Saving best model to experiments/experiment_15245_best.ckpt
Test MSE group_0: 0.0058
Test MSE group_1: 0.0118
Test MSE group_2: nan
Test MSE group_3: nan
Poisson likelihood: 0.0
CE loss: 0.0
train MSE group_0: 0.0070
train MSE group_1: 0.0098
train MSE group_2: nan
train MSE group_3: nan
CE loss (TEST): 0.0
Experiment 15245
Epoch 3000 [Test seq (cond on sampled tp)] | Loss 49.278458 | Likelihood -47.915443 | KL fp 4.5614 | FP STD 0.1528|
KL coef: 0.9999999999999111
Train loss (one batch): 46.98296356201172
Train CE loss (one batch): 0.0
Test MSE (raw): 0.0103
Test MSE (smoothed with alpha=0.01): 0.0114
New best smoothed test MSE: 0.0114. Saving best model to experiments/experiment_15245_best.ckpt
Test MSE group_0: 0.0073
Test MSE group_1: 0.0133
Test MSE group_2: nan
Test MSE group_3: nan
Poisson likelihood: 0.0
CE loss: 0.0
train MSE group_0: 0.0082
train MSE group_1: 0.0110
train MSE group_2: nan
train MSE group_3: nan
CE loss (TEST): 0.0
