/Users/benjaminmaurel/Documents/Training_Sanofi/notebooks_hands_on/latent_ode/run_models.py
run_models.py --niters 3000 -n 200 -s 40 -l 10 --dataset PK_Tacro --latent-ode --noise-weight 0.01 --max-t 5. --seed 129 --experiment 20079
Experiment 20079
Epoch 1000 [Test seq (cond on sampled tp)] | Loss 152.749359 | Likelihood -150.746918 | KL fp 5.2524 | FP STD 0.1035|
KL coef: 0.9999522643707747
Train loss (one batch): 151.84156799316406
Train CE loss (one batch): 0.0
Test MSE (raw): 0.0309
Test MSE (smoothed with alpha=0.01): 0.0309
New best smoothed test MSE: 0.0309. Saving best model to experiments/experiment_20079_best.ckpt
Test MSE group_0: 0.0288
Test MSE group_1: 0.0329
Test MSE group_2: nan
Test MSE group_3: nan
Poisson likelihood: 0.0
CE loss: 0.0
train MSE group_0: 0.0278
train MSE group_1: 0.0326
train MSE group_2: nan
train MSE group_3: nan
CE loss (TEST): 0.0
