/Users/benjaminmaurel/Documents/Training_Sanofi/notebooks_hands_on/latent_ode/run_models.py
run_models.py --niters 3000 -n 200 -s 40 -l 10 --dataset PK_Tacro --latent-ode --noise-weight 0.01 --max-t 5. --seed 151 --experiment 13460
Experiment 13460
Epoch 1000 [Test seq (cond on sampled tp)] | Loss 192.272034 | Likelihood -190.102417 | KL fp 5.7206 | FP STD 0.3160|
KL coef: 0.9999522643707747
Train loss (one batch): 195.99630737304688
Train CE loss (one batch): 0.0
Test MSE (raw): 0.0388
Test MSE (smoothed with alpha=0.01): 0.0388
New best smoothed test MSE: 0.0388. Saving best model to experiments/experiment_13460_best.ckpt
Test MSE group_0: 0.0318
Test MSE group_1: 0.0457
Test MSE group_2: nan
Test MSE group_3: nan
Poisson likelihood: 0.0
CE loss: 0.0
train MSE group_0: 0.0345
train MSE group_1: 0.0453
train MSE group_2: nan
train MSE group_3: nan
CE loss (TEST): 0.0
Experiment 13460
Epoch 2000 [Test seq (cond on sampled tp)] | Loss 156.665970 | Likelihood -154.833801 | KL fp 5.6686 | FP STD 0.2837|
KL coef: 0.9999999979391934
Train loss (one batch): 160.7130889892578
Train CE loss (one batch): 0.0
Test MSE (raw): 0.0317
Test MSE (smoothed with alpha=0.01): 0.0387
New best smoothed test MSE: 0.0387. Saving best model to experiments/experiment_13460_best.ckpt
Test MSE group_0: 0.0284
Test MSE group_1: 0.0350
Test MSE group_2: nan
Test MSE group_3: nan
Poisson likelihood: 0.0
CE loss: 0.0
train MSE group_0: 0.0280
train MSE group_1: 0.0367
train MSE group_2: nan
train MSE group_3: nan
CE loss (TEST): 0.0
Experiment 13460
Epoch 3000 [Test seq (cond on sampled tp)] | Loss 150.963547 | Likelihood -148.506973 | KL fp 5.3882 | FP STD 0.2630|
KL coef: 0.9999999999999111
Train loss (one batch): 150.2681121826172
Train CE loss (one batch): 0.0
Test MSE (raw): 0.0304
Test MSE (smoothed with alpha=0.01): 0.0386
New best smoothed test MSE: 0.0386. Saving best model to experiments/experiment_13460_best.ckpt
Test MSE group_0: 0.0280
Test MSE group_1: 0.0329
Test MSE group_2: nan
Test MSE group_3: nan
Poisson likelihood: 0.0
CE loss: 0.0
train MSE group_0: 0.0265
train MSE group_1: 0.0342
train MSE group_2: nan
train MSE group_3: nan
CE loss (TEST): 0.0
