/Users/benjaminmaurel/Documents/Training_Sanofi/notebooks_hands_on/latent_ode/run_models.py
run_models.py --niters 3000 -n 200 -s 40 -l 10 --dataset PK_Tacro --latent-ode --noise-weight 0.01 --max-t 5. --seed 3 --experiment 31175
Experiment 31175
Epoch 1000 [Test seq (cond on sampled tp)] | Loss 218.968185 | Likelihood -215.752792 | KL fp 6.8504 | FP STD 0.1940|
KL coef: 0.9999522643707747
Train loss (one batch): 189.01889038085938
Train CE loss (one batch): 0.0
Test MSE (raw): 0.0439
Test MSE (smoothed with alpha=0.01): 0.0439
New best smoothed test MSE: 0.0439. Saving best model to experiments/experiment_31175_best.ckpt
Test MSE group_0: 0.0404
Test MSE group_1: 0.0470
Test MSE group_2: nan
Test MSE group_3: nan
Poisson likelihood: 0.0
CE loss: 0.0
train MSE group_0: 0.0343
train MSE group_1: 0.0404
train MSE group_2: nan
train MSE group_3: nan
CE loss (TEST): 0.0
Experiment 31175
Epoch 2000 [Test seq (cond on sampled tp)] | Loss 191.896057 | Likelihood -187.860840 | KL fp 7.1268 | FP STD 0.1311|
KL coef: 0.9999999979391934
Train loss (one batch): 170.94918823242188
Train CE loss (one batch): 0.0
Test MSE (raw): 0.0383
Test MSE (smoothed with alpha=0.01): 0.0438
New best smoothed test MSE: 0.0438. Saving best model to experiments/experiment_31175_best.ckpt
Test MSE group_0: 0.0365
Test MSE group_1: 0.0399
Test MSE group_2: nan
Test MSE group_3: nan
Poisson likelihood: 0.0
CE loss: 0.0
train MSE group_0: 0.0320
train MSE group_1: 0.0355
train MSE group_2: nan
train MSE group_3: nan
CE loss (TEST): 0.0
Experiment 31175
Epoch 3000 [Test seq (cond on sampled tp)] | Loss 183.431305 | Likelihood -178.961868 | KL fp 7.0801 | FP STD 0.1001|
KL coef: 0.9999999999999111
Train loss (one batch): 160.57704162597656
Train CE loss (one batch): 0.0
Test MSE (raw): 0.0365
Test MSE (smoothed with alpha=0.01): 0.0438
New best smoothed test MSE: 0.0438. Saving best model to experiments/experiment_31175_best.ckpt
Test MSE group_0: 0.0350
Test MSE group_1: 0.0379
Test MSE group_2: nan
Test MSE group_3: nan
Poisson likelihood: 0.0
CE loss: 0.0
train MSE group_0: 0.0304
train MSE group_1: 0.0330
train MSE group_2: nan
train MSE group_3: nan
CE loss (TEST): 0.0
