/Users/benjaminmaurel/Documents/Training_Sanofi/notebooks_hands_on/latent_ode/run_models.py
run_models.py --niters 10 -n 200 -s 40 -l 10 --dataset PK_Tacro --latent-ode --noise-weight 0.01 --max-t 5. --seed 53 --experiment 14696
Experiment 14696
Epoch 0010 [Test seq (cond on sampled tp)] | Loss 5474.732422 | Likelihood -5771.376953 | KL fp 4.0735 | FP STD 1.7116|
KL coef: 0.0
Train loss (one batch): 6378.43505859375
Train CE loss (one batch): 0.0
Test MSE (raw): 1.1550
Test MSE (smoothed with alpha=0.01): 1.1550
New best smoothed test MSE: 1.1550. Saving best model to experiments/experiment_14696_best.ckpt
Test MSE group_0: 1.4894
Test MSE group_1: 1.0587
Test MSE group_2: nan
Test MSE group_3: nan
Poisson likelihood: 0.0
CE loss: 0.0
train MSE group_0: 2.0929
train MSE group_1: 1.1612
train MSE group_2: nan
train MSE group_3: nan
CE loss (TEST): 0.0
