/Users/benjaminmaurel/Documents/Training_Sanofi/notebooks_hands_on/latent_ode/run_models.py
run_models.py --niters 3000 -n 200 -s 40 -l 10 --dataset PK_Tacro --latent-ode --noise-weight 0.01 --max-t 5. --seed 9 --experiment 30408
Experiment 30408
Epoch 1000 [Test seq (cond on sampled tp)] | Loss 209.256790 | Likelihood -205.382538 | KL fp 7.4541 | FP STD 0.1564|
KL coef: 0.9999522643707747
Train loss (one batch): 204.71694946289062
Train CE loss (one batch): 0.0
Test MSE (raw): 0.0418
Test MSE (smoothed with alpha=0.01): 0.0418
New best smoothed test MSE: 0.0418. Saving best model to experiments/experiment_30408_best.ckpt
Test MSE group_0: 0.0366
Test MSE group_1: 0.0467
Test MSE group_2: nan
Test MSE group_3: nan
Poisson likelihood: 0.0
CE loss: 0.0
train MSE group_0: 0.0375
train MSE group_1: 0.0435
train MSE group_2: nan
train MSE group_3: nan
CE loss (TEST): 0.0
Experiment 30408
Epoch 2000 [Test seq (cond on sampled tp)] | Loss 209.277023 | Likelihood -207.406433 | KL fp 6.4836 | FP STD 0.1924|
KL coef: 0.9999999979391934
Train loss (one batch): 192.4476318359375
Train CE loss (one batch): 0.0
Test MSE (raw): 0.0422
Test MSE (smoothed with alpha=0.01): 0.0418
Smoothed Test MSE did not improve. Early stopping counter: 1/10000
Test MSE group_0: 0.0362
Test MSE group_1: 0.0477
Test MSE group_2: nan
Test MSE group_3: nan
Poisson likelihood: 0.0
CE loss: 0.0
train MSE group_0: 0.0347
train MSE group_1: 0.0418
train MSE group_2: nan
train MSE group_3: nan
CE loss (TEST): 0.0
Experiment 30408
Epoch 3000 [Test seq (cond on sampled tp)] | Loss 187.223251 | Likelihood -184.556458 | KL fp 6.4871 | FP STD 0.1772|
KL coef: 0.9999999999999111
Train loss (one batch): 172.4609832763672
Train CE loss (one batch): 0.0
Test MSE (raw): 0.0376
Test MSE (smoothed with alpha=0.01): 0.0418
New best smoothed test MSE: 0.0418. Saving best model to experiments/experiment_30408_best.ckpt
Test MSE group_0: 0.0339
Test MSE group_1: 0.0411
Test MSE group_2: nan
Test MSE group_3: nan
Poisson likelihood: 0.0
CE loss: 0.0
train MSE group_0: 0.0326
train MSE group_1: 0.0361
train MSE group_2: nan
train MSE group_3: nan
CE loss (TEST): 0.0
