/Users/benjaminmaurel/Documents/Training_Sanofi/notebooks_hands_on/latent_ode/run_models.py
run_models.py --niters 3000 -n 200 -s 40 -l 10 --dataset PK_Tacro --latent-ode --noise-weight 0.01 --max-t 5. --seed 29 --experiment 31578
Experiment 31578
Epoch 1000 [Test seq (cond on sampled tp)] | Loss 175.750504 | Likelihood -172.449295 | KL fp 6.1952 | FP STD 0.0974|
KL coef: 0.9999522643707747
Train loss (one batch): 158.03700256347656
Train CE loss (one batch): 0.0
Test MSE (raw): 0.0352
Test MSE (smoothed with alpha=0.01): 0.0352
New best smoothed test MSE: 0.0352. Saving best model to experiments/experiment_31578_best.ckpt
Test MSE group_0: 0.0318
Test MSE group_1: 0.0391
Test MSE group_2: nan
Test MSE group_3: nan
Poisson likelihood: 0.0
CE loss: 0.0
train MSE group_0: 0.0307
train MSE group_1: 0.0322
train MSE group_2: nan
train MSE group_3: nan
CE loss (TEST): 0.0
Experiment 31578
Epoch 2000 [Test seq (cond on sampled tp)] | Loss 151.200302 | Likelihood -148.340958 | KL fp 5.8082 | FP STD 0.0846|
KL coef: 0.9999999979391934
Train loss (one batch): 132.79269409179688
Train CE loss (one batch): 0.0
Test MSE (raw): 0.0304
Test MSE (smoothed with alpha=0.01): 0.0352
New best smoothed test MSE: 0.0352. Saving best model to experiments/experiment_31578_best.ckpt
Test MSE group_0: 0.0280
Test MSE group_1: 0.0330
Test MSE group_2: nan
Test MSE group_3: nan
Poisson likelihood: 0.0
CE loss: 0.0
train MSE group_0: 0.0262
train MSE group_1: 0.0266
train MSE group_2: nan
train MSE group_3: nan
CE loss (TEST): 0.0
Experiment 31578
Epoch 3000 [Test seq (cond on sampled tp)] | Loss 149.874023 | Likelihood -149.566940 | KL fp 4.7478 | FP STD 0.1445|
KL coef: 0.9999999999999111
Train loss (one batch): 134.4916534423828
Train CE loss (one batch): 0.0
Test MSE (raw): 0.0307
Test MSE (smoothed with alpha=0.01): 0.0351
New best smoothed test MSE: 0.0351. Saving best model to experiments/experiment_31578_best.ckpt
Test MSE group_0: 0.0291
Test MSE group_1: 0.0324
Test MSE group_2: nan
Test MSE group_3: nan
Poisson likelihood: 0.0
CE loss: 0.0
train MSE group_0: 0.0277
train MSE group_1: 0.0267
train MSE group_2: nan
train MSE group_3: nan
CE loss (TEST): 0.0
