/Users/benjaminmaurel/Documents/Training_Sanofi/notebooks_hands_on/latent_ode/run_models.py
run_models.py --niters 3000 -n 200 -s 40 -l 10 --dataset PK_Tacro --latent-ode --noise-weight 0.01 --max-t 5. --seed 23 --experiment 38146
Experiment 38146
Epoch 1000 [Test seq (cond on sampled tp)] | Loss 248.295074 | Likelihood -244.635696 | KL fp 7.0014 | FP STD 0.0922|
KL coef: 0.9999522643707747
Train loss (one batch): 253.3404083251953
Train CE loss (one batch): 0.0
Test MSE (raw): 0.0497
Test MSE (smoothed with alpha=0.01): 0.0497
New best smoothed test MSE: 0.0497. Saving best model to experiments/experiment_38146_best.ckpt
Test MSE group_0: 0.0457
Test MSE group_1: 0.0535
Test MSE group_2: nan
Test MSE group_3: nan
Poisson likelihood: 0.0
CE loss: 0.0
train MSE group_0: 0.0485
train MSE group_1: 0.0516
train MSE group_2: nan
train MSE group_3: nan
CE loss (TEST): 0.0
Experiment 38146
Epoch 2000 [Test seq (cond on sampled tp)] | Loss 197.511566 | Likelihood -193.419159 | KL fp 6.9100 | FP STD 0.0792|
KL coef: 0.9999999979391934
Train loss (one batch): 195.6011199951172
Train CE loss (one batch): 0.0
Test MSE (raw): 0.0394
Test MSE (smoothed with alpha=0.01): 0.0496
New best smoothed test MSE: 0.0496. Saving best model to experiments/experiment_38146_best.ckpt
Test MSE group_0: 0.0351
Test MSE group_1: 0.0434
Test MSE group_2: nan
Test MSE group_3: nan
Poisson likelihood: 0.0
CE loss: 0.0
train MSE group_0: 0.0355
train MSE group_1: 0.0414
train MSE group_2: nan
train MSE group_3: nan
CE loss (TEST): 0.0
Experiment 38146
Epoch 3000 [Test seq (cond on sampled tp)] | Loss 190.191803 | Likelihood -187.469452 | KL fp 5.7965 | FP STD 0.0950|
KL coef: 0.9999999999999111
Train loss (one batch): 186.34718322753906
Train CE loss (one batch): 0.0
Test MSE (raw): 0.0382
Test MSE (smoothed with alpha=0.01): 0.0494
New best smoothed test MSE: 0.0494. Saving best model to experiments/experiment_38146_best.ckpt
Test MSE group_0: 0.0344
Test MSE group_1: 0.0417
Test MSE group_2: nan
Test MSE group_3: nan
Poisson likelihood: 0.0
CE loss: 0.0
train MSE group_0: 0.0343
train MSE group_1: 0.0395
train MSE group_2: nan
train MSE group_3: nan
CE loss (TEST): 0.0
