/Users/benjaminmaurel/Documents/Training_Sanofi/notebooks_hands_on/latent_ode/run_models.py
run_models.py --niters 3000 -n 200 -s 40 -l 10 --dataset PK_Tacro --latent-ode --noise-weight 0.01 --max-t 5. --seed 8 --experiment 18082
Experiment 18082
Epoch 1000 [Test seq (cond on sampled tp)] | Loss 185.333023 | Likelihood -182.988403 | KL fp 5.1072 | FP STD 0.0996|
KL coef: 0.9999522643707747
Train loss (one batch): 168.73594665527344
Train CE loss (one batch): 0.0
Test MSE (raw): 0.0373
Test MSE (smoothed with alpha=0.01): 0.0373
New best smoothed test MSE: 0.0373. Saving best model to experiments/experiment_18082_best.ckpt
Test MSE group_0: 0.0326
Test MSE group_1: 0.0429
Test MSE group_2: nan
Test MSE group_3: nan
Poisson likelihood: 0.0
CE loss: 0.0
train MSE group_0: 0.0303
train MSE group_1: 0.0376
train MSE group_2: nan
train MSE group_3: nan
CE loss (TEST): 0.0
Experiment 18082
Epoch 2000 [Test seq (cond on sampled tp)] | Loss 194.462143 | Likelihood -196.663666 | KL fp 4.6301 | FP STD 0.1700|
KL coef: 0.9999999979391934
Train loss (one batch): 179.33738708496094
Train CE loss (one batch): 0.0
Test MSE (raw): 0.0401
Test MSE (smoothed with alpha=0.01): 0.0374
Smoothed Test MSE did not improve. Early stopping counter: 1/10000
Test MSE group_0: 0.0342
Test MSE group_1: 0.0469
Test MSE group_2: nan
Test MSE group_3: nan
Poisson likelihood: 0.0
CE loss: 0.0
train MSE group_0: 0.0321
train MSE group_1: 0.0405
train MSE group_2: nan
train MSE group_3: nan
CE loss (TEST): 0.0
Experiment 18082
Epoch 3000 [Test seq (cond on sampled tp)] | Loss 164.766800 | Likelihood -162.705933 | KL fp 4.9638 | FP STD 0.1284|
KL coef: 0.9999999999999111
Train loss (one batch): 149.51412963867188
Train CE loss (one batch): 0.0
Test MSE (raw): 0.0333
Test MSE (smoothed with alpha=0.01): 0.0373
New best smoothed test MSE: 0.0373. Saving best model to experiments/experiment_18082_best.ckpt
Test MSE group_0: 0.0308
Test MSE group_1: 0.0361
Test MSE group_2: nan
Test MSE group_3: nan
Poisson likelihood: 0.0
CE loss: 0.0
train MSE group_0: 0.0276
train MSE group_1: 0.0325
train MSE group_2: nan
train MSE group_3: nan
CE loss (TEST): 0.0
