/Users/benjaminmaurel/Documents/Training_Sanofi/notebooks_hands_on/latent_ode/run_models.py
run_models.py --niters 3000 -n 200 -s 40 -l 10 --dataset PK_Tacro --latent-ode --noise-weight 0.01 --max-t 5. --seed 22 --experiment 37583
Experiment 37583
Epoch 1000 [Test seq (cond on sampled tp)] | Loss 178.617630 | Likelihood -176.554489 | KL fp 4.7664 | FP STD 0.0611|
KL coef: 0.9999522643707747
Train loss (one batch): 160.54217529296875
Train CE loss (one batch): 0.0
Test MSE (raw): 0.0360
Test MSE (smoothed with alpha=0.01): 0.0360
New best smoothed test MSE: 0.0360. Saving best model to experiments/experiment_37583_best.ckpt
Test MSE group_0: 0.0327
Test MSE group_1: 0.0391
Test MSE group_2: nan
Test MSE group_3: nan
Poisson likelihood: 0.0
CE loss: 0.0
train MSE group_0: 0.0302
train MSE group_1: 0.0343
train MSE group_2: nan
train MSE group_3: nan
CE loss (TEST): 0.0
Experiment 37583
Epoch 2000 [Test seq (cond on sampled tp)] | Loss 167.042740 | Likelihood -165.761749 | KL fp 4.4821 | FP STD 0.0757|
KL coef: 0.9999999979391934
Train loss (one batch): 150.81370544433594
Train CE loss (one batch): 0.0
Test MSE (raw): 0.0339
Test MSE (smoothed with alpha=0.01): 0.0360
New best smoothed test MSE: 0.0360. Saving best model to experiments/experiment_37583_best.ckpt
Test MSE group_0: 0.0316
Test MSE group_1: 0.0359
Test MSE group_2: nan
Test MSE group_3: nan
Poisson likelihood: 0.0
CE loss: 0.0
train MSE group_0: 0.0295
train MSE group_1: 0.0310
train MSE group_2: nan
train MSE group_3: nan
CE loss (TEST): 0.0
Experiment 37583
Epoch 3000 [Test seq (cond on sampled tp)] | Loss 157.632751 | Likelihood -155.464905 | KL fp 4.7348 | FP STD 0.0535|
KL coef: 0.9999999999999111
Train loss (one batch): 141.96739196777344
Train CE loss (one batch): 0.0
Test MSE (raw): 0.0318
Test MSE (smoothed with alpha=0.01): 0.0360
New best smoothed test MSE: 0.0360. Saving best model to experiments/experiment_37583_best.ckpt
Test MSE group_0: 0.0300
Test MSE group_1: 0.0334
Test MSE group_2: nan
Test MSE group_3: nan
Poisson likelihood: 0.0
CE loss: 0.0
train MSE group_0: 0.0282
train MSE group_1: 0.0288
train MSE group_2: nan
train MSE group_3: nan
CE loss (TEST): 0.0
