/Users/benjaminmaurel/Documents/Training_Sanofi/notebooks_hands_on/latent_ode/run_models.py
run_models.py --niters 3000 -n 200 -s 40 -l 10 --dataset PK_Tacro --latent-ode --noise-weight 0.01 --max-t 5. --seed 112 --experiment 32876
Experiment 32876
Epoch 1000 [Test seq (cond on sampled tp)] | Loss 171.730865 | Likelihood -168.820709 | KL fp 6.5203 | FP STD 0.0779|
KL coef: 0.9999522643707747
Train loss (one batch): 170.3424072265625
Train CE loss (one batch): 0.0
Test MSE (raw): 0.0345
Test MSE (smoothed with alpha=0.01): 0.0345
New best smoothed test MSE: 0.0345. Saving best model to experiments/experiment_32876_best.ckpt
Test MSE group_0: 0.0321
Test MSE group_1: 0.0369
Test MSE group_2: nan
Test MSE group_3: nan
Poisson likelihood: 0.0
CE loss: 0.0
train MSE group_0: 0.0327
train MSE group_1: 0.0348
train MSE group_2: nan
train MSE group_3: nan
CE loss (TEST): 0.0
Experiment 32876
Epoch 2000 [Test seq (cond on sampled tp)] | Loss 153.860214 | Likelihood -151.117554 | KL fp 6.0519 | FP STD 0.1201|
KL coef: 0.9999999979391934
Train loss (one batch): 150.77505493164062
Train CE loss (one batch): 0.0
Test MSE (raw): 0.0310
Test MSE (smoothed with alpha=0.01): 0.0345
New best smoothed test MSE: 0.0345. Saving best model to experiments/experiment_32876_best.ckpt
Test MSE group_0: 0.0282
Test MSE group_1: 0.0337
Test MSE group_2: nan
Test MSE group_3: nan
Poisson likelihood: 0.0
CE loss: 0.0
train MSE group_0: 0.0284
train MSE group_1: 0.0315
train MSE group_2: nan
train MSE group_3: nan
CE loss (TEST): 0.0
Experiment 32876
Epoch 3000 [Test seq (cond on sampled tp)] | Loss 144.862274 | Likelihood -142.044601 | KL fp 6.0159 | FP STD 0.0723|
KL coef: 0.9999999999999111
Train loss (one batch): 139.52723693847656
Train CE loss (one batch): 0.0
Test MSE (raw): 0.0291
Test MSE (smoothed with alpha=0.01): 0.0344
New best smoothed test MSE: 0.0344. Saving best model to experiments/experiment_32876_best.ckpt
Test MSE group_0: 0.0271
Test MSE group_1: 0.0312
Test MSE group_2: nan
Test MSE group_3: nan
Poisson likelihood: 0.0
CE loss: 0.0
train MSE group_0: 0.0268
train MSE group_1: 0.0286
train MSE group_2: nan
train MSE group_3: nan
CE loss (TEST): 0.0
