/Users/benjaminmaurel/Documents/Training_Sanofi/notebooks_hands_on/latent_ode/run_models.py
run_models.py --niters 3000 -n 200 -s 40 -l 10 --dataset PK_Tacro --latent-ode --noise-weight 0.01 --max-t 5. --seed 25 --experiment 13710
Experiment 13710
Epoch 1000 [Test seq (cond on sampled tp)] | Loss 193.387619 | Likelihood -190.915741 | KL fp 5.6374 | FP STD 0.1055|
KL coef: 0.9999522643707747
Train loss (one batch): 196.0628662109375
Train CE loss (one batch): 0.0
Test MSE (raw): 0.0389
Test MSE (smoothed with alpha=0.01): 0.0389
New best smoothed test MSE: 0.0389. Saving best model to experiments/experiment_13710_best.ckpt
Test MSE group_0: 0.0346
Test MSE group_1: 0.0438
Test MSE group_2: nan
Test MSE group_3: nan
Poisson likelihood: 0.0
CE loss: 0.0
train MSE group_0: 0.0366
train MSE group_1: 0.0419
train MSE group_2: nan
train MSE group_3: nan
CE loss (TEST): 0.0
