/Users/benjaminmaurel/Documents/Training_Sanofi/notebooks_hands_on/latent_ode/run_models.py
run_models.py --niters 3000 -n 200 -s 40 -l 10 --dataset PK_Tacro --latent-ode --noise-weight 0.01 --max-t 5. --seed 16 --experiment 24176
Experiment 24176
Epoch 1000 [Test seq (cond on sampled tp)] | Loss 211.047562 | Likelihood -208.046341 | KL fp 5.6212 | FP STD 0.1367|
KL coef: 0.9999522643707747
Train loss (one batch): 210.7568817138672
Train CE loss (one batch): 0.0
Test MSE (raw): 0.0423
Test MSE (smoothed with alpha=0.01): 0.0423
New best smoothed test MSE: 0.0423. Saving best model to experiments/experiment_24176_best.ckpt
Test MSE group_0: 0.0399
Test MSE group_1: 0.0448
Test MSE group_2: nan
Test MSE group_3: nan
Poisson likelihood: 0.0
CE loss: 0.0
train MSE group_0: 0.0391
train MSE group_1: 0.0443
train MSE group_2: nan
train MSE group_3: nan
CE loss (TEST): 0.0
Experiment 24176
Epoch 2000 [Test seq (cond on sampled tp)] | Loss 202.920425 | Likelihood -201.597183 | KL fp 5.1486 | FP STD 0.1867|
KL coef: 0.9999999979391934
Train loss (one batch): 201.72547912597656
Train CE loss (one batch): 0.0
Test MSE (raw): 0.0411
Test MSE (smoothed with alpha=0.01): 0.0423
New best smoothed test MSE: 0.0423. Saving best model to experiments/experiment_24176_best.ckpt
Test MSE group_0: 0.0391
Test MSE group_1: 0.0430
Test MSE group_2: nan
Test MSE group_3: nan
Poisson likelihood: 0.0
CE loss: 0.0
train MSE group_0: 0.0390
train MSE group_1: 0.0414
train MSE group_2: nan
train MSE group_3: nan
CE loss (TEST): 0.0
Experiment 24176
Epoch 3000 [Test seq (cond on sampled tp)] | Loss 156.767761 | Likelihood -153.833267 | KL fp 5.5275 | FP STD 0.1071|
KL coef: 0.9999999999999111
Train loss (one batch): 155.13514709472656
Train CE loss (one batch): 0.0
Test MSE (raw): 0.0315
Test MSE (smoothed with alpha=0.01): 0.0422
New best smoothed test MSE: 0.0422. Saving best model to experiments/experiment_24176_best.ckpt
Test MSE group_0: 0.0289
Test MSE group_1: 0.0341
Test MSE group_2: nan
Test MSE group_3: nan
Poisson likelihood: 0.0
CE loss: 0.0
train MSE group_0: 0.0289
train MSE group_1: 0.0326
train MSE group_2: nan
train MSE group_3: nan
CE loss (TEST): 0.0
