/Users/benjaminmaurel/Documents/Training_Sanofi/notebooks_hands_on/latent_ode/run_models.py
run_models.py --niters 3000 -n 200 -s 40 -l 10 --dataset PK_Tacro --latent-ode --noise-weight 0.01 --max-t 5. --seed 200 --experiment 42073
Experiment 42073
Epoch 1000 [Test seq (cond on sampled tp)] | Loss 265.666748 | Likelihood -269.177277 | KL fp 3.4161 | FP STD 0.5538|
KL coef: 0.9999522643707747
Train loss (one batch): 286.0926818847656
Train CE loss (one batch): 0.0
Test MSE (raw): 0.0546
Test MSE (smoothed with alpha=0.01): 0.0546
New best smoothed test MSE: 0.0546. Saving best model to experiments/experiment_42073_best.ckpt
Test MSE group_0: 0.0454
Test MSE group_1: 0.0636
Test MSE group_2: nan
Test MSE group_3: nan
Poisson likelihood: 0.0
CE loss: 0.0
train MSE group_0: 0.0524
train MSE group_1: 0.0644
train MSE group_2: nan
train MSE group_3: nan
CE loss (TEST): 0.0
Experiment 42073
Epoch 2000 [Test seq (cond on sampled tp)] | Loss 240.061279 | Likelihood -241.348557 | KL fp 3.6468 | FP STD 0.4336|
KL coef: 0.9999999979391934
Train loss (one batch): 261.61865234375
Train CE loss (one batch): 0.0
Test MSE (raw): 0.0490
Test MSE (smoothed with alpha=0.01): 0.0545
New best smoothed test MSE: 0.0545. Saving best model to experiments/experiment_42073_best.ckpt
Test MSE group_0: 0.0418
Test MSE group_1: 0.0561
Test MSE group_2: nan
Test MSE group_3: nan
Poisson likelihood: 0.0
CE loss: 0.0
train MSE group_0: 0.0470
train MSE group_1: 0.0584
train MSE group_2: nan
train MSE group_3: nan
CE loss (TEST): 0.0
Experiment 42073
Epoch 3000 [Test seq (cond on sampled tp)] | Loss 226.709015 | Likelihood -226.909363 | KL fp 3.6390 | FP STD 0.3701|
KL coef: 0.9999999999999111
Train loss (one batch): 247.31089782714844
Train CE loss (one batch): 0.0
Test MSE (raw): 0.0461
Test MSE (smoothed with alpha=0.01): 0.0544
New best smoothed test MSE: 0.0544. Saving best model to experiments/experiment_42073_best.ckpt
Test MSE group_0: 0.0431
Test MSE group_1: 0.0491
Test MSE group_2: nan
Test MSE group_3: nan
Poisson likelihood: 0.0
CE loss: 0.0
train MSE group_0: 0.0472
train MSE group_1: 0.0523
train MSE group_2: nan
train MSE group_3: nan
CE loss (TEST): 0.0
