/Users/benjaminmaurel/Documents/Training_Sanofi/notebooks_hands_on/latent_ode/run_models.py
run_models.py --niters 3000 -n 200 -s 40 -l 10 --dataset PK_Tacro --latent-ode --noise-weight 0.01 --max-t 5. --seed 13 --experiment 25263
Experiment 25263
Epoch 1000 [Test seq (cond on sampled tp)] | Loss 164.468338 | Likelihood -161.378647 | KL fp 6.6140 | FP STD 0.2099|
KL coef: 0.9999522643707747
Train loss (one batch): 161.05789184570312
Train CE loss (one batch): 0.0
Test MSE (raw): 0.0330
Test MSE (smoothed with alpha=0.01): 0.0330
New best smoothed test MSE: 0.0330. Saving best model to experiments/experiment_25263_best.ckpt
Test MSE group_0: 0.0283
Test MSE group_1: 0.0377
Test MSE group_2: nan
Test MSE group_3: nan
Poisson likelihood: 0.0
CE loss: 0.0
train MSE group_0: 0.0304
train MSE group_1: 0.0337
train MSE group_2: nan
train MSE group_3: nan
CE loss (TEST): 0.0
Experiment 25263
Epoch 2000 [Test seq (cond on sampled tp)] | Loss 148.325653 | Likelihood -144.226044 | KL fp 6.7667 | FP STD 0.0973|
KL coef: 0.9999999979391934
Train loss (one batch): 141.71829223632812
Train CE loss (one batch): 0.0
Test MSE (raw): 0.0296
Test MSE (smoothed with alpha=0.01): 0.0330
New best smoothed test MSE: 0.0330. Saving best model to experiments/experiment_25263_best.ckpt
Test MSE group_0: 0.0261
Test MSE group_1: 0.0331
Test MSE group_2: nan
Test MSE group_3: nan
Poisson likelihood: 0.0
CE loss: 0.0
train MSE group_0: 0.0273
train MSE group_1: 0.0287
train MSE group_2: nan
train MSE group_3: nan
CE loss (TEST): 0.0
Experiment 25263
Epoch 3000 [Test seq (cond on sampled tp)] | Loss 142.749084 | Likelihood -139.169128 | KL fp 6.3584 | FP STD 0.1255|
KL coef: 0.9999999999999111
Train loss (one batch): 137.8807830810547
Train CE loss (one batch): 0.0
Test MSE (raw): 0.0286
Test MSE (smoothed with alpha=0.01): 0.0329
New best smoothed test MSE: 0.0329. Saving best model to experiments/experiment_25263_best.ckpt
Test MSE group_0: 0.0255
Test MSE group_1: 0.0316
Test MSE group_2: nan
Test MSE group_3: nan
Poisson likelihood: 0.0
CE loss: 0.0
train MSE group_0: 0.0265
train MSE group_1: 0.0281
train MSE group_2: nan
train MSE group_3: nan
CE loss (TEST): 0.0
