/Users/benjaminmaurel/Documents/Training_Sanofi/notebooks_hands_on/latent_ode/run_models.py
run_models.py --niters 3000 -n 200 -s 40 -l 10 --dataset PK_Tacro --latent-ode --noise-weight 0.01 --max-t 5. --seed 3 --experiment 25973
Experiment 25973
Epoch 1000 [Test seq (cond on sampled tp)] | Loss 241.023636 | Likelihood -237.418930 | KL fp 7.2199 | FP STD 0.1923|
KL coef: 0.9999522643707747
Train loss (one batch): 231.22596740722656
Train CE loss (one batch): 0.0
Test MSE (raw): 0.0482
Test MSE (smoothed with alpha=0.01): 0.0482
New best smoothed test MSE: 0.0482. Saving best model to experiments/experiment_25973_best.ckpt
Test MSE group_0: 0.0429
Test MSE group_1: 0.0545
Test MSE group_2: nan
Test MSE group_3: nan
Poisson likelihood: 0.0
CE loss: 0.0
train MSE group_0: 0.0397
train MSE group_1: 0.0509
train MSE group_2: nan
train MSE group_3: nan
CE loss (TEST): 0.0
Experiment 25973
Epoch 2000 [Test seq (cond on sampled tp)] | Loss 189.698212 | Likelihood -186.153503 | KL fp 6.7433 | FP STD 0.1606|
KL coef: 0.9999999979391934
Train loss (one batch): 174.8728485107422
Train CE loss (one batch): 0.0
Test MSE (raw): 0.0380
Test MSE (smoothed with alpha=0.01): 0.0481
New best smoothed test MSE: 0.0481. Saving best model to experiments/experiment_25973_best.ckpt
Test MSE group_0: 0.0341
Test MSE group_1: 0.0425
Test MSE group_2: nan
Test MSE group_3: nan
Poisson likelihood: 0.0
CE loss: 0.0
train MSE group_0: 0.0304
train MSE group_1: 0.0381
train MSE group_2: nan
train MSE group_3: nan
CE loss (TEST): 0.0
Experiment 25973
Epoch 3000 [Test seq (cond on sampled tp)] | Loss 178.951813 | Likelihood -176.424011 | KL fp 6.4114 | FP STD 0.1432|
KL coef: 0.9999999999999111
Train loss (one batch): 157.96852111816406
Train CE loss (one batch): 0.0
Test MSE (raw): 0.0360
Test MSE (smoothed with alpha=0.01): 0.0480
New best smoothed test MSE: 0.0480. Saving best model to experiments/experiment_25973_best.ckpt
Test MSE group_0: 0.0336
Test MSE group_1: 0.0389
Test MSE group_2: nan
Test MSE group_3: nan
Poisson likelihood: 0.0
CE loss: 0.0
train MSE group_0: 0.0295
train MSE group_1: 0.0334
train MSE group_2: nan
train MSE group_3: nan
CE loss (TEST): 0.0
