/Users/benjaminmaurel/Documents/Training_Sanofi/notebooks_hands_on/latent_ode/run_models.py
run_models.py --niters 3000 -n 200 -s 40 -l 10 --dataset PK_Tacro --latent-ode --noise-weight 0.01 --max-t 5. --seed 53 --experiment 29277
Experiment 29277
Epoch 1000 [Test seq (cond on sampled tp)] | Loss 231.550140 | Likelihood -230.792694 | KL fp 4.4471 | FP STD 0.1240|
KL coef: 0.9999522643707747
Train loss (one batch): 214.57052612304688
Train CE loss (one batch): 0.0
Test MSE (raw): 0.0469
Test MSE (smoothed with alpha=0.01): 0.0469
New best smoothed test MSE: 0.0469. Saving best model to experiments/experiment_29277_best.ckpt
Test MSE group_0: 0.0444
Test MSE group_1: 0.0493
Test MSE group_2: nan
Test MSE group_3: nan
Poisson likelihood: 0.0
CE loss: 0.0
train MSE group_0: 0.0428
train MSE group_1: 0.0431
train MSE group_2: nan
train MSE group_3: nan
CE loss (TEST): 0.0
Experiment 29277
Epoch 2000 [Test seq (cond on sampled tp)] | Loss 171.613586 | Likelihood -170.183044 | KL fp 4.3074 | FP STD 0.1281|
KL coef: 0.9999999979391934
Train loss (one batch): 172.3187713623047
Train CE loss (one batch): 0.0
Test MSE (raw): 0.0348
Test MSE (smoothed with alpha=0.01): 0.0468
New best smoothed test MSE: 0.0468. Saving best model to experiments/experiment_29277_best.ckpt
Test MSE group_0: 0.0312
Test MSE group_1: 0.0383
Test MSE group_2: nan
Test MSE group_3: nan
Poisson likelihood: 0.0
CE loss: 0.0
train MSE group_0: 0.0342
train MSE group_1: 0.0352
train MSE group_2: nan
train MSE group_3: nan
CE loss (TEST): 0.0
Experiment 29277
Epoch 3000 [Test seq (cond on sampled tp)] | Loss 165.678925 | Likelihood -165.308258 | KL fp 4.3006 | FP STD 0.1451|
KL coef: 0.9999999999999111
Train loss (one batch): 168.44570922851562
Train CE loss (one batch): 0.0
Test MSE (raw): 0.0338
Test MSE (smoothed with alpha=0.01): 0.0466
New best smoothed test MSE: 0.0466. Saving best model to experiments/experiment_29277_best.ckpt
Test MSE group_0: 0.0299
Test MSE group_1: 0.0376
Test MSE group_2: nan
Test MSE group_3: nan
Poisson likelihood: 0.0
CE loss: 0.0
train MSE group_0: 0.0328
train MSE group_1: 0.0346
train MSE group_2: nan
train MSE group_3: nan
CE loss (TEST): 0.0
