/Users/benjaminmaurel/Documents/Training_Sanofi/notebooks_hands_on/latent_ode/run_models.py
run_models.py --niters 3000 -n 200 -s 40 -l 10 --dataset PK_Tacro --latent-ode --noise-weight 0.01 --max-t 5. --seed 100 --experiment 32580
Experiment 32580
Epoch 1000 [Test seq (cond on sampled tp)] | Loss 155.514465 | Likelihood -155.080673 | KL fp 4.8464 | FP STD 0.2323|
KL coef: 0.9999522643707747
Train loss (one batch): 147.5022735595703
Train CE loss (one batch): 0.0
Test MSE (raw): 0.0318
Test MSE (smoothed with alpha=0.01): 0.0318
New best smoothed test MSE: 0.0318. Saving best model to experiments/experiment_32580_best.ckpt
Test MSE group_0: 0.0282
Test MSE group_1: 0.0352
Test MSE group_2: nan
Test MSE group_3: nan
Poisson likelihood: 0.0
CE loss: 0.0
train MSE group_0: 0.0272
train MSE group_1: 0.0325
train MSE group_2: nan
train MSE group_3: nan
CE loss (TEST): 0.0
Experiment 32580
Epoch 2000 [Test seq (cond on sampled tp)] | Loss 122.266891 | Likelihood -119.830460 | KL fp 5.1701 | FP STD 0.0960|
KL coef: 0.9999999979391934
Train loss (one batch): 116.7403564453125
Train CE loss (one batch): 0.0
Test MSE (raw): 0.0247
Test MSE (smoothed with alpha=0.01): 0.0317
New best smoothed test MSE: 0.0317. Saving best model to experiments/experiment_32580_best.ckpt
Test MSE group_0: 0.0222
Test MSE group_1: 0.0272
Test MSE group_2: nan
Test MSE group_3: nan
Poisson likelihood: 0.0
CE loss: 0.0
train MSE group_0: 0.0212
train MSE group_1: 0.0253
train MSE group_2: nan
train MSE group_3: nan
CE loss (TEST): 0.0
