/Users/benjaminmaurel/Documents/Training_Sanofi/notebooks_hands_on/latent_ode/run_models.py
run_models.py --niters 3000 -n 200 -s 40 -l 10 --dataset PK_Tacro --latent-ode --noise-weight 0.01 --max-t 5. --seed 21 --experiment 24616
Experiment 24616
Epoch 1000 [Test seq (cond on sampled tp)] | Loss 245.962051 | Likelihood -246.524521 | KL fp 5.4504 | FP STD 0.1871|
KL coef: 0.9999522643707747
Train loss (one batch): 229.37266540527344
Train CE loss (one batch): 0.0
Test MSE (raw): 0.0500
Test MSE (smoothed with alpha=0.01): 0.0500
New best smoothed test MSE: 0.0500. Saving best model to experiments/experiment_24616_best.ckpt
Test MSE group_0: 0.0433
Test MSE group_1: 0.0560
Test MSE group_2: nan
Test MSE group_3: nan
Poisson likelihood: 0.0
CE loss: 0.0
train MSE group_0: 0.0415
train MSE group_1: 0.0516
train MSE group_2: nan
train MSE group_3: nan
CE loss (TEST): 0.0
Experiment 24616
Epoch 2000 [Test seq (cond on sampled tp)] | Loss 207.217331 | Likelihood -204.353119 | KL fp 5.9024 | FP STD 0.0730|
KL coef: 0.9999999979391934
Train loss (one batch): 191.6273956298828
Train CE loss (one batch): 0.0
Test MSE (raw): 0.0416
Test MSE (smoothed with alpha=0.01): 0.0500
New best smoothed test MSE: 0.0500. Saving best model to experiments/experiment_24616_best.ckpt
Test MSE group_0: 0.0387
Test MSE group_1: 0.0442
Test MSE group_2: nan
Test MSE group_3: nan
Poisson likelihood: 0.0
CE loss: 0.0
train MSE group_0: 0.0360
train MSE group_1: 0.0408
train MSE group_2: nan
train MSE group_3: nan
CE loss (TEST): 0.0
Experiment 24616
Epoch 3000 [Test seq (cond on sampled tp)] | Loss 200.370056 | Likelihood -198.024658 | KL fp 5.6083 | FP STD 0.0964|
KL coef: 0.9999999999999111
Train loss (one batch): 183.75172424316406
Train CE loss (one batch): 0.0
Test MSE (raw): 0.0403
Test MSE (smoothed with alpha=0.01): 0.0499
New best smoothed test MSE: 0.0499. Saving best model to experiments/experiment_24616_best.ckpt
Test MSE group_0: 0.0385
Test MSE group_1: 0.0420
Test MSE group_2: nan
Test MSE group_3: nan
Poisson likelihood: 0.0
CE loss: 0.0
train MSE group_0: 0.0354
train MSE group_1: 0.0381
train MSE group_2: nan
train MSE group_3: nan
CE loss (TEST): 0.0
