/Users/benjaminmaurel/Documents/Training_Sanofi/notebooks_hands_on/latent_ode/run_models.py
run_models.py --niters 3000 -n 200 -s 40 -l 10 --dataset PK_Tacro --latent-ode --noise-weight 0.01 --max-t 5. --seed 9 --experiment 13391
Experiment 13391
Epoch 1000 [Test seq (cond on sampled tp)] | Loss 183.890198 | Likelihood -182.838776 | KL fp 6.0562 | FP STD 0.1759|
KL coef: 0.9999522643707747
Train loss (one batch): 183.84292602539062
Train CE loss (one batch): 0.0
Test MSE (raw): 0.0373
Test MSE (smoothed with alpha=0.01): 0.0373
New best smoothed test MSE: 0.0373. Saving best model to experiments/experiment_13391_best.ckpt
Test MSE group_0: 0.0341
Test MSE group_1: 0.0409
Test MSE group_2: nan
Test MSE group_3: nan
Poisson likelihood: 0.0
CE loss: 0.0
train MSE group_0: 0.0331
train MSE group_1: 0.0411
train MSE group_2: nan
train MSE group_3: nan
CE loss (TEST): 0.0
Experiment 13391
Epoch 2000 [Test seq (cond on sampled tp)] | Loss 156.132675 | Likelihood -153.022644 | KL fp 6.0885 | FP STD 0.0981|
KL coef: 0.9999999979391934
Train loss (one batch): 146.50965881347656
Train CE loss (one batch): 0.0
Test MSE (raw): 0.0313
Test MSE (smoothed with alpha=0.01): 0.0372
New best smoothed test MSE: 0.0372. Saving best model to experiments/experiment_13391_best.ckpt
Test MSE group_0: 0.0286
Test MSE group_1: 0.0343
Test MSE group_2: nan
Test MSE group_3: nan
Poisson likelihood: 0.0
CE loss: 0.0
train MSE group_0: 0.0265
train MSE group_1: 0.0325
train MSE group_2: nan
train MSE group_3: nan
CE loss (TEST): 0.0
Experiment 13391
Epoch 3000 [Test seq (cond on sampled tp)] | Loss 148.814453 | Likelihood -145.716827 | KL fp 5.8300 | FP STD 0.0972|
KL coef: 0.9999999999999111
Train loss (one batch): 135.46104431152344
Train CE loss (one batch): 0.0
Test MSE (raw): 0.0299
Test MSE (smoothed with alpha=0.01): 0.0372
New best smoothed test MSE: 0.0372. Saving best model to experiments/experiment_13391_best.ckpt
Test MSE group_0: 0.0278
Test MSE group_1: 0.0321
Test MSE group_2: nan
Test MSE group_3: nan
Poisson likelihood: 0.0
CE loss: 0.0
train MSE group_0: 0.0257
train MSE group_1: 0.0288
train MSE group_2: nan
train MSE group_3: nan
CE loss (TEST): 0.0
