/Users/benjaminmaurel/Documents/Training_Sanofi/notebooks_hands_on/latent_ode/run_models.py
run_models.py --niters 3000 -n 200 -s 40 -l 10 --dataset PK_Tacro --latent-ode --noise-weight 0.01 --max-t 5. --seed 8 --experiment 33253
Experiment 33253
Epoch 1000 [Test seq (cond on sampled tp)] | Loss 103.503311 | Likelihood -108.789032 | KL fp 4.9823 | FP STD 0.1245|
KL coef: 0.9999522643707747
Train loss (one batch): 99.72539520263672
Train CE loss (one batch): 0.0
Test MSE (raw): 0.0225
Test MSE (smoothed with alpha=0.01): 0.0225
New best smoothed test MSE: 0.0225. Saving best model to experiments/experiment_33253_best.ckpt
Test MSE group_0: 0.0152
Test MSE group_1: 0.0304
Test MSE group_2: nan
Test MSE group_3: nan
Poisson likelihood: 0.0
CE loss: 0.0
train MSE group_0: 0.0133
train MSE group_1: 0.0259
train MSE group_2: nan
train MSE group_3: nan
CE loss (TEST): 0.0
Experiment 33253
Epoch 2000 [Test seq (cond on sampled tp)] | Loss 100.730202 | Likelihood -101.182465 | KL fp 4.9305 | FP STD 0.1340|
KL coef: 0.9999999979391934
Train loss (one batch): 89.06194305419922
Train CE loss (one batch): 0.0
Test MSE (raw): 0.0210
Test MSE (smoothed with alpha=0.01): 0.0225
New best smoothed test MSE: 0.0225. Saving best model to experiments/experiment_33253_best.ckpt
Test MSE group_0: 0.0144
Test MSE group_1: 0.0280
Test MSE group_2: nan
Test MSE group_3: nan
Poisson likelihood: 0.0
CE loss: 0.0
train MSE group_0: 0.0125
train MSE group_1: 0.0226
train MSE group_2: nan
train MSE group_3: nan
CE loss (TEST): 0.0
Experiment 33253
Epoch 3000 [Test seq (cond on sampled tp)] | Loss 84.211945 | Likelihood -83.924294 | KL fp 4.8548 | FP STD 0.1296|
KL coef: 0.9999999999999111
Train loss (one batch): 79.29029083251953
Train CE loss (one batch): 0.0
Test MSE (raw): 0.0175
Test MSE (smoothed with alpha=0.01): 0.0224
New best smoothed test MSE: 0.0224. Saving best model to experiments/experiment_33253_best.ckpt
Test MSE group_0: 0.0137
Test MSE group_1: 0.0217
Test MSE group_2: nan
Test MSE group_3: nan
Poisson likelihood: 0.0
CE loss: 0.0
train MSE group_0: 0.0118
train MSE group_1: 0.0196
train MSE group_2: nan
train MSE group_3: nan
CE loss (TEST): 0.0
