/Users/benjaminmaurel/Documents/Training_Sanofi/notebooks_hands_on/latent_ode/run_models.py
run_models.py --niters 3000 -n 200 -s 40 -l 10 --dataset PK_Tacro --latent-ode --noise-weight 0.01 --max-t 5. --seed 126 --experiment 18923
Experiment 18923
Epoch 1000 [Test seq (cond on sampled tp)] | Loss 150.570190 | Likelihood -148.781357 | KL fp 4.6978 | FP STD 0.1083|
KL coef: 0.9999522643707747
Train loss (one batch): 156.4941864013672
Train CE loss (one batch): 0.0
Test MSE (raw): 0.0305
Test MSE (smoothed with alpha=0.01): 0.0305
New best smoothed test MSE: 0.0305. Saving best model to experiments/experiment_18923_best.ckpt
Test MSE group_0: 0.0272
Test MSE group_1: 0.0337
Test MSE group_2: nan
Test MSE group_3: nan
Poisson likelihood: 0.0
CE loss: 0.0
train MSE group_0: 0.0288
train MSE group_1: 0.0346
train MSE group_2: nan
train MSE group_3: nan
CE loss (TEST): 0.0
Experiment 18923
Epoch 2000 [Test seq (cond on sampled tp)] | Loss 159.027557 | Likelihood -158.404053 | KL fp 4.8972 | FP STD 0.1515|
KL coef: 0.9999999979391934
Train loss (one batch): 167.50169372558594
Train CE loss (one batch): 0.0
Test MSE (raw): 0.0324
Test MSE (smoothed with alpha=0.01): 0.0305
Smoothed Test MSE did not improve. Early stopping counter: 1/10000
Test MSE group_0: 0.0285
Test MSE group_1: 0.0363
Test MSE group_2: nan
Test MSE group_3: nan
Poisson likelihood: 0.0
CE loss: 0.0
train MSE group_0: 0.0302
train MSE group_1: 0.0381
train MSE group_2: nan
train MSE group_3: nan
CE loss (TEST): 0.0
Experiment 18923
Epoch 3000 [Test seq (cond on sampled tp)] | Loss 147.975876 | Likelihood -146.815033 | KL fp 5.1452 | FP STD 0.1082|
KL coef: 0.9999999999999111
Train loss (one batch): 153.7466583251953
Train CE loss (one batch): 0.0
Test MSE (raw): 0.0301
Test MSE (smoothed with alpha=0.01): 0.0305
Smoothed Test MSE did not improve. Early stopping counter: 2/10000
Test MSE group_0: 0.0273
Test MSE group_1: 0.0329
Test MSE group_2: nan
Test MSE group_3: nan
Poisson likelihood: 0.0
CE loss: 0.0
train MSE group_0: 0.0288
train MSE group_1: 0.0333
train MSE group_2: nan
train MSE group_3: nan
CE loss (TEST): 0.0
