/Users/benjaminmaurel/Documents/Training_Sanofi/notebooks_hands_on/latent_ode/run_models.py
run_models.py --niters 3000 -n 200 -s 40 -l 10 --dataset PK_Tacro --latent-ode --noise-weight 0.01 --max-t 5. --seed 1 --experiment 25269
Experiment 25269
Epoch 0010 [Test seq (cond on sampled tp)] | Loss 1001.750488 | Likelihood -1043.461426 | KL fp 3.2530 | FP STD 0.4294|
KL coef: 0.0
Train loss (one batch): 1711.0919189453125
Train CE loss (one batch): 0.0
Test MSE (raw): 0.2094
Test MSE (smoothed with alpha=0.01): 0.2094
New best smoothed test MSE: 0.2094. Saving best model to experiments/experiment_25269_best.ckpt
Test MSE group_0: 0.2109
Test MSE group_1: 0.2050
Test MSE group_2: nan
Test MSE group_3: nan
Poisson likelihood: 0.0
CE loss: 0.0
train MSE group_0: 0.4145
train MSE group_1: 0.2585
train MSE group_2: nan
train MSE group_3: nan
CE loss (TEST): 0.0
Experiment 25269
Epoch 0020 [Test seq (cond on sampled tp)] | Loss 800.979614 | Likelihood -842.687866 | KL fp 5.0755 | FP STD 0.4525|
KL coef: 0.09561792499119559
Train loss (one batch): 706.1134643554688
Train CE loss (one batch): 0.0
Test MSE (raw): 0.1693
Test MSE (smoothed with alpha=0.01): 0.2090
New best smoothed test MSE: 0.2090. Saving best model to experiments/experiment_25269_best.ckpt
Test MSE group_0: 0.1329
Test MSE group_1: 0.2087
Test MSE group_2: nan
Test MSE group_3: nan
Poisson likelihood: 0.0
CE loss: 0.0
train MSE group_0: 0.1171
train MSE group_1: 0.1755
train MSE group_2: nan
train MSE group_3: nan
CE loss (TEST): 0.0
Experiment 25269
Epoch 0030 [Test seq (cond on sampled tp)] | Loss 703.729919 | Likelihood -713.124268 | KL fp 7.0653 | FP STD 0.1623|
KL coef: 0.18209306240276923
Train loss (one batch): 596.2587280273438
Train CE loss (one batch): 0.0
Test MSE (raw): 0.1434
Test MSE (smoothed with alpha=0.01): 0.2084
New best smoothed test MSE: 0.2084. Saving best model to experiments/experiment_25269_best.ckpt
Test MSE group_0: 0.1083
Test MSE group_1: 0.1824
Test MSE group_2: nan
Test MSE group_3: nan
Poisson likelihood: 0.0
CE loss: 0.0
train MSE group_0: 0.1054
train MSE group_1: 0.1386
train MSE group_2: nan
train MSE group_3: nan
CE loss (TEST): 0.0
Experiment 25269
Epoch 0040 [Test seq (cond on sampled tp)] | Loss 574.635010 | Likelihood -585.286621 | KL fp 5.8182 | FP STD 0.2120|
KL coef: 0.2602996266117198
Train loss (one batch): 520.1925048828125
Train CE loss (one batch): 0.0
Test MSE (raw): 0.1178
Test MSE (smoothed with alpha=0.01): 0.2075
New best smoothed test MSE: 0.2075. Saving best model to experiments/experiment_25269_best.ckpt
Test MSE group_0: 0.1015
Test MSE group_1: 0.1351
Test MSE group_2: nan
Test MSE group_3: nan
Poisson likelihood: 0.0
CE loss: 0.0
train MSE group_0: 0.1054
train MSE group_1: 0.1065
train MSE group_2: nan
train MSE group_3: nan
CE loss (TEST): 0.0
Experiment 25269
Epoch 0050 [Test seq (cond on sampled tp)] | Loss 448.784302 | Likelihood -457.081177 | KL fp 5.8763 | FP STD 0.1447|
KL coef: 0.3310282414303197
Train loss (one batch): 412.9129943847656
Train CE loss (one batch): 0.0
Test MSE (raw): 0.0922
Test MSE (smoothed with alpha=0.01): 0.2063
New best smoothed test MSE: 0.2063. Saving best model to experiments/experiment_25269_best.ckpt
Test MSE group_0: 0.0743
Test MSE group_1: 0.1107
Test MSE group_2: nan
Test MSE group_3: nan
Poisson likelihood: 0.0
CE loss: 0.0
train MSE group_0: 0.0775
train MSE group_1: 0.0904
train MSE group_2: nan
train MSE group_3: nan
CE loss (TEST): 0.0
Experiment 25269
Epoch 0060 [Test seq (cond on sampled tp)] | Loss 298.908997 | Likelihood -301.337463 | KL fp 5.7261 | FP STD 0.1104|
KL coef: 0.39499393286246365
Train loss (one batch): 257.4639587402344
Train CE loss (one batch): 0.0
Test MSE (raw): 0.0610
Test MSE (smoothed with alpha=0.01): 0.2049
New best smoothed test MSE: 0.2049. Saving best model to experiments/experiment_25269_best.ckpt
Test MSE group_0: 0.0436
Test MSE group_1: 0.0790
Test MSE group_2: nan
Test MSE group_3: nan
Poisson likelihood: 0.0
CE loss: 0.0
train MSE group_0: 0.0444
train MSE group_1: 0.0618
train MSE group_2: nan
train MSE group_3: nan
CE loss (TEST): 0.0
Experiment 25269
Epoch 0070 [Test seq (cond on sampled tp)] | Loss 263.188477 | Likelihood -265.771973 | KL fp 5.4796 | FP STD 0.1201|
KL coef: 0.4528433576092388
Train loss (one batch): 230.37118530273438
Train CE loss (one batch): 0.0
Test MSE (raw): 0.0539
Test MSE (smoothed with alpha=0.01): 0.2033
New best smoothed test MSE: 0.2033. Saving best model to experiments/experiment_25269_best.ckpt
Test MSE group_0: 0.0340
Test MSE group_1: 0.0746
Test MSE group_2: nan
Test MSE group_3: nan
Poisson likelihood: 0.0
CE loss: 0.0
train MSE group_0: 0.0366
train MSE group_1: 0.0591
train MSE group_2: nan
train MSE group_3: nan
CE loss (TEST): 0.0
Experiment 25269
Epoch 0080 [Test seq (cond on sampled tp)] | Loss 245.722336 | Likelihood -249.757828 | KL fp 5.4494 | FP STD 0.1130|
KL coef: 0.505161340399793
Train loss (one batch): 215.28334045410156
Train CE loss (one batch): 0.0
Test MSE (raw): 0.0507
Test MSE (smoothed with alpha=0.01): 0.2018
New best smoothed test MSE: 0.2018. Saving best model to experiments/experiment_25269_best.ckpt
Test MSE group_0: 0.0320
Test MSE group_1: 0.0701
Test MSE group_2: nan
Test MSE group_3: nan
Poisson likelihood: 0.0
CE loss: 0.0
train MSE group_0: 0.0350
train MSE group_1: 0.0542
train MSE group_2: nan
train MSE group_3: nan
CE loss (TEST): 0.0
Experiment 25269
Epoch 0090 [Test seq (cond on sampled tp)] | Loss 232.380066 | Likelihood -235.596100 | KL fp 5.3913 | FP STD 0.1183|
KL coef: 0.5524767862361895
Train loss (one batch): 204.13726806640625
Train CE loss (one batch): 0.0
Test MSE (raw): 0.0479
Test MSE (smoothed with alpha=0.01): 0.2003
New best smoothed test MSE: 0.2003. Saving best model to experiments/experiment_25269_best.ckpt
Test MSE group_0: 0.0304
Test MSE group_1: 0.0658
Test MSE group_2: nan
Test MSE group_3: nan
Poisson likelihood: 0.0
CE loss: 0.0
train MSE group_0: 0.0331
train MSE group_1: 0.0516
train MSE group_2: nan
train MSE group_3: nan
CE loss (TEST): 0.0
Experiment 25269
Epoch 0100 [Test seq (cond on sampled tp)] | Loss 224.947556 | Likelihood -226.057770 | KL fp 5.5424 | FP STD 0.1046|
KL coef: 0.5952680273216762
Train loss (one batch): 195.31260681152344
Train CE loss (one batch): 0.0
Test MSE (raw): 0.0459
Test MSE (smoothed with alpha=0.01): 0.1987
New best smoothed test MSE: 0.1987. Saving best model to experiments/experiment_25269_best.ckpt
Test MSE group_0: 0.0283
Test MSE group_1: 0.0642
Test MSE group_2: nan
Test MSE group_3: nan
Poisson likelihood: 0.0
CE loss: 0.0
train MSE group_0: 0.0318
train MSE group_1: 0.0489
train MSE group_2: nan
train MSE group_3: nan
CE loss (TEST): 0.0
Experiment 25269
Epoch 0110 [Test seq (cond on sampled tp)] | Loss 219.724640 | Likelihood -220.528137 | KL fp 5.7163 | FP STD 0.0945|
KL coef: 0.6339676587267709
Train loss (one batch): 191.66725158691406
Train CE loss (one batch): 0.0
Test MSE (raw): 0.0448
Test MSE (smoothed with alpha=0.01): 0.1972
New best smoothed test MSE: 0.1972. Saving best model to experiments/experiment_25269_best.ckpt
Test MSE group_0: 0.0274
Test MSE group_1: 0.0626
Test MSE group_2: nan
Test MSE group_3: nan
Poisson likelihood: 0.0
CE loss: 0.0
train MSE group_0: 0.0311
train MSE group_1: 0.0480
train MSE group_2: nan
train MSE group_3: nan
CE loss (TEST): 0.0
Experiment 25269
Epoch 0120 [Test seq (cond on sampled tp)] | Loss 214.662430 | Likelihood -217.369720 | KL fp 5.2236 | FP STD 0.1262|
KL coef: 0.6689669116789861
Train loss (one batch): 190.7691192626953
Train CE loss (one batch): 0.0
Test MSE (raw): 0.0442
Test MSE (smoothed with alpha=0.01): 0.1957
New best smoothed test MSE: 0.1957. Saving best model to experiments/experiment_25269_best.ckpt
Test MSE group_0: 0.0266
Test MSE group_1: 0.0623
Test MSE group_2: nan
Test MSE group_3: nan
Poisson likelihood: 0.0
CE loss: 0.0
train MSE group_0: 0.0316
train MSE group_1: 0.0476
train MSE group_2: nan
train MSE group_3: nan
CE loss (TEST): 0.0
Experiment 25269
Epoch 0130 [Test seq (cond on sampled tp)] | Loss 213.876312 | Likelihood -213.858948 | KL fp 5.4451 | FP STD 0.1195|
KL coef: 0.7006196086876687
Train loss (one batch): 185.2799530029297
Train CE loss (one batch): 0.0
Test MSE (raw): 0.0435
Test MSE (smoothed with alpha=0.01): 0.1941
New best smoothed test MSE: 0.1941. Saving best model to experiments/experiment_25269_best.ckpt
Test MSE group_0: 0.0265
Test MSE group_1: 0.0608
Test MSE group_2: nan
Test MSE group_3: nan
Poisson likelihood: 0.0
CE loss: 0.0
train MSE group_0: 0.0306
train MSE group_1: 0.0458
train MSE group_2: nan
train MSE group_3: nan
CE loss (TEST): 0.0
Experiment 25269
Epoch 0140 [Test seq (cond on sampled tp)] | Loss 210.439285 | Likelihood -210.266632 | KL fp 5.4963 | FP STD 0.0992|
KL coef: 0.729245740488006
Train loss (one batch): 181.39271545410156
Train CE loss (one batch): 0.0
Test MSE (raw): 0.0428
Test MSE (smoothed with alpha=0.01): 0.1926
New best smoothed test MSE: 0.1926. Saving best model to experiments/experiment_25269_best.ckpt
Test MSE group_0: 0.0255
Test MSE group_1: 0.0605
Test MSE group_2: nan
Test MSE group_3: nan
Poisson likelihood: 0.0
CE loss: 0.0
train MSE group_0: 0.0297
train MSE group_1: 0.0452
train MSE group_2: nan
train MSE group_3: nan
CE loss (TEST): 0.0
Experiment 25269
Epoch 0150 [Test seq (cond on sampled tp)] | Loss 385.431641 | Likelihood -425.190765 | KL fp 4.8588 | FP STD 0.3855|
KL coef: 0.7551347009650705
Train loss (one batch): 331.6020812988281
Train CE loss (one batch): 0.0
Test MSE (raw): 0.0858
Test MSE (smoothed with alpha=0.01): 0.1916
New best smoothed test MSE: 0.1916. Saving best model to experiments/experiment_25269_best.ckpt
Test MSE group_0: 0.0573
Test MSE group_1: 0.1175
Test MSE group_2: nan
Test MSE group_3: nan
Poisson likelihood: 0.0
CE loss: 0.0
train MSE group_0: 0.0570
train MSE group_1: 0.0826
train MSE group_2: nan
train MSE group_3: nan
CE loss (TEST): 0.0
Experiment 25269
Epoch 0160 [Test seq (cond on sampled tp)] | Loss 277.117554 | Likelihood -318.199097 | KL fp 5.1753 | FP STD 0.3326|
KL coef: 0.7785482127611391
Train loss (one batch): 265.7821350097656
Train CE loss (one batch): 0.0
Test MSE (raw): 0.0644
Test MSE (smoothed with alpha=0.01): 0.1903
New best smoothed test MSE: 0.1903. Saving best model to experiments/experiment_25269_best.ckpt
Test MSE group_0: 0.0469
Test MSE group_1: 0.0834
Test MSE group_2: nan
Test MSE group_3: nan
Poisson likelihood: 0.0
CE loss: 0.0
train MSE group_0: 0.0465
train MSE group_1: 0.0713
train MSE group_2: nan
train MSE group_3: nan
CE loss (TEST): 0.0
Experiment 25269
Epoch 0170 [Test seq (cond on sampled tp)] | Loss 248.238937 | Likelihood -261.680695 | KL fp 4.8314 | FP STD 0.3545|
KL coef: 0.7997229731425107
Train loss (one batch): 217.7015380859375
Train CE loss (one batch): 0.0
Test MSE (raw): 0.0531
Test MSE (smoothed with alpha=0.01): 0.1889
New best smoothed test MSE: 0.1889. Saving best model to experiments/experiment_25269_best.ckpt
Test MSE group_0: 0.0343
Test MSE group_1: 0.0727
Test MSE group_2: nan
Test MSE group_3: nan
Poisson likelihood: 0.0
CE loss: 0.0
train MSE group_0: 0.0369
train MSE group_1: 0.0549
train MSE group_2: nan
train MSE group_3: nan
CE loss (TEST): 0.0
Experiment 25269
Epoch 0180 [Test seq (cond on sampled tp)] | Loss 230.511932 | Likelihood -233.912811 | KL fp 6.0196 | FP STD 0.2526|
KL coef: 0.8188730468740297
Train loss (one batch): 228.7084197998047
Train CE loss (one batch): 0.0
Test MSE (raw): 0.0475
Test MSE (smoothed with alpha=0.01): 0.1875
New best smoothed test MSE: 0.1875. Saving best model to experiments/experiment_25269_best.ckpt
Test MSE group_0: 0.0300
Test MSE group_1: 0.0654
Test MSE group_2: nan
Test MSE group_3: nan
Poisson likelihood: 0.0
CE loss: 0.0
train MSE group_0: 0.0396
train MSE group_1: 0.0551
train MSE group_2: nan
train MSE group_3: nan
CE loss (TEST): 0.0
Experiment 25269
Epoch 0190 [Test seq (cond on sampled tp)] | Loss 227.585571 | Likelihood -235.022736 | KL fp 5.8419 | FP STD 0.3107|
KL coef: 0.8361920302919126
Train loss (one batch): 216.9008026123047
Train CE loss (one batch): 0.0
Test MSE (raw): 0.0477
Test MSE (smoothed with alpha=0.01): 0.1861
New best smoothed test MSE: 0.1861. Saving best model to experiments/experiment_25269_best.ckpt
Test MSE group_0: 0.0309
Test MSE group_1: 0.0650
Test MSE group_2: nan
Test MSE group_3: nan
Poisson likelihood: 0.0
CE loss: 0.0
train MSE group_0: 0.0343
train MSE group_1: 0.0556
train MSE group_2: nan
train MSE group_3: nan
CE loss (TEST): 0.0
Experiment 25269
Epoch 0200 [Test seq (cond on sampled tp)] | Loss 234.106842 | Likelihood -239.617325 | KL fp 5.2819 | FP STD 0.3997|
KL coef: 0.8518550084524206
Train loss (one batch): 212.0931396484375
Train CE loss (one batch): 0.0
Test MSE (raw): 0.0487
Test MSE (smoothed with alpha=0.01): 0.1847
New best smoothed test MSE: 0.1847. Saving best model to experiments/experiment_25269_best.ckpt
Test MSE group_0: 0.0313
Test MSE group_1: 0.0666
Test MSE group_2: nan
Test MSE group_3: nan
Poisson likelihood: 0.0
CE loss: 0.0
train MSE group_0: 0.0348
train MSE group_1: 0.0524
train MSE group_2: nan
train MSE group_3: nan
CE loss (TEST): 0.0
Experiment 25269
Epoch 0210 [Test seq (cond on sampled tp)] | Loss 231.654968 | Likelihood -240.350647 | KL fp 5.2064 | FP STD 0.4276|
KL coef: 0.8660203251420383
Train loss (one batch): 216.04286193847656
Train CE loss (one batch): 0.0
Test MSE (raw): 0.0488
Test MSE (smoothed with alpha=0.01): 0.1834
New best smoothed test MSE: 0.1834. Saving best model to experiments/experiment_25269_best.ckpt
Test MSE group_0: 0.0317
Test MSE group_1: 0.0665
Test MSE group_2: nan
Test MSE group_3: nan
Poisson likelihood: 0.0
CE loss: 0.0
train MSE group_0: 0.0342
train MSE group_1: 0.0554
train MSE group_2: nan
train MSE group_3: nan
CE loss (TEST): 0.0
Experiment 25269
Epoch 0220 [Test seq (cond on sampled tp)] | Loss 224.130386 | Likelihood -232.416901 | KL fp 5.1344 | FP STD 0.3904|
KL coef: 0.8788311836429517
Train loss (one batch): 206.9739227294922
Train CE loss (one batch): 0.0
Test MSE (raw): 0.0472
Test MSE (smoothed with alpha=0.01): 0.1820
New best smoothed test MSE: 0.1820. Saving best model to experiments/experiment_25269_best.ckpt
Test MSE group_0: 0.0295
Test MSE group_1: 0.0653
Test MSE group_2: nan
Test MSE group_3: nan
Poisson likelihood: 0.0
CE loss: 0.0
train MSE group_0: 0.0346
train MSE group_1: 0.0501
train MSE group_2: nan
train MSE group_3: nan
CE loss (TEST): 0.0
Experiment 25269
Epoch 0230 [Test seq (cond on sampled tp)] | Loss 216.317749 | Likelihood -220.416931 | KL fp 5.2717 | FP STD 0.3409|
KL coef: 0.8904170944366518
Train loss (one batch): 198.306884765625
Train CE loss (one batch): 0.0
Test MSE (raw): 0.0448
Test MSE (smoothed with alpha=0.01): 0.1806
New best smoothed test MSE: 0.1806. Saving best model to experiments/experiment_25269_best.ckpt
Test MSE group_0: 0.0293
Test MSE group_1: 0.0607
Test MSE group_2: nan
Test MSE group_3: nan
Poisson likelihood: 0.0
CE loss: 0.0
train MSE group_0: 0.0322
train MSE group_1: 0.0494
train MSE group_2: nan
train MSE group_3: nan
CE loss (TEST): 0.0
Experiment 25269
Epoch 0240 [Test seq (cond on sampled tp)] | Loss 213.318619 | Likelihood -217.433441 | KL fp 5.3028 | FP STD 0.3011|
KL coef: 0.9008951844811254
Train loss (one batch): 189.4884796142578
Train CE loss (one batch): 0.0
Test MSE (raw): 0.0442
Test MSE (smoothed with alpha=0.01): 0.1793
New best smoothed test MSE: 0.1793. Saving best model to experiments/experiment_25269_best.ckpt
Test MSE group_0: 0.0267
Test MSE group_1: 0.0622
Test MSE group_2: nan
Test MSE group_3: nan
Poisson likelihood: 0.0
CE loss: 0.0
train MSE group_0: 0.0305
train MSE group_1: 0.0481
train MSE group_2: nan
train MSE group_3: nan
CE loss (TEST): 0.0
Experiment 25269
Epoch 0250 [Test seq (cond on sampled tp)] | Loss 207.572632 | Likelihood -211.297363 | KL fp 5.3359 | FP STD 0.2787|
KL coef: 0.9103713812976754
Train loss (one batch): 186.2609100341797
Train CE loss (one batch): 0.0
Test MSE (raw): 0.0430
Test MSE (smoothed with alpha=0.01): 0.1779
New best smoothed test MSE: 0.1779. Saving best model to experiments/experiment_25269_best.ckpt
Test MSE group_0: 0.0263
Test MSE group_1: 0.0601
Test MSE group_2: nan
Test MSE group_3: nan
Poisson likelihood: 0.0
CE loss: 0.0
train MSE group_0: 0.0302
train MSE group_1: 0.0467
train MSE group_2: nan
train MSE group_3: nan
CE loss (TEST): 0.0
Experiment 25269
Epoch 0260 [Test seq (cond on sampled tp)] | Loss 207.410034 | Likelihood -208.817276 | KL fp 5.3965 | FP STD 0.2629|
KL coef: 0.9189414838378187
Train loss (one batch): 183.6504669189453
Train CE loss (one batch): 0.0
Test MSE (raw): 0.0425
Test MSE (smoothed with alpha=0.01): 0.1766
New best smoothed test MSE: 0.1766. Saving best model to experiments/experiment_25269_best.ckpt
Test MSE group_0: 0.0266
Test MSE group_1: 0.0588
Test MSE group_2: nan
Test MSE group_3: nan
Poisson likelihood: 0.0
CE loss: 0.0
train MSE group_0: 0.0300
train MSE group_1: 0.0454
train MSE group_2: nan
train MSE group_3: nan
CE loss (TEST): 0.0
Experiment 25269
Epoch 0270 [Test seq (cond on sampled tp)] | Loss 208.691208 | Likelihood -210.404648 | KL fp 5.1475 | FP STD 0.2663|
KL coef: 0.9266921309561118
Train loss (one batch): 185.6363525390625
Train CE loss (one batch): 0.0
Test MSE (raw): 0.0428
Test MSE (smoothed with alpha=0.01): 0.1752
New best smoothed test MSE: 0.1752. Saving best model to experiments/experiment_25269_best.ckpt
Test MSE group_0: 0.0263
Test MSE group_1: 0.0597
Test MSE group_2: nan
Test MSE group_3: nan
Poisson likelihood: 0.0
CE loss: 0.0
train MSE group_0: 0.0307
train MSE group_1: 0.0453
train MSE group_2: nan
train MSE group_3: nan
CE loss (TEST): 0.0
Experiment 25269
Epoch 0280 [Test seq (cond on sampled tp)] | Loss 209.961975 | Likelihood -209.731567 | KL fp 5.4667 | FP STD 0.2274|
KL coef: 0.9337016772796147
Train loss (one batch): 181.07272338867188
Train CE loss (one batch): 0.0
Test MSE (raw): 0.0427
Test MSE (smoothed with alpha=0.01): 0.1739
New best smoothed test MSE: 0.1739. Saving best model to experiments/experiment_25269_best.ckpt
Test MSE group_0: 0.0260
Test MSE group_1: 0.0598
Test MSE group_2: nan
Test MSE group_3: nan
Poisson likelihood: 0.0
CE loss: 0.0
train MSE group_0: 0.0291
train MSE group_1: 0.0451
train MSE group_2: nan
train MSE group_3: nan
CE loss (TEST): 0.0
Experiment 25269
Epoch 0290 [Test seq (cond on sampled tp)] | Loss 203.942444 | Likelihood -205.513947 | KL fp 5.6477 | FP STD 0.2183|
KL coef: 0.9400409853285345
Train loss (one batch): 181.33372497558594
Train CE loss (one batch): 0.0
Test MSE (raw): 0.0418
Test MSE (smoothed with alpha=0.01): 0.1726
New best smoothed test MSE: 0.1726. Saving best model to experiments/experiment_25269_best.ckpt
Test MSE group_0: 0.0255
Test MSE group_1: 0.0584
Test MSE group_2: nan
Test MSE group_3: nan
Poisson likelihood: 0.0
CE loss: 0.0
train MSE group_0: 0.0291
train MSE group_1: 0.0449
train MSE group_2: nan
train MSE group_3: nan
CE loss (TEST): 0.0
Experiment 25269
Epoch 0300 [Test seq (cond on sampled tp)] | Loss 209.080597 | Likelihood -208.252640 | KL fp 5.9602 | FP STD 0.1874|
KL coef: 0.9457741418959368
Train loss (one batch): 180.09878540039062
Train CE loss (one batch): 0.0
Test MSE (raw): 0.0424
Test MSE (smoothed with alpha=0.01): 0.1713
New best smoothed test MSE: 0.1713. Saving best model to experiments/experiment_25269_best.ckpt
Test MSE group_0: 0.0272
Test MSE group_1: 0.0577
Test MSE group_2: nan
Test MSE group_3: nan
Poisson likelihood: 0.0
CE loss: 0.0
train MSE group_0: 0.0289
train MSE group_1: 0.0445
train MSE group_2: nan
train MSE group_3: nan
CE loss (TEST): 0.0
Experiment 25269
Epoch 0310 [Test seq (cond on sampled tp)] | Loss 205.327942 | Likelihood -204.948914 | KL fp 5.6394 | FP STD 0.2068|
KL coef: 0.9509591059287142
Train loss (one batch): 182.83164978027344
Train CE loss (one batch): 0.0
Test MSE (raw): 0.0417
Test MSE (smoothed with alpha=0.01): 0.1700
New best smoothed test MSE: 0.1700. Saving best model to experiments/experiment_25269_best.ckpt
Test MSE group_0: 0.0264
Test MSE group_1: 0.0573
Test MSE group_2: nan
Test MSE group_3: nan
Poisson likelihood: 0.0
CE loss: 0.0
train MSE group_0: 0.0302
train MSE group_1: 0.0441
train MSE group_2: nan
train MSE group_3: nan
CE loss (TEST): 0.0
Experiment 25269
Epoch 0320 [Test seq (cond on sampled tp)] | Loss 203.796906 | Likelihood -203.696808 | KL fp 5.4222 | FP STD 0.2119|
KL coef: 0.9556482944595236
Train loss (one batch): 179.26956176757812
Train CE loss (one batch): 0.0
Test MSE (raw): 0.0415
Test MSE (smoothed with alpha=0.01): 0.1687
New best smoothed test MSE: 0.1687. Saving best model to experiments/experiment_25269_best.ckpt
Test MSE group_0: 0.0252
Test MSE group_1: 0.0582
Test MSE group_2: nan
Test MSE group_3: nan
Poisson likelihood: 0.0
CE loss: 0.0
train MSE group_0: 0.0302
train MSE group_1: 0.0433
train MSE group_2: nan
train MSE group_3: nan
CE loss (TEST): 0.0
Experiment 25269
Epoch 0330 [Test seq (cond on sampled tp)] | Loss 204.354568 | Likelihood -203.855743 | KL fp 5.7822 | FP STD 0.1888|
KL coef: 0.9598891125131245
Train loss (one batch): 177.31089782714844
Train CE loss (one batch): 0.0
Test MSE (raw): 0.0415
Test MSE (smoothed with alpha=0.01): 0.1674
New best smoothed test MSE: 0.1674. Saving best model to experiments/experiment_25269_best.ckpt
Test MSE group_0: 0.0254
Test MSE group_1: 0.0581
Test MSE group_2: nan
Test MSE group_3: nan
Poisson likelihood: 0.0
CE loss: 0.0
train MSE group_0: 0.0291
train MSE group_1: 0.0429
train MSE group_2: nan
train MSE group_3: nan
CE loss (TEST): 0.0
Experiment 25269
Epoch 0340 [Test seq (cond on sampled tp)] | Loss 199.683929 | Likelihood -200.282043 | KL fp 5.5349 | FP STD 0.2025|
KL coef: 0.9637244323441748
Train loss (one batch): 178.1621856689453
Train CE loss (one batch): 0.0
Test MSE (raw): 0.0408
Test MSE (smoothed with alpha=0.01): 0.1662
New best smoothed test MSE: 0.1662. Saving best model to experiments/experiment_25269_best.ckpt
Test MSE group_0: 0.0257
Test MSE group_1: 0.0562
Test MSE group_2: nan
Test MSE group_3: nan
Poisson likelihood: 0.0
CE loss: 0.0
train MSE group_0: 0.0289
train MSE group_1: 0.0441
train MSE group_2: nan
train MSE group_3: nan
CE loss (TEST): 0.0
Experiment 25269
Epoch 0350 [Test seq (cond on sampled tp)] | Loss 199.788727 | Likelihood -198.990372 | KL fp 5.7433 | FP STD 0.1872|
KL coef: 0.9671930268513026
Train loss (one batch): 176.18002319335938
Train CE loss (one batch): 0.0
Test MSE (raw): 0.0405
Test MSE (smoothed with alpha=0.01): 0.1649
New best smoothed test MSE: 0.1649. Saving best model to experiments/experiment_25269_best.ckpt
Test MSE group_0: 0.0251
Test MSE group_1: 0.0564
Test MSE group_2: nan
Test MSE group_3: nan
Poisson likelihood: 0.0
CE loss: 0.0
train MSE group_0: 0.0289
train MSE group_1: 0.0431
train MSE group_2: nan
train MSE group_3: nan
CE loss (TEST): 0.0
Experiment 25269
Epoch 0360 [Test seq (cond on sampled tp)] | Loss 200.714264 | Likelihood -200.242081 | KL fp 5.5652 | FP STD 0.2005|
KL coef: 0.9703299615490228
Train loss (one batch): 175.64529418945312
Train CE loss (one batch): 0.0
Test MSE (raw): 0.0408
Test MSE (smoothed with alpha=0.01): 0.1637
New best smoothed test MSE: 0.1637. Saving best model to experiments/experiment_25269_best.ckpt
Test MSE group_0: 0.0250
Test MSE group_1: 0.0570
Test MSE group_2: nan
Test MSE group_3: nan
Poisson likelihood: 0.0
CE loss: 0.0
train MSE group_0: 0.0289
train MSE group_1: 0.0432
train MSE group_2: nan
train MSE group_3: nan
CE loss (TEST): 0.0
Experiment 25269
Epoch 0370 [Test seq (cond on sampled tp)] | Loss 201.569855 | Likelihood -200.645386 | KL fp 5.5822 | FP STD 0.2041|
KL coef: 0.9731669490601144
Train loss (one batch): 178.1264190673828
Train CE loss (one batch): 0.0
Test MSE (raw): 0.0409
Test MSE (smoothed with alpha=0.01): 0.1624
New best smoothed test MSE: 0.1624. Saving best model to experiments/experiment_25269_best.ckpt
Test MSE group_0: 0.0256
Test MSE group_1: 0.0565
Test MSE group_2: nan
Test MSE group_3: nan
Poisson likelihood: 0.0
CE loss: 0.0
train MSE group_0: 0.0288
train MSE group_1: 0.0446
train MSE group_2: nan
train MSE group_3: nan
CE loss (TEST): 0.0
Experiment 25269
Epoch 0380 [Test seq (cond on sampled tp)] | Loss 200.118256 | Likelihood -201.111603 | KL fp 5.2787 | FP STD 0.2337|
KL coef: 0.9757326697121692
Train loss (one batch): 177.69732666015625
Train CE loss (one batch): 0.0
Test MSE (raw): 0.0410
Test MSE (smoothed with alpha=0.01): 0.1612
New best smoothed test MSE: 0.1612. Saving best model to experiments/experiment_25269_best.ckpt
Test MSE group_0: 0.0251
Test MSE group_1: 0.0572
Test MSE group_2: nan
Test MSE group_3: nan
Poisson likelihood: 0.0
CE loss: 0.0
train MSE group_0: 0.0284
train MSE group_1: 0.0444
train MSE group_2: nan
train MSE group_3: nan
CE loss (TEST): 0.0
Experiment 25269
Epoch 0390 [Test seq (cond on sampled tp)] | Loss 199.253708 | Likelihood -198.207581 | KL fp 5.4798 | FP STD 0.1956|
KL coef: 0.9780530614793677
Train loss (one batch): 175.8309326171875
Train CE loss (one batch): 0.0
Test MSE (raw): 0.0404
Test MSE (smoothed with alpha=0.01): 0.1600
New best smoothed test MSE: 0.1600. Saving best model to experiments/experiment_25269_best.ckpt
Test MSE group_0: 0.0252
Test MSE group_1: 0.0560
Test MSE group_2: nan
Test MSE group_3: nan
Poisson likelihood: 0.0
CE loss: 0.0
train MSE group_0: 0.0289
train MSE group_1: 0.0427
train MSE group_2: nan
train MSE group_3: nan
CE loss (TEST): 0.0
Experiment 25269
Epoch 0400 [Test seq (cond on sampled tp)] | Loss 199.871353 | Likelihood -199.397980 | KL fp 5.3661 | FP STD 0.2071|
KL coef: 0.9801515822006198
Train loss (one batch): 175.6165771484375
Train CE loss (one batch): 0.0
Test MSE (raw): 0.0406
Test MSE (smoothed with alpha=0.01): 0.1588
New best smoothed test MSE: 0.1588. Saving best model to experiments/experiment_25269_best.ckpt
Test MSE group_0: 0.0250
Test MSE group_1: 0.0567
Test MSE group_2: nan
Test MSE group_3: nan
Poisson likelihood: 0.0
CE loss: 0.0
train MSE group_0: 0.0289
train MSE group_1: 0.0430
train MSE group_2: nan
train MSE group_3: nan
CE loss (TEST): 0.0
Experiment 25269
Epoch 0410 [Test seq (cond on sampled tp)] | Loss 196.900803 | Likelihood -195.651840 | KL fp 5.6972 | FP STD 0.1822|
KL coef: 0.9820494467249549
Train loss (one batch): 173.91006469726562
Train CE loss (one batch): 0.0
Test MSE (raw): 0.0399
Test MSE (smoothed with alpha=0.01): 0.1576
New best smoothed test MSE: 0.1576. Saving best model to experiments/experiment_25269_best.ckpt
Test MSE group_0: 0.0246
Test MSE group_1: 0.0555
Test MSE group_2: nan
Test MSE group_3: nan
Poisson likelihood: 0.0
CE loss: 0.0
train MSE group_0: 0.0279
train MSE group_1: 0.0430
train MSE group_2: nan
train MSE group_3: nan
CE loss (TEST): 0.0
Experiment 25269
Epoch 0420 [Test seq (cond on sampled tp)] | Loss 195.789642 | Likelihood -195.493896 | KL fp 5.3177 | FP STD 0.1990|
KL coef: 0.9837658413815585
Train loss (one batch): 174.96287536621094
Train CE loss (one batch): 0.0
Test MSE (raw): 0.0398
Test MSE (smoothed with alpha=0.01): 0.1564
New best smoothed test MSE: 0.1564. Saving best model to experiments/experiment_25269_best.ckpt
Test MSE group_0: 0.0248
Test MSE group_1: 0.0553
Test MSE group_2: nan
Test MSE group_3: nan
Poisson likelihood: 0.0
CE loss: 0.0
train MSE group_0: 0.0289
train MSE group_1: 0.0425
train MSE group_2: nan
train MSE group_3: nan
CE loss (TEST): 0.0
Experiment 25269
Epoch 0430 [Test seq (cond on sampled tp)] | Loss 195.710876 | Likelihood -195.231201 | KL fp 5.5344 | FP STD 0.1858|
KL coef: 0.9853181179426319
Train loss (one batch): 171.93017578125
Train CE loss (one batch): 0.0
Test MSE (raw): 0.0398
Test MSE (smoothed with alpha=0.01): 0.1553
New best smoothed test MSE: 0.1553. Saving best model to experiments/experiment_25269_best.ckpt
Test MSE group_0: 0.0243
Test MSE group_1: 0.0556
Test MSE group_2: nan
Test MSE group_3: nan
Poisson likelihood: 0.0
CE loss: 0.0
train MSE group_0: 0.0278
train MSE group_1: 0.0426
train MSE group_2: nan
train MSE group_3: nan
CE loss (TEST): 0.0
Experiment 25269
Epoch 0440 [Test seq (cond on sampled tp)] | Loss 200.632675 | Likelihood -201.168304 | KL fp 5.2329 | FP STD 0.1945|
KL coef: 0.9867219690399229
Train loss (one batch): 175.87255859375
Train CE loss (one batch): 0.0
Test MSE (raw): 0.0410
Test MSE (smoothed with alpha=0.01): 0.1541
New best smoothed test MSE: 0.1541. Saving best model to experiments/experiment_25269_best.ckpt
Test MSE group_0: 0.0252
Test MSE group_1: 0.0572
Test MSE group_2: nan
Test MSE group_3: nan
Poisson likelihood: 0.0
CE loss: 0.0
train MSE group_0: 0.0287
train MSE group_1: 0.0429
train MSE group_2: nan
train MSE group_3: nan
CE loss (TEST): 0.0
Experiment 25269
Epoch 0450 [Test seq (cond on sampled tp)] | Loss 197.818481 | Likelihood -196.628387 | KL fp 5.5306 | FP STD 0.1984|
KL coef: 0.9879915868082944
Train loss (one batch): 173.52377319335938
Train CE loss (one batch): 0.0
Test MSE (raw): 0.0401
Test MSE (smoothed with alpha=0.01): 0.1530
New best smoothed test MSE: 0.1530. Saving best model to experiments/experiment_25269_best.ckpt
Test MSE group_0: 0.0252
Test MSE group_1: 0.0551
Test MSE group_2: nan
Test MSE group_3: nan
Poisson likelihood: 0.0
CE loss: 0.0
train MSE group_0: 0.0288
train MSE group_1: 0.0421
train MSE group_2: nan
train MSE group_3: nan
CE loss (TEST): 0.0
Experiment 25269
Epoch 0460 [Test seq (cond on sampled tp)] | Loss 195.993561 | Likelihood -194.060135 | KL fp 5.5151 | FP STD 0.1915|
KL coef: 0.9891398063601221
Train loss (one batch): 176.71987915039062
Train CE loss (one batch): 0.0
Test MSE (raw): 0.0395
Test MSE (smoothed with alpha=0.01): 0.1519
New best smoothed test MSE: 0.1519. Saving best model to experiments/experiment_25269_best.ckpt
Test MSE group_0: 0.0242
Test MSE group_1: 0.0553
Test MSE group_2: nan
Test MSE group_3: nan
Poisson likelihood: 0.0
CE loss: 0.0
train MSE group_0: 0.0298
train MSE group_1: 0.0419
train MSE group_2: nan
train MSE group_3: nan
CE loss (TEST): 0.0
