/Users/benjaminmaurel/Documents/Training_Sanofi/notebooks_hands_on/latent_ode/run_models.py
run_models.py --niters 3000 -n 200 -s 40 -l 10 --dataset PK_Tacro --latent-ode --noise-weight 0.01 --max-t 5. --seed 10 --experiment 18781
Experiment 18781
Epoch 1000 [Test seq (cond on sampled tp)] | Loss 220.857330 | Likelihood -218.081207 | KL fp 7.5862 | FP STD 0.1627|
KL coef: 0.9999522643707747
Train loss (one batch): 232.6409149169922
Train CE loss (one batch): 0.0
Test MSE (raw): 0.0444
Test MSE (smoothed with alpha=0.01): 0.0444
New best smoothed test MSE: 0.0444. Saving best model to experiments/experiment_18781_best.ckpt
Test MSE group_0: 0.0420
Test MSE group_1: 0.0466
Test MSE group_2: nan
Test MSE group_3: nan
Poisson likelihood: 0.0
CE loss: 0.0
train MSE group_0: 0.0484
train MSE group_1: 0.0445
train MSE group_2: nan
train MSE group_3: nan
CE loss (TEST): 0.0
Experiment 18781
Epoch 2000 [Test seq (cond on sampled tp)] | Loss 178.929428 | Likelihood -174.163773 | KL fp 7.5255 | FP STD 0.0854|
KL coef: 0.9999999979391934
Train loss (one batch): 182.74594116210938
Train CE loss (one batch): 0.0
Test MSE (raw): 0.0356
Test MSE (smoothed with alpha=0.01): 0.0443
New best smoothed test MSE: 0.0443. Saving best model to experiments/experiment_18781_best.ckpt
Test MSE group_0: 0.0328
Test MSE group_1: 0.0381
Test MSE group_2: nan
Test MSE group_3: nan
Poisson likelihood: 0.0
CE loss: 0.0
train MSE group_0: 0.0378
train MSE group_1: 0.0347
train MSE group_2: nan
train MSE group_3: nan
CE loss (TEST): 0.0
Experiment 18781
Epoch 3000 [Test seq (cond on sampled tp)] | Loss 175.783813 | Likelihood -171.966400 | KL fp 7.1816 | FP STD 0.0948|
KL coef: 0.9999999999999111
Train loss (one batch): 175.94094848632812
Train CE loss (one batch): 0.0
Test MSE (raw): 0.0351
Test MSE (smoothed with alpha=0.01): 0.0442
New best smoothed test MSE: 0.0442. Saving best model to experiments/experiment_18781_best.ckpt
Test MSE group_0: 0.0327
Test MSE group_1: 0.0373
Test MSE group_2: nan
Test MSE group_3: nan
Poisson likelihood: 0.0
CE loss: 0.0
train MSE group_0: 0.0365
train MSE group_1: 0.0335
train MSE group_2: nan
train MSE group_3: nan
CE loss (TEST): 0.0
