/Users/benjaminmaurel/Documents/Training_Sanofi/notebooks_hands_on/latent_ode/run_models.py
run_models.py --niters 3000 -n 200 -s 40 -l 10 --dataset PK_Tacro --latent-ode --noise-weight 0.01 --max-t 5. --seed 138 --experiment 18121
Experiment 18121
Epoch 1000 [Test seq (cond on sampled tp)] | Loss 182.871887 | Likelihood -180.897461 | KL fp 6.1459 | FP STD 0.1638|
KL coef: 0.9999522643707747
Train loss (one batch): 180.78062438964844
Train CE loss (one batch): 0.0
Test MSE (raw): 0.0369
Test MSE (smoothed with alpha=0.01): 0.0369
New best smoothed test MSE: 0.0369. Saving best model to experiments/experiment_18121_best.ckpt
Test MSE group_0: 0.0316
Test MSE group_1: 0.0421
Test MSE group_2: nan
Test MSE group_3: nan
Poisson likelihood: 0.0
CE loss: 0.0
train MSE group_0: 0.0313
train MSE group_1: 0.0418
train MSE group_2: nan
train MSE group_3: nan
CE loss (TEST): 0.0
Experiment 18121
Epoch 2000 [Test seq (cond on sampled tp)] | Loss 146.880981 | Likelihood -143.809814 | KL fp 5.8173 | FP STD 0.1019|
KL coef: 0.9999999979391934
Train loss (one batch): 143.0159912109375
Train CE loss (one batch): 0.0
Test MSE (raw): 0.0295
Test MSE (smoothed with alpha=0.01): 0.0368
New best smoothed test MSE: 0.0368. Saving best model to experiments/experiment_18121_best.ckpt
Test MSE group_0: 0.0265
Test MSE group_1: 0.0324
Test MSE group_2: nan
Test MSE group_3: nan
Poisson likelihood: 0.0
CE loss: 0.0
train MSE group_0: 0.0255
train MSE group_1: 0.0320
train MSE group_2: nan
train MSE group_3: nan
CE loss (TEST): 0.0
Experiment 18121
Epoch 3000 [Test seq (cond on sampled tp)] | Loss 145.421936 | Likelihood -142.779282 | KL fp 5.4029 | FP STD 0.0969|
KL coef: 0.9999999999999111
Train loss (one batch): 137.43667602539062
Train CE loss (one batch): 0.0
Test MSE (raw): 0.0293
Test MSE (smoothed with alpha=0.01): 0.0368
New best smoothed test MSE: 0.0368. Saving best model to experiments/experiment_18121_best.ckpt
Test MSE group_0: 0.0264
Test MSE group_1: 0.0321
Test MSE group_2: nan
Test MSE group_3: nan
Poisson likelihood: 0.0
CE loss: 0.0
train MSE group_0: 0.0251
train MSE group_1: 0.0302
train MSE group_2: nan
train MSE group_3: nan
CE loss (TEST): 0.0
