/Users/benjaminmaurel/Documents/Training_Sanofi/notebooks_hands_on/latent_ode/run_models.py
run_models.py --niters 3000 -n 200 -s 40 -l 10 --dataset PK_Tacro --latent-ode --noise-weight 0.01 --max-t 5. --seed 1 --experiment 38589
Experiment 38589
Epoch 1000 [Test seq (cond on sampled tp)] | Loss 103.440697 | Likelihood -103.755737 | KL fp 4.4613 | FP STD 0.2784|
KL coef: 0.9999522643707747
Train loss (one batch): 108.53955841064453
Train CE loss (one batch): 0.0
Test MSE (raw): 0.0215
Test MSE (smoothed with alpha=0.01): 0.0215
New best smoothed test MSE: 0.0215. Saving best model to experiments/experiment_38589_best.ckpt
Test MSE group_0: 0.0117
Test MSE group_1: 0.0313
Test MSE group_2: nan
Test MSE group_3: nan
Poisson likelihood: 0.0
CE loss: 0.0
train MSE group_0: 0.0137
train MSE group_1: 0.0314
train MSE group_2: nan
train MSE group_3: nan
CE loss (TEST): 0.0
Experiment 38589
Epoch 2000 [Test seq (cond on sampled tp)] | Loss 59.836678 | Likelihood -57.836571 | KL fp 4.8415 | FP STD 0.2557|
KL coef: 0.9999999979391934
Train loss (one batch): 55.54086685180664
Train CE loss (one batch): 0.0
Test MSE (raw): 0.0123
Test MSE (smoothed with alpha=0.01): 0.0214
New best smoothed test MSE: 0.0214. Saving best model to experiments/experiment_38589_best.ckpt
Test MSE group_0: 0.0079
Test MSE group_1: 0.0167
Test MSE group_2: nan
Test MSE group_3: nan
Poisson likelihood: 0.0
CE loss: 0.0
train MSE group_0: 0.0069
train MSE group_1: 0.0160
train MSE group_2: nan
train MSE group_3: nan
CE loss (TEST): 0.0
Experiment 38589
Epoch 3000 [Test seq (cond on sampled tp)] | Loss 47.691936 | Likelihood -45.472687 | KL fp 4.6285 | FP STD 0.2436|
KL coef: 0.9999999999999111
Train loss (one batch): 45.687957763671875
Train CE loss (one batch): 0.0
Test MSE (raw): 0.0098
Test MSE (smoothed with alpha=0.01): 0.0213
New best smoothed test MSE: 0.0213. Saving best model to experiments/experiment_38589_best.ckpt
Test MSE group_0: 0.0058
Test MSE group_1: 0.0139
Test MSE group_2: nan
Test MSE group_3: nan
Poisson likelihood: 0.0
CE loss: 0.0
train MSE group_0: 0.0051
train MSE group_1: 0.0140
train MSE group_2: nan
train MSE group_3: nan
CE loss (TEST): 0.0
