/Users/benjaminmaurel/Documents/Training_Sanofi/notebooks_hands_on/latent_ode/run_models.py
run_models.py --niters 3000 -n 200 -s 40 -l 10 --dataset PK_Tacro --latent-ode --noise-weight 0.01 --max-t 5. --seed 1 --experiment 16092
Experiment 16092
Epoch 0010 [Test seq (cond on sampled tp)] | Loss 2768.533691 | Likelihood -2870.166992 | KL fp 1.6628 | FP STD 0.8439|
KL coef: 0.0
Train loss (one batch): 3828.508056640625
Train CE loss (one batch): 0.0
Test MSE (raw): 0.5748
Test MSE (smoothed with alpha=0.01): 0.5748
New best smoothed test MSE: 0.5748. Saving best model to experiments/experiment_16092_best.ckpt
Test MSE group_0: 0.7119
Test MSE group_1: 0.4287
Test MSE group_2: nan
Test MSE group_3: nan
Poisson likelihood: 0.0
CE loss: 0.0
train MSE group_0: 0.8575
train MSE group_1: 0.6119
train MSE group_2: nan
train MSE group_3: nan
CE loss (TEST): 0.0
Experiment 16092
Epoch 0020 [Test seq (cond on sampled tp)] | Loss 1395.502808 | Likelihood -1427.999146 | KL fp 6.3938 | FP STD 0.4076|
KL coef: 0.09561792499119559
Train loss (one batch): 1181.307861328125
Train CE loss (one batch): 0.0
Test MSE (raw): 0.2863
Test MSE (smoothed with alpha=0.01): 0.5719
New best smoothed test MSE: 0.5719. Saving best model to experiments/experiment_16092_best.ckpt
Test MSE group_0: 0.1931
Test MSE group_1: 0.3616
Test MSE group_2: nan
Test MSE group_3: nan
Poisson likelihood: 0.0
CE loss: 0.0
train MSE group_0: 0.2103
train MSE group_1: 0.3001
train MSE group_2: nan
train MSE group_3: nan
CE loss (TEST): 0.0
Experiment 16092
Epoch 0030 [Test seq (cond on sampled tp)] | Loss 840.548584 | Likelihood -860.058105 | KL fp 5.8160 | FP STD 0.3161|
KL coef: 0.18209306240276923
Train loss (one batch): 725.9501342773438
Train CE loss (one batch): 0.0
Test MSE (raw): 0.1727
Test MSE (smoothed with alpha=0.01): 0.5679
New best smoothed test MSE: 0.5679. Saving best model to experiments/experiment_16092_best.ckpt
Test MSE group_0: 0.1482
Test MSE group_1: 0.1821
Test MSE group_2: nan
Test MSE group_3: nan
Poisson likelihood: 0.0
CE loss: 0.0
train MSE group_0: 0.1503
train MSE group_1: 0.1440
train MSE group_2: nan
train MSE group_3: nan
CE loss (TEST): 0.0
Experiment 16092
Epoch 0040 [Test seq (cond on sampled tp)] | Loss 803.049500 | Likelihood -823.996826 | KL fp 6.7676 | FP STD 0.2325|
KL coef: 0.2602996266117198
Train loss (one batch): 691.7578125
Train CE loss (one batch): 0.0
Test MSE (raw): 0.1655
Test MSE (smoothed with alpha=0.01): 0.5639
New best smoothed test MSE: 0.5639. Saving best model to experiments/experiment_16092_best.ckpt
Test MSE group_0: 0.1304
Test MSE group_1: 0.1860
Test MSE group_2: nan
Test MSE group_3: nan
Poisson likelihood: 0.0
CE loss: 0.0
train MSE group_0: 0.1418
train MSE group_1: 0.1386
train MSE group_2: nan
train MSE group_3: nan
CE loss (TEST): 0.0
Experiment 16092
Epoch 0050 [Test seq (cond on sampled tp)] | Loss 788.629028 | Likelihood -799.780457 | KL fp 7.1594 | FP STD 0.1484|
KL coef: 0.3310282414303197
Train loss (one batch): 634.9110717773438
Train CE loss (one batch): 0.0
Test MSE (raw): 0.1607
Test MSE (smoothed with alpha=0.01): 0.5598
New best smoothed test MSE: 0.5598. Saving best model to experiments/experiment_16092_best.ckpt
Test MSE group_0: 0.1159
Test MSE group_1: 0.1914
Test MSE group_2: nan
Test MSE group_3: nan
Poisson likelihood: 0.0
CE loss: 0.0
train MSE group_0: 0.1246
train MSE group_1: 0.1391
train MSE group_2: nan
train MSE group_3: nan
CE loss (TEST): 0.0
Experiment 16092
Epoch 0060 [Test seq (cond on sampled tp)] | Loss 726.938721 | Likelihood -756.942749 | KL fp 6.1793 | FP STD 0.2414|
KL coef: 0.39499393286246365
Train loss (one batch): 613.5808715820312
Train CE loss (one batch): 0.0
Test MSE (raw): 0.1521
Test MSE (smoothed with alpha=0.01): 0.5558
New best smoothed test MSE: 0.5558. Saving best model to experiments/experiment_16092_best.ckpt
Test MSE group_0: 0.1135
Test MSE group_1: 0.1788
Test MSE group_2: nan
Test MSE group_3: nan
Poisson likelihood: 0.0
CE loss: 0.0
train MSE group_0: 0.1201
train MSE group_1: 0.1314
train MSE group_2: nan
train MSE group_3: nan
CE loss (TEST): 0.0
Experiment 16092
Epoch 0070 [Test seq (cond on sampled tp)] | Loss 688.726624 | Likelihood -702.150513 | KL fp 5.9775 | FP STD 0.2040|
KL coef: 0.4528433576092388
Train loss (one batch): 575.3729858398438
Train CE loss (one batch): 0.0
Test MSE (raw): 0.1412
Test MSE (smoothed with alpha=0.01): 0.5516
New best smoothed test MSE: 0.5516. Saving best model to experiments/experiment_16092_best.ckpt
Test MSE group_0: 0.1035
Test MSE group_1: 0.1672
Test MSE group_2: nan
Test MSE group_3: nan
Poisson likelihood: 0.0
CE loss: 0.0
train MSE group_0: 0.1129
train MSE group_1: 0.1226
train MSE group_2: nan
train MSE group_3: nan
CE loss (TEST): 0.0
Experiment 16092
Epoch 0080 [Test seq (cond on sampled tp)] | Loss 585.038025 | Likelihood -593.231995 | KL fp 6.1579 | FP STD 0.1974|
KL coef: 0.505161340399793
Train loss (one batch): 480.3671875
Train CE loss (one batch): 0.0
Test MSE (raw): 0.1194
Test MSE (smoothed with alpha=0.01): 0.5473
New best smoothed test MSE: 0.5473. Saving best model to experiments/experiment_16092_best.ckpt
Test MSE group_0: 0.0893
Test MSE group_1: 0.1384
Test MSE group_2: nan
Test MSE group_3: nan
Poisson likelihood: 0.0
CE loss: 0.0
train MSE group_0: 0.0984
train MSE group_1: 0.1038
train MSE group_2: nan
train MSE group_3: nan
CE loss (TEST): 0.0
Experiment 16092
Epoch 0090 [Test seq (cond on sampled tp)] | Loss 353.886902 | Likelihood -359.727692 | KL fp 5.2363 | FP STD 0.2660|
KL coef: 0.5524767862361895
Train loss (one batch): 309.5122375488281
Train CE loss (one batch): 0.0
Test MSE (raw): 0.0727
Test MSE (smoothed with alpha=0.01): 0.5425
New best smoothed test MSE: 0.5425. Saving best model to experiments/experiment_16092_best.ckpt
Test MSE group_0: 0.0477
Test MSE group_1: 0.0907
Test MSE group_2: nan
Test MSE group_3: nan
Poisson likelihood: 0.0
CE loss: 0.0
train MSE group_0: 0.0589
train MSE group_1: 0.0713
train MSE group_2: nan
train MSE group_3: nan
CE loss (TEST): 0.0
Experiment 16092
Epoch 0100 [Test seq (cond on sampled tp)] | Loss 322.502380 | Likelihood -335.731812 | KL fp 4.8072 | FP STD 0.3258|
KL coef: 0.5952680273216762
Train loss (one batch): 234.07525634765625
Train CE loss (one batch): 0.0
Test MSE (raw): 0.0679
Test MSE (smoothed with alpha=0.01): 0.5378
New best smoothed test MSE: 0.5378. Saving best model to experiments/experiment_16092_best.ckpt
Test MSE group_0: 0.0344
Test MSE group_1: 0.0970
Test MSE group_2: nan
Test MSE group_3: nan
Poisson likelihood: 0.0
CE loss: 0.0
train MSE group_0: 0.0431
train MSE group_1: 0.0560
train MSE group_2: nan
train MSE group_3: nan
CE loss (TEST): 0.0
Experiment 16092
Epoch 0110 [Test seq (cond on sampled tp)] | Loss 255.451096 | Likelihood -259.803070 | KL fp 5.1859 | FP STD 0.2286|
KL coef: 0.6339676587267709
Train loss (one batch): 197.7242889404297
Train CE loss (one batch): 0.0
Test MSE (raw): 0.0527
Test MSE (smoothed with alpha=0.01): 0.5330
New best smoothed test MSE: 0.5330. Saving best model to experiments/experiment_16092_best.ckpt
Test MSE group_0: 0.0321
Test MSE group_1: 0.0686
Test MSE group_2: nan
Test MSE group_3: nan
Poisson likelihood: 0.0
CE loss: 0.0
train MSE group_0: 0.0345
train MSE group_1: 0.0507
train MSE group_2: nan
train MSE group_3: nan
CE loss (TEST): 0.0
Experiment 16092
Epoch 0120 [Test seq (cond on sampled tp)] | Loss 247.644592 | Likelihood -250.885513 | KL fp 5.0962 | FP STD 0.2064|
KL coef: 0.6689669116789861
Train loss (one batch): 189.68661499023438
Train CE loss (one batch): 0.0
Test MSE (raw): 0.0509
Test MSE (smoothed with alpha=0.01): 0.5281
New best smoothed test MSE: 0.5281. Saving best model to experiments/experiment_16092_best.ckpt
Test MSE group_0: 0.0322
Test MSE group_1: 0.0652
Test MSE group_2: nan
Test MSE group_3: nan
Poisson likelihood: 0.0
CE loss: 0.0
train MSE group_0: 0.0331
train MSE group_1: 0.0495
train MSE group_2: nan
train MSE group_3: nan
CE loss (TEST): 0.0
Experiment 16092
Epoch 0130 [Test seq (cond on sampled tp)] | Loss 261.833954 | Likelihood -265.517700 | KL fp 5.6509 | FP STD 0.1731|
KL coef: 0.7006196086876687
Train loss (one batch): 215.0519561767578
Train CE loss (one batch): 0.0
Test MSE (raw): 0.0538
Test MSE (smoothed with alpha=0.01): 0.5234
New best smoothed test MSE: 0.5234. Saving best model to experiments/experiment_16092_best.ckpt
Test MSE group_0: 0.0314
Test MSE group_1: 0.0724
Test MSE group_2: nan
Test MSE group_3: nan
Poisson likelihood: 0.0
CE loss: 0.0
train MSE group_0: 0.0391
train MSE group_1: 0.0515
train MSE group_2: nan
train MSE group_3: nan
CE loss (TEST): 0.0
Experiment 16092
Epoch 0140 [Test seq (cond on sampled tp)] | Loss 234.473022 | Likelihood -236.029907 | KL fp 5.2575 | FP STD 0.1565|
KL coef: 0.729245740488006
Train loss (one batch): 171.28883361816406
Train CE loss (one batch): 0.0
Test MSE (raw): 0.0479
Test MSE (smoothed with alpha=0.01): 0.5186
New best smoothed test MSE: 0.5186. Saving best model to experiments/experiment_16092_best.ckpt
Test MSE group_0: 0.0274
Test MSE group_1: 0.0642
Test MSE group_2: nan
Test MSE group_3: nan
Poisson likelihood: 0.0
CE loss: 0.0
train MSE group_0: 0.0295
train MSE group_1: 0.0448
train MSE group_2: nan
train MSE group_3: nan
CE loss (TEST): 0.0
Experiment 16092
Epoch 0150 [Test seq (cond on sampled tp)] | Loss 223.767914 | Likelihood -225.268127 | KL fp 5.3169 | FP STD 0.1633|
KL coef: 0.7551347009650705
Train loss (one batch): 167.2478485107422
Train CE loss (one batch): 0.0
Test MSE (raw): 0.0458
Test MSE (smoothed with alpha=0.01): 0.5139
New best smoothed test MSE: 0.5139. Saving best model to experiments/experiment_16092_best.ckpt
Test MSE group_0: 0.0255
Test MSE group_1: 0.0619
Test MSE group_2: nan
Test MSE group_3: nan
Poisson likelihood: 0.0
CE loss: 0.0
train MSE group_0: 0.0287
train MSE group_1: 0.0435
train MSE group_2: nan
train MSE group_3: nan
CE loss (TEST): 0.0
Experiment 16092
Epoch 0160 [Test seq (cond on sampled tp)] | Loss 230.747742 | Likelihood -230.956009 | KL fp 5.5426 | FP STD 0.1453|
KL coef: 0.7785482127611391
Train loss (one batch): 170.93809509277344
Train CE loss (one batch): 0.0
Test MSE (raw): 0.0469
Test MSE (smoothed with alpha=0.01): 0.5092
New best smoothed test MSE: 0.5092. Saving best model to experiments/experiment_16092_best.ckpt
Test MSE group_0: 0.0259
Test MSE group_1: 0.0636
Test MSE group_2: nan
Test MSE group_3: nan
Poisson likelihood: 0.0
CE loss: 0.0
train MSE group_0: 0.0288
train MSE group_1: 0.0452
train MSE group_2: nan
train MSE group_3: nan
CE loss (TEST): 0.0
Experiment 16092
Epoch 0170 [Test seq (cond on sampled tp)] | Loss 226.636261 | Likelihood -226.879486 | KL fp 5.4523 | FP STD 0.1331|
KL coef: 0.7997229731425107
Train loss (one batch): 167.15858459472656
Train CE loss (one batch): 0.0
Test MSE (raw): 0.0461
Test MSE (smoothed with alpha=0.01): 0.5046
New best smoothed test MSE: 0.5046. Saving best model to experiments/experiment_16092_best.ckpt
Test MSE group_0: 0.0250
Test MSE group_1: 0.0631
Test MSE group_2: nan
Test MSE group_3: nan
Poisson likelihood: 0.0
CE loss: 0.0
train MSE group_0: 0.0284
train MSE group_1: 0.0442
train MSE group_2: nan
train MSE group_3: nan
CE loss (TEST): 0.0
Experiment 16092
Epoch 0180 [Test seq (cond on sampled tp)] | Loss 228.368256 | Likelihood -232.175629 | KL fp 5.0001 | FP STD 0.1929|
KL coef: 0.8188730468740297
Train loss (one batch): 172.24404907226562
Train CE loss (one batch): 0.0
Test MSE (raw): 0.0472
Test MSE (smoothed with alpha=0.01): 0.5000
New best smoothed test MSE: 0.5000. Saving best model to experiments/experiment_16092_best.ckpt
Test MSE group_0: 0.0275
Test MSE group_1: 0.0627
Test MSE group_2: nan
Test MSE group_3: nan
Poisson likelihood: 0.0
CE loss: 0.0
train MSE group_0: 0.0300
train MSE group_1: 0.0434
train MSE group_2: nan
train MSE group_3: nan
CE loss (TEST): 0.0
Experiment 16092
Epoch 0190 [Test seq (cond on sampled tp)] | Loss 269.360596 | Likelihood -274.236450 | KL fp 4.8704 | FP STD 0.1964|
KL coef: 0.8361920302919126
Train loss (one batch): 199.5331573486328
Train CE loss (one batch): 0.0
Test MSE (raw): 0.0556
Test MSE (smoothed with alpha=0.01): 0.4956
New best smoothed test MSE: 0.4956. Saving best model to experiments/experiment_16092_best.ckpt
Test MSE group_0: 0.0341
Test MSE group_1: 0.0725
Test MSE group_2: nan
Test MSE group_3: nan
Poisson likelihood: 0.0
CE loss: 0.0
train MSE group_0: 0.0346
train MSE group_1: 0.0515
train MSE group_2: nan
train MSE group_3: nan
CE loss (TEST): 0.0
Experiment 16092
Epoch 0200 [Test seq (cond on sampled tp)] | Loss 259.337982 | Likelihood -266.661987 | KL fp 4.8954 | FP STD 0.2154|
KL coef: 0.8518550084524206
Train loss (one batch): 191.40467834472656
Train CE loss (one batch): 0.0
Test MSE (raw): 0.0541
Test MSE (smoothed with alpha=0.01): 0.4912
New best smoothed test MSE: 0.4912. Saving best model to experiments/experiment_16092_best.ckpt
Test MSE group_0: 0.0353
Test MSE group_1: 0.0687
Test MSE group_2: nan
Test MSE group_3: nan
Poisson likelihood: 0.0
CE loss: 0.0
train MSE group_0: 0.0336
train MSE group_1: 0.0482
train MSE group_2: nan
train MSE group_3: nan
CE loss (TEST): 0.0
Experiment 16092
Epoch 0210 [Test seq (cond on sampled tp)] | Loss 242.471558 | Likelihood -246.507263 | KL fp 4.9988 | FP STD 0.1884|
KL coef: 0.8660203251420383
Train loss (one batch): 188.6695098876953
Train CE loss (one batch): 0.0
Test MSE (raw): 0.0500
Test MSE (smoothed with alpha=0.01): 0.4868
New best smoothed test MSE: 0.4868. Saving best model to experiments/experiment_16092_best.ckpt
Test MSE group_0: 0.0294
Test MSE group_1: 0.0663
Test MSE group_2: nan
Test MSE group_3: nan
Poisson likelihood: 0.0
CE loss: 0.0
train MSE group_0: 0.0332
train MSE group_1: 0.0469
train MSE group_2: nan
train MSE group_3: nan
CE loss (TEST): 0.0
Experiment 16092
Epoch 0220 [Test seq (cond on sampled tp)] | Loss 223.397064 | Likelihood -222.622849 | KL fp 5.1782 | FP STD 0.1677|
KL coef: 0.8788311836429517
Train loss (one batch): 167.3458709716797
Train CE loss (one batch): 0.0
Test MSE (raw): 0.0453
Test MSE (smoothed with alpha=0.01): 0.4823
New best smoothed test MSE: 0.4823. Saving best model to experiments/experiment_16092_best.ckpt
Test MSE group_0: 0.0246
Test MSE group_1: 0.0618
Test MSE group_2: nan
Test MSE group_3: nan
Poisson likelihood: 0.0
CE loss: 0.0
train MSE group_0: 0.0282
train MSE group_1: 0.0437
train MSE group_2: nan
train MSE group_3: nan
CE loss (TEST): 0.0
Experiment 16092
Epoch 0230 [Test seq (cond on sampled tp)] | Loss 220.225632 | Likelihood -219.506653 | KL fp 5.3088 | FP STD 0.1559|
KL coef: 0.8904170944366518
Train loss (one batch): 163.3769989013672
Train CE loss (one batch): 0.0
Test MSE (raw): 0.0446
Test MSE (smoothed with alpha=0.01): 0.4780
New best smoothed test MSE: 0.4780. Saving best model to experiments/experiment_16092_best.ckpt
Test MSE group_0: 0.0242
Test MSE group_1: 0.0609
Test MSE group_2: nan
Test MSE group_3: nan
Poisson likelihood: 0.0
CE loss: 0.0
train MSE group_0: 0.0274
train MSE group_1: 0.0427
train MSE group_2: nan
train MSE group_3: nan
CE loss (TEST): 0.0
Experiment 16092
Epoch 0240 [Test seq (cond on sampled tp)] | Loss 217.590210 | Likelihood -217.224777 | KL fp 5.3244 | FP STD 0.1647|
KL coef: 0.9008951844811254
Train loss (one batch): 162.35610961914062
Train CE loss (one batch): 0.0
Test MSE (raw): 0.0442
Test MSE (smoothed with alpha=0.01): 0.4736
New best smoothed test MSE: 0.4736. Saving best model to experiments/experiment_16092_best.ckpt
Test MSE group_0: 0.0240
Test MSE group_1: 0.0603
Test MSE group_2: nan
Test MSE group_3: nan
Poisson likelihood: 0.0
CE loss: 0.0
train MSE group_0: 0.0275
train MSE group_1: 0.0423
train MSE group_2: nan
train MSE group_3: nan
CE loss (TEST): 0.0
Experiment 16092
Epoch 0250 [Test seq (cond on sampled tp)] | Loss 221.671356 | Likelihood -222.309311 | KL fp 5.0781 | FP STD 0.1811|
KL coef: 0.9103713812976754
Train loss (one batch): 162.38320922851562
Train CE loss (one batch): 0.0
Test MSE (raw): 0.0452
Test MSE (smoothed with alpha=0.01): 0.4693
New best smoothed test MSE: 0.4693. Saving best model to experiments/experiment_16092_best.ckpt
Test MSE group_0: 0.0243
Test MSE group_1: 0.0620
Test MSE group_2: nan
Test MSE group_3: nan
Poisson likelihood: 0.0
CE loss: 0.0
train MSE group_0: 0.0268
train MSE group_1: 0.0435
train MSE group_2: nan
train MSE group_3: nan
CE loss (TEST): 0.0
Experiment 16092
Epoch 0260 [Test seq (cond on sampled tp)] | Loss 219.458862 | Likelihood -220.784271 | KL fp 5.1040 | FP STD 0.1801|
KL coef: 0.9189414838378187
Train loss (one batch): 160.0958251953125
Train CE loss (one batch): 0.0
Test MSE (raw): 0.0449
Test MSE (smoothed with alpha=0.01): 0.4651
New best smoothed test MSE: 0.4651. Saving best model to experiments/experiment_16092_best.ckpt
Test MSE group_0: 0.0244
Test MSE group_1: 0.0612
Test MSE group_2: nan
Test MSE group_3: nan
Poisson likelihood: 0.0
CE loss: 0.0
train MSE group_0: 0.0268
train MSE group_1: 0.0425
train MSE group_2: nan
train MSE group_3: nan
CE loss (TEST): 0.0
Experiment 16092
Epoch 0270 [Test seq (cond on sampled tp)] | Loss 214.165100 | Likelihood -214.121490 | KL fp 5.5227 | FP STD 0.1423|
KL coef: 0.9266921309561118
Train loss (one batch): 159.3650665283203
Train CE loss (one batch): 0.0
Test MSE (raw): 0.0436
Test MSE (smoothed with alpha=0.01): 0.4609
New best smoothed test MSE: 0.4609. Saving best model to experiments/experiment_16092_best.ckpt
Test MSE group_0: 0.0234
Test MSE group_1: 0.0596
Test MSE group_2: nan
Test MSE group_3: nan
Poisson likelihood: 0.0
CE loss: 0.0
train MSE group_0: 0.0266
train MSE group_1: 0.0418
train MSE group_2: nan
train MSE group_3: nan
CE loss (TEST): 0.0
Experiment 16092
Epoch 0280 [Test seq (cond on sampled tp)] | Loss 215.901932 | Likelihood -216.432205 | KL fp 5.1629 | FP STD 0.1473|
KL coef: 0.9337016772796147
Train loss (one batch): 163.33033752441406
Train CE loss (one batch): 0.0
Test MSE (raw): 0.0440
Test MSE (smoothed with alpha=0.01): 0.4567
New best smoothed test MSE: 0.4567. Saving best model to experiments/experiment_16092_best.ckpt
Test MSE group_0: 0.0238
Test MSE group_1: 0.0600
Test MSE group_2: nan
Test MSE group_3: nan
Poisson likelihood: 0.0
CE loss: 0.0
train MSE group_0: 0.0279
train MSE group_1: 0.0427
train MSE group_2: nan
train MSE group_3: nan
CE loss (TEST): 0.0
Experiment 16092
Epoch 0290 [Test seq (cond on sampled tp)] | Loss 213.173798 | Likelihood -212.473465 | KL fp 5.2094 | FP STD 0.1422|
KL coef: 0.9400409853285345
Train loss (one batch): 158.66200256347656
Train CE loss (one batch): 0.0
Test MSE (raw): 0.0432
Test MSE (smoothed with alpha=0.01): 0.4526
New best smoothed test MSE: 0.4526. Saving best model to experiments/experiment_16092_best.ckpt
Test MSE group_0: 0.0235
Test MSE group_1: 0.0589
Test MSE group_2: nan
Test MSE group_3: nan
Poisson likelihood: 0.0
CE loss: 0.0
train MSE group_0: 0.0264
train MSE group_1: 0.0418
train MSE group_2: nan
train MSE group_3: nan
CE loss (TEST): 0.0
Experiment 16092
Epoch 0300 [Test seq (cond on sampled tp)] | Loss 217.364441 | Likelihood -218.696274 | KL fp 5.1627 | FP STD 0.1636|
KL coef: 0.9457741418959368
Train loss (one batch): 161.78213500976562
Train CE loss (one batch): 0.0
Test MSE (raw): 0.0445
Test MSE (smoothed with alpha=0.01): 0.4485
New best smoothed test MSE: 0.4485. Saving best model to experiments/experiment_16092_best.ckpt
Test MSE group_0: 0.0246
Test MSE group_1: 0.0602
Test MSE group_2: nan
Test MSE group_3: nan
Poisson likelihood: 0.0
CE loss: 0.0
train MSE group_0: 0.0269
train MSE group_1: 0.0428
train MSE group_2: nan
train MSE group_3: nan
CE loss (TEST): 0.0
Experiment 16092
Epoch 0310 [Test seq (cond on sampled tp)] | Loss 240.426254 | Likelihood -245.165726 | KL fp 5.2768 | FP STD 0.2009|
KL coef: 0.9509591059287142
Train loss (one batch): 177.02601623535156
Train CE loss (one batch): 0.0
Test MSE (raw): 0.0498
Test MSE (smoothed with alpha=0.01): 0.4445
New best smoothed test MSE: 0.4445. Saving best model to experiments/experiment_16092_best.ckpt
Test MSE group_0: 0.0290
Test MSE group_1: 0.0665
Test MSE group_2: nan
Test MSE group_3: nan
Poisson likelihood: 0.0
CE loss: 0.0
train MSE group_0: 0.0293
train MSE group_1: 0.0474
train MSE group_2: nan
train MSE group_3: nan
CE loss (TEST): 0.0
Experiment 16092
Epoch 0320 [Test seq (cond on sampled tp)] | Loss 226.087524 | Likelihood -226.174744 | KL fp 5.1847 | FP STD 0.1646|
KL coef: 0.9556482944595236
Train loss (one batch): 165.24691772460938
Train CE loss (one batch): 0.0
Test MSE (raw): 0.0460
Test MSE (smoothed with alpha=0.01): 0.4405
New best smoothed test MSE: 0.4405. Saving best model to experiments/experiment_16092_best.ckpt
Test MSE group_0: 0.0252
Test MSE group_1: 0.0627
Test MSE group_2: nan
Test MSE group_3: nan
Poisson likelihood: 0.0
CE loss: 0.0
train MSE group_0: 0.0279
train MSE group_1: 0.0435
train MSE group_2: nan
train MSE group_3: nan
CE loss (TEST): 0.0
Experiment 16092
Epoch 0330 [Test seq (cond on sampled tp)] | Loss 213.496475 | Likelihood -212.826660 | KL fp 5.3536 | FP STD 0.1191|
KL coef: 0.9598891125131245
Train loss (one batch): 158.4598846435547
Train CE loss (one batch): 0.0
Test MSE (raw): 0.0433
Test MSE (smoothed with alpha=0.01): 0.4366
New best smoothed test MSE: 0.4366. Saving best model to experiments/experiment_16092_best.ckpt
Test MSE group_0: 0.0231
Test MSE group_1: 0.0593
Test MSE group_2: nan
Test MSE group_3: nan
Poisson likelihood: 0.0
CE loss: 0.0
train MSE group_0: 0.0263
train MSE group_1: 0.0417
train MSE group_2: nan
train MSE group_3: nan
CE loss (TEST): 0.0
Experiment 16092
Epoch 0340 [Test seq (cond on sampled tp)] | Loss 214.754578 | Likelihood -214.364777 | KL fp 5.3275 | FP STD 0.1198|
KL coef: 0.9637244323441748
Train loss (one batch): 156.56907653808594
Train CE loss (one batch): 0.0
Test MSE (raw): 0.0436
Test MSE (smoothed with alpha=0.01): 0.4326
New best smoothed test MSE: 0.4326. Saving best model to experiments/experiment_16092_best.ckpt
Test MSE group_0: 0.0235
Test MSE group_1: 0.0594
Test MSE group_2: nan
Test MSE group_3: nan
Poisson likelihood: 0.0
CE loss: 0.0
train MSE group_0: 0.0259
train MSE group_1: 0.0416
train MSE group_2: nan
train MSE group_3: nan
CE loss (TEST): 0.0
Experiment 16092
Epoch 0350 [Test seq (cond on sampled tp)] | Loss 213.352966 | Likelihood -211.873917 | KL fp 5.4136 | FP STD 0.1125|
KL coef: 0.9671930268513026
Train loss (one batch): 156.3728485107422
Train CE loss (one batch): 0.0
Test MSE (raw): 0.0431
Test MSE (smoothed with alpha=0.01): 0.4287
New best smoothed test MSE: 0.4287. Saving best model to experiments/experiment_16092_best.ckpt
Test MSE group_0: 0.0232
Test MSE group_1: 0.0588
Test MSE group_2: nan
Test MSE group_3: nan
Poisson likelihood: 0.0
CE loss: 0.0
train MSE group_0: 0.0260
train MSE group_1: 0.0412
train MSE group_2: nan
train MSE group_3: nan
CE loss (TEST): 0.0
Experiment 16092
Epoch 0360 [Test seq (cond on sampled tp)] | Loss 217.063385 | Likelihood -215.921051 | KL fp 5.4440 | FP STD 0.1237|
KL coef: 0.9703299615490228
Train loss (one batch): 159.2487030029297
Train CE loss (one batch): 0.0
Test MSE (raw): 0.0439
Test MSE (smoothed with alpha=0.01): 0.4249
New best smoothed test MSE: 0.4249. Saving best model to experiments/experiment_16092_best.ckpt
Test MSE group_0: 0.0240
Test MSE group_1: 0.0597
Test MSE group_2: nan
Test MSE group_3: nan
Poisson likelihood: 0.0
CE loss: 0.0
train MSE group_0: 0.0263
train MSE group_1: 0.0426
train MSE group_2: nan
train MSE group_3: nan
CE loss (TEST): 0.0
Experiment 16092
Epoch 0370 [Test seq (cond on sampled tp)] | Loss 216.814026 | Likelihood -215.043060 | KL fp 5.4295 | FP STD 0.1243|
KL coef: 0.9731669490601144
Train loss (one batch): 158.39720153808594
Train CE loss (one batch): 0.0
Test MSE (raw): 0.0437
Test MSE (smoothed with alpha=0.01): 0.4211
New best smoothed test MSE: 0.4211. Saving best model to experiments/experiment_16092_best.ckpt
Test MSE group_0: 0.0240
Test MSE group_1: 0.0594
Test MSE group_2: nan
Test MSE group_3: nan
Poisson likelihood: 0.0
CE loss: 0.0
train MSE group_0: 0.0264
train MSE group_1: 0.0417
train MSE group_2: nan
train MSE group_3: nan
CE loss (TEST): 0.0
Experiment 16092
Epoch 0380 [Test seq (cond on sampled tp)] | Loss 212.313141 | Likelihood -210.608932 | KL fp 5.3849 | FP STD 0.1077|
KL coef: 0.9757326697121692
Train loss (one batch): 156.09181213378906
Train CE loss (one batch): 0.0
Test MSE (raw): 0.0429
Test MSE (smoothed with alpha=0.01): 0.4173
New best smoothed test MSE: 0.4173. Saving best model to experiments/experiment_16092_best.ckpt
Test MSE group_0: 0.0230
Test MSE group_1: 0.0585
Test MSE group_2: nan
Test MSE group_3: nan
Poisson likelihood: 0.0
CE loss: 0.0
train MSE group_0: 0.0258
train MSE group_1: 0.0412
train MSE group_2: nan
train MSE group_3: nan
CE loss (TEST): 0.0
Experiment 16092
Epoch 0390 [Test seq (cond on sampled tp)] | Loss 213.218384 | Likelihood -212.013138 | KL fp 5.3575 | FP STD 0.1064|
KL coef: 0.9780530614793677
Train loss (one batch): 154.40528869628906
Train CE loss (one batch): 0.0
Test MSE (raw): 0.0431
Test MSE (smoothed with alpha=0.01): 0.4135
New best smoothed test MSE: 0.4135. Saving best model to experiments/experiment_16092_best.ckpt
Test MSE group_0: 0.0234
Test MSE group_1: 0.0587
Test MSE group_2: nan
Test MSE group_3: nan
Poisson likelihood: 0.0
CE loss: 0.0
train MSE group_0: 0.0254
train MSE group_1: 0.0410
train MSE group_2: nan
train MSE group_3: nan
CE loss (TEST): 0.0
Experiment 16092
Epoch 0400 [Test seq (cond on sampled tp)] | Loss 212.470444 | Likelihood -209.995667 | KL fp 5.6525 | FP STD 0.0930|
KL coef: 0.9801515822006198
Train loss (one batch): 153.60643005371094
Train CE loss (one batch): 0.0
Test MSE (raw): 0.0427
Test MSE (smoothed with alpha=0.01): 0.4098
New best smoothed test MSE: 0.4098. Saving best model to experiments/experiment_16092_best.ckpt
Test MSE group_0: 0.0229
Test MSE group_1: 0.0584
Test MSE group_2: nan
Test MSE group_3: nan
Poisson likelihood: 0.0
CE loss: 0.0
train MSE group_0: 0.0250
train MSE group_1: 0.0411
train MSE group_2: nan
train MSE group_3: nan
CE loss (TEST): 0.0
Experiment 16092
Epoch 0410 [Test seq (cond on sampled tp)] | Loss 211.632187 | Likelihood -210.310760 | KL fp 5.3779 | FP STD 0.1094|
KL coef: 0.9820494467249549
Train loss (one batch): 154.08413696289062
Train CE loss (one batch): 0.0
Test MSE (raw): 0.0428
Test MSE (smoothed with alpha=0.01): 0.4062
New best smoothed test MSE: 0.4062. Saving best model to experiments/experiment_16092_best.ckpt
Test MSE group_0: 0.0231
Test MSE group_1: 0.0583
Test MSE group_2: nan
Test MSE group_3: nan
Poisson likelihood: 0.0
CE loss: 0.0
train MSE group_0: 0.0252
train MSE group_1: 0.0412
train MSE group_2: nan
train MSE group_3: nan
CE loss (TEST): 0.0
Experiment 16092
Epoch 0420 [Test seq (cond on sampled tp)] | Loss 210.895325 | Likelihood -208.651306 | KL fp 5.4961 | FP STD 0.0958|
KL coef: 0.9837658413815585
Train loss (one batch): 153.82383728027344
Train CE loss (one batch): 0.0
Test MSE (raw): 0.0425
Test MSE (smoothed with alpha=0.01): 0.4025
New best smoothed test MSE: 0.4025. Saving best model to experiments/experiment_16092_best.ckpt
Test MSE group_0: 0.0228
Test MSE group_1: 0.0580
Test MSE group_2: nan
Test MSE group_3: nan
Poisson likelihood: 0.0
CE loss: 0.0
train MSE group_0: 0.0253
train MSE group_1: 0.0409
train MSE group_2: nan
train MSE group_3: nan
CE loss (TEST): 0.0
Experiment 16092
Epoch 0430 [Test seq (cond on sampled tp)] | Loss 211.022949 | Likelihood -209.118774 | KL fp 5.5593 | FP STD 0.0915|
KL coef: 0.9853181179426319
Train loss (one batch): 153.7500762939453
Train CE loss (one batch): 0.0
Test MSE (raw): 0.0426
Test MSE (smoothed with alpha=0.01): 0.3989
New best smoothed test MSE: 0.3989. Saving best model to experiments/experiment_16092_best.ckpt
Test MSE group_0: 0.0228
Test MSE group_1: 0.0581
Test MSE group_2: nan
Test MSE group_3: nan
Poisson likelihood: 0.0
CE loss: 0.0
train MSE group_0: 0.0252
train MSE group_1: 0.0409
train MSE group_2: nan
train MSE group_3: nan
CE loss (TEST): 0.0
Experiment 16092
Epoch 0440 [Test seq (cond on sampled tp)] | Loss 210.804825 | Likelihood -208.156631 | KL fp 5.6273 | FP STD 0.0870|
KL coef: 0.9867219690399229
Train loss (one batch): 152.39776611328125
Train CE loss (one batch): 0.0
Test MSE (raw): 0.0424
Test MSE (smoothed with alpha=0.01): 0.3954
New best smoothed test MSE: 0.3954. Saving best model to experiments/experiment_16092_best.ckpt
Test MSE group_0: 0.0227
Test MSE group_1: 0.0579
Test MSE group_2: nan
Test MSE group_3: nan
Poisson likelihood: 0.0
CE loss: 0.0
train MSE group_0: 0.0251
train MSE group_1: 0.0407
train MSE group_2: nan
train MSE group_3: nan
CE loss (TEST): 0.0
Experiment 16092
Epoch 0450 [Test seq (cond on sampled tp)] | Loss 210.638031 | Likelihood -208.193756 | KL fp 5.6053 | FP STD 0.0899|
KL coef: 0.9879915868082944
Train loss (one batch): 153.4709014892578
Train CE loss (one batch): 0.0
Test MSE (raw): 0.0424
Test MSE (smoothed with alpha=0.01): 0.3918
New best smoothed test MSE: 0.3918. Saving best model to experiments/experiment_16092_best.ckpt
Test MSE group_0: 0.0227
Test MSE group_1: 0.0579
Test MSE group_2: nan
Test MSE group_3: nan
Poisson likelihood: 0.0
CE loss: 0.0
train MSE group_0: 0.0250
train MSE group_1: 0.0409
train MSE group_2: nan
train MSE group_3: nan
CE loss (TEST): 0.0
Experiment 16092
Epoch 0460 [Test seq (cond on sampled tp)] | Loss 218.334732 | Likelihood -216.751785 | KL fp 5.2750 | FP STD 0.1378|
KL coef: 0.9891398063601221
Train loss (one batch): 161.77020263671875
Train CE loss (one batch): 0.0
Test MSE (raw): 0.0441
Test MSE (smoothed with alpha=0.01): 0.3884
New best smoothed test MSE: 0.3884. Saving best model to experiments/experiment_16092_best.ckpt
Test MSE group_0: 0.0241
Test MSE group_1: 0.0601
Test MSE group_2: nan
Test MSE group_3: nan
Poisson likelihood: 0.0
CE loss: 0.0
train MSE group_0: 0.0267
train MSE group_1: 0.0434
train MSE group_2: nan
train MSE group_3: nan
CE loss (TEST): 0.0
Experiment 16092
Epoch 0470 [Test seq (cond on sampled tp)] | Loss 213.662964 | Likelihood -215.058823 | KL fp 5.0941 | FP STD 0.1772|
KL coef: 0.9901782355409698
Train loss (one batch): 156.1410369873047
Train CE loss (one batch): 0.0
Test MSE (raw): 0.0437
Test MSE (smoothed with alpha=0.01): 0.3849
New best smoothed test MSE: 0.3849. Saving best model to experiments/experiment_16092_best.ckpt
Test MSE group_0: 0.0238
Test MSE group_1: 0.0598
Test MSE group_2: nan
Test MSE group_3: nan
Poisson likelihood: 0.0
CE loss: 0.0
train MSE group_0: 0.0257
train MSE group_1: 0.0417
train MSE group_2: nan
train MSE group_3: nan
CE loss (TEST): 0.0
Experiment 16092
Epoch 0480 [Test seq (cond on sampled tp)] | Loss 214.697021 | Likelihood -215.099503 | KL fp 4.9462 | FP STD 0.1846|
KL coef: 0.9911173722782946
Train loss (one batch): 156.29049682617188
Train CE loss (one batch): 0.0
Test MSE (raw): 0.0438
Test MSE (smoothed with alpha=0.01): 0.3815
New best smoothed test MSE: 0.3815. Saving best model to experiments/experiment_16092_best.ckpt
Test MSE group_0: 0.0238
Test MSE group_1: 0.0595
Test MSE group_2: nan
Test MSE group_3: nan
Poisson likelihood: 0.0
CE loss: 0.0
train MSE group_0: 0.0260
train MSE group_1: 0.0413
train MSE group_2: nan
train MSE group_3: nan
CE loss (TEST): 0.0
Experiment 16092
Epoch 0490 [Test seq (cond on sampled tp)] | Loss 212.017441 | Likelihood -210.892670 | KL fp 4.9850 | FP STD 0.1562|
KL coef: 0.9919667107095133
Train loss (one batch): 154.8888702392578
Train CE loss (one batch): 0.0
Test MSE (raw): 0.0429
Test MSE (smoothed with alpha=0.01): 0.3781
New best smoothed test MSE: 0.3781. Saving best model to experiments/experiment_16092_best.ckpt
Test MSE group_0: 0.0235
Test MSE group_1: 0.0583
Test MSE group_2: nan
Test MSE group_3: nan
Poisson likelihood: 0.0
CE loss: 0.0
train MSE group_0: 0.0259
train MSE group_1: 0.0410
train MSE group_2: nan
train MSE group_3: nan
CE loss (TEST): 0.0
Experiment 16092
Epoch 0500 [Test seq (cond on sampled tp)] | Loss 210.271057 | Likelihood -209.116745 | KL fp 5.2294 | FP STD 0.1420|
KL coef: 0.9927348371623237
Train loss (one batch): 155.6942901611328
Train CE loss (one batch): 0.0
Test MSE (raw): 0.0426
Test MSE (smoothed with alpha=0.01): 0.3748
New best smoothed test MSE: 0.3748. Saving best model to experiments/experiment_16092_best.ckpt
Test MSE group_0: 0.0232
Test MSE group_1: 0.0579
Test MSE group_2: nan
Test MSE group_3: nan
Poisson likelihood: 0.0
CE loss: 0.0
train MSE group_0: 0.0260
train MSE group_1: 0.0411
train MSE group_2: nan
train MSE group_3: nan
CE loss (TEST): 0.0
Experiment 16092
Epoch 0510 [Test seq (cond on sampled tp)] | Loss 210.724670 | Likelihood -210.032349 | KL fp 5.1028 | FP STD 0.1262|
KL coef: 0.9934295169575854
Train loss (one batch): 153.7825469970703
Train CE loss (one batch): 0.0
Test MSE (raw): 0.0427
Test MSE (smoothed with alpha=0.01): 0.3714
New best smoothed test MSE: 0.3714. Saving best model to experiments/experiment_16092_best.ckpt
Test MSE group_0: 0.0238
Test MSE group_1: 0.0576
Test MSE group_2: nan
Test MSE group_3: nan
Poisson likelihood: 0.0
CE loss: 0.0
train MSE group_0: 0.0256
train MSE group_1: 0.0404
train MSE group_2: nan
train MSE group_3: nan
CE loss (TEST): 0.0
Experiment 16092
Epoch 0520 [Test seq (cond on sampled tp)] | Loss 207.864761 | Likelihood -206.839355 | KL fp 5.1568 | FP STD 0.1219|
KL coef: 0.9940577729122909
Train loss (one batch): 151.74867248535156
Train CE loss (one batch): 0.0
Test MSE (raw): 0.0421
Test MSE (smoothed with alpha=0.01): 0.3681
New best smoothed test MSE: 0.3681. Saving best model to experiments/experiment_16092_best.ckpt
Test MSE group_0: 0.0232
Test MSE group_1: 0.0570
Test MSE group_2: nan
Test MSE group_3: nan
Poisson likelihood: 0.0
CE loss: 0.0
train MSE group_0: 0.0252
train MSE group_1: 0.0401
train MSE group_2: nan
train MSE group_3: nan
CE loss (TEST): 0.0
Experiment 16092
Epoch 0530 [Test seq (cond on sampled tp)] | Loss 208.130936 | Likelihood -206.205902 | KL fp 5.3962 | FP STD 0.1121|
KL coef: 0.9946259563362442
Train loss (one batch): 152.4951934814453
Train CE loss (one batch): 0.0
Test MSE (raw): 0.0420
Test MSE (smoothed with alpha=0.01): 0.3649
New best smoothed test MSE: 0.3649. Saving best model to experiments/experiment_16092_best.ckpt
Test MSE group_0: 0.0227
Test MSE group_1: 0.0573
Test MSE group_2: nan
Test MSE group_3: nan
Poisson likelihood: 0.0
CE loss: 0.0
train MSE group_0: 0.0250
train MSE group_1: 0.0408
train MSE group_2: nan
train MSE group_3: nan
CE loss (TEST): 0.0
Experiment 16092
Epoch 0540 [Test seq (cond on sampled tp)] | Loss 209.012726 | Likelihood -206.843979 | KL fp 5.2896 | FP STD 0.1143|
KL coef: 0.9951398112401846
Train loss (one batch): 152.59153747558594
Train CE loss (one batch): 0.0
Test MSE (raw): 0.0421
Test MSE (smoothed with alpha=0.01): 0.3617
New best smoothed test MSE: 0.3617. Saving best model to experiments/experiment_16092_best.ckpt
Test MSE group_0: 0.0230
Test MSE group_1: 0.0572
Test MSE group_2: nan
Test MSE group_3: nan
Poisson likelihood: 0.0
CE loss: 0.0
train MSE group_0: 0.0251
train MSE group_1: 0.0405
train MSE group_2: nan
train MSE group_3: nan
CE loss (TEST): 0.0
Experiment 16092
Epoch 0550 [Test seq (cond on sampled tp)] | Loss 208.155121 | Likelihood -206.615540 | KL fp 5.1770 | FP STD 0.1068|
KL coef: 0.9956045324044637
Train loss (one batch): 151.44039916992188
Train CE loss (one batch): 0.0
Test MSE (raw): 0.0421
Test MSE (smoothed with alpha=0.01): 0.3585
New best smoothed test MSE: 0.3585. Saving best model to experiments/experiment_16092_best.ckpt
Test MSE group_0: 0.0229
Test MSE group_1: 0.0571
Test MSE group_2: nan
Test MSE group_3: nan
Poisson likelihood: 0.0
CE loss: 0.0
train MSE group_0: 0.0248
train MSE group_1: 0.0406
train MSE group_2: nan
train MSE group_3: nan
CE loss (TEST): 0.0
Experiment 16092
Epoch 0560 [Test seq (cond on sampled tp)] | Loss 206.474457 | Likelihood -204.096863 | KL fp 5.6947 | FP STD 0.0827|
KL coef: 0.9960248178953148
Train loss (one batch): 151.17616271972656
Train CE loss (one batch): 0.0
Test MSE (raw): 0.0416
Test MSE (smoothed with alpha=0.01): 0.3553
New best smoothed test MSE: 0.3553. Saving best model to experiments/experiment_16092_best.ckpt
Test MSE group_0: 0.0224
Test MSE group_1: 0.0567
Test MSE group_2: nan
Test MSE group_3: nan
Poisson likelihood: 0.0
CE loss: 0.0
train MSE group_0: 0.0247
train MSE group_1: 0.0403
train MSE group_2: nan
train MSE group_3: nan
CE loss (TEST): 0.0
Experiment 16092
Epoch 0570 [Test seq (cond on sampled tp)] | Loss 207.631851 | Likelihood -205.218597 | KL fp 5.2466 | FP STD 0.1046|
KL coef: 0.996404916559627
Train loss (one batch): 150.2552490234375
Train CE loss (one batch): 0.0
Test MSE (raw): 0.0418
Test MSE (smoothed with alpha=0.01): 0.3522
New best smoothed test MSE: 0.3522. Saving best model to experiments/experiment_16092_best.ckpt
Test MSE group_0: 0.0228
Test MSE group_1: 0.0568
Test MSE group_2: nan
Test MSE group_3: nan
Poisson likelihood: 0.0
CE loss: 0.0
train MSE group_0: 0.0248
train MSE group_1: 0.0403
train MSE group_2: nan
train MSE group_3: nan
CE loss (TEST): 0.0
Experiment 16092
Epoch 0580 [Test seq (cond on sampled tp)] | Loss 205.745743 | Likelihood -203.559937 | KL fp 5.3682 | FP STD 0.1005|
KL coef: 0.9967486709783656
Train loss (one batch): 150.88250732421875
Train CE loss (one batch): 0.0
Test MSE (raw): 0.0414
Test MSE (smoothed with alpha=0.01): 0.3490
New best smoothed test MSE: 0.3490. Saving best model to experiments/experiment_16092_best.ckpt
Test MSE group_0: 0.0226
Test MSE group_1: 0.0564
Test MSE group_2: nan
Test MSE group_3: nan
Poisson likelihood: 0.0
CE loss: 0.0
train MSE group_0: 0.0246
train MSE group_1: 0.0405
train MSE group_2: nan
train MSE group_3: nan
CE loss (TEST): 0.0
Experiment 16092
Epoch 0590 [Test seq (cond on sampled tp)] | Loss 205.452545 | Likelihood -202.655670 | KL fp 5.6127 | FP STD 0.0826|
KL coef: 0.997059556312878
Train loss (one batch): 149.5396270751953
Train CE loss (one batch): 0.0
Test MSE (raw): 0.0413
Test MSE (smoothed with alpha=0.01): 0.3460
New best smoothed test MSE: 0.3460. Saving best model to experiments/experiment_16092_best.ckpt
Test MSE group_0: 0.0224
Test MSE group_1: 0.0561
Test MSE group_2: nan
Test MSE group_3: nan
Poisson likelihood: 0.0
CE loss: 0.0
train MSE group_0: 0.0244
train MSE group_1: 0.0399
train MSE group_2: nan
train MSE group_3: nan
CE loss (TEST): 0.0
Experiment 16092
Epoch 0600 [Test seq (cond on sampled tp)] | Loss 206.039825 | Likelihood -203.438263 | KL fp 5.6131 | FP STD 0.0829|
KL coef: 0.997340715436794
Train loss (one batch): 148.9817657470703
Train CE loss (one batch): 0.0
Test MSE (raw): 0.0414
Test MSE (smoothed with alpha=0.01): 0.3429
New best smoothed test MSE: 0.3429. Saving best model to experiments/experiment_16092_best.ckpt
Test MSE group_0: 0.0226
Test MSE group_1: 0.0563
Test MSE group_2: nan
Test MSE group_3: nan
Poisson likelihood: 0.0
CE loss: 0.0
train MSE group_0: 0.0245
train MSE group_1: 0.0398
train MSE group_2: nan
train MSE group_3: nan
CE loss (TEST): 0.0
Experiment 16092
Epoch 0610 [Test seq (cond on sampled tp)] | Loss 205.203720 | Likelihood -202.857346 | KL fp 5.4564 | FP STD 0.1000|
KL coef: 0.997594990708689
Train loss (one batch): 149.62269592285156
Train CE loss (one batch): 0.0
Test MSE (raw): 0.0413
Test MSE (smoothed with alpha=0.01): 0.3399
New best smoothed test MSE: 0.3399. Saving best model to experiments/experiment_16092_best.ckpt
Test MSE group_0: 0.0226
Test MSE group_1: 0.0561
Test MSE group_2: nan
Test MSE group_3: nan
Poisson likelihood: 0.0
CE loss: 0.0
train MSE group_0: 0.0246
train MSE group_1: 0.0398
train MSE group_2: nan
train MSE group_3: nan
CE loss (TEST): 0.0
