/Users/benjaminmaurel/Documents/Training_Sanofi/notebooks_hands_on/latent_ode/run_models.py
run_models.py --niters 3000 -n 200 -s 40 -l 10 --dataset PK_Tacro --latent-ode --noise-weight 0.01 --max-t 5. --seed 51 --experiment 30310
Experiment 30310
Epoch 1000 [Test seq (cond on sampled tp)] | Loss 217.453217 | Likelihood -215.134796 | KL fp 5.6260 | FP STD 0.3813|
KL coef: 0.9999522643707747
Train loss (one batch): 200.60133361816406
Train CE loss (one batch): 0.0
Test MSE (raw): 0.0438
Test MSE (smoothed with alpha=0.01): 0.0438
New best smoothed test MSE: 0.0438. Saving best model to experiments/experiment_30310_best.ckpt
Test MSE group_0: 0.0383
Test MSE group_1: 0.0492
Test MSE group_2: nan
Test MSE group_3: nan
Poisson likelihood: 0.0
CE loss: 0.0
train MSE group_0: 0.0372
train MSE group_1: 0.0430
train MSE group_2: nan
train MSE group_3: nan
CE loss (TEST): 0.0
Experiment 30310
Epoch 2000 [Test seq (cond on sampled tp)] | Loss 206.240265 | Likelihood -202.861069 | KL fp 5.9411 | FP STD 0.2860|
KL coef: 0.9999999979391934
Train loss (one batch): 188.53636169433594
Train CE loss (one batch): 0.0
Test MSE (raw): 0.0413
Test MSE (smoothed with alpha=0.01): 0.0437
New best smoothed test MSE: 0.0437. Saving best model to experiments/experiment_30310_best.ckpt
Test MSE group_0: 0.0358
Test MSE group_1: 0.0467
Test MSE group_2: nan
Test MSE group_3: nan
Poisson likelihood: 0.0
CE loss: 0.0
train MSE group_0: 0.0349
train MSE group_1: 0.0401
train MSE group_2: nan
train MSE group_3: nan
CE loss (TEST): 0.0
Experiment 30310
Epoch 3000 [Test seq (cond on sampled tp)] | Loss 164.576111 | Likelihood -161.404480 | KL fp 5.8959 | FP STD 0.2617|
KL coef: 0.9999999999999111
Train loss (one batch): 152.99993896484375
Train CE loss (one batch): 0.0
Test MSE (raw): 0.0330
Test MSE (smoothed with alpha=0.01): 0.0436
New best smoothed test MSE: 0.0436. Saving best model to experiments/experiment_30310_best.ckpt
Test MSE group_0: 0.0303
Test MSE group_1: 0.0357
Test MSE group_2: nan
Test MSE group_3: nan
Poisson likelihood: 0.0
CE loss: 0.0
train MSE group_0: 0.0295
train MSE group_1: 0.0313
train MSE group_2: nan
train MSE group_3: nan
CE loss (TEST): 0.0
