/Users/benjaminmaurel/Documents/Training_Sanofi/notebooks_hands_on/latent_ode/run_models.py
run_models.py --niters 3000 -n 200 -s 40 -l 10 --dataset PK_Tacro --latent-ode --noise-weight 0.01 --max-t 5. --seed 26 --experiment 20923
Experiment 20923
Epoch 1000 [Test seq (cond on sampled tp)] | Loss 165.156464 | Likelihood -168.147842 | KL fp 3.6786 | FP STD 0.1621|
KL coef: 0.9999522643707747
Train loss (one batch): 186.218994140625
Train CE loss (one batch): 0.0
Test MSE (raw): 0.0344
Test MSE (smoothed with alpha=0.01): 0.0344
New best smoothed test MSE: 0.0344. Saving best model to experiments/experiment_20923_best.ckpt
Test MSE group_0: 0.0324
Test MSE group_1: 0.0363
Test MSE group_2: nan
Test MSE group_3: nan
Poisson likelihood: 0.0
CE loss: 0.0
train MSE group_0: 0.0357
train MSE group_1: 0.0398
train MSE group_2: nan
train MSE group_3: nan
CE loss (TEST): 0.0
Experiment 20923
Epoch 2000 [Test seq (cond on sampled tp)] | Loss 191.241135 | Likelihood -192.380325 | KL fp 3.6859 | FP STD 0.1762|
KL coef: 0.9999999979391934
Train loss (one batch): 211.5262451171875
Train CE loss (one batch): 0.0
Test MSE (raw): 0.0392
Test MSE (smoothed with alpha=0.01): 0.0344
Smoothed Test MSE did not improve. Early stopping counter: 1/10000
Test MSE group_0: 0.0332
Test MSE group_1: 0.0452
Test MSE group_2: nan
Test MSE group_3: nan
Poisson likelihood: 0.0
CE loss: 0.0
train MSE group_0: 0.0368
train MSE group_1: 0.0484
train MSE group_2: nan
train MSE group_3: nan
CE loss (TEST): 0.0
Experiment 20923
Epoch 3000 [Test seq (cond on sampled tp)] | Loss 135.557648 | Likelihood -134.496002 | KL fp 3.9867 | FP STD 0.0977|
KL coef: 0.9999999999999111
Train loss (one batch): 148.69456481933594
Train CE loss (one batch): 0.0
Test MSE (raw): 0.0276
Test MSE (smoothed with alpha=0.01): 0.0343
New best smoothed test MSE: 0.0343. Saving best model to experiments/experiment_20923_best.ckpt
Test MSE group_0: 0.0262
Test MSE group_1: 0.0290
Test MSE group_2: nan
Test MSE group_3: nan
Poisson likelihood: 0.0
CE loss: 0.0
train MSE group_0: 0.0281
train MSE group_1: 0.0318
train MSE group_2: nan
train MSE group_3: nan
CE loss (TEST): 0.0
