/Users/benjaminmaurel/Documents/Training_Sanofi/notebooks_hands_on/latent_ode/run_models.py
run_models.py --niters 3000 -n 200 -s 40 -l 10 --dataset PK_Tacro --latent-ode --noise-weight 0.01 --max-t 5. --seed 111 --experiment 23438
Experiment 23438
Epoch 1000 [Test seq (cond on sampled tp)] | Loss 181.835968 | Likelihood -182.448990 | KL fp 4.1164 | FP STD 0.2536|
KL coef: 0.9999522643707747
Train loss (one batch): 183.632080078125
Train CE loss (one batch): 0.0
Test MSE (raw): 0.0372
Test MSE (smoothed with alpha=0.01): 0.0372
New best smoothed test MSE: 0.0372. Saving best model to experiments/experiment_23438_best.ckpt
Test MSE group_0: 0.0331
Test MSE group_1: 0.0413
Test MSE group_2: nan
Test MSE group_3: nan
Poisson likelihood: 0.0
CE loss: 0.0
train MSE group_0: 0.0356
train MSE group_1: 0.0384
train MSE group_2: nan
train MSE group_3: nan
CE loss (TEST): 0.0
Experiment 23438
Epoch 2000 [Test seq (cond on sampled tp)] | Loss 152.117371 | Likelihood -150.131683 | KL fp 4.5848 | FP STD 0.1317|
KL coef: 0.9999999979391934
Train loss (one batch): 151.45484924316406
Train CE loss (one batch): 0.0
Test MSE (raw): 0.0308
Test MSE (smoothed with alpha=0.01): 0.0372
New best smoothed test MSE: 0.0372. Saving best model to experiments/experiment_23438_best.ckpt
Test MSE group_0: 0.0278
Test MSE group_1: 0.0337
Test MSE group_2: nan
Test MSE group_3: nan
Poisson likelihood: 0.0
CE loss: 0.0
train MSE group_0: 0.0310
train MSE group_1: 0.0296
train MSE group_2: nan
train MSE group_3: nan
CE loss (TEST): 0.0
Experiment 23438
Epoch 3000 [Test seq (cond on sampled tp)] | Loss 151.858612 | Likelihood -150.563126 | KL fp 4.4319 | FP STD 0.1575|
KL coef: 0.9999999999999111
Train loss (one batch): 150.32305908203125
Train CE loss (one batch): 0.0
Test MSE (raw): 0.0308
Test MSE (smoothed with alpha=0.01): 0.0371
New best smoothed test MSE: 0.0371. Saving best model to experiments/experiment_23438_best.ckpt
Test MSE group_0: 0.0289
Test MSE group_1: 0.0328
Test MSE group_2: nan
Test MSE group_3: nan
Poisson likelihood: 0.0
CE loss: 0.0
train MSE group_0: 0.0310
train MSE group_1: 0.0293
train MSE group_2: nan
train MSE group_3: nan
CE loss (TEST): 0.0
