/Users/benjaminmaurel/Documents/Training_Sanofi/notebooks_hands_on/latent_ode/run_models.py
run_models.py --niters 3000 -n 200 -s 40 -l 10 --dataset PK_Tacro --latent-ode --noise-weight 0.01 --max-t 5. --seed 130 --experiment 33891
Experiment 33891
Epoch 1000 [Test seq (cond on sampled tp)] | Loss 229.382095 | Likelihood -230.326233 | KL fp 4.0909 | FP STD 0.1837|
KL coef: 0.9999522643707747
Train loss (one batch): 230.68260192871094
Train CE loss (one batch): 0.0
Test MSE (raw): 0.0468
Test MSE (smoothed with alpha=0.01): 0.0468
New best smoothed test MSE: 0.0468. Saving best model to experiments/experiment_33891_best.ckpt
Test MSE group_0: 0.0428
Test MSE group_1: 0.0508
Test MSE group_2: nan
Test MSE group_3: nan
Poisson likelihood: 0.0
CE loss: 0.0
train MSE group_0: 0.0427
train MSE group_1: 0.0501
train MSE group_2: nan
train MSE group_3: nan
CE loss (TEST): 0.0
Experiment 33891
Epoch 2000 [Test seq (cond on sampled tp)] | Loss 153.047928 | Likelihood -152.122086 | KL fp 4.3895 | FP STD 0.1116|
KL coef: 0.9999999979391934
Train loss (one batch): 155.2714385986328
Train CE loss (one batch): 0.0
Test MSE (raw): 0.0312
Test MSE (smoothed with alpha=0.01): 0.0466
New best smoothed test MSE: 0.0466. Saving best model to experiments/experiment_33891_best.ckpt
Test MSE group_0: 0.0273
Test MSE group_1: 0.0350
Test MSE group_2: nan
Test MSE group_3: nan
Poisson likelihood: 0.0
CE loss: 0.0
train MSE group_0: 0.0285
train MSE group_1: 0.0337
train MSE group_2: nan
train MSE group_3: nan
CE loss (TEST): 0.0
Experiment 33891
Epoch 3000 [Test seq (cond on sampled tp)] | Loss 156.302551 | Likelihood -157.382797 | KL fp 3.8245 | FP STD 0.1686|
KL coef: 0.9999999999999111
Train loss (one batch): 156.5861358642578
Train CE loss (one batch): 0.0
Test MSE (raw): 0.0322
Test MSE (smoothed with alpha=0.01): 0.0465
New best smoothed test MSE: 0.0465. Saving best model to experiments/experiment_33891_best.ckpt
Test MSE group_0: 0.0283
Test MSE group_1: 0.0361
Test MSE group_2: nan
Test MSE group_3: nan
Poisson likelihood: 0.0
CE loss: 0.0
train MSE group_0: 0.0296
train MSE group_1: 0.0340
train MSE group_2: nan
train MSE group_3: nan
CE loss (TEST): 0.0
