/Users/benjaminmaurel/Documents/Training_Sanofi/notebooks_hands_on/latent_ode/run_models.py
run_models.py --niters 3000 -n 200 -s 40 -l 10 --dataset PK_Tacro --latent-ode --noise-weight 0.01 --max-t 5. --seed 114 --experiment 20354
Experiment 20354
Epoch 1000 [Test seq (cond on sampled tp)] | Loss 150.713837 | Likelihood -148.649567 | KL fp 4.6468 | FP STD 0.1059|
KL coef: 0.9999522643707747
Train loss (one batch): 153.07276916503906
Train CE loss (one batch): 0.0
Test MSE (raw): 0.0305
Test MSE (smoothed with alpha=0.01): 0.0305
New best smoothed test MSE: 0.0305. Saving best model to experiments/experiment_20354_best.ckpt
Test MSE group_0: 0.0277
Test MSE group_1: 0.0332
Test MSE group_2: nan
Test MSE group_3: nan
Poisson likelihood: 0.0
CE loss: 0.0
train MSE group_0: 0.0288
train MSE group_1: 0.0324
train MSE group_2: nan
train MSE group_3: nan
CE loss (TEST): 0.0
Experiment 20354
Epoch 2000 [Test seq (cond on sampled tp)] | Loss 152.125244 | Likelihood -152.140182 | KL fp 4.0049 | FP STD 0.1735|
KL coef: 0.9999999979391934
Train loss (one batch): 152.92510986328125
Train CE loss (one batch): 0.0
Test MSE (raw): 0.0312
Test MSE (smoothed with alpha=0.01): 0.0305
Smoothed Test MSE did not improve. Early stopping counter: 1/10000
Test MSE group_0: 0.0299
Test MSE group_1: 0.0324
Test MSE group_2: nan
Test MSE group_3: nan
Poisson likelihood: 0.0
CE loss: 0.0
train MSE group_0: 0.0306
train MSE group_1: 0.0311
train MSE group_2: nan
train MSE group_3: nan
CE loss (TEST): 0.0
Experiment 20354
Epoch 3000 [Test seq (cond on sampled tp)] | Loss 138.561249 | Likelihood -136.948669 | KL fp 4.2434 | FP STD 0.1034|
KL coef: 0.9999999999999111
Train loss (one batch): 136.52041625976562
Train CE loss (one batch): 0.0
Test MSE (raw): 0.0281
Test MSE (smoothed with alpha=0.01): 0.0305
New best smoothed test MSE: 0.0305. Saving best model to experiments/experiment_20354_best.ckpt
Test MSE group_0: 0.0266
Test MSE group_1: 0.0296
Test MSE group_2: nan
Test MSE group_3: nan
Poisson likelihood: 0.0
CE loss: 0.0
train MSE group_0: 0.0267
train MSE group_1: 0.0281
train MSE group_2: nan
train MSE group_3: nan
CE loss (TEST): 0.0
