/Users/benjaminmaurel/Documents/Training_Sanofi/notebooks_hands_on/latent_ode/run_models.py
run_models.py --niters 3000 -n 200 -s 40 -l 10 --dataset PK_Tacro --latent-ode --noise-weight 0.01 --max-t 5. --seed 2 --experiment 34714
Experiment 34714
Epoch 1000 [Test seq (cond on sampled tp)] | Loss 173.598297 | Likelihood -169.653366 | KL fp 6.8443 | FP STD 0.1310|
KL coef: 0.9999522643707747
Train loss (one batch): 199.5386505126953
Train CE loss (one batch): 0.0
Test MSE (raw): 0.0347
Test MSE (smoothed with alpha=0.01): 0.0347
New best smoothed test MSE: 0.0347. Saving best model to experiments/experiment_34714_best.ckpt
Test MSE group_0: 0.0300
Test MSE group_1: 0.0398
Test MSE group_2: nan
Test MSE group_3: nan
Poisson likelihood: 0.0
CE loss: 0.0
train MSE group_0: 0.0314
train MSE group_1: 0.0461
train MSE group_2: nan
train MSE group_3: nan
CE loss (TEST): 0.0
Experiment 34714
Epoch 2000 [Test seq (cond on sampled tp)] | Loss 175.798218 | Likelihood -174.533417 | KL fp 6.0495 | FP STD 0.2561|
KL coef: 0.9999999979391934
Train loss (one batch): 199.69558715820312
Train CE loss (one batch): 0.0
Test MSE (raw): 0.0356
Test MSE (smoothed with alpha=0.01): 0.0347
Smoothed Test MSE did not improve. Early stopping counter: 1/10000
Test MSE group_0: 0.0345
Test MSE group_1: 0.0368
Test MSE group_2: nan
Test MSE group_3: nan
Poisson likelihood: 0.0
CE loss: 0.0
train MSE group_0: 0.0355
train MSE group_1: 0.0436
train MSE group_2: nan
train MSE group_3: nan
CE loss (TEST): 0.0
Experiment 34714
Epoch 3000 [Test seq (cond on sampled tp)] | Loss 151.878342 | Likelihood -148.508087 | KL fp 6.5481 | FP STD 0.1670|
KL coef: 0.9999999999999111
Train loss (one batch): 170.38174438476562
Train CE loss (one batch): 0.0
Test MSE (raw): 0.0304
Test MSE (smoothed with alpha=0.01): 0.0346
New best smoothed test MSE: 0.0346. Saving best model to experiments/experiment_34714_best.ckpt
Test MSE group_0: 0.0289
Test MSE group_1: 0.0322
Test MSE group_2: nan
Test MSE group_3: nan
Poisson likelihood: 0.0
CE loss: 0.0
train MSE group_0: 0.0295
train MSE group_1: 0.0372
train MSE group_2: nan
train MSE group_3: nan
CE loss (TEST): 0.0
