/Users/benjaminmaurel/Documents/Training_Sanofi/notebooks_hands_on/latent_ode/run_models.py
run_models.py --niters 3000 -n 200 -s 40 -l 10 --dataset PK_Tacro --latent-ode --noise-weight 0.01 --max-t 5. --seed 2 --experiment 21721
Experiment 21721
Epoch 1000 [Test seq (cond on sampled tp)] | Loss 7487.823730 | Likelihood -7498.220703 | KL fp 14.5257 | FP STD 0.1478|
KL coef: 0.9999522643707747
Train loss (one batch): 6845.96875
Train CE loss (one batch): 0.0
Test MSE (raw): 1.5004
Test MSE (smoothed with alpha=0.01): 1.5004
New best smoothed test MSE: 1.5004. Saving best model to experiments/experiment_21721_best.ckpt
Test MSE group_0: 1.4663
Test MSE group_1: 1.5353
Test MSE group_2: nan
Test MSE group_3: nan
Poisson likelihood: 0.0
CE loss: 0.0
train MSE group_0: 1.3759
train MSE group_1: 1.3629
train MSE group_2: nan
train MSE group_3: nan
CE loss (TEST): 0.0
Experiment 21721
Epoch 2000 [Test seq (cond on sampled tp)] | Loss 7733.597168 | Likelihood -7764.366211 | KL fp 13.2297 | FP STD 0.1050|
KL coef: 0.9999999979391934
Train loss (one batch): 5890.3193359375
Train CE loss (one batch): 0.0
Test MSE (raw): 1.5536
Test MSE (smoothed with alpha=0.01): 1.5009
Smoothed Test MSE did not improve. Early stopping counter: 1/10000
Test MSE group_0: 1.4959
Test MSE group_1: 1.6118
Test MSE group_2: nan
Test MSE group_3: nan
Poisson likelihood: 0.0
CE loss: 0.0
train MSE group_0: 1.1888
train MSE group_1: 1.1720
train MSE group_2: nan
train MSE group_3: nan
CE loss (TEST): 0.0
Experiment 21721
Epoch 3000 [Test seq (cond on sampled tp)] | Loss 8007.234863 | Likelihood -8039.368652 | KL fp 12.0508 | FP STD 0.0861|
KL coef: 0.9999999999999111
Train loss (one batch): 5208.11181640625
Train CE loss (one batch): 0.0
Test MSE (raw): 1.6086
Test MSE (smoothed with alpha=0.01): 1.5020
Smoothed Test MSE did not improve. Early stopping counter: 2/10000
Test MSE group_0: 1.5864
Test MSE group_1: 1.6312
Test MSE group_2: nan
Test MSE group_3: nan
Poisson likelihood: 0.0
CE loss: 0.0
train MSE group_0: 1.0390
train MSE group_1: 1.0476
train MSE group_2: nan
train MSE group_3: nan
CE loss (TEST): 0.0
