/Users/benjaminmaurel/Documents/Training_Sanofi/notebooks_hands_on/latent_ode/run_models.py
run_models.py --niters 3000 -n 200 -s 40 -l 10 --dataset PK_Tacro --latent-ode --noise-weight 0.01 --max-t 5. --seed 33 --experiment 32651
Experiment 32651
Epoch 1000 [Test seq (cond on sampled tp)] | Loss 199.545746 | Likelihood -197.253738 | KL fp 5.9152 | FP STD 0.1237|
KL coef: 0.9999522643707747
Train loss (one batch): 192.94712829589844
Train CE loss (one batch): 0.0
Test MSE (raw): 0.0402
Test MSE (smoothed with alpha=0.01): 0.0402
New best smoothed test MSE: 0.0402. Saving best model to experiments/experiment_32651_best.ckpt
Test MSE group_0: 0.0347
Test MSE group_1: 0.0450
Test MSE group_2: nan
Test MSE group_3: nan
Poisson likelihood: 0.0
CE loss: 0.0
train MSE group_0: 0.0337
train MSE group_1: 0.0455
train MSE group_2: nan
train MSE group_3: nan
CE loss (TEST): 0.0
Experiment 32651
Epoch 2000 [Test seq (cond on sampled tp)] | Loss 166.034592 | Likelihood -164.080231 | KL fp 5.2034 | FP STD 0.1298|
KL coef: 0.9999999979391934
Train loss (one batch): 159.92906188964844
Train CE loss (one batch): 0.0
Test MSE (raw): 0.0336
Test MSE (smoothed with alpha=0.01): 0.0401
New best smoothed test MSE: 0.0401. Saving best model to experiments/experiment_32651_best.ckpt
Test MSE group_0: 0.0324
Test MSE group_1: 0.0346
Test MSE group_2: nan
Test MSE group_3: nan
Poisson likelihood: 0.0
CE loss: 0.0
train MSE group_0: 0.0316
train MSE group_1: 0.0327
train MSE group_2: nan
train MSE group_3: nan
CE loss (TEST): 0.0
Experiment 32651
Epoch 3000 [Test seq (cond on sampled tp)] | Loss 157.122437 | Likelihood -155.873505 | KL fp 4.9848 | FP STD 0.1110|
KL coef: 0.9999999999999111
Train loss (one batch): 147.40390014648438
Train CE loss (one batch): 0.0
Test MSE (raw): 0.0319
Test MSE (smoothed with alpha=0.01): 0.0400
New best smoothed test MSE: 0.0400. Saving best model to experiments/experiment_32651_best.ckpt
Test MSE group_0: 0.0299
Test MSE group_1: 0.0337
Test MSE group_2: nan
Test MSE group_3: nan
Poisson likelihood: 0.0
CE loss: 0.0
train MSE group_0: 0.0288
train MSE group_1: 0.0306
train MSE group_2: nan
train MSE group_3: nan
CE loss (TEST): 0.0
