/Users/benjaminmaurel/Documents/Training_Sanofi/notebooks_hands_on/latent_ode/run_models.py
run_models.py --niters 3000 -n 200 -s 40 -l 10 --dataset PK_Tacro --latent-ode --noise-weight 0.01 --max-t 5. --seed 192 --experiment 34666
Experiment 34666
Epoch 1000 [Test seq (cond on sampled tp)] | Loss 167.978546 | Likelihood -165.589935 | KL fp 5.7448 | FP STD 0.1852|
KL coef: 0.9999522643707747
Train loss (one batch): 175.83860778808594
Train CE loss (one batch): 0.0
Test MSE (raw): 0.0339
Test MSE (smoothed with alpha=0.01): 0.0339
New best smoothed test MSE: 0.0339. Saving best model to experiments/experiment_34666_best.ckpt
Test MSE group_0: 0.0301
Test MSE group_1: 0.0375
Test MSE group_2: nan
Test MSE group_3: nan
Poisson likelihood: 0.0
CE loss: 0.0
train MSE group_0: 0.0301
train MSE group_1: 0.0396
train MSE group_2: nan
train MSE group_3: nan
CE loss (TEST): 0.0
Experiment 34666
Epoch 2000 [Test seq (cond on sampled tp)] | Loss 160.744553 | Likelihood -158.149292 | KL fp 6.0911 | FP STD 0.2175|
KL coef: 0.9999999979391934
Train loss (one batch): 167.9897003173828
Train CE loss (one batch): 0.0
Test MSE (raw): 0.0324
Test MSE (smoothed with alpha=0.01): 0.0338
New best smoothed test MSE: 0.0338. Saving best model to experiments/experiment_34666_best.ckpt
Test MSE group_0: 0.0297
Test MSE group_1: 0.0350
Test MSE group_2: nan
Test MSE group_3: nan
Poisson likelihood: 0.0
CE loss: 0.0
train MSE group_0: 0.0301
train MSE group_1: 0.0364
train MSE group_2: nan
train MSE group_3: nan
CE loss (TEST): 0.0
Experiment 34666
Epoch 3000 [Test seq (cond on sampled tp)] | Loss 154.398407 | Likelihood -151.943420 | KL fp 5.9122 | FP STD 0.2007|
KL coef: 0.9999999999999111
Train loss (one batch): 158.25363159179688
Train CE loss (one batch): 0.0
Test MSE (raw): 0.0311
Test MSE (smoothed with alpha=0.01): 0.0338
New best smoothed test MSE: 0.0338. Saving best model to experiments/experiment_34666_best.ckpt
Test MSE group_0: 0.0291
Test MSE group_1: 0.0332
Test MSE group_2: nan
Test MSE group_3: nan
Poisson likelihood: 0.0
CE loss: 0.0
train MSE group_0: 0.0286
train MSE group_1: 0.0340
train MSE group_2: nan
train MSE group_3: nan
CE loss (TEST): 0.0
