/Users/benjaminmaurel/Documents/Training_Sanofi/notebooks_hands_on/latent_ode/run_models.py
run_models.py --niters 3000 -n 200 -s 40 -l 10 --dataset PK_Tacro --latent-ode --noise-weight 0.01 --max-t 5. --seed 177 --experiment 33144
Experiment 33144
Epoch 1000 [Test seq (cond on sampled tp)] | Loss 209.517227 | Likelihood -209.525787 | KL fp 4.1411 | FP STD 0.2351|
KL coef: 0.9999522643707747
Train loss (one batch): 220.5884552001953
Train CE loss (one batch): 0.0
Test MSE (raw): 0.0426
Test MSE (smoothed with alpha=0.01): 0.0426
New best smoothed test MSE: 0.0426. Saving best model to experiments/experiment_33144_best.ckpt
Test MSE group_0: 0.0353
Test MSE group_1: 0.0499
Test MSE group_2: nan
Test MSE group_3: nan
Poisson likelihood: 0.0
CE loss: 0.0
train MSE group_0: 0.0384
train MSE group_1: 0.0516
train MSE group_2: nan
train MSE group_3: nan
CE loss (TEST): 0.0
Experiment 33144
Epoch 2000 [Test seq (cond on sampled tp)] | Loss 152.439774 | Likelihood -151.563110 | KL fp 4.2641 | FP STD 0.1295|
KL coef: 0.9999999979391934
Train loss (one batch): 160.7145538330078
Train CE loss (one batch): 0.0
Test MSE (raw): 0.0310
Test MSE (smoothed with alpha=0.01): 0.0425
New best smoothed test MSE: 0.0425. Saving best model to experiments/experiment_33144_best.ckpt
Test MSE group_0: 0.0283
Test MSE group_1: 0.0338
Test MSE group_2: nan
Test MSE group_3: nan
Poisson likelihood: 0.0
CE loss: 0.0
train MSE group_0: 0.0294
train MSE group_1: 0.0353
train MSE group_2: nan
train MSE group_3: nan
CE loss (TEST): 0.0
Experiment 33144
Epoch 3000 [Test seq (cond on sampled tp)] | Loss 136.537109 | Likelihood -135.245911 | KL fp 4.4249 | FP STD 0.1026|
KL coef: 0.9999999999999111
Train loss (one batch): 142.7406768798828
Train CE loss (one batch): 0.0
Test MSE (raw): 0.0278
Test MSE (smoothed with alpha=0.01): 0.0424
New best smoothed test MSE: 0.0424. Saving best model to experiments/experiment_33144_best.ckpt
Test MSE group_0: 0.0264
Test MSE group_1: 0.0292
Test MSE group_2: nan
Test MSE group_3: nan
Poisson likelihood: 0.0
CE loss: 0.0
train MSE group_0: 0.0267
train MSE group_1: 0.0310
train MSE group_2: nan
train MSE group_3: nan
CE loss (TEST): 0.0
