/Users/benjaminmaurel/Documents/Training_Sanofi/notebooks_hands_on/latent_ode/run_models.py
run_models.py --niters 3000 -n 200 -s 40 -l 10 --dataset PK_Tacro --latent-ode --noise-weight 0.01 --max-t 5. --seed 112 --experiment 27400
Experiment 27400
Epoch 1000 [Test seq (cond on sampled tp)] | Loss 223.284714 | Likelihood -220.333038 | KL fp 6.8281 | FP STD 0.3375|
KL coef: 0.9999522643707747
Train loss (one batch): 215.089111328125
Train CE loss (one batch): 0.0
Test MSE (raw): 0.0448
Test MSE (smoothed with alpha=0.01): 0.0448
New best smoothed test MSE: 0.0448. Saving best model to experiments/experiment_27400_best.ckpt
Test MSE group_0: 0.0368
Test MSE group_1: 0.0527
Test MSE group_2: nan
Test MSE group_3: nan
Poisson likelihood: 0.0
CE loss: 0.0
train MSE group_0: 0.0406
train MSE group_1: 0.0453
train MSE group_2: nan
train MSE group_3: nan
CE loss (TEST): 0.0
Experiment 27400
Epoch 2000 [Test seq (cond on sampled tp)] | Loss 194.866379 | Likelihood -193.627869 | KL fp 6.0590 | FP STD 0.3079|
KL coef: 0.9999999979391934
Train loss (one batch): 191.57713317871094
Train CE loss (one batch): 0.0
Test MSE (raw): 0.0395
Test MSE (smoothed with alpha=0.01): 0.0448
New best smoothed test MSE: 0.0448. Saving best model to experiments/experiment_27400_best.ckpt
Test MSE group_0: 0.0331
Test MSE group_1: 0.0457
Test MSE group_2: nan
Test MSE group_3: nan
Poisson likelihood: 0.0
CE loss: 0.0
train MSE group_0: 0.0369
train MSE group_1: 0.0404
train MSE group_2: nan
train MSE group_3: nan
CE loss (TEST): 0.0
Experiment 27400
Epoch 3000 [Test seq (cond on sampled tp)] | Loss 153.712341 | Likelihood -150.799469 | KL fp 5.8454 | FP STD 0.2319|
KL coef: 0.9999999999999111
Train loss (one batch): 160.89028930664062
Train CE loss (one batch): 0.0
Test MSE (raw): 0.0309
Test MSE (smoothed with alpha=0.01): 0.0446
New best smoothed test MSE: 0.0446. Saving best model to experiments/experiment_27400_best.ckpt
Test MSE group_0: 0.0278
Test MSE group_1: 0.0340
Test MSE group_2: nan
Test MSE group_3: nan
Poisson likelihood: 0.0
CE loss: 0.0
train MSE group_0: 0.0321
train MSE group_1: 0.0321
train MSE group_2: nan
train MSE group_3: nan
CE loss (TEST): 0.0
