/Users/benjaminmaurel/Documents/Training_Sanofi/notebooks_hands_on/latent_ode/run_models.py
run_models.py --niters 3000 -n 200 -s 40 -l 10 --dataset PK_Tacro --latent-ode --noise-weight 0.01 --max-t 5. --seed 35 --experiment 14946
Experiment 14946
Epoch 1000 [Test seq (cond on sampled tp)] | Loss 231.606155 | Likelihood -227.779785 | KL fp 6.9737 | FP STD 0.0997|
KL coef: 0.9999522643707747
Train loss (one batch): 225.023681640625
Train CE loss (one batch): 0.0
Test MSE (raw): 0.0463
Test MSE (smoothed with alpha=0.01): 0.0463
New best smoothed test MSE: 0.0463. Saving best model to experiments/experiment_14946_best.ckpt
Test MSE group_0: 0.0404
Test MSE group_1: 0.0528
Test MSE group_2: nan
Test MSE group_3: nan
Poisson likelihood: 0.0
CE loss: 0.0
train MSE group_0: 0.0374
train MSE group_1: 0.0514
train MSE group_2: nan
train MSE group_3: nan
CE loss (TEST): 0.0
Experiment 14946
Epoch 2000 [Test seq (cond on sampled tp)] | Loss 176.866043 | Likelihood -174.220566 | KL fp 6.7111 | FP STD 0.1069|
KL coef: 0.9999999979391934
Train loss (one batch): 169.6812744140625
Train CE loss (one batch): 0.0
Test MSE (raw): 0.0356
Test MSE (smoothed with alpha=0.01): 0.0462
New best smoothed test MSE: 0.0462. Saving best model to experiments/experiment_14946_best.ckpt
Test MSE group_0: 0.0321
Test MSE group_1: 0.0394
Test MSE group_2: nan
Test MSE group_3: nan
Poisson likelihood: 0.0
CE loss: 0.0
train MSE group_0: 0.0279
train MSE group_1: 0.0388
train MSE group_2: nan
train MSE group_3: nan
CE loss (TEST): 0.0
Experiment 14946
Epoch 3000 [Test seq (cond on sampled tp)] | Loss 169.178436 | Likelihood -166.120804 | KL fp 6.1304 | FP STD 0.1289|
KL coef: 0.9999999999999111
Train loss (one batch): 159.11375427246094
Train CE loss (one batch): 0.0
Test MSE (raw): 0.0340
Test MSE (smoothed with alpha=0.01): 0.0461
New best smoothed test MSE: 0.0461. Saving best model to experiments/experiment_14946_best.ckpt
Test MSE group_0: 0.0309
Test MSE group_1: 0.0373
Test MSE group_2: nan
Test MSE group_3: nan
Poisson likelihood: 0.0
CE loss: 0.0
train MSE group_0: 0.0261
train MSE group_1: 0.0366
train MSE group_2: nan
train MSE group_3: nan
CE loss (TEST): 0.0
