/Users/benjaminmaurel/Documents/Training_Sanofi/notebooks_hands_on/latent_ode/run_models.py
run_models.py --niters 3000 -n 200 -s 40 -l 10 --dataset PK_Tacro --latent-ode --noise-weight 0.01 --max-t 5. --seed 40 --experiment 27901
Experiment 27901
Epoch 1000 [Test seq (cond on sampled tp)] | Loss 160.245148 | Likelihood -159.688126 | KL fp 3.5140 | FP STD 0.1102|
KL coef: 0.9999522643707747
Train loss (one batch): 154.54161071777344
Train CE loss (one batch): 0.0
Test MSE (raw): 0.0327
Test MSE (smoothed with alpha=0.01): 0.0327
New best smoothed test MSE: 0.0327. Saving best model to experiments/experiment_27901_best.ckpt
Test MSE group_0: 0.0292
Test MSE group_1: 0.0361
Test MSE group_2: nan
Test MSE group_3: nan
Poisson likelihood: 0.0
CE loss: 0.0
train MSE group_0: 0.0321
train MSE group_1: 0.0306
train MSE group_2: nan
train MSE group_3: nan
CE loss (TEST): 0.0
Experiment 27901
Epoch 2000 [Test seq (cond on sampled tp)] | Loss 151.169983 | Likelihood -149.934967 | KL fp 3.8947 | FP STD 0.0874|
KL coef: 0.9999999979391934
Train loss (one batch): 144.7860107421875
Train CE loss (one batch): 0.0
Test MSE (raw): 0.0307
Test MSE (smoothed with alpha=0.01): 0.0327
New best smoothed test MSE: 0.0327. Saving best model to experiments/experiment_27901_best.ckpt
Test MSE group_0: 0.0280
Test MSE group_1: 0.0334
Test MSE group_2: nan
Test MSE group_3: nan
Poisson likelihood: 0.0
CE loss: 0.0
train MSE group_0: 0.0307
train MSE group_1: 0.0280
train MSE group_2: nan
train MSE group_3: nan
CE loss (TEST): 0.0
Experiment 27901
Epoch 3000 [Test seq (cond on sampled tp)] | Loss 147.179688 | Likelihood -146.024689 | KL fp 3.8711 | FP STD 0.0836|
KL coef: 0.9999999999999111
Train loss (one batch): 139.22727966308594
Train CE loss (one batch): 0.0
Test MSE (raw): 0.0299
Test MSE (smoothed with alpha=0.01): 0.0326
New best smoothed test MSE: 0.0326. Saving best model to experiments/experiment_27901_best.ckpt
Test MSE group_0: 0.0275
Test MSE group_1: 0.0324
Test MSE group_2: nan
Test MSE group_3: nan
Poisson likelihood: 0.0
CE loss: 0.0
train MSE group_0: 0.0292
train MSE group_1: 0.0272
train MSE group_2: nan
train MSE group_3: nan
CE loss (TEST): 0.0
