/Users/benjaminmaurel/Documents/Training_Sanofi/notebooks_hands_on/latent_ode/run_models.py
run_models.py --niters 3000 -n 200 -s 40 -l 10 --dataset PK_Tacro --latent-ode --noise-weight 0.01 --max-t 5. --seed 107 --experiment 17590
Experiment 17590
Epoch 1000 [Test seq (cond on sampled tp)] | Loss 213.329819 | Likelihood -210.027206 | KL fp 6.7868 | FP STD 0.1429|
KL coef: 0.9999522643707747
Train loss (one batch): 230.99554443359375
Train CE loss (one batch): 0.0
Test MSE (raw): 0.0427
Test MSE (smoothed with alpha=0.01): 0.0427
New best smoothed test MSE: 0.0427. Saving best model to experiments/experiment_17590_best.ckpt
Test MSE group_0: 0.0363
Test MSE group_1: 0.0491
Test MSE group_2: nan
Test MSE group_3: nan
Poisson likelihood: 0.0
CE loss: 0.0
train MSE group_0: 0.0385
train MSE group_1: 0.0534
train MSE group_2: nan
train MSE group_3: nan
CE loss (TEST): 0.0
Experiment 17590
Epoch 2000 [Test seq (cond on sampled tp)] | Loss 172.663681 | Likelihood -169.293793 | KL fp 6.6434 | FP STD 0.1204|
KL coef: 0.9999999979391934
Train loss (one batch): 187.68630981445312
Train CE loss (one batch): 0.0
Test MSE (raw): 0.0346
Test MSE (smoothed with alpha=0.01): 0.0427
New best smoothed test MSE: 0.0427. Saving best model to experiments/experiment_17590_best.ckpt
Test MSE group_0: 0.0299
Test MSE group_1: 0.0393
Test MSE group_2: nan
Test MSE group_3: nan
Poisson likelihood: 0.0
CE loss: 0.0
train MSE group_0: 0.0323
train MSE group_1: 0.0435
train MSE group_2: nan
train MSE group_3: nan
CE loss (TEST): 0.0
Experiment 17590
Epoch 3000 [Test seq (cond on sampled tp)] | Loss 161.579193 | Likelihood -157.678787 | KL fp 6.6573 | FP STD 0.0939|
KL coef: 0.9999999999999111
Train loss (one batch): 177.62709045410156
Train CE loss (one batch): 0.0
Test MSE (raw): 0.0323
Test MSE (smoothed with alpha=0.01): 0.0426
New best smoothed test MSE: 0.0426. Saving best model to experiments/experiment_17590_best.ckpt
Test MSE group_0: 0.0289
Test MSE group_1: 0.0356
Test MSE group_2: nan
Test MSE group_3: nan
Poisson likelihood: 0.0
CE loss: 0.0
train MSE group_0: 0.0311
train MSE group_1: 0.0394
train MSE group_2: nan
train MSE group_3: nan
CE loss (TEST): 0.0
