/Users/benjaminmaurel/Documents/Training_Sanofi/notebooks_hands_on/latent_ode/run_models.py
run_models.py --niters 3000 -n 200 -s 40 -l 10 --dataset PK_Tacro --latent-ode --noise-weight 0.01 --max-t 5. --seed 48 --experiment 37350
Experiment 37350
Epoch 1000 [Test seq (cond on sampled tp)] | Loss 257.221191 | Likelihood -257.924469 | KL fp 5.6550 | FP STD 0.3086|
KL coef: 0.9999522643707747
Train loss (one batch): 241.4750213623047
Train CE loss (one batch): 0.0
Test MSE (raw): 0.0523
Test MSE (smoothed with alpha=0.01): 0.0523
New best smoothed test MSE: 0.0523. Saving best model to experiments/experiment_37350_best.ckpt
Test MSE group_0: 0.0400
Test MSE group_1: 0.0644
Test MSE group_2: nan
Test MSE group_3: nan
Poisson likelihood: 0.0
CE loss: 0.0
train MSE group_0: 0.0415
train MSE group_1: 0.0575
train MSE group_2: nan
train MSE group_3: nan
CE loss (TEST): 0.0
Experiment 37350
Epoch 2000 [Test seq (cond on sampled tp)] | Loss 225.843246 | Likelihood -223.627304 | KL fp 5.8961 | FP STD 0.2303|
KL coef: 0.9999999979391934
Train loss (one batch): 210.4835205078125
Train CE loss (one batch): 0.0
Test MSE (raw): 0.0455
Test MSE (smoothed with alpha=0.01): 0.0523
New best smoothed test MSE: 0.0523. Saving best model to experiments/experiment_37350_best.ckpt
Test MSE group_0: 0.0381
Test MSE group_1: 0.0527
Test MSE group_2: nan
Test MSE group_3: nan
Poisson likelihood: 0.0
CE loss: 0.0
train MSE group_0: 0.0378
train MSE group_1: 0.0471
train MSE group_2: nan
train MSE group_3: nan
CE loss (TEST): 0.0
Experiment 37350
Epoch 3000 [Test seq (cond on sampled tp)] | Loss 218.137100 | Likelihood -215.098022 | KL fp 5.8129 | FP STD 0.1901|
KL coef: 0.9999999999999111
Train loss (one batch): 201.37477111816406
Train CE loss (one batch): 0.0
Test MSE (raw): 0.0438
Test MSE (smoothed with alpha=0.01): 0.0522
New best smoothed test MSE: 0.0522. Saving best model to experiments/experiment_37350_best.ckpt
Test MSE group_0: 0.0373
Test MSE group_1: 0.0502
Test MSE group_2: nan
Test MSE group_3: nan
Poisson likelihood: 0.0
CE loss: 0.0
train MSE group_0: 0.0362
train MSE group_1: 0.0449
train MSE group_2: nan
train MSE group_3: nan
CE loss (TEST): 0.0
