/Users/benjaminmaurel/Documents/Training_Sanofi/notebooks_hands_on/latent_ode/run_models.py
run_models.py --niters 3000 -n 200 -s 40 -l 10 --dataset PK_Tacro --latent-ode --noise-weight 0.01 --max-t 5. --seed 29 --experiment 32996
Experiment 32996
Epoch 1000 [Test seq (cond on sampled tp)] | Loss 171.530396 | Likelihood -170.832001 | KL fp 5.2900 | FP STD 0.1777|
KL coef: 0.9999522643707747
Train loss (one batch): 175.75868225097656
Train CE loss (one batch): 0.0
Test MSE (raw): 0.0349
Test MSE (smoothed with alpha=0.01): 0.0349
New best smoothed test MSE: 0.0349. Saving best model to experiments/experiment_32996_best.ckpt
Test MSE group_0: 0.0319
Test MSE group_1: 0.0379
Test MSE group_2: nan
Test MSE group_3: nan
Poisson likelihood: 0.0
CE loss: 0.0
train MSE group_0: 0.0357
train MSE group_1: 0.0347
train MSE group_2: nan
train MSE group_3: nan
CE loss (TEST): 0.0
Experiment 32996
Epoch 2000 [Test seq (cond on sampled tp)] | Loss 152.109100 | Likelihood -149.787827 | KL fp 5.4836 | FP STD 0.0973|
KL coef: 0.9999999979391934
Train loss (one batch): 154.44236755371094
Train CE loss (one batch): 0.0
Test MSE (raw): 0.0307
Test MSE (smoothed with alpha=0.01): 0.0349
New best smoothed test MSE: 0.0349. Saving best model to experiments/experiment_32996_best.ckpt
Test MSE group_0: 0.0281
Test MSE group_1: 0.0333
Test MSE group_2: nan
Test MSE group_3: nan
Poisson likelihood: 0.0
CE loss: 0.0
train MSE group_0: 0.0322
train MSE group_1: 0.0294
train MSE group_2: nan
train MSE group_3: nan
CE loss (TEST): 0.0
Experiment 32996
Epoch 3000 [Test seq (cond on sampled tp)] | Loss 151.183212 | Likelihood -149.053711 | KL fp 4.8572 | FP STD 0.1172|
KL coef: 0.9999999999999111
Train loss (one batch): 152.28189086914062
Train CE loss (one batch): 0.0
Test MSE (raw): 0.0305
Test MSE (smoothed with alpha=0.01): 0.0348
New best smoothed test MSE: 0.0348. Saving best model to experiments/experiment_32996_best.ckpt
Test MSE group_0: 0.0281
Test MSE group_1: 0.0330
Test MSE group_2: nan
Test MSE group_3: nan
Poisson likelihood: 0.0
CE loss: 0.0
train MSE group_0: 0.0323
train MSE group_1: 0.0287
train MSE group_2: nan
train MSE group_3: nan
CE loss (TEST): 0.0
