/Users/benjaminmaurel/Documents/Training_Sanofi/notebooks_hands_on/latent_ode/run_models.py
run_models.py --niters 3000 -n 200 -s 40 -l 10 --dataset PK_Tacro --latent-ode --noise-weight 0.01 --max-t 5. --seed 39 --experiment 36132
Experiment 36132
Epoch 1000 [Test seq (cond on sampled tp)] | Loss 201.874008 | Likelihood -201.035187 | KL fp 4.1288 | FP STD 0.1898|
KL coef: 0.9999522643707747
Train loss (one batch): 184.3876495361328
Train CE loss (one batch): 0.0
Test MSE (raw): 0.0409
Test MSE (smoothed with alpha=0.01): 0.0409
New best smoothed test MSE: 0.0409. Saving best model to experiments/experiment_36132_best.ckpt
Test MSE group_0: 0.0292
Test MSE group_1: 0.0525
Test MSE group_2: nan
Test MSE group_3: nan
Poisson likelihood: 0.0
CE loss: 0.0
train MSE group_0: 0.0303
train MSE group_1: 0.0452
train MSE group_2: nan
train MSE group_3: nan
CE loss (TEST): 0.0
Experiment 36132
Epoch 2000 [Test seq (cond on sampled tp)] | Loss 188.871460 | Likelihood -188.364929 | KL fp 4.2115 | FP STD 0.1816|
KL coef: 0.9999999979391934
Train loss (one batch): 171.01953125
Train CE loss (one batch): 0.0
Test MSE (raw): 0.0384
Test MSE (smoothed with alpha=0.01): 0.0409
New best smoothed test MSE: 0.0409. Saving best model to experiments/experiment_36132_best.ckpt
Test MSE group_0: 0.0285
Test MSE group_1: 0.0482
Test MSE group_2: nan
Test MSE group_3: nan
Poisson likelihood: 0.0
CE loss: 0.0
train MSE group_0: 0.0284
train MSE group_1: 0.0416
train MSE group_2: nan
train MSE group_3: nan
CE loss (TEST): 0.0
Experiment 36132
Epoch 3000 [Test seq (cond on sampled tp)] | Loss 175.234741 | Likelihood -174.257660 | KL fp 4.3566 | FP STD 0.1447|
KL coef: 0.9999999999999111
Train loss (one batch): 159.9736328125
Train CE loss (one batch): 0.0
Test MSE (raw): 0.0356
Test MSE (smoothed with alpha=0.01): 0.0409
New best smoothed test MSE: 0.0409. Saving best model to experiments/experiment_36132_best.ckpt
Test MSE group_0: 0.0282
Test MSE group_1: 0.0429
Test MSE group_2: nan
Test MSE group_3: nan
Poisson likelihood: 0.0
CE loss: 0.0
train MSE group_0: 0.0280
train MSE group_1: 0.0369
train MSE group_2: nan
train MSE group_3: nan
CE loss (TEST): 0.0
