/Users/benjaminmaurel/Documents/Training_Sanofi/notebooks_hands_on/latent_ode/run_models.py
run_models.py --niters 3000 -n 200 -s 40 -l 10 --dataset PK_Tacro --latent-ode --noise-weight 0.01 --max-t 5. --seed 20 --experiment 22809
Experiment 22809
Epoch 1000 [Test seq (cond on sampled tp)] | Loss 253.614716 | Likelihood -251.619263 | KL fp 5.2444 | FP STD 0.1065|
KL coef: 0.9999522643707747
Train loss (one batch): 255.13124084472656
Train CE loss (one batch): 0.0
Test MSE (raw): 0.0511
Test MSE (smoothed with alpha=0.01): 0.0511
New best smoothed test MSE: 0.0511. Saving best model to experiments/experiment_22809_best.ckpt
Test MSE group_0: 0.0486
Test MSE group_1: 0.0532
Test MSE group_2: nan
Test MSE group_3: nan
Poisson likelihood: 0.0
CE loss: 0.0
train MSE group_0: 0.0470
train MSE group_1: 0.0548
train MSE group_2: nan
train MSE group_3: nan
CE loss (TEST): 0.0
Experiment 22809
Epoch 2000 [Test seq (cond on sampled tp)] | Loss 187.678925 | Likelihood -188.448471 | KL fp 5.2595 | FP STD 0.0791|
KL coef: 0.9999999979391934
Train loss (one batch): 176.31063842773438
Train CE loss (one batch): 0.0
Test MSE (raw): 0.0384
Test MSE (smoothed with alpha=0.01): 0.0509
New best smoothed test MSE: 0.0509. Saving best model to experiments/experiment_22809_best.ckpt
Test MSE group_0: 0.0358
Test MSE group_1: 0.0407
Test MSE group_2: nan
Test MSE group_3: nan
Poisson likelihood: 0.0
CE loss: 0.0
train MSE group_0: 0.0316
train MSE group_1: 0.0384
train MSE group_2: nan
train MSE group_3: nan
CE loss (TEST): 0.0
Experiment 22809
Epoch 3000 [Test seq (cond on sampled tp)] | Loss 175.853500 | Likelihood -175.807114 | KL fp 5.1913 | FP STD 0.0921|
KL coef: 0.9999999999999111
Train loss (one batch): 163.8985137939453
Train CE loss (one batch): 0.0
Test MSE (raw): 0.0359
Test MSE (smoothed with alpha=0.01): 0.0508
New best smoothed test MSE: 0.0508. Saving best model to experiments/experiment_22809_best.ckpt
Test MSE group_0: 0.0339
Test MSE group_1: 0.0377
Test MSE group_2: nan
Test MSE group_3: nan
Poisson likelihood: 0.0
CE loss: 0.0
train MSE group_0: 0.0297
train MSE group_1: 0.0355
train MSE group_2: nan
train MSE group_3: nan
CE loss (TEST): 0.0
