/Users/benjaminmaurel/Documents/Training_Sanofi/notebooks_hands_on/latent_ode/run_models.py
run_models.py --niters 3000 -n 200 -s 40 -l 10 --dataset PK_Tacro --latent-ode --noise-weight 0.01 --max-t 5. --seed 42 --experiment 12426
Experiment 12426
Epoch 1000 [Test seq (cond on sampled tp)] | Loss 240.724457 | Likelihood -238.365524 | KL fp 5.1790 | FP STD 0.0908|
KL coef: 0.9999522643707747
Train loss (one batch): 242.03573608398438
Train CE loss (one batch): 0.0
Test MSE (raw): 0.0484
Test MSE (smoothed with alpha=0.01): 0.0484
New best smoothed test MSE: 0.0484. Saving best model to experiments/experiment_12426_best.ckpt
Test MSE group_0: 0.0437
Test MSE group_1: 0.0529
Test MSE group_2: nan
Test MSE group_3: nan
Poisson likelihood: 0.0
CE loss: 0.0
train MSE group_0: 0.0465
train MSE group_1: 0.0503
train MSE group_2: nan
train MSE group_3: nan
CE loss (TEST): 0.0
Experiment 12426
Epoch 2000 [Test seq (cond on sampled tp)] | Loss 198.515198 | Likelihood -197.974869 | KL fp 4.8099 | FP STD 0.1337|
KL coef: 0.9999999979391934
Train loss (one batch): 194.4272918701172
Train CE loss (one batch): 0.0
Test MSE (raw): 0.0403
Test MSE (smoothed with alpha=0.01): 0.0483
New best smoothed test MSE: 0.0483. Saving best model to experiments/experiment_12426_best.ckpt
Test MSE group_0: 0.0364
Test MSE group_1: 0.0439
Test MSE group_2: nan
Test MSE group_3: nan
Poisson likelihood: 0.0
CE loss: 0.0
train MSE group_0: 0.0383
train MSE group_1: 0.0399
train MSE group_2: nan
train MSE group_3: nan
CE loss (TEST): 0.0
Experiment 12426
Epoch 3000 [Test seq (cond on sampled tp)] | Loss 180.887833 | Likelihood -178.962631 | KL fp 5.0764 | FP STD 0.0860|
KL coef: 0.9999999999999111
Train loss (one batch): 172.59506225585938
Train CE loss (one batch): 0.0
Test MSE (raw): 0.0365
Test MSE (smoothed with alpha=0.01): 0.0482
New best smoothed test MSE: 0.0482. Saving best model to experiments/experiment_12426_best.ckpt
Test MSE group_0: 0.0335
Test MSE group_1: 0.0393
Test MSE group_2: nan
Test MSE group_3: nan
Poisson likelihood: 0.0
CE loss: 0.0
train MSE group_0: 0.0353
train MSE group_1: 0.0337
train MSE group_2: nan
train MSE group_3: nan
CE loss (TEST): 0.0
