/Users/benjaminmaurel/Documents/Training_Sanofi/notebooks_hands_on/latent_ode/run_models.py
run_models.py --niters 3000 -n 200 -s 40 -l 10 --dataset PK_Tacro --latent-ode --noise-weight 0.01 --max-t 5. --seed 36 --experiment 25520
Experiment 25520
Epoch 1000 [Test seq (cond on sampled tp)] | Loss 200.329834 | Likelihood -196.513611 | KL fp 6.2941 | FP STD 0.0913|
KL coef: 0.9999522643707747
Train loss (one batch): 200.70729064941406
Train CE loss (one batch): 0.0
Test MSE (raw): 0.0400
Test MSE (smoothed with alpha=0.01): 0.0400
New best smoothed test MSE: 0.0400. Saving best model to experiments/experiment_25520_best.ckpt
Test MSE group_0: 0.0369
Test MSE group_1: 0.0428
Test MSE group_2: nan
Test MSE group_3: nan
Poisson likelihood: 0.0
CE loss: 0.0
train MSE group_0: 0.0370
train MSE group_1: 0.0436
train MSE group_2: nan
train MSE group_3: nan
CE loss (TEST): 0.0
Experiment 25520
Epoch 2000 [Test seq (cond on sampled tp)] | Loss 181.983963 | Likelihood -179.093262 | KL fp 5.5679 | FP STD 0.1197|
KL coef: 0.9999999979391934
Train loss (one batch): 181.1289825439453
Train CE loss (one batch): 0.0
Test MSE (raw): 0.0366
Test MSE (smoothed with alpha=0.01): 0.0400
New best smoothed test MSE: 0.0400. Saving best model to experiments/experiment_25520_best.ckpt
Test MSE group_0: 0.0344
Test MSE group_1: 0.0384
Test MSE group_2: nan
Test MSE group_3: nan
Poisson likelihood: 0.0
CE loss: 0.0
train MSE group_0: 0.0345
train MSE group_1: 0.0381
train MSE group_2: nan
train MSE group_3: nan
CE loss (TEST): 0.0
Experiment 25520
Epoch 3000 [Test seq (cond on sampled tp)] | Loss 174.805878 | Likelihood -171.989319 | KL fp 5.4191 | FP STD 0.0873|
KL coef: 0.9999999999999111
Train loss (one batch): 166.7085418701172
Train CE loss (one batch): 0.0
Test MSE (raw): 0.0351
Test MSE (smoothed with alpha=0.01): 0.0400
New best smoothed test MSE: 0.0400. Saving best model to experiments/experiment_25520_best.ckpt
Test MSE group_0: 0.0335
Test MSE group_1: 0.0366
Test MSE group_2: nan
Test MSE group_3: nan
Poisson likelihood: 0.0
CE loss: 0.0
train MSE group_0: 0.0326
train MSE group_1: 0.0340
train MSE group_2: nan
train MSE group_3: nan
CE loss (TEST): 0.0
