/Users/benjaminmaurel/Documents/Training_Sanofi/notebooks_hands_on/latent_ode/run_models.py
run_models.py --niters 3000 -n 200 -s 40 -l 10 --dataset PK_Tacro --latent-ode --noise-weight 0.01 --max-t 5. --seed 6 --experiment 33533
Experiment 33533
Epoch 1000 [Test seq (cond on sampled tp)] | Loss 209.828445 | Likelihood -207.526489 | KL fp 6.3163 | FP STD 0.2588|
KL coef: 0.9999522643707747
Train loss (one batch): 180.7439422607422
Train CE loss (one batch): 0.0
Test MSE (raw): 0.0422
Test MSE (smoothed with alpha=0.01): 0.0422
New best smoothed test MSE: 0.0422. Saving best model to experiments/experiment_33533_best.ckpt
Test MSE group_0: 0.0397
Test MSE group_1: 0.0445
Test MSE group_2: nan
Test MSE group_3: nan
Poisson likelihood: 0.0
CE loss: 0.0
train MSE group_0: 0.0327
train MSE group_1: 0.0396
train MSE group_2: nan
train MSE group_3: nan
CE loss (TEST): 0.0
Experiment 33533
Epoch 2000 [Test seq (cond on sampled tp)] | Loss 198.106873 | Likelihood -194.783432 | KL fp 6.4085 | FP STD 0.2106|
KL coef: 0.9999999979391934
Train loss (one batch): 170.2653045654297
Train CE loss (one batch): 0.0
Test MSE (raw): 0.0397
Test MSE (smoothed with alpha=0.01): 0.0422
New best smoothed test MSE: 0.0422. Saving best model to experiments/experiment_33533_best.ckpt
Test MSE group_0: 0.0388
Test MSE group_1: 0.0405
Test MSE group_2: nan
Test MSE group_3: nan
Poisson likelihood: 0.0
CE loss: 0.0
train MSE group_0: 0.0307
train MSE group_1: 0.0368
train MSE group_2: nan
train MSE group_3: nan
CE loss (TEST): 0.0
Experiment 33533
Epoch 3000 [Test seq (cond on sampled tp)] | Loss 185.569077 | Likelihood -181.459106 | KL fp 6.6528 | FP STD 0.1560|
KL coef: 0.9999999999999111
Train loss (one batch): 154.91217041015625
Train CE loss (one batch): 0.0
Test MSE (raw): 0.0370
Test MSE (smoothed with alpha=0.01): 0.0422
New best smoothed test MSE: 0.0422. Saving best model to experiments/experiment_33533_best.ckpt
Test MSE group_0: 0.0360
Test MSE group_1: 0.0380
Test MSE group_2: nan
Test MSE group_3: nan
Poisson likelihood: 0.0
CE loss: 0.0
train MSE group_0: 0.0283
train MSE group_1: 0.0329
train MSE group_2: nan
train MSE group_3: nan
CE loss (TEST): 0.0
