/Users/benjaminmaurel/Documents/Training_Sanofi/notebooks_hands_on/latent_ode/run_models.py
run_models.py --niters 3000 -n 200 -s 40 -l 10 --dataset PK_Tacro --latent-ode --noise-weight 0.01 --max-t 5. --seed 2 --experiment 32576
Experiment 32576
Epoch 1000 [Test seq (cond on sampled tp)] | Loss 244.621521 | Likelihood -243.056046 | KL fp 5.3034 | FP STD 0.1545|
KL coef: 0.9999522643707747
Train loss (one batch): 231.32485961914062
Train CE loss (one batch): 0.0
Test MSE (raw): 0.0493
Test MSE (smoothed with alpha=0.01): 0.0493
New best smoothed test MSE: 0.0493. Saving best model to experiments/experiment_32576_best.ckpt
Test MSE group_0: 0.0375
Test MSE group_1: 0.0634
Test MSE group_2: nan
Test MSE group_3: nan
Poisson likelihood: 0.0
CE loss: 0.0
train MSE group_0: 0.0359
train MSE group_1: 0.0588
train MSE group_2: nan
train MSE group_3: nan
CE loss (TEST): 0.0
Experiment 32576
Epoch 2000 [Test seq (cond on sampled tp)] | Loss 167.901199 | Likelihood -165.210541 | KL fp 5.2454 | FP STD 0.1151|
KL coef: 0.9999999979391934
Train loss (one batch): 151.76234436035156
Train CE loss (one batch): 0.0
Test MSE (raw): 0.0338
Test MSE (smoothed with alpha=0.01): 0.0492
New best smoothed test MSE: 0.0492. Saving best model to experiments/experiment_32576_best.ckpt
Test MSE group_0: 0.0297
Test MSE group_1: 0.0386
Test MSE group_2: nan
Test MSE group_3: nan
Poisson likelihood: 0.0
CE loss: 0.0
train MSE group_0: 0.0277
train MSE group_1: 0.0334
train MSE group_2: nan
train MSE group_3: nan
CE loss (TEST): 0.0
Experiment 32576
Epoch 3000 [Test seq (cond on sampled tp)] | Loss 159.882904 | Likelihood -157.826187 | KL fp 4.9982 | FP STD 0.1277|
KL coef: 0.9999999999999111
Train loss (one batch): 145.33242797851562
Train CE loss (one batch): 0.0
Test MSE (raw): 0.0323
Test MSE (smoothed with alpha=0.01): 0.0490
New best smoothed test MSE: 0.0490. Saving best model to experiments/experiment_32576_best.ckpt
Test MSE group_0: 0.0290
Test MSE group_1: 0.0362
Test MSE group_2: nan
Test MSE group_3: nan
Poisson likelihood: 0.0
CE loss: 0.0
train MSE group_0: 0.0273
train MSE group_1: 0.0312
train MSE group_2: nan
train MSE group_3: nan
CE loss (TEST): 0.0
