/Users/benjaminmaurel/Documents/Training_Sanofi/notebooks_hands_on/latent_ode/run_models.py
run_models.py --niters 3000 -n 200 -s 40 -l 10 --dataset PK_Tacro --latent-ode --noise-weight 0.01 --max-t 5. --seed 117 --experiment 24266
Experiment 24266
Epoch 1000 [Test seq (cond on sampled tp)] | Loss 222.973312 | Likelihood -220.617462 | KL fp 5.4307 | FP STD 0.2256|
KL coef: 0.9999522643707747
Train loss (one batch): 231.0962677001953
Train CE loss (one batch): 0.0
Test MSE (raw): 0.0449
Test MSE (smoothed with alpha=0.01): 0.0449
New best smoothed test MSE: 0.0449. Saving best model to experiments/experiment_24266_best.ckpt
Test MSE group_0: 0.0391
Test MSE group_1: 0.0506
Test MSE group_2: nan
Test MSE group_3: nan
Poisson likelihood: 0.0
CE loss: 0.0
train MSE group_0: 0.0423
train MSE group_1: 0.0502
train MSE group_2: nan
train MSE group_3: nan
CE loss (TEST): 0.0
Experiment 24266
Epoch 2000 [Test seq (cond on sampled tp)] | Loss 217.174713 | Likelihood -216.782623 | KL fp 5.4009 | FP STD 0.1725|
KL coef: 0.9999999979391934
Train loss (one batch): 224.54913330078125
Train CE loss (one batch): 0.0
Test MSE (raw): 0.0441
Test MSE (smoothed with alpha=0.01): 0.0449
New best smoothed test MSE: 0.0449. Saving best model to experiments/experiment_24266_best.ckpt
Test MSE group_0: 0.0403
Test MSE group_1: 0.0479
Test MSE group_2: nan
Test MSE group_3: nan
Poisson likelihood: 0.0
CE loss: 0.0
train MSE group_0: 0.0437
train MSE group_1: 0.0462
train MSE group_2: nan
train MSE group_3: nan
CE loss (TEST): 0.0
Experiment 24266
Epoch 3000 [Test seq (cond on sampled tp)] | Loss 177.274170 | Likelihood -175.458435 | KL fp 5.3853 | FP STD 0.1371|
KL coef: 0.9999999999999111
Train loss (one batch): 193.909912109375
Train CE loss (one batch): 0.0
Test MSE (raw): 0.0358
Test MSE (smoothed with alpha=0.01): 0.0448
New best smoothed test MSE: 0.0448. Saving best model to experiments/experiment_24266_best.ckpt
Test MSE group_0: 0.0335
Test MSE group_1: 0.0381
Test MSE group_2: nan
Test MSE group_3: nan
Poisson likelihood: 0.0
CE loss: 0.0
train MSE group_0: 0.0378
train MSE group_1: 0.0396
train MSE group_2: nan
train MSE group_3: nan
CE loss (TEST): 0.0
