/Users/benjaminmaurel/Documents/Training_Sanofi/notebooks_hands_on/latent_ode/run_models.py
run_models.py --niters 3000 -n 200 -s 40 -l 10 --dataset PK_Tacro --latent-ode --noise-weight 0.01 --max-t 5. --seed 10 --experiment 25357
Experiment 25357
Epoch 1000 [Test seq (cond on sampled tp)] | Loss 257.269897 | Likelihood -253.014908 | KL fp 7.1035 | FP STD 0.1415|
KL coef: 0.9999522643707747
Train loss (one batch): 253.9852752685547
Train CE loss (one batch): 0.0
Test MSE (raw): 0.0513
Test MSE (smoothed with alpha=0.01): 0.0513
New best smoothed test MSE: 0.0513. Saving best model to experiments/experiment_25357_best.ckpt
Test MSE group_0: 0.0408
Test MSE group_1: 0.0606
Test MSE group_2: nan
Test MSE group_3: nan
Poisson likelihood: 0.0
CE loss: 0.0
train MSE group_0: 0.0426
train MSE group_1: 0.0606
train MSE group_2: nan
train MSE group_3: nan
CE loss (TEST): 0.0
Experiment 25357
Epoch 2000 [Test seq (cond on sampled tp)] | Loss 204.643921 | Likelihood -200.497314 | KL fp 6.9958 | FP STD 0.0975|
KL coef: 0.9999999979391934
Train loss (one batch): 202.2789306640625
Train CE loss (one batch): 0.0
Test MSE (raw): 0.0408
Test MSE (smoothed with alpha=0.01): 0.0512
New best smoothed test MSE: 0.0512. Saving best model to experiments/experiment_25357_best.ckpt
Test MSE group_0: 0.0364
Test MSE group_1: 0.0448
Test MSE group_2: nan
Test MSE group_3: nan
Poisson likelihood: 0.0
CE loss: 0.0
train MSE group_0: 0.0372
train MSE group_1: 0.0437
train MSE group_2: nan
train MSE group_3: nan
CE loss (TEST): 0.0
Experiment 25357
Epoch 3000 [Test seq (cond on sampled tp)] | Loss 199.943115 | Likelihood -197.470123 | KL fp 6.5523 | FP STD 0.1165|
KL coef: 0.9999999999999111
Train loss (one batch): 197.73342895507812
Train CE loss (one batch): 0.0
Test MSE (raw): 0.0402
Test MSE (smoothed with alpha=0.01): 0.0511
New best smoothed test MSE: 0.0511. Saving best model to experiments/experiment_25357_best.ckpt
Test MSE group_0: 0.0361
Test MSE group_1: 0.0439
Test MSE group_2: nan
Test MSE group_3: nan
Poisson likelihood: 0.0
CE loss: 0.0
train MSE group_0: 0.0369
train MSE group_1: 0.0426
train MSE group_2: nan
train MSE group_3: nan
CE loss (TEST): 0.0
