/Users/benjaminmaurel/Documents/Training_Sanofi/notebooks_hands_on/latent_ode/run_models.py
run_models.py --niters 3000 -n 200 -s 40 -l 10 --dataset PK_Tacro --latent-ode --noise-weight 0.01 --max-t 5. --seed 127 --experiment 32640
Experiment 32640
Epoch 1000 [Test seq (cond on sampled tp)] | Loss 163.881516 | Likelihood -159.352097 | KL fp 7.6756 | FP STD 0.1077|
KL coef: 0.9999522643707747
Train loss (one batch): 166.5277862548828
Train CE loss (one batch): 0.0
Test MSE (raw): 0.0326
Test MSE (smoothed with alpha=0.01): 0.0326
New best smoothed test MSE: 0.0326. Saving best model to experiments/experiment_32640_best.ckpt
Test MSE group_0: 0.0284
Test MSE group_1: 0.0368
Test MSE group_2: nan
Test MSE group_3: nan
Poisson likelihood: 0.0
CE loss: 0.0
train MSE group_0: 0.0311
train MSE group_1: 0.0344
train MSE group_2: nan
train MSE group_3: nan
CE loss (TEST): 0.0
Experiment 32640
Epoch 2000 [Test seq (cond on sampled tp)] | Loss 150.350510 | Likelihood -145.891251 | KL fp 7.6956 | FP STD 0.0914|
KL coef: 0.9999999979391934
Train loss (one batch): 151.7776641845703
Train CE loss (one batch): 0.0
Test MSE (raw): 0.0299
Test MSE (smoothed with alpha=0.01): 0.0326
New best smoothed test MSE: 0.0326. Saving best model to experiments/experiment_32640_best.ckpt
Test MSE group_0: 0.0277
Test MSE group_1: 0.0321
Test MSE group_2: nan
Test MSE group_3: nan
Poisson likelihood: 0.0
CE loss: 0.0
train MSE group_0: 0.0296
train MSE group_1: 0.0299
train MSE group_2: nan
train MSE group_3: nan
CE loss (TEST): 0.0
Experiment 32640
Epoch 3000 [Test seq (cond on sampled tp)] | Loss 140.484985 | Likelihood -137.047974 | KL fp 7.1738 | FP STD 0.1031|
KL coef: 0.9999999999999111
Train loss (one batch): 142.46978759765625
Train CE loss (one batch): 0.0
Test MSE (raw): 0.0281
Test MSE (smoothed with alpha=0.01): 0.0325
New best smoothed test MSE: 0.0325. Saving best model to experiments/experiment_32640_best.ckpt
Test MSE group_0: 0.0261
Test MSE group_1: 0.0301
Test MSE group_2: nan
Test MSE group_3: nan
Poisson likelihood: 0.0
CE loss: 0.0
train MSE group_0: 0.0282
train MSE group_1: 0.0279
train MSE group_2: nan
train MSE group_3: nan
CE loss (TEST): 0.0
