/Users/benjaminmaurel/Documents/Training_Sanofi/notebooks_hands_on/latent_ode/run_models.py
run_models.py --niters 3000 -n 200 -s 40 -l 10 --dataset PK_Tacro --latent-ode --noise-weight 0.01 --max-t 5. --seed 141 --experiment 13032
Experiment 13032
Epoch 1000 [Test seq (cond on sampled tp)] | Loss 227.501892 | Likelihood -223.145294 | KL fp 6.8803 | FP STD 0.1094|
KL coef: 0.9999522643707747
Train loss (one batch): 260.65167236328125
Train CE loss (one batch): 0.0
Test MSE (raw): 0.0454
Test MSE (smoothed with alpha=0.01): 0.0454
New best smoothed test MSE: 0.0454. Saving best model to experiments/experiment_13032_best.ckpt
Test MSE group_0: 0.0384
Test MSE group_1: 0.0522
Test MSE group_2: nan
Test MSE group_3: nan
Poisson likelihood: 0.0
CE loss: 0.0
train MSE group_0: 0.0450
train MSE group_1: 0.0584
train MSE group_2: nan
train MSE group_3: nan
CE loss (TEST): 0.0
Experiment 13032
Epoch 2000 [Test seq (cond on sampled tp)] | Loss 197.747131 | Likelihood -193.973770 | KL fp 6.4510 | FP STD 0.1237|
KL coef: 0.9999999979391934
Train loss (one batch): 232.2533721923828
Train CE loss (one batch): 0.0
Test MSE (raw): 0.0395
Test MSE (smoothed with alpha=0.01): 0.0453
New best smoothed test MSE: 0.0453. Saving best model to experiments/experiment_13032_best.ckpt
Test MSE group_0: 0.0358
Test MSE group_1: 0.0433
Test MSE group_2: nan
Test MSE group_3: nan
Poisson likelihood: 0.0
CE loss: 0.0
train MSE group_0: 0.0423
train MSE group_1: 0.0500
train MSE group_2: nan
train MSE group_3: nan
CE loss (TEST): 0.0
Experiment 13032
Epoch 3000 [Test seq (cond on sampled tp)] | Loss 168.062744 | Likelihood -164.301651 | KL fp 6.5600 | FP STD 0.0917|
KL coef: 0.9999999999999111
Train loss (one batch): 198.64903259277344
Train CE loss (one batch): 0.0
Test MSE (raw): 0.0336
Test MSE (smoothed with alpha=0.01): 0.0452
New best smoothed test MSE: 0.0452. Saving best model to experiments/experiment_13032_best.ckpt
Test MSE group_0: 0.0309
Test MSE group_1: 0.0363
Test MSE group_2: nan
Test MSE group_3: nan
Poisson likelihood: 0.0
CE loss: 0.0
train MSE group_0: 0.0366
train MSE group_1: 0.0422
train MSE group_2: nan
train MSE group_3: nan
CE loss (TEST): 0.0
