/Users/benjaminmaurel/Documents/Training_Sanofi/notebooks_hands_on/latent_ode/run_models.py
run_models.py --niters 3000 -n 200 -s 40 -l 10 --dataset PK_Tacro --latent-ode --noise-weight 0.01 --max-t 5. --seed 43 --experiment 26722
Experiment 26722
Epoch 1000 [Test seq (cond on sampled tp)] | Loss 192.955917 | Likelihood -193.346329 | KL fp 4.1080 | FP STD 0.1758|
KL coef: 0.9999522643707747
Train loss (one batch): 183.83006286621094
Train CE loss (one batch): 0.0
Test MSE (raw): 0.0394
Test MSE (smoothed with alpha=0.01): 0.0394
New best smoothed test MSE: 0.0394. Saving best model to experiments/experiment_26722_best.ckpt
Test MSE group_0: 0.0303
Test MSE group_1: 0.0484
Test MSE group_2: nan
Test MSE group_3: nan
Poisson likelihood: 0.0
CE loss: 0.0
train MSE group_0: 0.0286
train MSE group_1: 0.0462
train MSE group_2: nan
train MSE group_3: nan
CE loss (TEST): 0.0
Experiment 26722
Epoch 2000 [Test seq (cond on sampled tp)] | Loss 164.026123 | Likelihood -166.070938 | KL fp 4.7226 | FP STD 0.0905|
KL coef: 0.9999999979391934
Train loss (one batch): 148.7469940185547
Train CE loss (one batch): 0.0
Test MSE (raw): 0.0340
Test MSE (smoothed with alpha=0.01): 0.0394
New best smoothed test MSE: 0.0394. Saving best model to experiments/experiment_26722_best.ckpt
Test MSE group_0: 0.0272
Test MSE group_1: 0.0408
Test MSE group_2: nan
Test MSE group_3: nan
Poisson likelihood: 0.0
CE loss: 0.0
train MSE group_0: 0.0245
train MSE group_1: 0.0354
train MSE group_2: nan
train MSE group_3: nan
CE loss (TEST): 0.0
Experiment 26722
Epoch 3000 [Test seq (cond on sampled tp)] | Loss 156.638626 | Likelihood -162.435272 | KL fp 4.7585 | FP STD 0.1027|
KL coef: 0.9999999999999111
Train loss (one batch): 140.37625122070312
Train CE loss (one batch): 0.0
Test MSE (raw): 0.0332
Test MSE (smoothed with alpha=0.01): 0.0393
New best smoothed test MSE: 0.0393. Saving best model to experiments/experiment_26722_best.ckpt
Test MSE group_0: 0.0269
Test MSE group_1: 0.0395
Test MSE group_2: nan
Test MSE group_3: nan
Poisson likelihood: 0.0
CE loss: 0.0
train MSE group_0: 0.0243
train MSE group_1: 0.0323
train MSE group_2: nan
train MSE group_3: nan
CE loss (TEST): 0.0
