/Users/benjaminmaurel/Documents/Training_Sanofi/notebooks_hands_on/latent_ode/run_models.py
run_models.py --niters 3000 -n 200 -s 40 -l 10 --dataset PK_Tacro --latent-ode --noise-weight 0.01 --max-t 5. --seed 9 --experiment 26126
Experiment 26126
Epoch 1000 [Test seq (cond on sampled tp)] | Loss 201.913559 | Likelihood -196.537231 | KL fp 8.6090 | FP STD 0.1256|
KL coef: 0.9999522643707747
Train loss (one batch): 203.23077392578125
Train CE loss (one batch): 0.0
Test MSE (raw): 0.0400
Test MSE (smoothed with alpha=0.01): 0.0400
New best smoothed test MSE: 0.0400. Saving best model to experiments/experiment_26126_best.ckpt
Test MSE group_0: 0.0360
Test MSE group_1: 0.0445
Test MSE group_2: nan
Test MSE group_3: nan
Poisson likelihood: 0.0
CE loss: 0.0
train MSE group_0: 0.0353
train MSE group_1: 0.0442
train MSE group_2: nan
train MSE group_3: nan
CE loss (TEST): 0.0
Experiment 26126
Epoch 2000 [Test seq (cond on sampled tp)] | Loss 157.441391 | Likelihood -152.643707 | KL fp 7.9927 | FP STD 0.1024|
KL coef: 0.9999999979391934
Train loss (one batch): 151.6299285888672
Train CE loss (one batch): 0.0
Test MSE (raw): 0.0313
Test MSE (smoothed with alpha=0.01): 0.0400
New best smoothed test MSE: 0.0400. Saving best model to experiments/experiment_26126_best.ckpt
Test MSE group_0: 0.0282
Test MSE group_1: 0.0346
Test MSE group_2: nan
Test MSE group_3: nan
Poisson likelihood: 0.0
CE loss: 0.0
train MSE group_0: 0.0267
train MSE group_1: 0.0325
train MSE group_2: nan
train MSE group_3: nan
CE loss (TEST): 0.0
Experiment 26126
Epoch 3000 [Test seq (cond on sampled tp)] | Loss 141.516174 | Likelihood -136.596893 | KL fp 7.4969 | FP STD 0.0787|
KL coef: 0.9999999999999111
Train loss (one batch): 134.22201538085938
Train CE loss (one batch): 0.0
Test MSE (raw): 0.0281
Test MSE (smoothed with alpha=0.01): 0.0398
New best smoothed test MSE: 0.0398. Saving best model to experiments/experiment_26126_best.ckpt
Test MSE group_0: 0.0258
Test MSE group_1: 0.0305
Test MSE group_2: nan
Test MSE group_3: nan
Poisson likelihood: 0.0
CE loss: 0.0
train MSE group_0: 0.0245
train MSE group_1: 0.0281
train MSE group_2: nan
train MSE group_3: nan
CE loss (TEST): 0.0
