/Users/benjaminmaurel/Documents/Training_Sanofi/notebooks_hands_on/latent_ode/run_models.py
run_models.py --niters 3000 -n 200 -s 40 -l 10 --dataset PK_Tacro --latent-ode --noise-weight 0.01 --max-t 5. --seed 125 --experiment 35554
Experiment 35554
Epoch 1000 [Test seq (cond on sampled tp)] | Loss 177.940216 | Likelihood -175.604675 | KL fp 5.8058 | FP STD 0.2097|
KL coef: 0.9999522643707747
Train loss (one batch): 167.71168518066406
Train CE loss (one batch): 0.0
Test MSE (raw): 0.0359
Test MSE (smoothed with alpha=0.01): 0.0359
New best smoothed test MSE: 0.0359. Saving best model to experiments/experiment_35554_best.ckpt
Test MSE group_0: 0.0327
Test MSE group_1: 0.0389
Test MSE group_2: nan
Test MSE group_3: nan
Poisson likelihood: 0.0
CE loss: 0.0
train MSE group_0: 0.0318
train MSE group_1: 0.0350
train MSE group_2: nan
train MSE group_3: nan
CE loss (TEST): 0.0
Experiment 35554
Epoch 2000 [Test seq (cond on sampled tp)] | Loss 164.854095 | Likelihood -162.191406 | KL fp 5.5138 | FP STD 0.1492|
KL coef: 0.9999999979391934
Train loss (one batch): 153.33908081054688
Train CE loss (one batch): 0.0
Test MSE (raw): 0.0332
Test MSE (smoothed with alpha=0.01): 0.0358
New best smoothed test MSE: 0.0358. Saving best model to experiments/experiment_35554_best.ckpt
Test MSE group_0: 0.0302
Test MSE group_1: 0.0361
Test MSE group_2: nan
Test MSE group_3: nan
Poisson likelihood: 0.0
CE loss: 0.0
train MSE group_0: 0.0284
train MSE group_1: 0.0325
train MSE group_2: nan
train MSE group_3: nan
CE loss (TEST): 0.0
Experiment 35554
Epoch 3000 [Test seq (cond on sampled tp)] | Loss 157.969498 | Likelihood -155.003052 | KL fp 5.5259 | FP STD 0.0955|
KL coef: 0.9999999999999111
Train loss (one batch): 142.2320098876953
Train CE loss (one batch): 0.0
Test MSE (raw): 0.0317
Test MSE (smoothed with alpha=0.01): 0.0358
New best smoothed test MSE: 0.0358. Saving best model to experiments/experiment_35554_best.ckpt
Test MSE group_0: 0.0293
Test MSE group_1: 0.0341
Test MSE group_2: nan
Test MSE group_3: nan
Poisson likelihood: 0.0
CE loss: 0.0
train MSE group_0: 0.0266
train MSE group_1: 0.0299
train MSE group_2: nan
train MSE group_3: nan
CE loss (TEST): 0.0
