/Users/benjaminmaurel/Documents/Training_Sanofi/notebooks_hands_on/latent_ode/run_models.py
run_models.py --niters 3000 -n 200 -s 40 -l 10 --dataset PK_Tacro --latent-ode --noise-weight 0.01 --max-t 5. --seed 15 --experiment 40717
Experiment 40717
Epoch 1000 [Test seq (cond on sampled tp)] | Loss 246.476913 | Likelihood -241.785919 | KL fp 8.4907 | FP STD 0.1530|
KL coef: 0.9999522643707747
Train loss (one batch): 252.81260681152344
Train CE loss (one batch): 0.0
Test MSE (raw): 0.0491
Test MSE (smoothed with alpha=0.01): 0.0491
New best smoothed test MSE: 0.0491. Saving best model to experiments/experiment_40717_best.ckpt
Test MSE group_0: 0.0447
Test MSE group_1: 0.0540
Test MSE group_2: nan
Test MSE group_3: nan
Poisson likelihood: 0.0
CE loss: 0.0
train MSE group_0: 0.0420
train MSE group_1: 0.0578
train MSE group_2: nan
train MSE group_3: nan
CE loss (TEST): 0.0
Experiment 40717
Epoch 2000 [Test seq (cond on sampled tp)] | Loss 197.198257 | Likelihood -192.118347 | KL fp 8.2069 | FP STD 0.1025|
KL coef: 0.9999999979391934
Train loss (one batch): 195.91429138183594
Train CE loss (one batch): 0.0
Test MSE (raw): 0.0392
Test MSE (smoothed with alpha=0.01): 0.0490
New best smoothed test MSE: 0.0490. Saving best model to experiments/experiment_40717_best.ckpt
Test MSE group_0: 0.0353
Test MSE group_1: 0.0435
Test MSE group_2: nan
Test MSE group_3: nan
Poisson likelihood: 0.0
CE loss: 0.0
train MSE group_0: 0.0335
train MSE group_1: 0.0437
train MSE group_2: nan
train MSE group_3: nan
CE loss (TEST): 0.0
Experiment 40717
Epoch 3000 [Test seq (cond on sampled tp)] | Loss 192.633484 | Likelihood -187.809860 | KL fp 7.9589 | FP STD 0.0928|
KL coef: 0.9999999999999111
Train loss (one batch): 179.40464782714844
Train CE loss (one batch): 0.0
Test MSE (raw): 0.0383
Test MSE (smoothed with alpha=0.01): 0.0489
New best smoothed test MSE: 0.0489. Saving best model to experiments/experiment_40717_best.ckpt
Test MSE group_0: 0.0356
Test MSE group_1: 0.0413
Test MSE group_2: nan
Test MSE group_3: nan
Poisson likelihood: 0.0
CE loss: 0.0
train MSE group_0: 0.0314
train MSE group_1: 0.0392
train MSE group_2: nan
train MSE group_3: nan
CE loss (TEST): 0.0
