/Users/benjaminmaurel/Documents/Training_Sanofi/notebooks_hands_on/latent_ode/run_models.py
run_models.py --niters 3000 -n 200 -s 40 -l 10 --dataset PK_Tacro --latent-ode --noise-weight 0.01 --max-t 5. --seed 9 --experiment 34180
Experiment 34180
Epoch 1000 [Test seq (cond on sampled tp)] | Loss 148.496658 | Likelihood -145.234726 | KL fp 6.2157 | FP STD 0.1528|
KL coef: 0.9999522643707747
Train loss (one batch): 139.4988250732422
Train CE loss (one batch): 0.0
Test MSE (raw): 0.0298
Test MSE (smoothed with alpha=0.01): 0.0298
New best smoothed test MSE: 0.0298. Saving best model to experiments/experiment_34180_best.ckpt
Test MSE group_0: 0.0272
Test MSE group_1: 0.0322
Test MSE group_2: nan
Test MSE group_3: nan
Poisson likelihood: 0.0
CE loss: 0.0
train MSE group_0: 0.0249
train MSE group_1: 0.0303
train MSE group_2: nan
train MSE group_3: nan
CE loss (TEST): 0.0
Experiment 34180
Epoch 2000 [Test seq (cond on sampled tp)] | Loss 138.075775 | Likelihood -135.641632 | KL fp 6.0162 | FP STD 0.1296|
KL coef: 0.9999999979391934
Train loss (one batch): 127.5673599243164
Train CE loss (one batch): 0.0
Test MSE (raw): 0.0279
Test MSE (smoothed with alpha=0.01): 0.0298
New best smoothed test MSE: 0.0298. Saving best model to experiments/experiment_34180_best.ckpt
Test MSE group_0: 0.0258
Test MSE group_1: 0.0297
Test MSE group_2: nan
Test MSE group_3: nan
Poisson likelihood: 0.0
CE loss: 0.0
train MSE group_0: 0.0233
train MSE group_1: 0.0272
train MSE group_2: nan
train MSE group_3: nan
CE loss (TEST): 0.0
Experiment 34180
Epoch 3000 [Test seq (cond on sampled tp)] | Loss 129.206161 | Likelihood -126.029236 | KL fp 5.9695 | FP STD 0.0987|
KL coef: 0.9999999999999111
Train loss (one batch): 117.39491271972656
Train CE loss (one batch): 0.0
Test MSE (raw): 0.0259
Test MSE (smoothed with alpha=0.01): 0.0297
New best smoothed test MSE: 0.0297. Saving best model to experiments/experiment_34180_best.ckpt
Test MSE group_0: 0.0245
Test MSE group_1: 0.0272
Test MSE group_2: nan
Test MSE group_3: nan
Poisson likelihood: 0.0
CE loss: 0.0
train MSE group_0: 0.0219
train MSE group_1: 0.0246
train MSE group_2: nan
train MSE group_3: nan
CE loss (TEST): 0.0
