/Users/benjaminmaurel/Documents/Training_Sanofi/notebooks_hands_on/latent_ode/run_models.py
run_models.py --niters 3000 -n 200 -s 40 -l 10 --dataset PK_Tacro --latent-ode --noise-weight 0.01 --max-t 5. --seed 5 --experiment 26581
Experiment 26581
Epoch 1000 [Test seq (cond on sampled tp)] | Loss 214.397476 | Likelihood -213.578674 | KL fp 4.2554 | FP STD 0.3447|
KL coef: 0.9999522643707747
Train loss (one batch): 210.36598205566406
Train CE loss (one batch): 0.0
Test MSE (raw): 0.0435
Test MSE (smoothed with alpha=0.01): 0.0435
New best smoothed test MSE: 0.0435. Saving best model to experiments/experiment_26581_best.ckpt
Test MSE group_0: 0.0393
Test MSE group_1: 0.0473
Test MSE group_2: nan
Test MSE group_3: nan
Poisson likelihood: 0.0
CE loss: 0.0
train MSE group_0: 0.0374
train MSE group_1: 0.0501
train MSE group_2: nan
train MSE group_3: nan
CE loss (TEST): 0.0
Experiment 26581
Epoch 2000 [Test seq (cond on sampled tp)] | Loss 208.741608 | Likelihood -212.354263 | KL fp 3.9552 | FP STD 0.3539|
KL coef: 0.9999999979391934
Train loss (one batch): 202.19110107421875
Train CE loss (one batch): 0.0
Test MSE (raw): 0.0432
Test MSE (smoothed with alpha=0.01): 0.0435
New best smoothed test MSE: 0.0435. Saving best model to experiments/experiment_26581_best.ckpt
Test MSE group_0: 0.0396
Test MSE group_1: 0.0466
Test MSE group_2: nan
Test MSE group_3: nan
Poisson likelihood: 0.0
CE loss: 0.0
train MSE group_0: 0.0373
train MSE group_1: 0.0436
train MSE group_2: nan
train MSE group_3: nan
CE loss (TEST): 0.0
Experiment 26581
Epoch 3000 [Test seq (cond on sampled tp)] | Loss 198.870575 | Likelihood -197.340164 | KL fp 4.0963 | FP STD 0.3229|
KL coef: 0.9999999999999111
Train loss (one batch): 191.92698669433594
Train CE loss (one batch): 0.0
Test MSE (raw): 0.0402
Test MSE (smoothed with alpha=0.01): 0.0434
New best smoothed test MSE: 0.0434. Saving best model to experiments/experiment_26581_best.ckpt
Test MSE group_0: 0.0377
Test MSE group_1: 0.0425
Test MSE group_2: nan
Test MSE group_3: nan
Poisson likelihood: 0.0
CE loss: 0.0
train MSE group_0: 0.0351
train MSE group_1: 0.0416
train MSE group_2: nan
train MSE group_3: nan
CE loss (TEST): 0.0
