/Users/benjaminmaurel/Documents/Training_Sanofi/notebooks_hands_on/latent_ode/run_models.py
run_models.py --niters 3000 -n 200 -s 40 -l 10 --dataset PK_Tacro --latent-ode --noise-weight 0.01 --max-t 5. --seed 41 --experiment 26645
Experiment 26645
Epoch 1000 [Test seq (cond on sampled tp)] | Loss 192.555389 | Likelihood -193.054382 | KL fp 3.7111 | FP STD 0.1554|
KL coef: 0.9999522643707747
Train loss (one batch): 174.84336853027344
Train CE loss (one batch): 0.0
Test MSE (raw): 0.0393
Test MSE (smoothed with alpha=0.01): 0.0393
New best smoothed test MSE: 0.0393. Saving best model to experiments/experiment_26645_best.ckpt
Test MSE group_0: 0.0340
Test MSE group_1: 0.0452
Test MSE group_2: nan
Test MSE group_3: nan
Poisson likelihood: 0.0
CE loss: 0.0
train MSE group_0: 0.0313
train MSE group_1: 0.0393
train MSE group_2: nan
train MSE group_3: nan
CE loss (TEST): 0.0
Experiment 26645
Epoch 2000 [Test seq (cond on sampled tp)] | Loss 158.109009 | Likelihood -156.347351 | KL fp 4.3227 | FP STD 0.0850|
KL coef: 0.9999999979391934
Train loss (one batch): 142.22714233398438
Train CE loss (one batch): 0.0
Test MSE (raw): 0.0320
Test MSE (smoothed with alpha=0.01): 0.0393
New best smoothed test MSE: 0.0393. Saving best model to experiments/experiment_26645_best.ckpt
Test MSE group_0: 0.0300
Test MSE group_1: 0.0342
Test MSE group_2: nan
Test MSE group_3: nan
Poisson likelihood: 0.0
CE loss: 0.0
train MSE group_0: 0.0271
train MSE group_1: 0.0301
train MSE group_2: nan
train MSE group_3: nan
CE loss (TEST): 0.0
Experiment 26645
Epoch 3000 [Test seq (cond on sampled tp)] | Loss 160.047119 | Likelihood -160.025406 | KL fp 3.8552 | FP STD 0.1154|
KL coef: 0.9999999999999111
Train loss (one batch): 146.98779296875
Train CE loss (one batch): 0.0
Test MSE (raw): 0.0327
Test MSE (smoothed with alpha=0.01): 0.0392
New best smoothed test MSE: 0.0392. Saving best model to experiments/experiment_26645_best.ckpt
Test MSE group_0: 0.0305
Test MSE group_1: 0.0352
Test MSE group_2: nan
Test MSE group_3: nan
Poisson likelihood: 0.0
CE loss: 0.0
train MSE group_0: 0.0287
train MSE group_1: 0.0318
train MSE group_2: nan
train MSE group_3: nan
CE loss (TEST): 0.0
