/Users/benjaminmaurel/Documents/Training_Sanofi/notebooks_hands_on/latent_ode/run_models.py
run_models.py --niters 50000 -n 200 -s 40 -l 10 --dataset PK_Tacro --latent-ode --viz --noise-weight 0.01 --max-t 5. --seed 51 --experiment 12250
Experiment 12250
Epoch 0001 [Test seq (cond on sampled tp)] | Loss 340.026367 | Likelihood -345.679169 | KL fp 2.2997 | FP STD 0.0826|
KL coef: 0.0
Train loss (one batch): 447.9285888671875
Train CE loss (one batch): 0.0
Test MSE (raw): 0.0699
Test MSE (smoothed with alpha=0.01): 0.0699
New best smoothed test MSE: 0.0699. Saving best model to experiments/experiment_12250_best.ckpt
Test MSE group_0: nan
Test MSE group_1: 0.0699
Test MSE group_2: nan
Test MSE group_3: nan
Poisson likelihood: 0.0
CE loss: 0.0
train MSE group_0: nan
train MSE group_1: 0.0906
train MSE group_2: nan
train MSE group_3: nan
CE loss (TEST): 0.0
Experiment 12250
Epoch 0002 [Test seq (cond on sampled tp)] | Loss 42875.386719 | Likelihood -43428.558594 | KL fp 2.2184 | FP STD 0.3074|
KL coef: 0.0
Train loss (one batch): 221.91921997070312
Train CE loss (one batch): 0.0
Test MSE (raw): 8.6864
Test MSE (smoothed with alpha=0.01): 0.1560
Smoothed Test MSE did not improve. Early stopping counter: 1/100
Test MSE group_0: nan
Test MSE group_1: 8.6864
Test MSE group_2: nan
Test MSE group_3: nan
Poisson likelihood: 0.0
CE loss: 0.0
train MSE group_0: nan
train MSE group_1: 0.0455
train MSE group_2: nan
train MSE group_3: nan
CE loss (TEST): 0.0
Experiment 12250
Epoch 0003 [Test seq (cond on sampled tp)] | Loss 466.341400 | Likelihood -497.737793 | KL fp 2.3511 | FP STD 0.1285|
KL coef: 0.0
Train loss (one batch): 42862.93359375
Train CE loss (one batch): 0.0
Test MSE (raw): 0.1003
Test MSE (smoothed with alpha=0.01): 0.1555
Smoothed Test MSE did not improve. Early stopping counter: 2/100
Test MSE group_0: nan
Test MSE group_1: 0.1003
Test MSE group_2: nan
Test MSE group_3: nan
Poisson likelihood: 0.0
CE loss: 0.0
train MSE group_0: nan
train MSE group_1: 8.5806
train MSE group_2: nan
train MSE group_3: nan
CE loss (TEST): 0.0
Experiment 12250
Epoch 0004 [Test seq (cond on sampled tp)] | Loss 980.157166 | Likelihood -996.475647 | KL fp 2.4520 | FP STD 0.0913|
KL coef: 0.0
Train loss (one batch): 417.9286193847656
Train CE loss (one batch): 0.0
Test MSE (raw): 0.2000
Test MSE (smoothed with alpha=0.01): 0.1559
Smoothed Test MSE did not improve. Early stopping counter: 3/100
Test MSE group_0: nan
Test MSE group_1: 0.2000
Test MSE group_2: nan
Test MSE group_3: nan
Poisson likelihood: 0.0
CE loss: 0.0
train MSE group_0: nan
train MSE group_1: 0.0868
train MSE group_2: nan
train MSE group_3: nan
CE loss (TEST): 0.0
Experiment 12250
Epoch 0005 [Test seq (cond on sampled tp)] | Loss 697.648499 | Likelihood -709.736633 | KL fp 2.5037 | FP STD 0.0792|
KL coef: 0.0
Train loss (one batch): 713.7181396484375
Train CE loss (one batch): 0.0
Test MSE (raw): 0.1427
Test MSE (smoothed with alpha=0.01): 0.1558
Smoothed Test MSE did not improve. Early stopping counter: 4/100
Test MSE group_0: nan
Test MSE group_1: 0.1427
Test MSE group_2: nan
Test MSE group_3: nan
Poisson likelihood: 0.0
CE loss: 0.0
train MSE group_0: nan
train MSE group_1: 0.1446
train MSE group_2: nan
train MSE group_3: nan
CE loss (TEST): 0.0
Experiment 12250
Epoch 0006 [Test seq (cond on sampled tp)] | Loss 591.361755 | Likelihood -608.579163 | KL fp 2.7237 | FP STD 0.0746|
KL coef: 0.0
Train loss (one batch): 510.6585693359375
Train CE loss (one batch): 0.0
Test MSE (raw): 0.1225
Test MSE (smoothed with alpha=0.01): 0.1555
Smoothed Test MSE did not improve. Early stopping counter: 5/100
Test MSE group_0: nan
Test MSE group_1: 0.1225
Test MSE group_2: nan
Test MSE group_3: nan
Poisson likelihood: 0.0
CE loss: 0.0
train MSE group_0: nan
train MSE group_1: 0.1032
train MSE group_2: nan
train MSE group_3: nan
CE loss (TEST): 0.0
Experiment 12250
Epoch 0007 [Test seq (cond on sampled tp)] | Loss 530.865051 | Likelihood -536.423035 | KL fp 2.5976 | FP STD 0.0757|
KL coef: 0.0
Train loss (one batch): 442.33355712890625
Train CE loss (one batch): 0.0
Test MSE (raw): 0.1080
Test MSE (smoothed with alpha=0.01): 0.1550
Smoothed Test MSE did not improve. Early stopping counter: 6/100
Test MSE group_0: nan
Test MSE group_1: 0.1080
Test MSE group_2: nan
Test MSE group_3: nan
Poisson likelihood: 0.0
CE loss: 0.0
train MSE group_0: nan
train MSE group_1: 0.0899
train MSE group_2: nan
train MSE group_3: nan
CE loss (TEST): 0.0
Experiment 12250
Epoch 0008 [Test seq (cond on sampled tp)] | Loss 491.085388 | Likelihood -500.808014 | KL fp 2.5161 | FP STD 0.0782|
KL coef: 0.0
Train loss (one batch): 399.0610656738281
Train CE loss (one batch): 0.0
Test MSE (raw): 0.1009
Test MSE (smoothed with alpha=0.01): 0.1544
Smoothed Test MSE did not improve. Early stopping counter: 7/100
Test MSE group_0: nan
Test MSE group_1: 0.1009
Test MSE group_2: nan
Test MSE group_3: nan
Poisson likelihood: 0.0
CE loss: 0.0
train MSE group_0: nan
train MSE group_1: 0.0809
train MSE group_2: nan
train MSE group_3: nan
CE loss (TEST): 0.0
Experiment 12250
Epoch 0009 [Test seq (cond on sampled tp)] | Loss 441.470001 | Likelihood -454.183075 | KL fp 2.3875 | FP STD 0.0817|
KL coef: 0.0
Train loss (one batch): 354.22003173828125
Train CE loss (one batch): 0.0
Test MSE (raw): 0.0916
Test MSE (smoothed with alpha=0.01): 0.1538
Smoothed Test MSE did not improve. Early stopping counter: 8/100
Test MSE group_0: nan
Test MSE group_1: 0.0916
Test MSE group_2: nan
Test MSE group_3: nan
Poisson likelihood: 0.0
CE loss: 0.0
train MSE group_0: nan
train MSE group_1: 0.0723
train MSE group_2: nan
train MSE group_3: nan
CE loss (TEST): 0.0
Experiment 12250
Epoch 0010 [Test seq (cond on sampled tp)] | Loss 399.197266 | Likelihood -408.032318 | KL fp 2.4298 | FP STD 0.0857|
KL coef: 0.0
Train loss (one batch): 316.45050048828125
Train CE loss (one batch): 0.0
Test MSE (raw): 0.0823
Test MSE (smoothed with alpha=0.01): 0.1531
Smoothed Test MSE did not improve. Early stopping counter: 9/100
Test MSE group_0: nan
Test MSE group_1: 0.0823
Test MSE group_2: nan
Test MSE group_3: nan
Poisson likelihood: 0.0
CE loss: 0.0
train MSE group_0: nan
train MSE group_1: 0.0651
train MSE group_2: nan
train MSE group_3: nan
CE loss (TEST): 0.0
Experiment 12250
Epoch 0011 [Test seq (cond on sampled tp)] | Loss 362.717377 | Likelihood -366.198456 | KL fp 2.4700 | FP STD 0.0980|
KL coef: 0.010000000000000009
Train loss (one batch): 283.0123291015625
Train CE loss (one batch): 0.0
Test MSE (raw): 0.0740
Test MSE (smoothed with alpha=0.01): 0.1523
Smoothed Test MSE did not improve. Early stopping counter: 10/100
Test MSE group_0: nan
Test MSE group_1: 0.0740
Test MSE group_2: nan
Test MSE group_3: nan
Poisson likelihood: 0.0
CE loss: 0.0
train MSE group_0: nan
train MSE group_1: 0.0577
train MSE group_2: nan
train MSE group_3: nan
CE loss (TEST): 0.0
Experiment 12250
Epoch 0012 [Test seq (cond on sampled tp)] | Loss 303.988434 | Likelihood -318.602814 | KL fp 2.3863 | FP STD 0.1291|
KL coef: 0.01990000000000003
Train loss (one batch): 245.51182556152344
Train CE loss (one batch): 0.0
Test MSE (raw): 0.0645
Test MSE (smoothed with alpha=0.01): 0.1514
Smoothed Test MSE did not improve. Early stopping counter: 11/100
Test MSE group_0: nan
Test MSE group_1: 0.0645
Test MSE group_2: nan
Test MSE group_3: nan
Poisson likelihood: 0.0
CE loss: 0.0
train MSE group_0: nan
train MSE group_1: 0.0505
train MSE group_2: nan
train MSE group_3: nan
CE loss (TEST): 0.0
Experiment 12250
Epoch 0013 [Test seq (cond on sampled tp)] | Loss 251.679337 | Likelihood -256.364532 | KL fp 1.7846 | FP STD 0.1798|
KL coef: 0.029700999999999977
Train loss (one batch): 203.4199676513672
Train CE loss (one batch): 0.0
Test MSE (raw): 0.0520
Test MSE (smoothed with alpha=0.01): 0.1504
Smoothed Test MSE did not improve. Early stopping counter: 12/100
Test MSE group_0: nan
Test MSE group_1: 0.0520
Test MSE group_2: nan
Test MSE group_3: nan
Poisson likelihood: 0.0
CE loss: 0.0
train MSE group_0: nan
train MSE group_1: 0.0421
train MSE group_2: nan
train MSE group_3: nan
CE loss (TEST): 0.0
Experiment 12250
Epoch 0014 [Test seq (cond on sampled tp)] | Loss 169.354660 | Likelihood -176.947144 | KL fp 1.6050 | FP STD 0.2454|
KL coef: 0.039403990000000055
Train loss (one batch): 156.2099151611328
Train CE loss (one batch): 0.0
Test MSE (raw): 0.0361
Test MSE (smoothed with alpha=0.01): 0.1493
Smoothed Test MSE did not improve. Early stopping counter: 13/100
Test MSE group_0: nan
Test MSE group_1: 0.0361
Test MSE group_2: nan
Test MSE group_3: nan
Poisson likelihood: 0.0
CE loss: 0.0
train MSE group_0: nan
train MSE group_1: 0.0329
train MSE group_2: nan
train MSE group_3: nan
CE loss (TEST): 0.0
Experiment 12250
Epoch 0015 [Test seq (cond on sampled tp)] | Loss 148.000107 | Likelihood -168.139374 | KL fp 1.3922 | FP STD 0.3163|
KL coef: 0.04900995010000009
Train loss (one batch): 116.83243560791016
Train CE loss (one batch): 0.0
Test MSE (raw): 0.0344
Test MSE (smoothed with alpha=0.01): 0.1481
Smoothed Test MSE did not improve. Early stopping counter: 14/100
Test MSE group_0: nan
Test MSE group_1: 0.0344
Test MSE group_2: nan
Test MSE group_3: nan
Poisson likelihood: 0.0
CE loss: 0.0
train MSE group_0: nan
train MSE group_1: 0.0254
train MSE group_2: nan
train MSE group_3: nan
CE loss (TEST): 0.0
Experiment 12250
Epoch 0016 [Test seq (cond on sampled tp)] | Loss 140.426636 | Likelihood -147.129211 | KL fp 1.3350 | FP STD 0.3626|
KL coef: 0.058519850599
Train loss (one batch): 106.5697250366211
Train CE loss (one batch): 0.0
Test MSE (raw): 0.0302
Test MSE (smoothed with alpha=0.01): 0.1470
Smoothed Test MSE did not improve. Early stopping counter: 15/100
Test MSE group_0: nan
Test MSE group_1: 0.0302
Test MSE group_2: nan
Test MSE group_3: nan
Poisson likelihood: 0.0
CE loss: 0.0
train MSE group_0: nan
train MSE group_1: 0.0241
train MSE group_2: nan
train MSE group_3: nan
CE loss (TEST): 0.0
Experiment 12250
Epoch 0017 [Test seq (cond on sampled tp)] | Loss 134.422745 | Likelihood -142.970383 | KL fp 1.4128 | FP STD 0.3539|
KL coef: 0.06793465209301008
Train loss (one batch): 126.85303497314453
Train CE loss (one batch): 0.0
Test MSE (raw): 0.0293
Test MSE (smoothed with alpha=0.01): 0.1458
Smoothed Test MSE did not improve. Early stopping counter: 16/100
Test MSE group_0: nan
Test MSE group_1: 0.0293
Test MSE group_2: nan
Test MSE group_3: nan
Poisson likelihood: 0.0
CE loss: 0.0
train MSE group_0: nan
train MSE group_1: 0.0267
train MSE group_2: nan
train MSE group_3: nan
CE loss (TEST): 0.0
Experiment 12250
Epoch 0018 [Test seq (cond on sampled tp)] | Loss 120.432098 | Likelihood -133.419281 | KL fp 1.6146 | FP STD 0.3067|
KL coef: 0.07725530557207994
Train loss (one batch): 124.28211975097656
Train CE loss (one batch): 0.0
Test MSE (raw): 0.0274
Test MSE (smoothed with alpha=0.01): 0.1446
Smoothed Test MSE did not improve. Early stopping counter: 17/100
Test MSE group_0: nan
Test MSE group_1: 0.0274
Test MSE group_2: nan
Test MSE group_3: nan
Poisson likelihood: 0.0
CE loss: 0.0
train MSE group_0: nan
train MSE group_1: 0.0273
train MSE group_2: nan
train MSE group_3: nan
CE loss (TEST): 0.0
Experiment 12250
Epoch 0019 [Test seq (cond on sampled tp)] | Loss 110.442192 | Likelihood -137.751282 | KL fp 1.9325 | FP STD 0.2466|
KL coef: 0.08648275251635917
Train loss (one batch): 109.59046173095703
Train CE loss (one batch): 0.0
Test MSE (raw): 0.0283
Test MSE (smoothed with alpha=0.01): 0.1434
Smoothed Test MSE did not improve. Early stopping counter: 18/100
Test MSE group_0: nan
Test MSE group_1: 0.0283
Test MSE group_2: nan
Test MSE group_3: nan
Poisson likelihood: 0.0
CE loss: 0.0
train MSE group_0: nan
train MSE group_1: 0.0237
train MSE group_2: nan
train MSE group_3: nan
CE loss (TEST): 0.0
Experiment 12250
Epoch 0020 [Test seq (cond on sampled tp)] | Loss 118.157890 | Likelihood -122.205444 | KL fp 1.8437 | FP STD 0.2012|
KL coef: 0.09561792499119559
Train loss (one batch): 95.04927825927734
Train CE loss (one batch): 0.0
Test MSE (raw): 0.0252
Test MSE (smoothed with alpha=0.01): 0.1423
Smoothed Test MSE did not improve. Early stopping counter: 19/100
Test MSE group_0: nan
Test MSE group_1: 0.0252
Test MSE group_2: nan
Test MSE group_3: nan
Poisson likelihood: 0.0
CE loss: 0.0
train MSE group_0: nan
train MSE group_1: 0.0208
train MSE group_2: nan
train MSE group_3: nan
CE loss (TEST): 0.0
Experiment 12250
Epoch 0021 [Test seq (cond on sampled tp)] | Loss 112.483963 | Likelihood -125.568123 | KL fp 2.3736 | FP STD 0.1623|
KL coef: 0.10466174574128362
Train loss (one batch): 81.31133270263672
Train CE loss (one batch): 0.0
Test MSE (raw): 0.0259
Test MSE (smoothed with alpha=0.01): 0.1411
Smoothed Test MSE did not improve. Early stopping counter: 20/100
Test MSE group_0: nan
Test MSE group_1: 0.0259
Test MSE group_2: nan
Test MSE group_3: nan
Poisson likelihood: 0.0
CE loss: 0.0
train MSE group_0: nan
train MSE group_1: 0.0184
train MSE group_2: nan
train MSE group_3: nan
CE loss (TEST): 0.0
Experiment 12250
Epoch 0022 [Test seq (cond on sampled tp)] | Loss 128.196533 | Likelihood -131.028564 | KL fp 2.0627 | FP STD 0.1536|
KL coef: 0.11361512828387077
Train loss (one batch): 77.50165557861328
Train CE loss (one batch): 0.0
Test MSE (raw): 0.0269
Test MSE (smoothed with alpha=0.01): 0.1400
Smoothed Test MSE did not improve. Early stopping counter: 21/100
Test MSE group_0: nan
Test MSE group_1: 0.0269
Test MSE group_2: nan
Test MSE group_3: nan
Poisson likelihood: 0.0
CE loss: 0.0
train MSE group_0: nan
train MSE group_1: 0.0167
train MSE group_2: nan
train MSE group_3: nan
CE loss (TEST): 0.0
Experiment 12250
Epoch 0023 [Test seq (cond on sampled tp)] | Loss 130.330948 | Likelihood -134.287598 | KL fp 1.8757 | FP STD 0.1550|
KL coef: 0.12247897700103216
Train loss (one batch): 80.24332427978516
Train CE loss (one batch): 0.0
Test MSE (raw): 0.0276
Test MSE (smoothed with alpha=0.01): 0.1388
Smoothed Test MSE did not improve. Early stopping counter: 22/100
Test MSE group_0: nan
Test MSE group_1: 0.0276
Test MSE group_2: nan
Test MSE group_3: nan
Poisson likelihood: 0.0
CE loss: 0.0
train MSE group_0: nan
train MSE group_1: 0.0170
train MSE group_2: nan
train MSE group_3: nan
CE loss (TEST): 0.0
Experiment 12250
Epoch 0024 [Test seq (cond on sampled tp)] | Loss 124.553093 | Likelihood -132.095230 | KL fp 1.8823 | FP STD 0.1543|
KL coef: 0.13125418723102178
Train loss (one batch): 79.8628158569336
Train CE loss (one batch): 0.0
Test MSE (raw): 0.0272
Test MSE (smoothed with alpha=0.01): 0.1377
Smoothed Test MSE did not improve. Early stopping counter: 23/100
Test MSE group_0: nan
Test MSE group_1: 0.0272
Test MSE group_2: nan
Test MSE group_3: nan
Poisson likelihood: 0.0
CE loss: 0.0
train MSE group_0: nan
train MSE group_1: 0.0171
train MSE group_2: nan
train MSE group_3: nan
CE loss (TEST): 0.0
Experiment 12250
Epoch 0025 [Test seq (cond on sampled tp)] | Loss 128.665359 | Likelihood -129.692307 | KL fp 2.0014 | FP STD 0.1523|
KL coef: 0.13994164535871156
Train loss (one batch): 82.76575469970703
Train CE loss (one batch): 0.0
Test MSE (raw): 0.0267
Test MSE (smoothed with alpha=0.01): 0.1366
Smoothed Test MSE did not improve. Early stopping counter: 24/100
Test MSE group_0: nan
Test MSE group_1: 0.0267
Test MSE group_2: nan
Test MSE group_3: nan
Poisson likelihood: 0.0
CE loss: 0.0
train MSE group_0: nan
train MSE group_1: 0.0176
train MSE group_2: nan
train MSE group_3: nan
CE loss (TEST): 0.0
Experiment 12250
Epoch 0026 [Test seq (cond on sampled tp)] | Loss 125.673798 | Likelihood -127.780846 | KL fp 1.9764 | FP STD 0.1502|
KL coef: 0.14854222890512447
Train loss (one batch): 82.77934265136719
Train CE loss (one batch): 0.0
Test MSE (raw): 0.0263
Test MSE (smoothed with alpha=0.01): 0.1355
Smoothed Test MSE did not improve. Early stopping counter: 25/100
Test MSE group_0: nan
Test MSE group_1: 0.0263
Test MSE group_2: nan
Test MSE group_3: nan
Poisson likelihood: 0.0
CE loss: 0.0
train MSE group_0: nan
train MSE group_1: 0.0176
train MSE group_2: nan
train MSE group_3: nan
CE loss (TEST): 0.0
Experiment 12250
Epoch 0027 [Test seq (cond on sampled tp)] | Loss 117.388657 | Likelihood -119.553780 | KL fp 1.9874 | FP STD 0.1462|
KL coef: 0.15705680661607324
Train loss (one batch): 83.03418731689453
Train CE loss (one batch): 0.0
Test MSE (raw): 0.0246
Test MSE (smoothed with alpha=0.01): 0.1344
Smoothed Test MSE did not improve. Early stopping counter: 26/100
Test MSE group_0: nan
Test MSE group_1: 0.0246
Test MSE group_2: nan
Test MSE group_3: nan
Poisson likelihood: 0.0
CE loss: 0.0
train MSE group_0: nan
train MSE group_1: 0.0176
train MSE group_2: nan
train MSE group_3: nan
CE loss (TEST): 0.0
Experiment 12250
Epoch 0028 [Test seq (cond on sampled tp)] | Loss 115.809357 | Likelihood -117.041832 | KL fp 2.0634 | FP STD 0.1390|
KL coef: 0.1654862385499125
Train loss (one batch): 81.3827133178711
Train CE loss (one batch): 0.0
Test MSE (raw): 0.0241
Test MSE (smoothed with alpha=0.01): 0.1333
Smoothed Test MSE did not improve. Early stopping counter: 27/100
Test MSE group_0: nan
Test MSE group_1: 0.0241
Test MSE group_2: nan
Test MSE group_3: nan
Poisson likelihood: 0.0
CE loss: 0.0
train MSE group_0: nan
train MSE group_1: 0.0172
train MSE group_2: nan
train MSE group_3: nan
CE loss (TEST): 0.0
Experiment 12250
Epoch 0029 [Test seq (cond on sampled tp)] | Loss 105.168282 | Likelihood -107.743774 | KL fp 2.2786 | FP STD 0.1317|
KL coef: 0.17383137616441335
Train loss (one batch): 75.94287109375
Train CE loss (one batch): 0.0
Test MSE (raw): 0.0223
Test MSE (smoothed with alpha=0.01): 0.1322
Smoothed Test MSE did not improve. Early stopping counter: 28/100
Test MSE group_0: nan
Test MSE group_1: 0.0223
Test MSE group_2: nan
Test MSE group_3: nan
Poisson likelihood: 0.0
CE loss: 0.0
train MSE group_0: nan
train MSE group_1: 0.0164
train MSE group_2: nan
train MSE group_3: nan
CE loss (TEST): 0.0
Experiment 12250
Epoch 0030 [Test seq (cond on sampled tp)] | Loss 105.726059 | Likelihood -107.806480 | KL fp 2.1455 | FP STD 0.1275|
KL coef: 0.18209306240276923
Train loss (one batch): 75.36102294921875
Train CE loss (one batch): 0.0
Test MSE (raw): 0.0223
Test MSE (smoothed with alpha=0.01): 0.1311
Smoothed Test MSE did not improve. Early stopping counter: 29/100
Test MSE group_0: nan
Test MSE group_1: 0.0223
Test MSE group_2: nan
Test MSE group_3: nan
Poisson likelihood: 0.0
CE loss: 0.0
train MSE group_0: nan
train MSE group_1: 0.0160
train MSE group_2: nan
train MSE group_3: nan
CE loss (TEST): 0.0
Experiment 12250
Epoch 0031 [Test seq (cond on sampled tp)] | Loss 98.548508 | Likelihood -100.095123 | KL fp 2.1614 | FP STD 0.1229|
KL coef: 0.19027213177874158
Train loss (one batch): 72.4330062866211
Train CE loss (one batch): 0.0
Test MSE (raw): 0.0208
Test MSE (smoothed with alpha=0.01): 0.1300
Smoothed Test MSE did not improve. Early stopping counter: 30/100
Test MSE group_0: nan
Test MSE group_1: 0.0208
Test MSE group_2: nan
Test MSE group_3: nan
Poisson likelihood: 0.0
CE loss: 0.0
train MSE group_0: nan
train MSE group_1: 0.0155
train MSE group_2: nan
train MSE group_3: nan
CE loss (TEST): 0.0
Experiment 12250
Epoch 0032 [Test seq (cond on sampled tp)] | Loss 97.270081 | Likelihood -97.964302 | KL fp 2.3372 | FP STD 0.1177|
KL coef: 0.19836941046095413
Train loss (one batch): 71.6082992553711
Train CE loss (one batch): 0.0
Test MSE (raw): 0.0203
Test MSE (smoothed with alpha=0.01): 0.1289
Smoothed Test MSE did not improve. Early stopping counter: 31/100
Test MSE group_0: nan
Test MSE group_1: 0.0203
Test MSE group_2: nan
Test MSE group_3: nan
Poisson likelihood: 0.0
CE loss: 0.0
train MSE group_0: nan
train MSE group_1: 0.0152
train MSE group_2: nan
train MSE group_3: nan
CE loss (TEST): 0.0
Experiment 12250
Epoch 0033 [Test seq (cond on sampled tp)] | Loss 102.368767 | Likelihood -103.561897 | KL fp 2.1943 | FP STD 0.1182|
KL coef: 0.20638571635634462
Train loss (one batch): 69.90319061279297
Train CE loss (one batch): 0.0
Test MSE (raw): 0.0214
Test MSE (smoothed with alpha=0.01): 0.1278
Smoothed Test MSE did not improve. Early stopping counter: 32/100
Test MSE group_0: nan
Test MSE group_1: 0.0214
Test MSE group_2: nan
Test MSE group_3: nan
Poisson likelihood: 0.0
CE loss: 0.0
train MSE group_0: nan
train MSE group_1: 0.0148
train MSE group_2: nan
train MSE group_3: nan
CE loss (TEST): 0.0
Experiment 12250
Epoch 0034 [Test seq (cond on sampled tp)] | Loss 103.818298 | Likelihood -104.943382 | KL fp 2.1924 | FP STD 0.1196|
KL coef: 0.21432185919278124
Train loss (one batch): 69.84601593017578
Train CE loss (one batch): 0.0
Test MSE (raw): 0.0217
Test MSE (smoothed with alpha=0.01): 0.1267
Smoothed Test MSE did not improve. Early stopping counter: 33/100
Test MSE group_0: nan
Test MSE group_1: 0.0217
Test MSE group_2: nan
Test MSE group_3: nan
Poisson likelihood: 0.0
CE loss: 0.0
train MSE group_0: nan
train MSE group_1: 0.0149
train MSE group_2: nan
train MSE group_3: nan
CE loss (TEST): 0.0
Experiment 12250
Epoch 0035 [Test seq (cond on sampled tp)] | Loss 104.821175 | Likelihood -108.624336 | KL fp 2.1103 | FP STD 0.1212|
KL coef: 0.22217864060085335
Train loss (one batch): 70.55133056640625
Train CE loss (one batch): 0.0
Test MSE (raw): 0.0225
Test MSE (smoothed with alpha=0.01): 0.1257
Smoothed Test MSE did not improve. Early stopping counter: 34/100
Test MSE group_0: nan
Test MSE group_1: 0.0225
Test MSE group_2: nan
Test MSE group_3: nan
Poisson likelihood: 0.0
CE loss: 0.0
train MSE group_0: nan
train MSE group_1: 0.0150
train MSE group_2: nan
train MSE group_3: nan
CE loss (TEST): 0.0
Experiment 12250
Epoch 0036 [Test seq (cond on sampled tp)] | Loss 103.277565 | Likelihood -105.409081 | KL fp 2.0018 | FP STD 0.1242|
KL coef: 0.2299568541948449
Train loss (one batch): 69.76239776611328
Train CE loss (one batch): 0.0
Test MSE (raw): 0.0218
Test MSE (smoothed with alpha=0.01): 0.1247
Smoothed Test MSE did not improve. Early stopping counter: 35/100
Test MSE group_0: nan
Test MSE group_1: 0.0218
Test MSE group_2: nan
Test MSE group_3: nan
Poisson likelihood: 0.0
CE loss: 0.0
train MSE group_0: nan
train MSE group_1: 0.0148
train MSE group_2: nan
train MSE group_3: nan
CE loss (TEST): 0.0
Experiment 12250
Epoch 0037 [Test seq (cond on sampled tp)] | Loss 101.693405 | Likelihood -105.558006 | KL fp 1.9665 | FP STD 0.1264|
KL coef: 0.23765728565289646
Train loss (one batch): 69.5560531616211
Train CE loss (one batch): 0.0
Test MSE (raw): 0.0218
Test MSE (smoothed with alpha=0.01): 0.1236
Smoothed Test MSE did not improve. Early stopping counter: 36/100
Test MSE group_0: nan
Test MSE group_1: 0.0218
Test MSE group_2: nan
Test MSE group_3: nan
Poisson likelihood: 0.0
CE loss: 0.0
train MSE group_0: nan
train MSE group_1: 0.0149
train MSE group_2: nan
train MSE group_3: nan
CE loss (TEST): 0.0
Experiment 12250
Epoch 0038 [Test seq (cond on sampled tp)] | Loss 104.230309 | Likelihood -107.412788 | KL fp 1.9564 | FP STD 0.1278|
KL coef: 0.24528071279636743
Train loss (one batch): 69.38662719726562
Train CE loss (one batch): 0.0
Test MSE (raw): 0.0222
Test MSE (smoothed with alpha=0.01): 0.1226
Smoothed Test MSE did not improve. Early stopping counter: 37/100
Test MSE group_0: nan
Test MSE group_1: 0.0222
Test MSE group_2: nan
Test MSE group_3: nan
Poisson likelihood: 0.0
CE loss: 0.0
train MSE group_0: nan
train MSE group_1: 0.0148
train MSE group_2: nan
train MSE group_3: nan
CE loss (TEST): 0.0
Experiment 12250
Epoch 0039 [Test seq (cond on sampled tp)] | Loss 105.471130 | Likelihood -107.453011 | KL fp 1.9655 | FP STD 0.1280|
KL coef: 0.25282790566840385
Train loss (one batch): 69.40447235107422
Train CE loss (one batch): 0.0
Test MSE (raw): 0.0222
Test MSE (smoothed with alpha=0.01): 0.1216
Smoothed Test MSE did not improve. Early stopping counter: 38/100
Test MSE group_0: nan
Test MSE group_1: 0.0222
Test MSE group_2: nan
Test MSE group_3: nan
Poisson likelihood: 0.0
CE loss: 0.0
train MSE group_0: nan
train MSE group_1: 0.0148
train MSE group_2: nan
train MSE group_3: nan
CE loss (TEST): 0.0
Experiment 12250
Epoch 0040 [Test seq (cond on sampled tp)] | Loss 101.485840 | Likelihood -108.648964 | KL fp 1.9827 | FP STD 0.1276|
KL coef: 0.2602996266117198
Train loss (one batch): 68.24690246582031
Train CE loss (one batch): 0.0
Test MSE (raw): 0.0225
Test MSE (smoothed with alpha=0.01): 0.1206
Smoothed Test MSE did not improve. Early stopping counter: 39/100
Test MSE group_0: nan
Test MSE group_1: 0.0225
Test MSE group_2: nan
Test MSE group_3: nan
Poisson likelihood: 0.0
CE loss: 0.0
train MSE group_0: nan
train MSE group_1: 0.0146
train MSE group_2: nan
train MSE group_3: nan
CE loss (TEST): 0.0
Experiment 12250
Epoch 0041 [Test seq (cond on sampled tp)] | Loss 102.833862 | Likelihood -106.545715 | KL fp 2.0091 | FP STD 0.1270|
KL coef: 0.26769663034560254
Train loss (one batch): 65.33232116699219
Train CE loss (one batch): 0.0
Test MSE (raw): 0.0220
Test MSE (smoothed with alpha=0.01): 0.1196
Smoothed Test MSE did not improve. Early stopping counter: 40/100
Test MSE group_0: nan
Test MSE group_1: 0.0220
Test MSE group_2: nan
Test MSE group_3: nan
Poisson likelihood: 0.0
CE loss: 0.0
train MSE group_0: nan
train MSE group_1: 0.0143
train MSE group_2: nan
train MSE group_3: nan
CE loss (TEST): 0.0
Experiment 12250
Epoch 0042 [Test seq (cond on sampled tp)] | Loss 107.134552 | Likelihood -109.669655 | KL fp 2.0464 | FP STD 0.1258|
KL coef: 0.2750196640421466
Train loss (one batch): 66.72401428222656
Train CE loss (one batch): 0.0
Test MSE (raw): 0.0227
Test MSE (smoothed with alpha=0.01): 0.1187
Smoothed Test MSE did not improve. Early stopping counter: 41/100
Test MSE group_0: nan
Test MSE group_1: 0.0227
Test MSE group_2: nan
Test MSE group_3: nan
Poisson likelihood: 0.0
CE loss: 0.0
train MSE group_0: nan
train MSE group_1: 0.0142
train MSE group_2: nan
train MSE group_3: nan
CE loss (TEST): 0.0
Experiment 12250
Epoch 0043 [Test seq (cond on sampled tp)] | Loss 107.551567 | Likelihood -110.610443 | KL fp 2.0940 | FP STD 0.1244|
KL coef: 0.2822694674017251
Train loss (one batch): 65.16613006591797
Train CE loss (one batch): 0.0
Test MSE (raw): 0.0229
Test MSE (smoothed with alpha=0.01): 0.1177
Smoothed Test MSE did not improve. Early stopping counter: 42/100
Test MSE group_0: nan
Test MSE group_1: 0.0229
Test MSE group_2: nan
Test MSE group_3: nan
Poisson likelihood: 0.0
CE loss: 0.0
train MSE group_0: nan
train MSE group_1: 0.0142
train MSE group_2: nan
train MSE group_3: nan
CE loss (TEST): 0.0
Experiment 12250
Epoch 0044 [Test seq (cond on sampled tp)] | Loss 100.420044 | Likelihood -103.569672 | KL fp 2.1482 | FP STD 0.1230|
KL coef: 0.2894467727277079
Train loss (one batch): 64.96187591552734
Train CE loss (one batch): 0.0
Test MSE (raw): 0.0215
Test MSE (smoothed with alpha=0.01): 0.1168
Smoothed Test MSE did not improve. Early stopping counter: 43/100
Test MSE group_0: nan
Test MSE group_1: 0.0215
Test MSE group_2: nan
Test MSE group_3: nan
Poisson likelihood: 0.0
CE loss: 0.0
train MSE group_0: nan
train MSE group_1: 0.0139
train MSE group_2: nan
train MSE group_3: nan
CE loss (TEST): 0.0
Experiment 12250
Epoch 0045 [Test seq (cond on sampled tp)] | Loss 97.291756 | Likelihood -98.400543 | KL fp 2.2218 | FP STD 0.1208|
KL coef: 0.29655230500043084
Train loss (one batch): 66.5755615234375
Train CE loss (one batch): 0.0
Test MSE (raw): 0.0204
Test MSE (smoothed with alpha=0.01): 0.1158
Smoothed Test MSE did not improve. Early stopping counter: 44/100
Test MSE group_0: nan
Test MSE group_1: 0.0204
Test MSE group_2: nan
Test MSE group_3: nan
Poisson likelihood: 0.0
CE loss: 0.0
train MSE group_0: nan
train MSE group_1: 0.0142
train MSE group_2: nan
train MSE group_3: nan
CE loss (TEST): 0.0
Experiment 12250
Epoch 0046 [Test seq (cond on sampled tp)] | Loss 97.654251 | Likelihood -101.271248 | KL fp 2.3228 | FP STD 0.1182|
KL coef: 0.30358678195042654
Train loss (one batch): 65.15803527832031
Train CE loss (one batch): 0.0
Test MSE (raw): 0.0210
Test MSE (smoothed with alpha=0.01): 0.1148
Smoothed Test MSE did not improve. Early stopping counter: 45/100
Test MSE group_0: nan
Test MSE group_1: 0.0210
Test MSE group_2: nan
Test MSE group_3: nan
Poisson likelihood: 0.0
CE loss: 0.0
train MSE group_0: nan
train MSE group_1: 0.0140
train MSE group_2: nan
train MSE group_3: nan
CE loss (TEST): 0.0
Experiment 12250
Epoch 0047 [Test seq (cond on sampled tp)] | Loss 96.596771 | Likelihood -98.586876 | KL fp 2.4120 | FP STD 0.1160|
KL coef: 0.3105509141309223
Train loss (one batch): 62.83737564086914
Train CE loss (one batch): 0.0
Test MSE (raw): 0.0205
Test MSE (smoothed with alpha=0.01): 0.1139
Smoothed Test MSE did not improve. Early stopping counter: 46/100
Test MSE group_0: nan
Test MSE group_1: 0.0205
Test MSE group_2: nan
Test MSE group_3: nan
Poisson likelihood: 0.0
CE loss: 0.0
train MSE group_0: nan
train MSE group_1: 0.0137
train MSE group_2: nan
train MSE group_3: nan
CE loss (TEST): 0.0
Experiment 12250
Epoch 0048 [Test seq (cond on sampled tp)] | Loss 98.890823 | Likelihood -100.325981 | KL fp 2.4116 | FP STD 0.1137|
KL coef: 0.31744540498961304
Train loss (one batch): 65.44536590576172
Train CE loss (one batch): 0.0
Test MSE (raw): 0.0208
Test MSE (smoothed with alpha=0.01): 0.1130
Smoothed Test MSE did not improve. Early stopping counter: 47/100
Test MSE group_0: nan
Test MSE group_1: 0.0208
Test MSE group_2: nan
Test MSE group_3: nan
Poisson likelihood: 0.0
CE loss: 0.0
train MSE group_0: nan
train MSE group_1: 0.0139
train MSE group_2: nan
train MSE group_3: nan
CE loss (TEST): 0.0
Experiment 12250
Epoch 0049 [Test seq (cond on sampled tp)] | Loss 96.761162 | Likelihood -99.397827 | KL fp 2.4335 | FP STD 0.1116|
KL coef: 0.3242709509397169
Train loss (one batch): 63.96159744262695
Train CE loss (one batch): 0.0
Test MSE (raw): 0.0206
Test MSE (smoothed with alpha=0.01): 0.1120
Smoothed Test MSE did not improve. Early stopping counter: 48/100
Test MSE group_0: nan
Test MSE group_1: 0.0206
Test MSE group_2: nan
Test MSE group_3: nan
Poisson likelihood: 0.0
CE loss: 0.0
train MSE group_0: nan
train MSE group_1: 0.0136
train MSE group_2: nan
train MSE group_3: nan
CE loss (TEST): 0.0
Experiment 12250
Epoch 0050 [Test seq (cond on sampled tp)] | Loss 91.123108 | Likelihood -94.450829 | KL fp 2.4581 | FP STD 0.1085|
KL coef: 0.3310282414303197
Train loss (one batch): 66.37727355957031
Train CE loss (one batch): 0.0
Test MSE (raw): 0.0196
Test MSE (smoothed with alpha=0.01): 0.1111
Smoothed Test MSE did not improve. Early stopping counter: 49/100
Test MSE group_0: nan
Test MSE group_1: 0.0196
Test MSE group_2: nan
Test MSE group_3: nan
Poisson likelihood: 0.0
CE loss: 0.0
train MSE group_0: nan
train MSE group_1: 0.0141
train MSE group_2: nan
train MSE group_3: nan
CE loss (TEST): 0.0
Experiment 12250
Epoch 0051 [Test seq (cond on sampled tp)] | Loss 92.701523 | Likelihood -95.183319 | KL fp 2.5264 | FP STD 0.1058|
KL coef: 0.33771795901601653
Train loss (one batch): 61.74247741699219
Train CE loss (one batch): 0.0
Test MSE (raw): 0.0198
Test MSE (smoothed with alpha=0.01): 0.1102
Smoothed Test MSE did not improve. Early stopping counter: 50/100
Test MSE group_0: nan
Test MSE group_1: 0.0198
Test MSE group_2: nan
Test MSE group_3: nan
Poisson likelihood: 0.0
CE loss: 0.0
train MSE group_0: nan
train MSE group_1: 0.0134
train MSE group_2: nan
train MSE group_3: nan
CE loss (TEST): 0.0
Experiment 12250
Epoch 0052 [Test seq (cond on sampled tp)] | Loss 94.122826 | Likelihood -95.850121 | KL fp 2.5572 | FP STD 0.1034|
KL coef: 0.3443407794258564
Train loss (one batch): 62.005035400390625
Train CE loss (one batch): 0.0
Test MSE (raw): 0.0199
Test MSE (smoothed with alpha=0.01): 0.1093
Smoothed Test MSE did not improve. Early stopping counter: 51/100
Test MSE group_0: nan
Test MSE group_1: 0.0199
Test MSE group_2: nan
Test MSE group_3: nan
Poisson likelihood: 0.0
CE loss: 0.0
train MSE group_0: nan
train MSE group_1: 0.0132
train MSE group_2: nan
train MSE group_3: nan
CE loss (TEST): 0.0
Experiment 12250
Epoch 0053 [Test seq (cond on sampled tp)] | Loss 93.852531 | Likelihood -94.581078 | KL fp 2.6489 | FP STD 0.1009|
KL coef: 0.35089737163159784
Train loss (one batch): 61.66630935668945
Train CE loss (one batch): 0.0
Test MSE (raw): 0.0197
Test MSE (smoothed with alpha=0.01): 0.1084
Smoothed Test MSE did not improve. Early stopping counter: 52/100
Test MSE group_0: nan
Test MSE group_1: 0.0197
Test MSE group_2: nan
Test MSE group_3: nan
Poisson likelihood: 0.0
CE loss: 0.0
train MSE group_0: nan
train MSE group_1: 0.0133
train MSE group_2: nan
train MSE group_3: nan
CE loss (TEST): 0.0
Experiment 12250
Epoch 0054 [Test seq (cond on sampled tp)] | Loss 89.930008 | Likelihood -92.970024 | KL fp 2.6337 | FP STD 0.0984|
KL coef: 0.3573883979152819
Train loss (one batch): 63.36602020263672
Train CE loss (one batch): 0.0
Test MSE (raw): 0.0193
Test MSE (smoothed with alpha=0.01): 0.1075
Smoothed Test MSE did not improve. Early stopping counter: 53/100
Test MSE group_0: nan
Test MSE group_1: 0.0193
Test MSE group_2: nan
Test MSE group_3: nan
Poisson likelihood: 0.0
CE loss: 0.0
train MSE group_0: nan
train MSE group_1: 0.0135
train MSE group_2: nan
train MSE group_3: nan
CE loss (TEST): 0.0
Experiment 12250
Epoch 0055 [Test seq (cond on sampled tp)] | Loss 89.316566 | Likelihood -92.549660 | KL fp 2.6078 | FP STD 0.0966|
KL coef: 0.36381451393612907
Train loss (one batch): 60.09405517578125
Train CE loss (one batch): 0.0
Test MSE (raw): 0.0192
Test MSE (smoothed with alpha=0.01): 0.1066
Smoothed Test MSE did not improve. Early stopping counter: 54/100
Test MSE group_0: nan
Test MSE group_1: 0.0192
Test MSE group_2: nan
Test MSE group_3: nan
Poisson likelihood: 0.0
CE loss: 0.0
train MSE group_0: nan
train MSE group_1: 0.0128
train MSE group_2: nan
train MSE group_3: nan
CE loss (TEST): 0.0
Experiment 12250
Epoch 0056 [Test seq (cond on sampled tp)] | Loss 90.446289 | Likelihood -92.633087 | KL fp 2.5314 | FP STD 0.0967|
KL coef: 0.37017636879676774
Train loss (one batch): 58.65966033935547
Train CE loss (one batch): 0.0
Test MSE (raw): 0.0193
Test MSE (smoothed with alpha=0.01): 0.1058
Smoothed Test MSE did not improve. Early stopping counter: 55/100
Test MSE group_0: nan
Test MSE group_1: 0.0193
Test MSE group_2: nan
Test MSE group_3: nan
Poisson likelihood: 0.0
CE loss: 0.0
train MSE group_0: nan
train MSE group_1: 0.0126
train MSE group_2: nan
train MSE group_3: nan
CE loss (TEST): 0.0
Experiment 12250
Epoch 0057 [Test seq (cond on sampled tp)] | Loss 92.007751 | Likelihood -92.632256 | KL fp 2.5066 | FP STD 0.0968|
KL coef: 0.37647460510880004
Train loss (one batch): 59.86925506591797
Train CE loss (one batch): 0.0
Test MSE (raw): 0.0193
Test MSE (smoothed with alpha=0.01): 0.1049
Smoothed Test MSE did not improve. Early stopping counter: 56/100
Test MSE group_0: nan
Test MSE group_1: 0.0193
Test MSE group_2: nan
Test MSE group_3: nan
Poisson likelihood: 0.0
CE loss: 0.0
train MSE group_0: nan
train MSE group_1: 0.0129
train MSE group_2: nan
train MSE group_3: nan
CE loss (TEST): 0.0
Experiment 12250
Epoch 0058 [Test seq (cond on sampled tp)] | Loss 89.844841 | Likelihood -91.119362 | KL fp 2.5134 | FP STD 0.0963|
KL coef: 0.38270985905771204
Train loss (one batch): 60.60468673706055
Train CE loss (one batch): 0.0
Test MSE (raw): 0.0190
Test MSE (smoothed with alpha=0.01): 0.1040
Smoothed Test MSE did not improve. Early stopping counter: 57/100
Test MSE group_0: nan
Test MSE group_1: 0.0190
Test MSE group_2: nan
Test MSE group_3: nan
Poisson likelihood: 0.0
CE loss: 0.0
train MSE group_0: nan
train MSE group_1: 0.0129
train MSE group_2: nan
train MSE group_3: nan
CE loss (TEST): 0.0
Experiment 12250
Epoch 0059 [Test seq (cond on sampled tp)] | Loss 88.323555 | Likelihood -89.216988 | KL fp 2.5316 | FP STD 0.0955|
KL coef: 0.388882760467135
Train loss (one batch): 59.956581115722656
Train CE loss (one batch): 0.0
Test MSE (raw): 0.0186
Test MSE (smoothed with alpha=0.01): 0.1032
Smoothed Test MSE did not improve. Early stopping counter: 58/100
Test MSE group_0: nan
Test MSE group_1: 0.0186
Test MSE group_2: nan
Test MSE group_3: nan
Poisson likelihood: 0.0
CE loss: 0.0
train MSE group_0: nan
train MSE group_1: 0.0128
train MSE group_2: nan
train MSE group_3: nan
CE loss (TEST): 0.0
Experiment 12250
Epoch 0060 [Test seq (cond on sampled tp)] | Loss 88.548164 | Likelihood -90.980934 | KL fp 2.5583 | FP STD 0.0941|
KL coef: 0.39499393286246365
Train loss (one batch): 59.436912536621094
Train CE loss (one batch): 0.0
Test MSE (raw): 0.0189
Test MSE (smoothed with alpha=0.01): 0.1023
Smoothed Test MSE did not improve. Early stopping counter: 59/100
Test MSE group_0: nan
Test MSE group_1: 0.0189
Test MSE group_2: nan
Test MSE group_3: nan
Poisson likelihood: 0.0
CE loss: 0.0
train MSE group_0: nan
train MSE group_1: 0.0127
train MSE group_2: nan
train MSE group_3: nan
CE loss (TEST): 0.0
Experiment 12250
Epoch 0061 [Test seq (cond on sampled tp)] | Loss 88.250359 | Likelihood -90.711250 | KL fp 2.5879 | FP STD 0.0922|
KL coef: 0.401043993533839
Train loss (one batch): 58.85015106201172
Train CE loss (one batch): 0.0
Test MSE (raw): 0.0189
Test MSE (smoothed with alpha=0.01): 0.1015
Smoothed Test MSE did not improve. Early stopping counter: 60/100
Test MSE group_0: nan
Test MSE group_1: 0.0189
Test MSE group_2: nan
Test MSE group_3: nan
Poisson likelihood: 0.0
CE loss: 0.0
train MSE group_0: nan
train MSE group_1: 0.0126
train MSE group_2: nan
train MSE group_3: nan
CE loss (TEST): 0.0
Experiment 12250
Epoch 0062 [Test seq (cond on sampled tp)] | Loss 89.984283 | Likelihood -90.169197 | KL fp 2.6497 | FP STD 0.0901|
KL coef: 0.4070335535985006
Train loss (one batch): 58.13409423828125
Train CE loss (one batch): 0.0
Test MSE (raw): 0.0188
Test MSE (smoothed with alpha=0.01): 0.1007
Smoothed Test MSE did not improve. Early stopping counter: 61/100
Test MSE group_0: nan
Test MSE group_1: 0.0188
Test MSE group_2: nan
Test MSE group_3: nan
Poisson likelihood: 0.0
CE loss: 0.0
train MSE group_0: nan
train MSE group_1: 0.0124
train MSE group_2: nan
train MSE group_3: nan
CE loss (TEST): 0.0
Experiment 12250
Epoch 0063 [Test seq (cond on sampled tp)] | Loss 87.580322 | Likelihood -88.841225 | KL fp 2.6441 | FP STD 0.0884|
KL coef: 0.41296321806251557
Train loss (one batch): 57.44919204711914
Train CE loss (one batch): 0.0
Test MSE (raw): 0.0185
Test MSE (smoothed with alpha=0.01): 0.0999
Smoothed Test MSE did not improve. Early stopping counter: 62/100
Test MSE group_0: nan
Test MSE group_1: 0.0185
Test MSE group_2: nan
Test MSE group_3: nan
Poisson likelihood: 0.0
CE loss: 0.0
train MSE group_0: nan
train MSE group_1: 0.0122
train MSE group_2: nan
train MSE group_3: nan
CE loss (TEST): 0.0
Experiment 12250
Epoch 0064 [Test seq (cond on sampled tp)] | Loss 87.858490 | Likelihood -88.169250 | KL fp 2.6383 | FP STD 0.0867|
KL coef: 0.41883358588189046
Train loss (one batch): 57.03851318359375
Train CE loss (one batch): 0.0
Test MSE (raw): 0.0184
Test MSE (smoothed with alpha=0.01): 0.0990
Smoothed Test MSE did not improve. Early stopping counter: 63/100
Test MSE group_0: nan
Test MSE group_1: 0.0184
Test MSE group_2: nan
Test MSE group_3: nan
Poisson likelihood: 0.0
CE loss: 0.0
train MSE group_0: nan
train MSE group_1: 0.0122
train MSE group_2: nan
train MSE group_3: nan
CE loss (TEST): 0.0
Experiment 12250
Epoch 0065 [Test seq (cond on sampled tp)] | Loss 88.508095 | Likelihood -88.581451 | KL fp 2.6524 | FP STD 0.0853|
KL coef: 0.4246452500230715
Train loss (one batch): 56.40107345581055
Train CE loss (one batch): 0.0
Test MSE (raw): 0.0185
Test MSE (smoothed with alpha=0.01): 0.0982
Smoothed Test MSE did not improve. Early stopping counter: 64/100
Test MSE group_0: nan
Test MSE group_1: 0.0185
Test MSE group_2: nan
Test MSE group_3: nan
Poisson likelihood: 0.0
CE loss: 0.0
train MSE group_0: nan
train MSE group_1: 0.0120
train MSE group_2: nan
train MSE group_3: nan
CE loss (TEST): 0.0
Experiment 12250
Epoch 0066 [Test seq (cond on sampled tp)] | Loss 85.338005 | Likelihood -86.592506 | KL fp 2.6860 | FP STD 0.0839|
KL coef: 0.4303987975228408
Train loss (one batch): 55.919612884521484
Train CE loss (one batch): 0.0
Test MSE (raw): 0.0181
Test MSE (smoothed with alpha=0.01): 0.0974
Smoothed Test MSE did not improve. Early stopping counter: 65/100
Test MSE group_0: nan
Test MSE group_1: 0.0181
Test MSE group_2: nan
Test MSE group_3: nan
Poisson likelihood: 0.0
CE loss: 0.0
train MSE group_0: nan
train MSE group_1: 0.0120
train MSE group_2: nan
train MSE group_3: nan
CE loss (TEST): 0.0
Experiment 12250
Epoch 0067 [Test seq (cond on sampled tp)] | Loss 84.590370 | Likelihood -84.694893 | KL fp 2.7029 | FP STD 0.0829|
KL coef: 0.4360948095476125
Train loss (one batch): 55.14481735229492
Train CE loss (one batch): 0.0
Test MSE (raw): 0.0177
Test MSE (smoothed with alpha=0.01): 0.0966
Smoothed Test MSE did not improve. Early stopping counter: 66/100
Test MSE group_0: nan
Test MSE group_1: 0.0177
Test MSE group_2: nan
Test MSE group_3: nan
Poisson likelihood: 0.0
CE loss: 0.0
train MSE group_0: nan
train MSE group_1: 0.0118
train MSE group_2: nan
train MSE group_3: nan
CE loss (TEST): 0.0
Experiment 12250
Epoch 0068 [Test seq (cond on sampled tp)] | Loss 85.076904 | Likelihood -85.285179 | KL fp 2.6903 | FP STD 0.0818|
KL coef: 0.44173386145213633
Train loss (one batch): 55.87601089477539
Train CE loss (one batch): 0.0
Test MSE (raw): 0.0178
Test MSE (smoothed with alpha=0.01): 0.0958
Smoothed Test MSE did not improve. Early stopping counter: 67/100
Test MSE group_0: nan
Test MSE group_1: 0.0178
Test MSE group_2: nan
Test MSE group_3: nan
Poisson likelihood: 0.0
CE loss: 0.0
train MSE group_0: nan
train MSE group_1: 0.0119
train MSE group_2: nan
train MSE group_3: nan
CE loss (TEST): 0.0
Experiment 12250
Epoch 0069 [Test seq (cond on sampled tp)] | Loss 83.310661 | Likelihood -83.434967 | KL fp 2.7078 | FP STD 0.0803|
KL coef: 0.4473165228376149
Train loss (one batch): 55.31480407714844
Train CE loss (one batch): 0.0
Test MSE (raw): 0.0174
Test MSE (smoothed with alpha=0.01): 0.0951
Smoothed Test MSE did not improve. Early stopping counter: 68/100
Test MSE group_0: nan
Test MSE group_1: 0.0174
Test MSE group_2: nan
Test MSE group_3: nan
Poisson likelihood: 0.0
CE loss: 0.0
train MSE group_0: nan
train MSE group_1: 0.0118
train MSE group_2: nan
train MSE group_3: nan
CE loss (TEST): 0.0
Experiment 12250
Epoch 0070 [Test seq (cond on sampled tp)] | Loss 82.320648 | Likelihood -82.504913 | KL fp 2.7594 | FP STD 0.0790|
KL coef: 0.4528433576092388
Train loss (one batch): 54.7113151550293
Train CE loss (one batch): 0.0
Test MSE (raw): 0.0172
Test MSE (smoothed with alpha=0.01): 0.0943
Smoothed Test MSE did not improve. Early stopping counter: 69/100
Test MSE group_0: nan
Test MSE group_1: 0.0172
Test MSE group_2: nan
Test MSE group_3: nan
Poisson likelihood: 0.0
CE loss: 0.0
train MSE group_0: nan
train MSE group_1: 0.0117
train MSE group_2: nan
train MSE group_3: nan
CE loss (TEST): 0.0
Experiment 12250
Epoch 0071 [Test seq (cond on sampled tp)] | Loss 86.487137 | Likelihood -86.410179 | KL fp 2.7881 | FP STD 0.0781|
KL coef: 0.45831492403314644
Train loss (one batch): 54.22334289550781
Train CE loss (one batch): 0.0
Test MSE (raw): 0.0180
Test MSE (smoothed with alpha=0.01): 0.0935
Smoothed Test MSE did not improve. Early stopping counter: 70/100
Test MSE group_0: nan
Test MSE group_1: 0.0180
Test MSE group_2: nan
Test MSE group_3: nan
Poisson likelihood: 0.0
CE loss: 0.0
train MSE group_0: nan
train MSE group_1: 0.0116
train MSE group_2: nan
train MSE group_3: nan
CE loss (TEST): 0.0
Experiment 12250
Epoch 0072 [Test seq (cond on sampled tp)] | Loss 83.588013 | Likelihood -83.535378 | KL fp 2.7720 | FP STD 0.0771|
KL coef: 0.463731774792815
Train loss (one batch): 53.95610809326172
Train CE loss (one batch): 0.0
Test MSE (raw): 0.0174
Test MSE (smoothed with alpha=0.01): 0.0928
Smoothed Test MSE did not improve. Early stopping counter: 71/100
Test MSE group_0: nan
Test MSE group_1: 0.0174
Test MSE group_2: nan
Test MSE group_3: nan
Poisson likelihood: 0.0
CE loss: 0.0
train MSE group_0: nan
train MSE group_1: 0.0115
train MSE group_2: nan
train MSE group_3: nan
CE loss (TEST): 0.0
Experiment 12250
Epoch 0073 [Test seq (cond on sampled tp)] | Loss 80.683304 | Likelihood -80.527840 | KL fp 2.7751 | FP STD 0.0767|
KL coef: 0.46909445704488684
Train loss (one batch): 52.65232849121094
Train CE loss (one batch): 0.0
Test MSE (raw): 0.0168
Test MSE (smoothed with alpha=0.01): 0.0920
Smoothed Test MSE did not improve. Early stopping counter: 72/100
Test MSE group_0: nan
Test MSE group_1: 0.0168
Test MSE group_2: nan
Test MSE group_3: nan
Poisson likelihood: 0.0
CE loss: 0.0
train MSE group_0: nan
train MSE group_1: 0.0112
train MSE group_2: nan
train MSE group_3: nan
CE loss (TEST): 0.0
Experiment 12250
Epoch 0074 [Test seq (cond on sampled tp)] | Loss 82.711060 | Likelihood -82.925751 | KL fp 2.7574 | FP STD 0.0771|
KL coef: 0.474403512474438
Train loss (one batch): 52.25718688964844
Train CE loss (one batch): 0.0
Test MSE (raw): 0.0173
Test MSE (smoothed with alpha=0.01): 0.0913
Smoothed Test MSE did not improve. Early stopping counter: 73/100
Test MSE group_0: nan
Test MSE group_1: 0.0173
Test MSE group_2: nan
Test MSE group_3: nan
Poisson likelihood: 0.0
CE loss: 0.0
train MSE group_0: nan
train MSE group_1: 0.0112
train MSE group_2: nan
train MSE group_3: nan
CE loss (TEST): 0.0
Experiment 12250
Epoch 0075 [Test seq (cond on sampled tp)] | Loss 78.786354 | Likelihood -79.323479 | KL fp 2.6996 | FP STD 0.0783|
KL coef: 0.4796594773496936
Train loss (one batch): 52.3624153137207
Train CE loss (one batch): 0.0
Test MSE (raw): 0.0166
Test MSE (smoothed with alpha=0.01): 0.0905
Smoothed Test MSE did not improve. Early stopping counter: 74/100
Test MSE group_0: nan
Test MSE group_1: 0.0166
Test MSE group_2: nan
Test MSE group_3: nan
Poisson likelihood: 0.0
CE loss: 0.0
train MSE group_0: nan
train MSE group_1: 0.0112
train MSE group_2: nan
train MSE group_3: nan
CE loss (TEST): 0.0
Experiment 12250
Epoch 0076 [Test seq (cond on sampled tp)] | Loss 81.219009 | Likelihood -81.135124 | KL fp 2.6604 | FP STD 0.0790|
KL coef: 0.4848628825761967
Train loss (one batch): 52.37494659423828
Train CE loss (one batch): 0.0
Test MSE (raw): 0.0170
Test MSE (smoothed with alpha=0.01): 0.0898
Smoothed Test MSE did not improve. Early stopping counter: 75/100
Test MSE group_0: nan
Test MSE group_1: 0.0170
Test MSE group_2: nan
Test MSE group_3: nan
Poisson likelihood: 0.0
CE loss: 0.0
train MSE group_0: nan
train MSE group_1: 0.0112
train MSE group_2: nan
train MSE group_3: nan
CE loss (TEST): 0.0
Experiment 12250
Epoch 0077 [Test seq (cond on sampled tp)] | Loss 79.593338 | Likelihood -81.405144 | KL fp 2.6485 | FP STD 0.0796|
KL coef: 0.4900142537504347
Train loss (one batch): 51.32447814941406
Train CE loss (one batch): 0.0
Test MSE (raw): 0.0170
Test MSE (smoothed with alpha=0.01): 0.0890
Smoothed Test MSE did not improve. Early stopping counter: 76/100
Test MSE group_0: nan
Test MSE group_1: 0.0170
Test MSE group_2: nan
Test MSE group_3: nan
Poisson likelihood: 0.0
CE loss: 0.0
train MSE group_0: nan
train MSE group_1: 0.0110
train MSE group_2: nan
train MSE group_3: nan
CE loss (TEST): 0.0
Experiment 12250
Epoch 0078 [Test seq (cond on sampled tp)] | Loss 82.228096 | Likelihood -82.466835 | KL fp 2.6137 | FP STD 0.0803|
KL coef: 0.49511411121293036
Train loss (one batch): 50.57929611206055
Train CE loss (one batch): 0.0
Test MSE (raw): 0.0172
Test MSE (smoothed with alpha=0.01): 0.0883
Smoothed Test MSE did not improve. Early stopping counter: 77/100
Test MSE group_0: nan
Test MSE group_1: 0.0172
Test MSE group_2: nan
Test MSE group_3: nan
Poisson likelihood: 0.0
CE loss: 0.0
train MSE group_0: nan
train MSE group_1: 0.0108
train MSE group_2: nan
train MSE group_3: nan
CE loss (TEST): 0.0
Experiment 12250
Epoch 0079 [Test seq (cond on sampled tp)] | Loss 81.073761 | Likelihood -81.415794 | KL fp 2.6072 | FP STD 0.0809|
KL coef: 0.500162970100801
Train loss (one batch): 49.94860076904297
Train CE loss (one batch): 0.0
Test MSE (raw): 0.0170
Test MSE (smoothed with alpha=0.01): 0.0876
Smoothed Test MSE did not improve. Early stopping counter: 78/100
Test MSE group_0: nan
Test MSE group_1: 0.0170
Test MSE group_2: nan
Test MSE group_3: nan
Poisson likelihood: 0.0
CE loss: 0.0
train MSE group_0: nan
train MSE group_1: 0.0107
train MSE group_2: nan
train MSE group_3: nan
CE loss (TEST): 0.0
Experiment 12250
Epoch 0080 [Test seq (cond on sampled tp)] | Loss 78.363098 | Likelihood -78.456825 | KL fp 2.6037 | FP STD 0.0813|
KL coef: 0.505161340399793
Train loss (one batch): 49.82601547241211
Train CE loss (one batch): 0.0
Test MSE (raw): 0.0164
Test MSE (smoothed with alpha=0.01): 0.0869
Smoothed Test MSE did not improve. Early stopping counter: 79/100
Test MSE group_0: nan
Test MSE group_1: 0.0164
Test MSE group_2: nan
Test MSE group_3: nan
Poisson likelihood: 0.0
CE loss: 0.0
train MSE group_0: nan
train MSE group_1: 0.0107
train MSE group_2: nan
train MSE group_3: nan
CE loss (TEST): 0.0
Experiment 12250
Epoch 0081 [Test seq (cond on sampled tp)] | Loss 78.490181 | Likelihood -80.396729 | KL fp 2.6082 | FP STD 0.0816|
KL coef: 0.510109726995795
Train loss (one batch): 48.763648986816406
Train CE loss (one batch): 0.0
Test MSE (raw): 0.0168
Test MSE (smoothed with alpha=0.01): 0.0862
Smoothed Test MSE did not improve. Early stopping counter: 80/100
Test MSE group_0: nan
Test MSE group_1: 0.0168
Test MSE group_2: nan
Test MSE group_3: nan
Poisson likelihood: 0.0
CE loss: 0.0
train MSE group_0: nan
train MSE group_1: 0.0105
train MSE group_2: nan
train MSE group_3: nan
CE loss (TEST): 0.0
Experiment 12250
Epoch 0082 [Test seq (cond on sampled tp)] | Loss 76.042198 | Likelihood -76.277069 | KL fp 2.6140 | FP STD 0.0817|
KL coef: 0.5150086297258372
Train loss (one batch): 48.44020462036133
Train CE loss (one batch): 0.0
Test MSE (raw): 0.0160
Test MSE (smoothed with alpha=0.01): 0.0855
Smoothed Test MSE did not improve. Early stopping counter: 81/100
Test MSE group_0: nan
Test MSE group_1: 0.0160
Test MSE group_2: nan
Test MSE group_3: nan
Poisson likelihood: 0.0
CE loss: 0.0
train MSE group_0: nan
train MSE group_1: 0.0104
train MSE group_2: nan
train MSE group_3: nan
CE loss (TEST): 0.0
Experiment 12250
Epoch 0083 [Test seq (cond on sampled tp)] | Loss 75.174431 | Likelihood -76.225624 | KL fp 2.6245 | FP STD 0.0820|
KL coef: 0.5198585434285787
Train loss (one batch): 46.87068557739258
Train CE loss (one batch): 0.0
Test MSE (raw): 0.0160
Test MSE (smoothed with alpha=0.01): 0.0848
Smoothed Test MSE did not improve. Early stopping counter: 82/100
Test MSE group_0: nan
Test MSE group_1: 0.0160
Test MSE group_2: nan
Test MSE group_3: nan
Poisson likelihood: 0.0
CE loss: 0.0
train MSE group_0: nan
train MSE group_1: 0.0101
train MSE group_2: nan
train MSE group_3: nan
CE loss (TEST): 0.0
Experiment 12250
Epoch 0084 [Test seq (cond on sampled tp)] | Loss 72.531395 | Likelihood -73.461632 | KL fp 2.6438 | FP STD 0.0824|
KL coef: 0.524659957994293
Train loss (one batch): 47.089908599853516
Train CE loss (one batch): 0.0
Test MSE (raw): 0.0154
Test MSE (smoothed with alpha=0.01): 0.0841
Smoothed Test MSE did not improve. Early stopping counter: 83/100
Test MSE group_0: nan
Test MSE group_1: 0.0154
Test MSE group_2: nan
Test MSE group_3: nan
Poisson likelihood: 0.0
CE loss: 0.0
train MSE group_0: nan
train MSE group_1: 0.0101
train MSE group_2: nan
train MSE group_3: nan
CE loss (TEST): 0.0
Experiment 12250
Epoch 0085 [Test seq (cond on sampled tp)] | Loss 69.320107 | Likelihood -70.709900 | KL fp 2.6952 | FP STD 0.0879|
KL coef: 0.5294133584143501
Train loss (one batch): 47.15284729003906
Train CE loss (one batch): 0.0
Test MSE (raw): 0.0149
Test MSE (smoothed with alpha=0.01): 0.0834
Smoothed Test MSE did not improve. Early stopping counter: 84/100
Test MSE group_0: nan
Test MSE group_1: 0.0149
Test MSE group_2: nan
Test MSE group_3: nan
Poisson likelihood: 0.0
CE loss: 0.0
train MSE group_0: nan
train MSE group_1: 0.0101
train MSE group_2: nan
train MSE group_3: nan
CE loss (TEST): 0.0
Experiment 12250
Epoch 0086 [Test seq (cond on sampled tp)] | Loss 67.604736 | Likelihood -68.526207 | KL fp 2.7261 | FP STD 0.0916|
KL coef: 0.5341192248302067
Train loss (one batch): 47.306514739990234
Train CE loss (one batch): 0.0
Test MSE (raw): 0.0144
Test MSE (smoothed with alpha=0.01): 0.0827
Smoothed Test MSE did not improve. Early stopping counter: 85/100
Test MSE group_0: nan
Test MSE group_1: 0.0144
Test MSE group_2: nan
Test MSE group_3: nan
Poisson likelihood: 0.0
CE loss: 0.0
train MSE group_0: nan
train MSE group_1: 0.0102
train MSE group_2: nan
train MSE group_3: nan
CE loss (TEST): 0.0
Experiment 12250
Epoch 0087 [Test seq (cond on sampled tp)] | Loss 66.640472 | Likelihood -69.045471 | KL fp 2.7591 | FP STD 0.0919|
KL coef: 0.5387780325819045
Train loss (one batch): 47.0086555480957
Train CE loss (one batch): 0.0
Test MSE (raw): 0.0145
Test MSE (smoothed with alpha=0.01): 0.0820
Smoothed Test MSE did not improve. Early stopping counter: 86/100
Test MSE group_0: nan
Test MSE group_1: 0.0145
Test MSE group_2: nan
Test MSE group_3: nan
Poisson likelihood: 0.0
CE loss: 0.0
train MSE group_0: nan
train MSE group_1: 0.0101
train MSE group_2: nan
train MSE group_3: nan
CE loss (TEST): 0.0
Experiment 12250
Epoch 0088 [Test seq (cond on sampled tp)] | Loss 76.643982 | Likelihood -76.338837 | KL fp 2.7713 | FP STD 0.0906|
KL coef: 0.5433902522560855
Train loss (one batch): 45.330352783203125
Train CE loss (one batch): 0.0
Test MSE (raw): 0.0160
Test MSE (smoothed with alpha=0.01): 0.0814
Smoothed Test MSE did not improve. Early stopping counter: 87/100
Test MSE group_0: nan
Test MSE group_1: 0.0160
Test MSE group_2: nan
Test MSE group_3: nan
Poisson likelihood: 0.0
CE loss: 0.0
train MSE group_0: nan
train MSE group_1: 0.0097
train MSE group_2: nan
train MSE group_3: nan
CE loss (TEST): 0.0
Experiment 12250
Epoch 0089 [Test seq (cond on sampled tp)] | Loss 77.877800 | Likelihood -78.288139 | KL fp 2.8275 | FP STD 0.0880|
KL coef: 0.5479563497335247
Train loss (one batch): 45.29058837890625
Train CE loss (one batch): 0.0
Test MSE (raw): 0.0164
Test MSE (smoothed with alpha=0.01): 0.0807
Smoothed Test MSE did not improve. Early stopping counter: 88/100
Test MSE group_0: nan
Test MSE group_1: 0.0164
Test MSE group_2: nan
Test MSE group_3: nan
Poisson likelihood: 0.0
CE loss: 0.0
train MSE group_0: nan
train MSE group_1: 0.0097
train MSE group_2: nan
train MSE group_3: nan
CE loss (TEST): 0.0
Experiment 12250
Epoch 0090 [Test seq (cond on sampled tp)] | Loss 79.939590 | Likelihood -79.622887 | KL fp 2.8946 | FP STD 0.0879|
KL coef: 0.5524767862361895
Train loss (one batch): 45.6827507019043
Train CE loss (one batch): 0.0
Test MSE (raw): 0.0167
Test MSE (smoothed with alpha=0.01): 0.0801
Smoothed Test MSE did not improve. Early stopping counter: 89/100
Test MSE group_0: nan
Test MSE group_1: 0.0167
Test MSE group_2: nan
Test MSE group_3: nan
Poisson likelihood: 0.0
CE loss: 0.0
train MSE group_0: nan
train MSE group_1: 0.0098
train MSE group_2: nan
train MSE group_3: nan
CE loss (TEST): 0.0
Experiment 12250
Epoch 0091 [Test seq (cond on sampled tp)] | Loss 77.145988 | Likelihood -76.812805 | KL fp 2.9049 | FP STD 0.0902|
KL coef: 0.5569520183738275
Train loss (one batch): 45.839324951171875
Train CE loss (one batch): 0.0
Test MSE (raw): 0.0161
Test MSE (smoothed with alpha=0.01): 0.0795
Smoothed Test MSE did not improve. Early stopping counter: 90/100
Test MSE group_0: nan
Test MSE group_1: 0.0161
Test MSE group_2: nan
Test MSE group_3: nan
Poisson likelihood: 0.0
CE loss: 0.0
train MSE group_0: nan
train MSE group_1: 0.0098
train MSE group_2: nan
train MSE group_3: nan
CE loss (TEST): 0.0
Experiment 12250
Epoch 0092 [Test seq (cond on sampled tp)] | Loss 67.885513 | Likelihood -68.437469 | KL fp 2.8988 | FP STD 0.0948|
KL coef: 0.5613824981900892
Train loss (one batch): 44.330772399902344
Train CE loss (one batch): 0.0
Test MSE (raw): 0.0144
Test MSE (smoothed with alpha=0.01): 0.0788
Smoothed Test MSE did not improve. Early stopping counter: 91/100
Test MSE group_0: nan
Test MSE group_1: 0.0144
Test MSE group_2: nan
Test MSE group_3: nan
Poisson likelihood: 0.0
CE loss: 0.0
train MSE group_0: nan
train MSE group_1: 0.0095
train MSE group_2: nan
train MSE group_3: nan
CE loss (TEST): 0.0
Experiment 12250
Epoch 0093 [Test seq (cond on sampled tp)] | Loss 65.772240 | Likelihood -66.259605 | KL fp 2.8623 | FP STD 0.1003|
KL coef: 0.5657686732081884
Train loss (one batch): 42.39037322998047
Train CE loss (one batch): 0.0
Test MSE (raw): 0.0140
Test MSE (smoothed with alpha=0.01): 0.0782
Smoothed Test MSE did not improve. Early stopping counter: 92/100
Test MSE group_0: nan
Test MSE group_1: 0.0140
Test MSE group_2: nan
Test MSE group_3: nan
Poisson likelihood: 0.0
CE loss: 0.0
train MSE group_0: nan
train MSE group_1: 0.0091
train MSE group_2: nan
train MSE group_3: nan
CE loss (TEST): 0.0
Experiment 12250
Epoch 0094 [Test seq (cond on sampled tp)] | Loss 62.777325 | Likelihood -64.280319 | KL fp 2.8206 | FP STD 0.1043|
KL coef: 0.5701109864761065
Train loss (one batch): 42.5739631652832
Train CE loss (one batch): 0.0
Test MSE (raw): 0.0136
Test MSE (smoothed with alpha=0.01): 0.0775
Smoothed Test MSE did not improve. Early stopping counter: 93/100
Test MSE group_0: nan
Test MSE group_1: 0.0136
Test MSE group_2: nan
Test MSE group_3: nan
Poisson likelihood: 0.0
CE loss: 0.0
train MSE group_0: nan
train MSE group_1: 0.0092
train MSE group_2: nan
train MSE group_3: nan
CE loss (TEST): 0.0
Experiment 12250
Epoch 0095 [Test seq (cond on sampled tp)] | Loss 63.734943 | Likelihood -65.463463 | KL fp 2.7746 | FP STD 0.1042|
KL coef: 0.5744098766113455
Train loss (one batch): 43.58811569213867
Train CE loss (one batch): 0.0
Test MSE (raw): 0.0138
Test MSE (smoothed with alpha=0.01): 0.0769
Smoothed Test MSE did not improve. Early stopping counter: 94/100
Test MSE group_0: nan
Test MSE group_1: 0.0138
Test MSE group_2: nan
Test MSE group_3: nan
Poisson likelihood: 0.0
CE loss: 0.0
train MSE group_0: nan
train MSE group_1: 0.0094
train MSE group_2: nan
train MSE group_3: nan
CE loss (TEST): 0.0
Experiment 12250
Epoch 0096 [Test seq (cond on sampled tp)] | Loss 69.626633 | Likelihood -70.043739 | KL fp 2.7420 | FP STD 0.1028|
KL coef: 0.578665777845232
Train loss (one batch): 40.88534927368164
Train CE loss (one batch): 0.0
Test MSE (raw): 0.0147
Test MSE (smoothed with alpha=0.01): 0.0763
Smoothed Test MSE did not improve. Early stopping counter: 95/100
Test MSE group_0: nan
Test MSE group_1: 0.0147
Test MSE group_2: nan
Test MSE group_3: nan
Poisson likelihood: 0.0
CE loss: 0.0
train MSE group_0: nan
train MSE group_1: 0.0088
train MSE group_2: nan
train MSE group_3: nan
CE loss (TEST): 0.0
Experiment 12250
Epoch 0097 [Test seq (cond on sampled tp)] | Loss 71.182610 | Likelihood -71.474052 | KL fp 2.6838 | FP STD 0.1041|
KL coef: 0.5828791200667797
Train loss (one batch): 40.07744598388672
Train CE loss (one batch): 0.0
Test MSE (raw): 0.0150
Test MSE (smoothed with alpha=0.01): 0.0756
Smoothed Test MSE did not improve. Early stopping counter: 96/100
Test MSE group_0: nan
Test MSE group_1: 0.0150
Test MSE group_2: nan
Test MSE group_3: nan
Poisson likelihood: 0.0
CE loss: 0.0
train MSE group_0: nan
train MSE group_1: 0.0087
train MSE group_2: nan
train MSE group_3: nan
CE loss (TEST): 0.0
Experiment 12250
Epoch 0098 [Test seq (cond on sampled tp)] | Loss 68.598061 | Likelihood -68.380165 | KL fp 2.6528 | FP STD 0.1085|
KL coef: 0.5870503288661119
Train loss (one batch): 39.994991302490234
Train CE loss (one batch): 0.0
Test MSE (raw): 0.0144
Test MSE (smoothed with alpha=0.01): 0.0750
Smoothed Test MSE did not improve. Early stopping counter: 97/100
Test MSE group_0: nan
Test MSE group_1: 0.0144
Test MSE group_2: nan
Test MSE group_3: nan
Poisson likelihood: 0.0
CE loss: 0.0
train MSE group_0: nan
train MSE group_1: 0.0087
train MSE group_2: nan
train MSE group_3: nan
CE loss (TEST): 0.0
Experiment 12250
Epoch 0099 [Test seq (cond on sampled tp)] | Loss 64.049080 | Likelihood -64.781761 | KL fp 2.5574 | FP STD 0.1152|
KL coef: 0.5911798255774507
Train loss (one batch): 39.38693618774414
Train CE loss (one batch): 0.0
Test MSE (raw): 0.0137
Test MSE (smoothed with alpha=0.01): 0.0744
Smoothed Test MSE did not improve. Early stopping counter: 98/100
Test MSE group_0: nan
Test MSE group_1: 0.0137
Test MSE group_2: nan
Test MSE group_3: nan
Poisson likelihood: 0.0
CE loss: 0.0
train MSE group_0: nan
train MSE group_1: 0.0086
train MSE group_2: nan
train MSE group_3: nan
CE loss (TEST): 0.0
Experiment 12250
Epoch 0100 [Test seq (cond on sampled tp)] | Loss 59.848045 | Likelihood -59.460999 | KL fp 2.5296 | FP STD 0.1205|
KL coef: 0.5952680273216762
Train loss (one batch): 37.93752670288086
Train CE loss (one batch): 0.0
Test MSE (raw): 0.0126
Test MSE (smoothed with alpha=0.01): 0.0738
Smoothed Test MSE did not improve. Early stopping counter: 99/100
Test MSE group_0: nan
Test MSE group_1: 0.0126
Test MSE group_2: nan
Test MSE group_3: nan
Poisson likelihood: 0.0
CE loss: 0.0
train MSE group_0: nan
train MSE group_1: 0.0082
train MSE group_2: nan
train MSE group_3: nan
CE loss (TEST): 0.0
