/Users/benjaminmaurel/Documents/Training_Sanofi/notebooks_hands_on/latent_ode/run_models.py
run_models.py --niters 3000 -n 200 -s 40 -l 10 --dataset PK_Tacro --latent-ode --noise-weight 0.01 --max-t 5. --seed 8 --experiment 25731
Experiment 25731
Epoch 1000 [Test seq (cond on sampled tp)] | Loss 156.153320 | Likelihood -153.734619 | KL fp 5.1539 | FP STD 0.0988|
KL coef: 0.9999522643707747
Train loss (one batch): 144.5911865234375
Train CE loss (one batch): 0.0
Test MSE (raw): 0.0315
Test MSE (smoothed with alpha=0.01): 0.0315
New best smoothed test MSE: 0.0315. Saving best model to experiments/experiment_25731_best.ckpt
Test MSE group_0: 0.0280
Test MSE group_1: 0.0353
Test MSE group_2: nan
Test MSE group_3: nan
Poisson likelihood: 0.0
CE loss: 0.0
train MSE group_0: 0.0279
train MSE group_1: 0.0300
train MSE group_2: nan
train MSE group_3: nan
CE loss (TEST): 0.0
Experiment 25731
Epoch 2000 [Test seq (cond on sampled tp)] | Loss 153.645935 | Likelihood -154.617508 | KL fp 4.5634 | FP STD 0.1907|
KL coef: 0.9999999979391934
Train loss (one batch): 142.87838745117188
Train CE loss (one batch): 0.0
Test MSE (raw): 0.0317
Test MSE (smoothed with alpha=0.01): 0.0315
Smoothed Test MSE did not improve. Early stopping counter: 1/10000
Test MSE group_0: 0.0277
Test MSE group_1: 0.0361
Test MSE group_2: nan
Test MSE group_3: nan
Poisson likelihood: 0.0
CE loss: 0.0
train MSE group_0: 0.0272
train MSE group_1: 0.0307
train MSE group_2: nan
train MSE group_3: nan
CE loss (TEST): 0.0
Experiment 25731
Epoch 3000 [Test seq (cond on sampled tp)] | Loss 136.099884 | Likelihood -133.741425 | KL fp 5.0259 | FP STD 0.1270|
KL coef: 0.9999999999999111
Train loss (one batch): 123.09916687011719
Train CE loss (one batch): 0.0
Test MSE (raw): 0.0275
Test MSE (smoothed with alpha=0.01): 0.0314
New best smoothed test MSE: 0.0314. Saving best model to experiments/experiment_25731_best.ckpt
Test MSE group_0: 0.0250
Test MSE group_1: 0.0302
Test MSE group_2: nan
Test MSE group_3: nan
Poisson likelihood: 0.0
CE loss: 0.0
train MSE group_0: 0.0246
train MSE group_1: 0.0246
train MSE group_2: nan
train MSE group_3: nan
CE loss (TEST): 0.0
