/Users/benjaminmaurel/Documents/Training_Sanofi/notebooks_hands_on/latent_ode/run_models.py
run_models.py --niters 3000 -n 200 -s 40 -l 10 --dataset PK_Tacro --latent-ode --noise-weight 0.01 --max-t 5. --seed 100 --experiment 21230
Experiment 21230
Epoch 1000 [Test seq (cond on sampled tp)] | Loss 197.618774 | Likelihood -196.388306 | KL fp 4.2970 | FP STD 0.1160|
KL coef: 0.9999522643707747
Train loss (one batch): 196.36505126953125
Train CE loss (one batch): 0.0
Test MSE (raw): 0.0400
Test MSE (smoothed with alpha=0.01): 0.0400
New best smoothed test MSE: 0.0400. Saving best model to experiments/experiment_21230_best.ckpt
Test MSE group_0: 0.0346
Test MSE group_1: 0.0454
Test MSE group_2: nan
Test MSE group_3: nan
Poisson likelihood: 0.0
CE loss: 0.0
train MSE group_0: 0.0374
train MSE group_1: 0.0416
train MSE group_2: nan
train MSE group_3: nan
CE loss (TEST): 0.0
Experiment 21230
Epoch 2000 [Test seq (cond on sampled tp)] | Loss 149.879013 | Likelihood -148.928162 | KL fp 4.3482 | FP STD 0.1091|
KL coef: 0.9999999979391934
Train loss (one batch): 150.56008911132812
Train CE loss (one batch): 0.0
Test MSE (raw): 0.0305
Test MSE (smoothed with alpha=0.01): 0.0399
New best smoothed test MSE: 0.0399. Saving best model to experiments/experiment_21230_best.ckpt
Test MSE group_0: 0.0282
Test MSE group_1: 0.0329
Test MSE group_2: nan
Test MSE group_3: nan
Poisson likelihood: 0.0
CE loss: 0.0
train MSE group_0: 0.0300
train MSE group_1: 0.0305
train MSE group_2: nan
train MSE group_3: nan
CE loss (TEST): 0.0
Experiment 21230
Epoch 3000 [Test seq (cond on sampled tp)] | Loss 143.532104 | Likelihood -142.982941 | KL fp 3.9822 | FP STD 0.1340|
KL coef: 0.9999999999999111
Train loss (one batch): 143.09555053710938
Train CE loss (one batch): 0.0
Test MSE (raw): 0.0293
Test MSE (smoothed with alpha=0.01): 0.0398
New best smoothed test MSE: 0.0398. Saving best model to experiments/experiment_21230_best.ckpt
Test MSE group_0: 0.0277
Test MSE group_1: 0.0309
Test MSE group_2: nan
Test MSE group_3: nan
Poisson likelihood: 0.0
CE loss: 0.0
train MSE group_0: 0.0292
train MSE group_1: 0.0287
train MSE group_2: nan
train MSE group_3: nan
CE loss (TEST): 0.0
