/Users/benjaminmaurel/Documents/Training_Sanofi/notebooks_hands_on/latent_ode/run_models.py
run_models.py --niters 3000 -n 200 -s 40 -l 10 --dataset PK_Tacro --latent-ode --noise-weight 0.01 --max-t 5. --seed 30 --experiment 36115
Experiment 36115
Epoch 1000 [Test seq (cond on sampled tp)] | Loss 225.306763 | Likelihood -223.603683 | KL fp 5.3384 | FP STD 0.0888|
KL coef: 0.9999522643707747
Train loss (one batch): 229.4643096923828
Train CE loss (one batch): 0.0
Test MSE (raw): 0.0455
Test MSE (smoothed with alpha=0.01): 0.0455
New best smoothed test MSE: 0.0455. Saving best model to experiments/experiment_36115_best.ckpt
Test MSE group_0: 0.0381
Test MSE group_1: 0.0524
Test MSE group_2: nan
Test MSE group_3: nan
Poisson likelihood: 0.0
CE loss: 0.0
train MSE group_0: 0.0406
train MSE group_1: 0.0528
train MSE group_2: nan
train MSE group_3: nan
CE loss (TEST): 0.0
Experiment 36115
Epoch 2000 [Test seq (cond on sampled tp)] | Loss 174.061539 | Likelihood -171.809723 | KL fp 5.1733 | FP STD 0.0804|
KL coef: 0.9999999979391934
Train loss (one batch): 175.99356079101562
Train CE loss (one batch): 0.0
Test MSE (raw): 0.0351
Test MSE (smoothed with alpha=0.01): 0.0454
New best smoothed test MSE: 0.0454. Saving best model to experiments/experiment_36115_best.ckpt
Test MSE group_0: 0.0312
Test MSE group_1: 0.0386
Test MSE group_2: nan
Test MSE group_3: nan
Poisson likelihood: 0.0
CE loss: 0.0
train MSE group_0: 0.0341
train MSE group_1: 0.0363
train MSE group_2: nan
train MSE group_3: nan
CE loss (TEST): 0.0
Experiment 36115
Epoch 3000 [Test seq (cond on sampled tp)] | Loss 168.747406 | Likelihood -166.151382 | KL fp 5.2283 | FP STD 0.0883|
KL coef: 0.9999999999999111
Train loss (one batch): 170.45220947265625
Train CE loss (one batch): 0.0
Test MSE (raw): 0.0340
Test MSE (smoothed with alpha=0.01): 0.0452
New best smoothed test MSE: 0.0452. Saving best model to experiments/experiment_36115_best.ckpt
Test MSE group_0: 0.0305
Test MSE group_1: 0.0371
Test MSE group_2: nan
Test MSE group_3: nan
Poisson likelihood: 0.0
CE loss: 0.0
train MSE group_0: 0.0336
train MSE group_1: 0.0345
train MSE group_2: nan
train MSE group_3: nan
CE loss (TEST): 0.0
