/Users/benjaminmaurel/Documents/Training_Sanofi/notebooks_hands_on/latent_ode/run_models.py
run_models.py --niters 3000 -n 200 -s 40 -l 10 --dataset PK_Tacro --latent-ode --noise-weight 0.01 --max-t 5. --seed 14 --experiment 36005
Experiment 36005
Epoch 1000 [Test seq (cond on sampled tp)] | Loss 243.576614 | Likelihood -236.715424 | KL fp 9.5102 | FP STD 0.1528|
KL coef: 0.9999522643707747
Train loss (one batch): 256.376220703125
Train CE loss (one batch): 0.0
Test MSE (raw): 0.0481
Test MSE (smoothed with alpha=0.01): 0.0481
New best smoothed test MSE: 0.0481. Saving best model to experiments/experiment_36005_best.ckpt
Test MSE group_0: 0.0429
Test MSE group_1: 0.0537
Test MSE group_2: nan
Test MSE group_3: nan
Poisson likelihood: 0.0
CE loss: 0.0
train MSE group_0: 0.0458
train MSE group_1: 0.0549
train MSE group_2: nan
train MSE group_3: nan
CE loss (TEST): 0.0
Experiment 36005
Epoch 2000 [Test seq (cond on sampled tp)] | Loss 187.737732 | Likelihood -182.946869 | KL fp 8.4638 | FP STD 0.1184|
KL coef: 0.9999999979391934
Train loss (one batch): 186.06019592285156
Train CE loss (one batch): 0.0
Test MSE (raw): 0.0373
Test MSE (smoothed with alpha=0.01): 0.0480
New best smoothed test MSE: 0.0480. Saving best model to experiments/experiment_36005_best.ckpt
Test MSE group_0: 0.0333
Test MSE group_1: 0.0419
Test MSE group_2: nan
Test MSE group_3: nan
Poisson likelihood: 0.0
CE loss: 0.0
train MSE group_0: 0.0332
train MSE group_1: 0.0396
train MSE group_2: nan
train MSE group_3: nan
CE loss (TEST): 0.0
Experiment 36005
Epoch 3000 [Test seq (cond on sampled tp)] | Loss 172.695862 | Likelihood -166.991119 | KL fp 8.1803 | FP STD 0.1102|
KL coef: 0.9999999999999111
Train loss (one batch): 166.22454833984375
Train CE loss (one batch): 0.0
Test MSE (raw): 0.0341
Test MSE (smoothed with alpha=0.01): 0.0478
New best smoothed test MSE: 0.0478. Saving best model to experiments/experiment_36005_best.ckpt
Test MSE group_0: 0.0312
Test MSE group_1: 0.0374
Test MSE group_2: nan
Test MSE group_3: nan
Poisson likelihood: 0.0
CE loss: 0.0
train MSE group_0: 0.0305
train MSE group_1: 0.0348
train MSE group_2: nan
train MSE group_3: nan
CE loss (TEST): 0.0
