/Users/benjaminmaurel/Documents/Training_Sanofi/notebooks_hands_on/latent_ode/run_models.py
run_models.py --niters 3000 -n 200 -s 40 -l 10 --dataset PK_Tacro --latent-ode --noise-weight 0.01 --max-t 5. --seed 3 --experiment 35215
Experiment 35215
Epoch 1000 [Test seq (cond on sampled tp)] | Loss 214.963486 | Likelihood -211.090012 | KL fp 7.0584 | FP STD 0.1392|
KL coef: 0.9999522643707747
Train loss (one batch): 208.61875915527344
Train CE loss (one batch): 0.0
Test MSE (raw): 0.0430
Test MSE (smoothed with alpha=0.01): 0.0430
New best smoothed test MSE: 0.0430. Saving best model to experiments/experiment_35215_best.ckpt
Test MSE group_0: 0.0371
Test MSE group_1: 0.0488
Test MSE group_2: nan
Test MSE group_3: nan
Poisson likelihood: 0.0
CE loss: 0.0
train MSE group_0: 0.0350
train MSE group_1: 0.0476
train MSE group_2: nan
train MSE group_3: nan
CE loss (TEST): 0.0
Experiment 35215
Epoch 2000 [Test seq (cond on sampled tp)] | Loss 201.516739 | Likelihood -198.854874 | KL fp 6.7695 | FP STD 0.1332|
KL coef: 0.9999999979391934
Train loss (one batch): 187.9077911376953
Train CE loss (one batch): 0.0
Test MSE (raw): 0.0405
Test MSE (smoothed with alpha=0.01): 0.0429
New best smoothed test MSE: 0.0429. Saving best model to experiments/experiment_35215_best.ckpt
Test MSE group_0: 0.0374
Test MSE group_1: 0.0436
Test MSE group_2: nan
Test MSE group_3: nan
Poisson likelihood: 0.0
CE loss: 0.0
train MSE group_0: 0.0341
train MSE group_1: 0.0411
train MSE group_2: nan
train MSE group_3: nan
CE loss (TEST): 0.0
Experiment 35215
Epoch 3000 [Test seq (cond on sampled tp)] | Loss 195.104492 | Likelihood -192.073547 | KL fp 6.8051 | FP STD 0.0971|
KL coef: 0.9999999999999111
Train loss (one batch): 181.605224609375
Train CE loss (one batch): 0.0
Test MSE (raw): 0.0392
Test MSE (smoothed with alpha=0.01): 0.0429
New best smoothed test MSE: 0.0429. Saving best model to experiments/experiment_35215_best.ckpt
Test MSE group_0: 0.0368
Test MSE group_1: 0.0415
Test MSE group_2: nan
Test MSE group_3: nan
Poisson likelihood: 0.0
CE loss: 0.0
train MSE group_0: 0.0332
train MSE group_1: 0.0392
train MSE group_2: nan
train MSE group_3: nan
CE loss (TEST): 0.0
