/Users/benjaminmaurel/Documents/Training_Sanofi/notebooks_hands_on/latent_ode/run_models.py
run_models.py --niters 3000 -n 200 -s 40 -l 10 --dataset PK_Tacro --latent-ode --noise-weight 0.01 --max-t 5. --seed 15 --experiment 23184
Experiment 23184
Epoch 1000 [Test seq (cond on sampled tp)] | Loss 253.744019 | Likelihood -250.821320 | KL fp 7.8469 | FP STD 0.1550|
KL coef: 0.9999522643707747
Train loss (one batch): 277.4954833984375
Train CE loss (one batch): 0.0
Test MSE (raw): 0.0509
Test MSE (smoothed with alpha=0.01): 0.0509
New best smoothed test MSE: 0.0509. Saving best model to experiments/experiment_23184_best.ckpt
Test MSE group_0: 0.0434
Test MSE group_1: 0.0580
Test MSE group_2: nan
Test MSE group_3: nan
Poisson likelihood: 0.0
CE loss: 0.0
train MSE group_0: 0.0455
train MSE group_1: 0.0682
train MSE group_2: nan
train MSE group_3: nan
CE loss (TEST): 0.0
Experiment 23184
Epoch 2000 [Test seq (cond on sampled tp)] | Loss 242.047104 | Likelihood -238.072510 | KL fp 7.1049 | FP STD 0.1494|
KL coef: 0.9999999979391934
Train loss (one batch): 262.66375732421875
Train CE loss (one batch): 0.0
Test MSE (raw): 0.0484
Test MSE (smoothed with alpha=0.01): 0.0509
New best smoothed test MSE: 0.0509. Saving best model to experiments/experiment_23184_best.ckpt
Test MSE group_0: 0.0437
Test MSE group_1: 0.0529
Test MSE group_2: nan
Test MSE group_3: nan
Poisson likelihood: 0.0
CE loss: 0.0
train MSE group_0: 0.0464
train MSE group_1: 0.0592
train MSE group_2: nan
train MSE group_3: nan
CE loss (TEST): 0.0
Experiment 23184
Epoch 3000 [Test seq (cond on sampled tp)] | Loss 218.074524 | Likelihood -216.246307 | KL fp 6.8543 | FP STD 0.1377|
KL coef: 0.9999999999999111
Train loss (one batch): 242.27198791503906
Train CE loss (one batch): 0.0
Test MSE (raw): 0.0440
Test MSE (smoothed with alpha=0.01): 0.0508
New best smoothed test MSE: 0.0508. Saving best model to experiments/experiment_23184_best.ckpt
Test MSE group_0: 0.0404
Test MSE group_1: 0.0474
Test MSE group_2: nan
Test MSE group_3: nan
Poisson likelihood: 0.0
CE loss: 0.0
train MSE group_0: 0.0418
train MSE group_1: 0.0564
train MSE group_2: nan
train MSE group_3: nan
CE loss (TEST): 0.0
