/Users/benjaminmaurel/Documents/Training_Sanofi/notebooks_hands_on/latent_ode/run_models.py
run_models.py --niters 3000 -n 200 -s 40 -l 10 --dataset PK_Tacro --latent-ode --noise-weight 0.01 --max-t 5. --seed 1 --experiment 41054
Experiment 41054
Epoch 1000 [Test seq (cond on sampled tp)] | Loss 226.652298 | Likelihood -223.644684 | KL fp 6.5009 | FP STD 0.1718|
KL coef: 0.9999522643707747
Train loss (one batch): 219.42274475097656
Train CE loss (one batch): 0.0
Test MSE (raw): 0.0455
Test MSE (smoothed with alpha=0.01): 0.0455
New best smoothed test MSE: 0.0455. Saving best model to experiments/experiment_41054_best.ckpt
Test MSE group_0: 0.0434
Test MSE group_1: 0.0479
Test MSE group_2: nan
Test MSE group_3: nan
Poisson likelihood: 0.0
CE loss: 0.0
train MSE group_0: 0.0425
train MSE group_1: 0.0451
train MSE group_2: nan
train MSE group_3: nan
CE loss (TEST): 0.0
Experiment 41054
Epoch 2000 [Test seq (cond on sampled tp)] | Loss 186.556183 | Likelihood -183.399994 | KL fp 6.2551 | FP STD 0.1113|
KL coef: 0.9999999979391934
Train loss (one batch): 181.64366149902344
Train CE loss (one batch): 0.0
Test MSE (raw): 0.0374
Test MSE (smoothed with alpha=0.01): 0.0454
New best smoothed test MSE: 0.0454. Saving best model to experiments/experiment_41054_best.ckpt
Test MSE group_0: 0.0357
Test MSE group_1: 0.0394
Test MSE group_2: nan
Test MSE group_3: nan
Poisson likelihood: 0.0
CE loss: 0.0
train MSE group_0: 0.0361
train MSE group_1: 0.0360
train MSE group_2: nan
train MSE group_3: nan
CE loss (TEST): 0.0
Experiment 41054
Epoch 3000 [Test seq (cond on sampled tp)] | Loss 163.227386 | Likelihood -160.396149 | KL fp 5.4864 | FP STD 0.1119|
KL coef: 0.9999999999999111
Train loss (one batch): 159.78842163085938
Train CE loss (one batch): 0.0
Test MSE (raw): 0.0328
Test MSE (smoothed with alpha=0.01): 0.0453
New best smoothed test MSE: 0.0453. Saving best model to experiments/experiment_41054_best.ckpt
Test MSE group_0: 0.0307
Test MSE group_1: 0.0352
Test MSE group_2: nan
Test MSE group_3: nan
Poisson likelihood: 0.0
CE loss: 0.0
train MSE group_0: 0.0317
train MSE group_1: 0.0320
train MSE group_2: nan
train MSE group_3: nan
CE loss (TEST): 0.0
