/Users/benjaminmaurel/Documents/Training_Sanofi/notebooks_hands_on/latent_ode/run_models.py
run_models.py --niters 3000 -n 200 -s 40 -l 10 --dataset PK_Tacro --latent-ode --noise-weight 0.01 --max-t 5. --seed 37 --experiment 37885
Experiment 37885
Epoch 1000 [Test seq (cond on sampled tp)] | Loss 214.003738 | Likelihood -212.321976 | KL fp 4.9509 | FP STD 0.1290|
KL coef: 0.9999522643707747
Train loss (one batch): 199.54019165039062
Train CE loss (one batch): 0.0
Test MSE (raw): 0.0432
Test MSE (smoothed with alpha=0.01): 0.0432
New best smoothed test MSE: 0.0432. Saving best model to experiments/experiment_37885_best.ckpt
Test MSE group_0: 0.0376
Test MSE group_1: 0.0484
Test MSE group_2: nan
Test MSE group_3: nan
Poisson likelihood: 0.0
CE loss: 0.0
train MSE group_0: 0.0321
train MSE group_1: 0.0482
train MSE group_2: nan
train MSE group_3: nan
CE loss (TEST): 0.0
Experiment 37885
Epoch 2000 [Test seq (cond on sampled tp)] | Loss 199.396362 | Likelihood -198.581100 | KL fp 4.7720 | FP STD 0.1564|
KL coef: 0.9999999979391934
Train loss (one batch): 183.58624267578125
Train CE loss (one batch): 0.0
Test MSE (raw): 0.0405
Test MSE (smoothed with alpha=0.01): 0.0432
New best smoothed test MSE: 0.0432. Saving best model to experiments/experiment_37885_best.ckpt
Test MSE group_0: 0.0356
Test MSE group_1: 0.0449
Test MSE group_2: nan
Test MSE group_3: nan
Poisson likelihood: 0.0
CE loss: 0.0
train MSE group_0: 0.0309
train MSE group_1: 0.0431
train MSE group_2: nan
train MSE group_3: nan
CE loss (TEST): 0.0
Experiment 37885
Epoch 3000 [Test seq (cond on sampled tp)] | Loss 190.375153 | Likelihood -187.916260 | KL fp 5.1085 | FP STD 0.0941|
KL coef: 0.9999999999999111
Train loss (one batch): 169.80654907226562
Train CE loss (one batch): 0.0
Test MSE (raw): 0.0383
Test MSE (smoothed with alpha=0.01): 0.0431
New best smoothed test MSE: 0.0431. Saving best model to experiments/experiment_37885_best.ckpt
Test MSE group_0: 0.0342
Test MSE group_1: 0.0421
Test MSE group_2: nan
Test MSE group_3: nan
Poisson likelihood: 0.0
CE loss: 0.0
train MSE group_0: 0.0290
train MSE group_1: 0.0391
train MSE group_2: nan
train MSE group_3: nan
CE loss (TEST): 0.0
