/Users/benjaminmaurel/Documents/Training_Sanofi/notebooks_hands_on/latent_ode/run_models.py
run_models.py --niters 3000 -n 200 -s 40 -l 10 --dataset PK_Tacro --latent-ode --noise-weight 0.01 --max-t 5. --seed 34 --experiment 16462
Experiment 16462
Epoch 1000 [Test seq (cond on sampled tp)] | Loss 287.753632 | Likelihood -293.899872 | KL fp 2.7537 | FP STD 0.3527|
KL coef: 0.9999522643707747
Train loss (one batch): 301.1222839355469
Train CE loss (one batch): 0.0
Test MSE (raw): 0.0595
Test MSE (smoothed with alpha=0.01): 0.0595
New best smoothed test MSE: 0.0595. Saving best model to experiments/experiment_16462_best.ckpt
Test MSE group_0: 0.0497
Test MSE group_1: 0.0703
Test MSE group_2: nan
Test MSE group_3: nan
Poisson likelihood: 0.0
CE loss: 0.0
train MSE group_0: 0.0480
train MSE group_1: 0.0717
train MSE group_2: nan
train MSE group_3: nan
CE loss (TEST): 0.0
Experiment 16462
Epoch 2000 [Test seq (cond on sampled tp)] | Loss 247.607025 | Likelihood -248.774719 | KL fp 3.2771 | FP STD 0.2303|
KL coef: 0.9999999979391934
Train loss (one batch): 256.17352294921875
Train CE loss (one batch): 0.0
Test MSE (raw): 0.0505
Test MSE (smoothed with alpha=0.01): 0.0594
New best smoothed test MSE: 0.0594. Saving best model to experiments/experiment_16462_best.ckpt
Test MSE group_0: 0.0449
Test MSE group_1: 0.0567
Test MSE group_2: nan
Test MSE group_3: nan
Poisson likelihood: 0.0
CE loss: 0.0
train MSE group_0: 0.0437
train MSE group_1: 0.0583
train MSE group_2: nan
train MSE group_3: nan
CE loss (TEST): 0.0
Experiment 16462
Epoch 3000 [Test seq (cond on sampled tp)] | Loss 241.283936 | Likelihood -240.948425 | KL fp 3.5607 | FP STD 0.1819|
KL coef: 0.9999999999999111
Train loss (one batch): 242.66485595703125
Train CE loss (one batch): 0.0
Test MSE (raw): 0.0489
Test MSE (smoothed with alpha=0.01): 0.0593
New best smoothed test MSE: 0.0593. Saving best model to experiments/experiment_16462_best.ckpt
Test MSE group_0: 0.0450
Test MSE group_1: 0.0533
Test MSE group_2: nan
Test MSE group_3: nan
Poisson likelihood: 0.0
CE loss: 0.0
train MSE group_0: 0.0423
train MSE group_1: 0.0545
train MSE group_2: nan
train MSE group_3: nan
CE loss (TEST): 0.0
