/Users/benjaminmaurel/Documents/Training_Sanofi/notebooks_hands_on/latent_ode/run_models.py
run_models.py --niters 3000 -n 200 -s 40 -l 10 --dataset PK_Tacro --latent-ode --noise-weight 0.01 --max-t 5. --seed 17 --experiment 29830
Experiment 29830
Epoch 1000 [Test seq (cond on sampled tp)] | Loss 165.968643 | Likelihood -163.598999 | KL fp 5.0864 | FP STD 0.1434|
KL coef: 0.9999522643707747
Train loss (one batch): 159.28614807128906
Train CE loss (one batch): 0.0
Test MSE (raw): 0.0335
Test MSE (smoothed with alpha=0.01): 0.0335
New best smoothed test MSE: 0.0335. Saving best model to experiments/experiment_29830_best.ckpt
Test MSE group_0: 0.0323
Test MSE group_1: 0.0345
Test MSE group_2: nan
Test MSE group_3: nan
Poisson likelihood: 0.0
CE loss: 0.0
train MSE group_0: 0.0326
train MSE group_1: 0.0307
train MSE group_2: nan
train MSE group_3: nan
CE loss (TEST): 0.0
Experiment 29830
Epoch 2000 [Test seq (cond on sampled tp)] | Loss 163.791885 | Likelihood -162.459290 | KL fp 4.7815 | FP STD 0.1712|
KL coef: 0.9999999979391934
Train loss (one batch): 156.4843292236328
Train CE loss (one batch): 0.0
Test MSE (raw): 0.0332
Test MSE (smoothed with alpha=0.01): 0.0335
New best smoothed test MSE: 0.0335. Saving best model to experiments/experiment_29830_best.ckpt
Test MSE group_0: 0.0324
Test MSE group_1: 0.0340
Test MSE group_2: nan
Test MSE group_3: nan
Poisson likelihood: 0.0
CE loss: 0.0
train MSE group_0: 0.0331
train MSE group_1: 0.0302
train MSE group_2: nan
train MSE group_3: nan
CE loss (TEST): 0.0
Experiment 29830
Epoch 3000 [Test seq (cond on sampled tp)] | Loss 155.766418 | Likelihood -153.741776 | KL fp 4.7869 | FP STD 0.1505|
KL coef: 0.9999999999999111
Train loss (one batch): 147.8756561279297
Train CE loss (one batch): 0.0
Test MSE (raw): 0.0315
Test MSE (smoothed with alpha=0.01): 0.0334
New best smoothed test MSE: 0.0334. Saving best model to experiments/experiment_29830_best.ckpt
Test MSE group_0: 0.0306
Test MSE group_1: 0.0323
Test MSE group_2: nan
Test MSE group_3: nan
Poisson likelihood: 0.0
CE loss: 0.0
train MSE group_0: 0.0310
train MSE group_1: 0.0278
train MSE group_2: nan
train MSE group_3: nan
CE loss (TEST): 0.0
