/Users/benjaminmaurel/Documents/Training_Sanofi/notebooks_hands_on/latent_ode/run_models.py
run_models.py --niters 3000 -n 200 -s 40 -l 10 --dataset PK_Tacro --latent-ode --noise-weight 0.01 --max-t 5. --seed 116 --experiment 19505
Experiment 19505
Epoch 1000 [Test seq (cond on sampled tp)] | Loss 233.833435 | Likelihood -232.959290 | KL fp 4.1152 | FP STD 0.1069|
KL coef: 0.9999522643707747
Train loss (one batch): 195.7997283935547
Train CE loss (one batch): 0.0
Test MSE (raw): 0.0473
Test MSE (smoothed with alpha=0.01): 0.0473
New best smoothed test MSE: 0.0473. Saving best model to experiments/experiment_19505_best.ckpt
Test MSE group_0: 0.0319
Test MSE group_1: 0.0625
Test MSE group_2: nan
Test MSE group_3: nan
Poisson likelihood: 0.0
CE loss: 0.0
train MSE group_0: 0.0325
train MSE group_1: 0.0481
train MSE group_2: nan
train MSE group_3: nan
CE loss (TEST): 0.0
Experiment 19505
Epoch 2000 [Test seq (cond on sampled tp)] | Loss 224.934418 | Likelihood -223.814972 | KL fp 3.8533 | FP STD 0.2060|
KL coef: 0.9999999979391934
Train loss (one batch): 191.26614379882812
Train CE loss (one batch): 0.0
Test MSE (raw): 0.0455
Test MSE (smoothed with alpha=0.01): 0.0473
New best smoothed test MSE: 0.0473. Saving best model to experiments/experiment_19505_best.ckpt
Test MSE group_0: 0.0316
Test MSE group_1: 0.0592
Test MSE group_2: nan
Test MSE group_3: nan
Poisson likelihood: 0.0
CE loss: 0.0
train MSE group_0: 0.0322
train MSE group_1: 0.0533
train MSE group_2: nan
train MSE group_3: nan
CE loss (TEST): 0.0
Experiment 19505
Epoch 3000 [Test seq (cond on sampled tp)] | Loss 217.740036 | Likelihood -216.866257 | KL fp 3.8155 | FP STD 0.1970|
KL coef: 0.9999999999999111
Train loss (one batch): 183.2312469482422
Train CE loss (one batch): 0.0
Test MSE (raw): 0.0441
Test MSE (smoothed with alpha=0.01): 0.0473
New best smoothed test MSE: 0.0473. Saving best model to experiments/experiment_19505_best.ckpt
Test MSE group_0: 0.0317
Test MSE group_1: 0.0564
Test MSE group_2: nan
Test MSE group_3: nan
Poisson likelihood: 0.0
CE loss: 0.0
train MSE group_0: 0.0317
train MSE group_1: 0.0433
train MSE group_2: nan
train MSE group_3: nan
CE loss (TEST): 0.0
