/Users/benjaminmaurel/Documents/Training_Sanofi/notebooks_hands_on/latent_ode/run_models.py
run_models.py --niters 3000 -n 200 -s 40 -l 10 --dataset PK_Tacro --latent-ode --noise-weight 0.01 --max-t 5. --seed 100 --experiment 16000
Experiment 16000
Epoch 1000 [Test seq (cond on sampled tp)] | Loss 182.662308 | Likelihood -182.796204 | KL fp 4.6823 | FP STD 0.1006|
KL coef: 0.9999522643707747
Train loss (one batch): 188.17245483398438
Train CE loss (one batch): 0.0
Test MSE (raw): 0.0373
Test MSE (smoothed with alpha=0.01): 0.0373
New best smoothed test MSE: 0.0373. Saving best model to experiments/experiment_16000_best.ckpt
Test MSE group_0: 0.0330
Test MSE group_1: 0.0416
Test MSE group_2: nan
Test MSE group_3: nan
Poisson likelihood: 0.0
CE loss: 0.0
train MSE group_0: 0.0348
train MSE group_1: 0.0405
train MSE group_2: nan
train MSE group_3: nan
CE loss (TEST): 0.0
Experiment 16000
Epoch 2000 [Test seq (cond on sampled tp)] | Loss 150.259659 | Likelihood -148.573593 | KL fp 4.2882 | FP STD 0.1059|
KL coef: 0.9999999979391934
Train loss (one batch): 153.4598846435547
Train CE loss (one batch): 0.0
Test MSE (raw): 0.0305
Test MSE (smoothed with alpha=0.01): 0.0372
New best smoothed test MSE: 0.0372. Saving best model to experiments/experiment_16000_best.ckpt
Test MSE group_0: 0.0269
Test MSE group_1: 0.0339
Test MSE group_2: nan
Test MSE group_3: nan
Poisson likelihood: 0.0
CE loss: 0.0
train MSE group_0: 0.0283
train MSE group_1: 0.0332
train MSE group_2: nan
train MSE group_3: nan
CE loss (TEST): 0.0
Experiment 16000
Epoch 3000 [Test seq (cond on sampled tp)] | Loss 143.527374 | Likelihood -141.949951 | KL fp 4.3825 | FP STD 0.0766|
KL coef: 0.9999999999999111
Train loss (one batch): 146.68812561035156
Train CE loss (one batch): 0.0
Test MSE (raw): 0.0291
Test MSE (smoothed with alpha=0.01): 0.0371
New best smoothed test MSE: 0.0371. Saving best model to experiments/experiment_16000_best.ckpt
Test MSE group_0: 0.0263
Test MSE group_1: 0.0319
Test MSE group_2: nan
Test MSE group_3: nan
Poisson likelihood: 0.0
CE loss: 0.0
train MSE group_0: 0.0272
train MSE group_1: 0.0315
train MSE group_2: nan
train MSE group_3: nan
CE loss (TEST): 0.0
