/Users/benjaminmaurel/Documents/Training_Sanofi/notebooks_hands_on/latent_ode/run_models.py
run_models.py --niters 3000 -n 200 -s 40 -l 10 --dataset PK_Tacro --latent-ode --noise-weight 0.01 --max-t 5. --seed 41 --experiment 36975
Experiment 36975
Epoch 1000 [Test seq (cond on sampled tp)] | Loss 193.437073 | Likelihood -191.854080 | KL fp 4.5387 | FP STD 0.1530|
KL coef: 0.9999522643707747
Train loss (one batch): 185.0264129638672
Train CE loss (one batch): 0.0
Test MSE (raw): 0.0391
Test MSE (smoothed with alpha=0.01): 0.0391
New best smoothed test MSE: 0.0391. Saving best model to experiments/experiment_36975_best.ckpt
Test MSE group_0: 0.0365
Test MSE group_1: 0.0414
Test MSE group_2: nan
Test MSE group_3: nan
Poisson likelihood: 0.0
CE loss: 0.0
train MSE group_0: 0.0348
train MSE group_1: 0.0402
train MSE group_2: nan
train MSE group_3: nan
CE loss (TEST): 0.0
Experiment 36975
Epoch 2000 [Test seq (cond on sampled tp)] | Loss 175.799164 | Likelihood -174.028198 | KL fp 4.5019 | FP STD 0.1270|
KL coef: 0.9999999979391934
Train loss (one batch): 166.06471252441406
Train CE loss (one batch): 0.0
Test MSE (raw): 0.0355
Test MSE (smoothed with alpha=0.01): 0.0391
New best smoothed test MSE: 0.0391. Saving best model to experiments/experiment_36975_best.ckpt
Test MSE group_0: 0.0339
Test MSE group_1: 0.0370
Test MSE group_2: nan
Test MSE group_3: nan
Poisson likelihood: 0.0
CE loss: 0.0
train MSE group_0: 0.0321
train MSE group_1: 0.0350
train MSE group_2: nan
train MSE group_3: nan
CE loss (TEST): 0.0
Experiment 36975
Epoch 3000 [Test seq (cond on sampled tp)] | Loss 165.617767 | Likelihood -163.712509 | KL fp 4.5644 | FP STD 0.1235|
KL coef: 0.9999999999999111
Train loss (one batch): 153.25270080566406
Train CE loss (one batch): 0.0
Test MSE (raw): 0.0335
Test MSE (smoothed with alpha=0.01): 0.0390
New best smoothed test MSE: 0.0390. Saving best model to experiments/experiment_36975_best.ckpt
Test MSE group_0: 0.0326
Test MSE group_1: 0.0343
Test MSE group_2: nan
Test MSE group_3: nan
Poisson likelihood: 0.0
CE loss: 0.0
train MSE group_0: 0.0299
train MSE group_1: 0.0318
train MSE group_2: nan
train MSE group_3: nan
CE loss (TEST): 0.0
