/Users/benjaminmaurel/Documents/Training_Sanofi/notebooks_hands_on/latent_ode/run_models.py
run_models.py --niters 3000 -n 200 -s 40 -l 10 --dataset PK_Tacro --latent-ode --noise-weight 0.01 --max-t 5. --seed 14 --experiment 41560
Experiment 41560
Epoch 1000 [Test seq (cond on sampled tp)] | Loss 211.332245 | Likelihood -205.984772 | KL fp 8.7496 | FP STD 0.1678|
KL coef: 0.9999522643707747
Train loss (one batch): 218.4991455078125
Train CE loss (one batch): 0.0
Test MSE (raw): 0.0419
Test MSE (smoothed with alpha=0.01): 0.0419
New best smoothed test MSE: 0.0419. Saving best model to experiments/experiment_41560_best.ckpt
Test MSE group_0: 0.0371
Test MSE group_1: 0.0463
Test MSE group_2: nan
Test MSE group_3: nan
Poisson likelihood: 0.0
CE loss: 0.0
train MSE group_0: 0.0384
train MSE group_1: 0.0489
train MSE group_2: nan
train MSE group_3: nan
CE loss (TEST): 0.0
Experiment 41560
Epoch 2000 [Test seq (cond on sampled tp)] | Loss 185.930420 | Likelihood -180.593140 | KL fp 7.9607 | FP STD 0.1070|
KL coef: 0.9999999979391934
Train loss (one batch): 184.8099365234375
Train CE loss (one batch): 0.0
Test MSE (raw): 0.0369
Test MSE (smoothed with alpha=0.01): 0.0419
New best smoothed test MSE: 0.0419. Saving best model to experiments/experiment_41560_best.ckpt
Test MSE group_0: 0.0338
Test MSE group_1: 0.0396
Test MSE group_2: nan
Test MSE group_3: nan
Poisson likelihood: 0.0
CE loss: 0.0
train MSE group_0: 0.0351
train MSE group_1: 0.0377
train MSE group_2: nan
train MSE group_3: nan
CE loss (TEST): 0.0
Experiment 41560
Epoch 3000 [Test seq (cond on sampled tp)] | Loss 178.509644 | Likelihood -173.752670 | KL fp 7.4480 | FP STD 0.1024|
KL coef: 0.9999999999999111
Train loss (one batch): 175.18267822265625
Train CE loss (one batch): 0.0
Test MSE (raw): 0.0355
Test MSE (smoothed with alpha=0.01): 0.0418
New best smoothed test MSE: 0.0418. Saving best model to experiments/experiment_41560_best.ckpt
Test MSE group_0: 0.0327
Test MSE group_1: 0.0380
Test MSE group_2: nan
Test MSE group_3: nan
Poisson likelihood: 0.0
CE loss: 0.0
train MSE group_0: 0.0338
train MSE group_1: 0.0353
train MSE group_2: nan
train MSE group_3: nan
CE loss (TEST): 0.0
