/Users/benjaminmaurel/Documents/Training_Sanofi/notebooks_hands_on/latent_ode/run_models.py
run_models.py --niters 3000 -n 200 -s 40 -l 10 --dataset PK_Tacro --latent-ode --noise-weight 0.01 --max-t 5. --seed 143 --experiment 23244
Experiment 23244
Epoch 1000 [Test seq (cond on sampled tp)] | Loss 202.297455 | Likelihood -199.487335 | KL fp 5.7813 | FP STD 0.1258|
KL coef: 0.9999522643707747
Train loss (one batch): 203.23605346679688
Train CE loss (one batch): 0.0
Test MSE (raw): 0.0406
Test MSE (smoothed with alpha=0.01): 0.0406
New best smoothed test MSE: 0.0406. Saving best model to experiments/experiment_23244_best.ckpt
Test MSE group_0: 0.0317
Test MSE group_1: 0.0495
Test MSE group_2: nan
Test MSE group_3: nan
Poisson likelihood: 0.0
CE loss: 0.0
train MSE group_0: 0.0338
train MSE group_1: 0.0473
train MSE group_2: nan
train MSE group_3: nan
CE loss (TEST): 0.0
Experiment 23244
Epoch 2000 [Test seq (cond on sampled tp)] | Loss 177.455292 | Likelihood -174.263519 | KL fp 5.7574 | FP STD 0.0962|
KL coef: 0.9999999979391934
Train loss (one batch): 179.99588012695312
Train CE loss (one batch): 0.0
Test MSE (raw): 0.0356
Test MSE (smoothed with alpha=0.01): 0.0406
New best smoothed test MSE: 0.0406. Saving best model to experiments/experiment_23244_best.ckpt
Test MSE group_0: 0.0310
Test MSE group_1: 0.0402
Test MSE group_2: nan
Test MSE group_3: nan
Poisson likelihood: 0.0
CE loss: 0.0
train MSE group_0: 0.0326
train MSE group_1: 0.0392
train MSE group_2: nan
train MSE group_3: nan
CE loss (TEST): 0.0
Experiment 23244
Epoch 3000 [Test seq (cond on sampled tp)] | Loss 168.391510 | Likelihood -165.442825 | KL fp 5.6843 | FP STD 0.0833|
KL coef: 0.9999999999999111
Train loss (one batch): 171.01490783691406
Train CE loss (one batch): 0.0
Test MSE (raw): 0.0338
Test MSE (smoothed with alpha=0.01): 0.0405
New best smoothed test MSE: 0.0405. Saving best model to experiments/experiment_23244_best.ckpt
Test MSE group_0: 0.0307
Test MSE group_1: 0.0369
Test MSE group_2: nan
Test MSE group_3: nan
Poisson likelihood: 0.0
CE loss: 0.0
train MSE group_0: 0.0323
train MSE group_1: 0.0360
train MSE group_2: nan
train MSE group_3: nan
CE loss (TEST): 0.0
