/Users/benjaminmaurel/Documents/Training_Sanofi/notebooks_hands_on/latent_ode/run_models.py
run_models.py --niters 3000 -n 200 -s 40 -l 10 --dataset PK_Tacro --latent-ode --noise-weight 0.01 --max-t 5. --seed 2 --experiment 18146
Experiment 18146
Epoch 1000 [Test seq (cond on sampled tp)] | Loss 219.348602 | Likelihood -220.424438 | KL fp 5.1165 | FP STD 0.2551|
KL coef: 0.9999522643707747
Train loss (one batch): 225.94581604003906
Train CE loss (one batch): 0.0
Test MSE (raw): 0.0448
Test MSE (smoothed with alpha=0.01): 0.0448
New best smoothed test MSE: 0.0448. Saving best model to experiments/experiment_18146_best.ckpt
Test MSE group_0: 0.0445
Test MSE group_1: 0.0451
Test MSE group_2: nan
Test MSE group_3: nan
Poisson likelihood: 0.0
CE loss: 0.0
train MSE group_0: 0.0440
train MSE group_1: 0.0470
train MSE group_2: nan
train MSE group_3: nan
CE loss (TEST): 0.0
Experiment 18146
Epoch 2000 [Test seq (cond on sampled tp)] | Loss 178.651184 | Likelihood -176.256287 | KL fp 5.2321 | FP STD 0.1759|
KL coef: 0.9999999979391934
Train loss (one batch): 186.7301483154297
Train CE loss (one batch): 0.0
Test MSE (raw): 0.0360
Test MSE (smoothed with alpha=0.01): 0.0447
New best smoothed test MSE: 0.0447. Saving best model to experiments/experiment_18146_best.ckpt
Test MSE group_0: 0.0348
Test MSE group_1: 0.0370
Test MSE group_2: nan
Test MSE group_3: nan
Poisson likelihood: 0.0
CE loss: 0.0
train MSE group_0: 0.0351
train MSE group_1: 0.0396
train MSE group_2: nan
train MSE group_3: nan
CE loss (TEST): 0.0
Experiment 18146
Epoch 3000 [Test seq (cond on sampled tp)] | Loss 166.770798 | Likelihood -164.380020 | KL fp 5.0175 | FP STD 0.1538|
KL coef: 0.9999999999999111
Train loss (one batch): 174.35044860839844
Train CE loss (one batch): 0.0
Test MSE (raw): 0.0336
Test MSE (smoothed with alpha=0.01): 0.0446
New best smoothed test MSE: 0.0446. Saving best model to experiments/experiment_18146_best.ckpt
Test MSE group_0: 0.0329
Test MSE group_1: 0.0343
Test MSE group_2: nan
Test MSE group_3: nan
Poisson likelihood: 0.0
CE loss: 0.0
train MSE group_0: 0.0331
train MSE group_1: 0.0367
train MSE group_2: nan
train MSE group_3: nan
CE loss (TEST): 0.0
