/Users/benjaminmaurel/Documents/Training_Sanofi/notebooks_hands_on/latent_ode/run_models.py
run_models.py --niters 3000 -n 200 -s 40 -l 10 --dataset PK_Tacro --latent-ode --noise-weight 0.01 --max-t 5. --seed 29 --experiment 13869
Experiment 13869
Epoch 1000 [Test seq (cond on sampled tp)] | Loss 188.728683 | Likelihood -186.061493 | KL fp 5.6312 | FP STD 0.0940|
KL coef: 0.9999522643707747
Train loss (one batch): 189.0106201171875
Train CE loss (one batch): 0.0
Test MSE (raw): 0.0379
Test MSE (smoothed with alpha=0.01): 0.0379
New best smoothed test MSE: 0.0379. Saving best model to experiments/experiment_13869_best.ckpt
Test MSE group_0: 0.0363
Test MSE group_1: 0.0395
Test MSE group_2: nan
Test MSE group_3: nan
Poisson likelihood: 0.0
CE loss: 0.0
train MSE group_0: 0.0365
train MSE group_1: 0.0388
train MSE group_2: nan
train MSE group_3: nan
CE loss (TEST): 0.0
Experiment 13869
Epoch 2000 [Test seq (cond on sampled tp)] | Loss 178.761414 | Likelihood -176.903534 | KL fp 5.0585 | FP STD 0.1011|
KL coef: 0.9999999979391934
Train loss (one batch): 171.95965576171875
Train CE loss (one batch): 0.0
Test MSE (raw): 0.0361
Test MSE (smoothed with alpha=0.01): 0.0379
New best smoothed test MSE: 0.0379. Saving best model to experiments/experiment_13869_best.ckpt
Test MSE group_0: 0.0354
Test MSE group_1: 0.0368
Test MSE group_2: nan
Test MSE group_3: nan
Poisson likelihood: 0.0
CE loss: 0.0
train MSE group_0: 0.0337
train MSE group_1: 0.0351
train MSE group_2: nan
train MSE group_3: nan
CE loss (TEST): 0.0
Experiment 13869
Epoch 3000 [Test seq (cond on sampled tp)] | Loss 162.515564 | Likelihood -160.455017 | KL fp 4.9665 | FP STD 0.0984|
KL coef: 0.9999999999999111
Train loss (one batch): 150.22528076171875
Train CE loss (one batch): 0.0
Test MSE (raw): 0.0328
Test MSE (smoothed with alpha=0.01): 0.0379
New best smoothed test MSE: 0.0379. Saving best model to experiments/experiment_13869_best.ckpt
Test MSE group_0: 0.0329
Test MSE group_1: 0.0328
Test MSE group_2: nan
Test MSE group_3: nan
Poisson likelihood: 0.0
CE loss: 0.0
train MSE group_0: 0.0309
train MSE group_1: 0.0292
train MSE group_2: nan
train MSE group_3: nan
CE loss (TEST): 0.0
