/Users/benjaminmaurel/Documents/Training_Sanofi/notebooks_hands_on/latent_ode/run_models.py
run_models.py --niters 3000 -n 200 -s 40 -l 10 --dataset PK_Tacro --latent-ode --noise-weight 0.01 --max-t 5. --seed 1 --experiment 28935
Experiment 28935
Epoch 1000 [Test seq (cond on sampled tp)] | Loss 96.899048 | Likelihood -95.873680 | KL fp 4.6722 | FP STD 0.1288|
KL coef: 0.9999522643707747
Train loss (one batch): 101.27908325195312
Train CE loss (one batch): 0.0
Test MSE (raw): 0.0199
Test MSE (smoothed with alpha=0.01): 0.0199
New best smoothed test MSE: 0.0199. Saving best model to experiments/experiment_28935_best.ckpt
Test MSE group_0: 0.0141
Test MSE group_1: 0.0252
Test MSE group_2: nan
Test MSE group_3: nan
Poisson likelihood: 0.0
CE loss: 0.0
train MSE group_0: 0.0173
train MSE group_1: 0.0241
train MSE group_2: nan
train MSE group_3: nan
CE loss (TEST): 0.0
Experiment 28935
Epoch 2000 [Test seq (cond on sampled tp)] | Loss 68.055305 | Likelihood -65.287262 | KL fp 5.2124 | FP STD 0.0605|
KL coef: 0.9999999979391934
Train loss (one batch): 66.62718200683594
Train CE loss (one batch): 0.0
Test MSE (raw): 0.0138
Test MSE (smoothed with alpha=0.01): 0.0199
New best smoothed test MSE: 0.0199. Saving best model to experiments/experiment_28935_best.ckpt
Test MSE group_0: 0.0094
Test MSE group_1: 0.0178
Test MSE group_2: nan
Test MSE group_3: nan
Poisson likelihood: 0.0
CE loss: 0.0
train MSE group_0: 0.0108
train MSE group_1: 0.0157
train MSE group_2: nan
train MSE group_3: nan
CE loss (TEST): 0.0
Experiment 28935
Epoch 3000 [Test seq (cond on sampled tp)] | Loss 56.035202 | Likelihood -53.410423 | KL fp 5.0197 | FP STD 0.0599|
KL coef: 0.9999999999999111
Train loss (one batch): 52.88372039794922
Train CE loss (one batch): 0.0
Test MSE (raw): 0.0114
Test MSE (smoothed with alpha=0.01): 0.0198
New best smoothed test MSE: 0.0198. Saving best model to experiments/experiment_28935_best.ckpt
Test MSE group_0: 0.0076
Test MSE group_1: 0.0149
Test MSE group_2: nan
Test MSE group_3: nan
Poisson likelihood: 0.0
CE loss: 0.0
train MSE group_0: 0.0084
train MSE group_1: 0.0128
train MSE group_2: nan
train MSE group_3: nan
CE loss (TEST): 0.0
