/Users/benjaminmaurel/Documents/Training_Sanofi/notebooks_hands_on/latent_ode/run_models.py
run_models.py --niters 3000 -n 200 -s 40 -l 10 --dataset PK_Tacro --latent-ode --noise-weight 0.01 --max-t 5. --seed 13 --experiment 24241
Experiment 24241
Epoch 1000 [Test seq (cond on sampled tp)] | Loss 184.907761 | Likelihood -180.639160 | KL fp 7.2189 | FP STD 0.1275|
KL coef: 0.9999522643707747
Train loss (one batch): 181.19337463378906
Train CE loss (one batch): 0.0
Test MSE (raw): 0.0369
Test MSE (smoothed with alpha=0.01): 0.0369
New best smoothed test MSE: 0.0369. Saving best model to experiments/experiment_24241_best.ckpt
Test MSE group_0: 0.0335
Test MSE group_1: 0.0400
Test MSE group_2: nan
Test MSE group_3: nan
Poisson likelihood: 0.0
CE loss: 0.0
train MSE group_0: 0.0313
train MSE group_1: 0.0395
train MSE group_2: nan
train MSE group_3: nan
CE loss (TEST): 0.0
Experiment 24241
Epoch 2000 [Test seq (cond on sampled tp)] | Loss 161.267181 | Likelihood -159.053268 | KL fp 6.1530 | FP STD 0.1322|
KL coef: 0.9999999979391934
Train loss (one batch): 157.03421020507812
Train CE loss (one batch): 0.0
Test MSE (raw): 0.0325
Test MSE (smoothed with alpha=0.01): 0.0368
New best smoothed test MSE: 0.0368. Saving best model to experiments/experiment_24241_best.ckpt
Test MSE group_0: 0.0297
Test MSE group_1: 0.0352
Test MSE group_2: nan
Test MSE group_3: nan
Poisson likelihood: 0.0
CE loss: 0.0
train MSE group_0: 0.0273
train MSE group_1: 0.0347
train MSE group_2: nan
train MSE group_3: nan
CE loss (TEST): 0.0
Experiment 24241
Epoch 3000 [Test seq (cond on sampled tp)] | Loss 144.970642 | Likelihood -142.651978 | KL fp 5.5680 | FP STD 0.1103|
KL coef: 0.9999999999999111
Train loss (one batch): 139.68577575683594
Train CE loss (one batch): 0.0
Test MSE (raw): 0.0293
Test MSE (smoothed with alpha=0.01): 0.0367
New best smoothed test MSE: 0.0367. Saving best model to experiments/experiment_24241_best.ckpt
Test MSE group_0: 0.0276
Test MSE group_1: 0.0308
Test MSE group_2: nan
Test MSE group_3: nan
Poisson likelihood: 0.0
CE loss: 0.0
train MSE group_0: 0.0251
train MSE group_1: 0.0299
train MSE group_2: nan
train MSE group_3: nan
CE loss (TEST): 0.0
