/Users/benjaminmaurel/Documents/Training_Sanofi/notebooks_hands_on/latent_ode/run_models.py
run_models.py --niters 3000 -n 200 -s 40 -l 10 --dataset PK_Tacro --latent-ode --noise-weight 0.01 --max-t 5. --seed 1 --experiment 19637
Experiment 19637
Epoch 0010 [Test seq (cond on sampled tp)] | Loss 4306.486328 | Likelihood -4803.460938 | KL fp 4.8381 | FP STD 2.1865|
KL coef: 0.0
Train loss (one batch): 5282.85205078125
Train CE loss (one batch): 0.0
Test MSE (raw): 0.9614
Test MSE (smoothed with alpha=0.01): 0.9614
New best smoothed test MSE: 0.9614. Saving best model to experiments/experiment_19637_best.ckpt
Test MSE group_0: nan
Test MSE group_1: 0.9614
Test MSE group_2: nan
Test MSE group_3: nan
Poisson likelihood: 0.0
CE loss: 0.0
train MSE group_0: nan
train MSE group_1: 1.0622
train MSE group_2: nan
train MSE group_3: nan
CE loss (TEST): 0.0
Experiment 19637
Epoch 0020 [Test seq (cond on sampled tp)] | Loss 1036.193115 | Likelihood -1121.221069 | KL fp 7.4073 | FP STD 1.6743|
KL coef: 0.09561792499119559
Train loss (one batch): 1115.705810546875
Train CE loss (one batch): 0.0
Test MSE (raw): 0.2250
Test MSE (smoothed with alpha=0.01): 0.9541
New best smoothed test MSE: 0.9541. Saving best model to experiments/experiment_19637_best.ckpt
Test MSE group_0: nan
Test MSE group_1: 0.2250
Test MSE group_2: nan
Test MSE group_3: nan
Poisson likelihood: 0.0
CE loss: 0.0
train MSE group_0: nan
train MSE group_1: 0.2271
train MSE group_2: nan
train MSE group_3: nan
CE loss (TEST): 0.0
Experiment 19637
Epoch 0030 [Test seq (cond on sampled tp)] | Loss 939.405151 | Likelihood -985.603516 | KL fp 8.5199 | FP STD 1.4416|
KL coef: 0.18209306240276923
Train loss (one batch): 924.875732421875
Train CE loss (one batch): 0.0
Test MSE (raw): 0.1979
Test MSE (smoothed with alpha=0.01): 0.9465
New best smoothed test MSE: 0.9465. Saving best model to experiments/experiment_19637_best.ckpt
Test MSE group_0: nan
Test MSE group_1: 0.1979
Test MSE group_2: nan
Test MSE group_3: nan
Poisson likelihood: 0.0
CE loss: 0.0
train MSE group_0: nan
train MSE group_1: 0.1941
train MSE group_2: nan
train MSE group_3: nan
CE loss (TEST): 0.0
