/Users/benjaminmaurel/Documents/Training_Sanofi/notebooks_hands_on/latent_ode/run_models.py
run_models.py --niters 3000 -n 200 -s 40 -l 10 --dataset PK_Tacro --latent-ode --noise-weight 0.01 --max-t 5. --seed 15 --experiment 29078
Experiment 29078
Epoch 1000 [Test seq (cond on sampled tp)] | Loss 221.501770 | Likelihood -214.602341 | KL fp 9.5954 | FP STD 0.0825|
KL coef: 0.9999522643707747
Train loss (one batch): 206.32733154296875
Train CE loss (one batch): 0.0
Test MSE (raw): 0.0437
Test MSE (smoothed with alpha=0.01): 0.0437
New best smoothed test MSE: 0.0437. Saving best model to experiments/experiment_29078_best.ckpt
Test MSE group_0: 0.0406
Test MSE group_1: 0.0466
Test MSE group_2: nan
Test MSE group_3: nan
Poisson likelihood: 0.0
CE loss: 0.0
train MSE group_0: 0.0397
train MSE group_1: 0.0410
train MSE group_2: nan
train MSE group_3: nan
CE loss (TEST): 0.0
Experiment 29078
Epoch 2000 [Test seq (cond on sampled tp)] | Loss 226.813171 | Likelihood -220.989716 | KL fp 9.3981 | FP STD 0.1306|
KL coef: 0.9999999979391934
Train loss (one batch): 211.26113891601562
Train CE loss (one batch): 0.0
Test MSE (raw): 0.0449
Test MSE (smoothed with alpha=0.01): 0.0437
Smoothed Test MSE did not improve. Early stopping counter: 1/10000
Test MSE group_0: 0.0427
Test MSE group_1: 0.0471
Test MSE group_2: nan
Test MSE group_3: nan
Poisson likelihood: 0.0
CE loss: 0.0
train MSE group_0: 0.0413
train MSE group_1: 0.0421
train MSE group_2: nan
train MSE group_3: nan
CE loss (TEST): 0.0
Experiment 29078
Epoch 3000 [Test seq (cond on sampled tp)] | Loss 190.317810 | Likelihood -185.549484 | KL fp 8.2262 | FP STD 0.0907|
KL coef: 0.9999999999999111
Train loss (one batch): 188.01339721679688
Train CE loss (one batch): 0.0
Test MSE (raw): 0.0378
Test MSE (smoothed with alpha=0.01): 0.0436
New best smoothed test MSE: 0.0436. Saving best model to experiments/experiment_29078_best.ckpt
Test MSE group_0: 0.0373
Test MSE group_1: 0.0383
Test MSE group_2: nan
Test MSE group_3: nan
Poisson likelihood: 0.0
CE loss: 0.0
train MSE group_0: 0.0350
train MSE group_1: 0.0387
train MSE group_2: nan
train MSE group_3: nan
CE loss (TEST): 0.0
