/Users/benjaminmaurel/Documents/Training_Sanofi/notebooks_hands_on/latent_ode/run_models.py
run_models.py --niters 3000 -n 200 -s 40 -l 10 --dataset PK_Tacro --latent-ode --noise-weight 0.01 --max-t 5. --seed 4 --experiment 16344
Experiment 16344
Epoch 1000 [Test seq (cond on sampled tp)] | Loss 262.316071 | Likelihood -261.790955 | KL fp 4.3248 | FP STD 0.2801|
KL coef: 0.9999522643707747
Train loss (one batch): 256.3846435546875
Train CE loss (one batch): 0.0
Test MSE (raw): 0.0531
Test MSE (smoothed with alpha=0.01): 0.0531
New best smoothed test MSE: 0.0531. Saving best model to experiments/experiment_16344_best.ckpt
Test MSE group_0: 0.0410
Test MSE group_1: 0.0638
Test MSE group_2: nan
Test MSE group_3: nan
Poisson likelihood: 0.0
CE loss: 0.0
train MSE group_0: 0.0421
train MSE group_1: 0.0636
train MSE group_2: nan
train MSE group_3: nan
CE loss (TEST): 0.0
Experiment 16344
Epoch 2000 [Test seq (cond on sampled tp)] | Loss 245.513855 | Likelihood -244.136429 | KL fp 4.4487 | FP STD 0.2394|
KL coef: 0.9999999979391934
Train loss (one batch): 238.7107391357422
Train CE loss (one batch): 0.0
Test MSE (raw): 0.0496
Test MSE (smoothed with alpha=0.01): 0.0531
New best smoothed test MSE: 0.0531. Saving best model to experiments/experiment_16344_best.ckpt
Test MSE group_0: 0.0409
Test MSE group_1: 0.0573
Test MSE group_2: nan
Test MSE group_3: nan
Poisson likelihood: 0.0
CE loss: 0.0
train MSE group_0: 0.0396
train MSE group_1: 0.0585
train MSE group_2: nan
train MSE group_3: nan
CE loss (TEST): 0.0
Experiment 16344
Epoch 3000 [Test seq (cond on sampled tp)] | Loss 246.421875 | Likelihood -245.410370 | KL fp 4.4517 | FP STD 0.2424|
KL coef: 0.9999999999999111
Train loss (one batch): 239.0691375732422
Train CE loss (one batch): 0.0
Test MSE (raw): 0.0498
Test MSE (smoothed with alpha=0.01): 0.0530
New best smoothed test MSE: 0.0530. Saving best model to experiments/experiment_16344_best.ckpt
Test MSE group_0: 0.0419
Test MSE group_1: 0.0568
Test MSE group_2: nan
Test MSE group_3: nan
Poisson likelihood: 0.0
CE loss: 0.0
train MSE group_0: 0.0400
train MSE group_1: 0.0583
train MSE group_2: nan
train MSE group_3: nan
CE loss (TEST): 0.0
