/Users/benjaminmaurel/Documents/Training_Sanofi/notebooks_hands_on/latent_ode/run_models.py
run_models.py --niters 3000 -n 200 -s 40 -l 10 --dataset PK_Tacro --latent-ode --noise-weight 0.01 --max-t 5. --seed 4 --experiment 26773
Experiment 26773
Epoch 1000 [Test seq (cond on sampled tp)] | Loss 241.017548 | Likelihood -240.760437 | KL fp 4.6832 | FP STD 0.3605|
KL coef: 0.9999522643707747
Train loss (one batch): 237.998291015625
Train CE loss (one batch): 0.0
Test MSE (raw): 0.0489
Test MSE (smoothed with alpha=0.01): 0.0489
New best smoothed test MSE: 0.0489. Saving best model to experiments/experiment_26773_best.ckpt
Test MSE group_0: 0.0472
Test MSE group_1: 0.0508
Test MSE group_2: nan
Test MSE group_3: nan
Poisson likelihood: 0.0
CE loss: 0.0
train MSE group_0: 0.0426
train MSE group_1: 0.0527
train MSE group_2: nan
train MSE group_3: nan
CE loss (TEST): 0.0
Experiment 26773
Epoch 2000 [Test seq (cond on sampled tp)] | Loss 234.549744 | Likelihood -233.363159 | KL fp 4.7984 | FP STD 0.3267|
KL coef: 0.9999999979391934
Train loss (one batch): 230.9204864501953
Train CE loss (one batch): 0.0
Test MSE (raw): 0.0474
Test MSE (smoothed with alpha=0.01): 0.0489
New best smoothed test MSE: 0.0489. Saving best model to experiments/experiment_26773_best.ckpt
Test MSE group_0: 0.0441
Test MSE group_1: 0.0511
Test MSE group_2: nan
Test MSE group_3: nan
Poisson likelihood: 0.0
CE loss: 0.0
train MSE group_0: 0.0414
train MSE group_1: 0.0507
train MSE group_2: nan
train MSE group_3: nan
CE loss (TEST): 0.0
Experiment 26773
Epoch 3000 [Test seq (cond on sampled tp)] | Loss 222.305878 | Likelihood -220.969833 | KL fp 4.9236 | FP STD 0.2784|
KL coef: 0.9999999999999111
Train loss (one batch): 219.3532257080078
Train CE loss (one batch): 0.0
Test MSE (raw): 0.0449
Test MSE (smoothed with alpha=0.01): 0.0488
New best smoothed test MSE: 0.0488. Saving best model to experiments/experiment_26773_best.ckpt
Test MSE group_0: 0.0418
Test MSE group_1: 0.0485
Test MSE group_2: nan
Test MSE group_3: nan
Poisson likelihood: 0.0
CE loss: 0.0
train MSE group_0: 0.0413
train MSE group_1: 0.0464
train MSE group_2: nan
train MSE group_3: nan
CE loss (TEST): 0.0
