/Users/benjaminmaurel/Documents/Training_Sanofi/notebooks_hands_on/latent_ode/run_models.py
run_models.py --niters 3000 -n 200 -s 40 -l 10 --dataset PK_Tacro --latent-ode --noise-weight 0.01 --max-t 5. --seed 102 --experiment 12884
Experiment 12884
Epoch 1000 [Test seq (cond on sampled tp)] | Loss 200.615128 | Likelihood -199.621689 | KL fp 5.5598 | FP STD 0.2554|
KL coef: 0.9999522643707747
Train loss (one batch): 186.45794677734375
Train CE loss (one batch): 0.0
Test MSE (raw): 0.0407
Test MSE (smoothed with alpha=0.01): 0.0407
New best smoothed test MSE: 0.0407. Saving best model to experiments/experiment_12884_best.ckpt
Test MSE group_0: 0.0348
Test MSE group_1: 0.0464
Test MSE group_2: nan
Test MSE group_3: nan
Poisson likelihood: 0.0
CE loss: 0.0
train MSE group_0: 0.0352
train MSE group_1: 0.0392
train MSE group_2: nan
train MSE group_3: nan
CE loss (TEST): 0.0
Experiment 12884
Epoch 2000 [Test seq (cond on sampled tp)] | Loss 174.541153 | Likelihood -171.442291 | KL fp 5.8584 | FP STD 0.1480|
KL coef: 0.9999999979391934
Train loss (one batch): 159.81825256347656
Train CE loss (one batch): 0.0
Test MSE (raw): 0.0350
Test MSE (smoothed with alpha=0.01): 0.0406
New best smoothed test MSE: 0.0406. Saving best model to experiments/experiment_12884_best.ckpt
Test MSE group_0: 0.0299
Test MSE group_1: 0.0401
Test MSE group_2: nan
Test MSE group_3: nan
Poisson likelihood: 0.0
CE loss: 0.0
train MSE group_0: 0.0303
train MSE group_1: 0.0331
train MSE group_2: nan
train MSE group_3: nan
CE loss (TEST): 0.0
Experiment 12884
Epoch 3000 [Test seq (cond on sampled tp)] | Loss 171.340103 | Likelihood -168.515335 | KL fp 5.9909 | FP STD 0.1423|
KL coef: 0.9999999999999111
Train loss (one batch): 157.61036682128906
Train CE loss (one batch): 0.0
Test MSE (raw): 0.0344
Test MSE (smoothed with alpha=0.01): 0.0405
New best smoothed test MSE: 0.0405. Saving best model to experiments/experiment_12884_best.ckpt
Test MSE group_0: 0.0299
Test MSE group_1: 0.0389
Test MSE group_2: nan
Test MSE group_3: nan
Poisson likelihood: 0.0
CE loss: 0.0
train MSE group_0: 0.0302
train MSE group_1: 0.0322
train MSE group_2: nan
train MSE group_3: nan
CE loss (TEST): 0.0
