/Users/benjaminmaurel/Documents/Training_Sanofi/notebooks_hands_on/latent_ode/run_models.py
run_models.py --niters 3000 -n 200 -s 40 -l 10 --dataset PK_Tacro --latent-ode --noise-weight 0.01 --max-t 5. --seed 106 --experiment 14150
Experiment 14150
Epoch 1000 [Test seq (cond on sampled tp)] | Loss 301.098572 | Likelihood -318.932953 | KL fp 4.6881 | FP STD 0.1929|
KL coef: 0.9999522643707747
Train loss (one batch): 330.16131591796875
Train CE loss (one batch): 0.0
Test MSE (raw): 0.0645
Test MSE (smoothed with alpha=0.01): 0.0645
New best smoothed test MSE: 0.0645. Saving best model to experiments/experiment_14150_best.ckpt
Test MSE group_0: 0.0543
Test MSE group_1: 0.0747
Test MSE group_2: nan
Test MSE group_3: nan
Poisson likelihood: 0.0
CE loss: 0.0
train MSE group_0: 0.0583
train MSE group_1: 0.0778
train MSE group_2: nan
train MSE group_3: nan
CE loss (TEST): 0.0
Experiment 14150
Epoch 2000 [Test seq (cond on sampled tp)] | Loss 191.047104 | Likelihood -189.310303 | KL fp 5.1404 | FP STD 0.0843|
KL coef: 0.9999999979391934
Train loss (one batch): 198.24362182617188
Train CE loss (one batch): 0.0
Test MSE (raw): 0.0386
Test MSE (smoothed with alpha=0.01): 0.0643
New best smoothed test MSE: 0.0643. Saving best model to experiments/experiment_14150_best.ckpt
Test MSE group_0: 0.0325
Test MSE group_1: 0.0447
Test MSE group_2: nan
Test MSE group_3: nan
Poisson likelihood: 0.0
CE loss: 0.0
train MSE group_0: 0.0360
train MSE group_1: 0.0440
train MSE group_2: nan
train MSE group_3: nan
CE loss (TEST): 0.0
Experiment 14150
Epoch 3000 [Test seq (cond on sampled tp)] | Loss 185.470032 | Likelihood -183.826477 | KL fp 4.9089 | FP STD 0.0911|
KL coef: 0.9999999999999111
Train loss (one batch): 191.54295349121094
Train CE loss (one batch): 0.0
Test MSE (raw): 0.0375
Test MSE (smoothed with alpha=0.01): 0.0640
New best smoothed test MSE: 0.0640. Saving best model to experiments/experiment_14150_best.ckpt
Test MSE group_0: 0.0325
Test MSE group_1: 0.0424
Test MSE group_2: nan
Test MSE group_3: nan
Poisson likelihood: 0.0
CE loss: 0.0
train MSE group_0: 0.0359
train MSE group_1: 0.0411
train MSE group_2: nan
train MSE group_3: nan
CE loss (TEST): 0.0
