/Users/benjaminmaurel/Documents/Training_Sanofi/notebooks_hands_on/latent_ode/run_models.py
run_models.py --niters 3000 -n 200 -s 40 -l 10 --dataset PK_Tacro --latent-ode --noise-weight 0.01 --max-t 5. --seed 35 --experiment 10762
Experiment 10762
Epoch 1000 [Test seq (cond on sampled tp)] | Loss 244.449203 | Likelihood -240.904694 | KL fp 6.8381 | FP STD 0.2485|
KL coef: 0.9999522643707747
Train loss (one batch): 229.37879943847656
Train CE loss (one batch): 0.0
Test MSE (raw): 0.0489
Test MSE (smoothed with alpha=0.01): 0.0489
New best smoothed test MSE: 0.0489. Saving best model to experiments/experiment_10762_best.ckpt
Test MSE group_0: 0.0422
Test MSE group_1: 0.0553
Test MSE group_2: nan
Test MSE group_3: nan
Poisson likelihood: 0.0
CE loss: 0.0
train MSE group_0: 0.0390
train MSE group_1: 0.0521
train MSE group_2: nan
train MSE group_3: nan
CE loss (TEST): 0.0
Experiment 10762
Epoch 2000 [Test seq (cond on sampled tp)] | Loss 188.315338 | Likelihood -185.021210 | KL fp 6.6671 | FP STD 0.1773|
KL coef: 0.9999999979391934
Train loss (one batch): 177.6600341796875
Train CE loss (one batch): 0.0
Test MSE (raw): 0.0377
Test MSE (smoothed with alpha=0.01): 0.0488
New best smoothed test MSE: 0.0488. Saving best model to experiments/experiment_10762_best.ckpt
Test MSE group_0: 0.0338
Test MSE group_1: 0.0414
Test MSE group_2: nan
Test MSE group_3: nan
Poisson likelihood: 0.0
CE loss: 0.0
train MSE group_0: 0.0315
train MSE group_1: 0.0388
train MSE group_2: nan
train MSE group_3: nan
CE loss (TEST): 0.0
Experiment 10762
Epoch 3000 [Test seq (cond on sampled tp)] | Loss 183.292084 | Likelihood -180.145737 | KL fp 6.1153 | FP STD 0.1829|
KL coef: 0.9999999999999111
Train loss (one batch): 171.1583709716797
Train CE loss (one batch): 0.0
Test MSE (raw): 0.0368
Test MSE (smoothed with alpha=0.01): 0.0487
New best smoothed test MSE: 0.0487. Saving best model to experiments/experiment_10762_best.ckpt
Test MSE group_0: 0.0331
Test MSE group_1: 0.0401
Test MSE group_2: nan
Test MSE group_3: nan
Poisson likelihood: 0.0
CE loss: 0.0
train MSE group_0: 0.0307
train MSE group_1: 0.0373
train MSE group_2: nan
train MSE group_3: nan
CE loss (TEST): 0.0
