/Users/benjaminmaurel/Documents/Training_Sanofi/notebooks_hands_on/latent_ode/run_models.py
run_models.py --niters 3000 -n 200 -s 40 -l 10 --dataset PK_Tacro --latent-ode --noise-weight 0.01 --max-t 5. --seed 42 --experiment 24323
Experiment 24323
Epoch 1000 [Test seq (cond on sampled tp)] | Loss 217.709167 | Likelihood -215.966705 | KL fp 4.9069 | FP STD 0.2260|
KL coef: 0.9999522643707747
Train loss (one batch): 207.60855102539062
Train CE loss (one batch): 0.0
Test MSE (raw): 0.0439
Test MSE (smoothed with alpha=0.01): 0.0439
New best smoothed test MSE: 0.0439. Saving best model to experiments/experiment_24323_best.ckpt
Test MSE group_0: 0.0399
Test MSE group_1: 0.0479
Test MSE group_2: nan
Test MSE group_3: nan
Poisson likelihood: 0.0
CE loss: 0.0
train MSE group_0: 0.0394
train MSE group_1: 0.0434
train MSE group_2: nan
train MSE group_3: nan
CE loss (TEST): 0.0
Experiment 24323
Epoch 2000 [Test seq (cond on sampled tp)] | Loss 178.402512 | Likelihood -176.907852 | KL fp 4.8927 | FP STD 0.1637|
KL coef: 0.9999999979391934
Train loss (one batch): 177.71224975585938
Train CE loss (one batch): 0.0
Test MSE (raw): 0.0361
Test MSE (smoothed with alpha=0.01): 0.0439
New best smoothed test MSE: 0.0439. Saving best model to experiments/experiment_24323_best.ckpt
Test MSE group_0: 0.0315
Test MSE group_1: 0.0407
Test MSE group_2: nan
Test MSE group_3: nan
Poisson likelihood: 0.0
CE loss: 0.0
train MSE group_0: 0.0328
train MSE group_1: 0.0379
train MSE group_2: nan
train MSE group_3: nan
CE loss (TEST): 0.0
Experiment 24323
Epoch 3000 [Test seq (cond on sampled tp)] | Loss 157.606689 | Likelihood -155.399246 | KL fp 4.9720 | FP STD 0.1149|
KL coef: 0.9999999999999111
Train loss (one batch): 156.82809448242188
Train CE loss (one batch): 0.0
Test MSE (raw): 0.0318
Test MSE (smoothed with alpha=0.01): 0.0437
New best smoothed test MSE: 0.0437. Saving best model to experiments/experiment_24323_best.ckpt
Test MSE group_0: 0.0283
Test MSE group_1: 0.0353
Test MSE group_2: nan
Test MSE group_3: nan
Poisson likelihood: 0.0
CE loss: 0.0
train MSE group_0: 0.0290
train MSE group_1: 0.0333
train MSE group_2: nan
train MSE group_3: nan
CE loss (TEST): 0.0
