/Users/benjaminmaurel/Documents/Training_Sanofi/notebooks_hands_on/latent_ode/run_models.py
run_models.py --niters 3000 -n 200 -s 40 -l 10 --dataset PK_Tacro --latent-ode --noise-weight 0.01 --max-t 5. --seed 9 --experiment 35652
Experiment 35652
Epoch 1000 [Test seq (cond on sampled tp)] | Loss 121.234634 | Likelihood -117.892609 | KL fp 7.2115 | FP STD 0.1954|
KL coef: 0.9999522643707747
Train loss (one batch): 112.47867584228516
Train CE loss (one batch): 0.0
Test MSE (raw): 0.0243
Test MSE (smoothed with alpha=0.01): 0.0243
New best smoothed test MSE: 0.0243. Saving best model to experiments/experiment_35652_best.ckpt
Test MSE group_0: 0.0186
Test MSE group_1: 0.0305
Test MSE group_2: nan
Test MSE group_3: nan
Poisson likelihood: 0.0
CE loss: 0.0
train MSE group_0: 0.0176
train MSE group_1: 0.0260
train MSE group_2: nan
train MSE group_3: nan
CE loss (TEST): 0.0
Experiment 35652
Epoch 2000 [Test seq (cond on sampled tp)] | Loss 83.372101 | Likelihood -78.832916 | KL fp 6.9987 | FP STD 0.0930|
KL coef: 0.9999999979391934
Train loss (one batch): 76.95426940917969
Train CE loss (one batch): 0.0
Test MSE (raw): 0.0165
Test MSE (smoothed with alpha=0.01): 0.0242
New best smoothed test MSE: 0.0242. Saving best model to experiments/experiment_35652_best.ckpt
Test MSE group_0: 0.0122
Test MSE group_1: 0.0212
Test MSE group_2: nan
Test MSE group_3: nan
Poisson likelihood: 0.0
CE loss: 0.0
train MSE group_0: 0.0114
train MSE group_1: 0.0179
train MSE group_2: nan
train MSE group_3: nan
CE loss (TEST): 0.0
Experiment 35652
Epoch 3000 [Test seq (cond on sampled tp)] | Loss 82.700951 | Likelihood -83.750648 | KL fp 6.1183 | FP STD 0.1436|
KL coef: 0.9999999999999111
Train loss (one batch): 78.32568359375
Train CE loss (one batch): 0.0
Test MSE (raw): 0.0175
Test MSE (smoothed with alpha=0.01): 0.0242
New best smoothed test MSE: 0.0242. Saving best model to experiments/experiment_35652_best.ckpt
Test MSE group_0: 0.0121
Test MSE group_1: 0.0233
Test MSE group_2: nan
Test MSE group_3: nan
Poisson likelihood: 0.0
CE loss: 0.0
train MSE group_0: 0.0114
train MSE group_1: 0.0188
train MSE group_2: nan
train MSE group_3: nan
CE loss (TEST): 0.0
