/Users/benjaminmaurel/Documents/Training_Sanofi/notebooks_hands_on/latent_ode/run_models.py
run_models.py --niters 3000 -n 200 -s 40 -l 10 --dataset PK_Tacro --latent-ode --noise-weight 0.01 --max-t 5. --seed 116 --experiment 37676
Experiment 37676
Epoch 1000 [Test seq (cond on sampled tp)] | Loss 216.529144 | Likelihood -214.859283 | KL fp 4.5674 | FP STD 0.1398|
KL coef: 0.9999522643707747
Train loss (one batch): 227.9056396484375
Train CE loss (one batch): 0.0
Test MSE (raw): 0.0437
Test MSE (smoothed with alpha=0.01): 0.0437
New best smoothed test MSE: 0.0437. Saving best model to experiments/experiment_37676_best.ckpt
Test MSE group_0: 0.0370
Test MSE group_1: 0.0503
Test MSE group_2: nan
Test MSE group_3: nan
Poisson likelihood: 0.0
CE loss: 0.0
train MSE group_0: 0.0363
train MSE group_1: 0.0546
train MSE group_2: nan
train MSE group_3: nan
CE loss (TEST): 0.0
Experiment 37676
Epoch 2000 [Test seq (cond on sampled tp)] | Loss 170.733551 | Likelihood -169.599243 | KL fp 4.4412 | FP STD 0.1266|
KL coef: 0.9999999979391934
Train loss (one batch): 181.96044921875
Train CE loss (one batch): 0.0
Test MSE (raw): 0.0347
Test MSE (smoothed with alpha=0.01): 0.0436
New best smoothed test MSE: 0.0436. Saving best model to experiments/experiment_37676_best.ckpt
Test MSE group_0: 0.0307
Test MSE group_1: 0.0386
Test MSE group_2: nan
Test MSE group_3: nan
Poisson likelihood: 0.0
CE loss: 0.0
train MSE group_0: 0.0304
train MSE group_1: 0.0424
train MSE group_2: nan
train MSE group_3: nan
CE loss (TEST): 0.0
Experiment 37676
Epoch 3000 [Test seq (cond on sampled tp)] | Loss 162.715927 | Likelihood -160.578735 | KL fp 4.9081 | FP STD 0.0965|
KL coef: 0.9999999999999111
Train loss (one batch): 172.56304931640625
Train CE loss (one batch): 0.0
Test MSE (raw): 0.0329
Test MSE (smoothed with alpha=0.01): 0.0435
New best smoothed test MSE: 0.0435. Saving best model to experiments/experiment_37676_best.ckpt
Test MSE group_0: 0.0304
Test MSE group_1: 0.0353
Test MSE group_2: nan
Test MSE group_3: nan
Poisson likelihood: 0.0
CE loss: 0.0
train MSE group_0: 0.0301
train MSE group_1: 0.0389
train MSE group_2: nan
train MSE group_3: nan
CE loss (TEST): 0.0
