/Users/benjaminmaurel/Documents/Training_Sanofi/notebooks_hands_on/latent_ode/run_models.py
run_models.py --niters 3000 -n 200 -s 40 -l 10 --dataset PK_Tacro --latent-ode --noise-weight 0.01 --max-t 5. --seed 194 --experiment 36142
Experiment 36142
Epoch 1000 [Test seq (cond on sampled tp)] | Loss 180.451355 | Likelihood -177.377808 | KL fp 6.0904 | FP STD 0.1666|
KL coef: 0.9999522643707747
Train loss (one batch): 194.41600036621094
Train CE loss (one batch): 0.0
Test MSE (raw): 0.0362
Test MSE (smoothed with alpha=0.01): 0.0362
New best smoothed test MSE: 0.0362. Saving best model to experiments/experiment_36142_best.ckpt
Test MSE group_0: 0.0321
Test MSE group_1: 0.0403
Test MSE group_2: nan
Test MSE group_3: nan
Poisson likelihood: 0.0
CE loss: 0.0
train MSE group_0: 0.0346
train MSE group_1: 0.0428
train MSE group_2: nan
train MSE group_3: nan
CE loss (TEST): 0.0
Experiment 36142
Epoch 2000 [Test seq (cond on sampled tp)] | Loss 158.451721 | Likelihood -155.494064 | KL fp 5.7624 | FP STD 0.1887|
KL coef: 0.9999999979391934
Train loss (one batch): 168.1808624267578
Train CE loss (one batch): 0.0
Test MSE (raw): 0.0318
Test MSE (smoothed with alpha=0.01): 0.0362
New best smoothed test MSE: 0.0362. Saving best model to experiments/experiment_36142_best.ckpt
Test MSE group_0: 0.0295
Test MSE group_1: 0.0341
Test MSE group_2: nan
Test MSE group_3: nan
Poisson likelihood: 0.0
CE loss: 0.0
train MSE group_0: 0.0308
train MSE group_1: 0.0365
train MSE group_2: nan
train MSE group_3: nan
CE loss (TEST): 0.0
Experiment 36142
Epoch 3000 [Test seq (cond on sampled tp)] | Loss 149.136734 | Likelihood -146.272018 | KL fp 5.6320 | FP STD 0.1445|
KL coef: 0.9999999999999111
Train loss (one batch): 155.6105194091797
Train CE loss (one batch): 0.0
Test MSE (raw): 0.0300
Test MSE (smoothed with alpha=0.01): 0.0361
New best smoothed test MSE: 0.0361. Saving best model to experiments/experiment_36142_best.ckpt
Test MSE group_0: 0.0286
Test MSE group_1: 0.0313
Test MSE group_2: nan
Test MSE group_3: nan
Poisson likelihood: 0.0
CE loss: 0.0
train MSE group_0: 0.0292
train MSE group_1: 0.0328
train MSE group_2: nan
train MSE group_3: nan
CE loss (TEST): 0.0
