/Users/benjaminmaurel/Documents/Training_Sanofi/notebooks_hands_on/latent_ode/run_models.py
run_models.py --niters 3000 -n 200 -s 40 -l 10 --dataset PK_Tacro --latent-ode --noise-weight 0.01 --max-t 5. --seed 161 --experiment 28661
Experiment 28661
Epoch 1000 [Test seq (cond on sampled tp)] | Loss 152.244370 | Likelihood -149.713531 | KL fp 5.1196 | FP STD 0.0798|
KL coef: 0.9999522643707747
Train loss (one batch): 163.52186584472656
Train CE loss (one batch): 0.0
Test MSE (raw): 0.0307
Test MSE (smoothed with alpha=0.01): 0.0307
New best smoothed test MSE: 0.0307. Saving best model to experiments/experiment_28661_best.ckpt
Test MSE group_0: 0.0283
Test MSE group_1: 0.0330
Test MSE group_2: nan
Test MSE group_3: nan
Poisson likelihood: 0.0
CE loss: 0.0
train MSE group_0: 0.0298
train MSE group_1: 0.0355
train MSE group_2: nan
train MSE group_3: nan
CE loss (TEST): 0.0
Experiment 28661
Epoch 2000 [Test seq (cond on sampled tp)] | Loss 145.368225 | Likelihood -143.378128 | KL fp 4.9158 | FP STD 0.1105|
KL coef: 0.9999999979391934
Train loss (one batch): 160.5631561279297
Train CE loss (one batch): 0.0
Test MSE (raw): 0.0294
Test MSE (smoothed with alpha=0.01): 0.0307
New best smoothed test MSE: 0.0307. Saving best model to experiments/experiment_28661_best.ckpt
Test MSE group_0: 0.0275
Test MSE group_1: 0.0313
Test MSE group_2: nan
Test MSE group_3: nan
Poisson likelihood: 0.0
CE loss: 0.0
train MSE group_0: 0.0292
train MSE group_1: 0.0351
train MSE group_2: nan
train MSE group_3: nan
CE loss (TEST): 0.0
Experiment 28661
Epoch 3000 [Test seq (cond on sampled tp)] | Loss 139.970734 | Likelihood -137.996170 | KL fp 4.7849 | FP STD 0.1018|
KL coef: 0.9999999999999111
Train loss (one batch): 152.74932861328125
Train CE loss (one batch): 0.0
Test MSE (raw): 0.0283
Test MSE (smoothed with alpha=0.01): 0.0306
New best smoothed test MSE: 0.0306. Saving best model to experiments/experiment_28661_best.ckpt
Test MSE group_0: 0.0272
Test MSE group_1: 0.0295
Test MSE group_2: nan
Test MSE group_3: nan
Poisson likelihood: 0.0
CE loss: 0.0
train MSE group_0: 0.0287
train MSE group_1: 0.0324
train MSE group_2: nan
train MSE group_3: nan
CE loss (TEST): 0.0
