/Users/benjaminmaurel/Documents/Training_Sanofi/notebooks_hands_on/latent_ode/run_models.py
run_models.py --niters 3000 -n 200 -s 40 -l 10 --dataset PK_Tacro --latent-ode --noise-weight 0.01 --max-t 5. --seed 40 --experiment 22258
Experiment 22258
Epoch 1000 [Test seq (cond on sampled tp)] | Loss 243.206726 | Likelihood -241.078949 | KL fp 5.5000 | FP STD 0.1147|
KL coef: 0.9999522643707747
Train loss (one batch): 238.01747131347656
Train CE loss (one batch): 0.0
Test MSE (raw): 0.0490
Test MSE (smoothed with alpha=0.01): 0.0490
New best smoothed test MSE: 0.0490. Saving best model to experiments/experiment_22258_best.ckpt
Test MSE group_0: 0.0430
Test MSE group_1: 0.0542
Test MSE group_2: nan
Test MSE group_3: nan
Poisson likelihood: 0.0
CE loss: 0.0
train MSE group_0: 0.0426
train MSE group_1: 0.0521
train MSE group_2: nan
train MSE group_3: nan
CE loss (TEST): 0.0
Experiment 22258
Epoch 2000 [Test seq (cond on sampled tp)] | Loss 209.095154 | Likelihood -206.626877 | KL fp 5.8547 | FP STD 0.0673|
KL coef: 0.9999999979391934
Train loss (one batch): 202.5738983154297
Train CE loss (one batch): 0.0
Test MSE (raw): 0.0421
Test MSE (smoothed with alpha=0.01): 0.0489
New best smoothed test MSE: 0.0489. Saving best model to experiments/experiment_22258_best.ckpt
Test MSE group_0: 0.0396
Test MSE group_1: 0.0443
Test MSE group_2: nan
Test MSE group_3: nan
Poisson likelihood: 0.0
CE loss: 0.0
train MSE group_0: 0.0377
train MSE group_1: 0.0429
train MSE group_2: nan
train MSE group_3: nan
CE loss (TEST): 0.0
Experiment 22258
Epoch 3000 [Test seq (cond on sampled tp)] | Loss 194.729691 | Likelihood -192.230118 | KL fp 5.4690 | FP STD 0.0576|
KL coef: 0.9999999999999111
Train loss (one batch): 186.4479522705078
Train CE loss (one batch): 0.0
Test MSE (raw): 0.0392
Test MSE (smoothed with alpha=0.01): 0.0488
New best smoothed test MSE: 0.0488. Saving best model to experiments/experiment_22258_best.ckpt
Test MSE group_0: 0.0370
Test MSE group_1: 0.0411
Test MSE group_2: nan
Test MSE group_3: nan
Poisson likelihood: 0.0
CE loss: 0.0
train MSE group_0: 0.0341
train MSE group_1: 0.0400
train MSE group_2: nan
train MSE group_3: nan
CE loss (TEST): 0.0
