/Users/benjaminmaurel/Documents/Training_Sanofi/notebooks_hands_on/latent_ode/run_models.py
run_models.py --niters 3000 -n 200 -s 40 -l 10 --dataset PK_Tacro --latent-ode --noise-weight 0.01 --max-t 5. --seed 164 --experiment 16273
Experiment 16273
Epoch 1000 [Test seq (cond on sampled tp)] | Loss 167.870941 | Likelihood -168.341858 | KL fp 6.0544 | FP STD 0.1458|
KL coef: 0.9999522643707747
Train loss (one batch): 184.60076904296875
Train CE loss (one batch): 0.0
Test MSE (raw): 0.0344
Test MSE (smoothed with alpha=0.01): 0.0344
New best smoothed test MSE: 0.0344. Saving best model to experiments/experiment_16273_best.ckpt
Test MSE group_0: 0.0304
Test MSE group_1: 0.0384
Test MSE group_2: nan
Test MSE group_3: nan
Poisson likelihood: 0.0
CE loss: 0.0
train MSE group_0: 0.0340
train MSE group_1: 0.0395
train MSE group_2: nan
train MSE group_3: nan
CE loss (TEST): 0.0
Experiment 16273
Epoch 2000 [Test seq (cond on sampled tp)] | Loss 154.212982 | Likelihood -150.564377 | KL fp 6.3629 | FP STD 0.1132|
KL coef: 0.9999999979391934
Train loss (one batch): 167.5165252685547
Train CE loss (one batch): 0.0
Test MSE (raw): 0.0309
Test MSE (smoothed with alpha=0.01): 0.0344
New best smoothed test MSE: 0.0344. Saving best model to experiments/experiment_16273_best.ckpt
Test MSE group_0: 0.0295
Test MSE group_1: 0.0322
Test MSE group_2: nan
Test MSE group_3: nan
Poisson likelihood: 0.0
CE loss: 0.0
train MSE group_0: 0.0323
train MSE group_1: 0.0360
train MSE group_2: nan
train MSE group_3: nan
CE loss (TEST): 0.0
Experiment 16273
Epoch 3000 [Test seq (cond on sampled tp)] | Loss 144.842682 | Likelihood -140.827789 | KL fp 6.5801 | FP STD 0.0700|
KL coef: 0.9999999999999111
Train loss (one batch): 152.620849609375
Train CE loss (one batch): 0.0
Test MSE (raw): 0.0289
Test MSE (smoothed with alpha=0.01): 0.0343
New best smoothed test MSE: 0.0343. Saving best model to experiments/experiment_16273_best.ckpt
Test MSE group_0: 0.0283
Test MSE group_1: 0.0295
Test MSE group_2: nan
Test MSE group_3: nan
Poisson likelihood: 0.0
CE loss: 0.0
train MSE group_0: 0.0299
train MSE group_1: 0.0305
train MSE group_2: nan
train MSE group_3: nan
CE loss (TEST): 0.0
