/Users/benjaminmaurel/Documents/Training_Sanofi/notebooks_hands_on/latent_ode/run_models.py
run_models.py --niters 5000 -n 200 -s 40 -l 10 --dataset PK_Tacro --latent-ode --noise-weight 0.01 --max-t 5. --seed 1 --experiment 20141
Experiment 20141
Epoch 0010 [Test seq (cond on sampled tp)] | Loss 3738.510254 | Likelihood -3935.078857 | KL fp 1.5283 | FP STD 0.5416|
KL coef: 0.0
Train loss (one batch): 5461.2412109375
Train CE loss (one batch): 0.0
Test MSE (raw): 0.7878
Test MSE (smoothed with alpha=0.01): 0.7878
New best smoothed test MSE: 0.7878. Saving best model to experiments/experiment_20141_best.ckpt
Test MSE group_0: 0.9897
Test MSE group_1: 0.6708
Test MSE group_2: nan
Test MSE group_3: nan
Poisson likelihood: 0.0
CE loss: 0.0
train MSE group_0: 1.3190
train MSE group_1: 0.9154
train MSE group_2: nan
train MSE group_3: nan
CE loss (TEST): 0.0
Experiment 20141
Epoch 0020 [Test seq (cond on sampled tp)] | Loss 1091.615845 | Likelihood -1135.833740 | KL fp 5.6577 | FP STD 0.3379|
KL coef: 0.09561792499119559
Train loss (one batch): 1525.673828125
Train CE loss (one batch): 0.0
Test MSE (raw): 0.2279
Test MSE (smoothed with alpha=0.01): 0.7822
New best smoothed test MSE: 0.7822. Saving best model to experiments/experiment_20141_best.ckpt
Test MSE group_0: 0.1744
Test MSE group_1: 0.2589
Test MSE group_2: nan
Test MSE group_3: nan
Poisson likelihood: 0.0
CE loss: 0.0
train MSE group_0: 0.1725
train MSE group_1: 0.4178
train MSE group_2: nan
train MSE group_3: nan
CE loss (TEST): 0.0
Experiment 20141
Epoch 0030 [Test seq (cond on sampled tp)] | Loss 745.392273 | Likelihood -788.193787 | KL fp 4.2900 | FP STD 0.3048|
KL coef: 0.18209306240276923
Train loss (one batch): 1046.5010986328125
Train CE loss (one batch): 0.0
Test MSE (raw): 0.1584
Test MSE (smoothed with alpha=0.01): 0.7759
New best smoothed test MSE: 0.7759. Saving best model to experiments/experiment_20141_best.ckpt
Test MSE group_0: 0.1820
Test MSE group_1: 0.1447
Test MSE group_2: nan
Test MSE group_3: nan
Poisson likelihood: 0.0
CE loss: 0.0
train MSE group_0: 0.2033
train MSE group_1: 0.2192
train MSE group_2: nan
train MSE group_3: nan
CE loss (TEST): 0.0
