/Users/benjaminmaurel/Documents/Training_Sanofi/notebooks_hands_on/latent_ode/run_models.py
run_models.py --niters 3000 -n 200 -s 40 -l 10 --dataset PK_Tacro --latent-ode --noise-weight 0.01 --max-t 5. --seed 8 --experiment 12293
Experiment 12293
Epoch 1000 [Test seq (cond on sampled tp)] | Loss 231.097748 | Likelihood -236.037842 | KL fp 4.0639 | FP STD 0.1902|
KL coef: 0.9999522643707747
Train loss (one batch): 258.5049133300781
Train CE loss (one batch): 0.0
Test MSE (raw): 0.0479
Test MSE (smoothed with alpha=0.01): 0.0479
New best smoothed test MSE: 0.0479. Saving best model to experiments/experiment_12293_best.ckpt
Test MSE group_0: 0.0429
Test MSE group_1: 0.0525
Test MSE group_2: nan
Test MSE group_3: nan
Poisson likelihood: 0.0
CE loss: 0.0
train MSE group_0: 0.0454
train MSE group_1: 0.0587
train MSE group_2: nan
train MSE group_3: nan
CE loss (TEST): 0.0
