/Users/benjaminmaurel/Documents/Training_Sanofi/notebooks_hands_on/latent_ode/run_models.py
run_models.py --niters 3000 -n 200 -s 40 -l 10 --dataset PK_Tacro --latent-ode --noise-weight 0.01 --max-t 5. --seed 4 --experiment 35637
Experiment 35637
Epoch 1000 [Test seq (cond on sampled tp)] | Loss 248.410385 | Likelihood -247.748749 | KL fp 4.1436 | FP STD 0.1430|
KL coef: 0.9999522643707747
Train loss (one batch): 263.2974548339844
Train CE loss (one batch): 0.0
Test MSE (raw): 0.0503
Test MSE (smoothed with alpha=0.01): 0.0503
New best smoothed test MSE: 0.0503. Saving best model to experiments/experiment_35637_best.ckpt
Test MSE group_0: 0.0426
Test MSE group_1: 0.0573
Test MSE group_2: nan
Test MSE group_3: nan
Poisson likelihood: 0.0
CE loss: 0.0
train MSE group_0: 0.0468
train MSE group_1: 0.0594
train MSE group_2: nan
train MSE group_3: nan
CE loss (TEST): 0.0
Experiment 35637
Epoch 2000 [Test seq (cond on sampled tp)] | Loss 196.630844 | Likelihood -195.947357 | KL fp 4.0303 | FP STD 0.1359|
KL coef: 0.9999999979391934
Train loss (one batch): 212.55950927734375
Train CE loss (one batch): 0.0
Test MSE (raw): 0.0399
Test MSE (smoothed with alpha=0.01): 0.0502
New best smoothed test MSE: 0.0502. Saving best model to experiments/experiment_35637_best.ckpt
Test MSE group_0: 0.0363
Test MSE group_1: 0.0433
Test MSE group_2: nan
Test MSE group_3: nan
Poisson likelihood: 0.0
CE loss: 0.0
train MSE group_0: 0.0407
train MSE group_1: 0.0447
train MSE group_2: nan
train MSE group_3: nan
CE loss (TEST): 0.0
Experiment 35637
Epoch 3000 [Test seq (cond on sampled tp)] | Loss 177.918030 | Likelihood -177.964905 | KL fp 4.5787 | FP STD 0.0826|
KL coef: 0.9999999999999111
Train loss (one batch): 190.74305725097656
Train CE loss (one batch): 0.0
Test MSE (raw): 0.0363
Test MSE (smoothed with alpha=0.01): 0.0500
New best smoothed test MSE: 0.0500. Saving best model to experiments/experiment_35637_best.ckpt
Test MSE group_0: 0.0342
Test MSE group_1: 0.0383
Test MSE group_2: nan
Test MSE group_3: nan
Poisson likelihood: 0.0
CE loss: 0.0
train MSE group_0: 0.0380
train MSE group_1: 0.0384
train MSE group_2: nan
train MSE group_3: nan
CE loss (TEST): 0.0
