/Users/benjaminmaurel/Documents/Training_Sanofi/notebooks_hands_on/latent_ode/run_models.py
run_models.py --niters 3000 -n 200 -s 40 -l 10 --dataset PK_Tacro --latent-ode --noise-weight 0.01 --max-t 5. --seed 44 --experiment 12551
Experiment 12551
Epoch 1000 [Test seq (cond on sampled tp)] | Loss 161.294189 | Likelihood -157.728195 | KL fp 6.1699 | FP STD 0.1247|
KL coef: 0.9999522643707747
Train loss (one batch): 146.77796936035156
Train CE loss (one batch): 0.0
Test MSE (raw): 0.0323
Test MSE (smoothed with alpha=0.01): 0.0323
New best smoothed test MSE: 0.0323. Saving best model to experiments/experiment_12551_best.ckpt
Test MSE group_0: 0.0291
Test MSE group_1: 0.0354
Test MSE group_2: nan
Test MSE group_3: nan
Poisson likelihood: 0.0
CE loss: 0.0
train MSE group_0: 0.0287
train MSE group_1: 0.0298
train MSE group_2: nan
train MSE group_3: nan
CE loss (TEST): 0.0
Experiment 12551
Epoch 2000 [Test seq (cond on sampled tp)] | Loss 154.213837 | Likelihood -152.633911 | KL fp 6.0345 | FP STD 0.1340|
KL coef: 0.9999999979391934
Train loss (one batch): 139.8839874267578
Train CE loss (one batch): 0.0
Test MSE (raw): 0.0313
Test MSE (smoothed with alpha=0.01): 0.0323
New best smoothed test MSE: 0.0323. Saving best model to experiments/experiment_12551_best.ckpt
Test MSE group_0: 0.0291
Test MSE group_1: 0.0334
Test MSE group_2: nan
Test MSE group_3: nan
Poisson likelihood: 0.0
CE loss: 0.0
train MSE group_0: 0.0287
train MSE group_1: 0.0271
train MSE group_2: nan
train MSE group_3: nan
CE loss (TEST): 0.0
Experiment 12551
Epoch 3000 [Test seq (cond on sampled tp)] | Loss 151.185913 | Likelihood -150.539154 | KL fp 6.1582 | FP STD 0.1029|
KL coef: 0.9999999999999111
Train loss (one batch): 134.4375457763672
Train CE loss (one batch): 0.0
Test MSE (raw): 0.0308
Test MSE (smoothed with alpha=0.01): 0.0323
New best smoothed test MSE: 0.0323. Saving best model to experiments/experiment_12551_best.ckpt
Test MSE group_0: 0.0278
Test MSE group_1: 0.0339
Test MSE group_2: nan
Test MSE group_3: nan
Poisson likelihood: 0.0
CE loss: 0.0
train MSE group_0: 0.0271
train MSE group_1: 0.0268
train MSE group_2: nan
train MSE group_3: nan
CE loss (TEST): 0.0
