/Users/benjaminmaurel/Documents/Training_Sanofi/notebooks_hands_on/latent_ode/run_models.py
run_models.py --niters 3000 -n 200 -s 40 -l 10 --dataset PK_Tacro --latent-ode --noise-weight 0.01 --max-t 5. --seed 186 --experiment 14545
Experiment 14545
Epoch 1000 [Test seq (cond on sampled tp)] | Loss 177.307007 | Likelihood -176.836731 | KL fp 4.4732 | FP STD 0.1146|
KL coef: 0.9999522643707747
Train loss (one batch): 185.65689086914062
Train CE loss (one batch): 0.0
Test MSE (raw): 0.0361
Test MSE (smoothed with alpha=0.01): 0.0361
New best smoothed test MSE: 0.0361. Saving best model to experiments/experiment_14545_best.ckpt
Test MSE group_0: 0.0325
Test MSE group_1: 0.0397
Test MSE group_2: nan
Test MSE group_3: nan
Poisson likelihood: 0.0
CE loss: 0.0
train MSE group_0: 0.0338
train MSE group_1: 0.0404
train MSE group_2: nan
train MSE group_3: nan
CE loss (TEST): 0.0
Experiment 14545
Epoch 2000 [Test seq (cond on sampled tp)] | Loss 156.505173 | Likelihood -154.218338 | KL fp 4.9313 | FP STD 0.0774|
KL coef: 0.9999999979391934
Train loss (one batch): 162.17178344726562
Train CE loss (one batch): 0.0
Test MSE (raw): 0.0316
Test MSE (smoothed with alpha=0.01): 0.0361
New best smoothed test MSE: 0.0361. Saving best model to experiments/experiment_14545_best.ckpt
Test MSE group_0: 0.0291
Test MSE group_1: 0.0340
Test MSE group_2: nan
Test MSE group_3: nan
Poisson likelihood: 0.0
CE loss: 0.0
train MSE group_0: 0.0299
train MSE group_1: 0.0347
train MSE group_2: nan
train MSE group_3: nan
CE loss (TEST): 0.0
