/Users/benjaminmaurel/Documents/Training_Sanofi/notebooks_hands_on/latent_ode/run_models.py
run_models.py --niters 3000 -n 200 -s 40 -l 10 --dataset PK_Tacro --latent-ode --noise-weight 0.01 --max-t 5. --seed 154 --experiment 37014
Experiment 37014
Epoch 1000 [Test seq (cond on sampled tp)] | Loss 207.103760 | Likelihood -204.793503 | KL fp 5.1054 | FP STD 0.1687|
KL coef: 0.9999522643707747
Train loss (one batch): 207.50018310546875
Train CE loss (one batch): 0.0
Test MSE (raw): 0.0417
Test MSE (smoothed with alpha=0.01): 0.0417
New best smoothed test MSE: 0.0417. Saving best model to experiments/experiment_37014_best.ckpt
Test MSE group_0: 0.0372
Test MSE group_1: 0.0461
Test MSE group_2: nan
Test MSE group_3: nan
Poisson likelihood: 0.0
CE loss: 0.0
train MSE group_0: 0.0366
train MSE group_1: 0.0467
train MSE group_2: nan
train MSE group_3: nan
CE loss (TEST): 0.0
Experiment 37014
Epoch 2000 [Test seq (cond on sampled tp)] | Loss 159.274597 | Likelihood -156.871460 | KL fp 5.3233 | FP STD 0.1069|
KL coef: 0.9999999979391934
Train loss (one batch): 160.55648803710938
Train CE loss (one batch): 0.0
Test MSE (raw): 0.0321
Test MSE (smoothed with alpha=0.01): 0.0416
New best smoothed test MSE: 0.0416. Saving best model to experiments/experiment_37014_best.ckpt
Test MSE group_0: 0.0297
Test MSE group_1: 0.0345
Test MSE group_2: nan
Test MSE group_3: nan
Poisson likelihood: 0.0
CE loss: 0.0
train MSE group_0: 0.0298
train MSE group_1: 0.0344
train MSE group_2: nan
train MSE group_3: nan
CE loss (TEST): 0.0
