/Users/benjaminmaurel/Documents/Training_Sanofi/notebooks_hands_on/latent_ode/run_models.py
run_models.py --niters 3000 -n 200 -s 40 -l 10 --dataset PK_Tacro --latent-ode --noise-weight 0.01 --max-t 5. --seed 7 --experiment 42713
Experiment 42713
Epoch 1000 [Test seq (cond on sampled tp)] | Loss 198.861618 | Likelihood -197.088455 | KL fp 4.8163 | FP STD 0.1120|
KL coef: 0.9999522643707747
Train loss (one batch): 197.3196563720703
Train CE loss (one batch): 0.0
Test MSE (raw): 0.0402
Test MSE (smoothed with alpha=0.01): 0.0402
New best smoothed test MSE: 0.0402. Saving best model to experiments/experiment_42713_best.ckpt
Test MSE group_0: 0.0365
Test MSE group_1: 0.0437
Test MSE group_2: nan
Test MSE group_3: nan
Poisson likelihood: 0.0
CE loss: 0.0
train MSE group_0: 0.0364
train MSE group_1: 0.0423
train MSE group_2: nan
train MSE group_3: nan
CE loss (TEST): 0.0
Experiment 42713
Epoch 2000 [Test seq (cond on sampled tp)] | Loss 180.478134 | Likelihood -178.171448 | KL fp 4.8817 | FP STD 0.0725|
KL coef: 0.9999999979391934
Train loss (one batch): 174.50430297851562
Train CE loss (one batch): 0.0
Test MSE (raw): 0.0364
Test MSE (smoothed with alpha=0.01): 0.0401
New best smoothed test MSE: 0.0401. Saving best model to experiments/experiment_42713_best.ckpt
Test MSE group_0: 0.0345
Test MSE group_1: 0.0382
Test MSE group_2: nan
Test MSE group_3: nan
Poisson likelihood: 0.0
CE loss: 0.0
train MSE group_0: 0.0337
train MSE group_1: 0.0359
train MSE group_2: nan
train MSE group_3: nan
CE loss (TEST): 0.0
Experiment 42713
Epoch 3000 [Test seq (cond on sampled tp)] | Loss 169.731506 | Likelihood -167.651321 | KL fp 4.8331 | FP STD 0.0659|
KL coef: 0.9999999999999111
Train loss (one batch): 160.39328002929688
Train CE loss (one batch): 0.0
Test MSE (raw): 0.0343
Test MSE (smoothed with alpha=0.01): 0.0401
New best smoothed test MSE: 0.0401. Saving best model to experiments/experiment_42713_best.ckpt
Test MSE group_0: 0.0330
Test MSE group_1: 0.0354
Test MSE group_2: nan
Test MSE group_3: nan
Poisson likelihood: 0.0
CE loss: 0.0
train MSE group_0: 0.0313
train MSE group_1: 0.0327
train MSE group_2: nan
train MSE group_3: nan
CE loss (TEST): 0.0
