/Users/benjaminmaurel/Documents/Training_Sanofi/notebooks_hands_on/latent_ode/run_models.py
run_models.py --niters 3000 -n 200 -s 40 -l 10 --dataset PK_Tacro --latent-ode --noise-weight 0.01 --max-t 5. --seed 142 --experiment 10819
Experiment 10819
Epoch 1000 [Test seq (cond on sampled tp)] | Loss 221.160263 | Likelihood -218.229858 | KL fp 5.9695 | FP STD 0.0974|
KL coef: 0.9999522643707747
Train loss (one batch): 226.275390625
Train CE loss (one batch): 0.0
Test MSE (raw): 0.0444
Test MSE (smoothed with alpha=0.01): 0.0444
New best smoothed test MSE: 0.0444. Saving best model to experiments/experiment_10819_best.ckpt
Test MSE group_0: 0.0378
Test MSE group_1: 0.0509
Test MSE group_2: nan
Test MSE group_3: nan
Poisson likelihood: 0.0
CE loss: 0.0
train MSE group_0: 0.0394
train MSE group_1: 0.0516
train MSE group_2: nan
train MSE group_3: nan
CE loss (TEST): 0.0
Experiment 10819
Epoch 2000 [Test seq (cond on sampled tp)] | Loss 175.629257 | Likelihood -173.097839 | KL fp 5.3716 | FP STD 0.1029|
KL coef: 0.9999999979391934
Train loss (one batch): 183.87551879882812
Train CE loss (one batch): 0.0
Test MSE (raw): 0.0354
Test MSE (smoothed with alpha=0.01): 0.0443
New best smoothed test MSE: 0.0443. Saving best model to experiments/experiment_10819_best.ckpt
Test MSE group_0: 0.0312
Test MSE group_1: 0.0395
Test MSE group_2: nan
Test MSE group_3: nan
Poisson likelihood: 0.0
CE loss: 0.0
train MSE group_0: 0.0337
train MSE group_1: 0.0404
train MSE group_2: nan
train MSE group_3: nan
CE loss (TEST): 0.0
Experiment 10819
Epoch 3000 [Test seq (cond on sampled tp)] | Loss 171.145569 | Likelihood -168.982193 | KL fp 5.0028 | FP STD 0.1020|
KL coef: 0.9999999999999111
Train loss (one batch): 177.46902465820312
Train CE loss (one batch): 0.0
Test MSE (raw): 0.0345
Test MSE (smoothed with alpha=0.01): 0.0442
New best smoothed test MSE: 0.0442. Saving best model to experiments/experiment_10819_best.ckpt
Test MSE group_0: 0.0315
Test MSE group_1: 0.0376
Test MSE group_2: nan
Test MSE group_3: nan
Poisson likelihood: 0.0
CE loss: 0.0
train MSE group_0: 0.0334
train MSE group_1: 0.0379
train MSE group_2: nan
train MSE group_3: nan
CE loss (TEST): 0.0
