/Users/benjaminmaurel/Documents/Training_Sanofi/notebooks_hands_on/latent_ode/run_models.py
run_models.py --niters 3000 -n 200 -s 40 -l 10 --dataset PK_Tacro --latent-ode --noise-weight 0.01 --max-t 5. --seed 3 --experiment 36080
Experiment 36080
Epoch 1000 [Test seq (cond on sampled tp)] | Loss 152.741104 | Likelihood -149.658386 | KL fp 6.1739 | FP STD 0.0738|
KL coef: 0.9999522643707747
Train loss (one batch): 167.20164489746094
Train CE loss (one batch): 0.0
Test MSE (raw): 0.0307
Test MSE (smoothed with alpha=0.01): 0.0307
New best smoothed test MSE: 0.0307. Saving best model to experiments/experiment_36080_best.ckpt
Test MSE group_0: 0.0280
Test MSE group_1: 0.0336
Test MSE group_2: nan
Test MSE group_3: nan
Poisson likelihood: 0.0
CE loss: 0.0
train MSE group_0: 0.0276
train MSE group_1: 0.0392
train MSE group_2: nan
train MSE group_3: nan
CE loss (TEST): 0.0
Experiment 36080
Epoch 2000 [Test seq (cond on sampled tp)] | Loss 151.339386 | Likelihood -152.685608 | KL fp 5.7417 | FP STD 0.1653|
KL coef: 0.9999999979391934
Train loss (one batch): 165.10325622558594
Train CE loss (one batch): 0.0
Test MSE (raw): 0.0313
Test MSE (smoothed with alpha=0.01): 0.0307
Smoothed Test MSE did not improve. Early stopping counter: 1/10000
Test MSE group_0: 0.0285
Test MSE group_1: 0.0343
Test MSE group_2: nan
Test MSE group_3: nan
Poisson likelihood: 0.0
CE loss: 0.0
train MSE group_0: 0.0285
train MSE group_1: 0.0375
train MSE group_2: nan
train MSE group_3: nan
CE loss (TEST): 0.0
Experiment 36080
Epoch 3000 [Test seq (cond on sampled tp)] | Loss 138.775055 | Likelihood -137.017975 | KL fp 5.5892 | FP STD 0.1577|
KL coef: 0.9999999999999111
Train loss (one batch): 148.49986267089844
Train CE loss (one batch): 0.0
Test MSE (raw): 0.0281
Test MSE (smoothed with alpha=0.01): 0.0306
New best smoothed test MSE: 0.0306. Saving best model to experiments/experiment_36080_best.ckpt
Test MSE group_0: 0.0261
Test MSE group_1: 0.0304
Test MSE group_2: nan
Test MSE group_3: nan
Poisson likelihood: 0.0
CE loss: 0.0
train MSE group_0: 0.0257
train MSE group_1: 0.0339
train MSE group_2: nan
train MSE group_3: nan
CE loss (TEST): 0.0
