/Users/benjaminmaurel/Documents/Training_Sanofi/notebooks_hands_on/latent_ode/run_models.py
run_models.py --niters 3000 -n 200 -s 40 -l 10 --dataset PK_Tacro --latent-ode --noise-weight 0.01 --max-t 5. --seed 7 --experiment 31648
Experiment 31648
Epoch 1000 [Test seq (cond on sampled tp)] | Loss 175.221436 | Likelihood -173.089920 | KL fp 5.3088 | FP STD 0.1254|
KL coef: 0.9999522643707747
Train loss (one batch): 172.93386840820312
Train CE loss (one batch): 0.0
Test MSE (raw): 0.0354
Test MSE (smoothed with alpha=0.01): 0.0354
New best smoothed test MSE: 0.0354. Saving best model to experiments/experiment_31648_best.ckpt
Test MSE group_0: 0.0303
Test MSE group_1: 0.0409
Test MSE group_2: nan
Test MSE group_3: nan
Poisson likelihood: 0.0
CE loss: 0.0
train MSE group_0: 0.0298
train MSE group_1: 0.0400
train MSE group_2: nan
train MSE group_3: nan
CE loss (TEST): 0.0
Experiment 31648
Epoch 2000 [Test seq (cond on sampled tp)] | Loss 155.061295 | Likelihood -152.144440 | KL fp 5.6725 | FP STD 0.0845|
KL coef: 0.9999999979391934
Train loss (one batch): 152.4887237548828
Train CE loss (one batch): 0.0
Test MSE (raw): 0.0312
Test MSE (smoothed with alpha=0.01): 0.0353
New best smoothed test MSE: 0.0353. Saving best model to experiments/experiment_31648_best.ckpt
Test MSE group_0: 0.0279
Test MSE group_1: 0.0348
Test MSE group_2: nan
Test MSE group_3: nan
Poisson likelihood: 0.0
CE loss: 0.0
train MSE group_0: 0.0274
train MSE group_1: 0.0338
train MSE group_2: nan
train MSE group_3: nan
CE loss (TEST): 0.0
Experiment 31648
Epoch 3000 [Test seq (cond on sampled tp)] | Loss 146.903183 | Likelihood -144.038239 | KL fp 5.6532 | FP STD 0.0776|
KL coef: 0.9999999999999111
Train loss (one batch): 142.5097198486328
Train CE loss (one batch): 0.0
Test MSE (raw): 0.0295
Test MSE (smoothed with alpha=0.01): 0.0353
New best smoothed test MSE: 0.0353. Saving best model to experiments/experiment_31648_best.ckpt
Test MSE group_0: 0.0273
Test MSE group_1: 0.0321
Test MSE group_2: nan
Test MSE group_3: nan
Poisson likelihood: 0.0
CE loss: 0.0
train MSE group_0: 0.0264
train MSE group_1: 0.0307
train MSE group_2: nan
train MSE group_3: nan
CE loss (TEST): 0.0
