/Users/benjaminmaurel/Documents/Training_Sanofi/notebooks_hands_on/latent_ode/run_models.py
run_models.py --niters 3000 -n 200 -s 40 -l 10 --dataset PK_Tacro --latent-ode --noise-weight 0.01 --max-t 5. --seed 103 --experiment 21938
Experiment 21938
Epoch 1000 [Test seq (cond on sampled tp)] | Loss 198.240555 | Likelihood -196.661072 | KL fp 4.3379 | FP STD 0.1370|
KL coef: 0.9999522643707747
Train loss (one batch): 200.59844970703125
Train CE loss (one batch): 0.0
Test MSE (raw): 0.0401
Test MSE (smoothed with alpha=0.01): 0.0401
New best smoothed test MSE: 0.0401. Saving best model to experiments/experiment_21938_best.ckpt
Test MSE group_0: 0.0373
Test MSE group_1: 0.0428
Test MSE group_2: nan
Test MSE group_3: nan
Poisson likelihood: 0.0
CE loss: 0.0
train MSE group_0: 0.0359
train MSE group_1: 0.0436
train MSE group_2: nan
train MSE group_3: nan
CE loss (TEST): 0.0
Experiment 21938
Epoch 2000 [Test seq (cond on sampled tp)] | Loss 143.690033 | Likelihood -142.215515 | KL fp 4.3496 | FP STD 0.1252|
KL coef: 0.9999999979391934
Train loss (one batch): 146.00282287597656
Train CE loss (one batch): 0.0
Test MSE (raw): 0.0292
Test MSE (smoothed with alpha=0.01): 0.0400
New best smoothed test MSE: 0.0400. Saving best model to experiments/experiment_21938_best.ckpt
Test MSE group_0: 0.0270
Test MSE group_1: 0.0314
Test MSE group_2: nan
Test MSE group_3: nan
Poisson likelihood: 0.0
CE loss: 0.0
train MSE group_0: 0.0239
train MSE group_1: 0.0339
train MSE group_2: nan
train MSE group_3: nan
CE loss (TEST): 0.0
Experiment 21938
Epoch 3000 [Test seq (cond on sampled tp)] | Loss 135.952942 | Likelihood -134.879639 | KL fp 4.1724 | FP STD 0.1126|
KL coef: 0.9999999999999111
Train loss (one batch): 135.3974609375
Train CE loss (one batch): 0.0
Test MSE (raw): 0.0277
Test MSE (smoothed with alpha=0.01): 0.0398
New best smoothed test MSE: 0.0398. Saving best model to experiments/experiment_21938_best.ckpt
Test MSE group_0: 0.0264
Test MSE group_1: 0.0290
Test MSE group_2: nan
Test MSE group_3: nan
Poisson likelihood: 0.0
CE loss: 0.0
train MSE group_0: 0.0219
train MSE group_1: 0.0314
train MSE group_2: nan
train MSE group_3: nan
CE loss (TEST): 0.0
