/Users/benjaminmaurel/Documents/Training_Sanofi/notebooks_hands_on/latent_ode/run_models.py
run_models.py --niters 3000 -n 200 -s 40 -l 10 --dataset PK_Tacro --latent-ode --noise-weight 0.01 --max-t 5. --seed 17 --experiment 17047
Experiment 17047
Epoch 1000 [Test seq (cond on sampled tp)] | Loss 177.307770 | Likelihood -173.970428 | KL fp 6.5157 | FP STD 0.2089|
KL coef: 0.9999522643707747
Train loss (one batch): 167.50082397460938
Train CE loss (one batch): 0.0
Test MSE (raw): 0.0355
Test MSE (smoothed with alpha=0.01): 0.0355
New best smoothed test MSE: 0.0355. Saving best model to experiments/experiment_17047_best.ckpt
Test MSE group_0: 0.0302
Test MSE group_1: 0.0405
Test MSE group_2: nan
Test MSE group_3: nan
Poisson likelihood: 0.0
CE loss: 0.0
train MSE group_0: 0.0290
train MSE group_1: 0.0405
train MSE group_2: nan
train MSE group_3: nan
CE loss (TEST): 0.0
Experiment 17047
Epoch 2000 [Test seq (cond on sampled tp)] | Loss 161.724854 | Likelihood -158.021515 | KL fp 6.5906 | FP STD 0.2505|
KL coef: 0.9999999979391934
Train loss (one batch): 149.81964111328125
Train CE loss (one batch): 0.0
Test MSE (raw): 0.0323
Test MSE (smoothed with alpha=0.01): 0.0355
New best smoothed test MSE: 0.0355. Saving best model to experiments/experiment_17047_best.ckpt
Test MSE group_0: 0.0292
Test MSE group_1: 0.0353
Test MSE group_2: nan
Test MSE group_3: nan
Poisson likelihood: 0.0
CE loss: 0.0
train MSE group_0: 0.0276
train MSE group_1: 0.0319
train MSE group_2: nan
train MSE group_3: nan
CE loss (TEST): 0.0
Experiment 17047
Epoch 3000 [Test seq (cond on sampled tp)] | Loss 151.627182 | Likelihood -147.546417 | KL fp 6.6612 | FP STD 0.2007|
KL coef: 0.9999999999999111
Train loss (one batch): 139.0852813720703
Train CE loss (one batch): 0.0
Test MSE (raw): 0.0302
Test MSE (smoothed with alpha=0.01): 0.0354
New best smoothed test MSE: 0.0354. Saving best model to experiments/experiment_17047_best.ckpt
Test MSE group_0: 0.0277
Test MSE group_1: 0.0326
Test MSE group_2: nan
Test MSE group_3: nan
Poisson likelihood: 0.0
CE loss: 0.0
train MSE group_0: 0.0264
train MSE group_1: 0.0288
train MSE group_2: nan
train MSE group_3: nan
CE loss (TEST): 0.0
