/Users/benjaminmaurel/Documents/Training_Sanofi/notebooks_hands_on/latent_ode/run_models.py
run_models.py --niters 3000 -n 200 -s 40 -l 10 --dataset PK_Tacro --latent-ode --noise-weight 0.01 --max-t 5. --seed 5 --experiment 31045
Experiment 31045
Epoch 1000 [Test seq (cond on sampled tp)] | Loss 243.453857 | Likelihood -246.958817 | KL fp 4.1926 | FP STD 0.2749|
KL coef: 0.9999522643707747
Train loss (one batch): 233.18728637695312
Train CE loss (one batch): 0.0
Test MSE (raw): 0.0501
Test MSE (smoothed with alpha=0.01): 0.0501
New best smoothed test MSE: 0.0501. Saving best model to experiments/experiment_31045_best.ckpt
Test MSE group_0: 0.0411
Test MSE group_1: 0.0585
Test MSE group_2: nan
Test MSE group_3: nan
Poisson likelihood: 0.0
CE loss: 0.0
train MSE group_0: 0.0457
train MSE group_1: 0.0559
train MSE group_2: nan
train MSE group_3: nan
CE loss (TEST): 0.0
Experiment 31045
Epoch 2000 [Test seq (cond on sampled tp)] | Loss 220.250885 | Likelihood -218.626465 | KL fp 4.7281 | FP STD 0.1480|
KL coef: 0.9999999979391934
Train loss (one batch): 212.03384399414062
Train CE loss (one batch): 0.0
Test MSE (raw): 0.0445
Test MSE (smoothed with alpha=0.01): 0.0501
New best smoothed test MSE: 0.0501. Saving best model to experiments/experiment_31045_best.ckpt
Test MSE group_0: 0.0383
Test MSE group_1: 0.0502
Test MSE group_2: nan
Test MSE group_3: nan
Poisson likelihood: 0.0
CE loss: 0.0
train MSE group_0: 0.0428
train MSE group_1: 0.0422
train MSE group_2: nan
train MSE group_3: nan
CE loss (TEST): 0.0
Experiment 31045
Epoch 3000 [Test seq (cond on sampled tp)] | Loss 209.580200 | Likelihood -207.862122 | KL fp 4.7890 | FP STD 0.1430|
KL coef: 0.9999999999999111
Train loss (one batch): 202.8833770751953
Train CE loss (one batch): 0.0
Test MSE (raw): 0.0423
Test MSE (smoothed with alpha=0.01): 0.0500
New best smoothed test MSE: 0.0500. Saving best model to experiments/experiment_31045_best.ckpt
Test MSE group_0: 0.0377
Test MSE group_1: 0.0466
Test MSE group_2: nan
Test MSE group_3: nan
Poisson likelihood: 0.0
CE loss: 0.0
train MSE group_0: 0.0419
train MSE group_1: 0.0394
train MSE group_2: nan
train MSE group_3: nan
CE loss (TEST): 0.0
