/Users/benjaminmaurel/Documents/Training_Sanofi/notebooks_hands_on/latent_ode/run_models.py
run_models.py --niters 3000 -n 200 -s 40 -l 10 --dataset PK_Tacro --latent-ode --noise-weight 0.01 --max-t 5. --seed 115 --experiment 29705
Experiment 29705
Epoch 1000 [Test seq (cond on sampled tp)] | Loss 203.737228 | Likelihood -208.007889 | KL fp 4.5654 | FP STD 0.1702|
KL coef: 0.9999522643707747
Train loss (one batch): 222.38848876953125
Train CE loss (one batch): 0.0
Test MSE (raw): 0.0423
Test MSE (smoothed with alpha=0.01): 0.0423
New best smoothed test MSE: 0.0423. Saving best model to experiments/experiment_29705_best.ckpt
Test MSE group_0: 0.0333
Test MSE group_1: 0.0512
Test MSE group_2: nan
Test MSE group_3: nan
Poisson likelihood: 0.0
CE loss: 0.0
train MSE group_0: 0.0352
train MSE group_1: 0.0532
train MSE group_2: nan
train MSE group_3: nan
CE loss (TEST): 0.0
Experiment 29705
Epoch 2000 [Test seq (cond on sampled tp)] | Loss 161.161407 | Likelihood -160.157227 | KL fp 4.9740 | FP STD 0.1325|
KL coef: 0.9999999979391934
Train loss (one batch): 169.5633087158203
Train CE loss (one batch): 0.0
Test MSE (raw): 0.0328
Test MSE (smoothed with alpha=0.01): 0.0422
New best smoothed test MSE: 0.0422. Saving best model to experiments/experiment_29705_best.ckpt
Test MSE group_0: 0.0296
Test MSE group_1: 0.0359
Test MSE group_2: nan
Test MSE group_3: nan
Poisson likelihood: 0.0
CE loss: 0.0
train MSE group_0: 0.0313
train MSE group_1: 0.0364
train MSE group_2: nan
train MSE group_3: nan
CE loss (TEST): 0.0
Experiment 29705
Epoch 3000 [Test seq (cond on sampled tp)] | Loss 152.742920 | Likelihood -150.624496 | KL fp 5.0338 | FP STD 0.1041|
KL coef: 0.9999999999999111
Train loss (one batch): 154.449951171875
Train CE loss (one batch): 0.0
Test MSE (raw): 0.0309
Test MSE (smoothed with alpha=0.01): 0.0421
New best smoothed test MSE: 0.0421. Saving best model to experiments/experiment_29705_best.ckpt
Test MSE group_0: 0.0283
Test MSE group_1: 0.0334
Test MSE group_2: nan
Test MSE group_3: nan
Poisson likelihood: 0.0
CE loss: 0.0
train MSE group_0: 0.0293
train MSE group_1: 0.0327
train MSE group_2: nan
train MSE group_3: nan
CE loss (TEST): 0.0
