/Users/benjaminmaurel/Documents/Training_Sanofi/notebooks_hands_on/latent_ode/run_models.py
run_models.py --niters 3000 -n 200 -s 40 -l 10 --dataset PK_Tacro --latent-ode --noise-weight 0.01 --max-t 5. --seed 25 --experiment 12527
Experiment 12527
Epoch 1000 [Test seq (cond on sampled tp)] | Loss 164.717606 | Likelihood -163.753464 | KL fp 4.8183 | FP STD 0.1386|
KL coef: 0.9999522643707747
Train loss (one batch): 146.9915771484375
Train CE loss (one batch): 0.0
Test MSE (raw): 0.0335
Test MSE (smoothed with alpha=0.01): 0.0335
New best smoothed test MSE: 0.0335. Saving best model to experiments/experiment_12527_best.ckpt
Test MSE group_0: 0.0305
Test MSE group_1: 0.0364
Test MSE group_2: nan
Test MSE group_3: nan
Poisson likelihood: 0.0
CE loss: 0.0
train MSE group_0: 0.0260
train MSE group_1: 0.0331
train MSE group_2: nan
train MSE group_3: nan
CE loss (TEST): 0.0
Experiment 12527
Epoch 2000 [Test seq (cond on sampled tp)] | Loss 156.336029 | Likelihood -154.277451 | KL fp 4.8682 | FP STD 0.1197|
KL coef: 0.9999999979391934
Train loss (one batch): 138.20675659179688
Train CE loss (one batch): 0.0
Test MSE (raw): 0.0316
Test MSE (smoothed with alpha=0.01): 0.0335
New best smoothed test MSE: 0.0335. Saving best model to experiments/experiment_12527_best.ckpt
Test MSE group_0: 0.0297
Test MSE group_1: 0.0335
Test MSE group_2: nan
Test MSE group_3: nan
Poisson likelihood: 0.0
CE loss: 0.0
train MSE group_0: 0.0250
train MSE group_1: 0.0305
train MSE group_2: nan
train MSE group_3: nan
CE loss (TEST): 0.0
Experiment 12527
Epoch 3000 [Test seq (cond on sampled tp)] | Loss 146.216782 | Likelihood -143.641815 | KL fp 5.1362 | FP STD 0.0823|
KL coef: 0.9999999999999111
Train loss (one batch): 128.33705139160156
Train CE loss (one batch): 0.0
Test MSE (raw): 0.0295
Test MSE (smoothed with alpha=0.01): 0.0334
New best smoothed test MSE: 0.0334. Saving best model to experiments/experiment_12527_best.ckpt
Test MSE group_0: 0.0280
Test MSE group_1: 0.0309
Test MSE group_2: nan
Test MSE group_3: nan
Poisson likelihood: 0.0
CE loss: 0.0
train MSE group_0: 0.0235
train MSE group_1: 0.0280
train MSE group_2: nan
train MSE group_3: nan
CE loss (TEST): 0.0
