/Users/benjaminmaurel/Documents/Training_Sanofi/notebooks_hands_on/latent_ode/run_models.py
run_models.py --niters 3000 -n 200 -s 40 -l 10 --dataset PK_Tacro --latent-ode --noise-weight 0.01 --max-t 5. --seed 19 --experiment 35488
Experiment 35488
Epoch 1000 [Test seq (cond on sampled tp)] | Loss 225.969254 | Likelihood -222.163589 | KL fp 8.1786 | FP STD 0.1570|
KL coef: 0.9999522643707747
Train loss (one batch): 200.04107666015625
Train CE loss (one batch): 0.0
Test MSE (raw): 0.0452
Test MSE (smoothed with alpha=0.01): 0.0452
New best smoothed test MSE: 0.0452. Saving best model to experiments/experiment_35488_best.ckpt
Test MSE group_0: 0.0368
Test MSE group_1: 0.0525
Test MSE group_2: nan
Test MSE group_3: nan
Poisson likelihood: 0.0
CE loss: 0.0
train MSE group_0: 0.0328
train MSE group_1: 0.0476
train MSE group_2: nan
train MSE group_3: nan
CE loss (TEST): 0.0
Experiment 35488
Epoch 2000 [Test seq (cond on sampled tp)] | Loss 197.969833 | Likelihood -192.834198 | KL fp 8.0133 | FP STD 0.1018|
KL coef: 0.9999999979391934
Train loss (one batch): 183.21640014648438
Train CE loss (one batch): 0.0
Test MSE (raw): 0.0393
Test MSE (smoothed with alpha=0.01): 0.0451
New best smoothed test MSE: 0.0451. Saving best model to experiments/experiment_35488_best.ckpt
Test MSE group_0: 0.0349
Test MSE group_1: 0.0432
Test MSE group_2: nan
Test MSE group_3: nan
Poisson likelihood: 0.0
CE loss: 0.0
train MSE group_0: 0.0315
train MSE group_1: 0.0412
train MSE group_2: nan
train MSE group_3: nan
CE loss (TEST): 0.0
Experiment 35488
Epoch 3000 [Test seq (cond on sampled tp)] | Loss 241.914642 | Likelihood -238.322281 | KL fp 7.3458 | FP STD 0.1389|
KL coef: 0.9999999999999111
Train loss (one batch): 230.8951873779297
Train CE loss (one batch): 0.0
Test MSE (raw): 0.0484
Test MSE (smoothed with alpha=0.01): 0.0451
Smoothed Test MSE did not improve. Early stopping counter: 1/10000
Test MSE group_0: 0.0418
Test MSE group_1: 0.0543
Test MSE group_2: nan
Test MSE group_3: nan
Poisson likelihood: 0.0
CE loss: 0.0
train MSE group_0: 0.0406
train MSE group_1: 0.0518
train MSE group_2: nan
train MSE group_3: nan
CE loss (TEST): 0.0
