/Users/benjaminmaurel/Documents/Training_Sanofi/notebooks_hands_on/latent_ode/run_models.py
run_models.py --niters 3000 -n 200 -s 40 -l 10 --dataset PK_Tacro --latent-ode --noise-weight 0.01 --max-t 5. --seed 122 --experiment 41419
Experiment 41419
Epoch 1000 [Test seq (cond on sampled tp)] | Loss 218.649185 | Likelihood -217.747177 | KL fp 3.9725 | FP STD 0.1159|
KL coef: 0.9999522643707747
Train loss (one batch): 214.25308227539062
Train CE loss (one batch): 0.0
Test MSE (raw): 0.0443
Test MSE (smoothed with alpha=0.01): 0.0443
New best smoothed test MSE: 0.0443. Saving best model to experiments/experiment_41419_best.ckpt
Test MSE group_0: 0.0364
Test MSE group_1: 0.0521
Test MSE group_2: nan
Test MSE group_3: nan
Poisson likelihood: 0.0
CE loss: 0.0
train MSE group_0: 0.0334
train MSE group_1: 0.0520
train MSE group_2: nan
train MSE group_3: nan
CE loss (TEST): 0.0
Experiment 41419
Epoch 2000 [Test seq (cond on sampled tp)] | Loss 208.647812 | Likelihood -207.182648 | KL fp 4.1336 | FP STD 0.1095|
KL coef: 0.9999999979391934
Train loss (one batch): 205.33895874023438
Train CE loss (one batch): 0.0
Test MSE (raw): 0.0422
Test MSE (smoothed with alpha=0.01): 0.0443
New best smoothed test MSE: 0.0443. Saving best model to experiments/experiment_41419_best.ckpt
Test MSE group_0: 0.0369
Test MSE group_1: 0.0474
Test MSE group_2: nan
Test MSE group_3: nan
Poisson likelihood: 0.0
CE loss: 0.0
train MSE group_0: 0.0337
train MSE group_1: 0.0482
train MSE group_2: nan
train MSE group_3: nan
CE loss (TEST): 0.0
Experiment 41419
Epoch 3000 [Test seq (cond on sampled tp)] | Loss 193.974060 | Likelihood -192.959503 | KL fp 4.0944 | FP STD 0.1046|
KL coef: 0.9999999999999111
Train loss (one batch): 189.21124267578125
Train CE loss (one batch): 0.0
Test MSE (raw): 0.0393
Test MSE (smoothed with alpha=0.01): 0.0442
New best smoothed test MSE: 0.0442. Saving best model to experiments/experiment_41419_best.ckpt
Test MSE group_0: 0.0352
Test MSE group_1: 0.0435
Test MSE group_2: nan
Test MSE group_3: nan
Poisson likelihood: 0.0
CE loss: 0.0
train MSE group_0: 0.0328
train MSE group_1: 0.0428
train MSE group_2: nan
train MSE group_3: nan
CE loss (TEST): 0.0
