/Users/benjaminmaurel/Documents/Training_Sanofi/notebooks_hands_on/latent_ode/run_models.py
run_models.py --niters 3000 -n 200 -s 40 -l 10 --dataset PK_Tacro --latent-ode --noise-weight 0.01 --max-t 5. --seed 39 --experiment 31354
Experiment 31354
Epoch 1000 [Test seq (cond on sampled tp)] | Loss 324.035065 | Likelihood -326.113281 | KL fp 4.6421 | FP STD 0.3218|
KL coef: 0.9999522643707747
Train loss (one batch): 340.56982421875
Train CE loss (one batch): 0.0
Test MSE (raw): 0.0660
Test MSE (smoothed with alpha=0.01): 0.0660
New best smoothed test MSE: 0.0660. Saving best model to experiments/experiment_31354_best.ckpt
Test MSE group_0: 0.0523
Test MSE group_1: 0.0780
Test MSE group_2: nan
Test MSE group_3: nan
Poisson likelihood: 0.0
CE loss: 0.0
train MSE group_0: 0.0477
train MSE group_1: 0.0879
train MSE group_2: nan
train MSE group_3: nan
CE loss (TEST): 0.0
Experiment 31354
Epoch 2000 [Test seq (cond on sampled tp)] | Loss 257.627899 | Likelihood -258.575928 | KL fp 4.2225 | FP STD 0.2155|
KL coef: 0.9999999979391934
Train loss (one batch): 274.0442810058594
Train CE loss (one batch): 0.0
Test MSE (raw): 0.0525
Test MSE (smoothed with alpha=0.01): 0.0658
New best smoothed test MSE: 0.0658. Saving best model to experiments/experiment_31354_best.ckpt
Test MSE group_0: 0.0416
Test MSE group_1: 0.0621
Test MSE group_2: nan
Test MSE group_3: nan
Poisson likelihood: 0.0
CE loss: 0.0
train MSE group_0: 0.0400
train MSE group_1: 0.0693
train MSE group_2: nan
train MSE group_3: nan
CE loss (TEST): 0.0
Experiment 31354
Epoch 3000 [Test seq (cond on sampled tp)] | Loss 232.504669 | Likelihood -242.490143 | KL fp 4.3345 | FP STD 0.1911|
KL coef: 0.9999999999999111
Train loss (one batch): 239.2884063720703
Train CE loss (one batch): 0.0
Test MSE (raw): 0.0492
Test MSE (smoothed with alpha=0.01): 0.0657
New best smoothed test MSE: 0.0657. Saving best model to experiments/experiment_31354_best.ckpt
Test MSE group_0: 0.0406
Test MSE group_1: 0.0569
Test MSE group_2: nan
Test MSE group_3: nan
Poisson likelihood: 0.0
CE loss: 0.0
train MSE group_0: 0.0394
train MSE group_1: 0.0612
train MSE group_2: nan
train MSE group_3: nan
CE loss (TEST): 0.0
