/Users/benjaminmaurel/Documents/Training_Sanofi/notebooks_hands_on/latent_ode/run_models.py
run_models.py --niters 3000 -n 200 -s 40 -l 10 --dataset PK_Tacro --latent-ode --noise-weight 0.01 --max-t 5. --seed 51 --experiment 15998
Experiment 15998
Epoch 1000 [Test seq (cond on sampled tp)] | Loss 208.020782 | Likelihood -203.959930 | KL fp 7.0564 | FP STD 0.1029|
KL coef: 0.9999522643707747
Train loss (one batch): 200.3596954345703
Train CE loss (one batch): 0.0
Test MSE (raw): 0.0415
Test MSE (smoothed with alpha=0.01): 0.0415
New best smoothed test MSE: 0.0415. Saving best model to experiments/experiment_15998_best.ckpt
Test MSE group_0: 0.0381
Test MSE group_1: 0.0447
Test MSE group_2: nan
Test MSE group_3: nan
Poisson likelihood: 0.0
CE loss: 0.0
train MSE group_0: 0.0386
train MSE group_1: 0.0407
train MSE group_2: nan
train MSE group_3: nan
CE loss (TEST): 0.0
Experiment 15998
Epoch 2000 [Test seq (cond on sampled tp)] | Loss 185.695190 | Likelihood -181.633575 | KL fp 6.7333 | FP STD 0.0705|
KL coef: 0.9999999979391934
Train loss (one batch): 178.88992309570312
Train CE loss (one batch): 0.0
Test MSE (raw): 0.0371
Test MSE (smoothed with alpha=0.01): 0.0415
New best smoothed test MSE: 0.0415. Saving best model to experiments/experiment_15998_best.ckpt
Test MSE group_0: 0.0343
Test MSE group_1: 0.0395
Test MSE group_2: nan
Test MSE group_3: nan
Poisson likelihood: 0.0
CE loss: 0.0
train MSE group_0: 0.0350
train MSE group_1: 0.0357
train MSE group_2: nan
train MSE group_3: nan
CE loss (TEST): 0.0
Experiment 15998
Epoch 3000 [Test seq (cond on sampled tp)] | Loss 175.301041 | Likelihood -172.126450 | KL fp 6.1662 | FP STD 0.0851|
KL coef: 0.9999999999999111
Train loss (one batch): 164.03570556640625
Train CE loss (one batch): 0.0
Test MSE (raw): 0.0352
Test MSE (smoothed with alpha=0.01): 0.0414
New best smoothed test MSE: 0.0414. Saving best model to experiments/experiment_15998_best.ckpt
Test MSE group_0: 0.0331
Test MSE group_1: 0.0370
Test MSE group_2: nan
Test MSE group_3: nan
Poisson likelihood: 0.0
CE loss: 0.0
train MSE group_0: 0.0329
train MSE group_1: 0.0323
train MSE group_2: nan
train MSE group_3: nan
CE loss (TEST): 0.0
