/Users/benjaminmaurel/Documents/Training_Sanofi/notebooks_hands_on/latent_ode/run_models.py
run_models.py --niters 3000 -n 200 -s 40 -l 10 --dataset PK_Tacro --latent-ode --noise-weight 0.01 --max-t 5. --seed 20 --experiment 32352
Experiment 32352
Epoch 1000 [Test seq (cond on sampled tp)] | Loss 176.680359 | Likelihood -174.169357 | KL fp 5.4771 | FP STD 0.1146|
KL coef: 0.9999522643707747
Train loss (one batch): 183.71278381347656
Train CE loss (one batch): 0.0
Test MSE (raw): 0.0356
Test MSE (smoothed with alpha=0.01): 0.0356
New best smoothed test MSE: 0.0356. Saving best model to experiments/experiment_32352_best.ckpt
Test MSE group_0: 0.0318
Test MSE group_1: 0.0393
Test MSE group_2: nan
Test MSE group_3: nan
Poisson likelihood: 0.0
CE loss: 0.0
train MSE group_0: 0.0365
train MSE group_1: 0.0367
train MSE group_2: nan
train MSE group_3: nan
CE loss (TEST): 0.0
Experiment 32352
Epoch 2000 [Test seq (cond on sampled tp)] | Loss 159.712189 | Likelihood -158.482635 | KL fp 5.1296 | FP STD 0.1357|
KL coef: 0.9999999979391934
Train loss (one batch): 165.15606689453125
Train CE loss (one batch): 0.0
Test MSE (raw): 0.0324
Test MSE (smoothed with alpha=0.01): 0.0355
New best smoothed test MSE: 0.0355. Saving best model to experiments/experiment_32352_best.ckpt
Test MSE group_0: 0.0285
Test MSE group_1: 0.0363
Test MSE group_2: nan
Test MSE group_3: nan
Poisson likelihood: 0.0
CE loss: 0.0
train MSE group_0: 0.0318
train MSE group_1: 0.0341
train MSE group_2: nan
train MSE group_3: nan
CE loss (TEST): 0.0
Experiment 32352
Epoch 3000 [Test seq (cond on sampled tp)] | Loss 145.250717 | Likelihood -142.508057 | KL fp 5.3436 | FP STD 0.0869|
KL coef: 0.9999999999999111
Train loss (one batch): 145.79364013671875
Train CE loss (one batch): 0.0
Test MSE (raw): 0.0292
Test MSE (smoothed with alpha=0.01): 0.0355
New best smoothed test MSE: 0.0355. Saving best model to experiments/experiment_32352_best.ckpt
Test MSE group_0: 0.0272
Test MSE group_1: 0.0312
Test MSE group_2: nan
Test MSE group_3: nan
Poisson likelihood: 0.0
CE loss: 0.0
train MSE group_0: 0.0294
train MSE group_1: 0.0288
train MSE group_2: nan
train MSE group_3: nan
CE loss (TEST): 0.0
