/Users/benjaminmaurel/Documents/Training_Sanofi/notebooks_hands_on/latent_ode/run_models.py
run_models.py --niters 3000 -n 200 -s 40 -l 10 --dataset PK_Tacro --latent-ode --noise-weight 0.01 --max-t 5. --seed 32 --experiment 36937
Experiment 36937
Epoch 1000 [Test seq (cond on sampled tp)] | Loss 162.561737 | Likelihood -161.406738 | KL fp 4.0249 | FP STD 0.0839|
KL coef: 0.9999522643707747
Train loss (one batch): 165.8297882080078
Train CE loss (one batch): 0.0
Test MSE (raw): 0.0330
Test MSE (smoothed with alpha=0.01): 0.0330
New best smoothed test MSE: 0.0330. Saving best model to experiments/experiment_36937_best.ckpt
Test MSE group_0: 0.0319
Test MSE group_1: 0.0340
Test MSE group_2: nan
Test MSE group_3: nan
Poisson likelihood: 0.0
CE loss: 0.0
train MSE group_0: 0.0305
train MSE group_1: 0.0358
train MSE group_2: nan
train MSE group_3: nan
CE loss (TEST): 0.0
Experiment 36937
Epoch 2000 [Test seq (cond on sampled tp)] | Loss 151.770737 | Likelihood -151.037979 | KL fp 3.9598 | FP STD 0.0886|
KL coef: 0.9999999979391934
Train loss (one batch): 151.51820373535156
Train CE loss (one batch): 0.0
Test MSE (raw): 0.0309
Test MSE (smoothed with alpha=0.01): 0.0330
New best smoothed test MSE: 0.0330. Saving best model to experiments/experiment_36937_best.ckpt
Test MSE group_0: 0.0315
Test MSE group_1: 0.0305
Test MSE group_2: nan
Test MSE group_3: nan
Poisson likelihood: 0.0
CE loss: 0.0
train MSE group_0: 0.0303
train MSE group_1: 0.0307
train MSE group_2: nan
train MSE group_3: nan
CE loss (TEST): 0.0
Experiment 36937
Epoch 3000 [Test seq (cond on sampled tp)] | Loss 143.384552 | Likelihood -141.963623 | KL fp 4.1213 | FP STD 0.0632|
KL coef: 0.9999999999999111
Train loss (one batch): 139.56298828125
Train CE loss (one batch): 0.0
Test MSE (raw): 0.0291
Test MSE (smoothed with alpha=0.01): 0.0330
New best smoothed test MSE: 0.0330. Saving best model to experiments/experiment_36937_best.ckpt
Test MSE group_0: 0.0285
Test MSE group_1: 0.0298
Test MSE group_2: nan
Test MSE group_3: nan
Poisson likelihood: 0.0
CE loss: 0.0
train MSE group_0: 0.0267
train MSE group_1: 0.0294
train MSE group_2: nan
train MSE group_3: nan
CE loss (TEST): 0.0
