/Users/benjaminmaurel/Documents/Training_Sanofi/notebooks_hands_on/latent_ode/run_models.py
run_models.py --niters 3000 -n 200 -s 40 -l 10 --dataset PK_Tacro --latent-ode --noise-weight 0.01 --max-t 5. --seed 32 --experiment 24684
Experiment 24684
Epoch 1000 [Test seq (cond on sampled tp)] | Loss 199.713364 | Likelihood -198.558350 | KL fp 3.9407 | FP STD 0.1665|
KL coef: 0.9999522643707747
Train loss (one batch): 214.707275390625
Train CE loss (one batch): 0.0
Test MSE (raw): 0.0404
Test MSE (smoothed with alpha=0.01): 0.0404
New best smoothed test MSE: 0.0404. Saving best model to experiments/experiment_24684_best.ckpt
Test MSE group_0: 0.0370
Test MSE group_1: 0.0439
Test MSE group_2: nan
Test MSE group_3: nan
Poisson likelihood: 0.0
CE loss: 0.0
train MSE group_0: 0.0422
train MSE group_1: 0.0440
train MSE group_2: nan
train MSE group_3: nan
CE loss (TEST): 0.0
Experiment 24684
Epoch 2000 [Test seq (cond on sampled tp)] | Loss 193.143829 | Likelihood -192.167099 | KL fp 3.9218 | FP STD 0.1476|
KL coef: 0.9999999979391934
Train loss (one batch): 207.6256866455078
Train CE loss (one batch): 0.0
Test MSE (raw): 0.0392
Test MSE (smoothed with alpha=0.01): 0.0404
New best smoothed test MSE: 0.0404. Saving best model to experiments/experiment_24684_best.ckpt
Test MSE group_0: 0.0362
Test MSE group_1: 0.0421
Test MSE group_2: nan
Test MSE group_3: nan
Poisson likelihood: 0.0
CE loss: 0.0
train MSE group_0: 0.0412
train MSE group_1: 0.0422
train MSE group_2: nan
train MSE group_3: nan
CE loss (TEST): 0.0
Experiment 24684
Epoch 3000 [Test seq (cond on sampled tp)] | Loss 143.370346 | Likelihood -142.444733 | KL fp 3.9354 | FP STD 0.1362|
KL coef: 0.9999999999999111
Train loss (one batch): 145.81646728515625
Train CE loss (one batch): 0.0
Test MSE (raw): 0.0292
Test MSE (smoothed with alpha=0.01): 0.0403
New best smoothed test MSE: 0.0403. Saving best model to experiments/experiment_24684_best.ckpt
Test MSE group_0: 0.0268
Test MSE group_1: 0.0316
Test MSE group_2: nan
Test MSE group_3: nan
Poisson likelihood: 0.0
CE loss: 0.0
train MSE group_0: 0.0292
train MSE group_1: 0.0299
train MSE group_2: nan
train MSE group_3: nan
CE loss (TEST): 0.0
