/Users/benjaminmaurel/Documents/Training_Sanofi/notebooks_hands_on/latent_ode/run_models.py
run_models.py --niters 3000 -n 200 -s 40 -l 10 --dataset PK_Tacro --latent-ode --noise-weight 0.01 --max-t 5. --seed 4 --experiment 40267
Experiment 40267
Epoch 1000 [Test seq (cond on sampled tp)] | Loss 194.725113 | Likelihood -193.912781 | KL fp 4.4051 | FP STD 0.1874|
KL coef: 0.9999522643707747
Train loss (one batch): 159.14479064941406
Train CE loss (one batch): 0.0
Test MSE (raw): 0.0395
Test MSE (smoothed with alpha=0.01): 0.0395
New best smoothed test MSE: 0.0395. Saving best model to experiments/experiment_40267_best.ckpt
Test MSE group_0: 0.0244
Test MSE group_1: 0.0560
Test MSE group_2: nan
Test MSE group_3: nan
Poisson likelihood: 0.0
CE loss: 0.0
train MSE group_0: 0.0209
train MSE group_1: 0.0462
train MSE group_2: nan
train MSE group_3: nan
CE loss (TEST): 0.0
Experiment 40267
Epoch 2000 [Test seq (cond on sampled tp)] | Loss 112.644287 | Likelihood -111.683464 | KL fp 5.3054 | FP STD 0.0902|
KL coef: 0.9999999979391934
Train loss (one batch): 89.79419708251953
Train CE loss (one batch): 0.0
Test MSE (raw): 0.0231
Test MSE (smoothed with alpha=0.01): 0.0394
New best smoothed test MSE: 0.0394. Saving best model to experiments/experiment_40267_best.ckpt
Test MSE group_0: 0.0153
Test MSE group_1: 0.0315
Test MSE group_2: nan
Test MSE group_3: nan
Poisson likelihood: 0.0
CE loss: 0.0
train MSE group_0: 0.0129
train MSE group_1: 0.0286
train MSE group_2: nan
train MSE group_3: nan
CE loss (TEST): 0.0
Experiment 40267
Epoch 3000 [Test seq (cond on sampled tp)] | Loss 99.536034 | Likelihood -97.801575 | KL fp 5.3883 | FP STD 0.0885|
KL coef: 0.9999999999999111
Train loss (one batch): 79.64471435546875
Train CE loss (one batch): 0.0
Test MSE (raw): 0.0203
Test MSE (smoothed with alpha=0.01): 0.0392
New best smoothed test MSE: 0.0392. Saving best model to experiments/experiment_40267_best.ckpt
Test MSE group_0: 0.0146
Test MSE group_1: 0.0265
Test MSE group_2: nan
Test MSE group_3: nan
Poisson likelihood: 0.0
CE loss: 0.0
train MSE group_0: 0.0123
train MSE group_1: 0.0201
train MSE group_2: nan
train MSE group_3: nan
CE loss (TEST): 0.0
