/Users/benjaminmaurel/Documents/Training_Sanofi/notebooks_hands_on/latent_ode/run_models.py
run_models.py --niters 3000 -n 200 -s 40 -l 10 --dataset PK_Tacro --latent-ode --noise-weight 0.01 --max-t 5. --seed 149 --experiment 28388
Experiment 28388
Epoch 1000 [Test seq (cond on sampled tp)] | Loss 172.315735 | Likelihood -171.573425 | KL fp 4.0753 | FP STD 0.1459|
KL coef: 0.9999522643707747
Train loss (one batch): 183.9215850830078
Train CE loss (one batch): 0.0
Test MSE (raw): 0.0351
Test MSE (smoothed with alpha=0.01): 0.0351
New best smoothed test MSE: 0.0351. Saving best model to experiments/experiment_28388_best.ckpt
Test MSE group_0: 0.0313
Test MSE group_1: 0.0387
Test MSE group_2: nan
Test MSE group_3: nan
Poisson likelihood: 0.0
CE loss: 0.0
train MSE group_0: 0.0336
train MSE group_1: 0.0414
train MSE group_2: nan
train MSE group_3: nan
CE loss (TEST): 0.0
Experiment 28388
Epoch 2000 [Test seq (cond on sampled tp)] | Loss 154.747787 | Likelihood -153.088608 | KL fp 4.5284 | FP STD 0.0933|
KL coef: 0.9999999979391934
Train loss (one batch): 160.83912658691406
Train CE loss (one batch): 0.0
Test MSE (raw): 0.0314
Test MSE (smoothed with alpha=0.01): 0.0350
New best smoothed test MSE: 0.0350. Saving best model to experiments/experiment_28388_best.ckpt
Test MSE group_0: 0.0291
Test MSE group_1: 0.0336
Test MSE group_2: nan
Test MSE group_3: nan
Poisson likelihood: 0.0
CE loss: 0.0
train MSE group_0: 0.0304
train MSE group_1: 0.0346
train MSE group_2: nan
train MSE group_3: nan
CE loss (TEST): 0.0
Experiment 28388
Epoch 3000 [Test seq (cond on sampled tp)] | Loss 156.383331 | Likelihood -154.588425 | KL fp 4.6410 | FP STD 0.1088|
KL coef: 0.9999999999999111
Train loss (one batch): 163.95338439941406
Train CE loss (one batch): 0.0
Test MSE (raw): 0.0317
Test MSE (smoothed with alpha=0.01): 0.0350
New best smoothed test MSE: 0.0350. Saving best model to experiments/experiment_28388_best.ckpt
Test MSE group_0: 0.0296
Test MSE group_1: 0.0337
Test MSE group_2: nan
Test MSE group_3: nan
Poisson likelihood: 0.0
CE loss: 0.0
train MSE group_0: 0.0311
train MSE group_1: 0.0349
train MSE group_2: nan
train MSE group_3: nan
CE loss (TEST): 0.0
