/Users/benjaminmaurel/Documents/Training_Sanofi/notebooks_hands_on/latent_ode/run_models.py
run_models.py --niters 3000 -n 200 -s 40 -l 10 --dataset PK_Tacro --latent-ode --noise-weight 0.01 --max-t 5. --seed 163 --experiment 27673
Experiment 27673
Epoch 1000 [Test seq (cond on sampled tp)] | Loss 154.571198 | Likelihood -151.675232 | KL fp 5.6896 | FP STD 0.1167|
KL coef: 0.9999522643707747
Train loss (one batch): 161.17807006835938
Train CE loss (one batch): 0.0
Test MSE (raw): 0.0311
Test MSE (smoothed with alpha=0.01): 0.0311
New best smoothed test MSE: 0.0311. Saving best model to experiments/experiment_27673_best.ckpt
Test MSE group_0: 0.0287
Test MSE group_1: 0.0335
Test MSE group_2: nan
Test MSE group_3: nan
Poisson likelihood: 0.0
CE loss: 0.0
train MSE group_0: 0.0308
train MSE group_1: 0.0331
train MSE group_2: nan
train MSE group_3: nan
CE loss (TEST): 0.0
Experiment 27673
Epoch 2000 [Test seq (cond on sampled tp)] | Loss 134.662018 | Likelihood -132.442963 | KL fp 5.2272 | FP STD 0.1184|
KL coef: 0.9999999979391934
Train loss (one batch): 143.09556579589844
Train CE loss (one batch): 0.0
Test MSE (raw): 0.0272
Test MSE (smoothed with alpha=0.01): 0.0310
New best smoothed test MSE: 0.0310. Saving best model to experiments/experiment_27673_best.ckpt
Test MSE group_0: 0.0251
Test MSE group_1: 0.0294
Test MSE group_2: nan
Test MSE group_3: nan
Poisson likelihood: 0.0
CE loss: 0.0
train MSE group_0: 0.0269
train MSE group_1: 0.0302
train MSE group_2: nan
train MSE group_3: nan
CE loss (TEST): 0.0
Experiment 27673
Epoch 3000 [Test seq (cond on sampled tp)] | Loss 125.046204 | Likelihood -122.643639 | KL fp 5.2606 | FP STD 0.0833|
KL coef: 0.9999999999999111
Train loss (one batch): 131.38214111328125
Train CE loss (one batch): 0.0
Test MSE (raw): 0.0253
Test MSE (smoothed with alpha=0.01): 0.0310
New best smoothed test MSE: 0.0310. Saving best model to experiments/experiment_27673_best.ckpt
Test MSE group_0: 0.0241
Test MSE group_1: 0.0264
Test MSE group_2: nan
Test MSE group_3: nan
Poisson likelihood: 0.0
CE loss: 0.0
train MSE group_0: 0.0252
train MSE group_1: 0.0270
train MSE group_2: nan
train MSE group_3: nan
CE loss (TEST): 0.0
