/Users/benjaminmaurel/Documents/Training_Sanofi/notebooks_hands_on/latent_ode/run_models.py
run_models.py --niters 3000 -n 200 -s 40 -l 10 --dataset PK_Tacro --latent-ode --noise-weight 0.01 --max-t 5. --seed 5 --experiment 20113
Experiment 20113
Epoch 1000 [Test seq (cond on sampled tp)] | Loss 211.428635 | Likelihood -210.691711 | KL fp 4.3548 | FP STD 0.2367|
KL coef: 0.9999522643707747
Train loss (one batch): 202.8837127685547
Train CE loss (one batch): 0.0
Test MSE (raw): 0.0429
Test MSE (smoothed with alpha=0.01): 0.0429
New best smoothed test MSE: 0.0429. Saving best model to experiments/experiment_20113_best.ckpt
Test MSE group_0: 0.0380
Test MSE group_1: 0.0472
Test MSE group_2: nan
Test MSE group_3: nan
Poisson likelihood: 0.0
CE loss: 0.0
train MSE group_0: 0.0363
train MSE group_1: 0.0448
train MSE group_2: nan
train MSE group_3: nan
CE loss (TEST): 0.0
Experiment 20113
Epoch 2000 [Test seq (cond on sampled tp)] | Loss 192.343216 | Likelihood -190.280579 | KL fp 4.6834 | FP STD 0.1786|
KL coef: 0.9999999979391934
Train loss (one batch): 182.82936096191406
Train CE loss (one batch): 0.0
Test MSE (raw): 0.0388
Test MSE (smoothed with alpha=0.01): 0.0428
New best smoothed test MSE: 0.0428. Saving best model to experiments/experiment_20113_best.ckpt
Test MSE group_0: 0.0366
Test MSE group_1: 0.0407
Test MSE group_2: nan
Test MSE group_3: nan
Poisson likelihood: 0.0
CE loss: 0.0
train MSE group_0: 0.0340
train MSE group_1: 0.0391
train MSE group_2: nan
train MSE group_3: nan
CE loss (TEST): 0.0
Experiment 20113
Epoch 3000 [Test seq (cond on sampled tp)] | Loss 184.498077 | Likelihood -182.409912 | KL fp 4.6184 | FP STD 0.1707|
KL coef: 0.9999999999999111
Train loss (one batch): 174.91787719726562
Train CE loss (one batch): 0.0
Test MSE (raw): 0.0372
Test MSE (smoothed with alpha=0.01): 0.0428
New best smoothed test MSE: 0.0428. Saving best model to experiments/experiment_20113_best.ckpt
Test MSE group_0: 0.0359
Test MSE group_1: 0.0384
Test MSE group_2: nan
Test MSE group_3: nan
Poisson likelihood: 0.0
CE loss: 0.0
train MSE group_0: 0.0333
train MSE group_1: 0.0368
train MSE group_2: nan
train MSE group_3: nan
CE loss (TEST): 0.0
