/Users/benjaminmaurel/Documents/Training_Sanofi/notebooks_hands_on/latent_ode/run_models.py
run_models.py --niters 3000 -n 200 -s 40 -l 10 --dataset PK_Tacro --latent-ode --noise-weight 0.01 --max-t 5. --seed 24 --experiment 41174
Experiment 41174
Epoch 1000 [Test seq (cond on sampled tp)] | Loss 192.882828 | Likelihood -190.497833 | KL fp 5.5553 | FP STD 0.2851|
KL coef: 0.9999522643707747
Train loss (one batch): 187.657470703125
Train CE loss (one batch): 0.0
Test MSE (raw): 0.0388
Test MSE (smoothed with alpha=0.01): 0.0388
New best smoothed test MSE: 0.0388. Saving best model to experiments/experiment_41174_best.ckpt
Test MSE group_0: 0.0358
Test MSE group_1: 0.0415
Test MSE group_2: nan
Test MSE group_3: nan
Poisson likelihood: 0.0
CE loss: 0.0
train MSE group_0: 0.0382
train MSE group_1: 0.0365
train MSE group_2: nan
train MSE group_3: nan
CE loss (TEST): 0.0
Experiment 41174
Epoch 2000 [Test seq (cond on sampled tp)] | Loss 178.903351 | Likelihood -175.729004 | KL fp 5.6559 | FP STD 0.2081|
KL coef: 0.9999999979391934
Train loss (one batch): 171.52203369140625
Train CE loss (one batch): 0.0
Test MSE (raw): 0.0359
Test MSE (smoothed with alpha=0.01): 0.0388
New best smoothed test MSE: 0.0388. Saving best model to experiments/experiment_41174_best.ckpt
Test MSE group_0: 0.0336
Test MSE group_1: 0.0380
Test MSE group_2: nan
Test MSE group_3: nan
Poisson likelihood: 0.0
CE loss: 0.0
train MSE group_0: 0.0354
train MSE group_1: 0.0326
train MSE group_2: nan
train MSE group_3: nan
CE loss (TEST): 0.0
Experiment 41174
Epoch 3000 [Test seq (cond on sampled tp)] | Loss 176.167694 | Likelihood -174.765594 | KL fp 5.3641 | FP STD 0.2429|
KL coef: 0.9999999999999111
Train loss (one batch): 168.63607788085938
Train CE loss (one batch): 0.0
Test MSE (raw): 0.0357
Test MSE (smoothed with alpha=0.01): 0.0388
New best smoothed test MSE: 0.0388. Saving best model to experiments/experiment_41174_best.ckpt
Test MSE group_0: 0.0333
Test MSE group_1: 0.0378
Test MSE group_2: nan
Test MSE group_3: nan
Poisson likelihood: 0.0
CE loss: 0.0
train MSE group_0: 0.0345
train MSE group_1: 0.0327
train MSE group_2: nan
train MSE group_3: nan
CE loss (TEST): 0.0
