/Users/benjaminmaurel/Documents/Training_Sanofi/notebooks_hands_on/latent_ode/run_models.py
run_models.py --niters 3000 -n 200 -s 40 -l 10 --dataset PK_Tacro --latent-ode --noise-weight 0.01 --max-t 5. --seed 32 --experiment 24256
Experiment 24256
Epoch 1000 [Test seq (cond on sampled tp)] | Loss 169.070145 | Likelihood -168.833923 | KL fp 4.1239 | FP STD 0.1164|
KL coef: 0.9999522643707747
Train loss (one batch): 174.66976928710938
Train CE loss (one batch): 0.0
Test MSE (raw): 0.0345
Test MSE (smoothed with alpha=0.01): 0.0345
New best smoothed test MSE: 0.0345. Saving best model to experiments/experiment_24256_best.ckpt
Test MSE group_0: 0.0312
Test MSE group_1: 0.0382
Test MSE group_2: nan
Test MSE group_3: nan
Poisson likelihood: 0.0
CE loss: 0.0
train MSE group_0: 0.0321
train MSE group_1: 0.0386
train MSE group_2: nan
train MSE group_3: nan
CE loss (TEST): 0.0
Experiment 24256
Epoch 2000 [Test seq (cond on sampled tp)] | Loss 144.668137 | Likelihood -143.286346 | KL fp 4.2694 | FP STD 0.0753|
KL coef: 0.9999999979391934
Train loss (one batch): 146.86190795898438
Train CE loss (one batch): 0.0
Test MSE (raw): 0.0294
Test MSE (smoothed with alpha=0.01): 0.0345
New best smoothed test MSE: 0.0345. Saving best model to experiments/experiment_24256_best.ckpt
Test MSE group_0: 0.0274
Test MSE group_1: 0.0316
Test MSE group_2: nan
Test MSE group_3: nan
Poisson likelihood: 0.0
CE loss: 0.0
train MSE group_0: 0.0281
train MSE group_1: 0.0310
train MSE group_2: nan
train MSE group_3: nan
CE loss (TEST): 0.0
Experiment 24256
Epoch 3000 [Test seq (cond on sampled tp)] | Loss 139.577621 | Likelihood -138.027206 | KL fp 4.4375 | FP STD 0.0660|
KL coef: 0.9999999999999111
Train loss (one batch): 136.01605224609375
Train CE loss (one batch): 0.0
Test MSE (raw): 0.0283
Test MSE (smoothed with alpha=0.01): 0.0344
New best smoothed test MSE: 0.0344. Saving best model to experiments/experiment_24256_best.ckpt
Test MSE group_0: 0.0269
Test MSE group_1: 0.0299
Test MSE group_2: nan
Test MSE group_3: nan
Poisson likelihood: 0.0
CE loss: 0.0
train MSE group_0: 0.0261
train MSE group_1: 0.0286
train MSE group_2: nan
train MSE group_3: nan
CE loss (TEST): 0.0
