/Users/benjaminmaurel/Documents/Training_Sanofi/notebooks_hands_on/latent_ode/run_models.py
run_models.py --niters 3000 -n 200 -s 40 -l 10 --dataset PK_Tacro --latent-ode --noise-weight 0.01 --max-t 5. --seed 196 --experiment 42250
Experiment 42250
Epoch 1000 [Test seq (cond on sampled tp)] | Loss 179.086090 | Likelihood -177.257706 | KL fp 5.9146 | FP STD 0.1733|
KL coef: 0.9999522643707747
Train loss (one batch): 179.52291870117188
Train CE loss (one batch): 0.0
Test MSE (raw): 0.0362
Test MSE (smoothed with alpha=0.01): 0.0362
New best smoothed test MSE: 0.0362. Saving best model to experiments/experiment_42250_best.ckpt
Test MSE group_0: 0.0308
Test MSE group_1: 0.0415
Test MSE group_2: nan
Test MSE group_3: nan
Poisson likelihood: 0.0
CE loss: 0.0
train MSE group_0: 0.0315
train MSE group_1: 0.0404
train MSE group_2: nan
train MSE group_3: nan
CE loss (TEST): 0.0
Experiment 42250
Epoch 2000 [Test seq (cond on sampled tp)] | Loss 167.942673 | Likelihood -165.006866 | KL fp 5.9753 | FP STD 0.1987|
KL coef: 0.9999999979391934
Train loss (one batch): 165.70562744140625
Train CE loss (one batch): 0.0
Test MSE (raw): 0.0337
Test MSE (smoothed with alpha=0.01): 0.0362
New best smoothed test MSE: 0.0362. Saving best model to experiments/experiment_42250_best.ckpt
Test MSE group_0: 0.0301
Test MSE group_1: 0.0373
Test MSE group_2: nan
Test MSE group_3: nan
Poisson likelihood: 0.0
CE loss: 0.0
train MSE group_0: 0.0304
train MSE group_1: 0.0357
train MSE group_2: nan
train MSE group_3: nan
CE loss (TEST): 0.0
Experiment 42250
Epoch 3000 [Test seq (cond on sampled tp)] | Loss 161.962936 | Likelihood -159.167450 | KL fp 5.7462 | FP STD 0.1692|
KL coef: 0.9999999999999111
Train loss (one batch): 157.5198211669922
Train CE loss (one batch): 0.0
Test MSE (raw): 0.0326
Test MSE (smoothed with alpha=0.01): 0.0361
New best smoothed test MSE: 0.0361. Saving best model to experiments/experiment_42250_best.ckpt
Test MSE group_0: 0.0297
Test MSE group_1: 0.0354
Test MSE group_2: nan
Test MSE group_3: nan
Poisson likelihood: 0.0
CE loss: 0.0
train MSE group_0: 0.0291
train MSE group_1: 0.0338
train MSE group_2: nan
train MSE group_3: nan
CE loss (TEST): 0.0
