/Users/benjaminmaurel/Documents/Training_Sanofi/notebooks_hands_on/latent_ode/run_models.py
run_models.py --niters 3000 -n 200 -s 40 -l 10 --dataset PK_Tacro --latent-ode --noise-weight 0.01 --max-t 5. --seed 2 --experiment 32605
Experiment 32605
Epoch 1000 [Test seq (cond on sampled tp)] | Loss 161.520889 | Likelihood -159.544525 | KL fp 5.7623 | FP STD 0.1572|
KL coef: 0.9999522643707747
Train loss (one batch): 150.83506774902344
Train CE loss (one batch): 0.0
Test MSE (raw): 0.0326
Test MSE (smoothed with alpha=0.01): 0.0326
New best smoothed test MSE: 0.0326. Saving best model to experiments/experiment_32605_best.ckpt
Test MSE group_0: 0.0280
Test MSE group_1: 0.0370
Test MSE group_2: nan
Test MSE group_3: nan
Poisson likelihood: 0.0
CE loss: 0.0
train MSE group_0: 0.0245
train MSE group_1: 0.0355
train MSE group_2: nan
train MSE group_3: nan
CE loss (TEST): 0.0
Experiment 32605
Epoch 2000 [Test seq (cond on sampled tp)] | Loss 149.725449 | Likelihood -146.715195 | KL fp 5.7548 | FP STD 0.1212|
KL coef: 0.9999999979391934
Train loss (one batch): 135.1311798095703
Train CE loss (one batch): 0.0
Test MSE (raw): 0.0301
Test MSE (smoothed with alpha=0.01): 0.0326
New best smoothed test MSE: 0.0326. Saving best model to experiments/experiment_32605_best.ckpt
Test MSE group_0: 0.0271
Test MSE group_1: 0.0328
Test MSE group_2: nan
Test MSE group_3: nan
Poisson likelihood: 0.0
CE loss: 0.0
train MSE group_0: 0.0228
train MSE group_1: 0.0312
train MSE group_2: nan
train MSE group_3: nan
CE loss (TEST): 0.0
Experiment 32605
Epoch 3000 [Test seq (cond on sampled tp)] | Loss 147.986328 | Likelihood -144.989105 | KL fp 5.5220 | FP STD 0.1376|
KL coef: 0.9999999999999111
Train loss (one batch): 132.6739959716797
Train CE loss (one batch): 0.0
Test MSE (raw): 0.0297
Test MSE (smoothed with alpha=0.01): 0.0326
New best smoothed test MSE: 0.0326. Saving best model to experiments/experiment_32605_best.ckpt
Test MSE group_0: 0.0271
Test MSE group_1: 0.0322
Test MSE group_2: nan
Test MSE group_3: nan
Poisson likelihood: 0.0
CE loss: 0.0
train MSE group_0: 0.0225
train MSE group_1: 0.0304
train MSE group_2: nan
train MSE group_3: nan
CE loss (TEST): 0.0
