/Users/benjaminmaurel/Documents/Training_Sanofi/notebooks_hands_on/latent_ode/run_models.py
run_models.py --niters 3000 -n 200 -s 40 -l 10 --dataset PK_Tacro --latent-ode --noise-weight 0.01 --max-t 5. --seed 160 --experiment 11006
Experiment 11006
Epoch 1000 [Test seq (cond on sampled tp)] | Loss 168.155518 | Likelihood -166.759186 | KL fp 4.6484 | FP STD 0.0885|
KL coef: 0.9999522643707747
Train loss (one batch): 162.4371337890625
Train CE loss (one batch): 0.0
Test MSE (raw): 0.0341
Test MSE (smoothed with alpha=0.01): 0.0341
New best smoothed test MSE: 0.0341. Saving best model to experiments/experiment_11006_best.ckpt
Test MSE group_0: 0.0292
Test MSE group_1: 0.0390
Test MSE group_2: nan
Test MSE group_3: nan
Poisson likelihood: 0.0
CE loss: 0.0
train MSE group_0: 0.0281
train MSE group_1: 0.0373
train MSE group_2: nan
train MSE group_3: nan
CE loss (TEST): 0.0
Experiment 11006
Epoch 2000 [Test seq (cond on sampled tp)] | Loss 169.681274 | Likelihood -169.021057 | KL fp 4.9307 | FP STD 0.1357|
KL coef: 0.9999999979391934
Train loss (one batch): 167.15097045898438
Train CE loss (one batch): 0.0
Test MSE (raw): 0.0345
Test MSE (smoothed with alpha=0.01): 0.0341
Smoothed Test MSE did not improve. Early stopping counter: 1/10000
Test MSE group_0: 0.0330
Test MSE group_1: 0.0361
Test MSE group_2: nan
Test MSE group_3: nan
Poisson likelihood: 0.0
CE loss: 0.0
train MSE group_0: 0.0321
train MSE group_1: 0.0352
train MSE group_2: nan
train MSE group_3: nan
CE loss (TEST): 0.0
Experiment 11006
Epoch 3000 [Test seq (cond on sampled tp)] | Loss 158.203156 | Likelihood -156.194931 | KL fp 4.9408 | FP STD 0.1016|
KL coef: 0.9999999999999111
Train loss (one batch): 153.12889099121094
Train CE loss (one batch): 0.0
Test MSE (raw): 0.0320
Test MSE (smoothed with alpha=0.01): 0.0341
New best smoothed test MSE: 0.0341. Saving best model to experiments/experiment_11006_best.ckpt
Test MSE group_0: 0.0300
Test MSE group_1: 0.0339
Test MSE group_2: nan
Test MSE group_3: nan
Poisson likelihood: 0.0
CE loss: 0.0
train MSE group_0: 0.0287
train MSE group_1: 0.0326
train MSE group_2: nan
train MSE group_3: nan
CE loss (TEST): 0.0
