/Users/benjaminmaurel/Documents/Training_Sanofi/notebooks_hands_on/latent_ode/run_models.py
run_models.py --niters 3000 -n 200 -s 40 -l 10 --dataset PK_Tacro --latent-ode --noise-weight 0.01 --max-t 5. --seed 15 --experiment 37654
Experiment 37654
Epoch 1000 [Test seq (cond on sampled tp)] | Loss 247.217499 | Likelihood -243.205933 | KL fp 6.7945 | FP STD 0.2211|
KL coef: 0.9999522643707747
Train loss (one batch): 216.72146606445312
Train CE loss (one batch): 0.0
Test MSE (raw): 0.0494
Test MSE (smoothed with alpha=0.01): 0.0494
New best smoothed test MSE: 0.0494. Saving best model to experiments/experiment_37654_best.ckpt
Test MSE group_0: 0.0399
Test MSE group_1: 0.0578
Test MSE group_2: nan
Test MSE group_3: nan
Poisson likelihood: 0.0
CE loss: 0.0
train MSE group_0: 0.0399
train MSE group_1: 0.0469
train MSE group_2: nan
train MSE group_3: nan
CE loss (TEST): 0.0
Experiment 37654
Epoch 2000 [Test seq (cond on sampled tp)] | Loss 239.993134 | Likelihood -237.006317 | KL fp 6.1590 | FP STD 0.1659|
KL coef: 0.9999999979391934
Train loss (one batch): 211.72891235351562
Train CE loss (one batch): 0.0
Test MSE (raw): 0.0481
Test MSE (smoothed with alpha=0.01): 0.0494
New best smoothed test MSE: 0.0494. Saving best model to experiments/experiment_37654_best.ckpt
Test MSE group_0: 0.0397
Test MSE group_1: 0.0556
Test MSE group_2: nan
Test MSE group_3: nan
Poisson likelihood: 0.0
CE loss: 0.0
train MSE group_0: 0.0398
train MSE group_1: 0.0450
train MSE group_2: nan
train MSE group_3: nan
CE loss (TEST): 0.0
Experiment 37654
Epoch 3000 [Test seq (cond on sampled tp)] | Loss 196.743866 | Likelihood -193.991928 | KL fp 5.7599 | FP STD 0.1154|
KL coef: 0.9999999999999111
Train loss (one batch): 177.53631591796875
Train CE loss (one batch): 0.0
Test MSE (raw): 0.0395
Test MSE (smoothed with alpha=0.01): 0.0493
New best smoothed test MSE: 0.0493. Saving best model to experiments/experiment_37654_best.ckpt
Test MSE group_0: 0.0352
Test MSE group_1: 0.0434
Test MSE group_2: nan
Test MSE group_3: nan
Poisson likelihood: 0.0
CE loss: 0.0
train MSE group_0: 0.0342
train MSE group_1: 0.0367
train MSE group_2: nan
train MSE group_3: nan
CE loss (TEST): 0.0
