/Users/benjaminmaurel/Documents/Training_Sanofi/notebooks_hands_on/latent_ode/run_models.py
run_models.py --niters 3000 -n 200 -s 40 -l 10 --dataset PK_Tacro --latent-ode --noise-weight 0.01 --max-t 5. --seed 140 --experiment 22925
Experiment 22925
Epoch 1000 [Test seq (cond on sampled tp)] | Loss 228.257202 | Likelihood -225.416870 | KL fp 7.1954 | FP STD 0.2329|
KL coef: 0.9999522643707747
Train loss (one batch): 262.00384521484375
Train CE loss (one batch): 0.0
Test MSE (raw): 0.0458
Test MSE (smoothed with alpha=0.01): 0.0458
New best smoothed test MSE: 0.0458. Saving best model to experiments/experiment_22925_best.ckpt
Test MSE group_0: 0.0412
Test MSE group_1: 0.0504
Test MSE group_2: nan
Test MSE group_3: nan
Poisson likelihood: 0.0
CE loss: 0.0
train MSE group_0: 0.0492
train MSE group_1: 0.0559
train MSE group_2: nan
train MSE group_3: nan
CE loss (TEST): 0.0
Experiment 22925
Epoch 2000 [Test seq (cond on sampled tp)] | Loss 164.803543 | Likelihood -161.683701 | KL fp 6.7983 | FP STD 0.1978|
KL coef: 0.9999999979391934
Train loss (one batch): 180.4742889404297
Train CE loss (one batch): 0.0
Test MSE (raw): 0.0331
Test MSE (smoothed with alpha=0.01): 0.0457
New best smoothed test MSE: 0.0457. Saving best model to experiments/experiment_22925_best.ckpt
Test MSE group_0: 0.0304
Test MSE group_1: 0.0357
Test MSE group_2: nan
Test MSE group_3: nan
Poisson likelihood: 0.0
CE loss: 0.0
train MSE group_0: 0.0312
train MSE group_1: 0.0403
train MSE group_2: nan
train MSE group_3: nan
CE loss (TEST): 0.0
Experiment 22925
Epoch 3000 [Test seq (cond on sampled tp)] | Loss 156.844315 | Likelihood -153.446091 | KL fp 6.3529 | FP STD 0.1668|
KL coef: 0.9999999999999111
Train loss (one batch): 170.63746643066406
Train CE loss (one batch): 0.0
Test MSE (raw): 0.0314
Test MSE (smoothed with alpha=0.01): 0.0456
New best smoothed test MSE: 0.0456. Saving best model to experiments/experiment_22925_best.ckpt
Test MSE group_0: 0.0294
Test MSE group_1: 0.0334
Test MSE group_2: nan
Test MSE group_3: nan
Poisson likelihood: 0.0
CE loss: 0.0
train MSE group_0: 0.0302
train MSE group_1: 0.0376
train MSE group_2: nan
train MSE group_3: nan
CE loss (TEST): 0.0
