/Users/benjaminmaurel/Documents/Training_Sanofi/notebooks_hands_on/latent_ode/run_models.py
run_models.py --niters 3000 -n 200 -s 40 -l 10 --dataset PK_Tacro --latent-ode --noise-weight 0.01 --max-t 5. --seed 115 --experiment 24633
Experiment 24633
Epoch 1000 [Test seq (cond on sampled tp)] | Loss 158.506409 | Likelihood -157.256714 | KL fp 5.1971 | FP STD 0.1016|
KL coef: 0.9999522643707747
Train loss (one batch): 161.8154754638672
Train CE loss (one batch): 0.0
Test MSE (raw): 0.0322
Test MSE (smoothed with alpha=0.01): 0.0322
New best smoothed test MSE: 0.0322. Saving best model to experiments/experiment_24633_best.ckpt
Test MSE group_0: 0.0284
Test MSE group_1: 0.0359
Test MSE group_2: nan
Test MSE group_3: nan
Poisson likelihood: 0.0
CE loss: 0.0
train MSE group_0: 0.0288
train MSE group_1: 0.0362
train MSE group_2: nan
train MSE group_3: nan
CE loss (TEST): 0.0
Experiment 24633
Epoch 2000 [Test seq (cond on sampled tp)] | Loss 145.115799 | Likelihood -142.799240 | KL fp 4.8727 | FP STD 0.0766|
KL coef: 0.9999999979391934
Train loss (one batch): 148.5504913330078
Train CE loss (one batch): 0.0
Test MSE (raw): 0.0293
Test MSE (smoothed with alpha=0.01): 0.0322
New best smoothed test MSE: 0.0322. Saving best model to experiments/experiment_24633_best.ckpt
Test MSE group_0: 0.0281
Test MSE group_1: 0.0304
Test MSE group_2: nan
Test MSE group_3: nan
Poisson likelihood: 0.0
CE loss: 0.0
train MSE group_0: 0.0279
train MSE group_1: 0.0314
train MSE group_2: nan
train MSE group_3: nan
CE loss (TEST): 0.0
Experiment 24633
Epoch 3000 [Test seq (cond on sampled tp)] | Loss 140.409332 | Likelihood -137.890900 | KL fp 5.0594 | FP STD 0.0667|
KL coef: 0.9999999999999111
Train loss (one batch): 142.96331787109375
Train CE loss (one batch): 0.0
Test MSE (raw): 0.0283
Test MSE (smoothed with alpha=0.01): 0.0321
New best smoothed test MSE: 0.0321. Saving best model to experiments/experiment_24633_best.ckpt
Test MSE group_0: 0.0275
Test MSE group_1: 0.0292
Test MSE group_2: nan
Test MSE group_3: nan
Poisson likelihood: 0.0
CE loss: 0.0
train MSE group_0: 0.0275
train MSE group_1: 0.0296
train MSE group_2: nan
train MSE group_3: nan
CE loss (TEST): 0.0
