/Users/benjaminmaurel/Documents/Training_Sanofi/notebooks_hands_on/latent_ode/run_models.py
run_models.py --niters 3000 -n 200 -s 40 -l 10 --dataset PK_Tacro --latent-ode --noise-weight 0.01 --max-t 5. --seed 102 --experiment 20171
Experiment 20171
Epoch 1000 [Test seq (cond on sampled tp)] | Loss 204.064392 | Likelihood -201.085327 | KL fp 5.7075 | FP STD 0.1254|
KL coef: 0.9999522643707747
Train loss (one batch): 190.21556091308594
Train CE loss (one batch): 0.0
Test MSE (raw): 0.0410
Test MSE (smoothed with alpha=0.01): 0.0410
New best smoothed test MSE: 0.0410. Saving best model to experiments/experiment_20171_best.ckpt
Test MSE group_0: 0.0331
Test MSE group_1: 0.0488
Test MSE group_2: nan
Test MSE group_3: nan
Poisson likelihood: 0.0
CE loss: 0.0
train MSE group_0: 0.0323
train MSE group_1: 0.0431
train MSE group_2: nan
train MSE group_3: nan
CE loss (TEST): 0.0
Experiment 20171
Epoch 2000 [Test seq (cond on sampled tp)] | Loss 175.889542 | Likelihood -173.722641 | KL fp 5.6301 | FP STD 0.1173|
KL coef: 0.9999999979391934
Train loss (one batch): 164.65402221679688
Train CE loss (one batch): 0.0
Test MSE (raw): 0.0355
Test MSE (smoothed with alpha=0.01): 0.0409
New best smoothed test MSE: 0.0409. Saving best model to experiments/experiment_20171_best.ckpt
Test MSE group_0: 0.0311
Test MSE group_1: 0.0398
Test MSE group_2: nan
Test MSE group_3: nan
Poisson likelihood: 0.0
CE loss: 0.0
train MSE group_0: 0.0301
train MSE group_1: 0.0354
train MSE group_2: nan
train MSE group_3: nan
CE loss (TEST): 0.0
Experiment 20171
Epoch 3000 [Test seq (cond on sampled tp)] | Loss 166.798553 | Likelihood -164.637238 | KL fp 5.6069 | FP STD 0.1129|
KL coef: 0.9999999999999111
Train loss (one batch): 156.19692993164062
Train CE loss (one batch): 0.0
Test MSE (raw): 0.0337
Test MSE (smoothed with alpha=0.01): 0.0408
New best smoothed test MSE: 0.0408. Saving best model to experiments/experiment_20171_best.ckpt
Test MSE group_0: 0.0307
Test MSE group_1: 0.0366
Test MSE group_2: nan
Test MSE group_3: nan
Poisson likelihood: 0.0
CE loss: 0.0
train MSE group_0: 0.0295
train MSE group_1: 0.0326
train MSE group_2: nan
train MSE group_3: nan
CE loss (TEST): 0.0
