/Users/benjaminmaurel/Documents/Training_Sanofi/notebooks_hands_on/latent_ode/run_models.py
run_models.py --niters 3000 -n 200 -s 40 -l 10 --dataset PK_Tacro --latent-ode --noise-weight 0.01 --max-t 5. --seed 16 --experiment 23754
Experiment 23754
Epoch 1000 [Test seq (cond on sampled tp)] | Loss 169.905289 | Likelihood -168.992783 | KL fp 5.3062 | FP STD 0.1874|
KL coef: 0.9999522643707747
Train loss (one batch): 163.99502563476562
Train CE loss (one batch): 0.0
Test MSE (raw): 0.0345
Test MSE (smoothed with alpha=0.01): 0.0345
New best smoothed test MSE: 0.0345. Saving best model to experiments/experiment_23754_best.ckpt
Test MSE group_0: 0.0323
Test MSE group_1: 0.0370
Test MSE group_2: nan
Test MSE group_3: nan
Poisson likelihood: 0.0
CE loss: 0.0
train MSE group_0: 0.0317
train MSE group_1: 0.0341
train MSE group_2: nan
train MSE group_3: nan
CE loss (TEST): 0.0
Experiment 23754
Epoch 2000 [Test seq (cond on sampled tp)] | Loss 150.304901 | Likelihood -146.955597 | KL fp 5.7849 | FP STD 0.0937|
KL coef: 0.9999999979391934
Train loss (one batch): 138.8009796142578
Train CE loss (one batch): 0.0
Test MSE (raw): 0.0301
Test MSE (smoothed with alpha=0.01): 0.0345
New best smoothed test MSE: 0.0345. Saving best model to experiments/experiment_23754_best.ckpt
Test MSE group_0: 0.0281
Test MSE group_1: 0.0324
Test MSE group_2: nan
Test MSE group_3: nan
Poisson likelihood: 0.0
CE loss: 0.0
train MSE group_0: 0.0269
train MSE group_1: 0.0283
train MSE group_2: nan
train MSE group_3: nan
CE loss (TEST): 0.0
Experiment 23754
Epoch 3000 [Test seq (cond on sampled tp)] | Loss 144.225098 | Likelihood -141.545639 | KL fp 5.3348 | FP STD 0.1260|
KL coef: 0.9999999999999111
Train loss (one batch): 132.837890625
Train CE loss (one batch): 0.0
Test MSE (raw): 0.0290
Test MSE (smoothed with alpha=0.01): 0.0344
New best smoothed test MSE: 0.0344. Saving best model to experiments/experiment_23754_best.ckpt
Test MSE group_0: 0.0274
Test MSE group_1: 0.0308
Test MSE group_2: nan
Test MSE group_3: nan
Poisson likelihood: 0.0
CE loss: 0.0
train MSE group_0: 0.0261
train MSE group_1: 0.0268
train MSE group_2: nan
train MSE group_3: nan
CE loss (TEST): 0.0
