/Users/benjaminmaurel/Documents/Training_Sanofi/notebooks_hands_on/latent_ode/run_models.py
run_models.py --niters 3000 -n 200 -s 40 -l 10 --dataset PK_Tacro --latent-ode --noise-weight 0.01 --max-t 5. --seed 8 --experiment 18785
Experiment 18785
Epoch 1000 [Test seq (cond on sampled tp)] | Loss 196.292252 | Likelihood -198.727737 | KL fp 4.4890 | FP STD 0.2087|
KL coef: 0.9999522643707747
Train loss (one batch): 199.79708862304688
Train CE loss (one batch): 0.0
Test MSE (raw): 0.0405
Test MSE (smoothed with alpha=0.01): 0.0405
New best smoothed test MSE: 0.0405. Saving best model to experiments/experiment_18785_best.ckpt
Test MSE group_0: 0.0340
Test MSE group_1: 0.0465
Test MSE group_2: nan
Test MSE group_3: nan
Poisson likelihood: 0.0
CE loss: 0.0
train MSE group_0: 0.0368
train MSE group_1: 0.0447
train MSE group_2: nan
train MSE group_3: nan
CE loss (TEST): 0.0
Experiment 18785
Epoch 2000 [Test seq (cond on sampled tp)] | Loss 180.080627 | Likelihood -178.296875 | KL fp 4.9692 | FP STD 0.1315|
KL coef: 0.9999999979391934
Train loss (one batch): 182.2212371826172
Train CE loss (one batch): 0.0
Test MSE (raw): 0.0364
Test MSE (smoothed with alpha=0.01): 0.0404
New best smoothed test MSE: 0.0404. Saving best model to experiments/experiment_18785_best.ckpt
Test MSE group_0: 0.0327
Test MSE group_1: 0.0398
Test MSE group_2: nan
Test MSE group_3: nan
Poisson likelihood: 0.0
CE loss: 0.0
train MSE group_0: 0.0354
train MSE group_1: 0.0377
train MSE group_2: nan
train MSE group_3: nan
CE loss (TEST): 0.0
Experiment 18785
Epoch 3000 [Test seq (cond on sampled tp)] | Loss 172.857605 | Likelihood -170.375916 | KL fp 5.1279 | FP STD 0.0991|
KL coef: 0.9999999999999111
Train loss (one batch): 169.5017852783203
Train CE loss (one batch): 0.0
Test MSE (raw): 0.0348
Test MSE (smoothed with alpha=0.01): 0.0404
New best smoothed test MSE: 0.0404. Saving best model to experiments/experiment_18785_best.ckpt
Test MSE group_0: 0.0316
Test MSE group_1: 0.0377
Test MSE group_2: nan
Test MSE group_3: nan
Poisson likelihood: 0.0
CE loss: 0.0
train MSE group_0: 0.0338
train MSE group_1: 0.0339
train MSE group_2: nan
train MSE group_3: nan
CE loss (TEST): 0.0
