/Users/benjaminmaurel/Documents/Training_Sanofi/notebooks_hands_on/latent_ode/run_models.py
run_models.py --niters 3000 -n 200 -s 40 -l 10 --dataset PK_Tacro --latent-ode --noise-weight 0.01 --max-t 5. --seed 18 --experiment 26145
Experiment 26145
Epoch 1000 [Test seq (cond on sampled tp)] | Loss 159.868988 | Likelihood -159.027725 | KL fp 4.3098 | FP STD 0.2131|
KL coef: 0.9999522643707747
Train loss (one batch): 149.20777893066406
Train CE loss (one batch): 0.0
Test MSE (raw): 0.0325
Test MSE (smoothed with alpha=0.01): 0.0325
New best smoothed test MSE: 0.0325. Saving best model to experiments/experiment_26145_best.ckpt
Test MSE group_0: 0.0306
Test MSE group_1: 0.0347
Test MSE group_2: nan
Test MSE group_3: nan
Poisson likelihood: 0.0
CE loss: 0.0
train MSE group_0: 0.0264
train MSE group_1: 0.0336
train MSE group_2: nan
train MSE group_3: nan
CE loss (TEST): 0.0
Experiment 26145
Epoch 2000 [Test seq (cond on sampled tp)] | Loss 154.138992 | Likelihood -153.732758 | KL fp 4.0324 | FP STD 0.1881|
KL coef: 0.9999999979391934
Train loss (one batch): 142.44512939453125
Train CE loss (one batch): 0.0
Test MSE (raw): 0.0315
Test MSE (smoothed with alpha=0.01): 0.0325
New best smoothed test MSE: 0.0325. Saving best model to experiments/experiment_26145_best.ckpt
Test MSE group_0: 0.0291
Test MSE group_1: 0.0341
Test MSE group_2: nan
Test MSE group_3: nan
Poisson likelihood: 0.0
CE loss: 0.0
train MSE group_0: 0.0249
train MSE group_1: 0.0324
train MSE group_2: nan
train MSE group_3: nan
CE loss (TEST): 0.0
Experiment 26145
Epoch 3000 [Test seq (cond on sampled tp)] | Loss 143.457855 | Likelihood -141.805740 | KL fp 4.4185 | FP STD 0.1288|
KL coef: 0.9999999999999111
Train loss (one batch): 128.10792541503906
Train CE loss (one batch): 0.0
Test MSE (raw): 0.0291
Test MSE (smoothed with alpha=0.01): 0.0325
New best smoothed test MSE: 0.0325. Saving best model to experiments/experiment_26145_best.ckpt
Test MSE group_0: 0.0272
Test MSE group_1: 0.0312
Test MSE group_2: nan
Test MSE group_3: nan
Poisson likelihood: 0.0
CE loss: 0.0
train MSE group_0: 0.0227
train MSE group_1: 0.0287
train MSE group_2: nan
train MSE group_3: nan
CE loss (TEST): 0.0
