/Users/benjaminmaurel/Documents/Training_Sanofi/notebooks_hands_on/latent_ode/run_models.py
run_models.py --niters 3000 -n 200 -s 40 -l 10 --dataset PK_Tacro --latent-ode --noise-weight 0.01 --max-t 5. --seed 61 --experiment 21921
Experiment 21921
Epoch 1000 [Test seq (cond on sampled tp)] | Loss 256.791748 | Likelihood -256.281860 | KL fp 4.9878 | FP STD 0.1995|
KL coef: 0.9999522643707747
Train loss (one batch): 248.27182006835938
Train CE loss (one batch): 0.0
Test MSE (raw): 0.0520
Test MSE (smoothed with alpha=0.01): 0.0520
New best smoothed test MSE: 0.0520. Saving best model to experiments/experiment_21921_best.ckpt
Test MSE group_0: 0.0484
Test MSE group_1: 0.0555
Test MSE group_2: nan
Test MSE group_3: nan
Poisson likelihood: 0.0
CE loss: 0.0
train MSE group_0: 0.0496
train MSE group_1: 0.0499
train MSE group_2: nan
train MSE group_3: nan
CE loss (TEST): 0.0
Experiment 21921
Epoch 2000 [Test seq (cond on sampled tp)] | Loss 205.778702 | Likelihood -203.408966 | KL fp 5.2972 | FP STD 0.0994|
KL coef: 0.9999999979391934
Train loss (one batch): 195.60400390625
Train CE loss (one batch): 0.0
Test MSE (raw): 0.0414
Test MSE (smoothed with alpha=0.01): 0.0519
New best smoothed test MSE: 0.0519. Saving best model to experiments/experiment_21921_best.ckpt
Test MSE group_0: 0.0386
Test MSE group_1: 0.0440
Test MSE group_2: nan
Test MSE group_3: nan
Poisson likelihood: 0.0
CE loss: 0.0
train MSE group_0: 0.0402
train MSE group_1: 0.0380
train MSE group_2: nan
train MSE group_3: nan
CE loss (TEST): 0.0
Experiment 21921
Epoch 3000 [Test seq (cond on sampled tp)] | Loss 193.426315 | Likelihood -193.277954 | KL fp 4.4749 | FP STD 0.1404|
KL coef: 0.9999999999999111
Train loss (one batch): 177.29432678222656
Train CE loss (one batch): 0.0
Test MSE (raw): 0.0394
Test MSE (smoothed with alpha=0.01): 0.0518
New best smoothed test MSE: 0.0518. Saving best model to experiments/experiment_21921_best.ckpt
Test MSE group_0: 0.0363
Test MSE group_1: 0.0422
Test MSE group_2: nan
Test MSE group_3: nan
Poisson likelihood: 0.0
CE loss: 0.0
train MSE group_0: 0.0373
train MSE group_1: 0.0343
train MSE group_2: nan
train MSE group_3: nan
CE loss (TEST): 0.0
