/Users/benjaminmaurel/Documents/Training_Sanofi/notebooks_hands_on/latent_ode/run_models.py
run_models.py --niters 3000 -n 200 -s 40 -l 10 --dataset PK_Tacro --latent-ode --noise-weight 0.01 --max-t 5. --seed 184 --experiment 24913
Experiment 24913
Epoch 1000 [Test seq (cond on sampled tp)] | Loss 219.802521 | Likelihood -219.499420 | KL fp 5.0332 | FP STD 0.3321|
KL coef: 0.9999522643707747
Train loss (one batch): 253.8367462158203
Train CE loss (one batch): 0.0
Test MSE (raw): 0.0446
Test MSE (smoothed with alpha=0.01): 0.0446
New best smoothed test MSE: 0.0446. Saving best model to experiments/experiment_24913_best.ckpt
Test MSE group_0: 0.0408
Test MSE group_1: 0.0484
Test MSE group_2: nan
Test MSE group_3: nan
Poisson likelihood: 0.0
CE loss: 0.0
train MSE group_0: 0.0448
train MSE group_1: 0.0564
train MSE group_2: nan
train MSE group_3: nan
CE loss (TEST): 0.0
Experiment 24913
Epoch 2000 [Test seq (cond on sampled tp)] | Loss 158.745972 | Likelihood -157.186081 | KL fp 4.8003 | FP STD 0.2634|
KL coef: 0.9999999979391934
Train loss (one batch): 168.92678833007812
Train CE loss (one batch): 0.0
Test MSE (raw): 0.0322
Test MSE (smoothed with alpha=0.01): 0.0445
New best smoothed test MSE: 0.0445. Saving best model to experiments/experiment_24913_best.ckpt
Test MSE group_0: 0.0296
Test MSE group_1: 0.0347
Test MSE group_2: nan
Test MSE group_3: nan
Poisson likelihood: 0.0
CE loss: 0.0
train MSE group_0: 0.0302
train MSE group_1: 0.0374
train MSE group_2: nan
train MSE group_3: nan
CE loss (TEST): 0.0
Experiment 24913
Epoch 3000 [Test seq (cond on sampled tp)] | Loss 146.568298 | Likelihood -144.846420 | KL fp 4.5997 | FP STD 0.2299|
KL coef: 0.9999999999999111
Train loss (one batch): 153.9020233154297
Train CE loss (one batch): 0.0
Test MSE (raw): 0.0297
Test MSE (smoothed with alpha=0.01): 0.0444
New best smoothed test MSE: 0.0444. Saving best model to experiments/experiment_24913_best.ckpt
Test MSE group_0: 0.0280
Test MSE group_1: 0.0314
Test MSE group_2: nan
Test MSE group_3: nan
Poisson likelihood: 0.0
CE loss: 0.0
train MSE group_0: 0.0279
train MSE group_1: 0.0336
train MSE group_2: nan
train MSE group_3: nan
CE loss (TEST): 0.0
