/Users/benjaminmaurel/Documents/Training_Sanofi/notebooks_hands_on/latent_ode/run_models.py
run_models.py --niters 3000 -n 200 -s 40 -l 10 --dataset PK_Tacro --latent-ode --noise-weight 0.01 --max-t 5. --seed 35 --experiment 19806
Experiment 19806
Epoch 1000 [Test seq (cond on sampled tp)] | Loss 247.051483 | Likelihood -243.951828 | KL fp 6.4446 | FP STD 0.1400|
KL coef: 0.9999522643707747
Train loss (one batch): 225.93768310546875
Train CE loss (one batch): 0.0
Test MSE (raw): 0.0495
Test MSE (smoothed with alpha=0.01): 0.0495
New best smoothed test MSE: 0.0495. Saving best model to experiments/experiment_19806_best.ckpt
Test MSE group_0: 0.0419
Test MSE group_1: 0.0563
Test MSE group_2: nan
Test MSE group_3: nan
Poisson likelihood: 0.0
CE loss: 0.0
train MSE group_0: 0.0387
train MSE group_1: 0.0530
train MSE group_2: nan
train MSE group_3: nan
CE loss (TEST): 0.0
Experiment 19806
Epoch 2000 [Test seq (cond on sampled tp)] | Loss 189.228165 | Likelihood -185.924011 | KL fp 6.2156 | FP STD 0.1117|
KL coef: 0.9999999979391934
Train loss (one batch): 166.9845428466797
Train CE loss (one batch): 0.0
Test MSE (raw): 0.0379
Test MSE (smoothed with alpha=0.01): 0.0494
New best smoothed test MSE: 0.0494. Saving best model to experiments/experiment_19806_best.ckpt
Test MSE group_0: 0.0356
Test MSE group_1: 0.0400
Test MSE group_2: nan
Test MSE group_3: nan
Poisson likelihood: 0.0
CE loss: 0.0
train MSE group_0: 0.0309
train MSE group_1: 0.0360
train MSE group_2: nan
train MSE group_3: nan
CE loss (TEST): 0.0
Experiment 19806
Epoch 3000 [Test seq (cond on sampled tp)] | Loss 182.104553 | Likelihood -179.246567 | KL fp 5.8853 | FP STD 0.1107|
KL coef: 0.9999999999999111
Train loss (one batch): 155.9415283203125
Train CE loss (one batch): 0.0
Test MSE (raw): 0.0366
Test MSE (smoothed with alpha=0.01): 0.0493
New best smoothed test MSE: 0.0493. Saving best model to experiments/experiment_19806_best.ckpt
Test MSE group_0: 0.0344
Test MSE group_1: 0.0385
Test MSE group_2: nan
Test MSE group_3: nan
Poisson likelihood: 0.0
CE loss: 0.0
train MSE group_0: 0.0294
train MSE group_1: 0.0329
train MSE group_2: nan
train MSE group_3: nan
CE loss (TEST): 0.0
