/Users/benjaminmaurel/Documents/Training_Sanofi/notebooks_hands_on/latent_ode/run_models.py
run_models.py --niters 3000 -n 200 -s 40 -l 10 --dataset PK_Tacro --latent-ode --noise-weight 0.01 --max-t 5. --seed 12 --experiment 15005
Experiment 15005
Epoch 1000 [Test seq (cond on sampled tp)] | Loss 159.597260 | Likelihood -157.465393 | KL fp 5.8405 | FP STD 0.1351|
KL coef: 0.9999522643707747
Train loss (one batch): 151.5330352783203
Train CE loss (one batch): 0.0
Test MSE (raw): 0.0322
Test MSE (smoothed with alpha=0.01): 0.0322
New best smoothed test MSE: 0.0322. Saving best model to experiments/experiment_15005_best.ckpt
Test MSE group_0: 0.0293
Test MSE group_1: 0.0352
Test MSE group_2: nan
Test MSE group_3: nan
Poisson likelihood: 0.0
CE loss: 0.0
train MSE group_0: 0.0292
train MSE group_1: 0.0315
train MSE group_2: nan
train MSE group_3: nan
CE loss (TEST): 0.0
Experiment 15005
Epoch 2000 [Test seq (cond on sampled tp)] | Loss 140.974487 | Likelihood -139.063538 | KL fp 5.1693 | FP STD 0.1481|
KL coef: 0.9999999979391934
Train loss (one batch): 135.0178985595703
Train CE loss (one batch): 0.0
Test MSE (raw): 0.0285
Test MSE (smoothed with alpha=0.01): 0.0322
New best smoothed test MSE: 0.0322. Saving best model to experiments/experiment_15005_best.ckpt
Test MSE group_0: 0.0264
Test MSE group_1: 0.0307
Test MSE group_2: nan
Test MSE group_3: nan
Poisson likelihood: 0.0
CE loss: 0.0
train MSE group_0: 0.0270
train MSE group_1: 0.0269
train MSE group_2: nan
train MSE group_3: nan
CE loss (TEST): 0.0
Experiment 15005
Epoch 3000 [Test seq (cond on sampled tp)] | Loss 132.766220 | Likelihood -130.534973 | KL fp 5.0715 | FP STD 0.1044|
KL coef: 0.9999999999999111
Train loss (one batch): 121.3362808227539
Train CE loss (one batch): 0.0
Test MSE (raw): 0.0268
Test MSE (smoothed with alpha=0.01): 0.0321
New best smoothed test MSE: 0.0321. Saving best model to experiments/experiment_15005_best.ckpt
Test MSE group_0: 0.0250
Test MSE group_1: 0.0286
Test MSE group_2: nan
Test MSE group_3: nan
Poisson likelihood: 0.0
CE loss: 0.0
train MSE group_0: 0.0247
train MSE group_1: 0.0238
train MSE group_2: nan
train MSE group_3: nan
CE loss (TEST): 0.0
