/Users/benjaminmaurel/Documents/Training_Sanofi/notebooks_hands_on/latent_ode/run_models.py
run_models.py --niters 3000 -n 200 -s 40 -l 10 --dataset PK_Tacro --latent-ode --noise-weight 0.01 --max-t 5. --seed 1 --experiment 27783
Experiment 27783
Epoch 1000 [Test seq (cond on sampled tp)] | Loss 159.502518 | Likelihood -156.298431 | KL fp 5.7134 | FP STD 0.0829|
KL coef: 0.9999522643707747
Train loss (one batch): 156.3738555908203
Train CE loss (one batch): 0.0
Test MSE (raw): 0.0320
Test MSE (smoothed with alpha=0.01): 0.0320
New best smoothed test MSE: 0.0320. Saving best model to experiments/experiment_27783_best.ckpt
Test MSE group_0: 0.0282
Test MSE group_1: 0.0356
Test MSE group_2: nan
Test MSE group_3: nan
Poisson likelihood: 0.0
CE loss: 0.0
train MSE group_0: 0.0289
train MSE group_1: 0.0337
train MSE group_2: nan
train MSE group_3: nan
CE loss (TEST): 0.0
Experiment 27783
Epoch 2000 [Test seq (cond on sampled tp)] | Loss 163.473785 | Likelihood -162.852615 | KL fp 5.0726 | FP STD 0.1356|
KL coef: 0.9999999979391934
Train loss (one batch): 159.35028076171875
Train CE loss (one batch): 0.0
Test MSE (raw): 0.0333
Test MSE (smoothed with alpha=0.01): 0.0320
Smoothed Test MSE did not improve. Early stopping counter: 1/10000
Test MSE group_0: 0.0286
Test MSE group_1: 0.0377
Test MSE group_2: nan
Test MSE group_3: nan
Poisson likelihood: 0.0
CE loss: 0.0
train MSE group_0: 0.0296
train MSE group_1: 0.0349
train MSE group_2: nan
train MSE group_3: nan
CE loss (TEST): 0.0
Experiment 27783
Epoch 3000 [Test seq (cond on sampled tp)] | Loss 149.282837 | Likelihood -146.563171 | KL fp 5.3853 | FP STD 0.0789|
KL coef: 0.9999999999999111
Train loss (one batch): 145.1493682861328
Train CE loss (one batch): 0.0
Test MSE (raw): 0.0300
Test MSE (smoothed with alpha=0.01): 0.0320
New best smoothed test MSE: 0.0320. Saving best model to experiments/experiment_27783_best.ckpt
Test MSE group_0: 0.0268
Test MSE group_1: 0.0331
Test MSE group_2: nan
Test MSE group_3: nan
Poisson likelihood: 0.0
CE loss: 0.0
train MSE group_0: 0.0276
train MSE group_1: 0.0304
train MSE group_2: nan
train MSE group_3: nan
CE loss (TEST): 0.0
