/Users/benjaminmaurel/Documents/Training_Sanofi/notebooks_hands_on/latent_ode/run_models.py
run_models.py --niters 3000 -n 200 -s 40 -l 10 --dataset PK_Tacro --latent-ode --noise-weight 0.01 --max-t 5. --seed 133 --experiment 12217
Experiment 12217
Epoch 1000 [Test seq (cond on sampled tp)] | Loss 204.863983 | Likelihood -201.171936 | KL fp 6.2723 | FP STD 0.1093|
KL coef: 0.9999522643707747
Train loss (one batch): 215.20794677734375
Train CE loss (one batch): 0.0
Test MSE (raw): 0.0410
Test MSE (smoothed with alpha=0.01): 0.0410
New best smoothed test MSE: 0.0410. Saving best model to experiments/experiment_12217_best.ckpt
Test MSE group_0: 0.0354
Test MSE group_1: 0.0464
Test MSE group_2: nan
Test MSE group_3: nan
Poisson likelihood: 0.0
CE loss: 0.0
train MSE group_0: 0.0366
train MSE group_1: 0.0493
train MSE group_2: nan
train MSE group_3: nan
CE loss (TEST): 0.0
Experiment 12217
Epoch 2000 [Test seq (cond on sampled tp)] | Loss 165.608109 | Likelihood -162.364136 | KL fp 6.3817 | FP STD 0.1257|
KL coef: 0.9999999979391934
Train loss (one batch): 176.28488159179688
Train CE loss (one batch): 0.0
Test MSE (raw): 0.0332
Test MSE (smoothed with alpha=0.01): 0.0409
New best smoothed test MSE: 0.0409. Saving best model to experiments/experiment_12217_best.ckpt
Test MSE group_0: 0.0291
Test MSE group_1: 0.0373
Test MSE group_2: nan
Test MSE group_3: nan
Poisson likelihood: 0.0
CE loss: 0.0
train MSE group_0: 0.0304
train MSE group_1: 0.0397
train MSE group_2: nan
train MSE group_3: nan
CE loss (TEST): 0.0
Experiment 12217
Epoch 3000 [Test seq (cond on sampled tp)] | Loss 154.108139 | Likelihood -150.705078 | KL fp 5.9290 | FP STD 0.1030|
KL coef: 0.9999999999999111
Train loss (one batch): 162.55751037597656
Train CE loss (one batch): 0.0
Test MSE (raw): 0.0309
Test MSE (smoothed with alpha=0.01): 0.0408
New best smoothed test MSE: 0.0408. Saving best model to experiments/experiment_12217_best.ckpt
Test MSE group_0: 0.0275
Test MSE group_1: 0.0342
Test MSE group_2: nan
Test MSE group_3: nan
Poisson likelihood: 0.0
CE loss: 0.0
train MSE group_0: 0.0291
train MSE group_1: 0.0358
train MSE group_2: nan
train MSE group_3: nan
CE loss (TEST): 0.0
