/Users/benjaminmaurel/Documents/Training_Sanofi/notebooks_hands_on/latent_ode/run_models.py
run_models.py --niters 3000 -n 200 -s 40 -l 10 --dataset PK_Tacro --latent-ode --noise-weight 0.01 --max-t 5. --seed 8 --experiment 30968
Experiment 30968
Epoch 1000 [Test seq (cond on sampled tp)] | Loss 225.649063 | Likelihood -224.161911 | KL fp 4.7166 | FP STD 0.2282|
KL coef: 0.9999522643707747
Train loss (one batch): 205.26736450195312
Train CE loss (one batch): 0.0
Test MSE (raw): 0.0456
Test MSE (smoothed with alpha=0.01): 0.0456
New best smoothed test MSE: 0.0456. Saving best model to experiments/experiment_30968_best.ckpt
Test MSE group_0: 0.0431
Test MSE group_1: 0.0480
Test MSE group_2: nan
Test MSE group_3: nan
Poisson likelihood: 0.0
CE loss: 0.0
train MSE group_0: 0.0397
train MSE group_1: 0.0424
train MSE group_2: nan
train MSE group_3: nan
CE loss (TEST): 0.0
Experiment 30968
Epoch 2000 [Test seq (cond on sampled tp)] | Loss 203.234955 | Likelihood -201.500854 | KL fp 4.6961 | FP STD 0.1969|
KL coef: 0.9999999979391934
Train loss (one batch): 181.09817504882812
Train CE loss (one batch): 0.0
Test MSE (raw): 0.0410
Test MSE (smoothed with alpha=0.01): 0.0455
New best smoothed test MSE: 0.0455. Saving best model to experiments/experiment_30968_best.ckpt
Test MSE group_0: 0.0404
Test MSE group_1: 0.0417
Test MSE group_2: nan
Test MSE group_3: nan
Poisson likelihood: 0.0
CE loss: 0.0
train MSE group_0: 0.0357
train MSE group_1: 0.0368
train MSE group_2: nan
train MSE group_3: nan
CE loss (TEST): 0.0
Experiment 30968
Epoch 3000 [Test seq (cond on sampled tp)] | Loss 196.416031 | Likelihood -194.354858 | KL fp 4.8730 | FP STD 0.1603|
KL coef: 0.9999999999999111
Train loss (one batch): 173.9209442138672
Train CE loss (one batch): 0.0
Test MSE (raw): 0.0396
Test MSE (smoothed with alpha=0.01): 0.0455
New best smoothed test MSE: 0.0455. Saving best model to experiments/experiment_30968_best.ckpt
Test MSE group_0: 0.0396
Test MSE group_1: 0.0397
Test MSE group_2: nan
Test MSE group_3: nan
Poisson likelihood: 0.0
CE loss: 0.0
train MSE group_0: 0.0345
train MSE group_1: 0.0351
train MSE group_2: nan
train MSE group_3: nan
CE loss (TEST): 0.0
