/Users/benjaminmaurel/Documents/Training_Sanofi/notebooks_hands_on/latent_ode/run_models.py
run_models.py --niters 3000 -n 200 -s 40 -l 10 --dataset PK_Tacro --latent-ode --noise-weight 0.01 --max-t 5. --seed 11 --experiment 29034
Experiment 29034
Epoch 1000 [Test seq (cond on sampled tp)] | Loss 266.836914 | Likelihood -269.488403 | KL fp 4.9725 | FP STD 0.1991|
KL coef: 0.9999522643707747
Train loss (one batch): 236.89453125
Train CE loss (one batch): 0.0
Test MSE (raw): 0.0546
Test MSE (smoothed with alpha=0.01): 0.0546
New best smoothed test MSE: 0.0546. Saving best model to experiments/experiment_29034_best.ckpt
Test MSE group_0: 0.0444
Test MSE group_1: 0.0648
Test MSE group_2: nan
Test MSE group_3: nan
Poisson likelihood: 0.0
CE loss: 0.0
train MSE group_0: 0.0438
train MSE group_1: 0.0540
train MSE group_2: nan
train MSE group_3: nan
CE loss (TEST): 0.0
Experiment 29034
Epoch 2000 [Test seq (cond on sampled tp)] | Loss 234.733093 | Likelihood -233.593262 | KL fp 5.1023 | FP STD 0.1185|
KL coef: 0.9999999979391934
Train loss (one batch): 209.70819091796875
Train CE loss (one batch): 0.0
Test MSE (raw): 0.0475
Test MSE (smoothed with alpha=0.01): 0.0546
New best smoothed test MSE: 0.0546. Saving best model to experiments/experiment_29034_best.ckpt
Test MSE group_0: 0.0383
Test MSE group_1: 0.0565
Test MSE group_2: nan
Test MSE group_3: nan
Poisson likelihood: 0.0
CE loss: 0.0
train MSE group_0: 0.0382
train MSE group_1: 0.0469
train MSE group_2: nan
train MSE group_3: nan
CE loss (TEST): 0.0
Experiment 29034
Epoch 3000 [Test seq (cond on sampled tp)] | Loss 211.940033 | Likelihood -209.458588 | KL fp 5.2728 | FP STD 0.0730|
KL coef: 0.9999999999999111
Train loss (one batch): 189.72421264648438
Train CE loss (one batch): 0.0
Test MSE (raw): 0.0426
Test MSE (smoothed with alpha=0.01): 0.0544
New best smoothed test MSE: 0.0544. Saving best model to experiments/experiment_29034_best.ckpt
Test MSE group_0: 0.0360
Test MSE group_1: 0.0492
Test MSE group_2: nan
Test MSE group_3: nan
Poisson likelihood: 0.0
CE loss: 0.0
train MSE group_0: 0.0340
train MSE group_1: 0.0429
train MSE group_2: nan
train MSE group_3: nan
CE loss (TEST): 0.0
