/Users/benjaminmaurel/Documents/Training_Sanofi/notebooks_hands_on/latent_ode/run_models.py
run_models.py --niters 3000 -n 200 -s 40 -l 10 --dataset PK_Tacro --latent-ode --noise-weight 0.01 --max-t 5. --seed 57 --experiment 28931
Experiment 28931
Epoch 1000 [Test seq (cond on sampled tp)] | Loss 204.315796 | Likelihood -204.387543 | KL fp 4.8148 | FP STD 0.1398|
KL coef: 0.9999522643707747
Train loss (one batch): 191.94483947753906
Train CE loss (one batch): 0.0
Test MSE (raw): 0.0416
Test MSE (smoothed with alpha=0.01): 0.0416
New best smoothed test MSE: 0.0416. Saving best model to experiments/experiment_28931_best.ckpt
Test MSE group_0: 0.0388
Test MSE group_1: 0.0442
Test MSE group_2: nan
Test MSE group_3: nan
Poisson likelihood: 0.0
CE loss: 0.0
train MSE group_0: 0.0358
train MSE group_1: 0.0411
train MSE group_2: nan
train MSE group_3: nan
CE loss (TEST): 0.0
Experiment 28931
Epoch 2000 [Test seq (cond on sampled tp)] | Loss 192.307648 | Likelihood -191.430695 | KL fp 4.6396 | FP STD 0.1219|
KL coef: 0.9999999979391934
Train loss (one batch): 179.38641357421875
Train CE loss (one batch): 0.0
Test MSE (raw): 0.0390
Test MSE (smoothed with alpha=0.01): 0.0416
New best smoothed test MSE: 0.0416. Saving best model to experiments/experiment_28931_best.ckpt
Test MSE group_0: 0.0360
Test MSE group_1: 0.0418
Test MSE group_2: nan
Test MSE group_3: nan
Poisson likelihood: 0.0
CE loss: 0.0
train MSE group_0: 0.0337
train MSE group_1: 0.0382
train MSE group_2: nan
train MSE group_3: nan
CE loss (TEST): 0.0
Experiment 28931
Epoch 3000 [Test seq (cond on sampled tp)] | Loss 181.740875 | Likelihood -179.639481 | KL fp 4.8393 | FP STD 0.0686|
KL coef: 0.9999999999999111
Train loss (one batch): 165.1047821044922
Train CE loss (one batch): 0.0
Test MSE (raw): 0.0367
Test MSE (smoothed with alpha=0.01): 0.0415
New best smoothed test MSE: 0.0415. Saving best model to experiments/experiment_28931_best.ckpt
Test MSE group_0: 0.0340
Test MSE group_1: 0.0390
Test MSE group_2: nan
Test MSE group_3: nan
Poisson likelihood: 0.0
CE loss: 0.0
train MSE group_0: 0.0316
train MSE group_1: 0.0345
train MSE group_2: nan
train MSE group_3: nan
CE loss (TEST): 0.0
