/Users/benjaminmaurel/Documents/Training_Sanofi/notebooks_hands_on/latent_ode/run_models.py
run_models.py --niters 3000 -n 200 -s 40 -l 10 --dataset PK_Tacro --latent-ode --noise-weight 0.01 --max-t 5. --seed 53 --experiment 35367
Experiment 35367
Epoch 1000 [Test seq (cond on sampled tp)] | Loss 268.657532 | Likelihood -268.178650 | KL fp 4.4644 | FP STD 0.2128|
KL coef: 0.9999522643707747
Train loss (one batch): 274.5853576660156
Train CE loss (one batch): 0.0
Test MSE (raw): 0.0544
Test MSE (smoothed with alpha=0.01): 0.0544
New best smoothed test MSE: 0.0544. Saving best model to experiments/experiment_35367_best.ckpt
Test MSE group_0: 0.0491
Test MSE group_1: 0.0594
Test MSE group_2: nan
Test MSE group_3: nan
Poisson likelihood: 0.0
CE loss: 0.0
train MSE group_0: 0.0502
train MSE group_1: 0.0617
train MSE group_2: nan
train MSE group_3: nan
CE loss (TEST): 0.0
Experiment 35367
Epoch 2000 [Test seq (cond on sampled tp)] | Loss 218.876129 | Likelihood -217.540039 | KL fp 5.0363 | FP STD 0.0876|
KL coef: 0.9999999979391934
Train loss (one batch): 228.374755859375
Train CE loss (one batch): 0.0
Test MSE (raw): 0.0442
Test MSE (smoothed with alpha=0.01): 0.0543
New best smoothed test MSE: 0.0543. Saving best model to experiments/experiment_35367_best.ckpt
Test MSE group_0: 0.0383
Test MSE group_1: 0.0497
Test MSE group_2: nan
Test MSE group_3: nan
Poisson likelihood: 0.0
CE loss: 0.0
train MSE group_0: 0.0428
train MSE group_1: 0.0493
train MSE group_2: nan
train MSE group_3: nan
CE loss (TEST): 0.0
Experiment 35367
Epoch 3000 [Test seq (cond on sampled tp)] | Loss 199.436508 | Likelihood -197.685776 | KL fp 4.8188 | FP STD 0.0924|
KL coef: 0.9999999999999111
Train loss (one batch): 207.79954528808594
Train CE loss (one batch): 0.0
Test MSE (raw): 0.0403
Test MSE (smoothed with alpha=0.01): 0.0541
New best smoothed test MSE: 0.0541. Saving best model to experiments/experiment_35367_best.ckpt
Test MSE group_0: 0.0365
Test MSE group_1: 0.0437
Test MSE group_2: nan
Test MSE group_3: nan
Poisson likelihood: 0.0
CE loss: 0.0
train MSE group_0: 0.0396
train MSE group_1: 0.0440
train MSE group_2: nan
train MSE group_3: nan
CE loss (TEST): 0.0
