/Users/benjaminmaurel/Documents/Training_Sanofi/notebooks_hands_on/latent_ode/run_models.py
run_models.py --niters 3000 -n 200 -s 40 -l 10 --dataset PK_Tacro --latent-ode --noise-weight 0.01 --max-t 5. --seed 6 --experiment 34835
Experiment 34835
Epoch 1000 [Test seq (cond on sampled tp)] | Loss 197.620804 | Likelihood -193.119965 | KL fp 7.5546 | FP STD 0.2439|
KL coef: 0.9999522643707747
Train loss (one batch): 201.33645629882812
Train CE loss (one batch): 0.0
Test MSE (raw): 0.0394
Test MSE (smoothed with alpha=0.01): 0.0394
New best smoothed test MSE: 0.0394. Saving best model to experiments/experiment_34835_best.ckpt
Test MSE group_0: 0.0354
Test MSE group_1: 0.0433
Test MSE group_2: nan
Test MSE group_3: nan
Poisson likelihood: 0.0
CE loss: 0.0
train MSE group_0: 0.0375
train MSE group_1: 0.0420
train MSE group_2: nan
train MSE group_3: nan
CE loss (TEST): 0.0
Experiment 34835
Epoch 2000 [Test seq (cond on sampled tp)] | Loss 190.938934 | Likelihood -186.595062 | KL fp 7.1788 | FP STD 0.2058|
KL coef: 0.9999999979391934
Train loss (one batch): 190.97283935546875
Train CE loss (one batch): 0.0
Test MSE (raw): 0.0381
Test MSE (smoothed with alpha=0.01): 0.0393
New best smoothed test MSE: 0.0393. Saving best model to experiments/experiment_34835_best.ckpt
Test MSE group_0: 0.0356
Test MSE group_1: 0.0405
Test MSE group_2: nan
Test MSE group_3: nan
Poisson likelihood: 0.0
CE loss: 0.0
train MSE group_0: 0.0374
train MSE group_1: 0.0381
train MSE group_2: nan
train MSE group_3: nan
CE loss (TEST): 0.0
Experiment 34835
Epoch 3000 [Test seq (cond on sampled tp)] | Loss 182.949387 | Likelihood -178.565018 | KL fp 6.9540 | FP STD 0.1801|
KL coef: 0.9999999999999111
Train loss (one batch): 180.47494506835938
Train CE loss (one batch): 0.0
Test MSE (raw): 0.0365
Test MSE (smoothed with alpha=0.01): 0.0393
New best smoothed test MSE: 0.0393. Saving best model to experiments/experiment_34835_best.ckpt
Test MSE group_0: 0.0350
Test MSE group_1: 0.0379
Test MSE group_2: nan
Test MSE group_3: nan
Poisson likelihood: 0.0
CE loss: 0.0
train MSE group_0: 0.0367
train MSE group_1: 0.0347
train MSE group_2: nan
train MSE group_3: nan
CE loss (TEST): 0.0
