/Users/benjaminmaurel/Documents/Training_Sanofi/notebooks_hands_on/latent_ode/run_models.py
run_models.py --niters 3000 -n 200 -s 40 -l 10 --dataset PK_Tacro --latent-ode --noise-weight 0.01 --max-t 5. --seed 150 --experiment 33088
Experiment 33088
Epoch 1000 [Test seq (cond on sampled tp)] | Loss 213.184998 | Likelihood -211.643188 | KL fp 4.6399 | FP STD 0.1022|
KL coef: 0.9999522643707747
Train loss (one batch): 207.35255432128906
Train CE loss (one batch): 0.0
Test MSE (raw): 0.0431
Test MSE (smoothed with alpha=0.01): 0.0431
New best smoothed test MSE: 0.0431. Saving best model to experiments/experiment_33088_best.ckpt
Test MSE group_0: 0.0368
Test MSE group_1: 0.0493
Test MSE group_2: nan
Test MSE group_3: nan
Poisson likelihood: 0.0
CE loss: 0.0
train MSE group_0: 0.0365
train MSE group_1: 0.0468
train MSE group_2: nan
train MSE group_3: nan
CE loss (TEST): 0.0
Experiment 33088
Epoch 2000 [Test seq (cond on sampled tp)] | Loss 153.382797 | Likelihood -152.278839 | KL fp 4.5779 | FP STD 0.0983|
KL coef: 0.9999999979391934
Train loss (one batch): 149.95001220703125
Train CE loss (one batch): 0.0
Test MSE (raw): 0.0312
Test MSE (smoothed with alpha=0.01): 0.0429
New best smoothed test MSE: 0.0429. Saving best model to experiments/experiment_33088_best.ckpt
Test MSE group_0: 0.0288
Test MSE group_1: 0.0335
Test MSE group_2: nan
Test MSE group_3: nan
Poisson likelihood: 0.0
CE loss: 0.0
train MSE group_0: 0.0277
train MSE group_1: 0.0333
train MSE group_2: nan
train MSE group_3: nan
CE loss (TEST): 0.0
Experiment 33088
Epoch 3000 [Test seq (cond on sampled tp)] | Loss 138.736420 | Likelihood -136.909103 | KL fp 4.5531 | FP STD 0.0801|
KL coef: 0.9999999999999111
Train loss (one batch): 137.79580688476562
Train CE loss (one batch): 0.0
Test MSE (raw): 0.0281
Test MSE (smoothed with alpha=0.01): 0.0428
New best smoothed test MSE: 0.0428. Saving best model to experiments/experiment_33088_best.ckpt
Test MSE group_0: 0.0266
Test MSE group_1: 0.0296
Test MSE group_2: nan
Test MSE group_3: nan
Poisson likelihood: 0.0
CE loss: 0.0
train MSE group_0: 0.0254
train MSE group_1: 0.0300
train MSE group_2: nan
train MSE group_3: nan
CE loss (TEST): 0.0
