/Users/benjaminmaurel/Documents/Training_Sanofi/notebooks_hands_on/latent_ode/run_models.py
run_models.py --niters 3000 -n 200 -s 40 -l 10 --dataset PK_Tacro --latent-ode --noise-weight 0.01 --max-t 5. --seed 38 --experiment 17818
Experiment 17818
Epoch 1000 [Test seq (cond on sampled tp)] | Loss 218.378113 | Likelihood -214.670502 | KL fp 6.3132 | FP STD 0.1460|
KL coef: 0.9999522643707747
Train loss (one batch): 201.07566833496094
Train CE loss (one batch): 0.0
Test MSE (raw): 0.0437
Test MSE (smoothed with alpha=0.01): 0.0437
New best smoothed test MSE: 0.0437. Saving best model to experiments/experiment_17818_best.ckpt
Test MSE group_0: 0.0358
Test MSE group_1: 0.0514
Test MSE group_2: nan
Test MSE group_3: nan
Poisson likelihood: 0.0
CE loss: 0.0
train MSE group_0: 0.0363
train MSE group_1: 0.0438
train MSE group_2: nan
train MSE group_3: nan
CE loss (TEST): 0.0
Experiment 17818
Epoch 2000 [Test seq (cond on sampled tp)] | Loss 184.856323 | Likelihood -182.128082 | KL fp 6.4716 | FP STD 0.0759|
KL coef: 0.9999999979391934
Train loss (one batch): 174.28604125976562
Train CE loss (one batch): 0.0
Test MSE (raw): 0.0372
Test MSE (smoothed with alpha=0.01): 0.0436
New best smoothed test MSE: 0.0436. Saving best model to experiments/experiment_17818_best.ckpt
Test MSE group_0: 0.0314
Test MSE group_1: 0.0429
Test MSE group_2: nan
Test MSE group_3: nan
Poisson likelihood: 0.0
CE loss: 0.0
train MSE group_0: 0.0324
train MSE group_1: 0.0372
train MSE group_2: nan
train MSE group_3: nan
CE loss (TEST): 0.0
Experiment 17818
Epoch 3000 [Test seq (cond on sampled tp)] | Loss 177.086975 | Likelihood -174.473801 | KL fp 6.1314 | FP STD 0.0923|
KL coef: 0.9999999999999111
Train loss (one batch): 172.34083557128906
Train CE loss (one batch): 0.0
Test MSE (raw): 0.0356
Test MSE (smoothed with alpha=0.01): 0.0435
New best smoothed test MSE: 0.0435. Saving best model to experiments/experiment_17818_best.ckpt
Test MSE group_0: 0.0300
Test MSE group_1: 0.0412
Test MSE group_2: nan
Test MSE group_3: nan
Poisson likelihood: 0.0
CE loss: 0.0
train MSE group_0: 0.0315
train MSE group_1: 0.0372
train MSE group_2: nan
train MSE group_3: nan
CE loss (TEST): 0.0
