/Users/benjaminmaurel/Documents/Training_Sanofi/notebooks_hands_on/latent_ode/run_models.py
run_models.py --niters 3000 -n 200 -s 40 -l 10 --dataset PK_Tacro --latent-ode --noise-weight 0.01 --max-t 5. --seed 47 --experiment 16139
Experiment 16139
Epoch 1000 [Test seq (cond on sampled tp)] | Loss 185.196640 | Likelihood -186.836609 | KL fp 4.0295 | FP STD 0.2915|
KL coef: 0.9999522643707747
Train loss (one batch): 183.11709594726562
Train CE loss (one batch): 0.0
Test MSE (raw): 0.0381
Test MSE (smoothed with alpha=0.01): 0.0381
New best smoothed test MSE: 0.0381. Saving best model to experiments/experiment_16139_best.ckpt
Test MSE group_0: 0.0320
Test MSE group_1: 0.0441
Test MSE group_2: nan
Test MSE group_3: nan
Poisson likelihood: 0.0
CE loss: 0.0
train MSE group_0: 0.0348
train MSE group_1: 0.0394
train MSE group_2: nan
train MSE group_3: nan
CE loss (TEST): 0.0
Experiment 16139
Epoch 2000 [Test seq (cond on sampled tp)] | Loss 160.459412 | Likelihood -159.395142 | KL fp 4.4250 | FP STD 0.1669|
KL coef: 0.9999999979391934
Train loss (one batch): 159.33938598632812
Train CE loss (one batch): 0.0
Test MSE (raw): 0.0326
Test MSE (smoothed with alpha=0.01): 0.0380
New best smoothed test MSE: 0.0380. Saving best model to experiments/experiment_16139_best.ckpt
Test MSE group_0: 0.0289
Test MSE group_1: 0.0363
Test MSE group_2: nan
Test MSE group_3: nan
Poisson likelihood: 0.0
CE loss: 0.0
train MSE group_0: 0.0306
train MSE group_1: 0.0335
train MSE group_2: nan
train MSE group_3: nan
CE loss (TEST): 0.0
Experiment 16139
Epoch 3000 [Test seq (cond on sampled tp)] | Loss 153.276245 | Likelihood -151.202972 | KL fp 4.7301 | FP STD 0.1226|
KL coef: 0.9999999999999111
Train loss (one batch): 151.50978088378906
Train CE loss (one batch): 0.0
Test MSE (raw): 0.0310
Test MSE (smoothed with alpha=0.01): 0.0380
New best smoothed test MSE: 0.0380. Saving best model to experiments/experiment_16139_best.ckpt
Test MSE group_0: 0.0276
Test MSE group_1: 0.0343
Test MSE group_2: nan
Test MSE group_3: nan
Poisson likelihood: 0.0
CE loss: 0.0
train MSE group_0: 0.0290
train MSE group_1: 0.0319
train MSE group_2: nan
train MSE group_3: nan
CE loss (TEST): 0.0
