/Users/benjaminmaurel/Documents/Training_Sanofi/notebooks_hands_on/latent_ode/run_models.py
run_models.py --niters 50000 -n 200 -s 40 -l 10 --dataset PK_Tacro --latent-ode --viz --noise-weight 0.01 --max-t 5. --seed 50 --experiment 39492
Experiment 39492
Epoch 0020 [Test seq (cond on sampled tp)] | Loss 64.192558 | Likelihood -69.778076 | KL fp 2.4450 | FP STD 0.1009|
KL coef: 0.09561792499119559
Train loss (one batch): 48.602176666259766
Train CE loss (one batch): 0.0
Test MSE (raw): 0.0147
Test MSE (smoothed with alpha=0.01): 0.0147
New best smoothed test MSE: 0.0147. Saving best model to experiments/experiment_39492_best.ckpt
Test MSE group_0: nan
Test MSE group_1: 0.0147
Test MSE group_2: nan
Test MSE group_3: nan
Poisson likelihood: 0.0
CE loss: 0.0
train MSE group_0: nan
train MSE group_1: 0.0107
train MSE group_2: nan
train MSE group_3: nan
CE loss (TEST): 0.0
Experiment 39492
Epoch 0040 [Test seq (cond on sampled tp)] | Loss 29.728861 | Likelihood -30.281961 | KL fp 3.0795 | FP STD 0.0586|
KL coef: 0.2602996266117198
Train loss (one batch): 29.39021110534668
Train CE loss (one batch): 0.0
Test MSE (raw): 0.0068
Test MSE (smoothed with alpha=0.01): 0.0146
New best smoothed test MSE: 0.0146. Saving best model to experiments/experiment_39492_best.ckpt
Test MSE group_0: nan
Test MSE group_1: 0.0068
Test MSE group_2: nan
Test MSE group_3: nan
Poisson likelihood: 0.0
CE loss: 0.0
train MSE group_0: nan
train MSE group_1: 0.0067
train MSE group_2: nan
train MSE group_3: nan
CE loss (TEST): 0.0
Experiment 39492
Epoch 0060 [Test seq (cond on sampled tp)] | Loss 31.742086 | Likelihood -32.812607 | KL fp 2.2457 | FP STD 0.1215|
KL coef: 0.39499393286246365
Train loss (one batch): 32.2829704284668
Train CE loss (one batch): 0.0
Test MSE (raw): 0.0073
Test MSE (smoothed with alpha=0.01): 0.0145
New best smoothed test MSE: 0.0145. Saving best model to experiments/experiment_39492_best.ckpt
Test MSE group_0: nan
Test MSE group_1: 0.0073
Test MSE group_2: nan
Test MSE group_3: nan
Poisson likelihood: 0.0
CE loss: 0.0
train MSE group_0: nan
train MSE group_1: 0.0073
train MSE group_2: nan
train MSE group_3: nan
CE loss (TEST): 0.0
Experiment 39492
Epoch 0080 [Test seq (cond on sampled tp)] | Loss 19.913694 | Likelihood -19.857513 | KL fp 2.5719 | FP STD 0.0735|
KL coef: 0.505161340399793
Train loss (one batch): 19.80959129333496
Train CE loss (one batch): 0.0
Test MSE (raw): 0.0047
Test MSE (smoothed with alpha=0.01): 0.0144
New best smoothed test MSE: 0.0144. Saving best model to experiments/experiment_39492_best.ckpt
Test MSE group_0: nan
Test MSE group_1: 0.0047
Test MSE group_2: nan
Test MSE group_3: nan
Poisson likelihood: 0.0
CE loss: 0.0
train MSE group_0: nan
train MSE group_1: 0.0047
train MSE group_2: nan
train MSE group_3: nan
CE loss (TEST): 0.0
