/Users/benjaminmaurel/Documents/Training_Sanofi/notebooks_hands_on/latent_ode/run_models.py
run_models.py --niters 3000 -n 200 -s 40 -l 10 --dataset PK_Tacro --latent-ode --noise-weight 0.01 --max-t 5. --seed 2 --experiment 38648
Experiment 38648
Epoch 1000 [Test seq (cond on sampled tp)] | Loss 93.857826 | Likelihood -91.390137 | KL fp 5.3477 | FP STD 0.1554|
KL coef: 0.9999522643707747
Train loss (one batch): 106.41581726074219
Train CE loss (one batch): 0.0
Test MSE (raw): 0.0190
Test MSE (smoothed with alpha=0.01): 0.0190
New best smoothed test MSE: 0.0190. Saving best model to experiments/experiment_38648_best.ckpt
Test MSE group_0: 0.0131
Test MSE group_1: 0.0255
Test MSE group_2: nan
Test MSE group_3: nan
Poisson likelihood: 0.0
CE loss: 0.0
train MSE group_0: 0.0143
train MSE group_1: 0.0276
train MSE group_2: nan
train MSE group_3: nan
CE loss (TEST): 0.0
Experiment 38648
Epoch 2000 [Test seq (cond on sampled tp)] | Loss 85.059052 | Likelihood -82.840851 | KL fp 5.1810 | FP STD 0.1621|
KL coef: 0.9999999979391934
Train loss (one batch): 95.25482940673828
Train CE loss (one batch): 0.0
Test MSE (raw): 0.0173
Test MSE (smoothed with alpha=0.01): 0.0190
New best smoothed test MSE: 0.0190. Saving best model to experiments/experiment_38648_best.ckpt
Test MSE group_0: 0.0127
Test MSE group_1: 0.0224
Test MSE group_2: nan
Test MSE group_3: nan
Poisson likelihood: 0.0
CE loss: 0.0
train MSE group_0: 0.0140
train MSE group_1: 0.0239
train MSE group_2: nan
train MSE group_3: nan
CE loss (TEST): 0.0
