/Users/benjaminmaurel/Documents/Training_Sanofi/notebooks_hands_on/latent_ode/run_models.py
run_models.py --niters 3000 -n 200 -s 40 -l 10 --dataset PK_Tacro --latent-ode --noise-weight 0.01 --max-t 5. --seed 185 --experiment 23143
Experiment 23143
Epoch 1000 [Test seq (cond on sampled tp)] | Loss 158.910172 | Likelihood -155.130035 | KL fp 6.9309 | FP STD 0.2351|
KL coef: 0.9999522643707747
Train loss (one batch): 165.04197692871094
Train CE loss (one batch): 0.0
Test MSE (raw): 0.0318
Test MSE (smoothed with alpha=0.01): 0.0318
New best smoothed test MSE: 0.0318. Saving best model to experiments/experiment_23143_best.ckpt
Test MSE group_0: 0.0290
Test MSE group_1: 0.0345
Test MSE group_2: nan
Test MSE group_3: nan
Poisson likelihood: 0.0
CE loss: 0.0
train MSE group_0: 0.0326
train MSE group_1: 0.0327
train MSE group_2: nan
train MSE group_3: nan
CE loss (TEST): 0.0
Experiment 23143
Epoch 2000 [Test seq (cond on sampled tp)] | Loss 145.247253 | Likelihood -142.066620 | KL fp 6.5434 | FP STD 0.2176|
KL coef: 0.9999999979391934
Train loss (one batch): 145.02032470703125
Train CE loss (one batch): 0.0
Test MSE (raw): 0.0292
Test MSE (smoothed with alpha=0.01): 0.0317
New best smoothed test MSE: 0.0317. Saving best model to experiments/experiment_23143_best.ckpt
Test MSE group_0: 0.0274
Test MSE group_1: 0.0309
Test MSE group_2: nan
Test MSE group_3: nan
Poisson likelihood: 0.0
CE loss: 0.0
train MSE group_0: 0.0289
train MSE group_1: 0.0285
train MSE group_2: nan
train MSE group_3: nan
CE loss (TEST): 0.0
Experiment 23143
Epoch 3000 [Test seq (cond on sampled tp)] | Loss 134.374161 | Likelihood -130.421707 | KL fp 6.8041 | FP STD 0.1425|
KL coef: 0.9999999999999111
Train loss (one batch): 130.18505859375
Train CE loss (one batch): 0.0
Test MSE (raw): 0.0268
Test MSE (smoothed with alpha=0.01): 0.0317
New best smoothed test MSE: 0.0317. Saving best model to experiments/experiment_23143_best.ckpt
Test MSE group_0: 0.0257
Test MSE group_1: 0.0279
Test MSE group_2: nan
Test MSE group_3: nan
Poisson likelihood: 0.0
CE loss: 0.0
train MSE group_0: 0.0263
train MSE group_1: 0.0251
train MSE group_2: nan
train MSE group_3: nan
CE loss (TEST): 0.0
