/Users/benjaminmaurel/Documents/Training_Sanofi/notebooks_hands_on/latent_ode/run_models.py
run_models.py --niters 3000 -n 200 -s 40 -l 10 --dataset PK_Tacro --latent-ode --noise-weight 0.01 --max-t 5. --seed 49 --experiment 27866
Experiment 27866
Epoch 1000 [Test seq (cond on sampled tp)] | Loss 233.362869 | Likelihood -228.160614 | KL fp 8.6270 | FP STD 0.1982|
KL coef: 0.9999522643707747
Train loss (one batch): 233.6183319091797
Train CE loss (one batch): 0.0
Test MSE (raw): 0.0464
Test MSE (smoothed with alpha=0.01): 0.0464
New best smoothed test MSE: 0.0464. Saving best model to experiments/experiment_27866_best.ckpt
Test MSE group_0: 0.0377
Test MSE group_1: 0.0544
Test MSE group_2: nan
Test MSE group_3: nan
Poisson likelihood: 0.0
CE loss: 0.0
train MSE group_0: 0.0436
train MSE group_1: 0.0489
train MSE group_2: nan
train MSE group_3: nan
CE loss (TEST): 0.0
Experiment 27866
Epoch 2000 [Test seq (cond on sampled tp)] | Loss 213.290619 | Likelihood -207.936813 | KL fp 8.3208 | FP STD 0.1799|
KL coef: 0.9999999979391934
Train loss (one batch): 212.9137725830078
Train CE loss (one batch): 0.0
Test MSE (raw): 0.0423
Test MSE (smoothed with alpha=0.01): 0.0463
New best smoothed test MSE: 0.0463. Saving best model to experiments/experiment_27866_best.ckpt
Test MSE group_0: 0.0360
Test MSE group_1: 0.0482
Test MSE group_2: nan
Test MSE group_3: nan
Poisson likelihood: 0.0
CE loss: 0.0
train MSE group_0: 0.0410
train MSE group_1: 0.0435
train MSE group_2: nan
train MSE group_3: nan
CE loss (TEST): 0.0
Experiment 27866
Epoch 3000 [Test seq (cond on sampled tp)] | Loss 202.466919 | Likelihood -197.213562 | KL fp 8.1276 | FP STD 0.1375|
KL coef: 0.9999999999999111
Train loss (one batch): 202.4855194091797
Train CE loss (one batch): 0.0
Test MSE (raw): 0.0402
Test MSE (smoothed with alpha=0.01): 0.0463
New best smoothed test MSE: 0.0463. Saving best model to experiments/experiment_27866_best.ckpt
Test MSE group_0: 0.0351
Test MSE group_1: 0.0449
Test MSE group_2: nan
Test MSE group_3: nan
Poisson likelihood: 0.0
CE loss: 0.0
train MSE group_0: 0.0398
train MSE group_1: 0.0400
train MSE group_2: nan
train MSE group_3: nan
CE loss (TEST): 0.0
