/Users/benjaminmaurel/Documents/Training_Sanofi/notebooks_hands_on/latent_ode/run_models.py
run_models.py --niters 3000 -n 200 -s 40 -l 10 --dataset PK_Tacro --latent-ode --noise-weight 0.01 --max-t 5. --seed 188 --experiment 31339
Experiment 31339
Epoch 1000 [Test seq (cond on sampled tp)] | Loss 162.924500 | Likelihood -157.412323 | KL fp 8.4208 | FP STD 0.1036|
KL coef: 0.9999522643707747
Train loss (one batch): 155.1008758544922
Train CE loss (one batch): 0.0
Test MSE (raw): 0.0322
Test MSE (smoothed with alpha=0.01): 0.0322
New best smoothed test MSE: 0.0322. Saving best model to experiments/experiment_31339_best.ckpt
Test MSE group_0: 0.0292
Test MSE group_1: 0.0352
Test MSE group_2: nan
Test MSE group_3: nan
Poisson likelihood: 0.0
CE loss: 0.0
train MSE group_0: 0.0261
train MSE group_1: 0.0333
train MSE group_2: nan
train MSE group_3: nan
CE loss (TEST): 0.0
Experiment 31339
Epoch 2000 [Test seq (cond on sampled tp)] | Loss 158.583252 | Likelihood -153.454086 | KL fp 8.0079 | FP STD 0.0878|
KL coef: 0.9999999979391934
Train loss (one batch): 148.7858123779297
Train CE loss (one batch): 0.0
Test MSE (raw): 0.0314
Test MSE (smoothed with alpha=0.01): 0.0322
New best smoothed test MSE: 0.0322. Saving best model to experiments/experiment_31339_best.ckpt
Test MSE group_0: 0.0287
Test MSE group_1: 0.0341
Test MSE group_2: nan
Test MSE group_3: nan
Poisson likelihood: 0.0
CE loss: 0.0
train MSE group_0: 0.0251
train MSE group_1: 0.0321
train MSE group_2: nan
train MSE group_3: nan
CE loss (TEST): 0.0
Experiment 31339
Epoch 3000 [Test seq (cond on sampled tp)] | Loss 151.121429 | Likelihood -146.245850 | KL fp 7.5903 | FP STD 0.0710|
KL coef: 0.9999999999999111
Train loss (one batch): 137.9338836669922
Train CE loss (one batch): 0.0
Test MSE (raw): 0.0300
Test MSE (smoothed with alpha=0.01): 0.0322
New best smoothed test MSE: 0.0322. Saving best model to experiments/experiment_31339_best.ckpt
Test MSE group_0: 0.0284
Test MSE group_1: 0.0316
Test MSE group_2: nan
Test MSE group_3: nan
Poisson likelihood: 0.0
CE loss: 0.0
train MSE group_0: 0.0240
train MSE group_1: 0.0291
train MSE group_2: nan
train MSE group_3: nan
CE loss (TEST): 0.0
