/Users/benjaminmaurel/Documents/Training_Sanofi/notebooks_hands_on/latent_ode/run_models.py
run_models.py --niters 3000 -n 200 -s 40 -l 10 --dataset PK_Tacro --latent-ode --noise-weight 0.01 --max-t 5. --seed 101 --experiment 17349
Experiment 17349
Epoch 1000 [Test seq (cond on sampled tp)] | Loss 174.494446 | Likelihood -174.031662 | KL fp 3.9654 | FP STD 0.1322|
KL coef: 0.9999522643707747
Train loss (one batch): 182.22190856933594
Train CE loss (one batch): 0.0
Test MSE (raw): 0.0355
Test MSE (smoothed with alpha=0.01): 0.0355
New best smoothed test MSE: 0.0355. Saving best model to experiments/experiment_17349_best.ckpt
Test MSE group_0: 0.0303
Test MSE group_1: 0.0407
Test MSE group_2: nan
Test MSE group_3: nan
Poisson likelihood: 0.0
CE loss: 0.0
train MSE group_0: 0.0326
train MSE group_1: 0.0427
train MSE group_2: nan
train MSE group_3: nan
CE loss (TEST): 0.0
Experiment 17349
Epoch 2000 [Test seq (cond on sampled tp)] | Loss 166.898483 | Likelihood -166.723450 | KL fp 3.8003 | FP STD 0.1573|
KL coef: 0.9999999979391934
Train loss (one batch): 172.90899658203125
Train CE loss (one batch): 0.0
Test MSE (raw): 0.0341
Test MSE (smoothed with alpha=0.01): 0.0355
New best smoothed test MSE: 0.0355. Saving best model to experiments/experiment_17349_best.ckpt
Test MSE group_0: 0.0309
Test MSE group_1: 0.0372
Test MSE group_2: nan
Test MSE group_3: nan
Poisson likelihood: 0.0
CE loss: 0.0
train MSE group_0: 0.0325
train MSE group_1: 0.0382
train MSE group_2: nan
train MSE group_3: nan
CE loss (TEST): 0.0
Experiment 17349
Epoch 3000 [Test seq (cond on sampled tp)] | Loss 153.233734 | Likelihood -151.703552 | KL fp 4.2531 | FP STD 0.0671|
KL coef: 0.9999999999999111
Train loss (one batch): 158.1191864013672
Train CE loss (one batch): 0.0
Test MSE (raw): 0.0311
Test MSE (smoothed with alpha=0.01): 0.0355
New best smoothed test MSE: 0.0355. Saving best model to experiments/experiment_17349_best.ckpt
Test MSE group_0: 0.0290
Test MSE group_1: 0.0332
Test MSE group_2: nan
Test MSE group_3: nan
Poisson likelihood: 0.0
CE loss: 0.0
train MSE group_0: 0.0301
train MSE group_1: 0.0338
train MSE group_2: nan
train MSE group_3: nan
CE loss (TEST): 0.0
