/Users/benjaminmaurel/Documents/Training_Sanofi/notebooks_hands_on/latent_ode/run_models.py
run_models.py --niters 3000 -n 200 -s 40 -l 10 --dataset PK_Tacro --latent-ode --noise-weight 0.01 --max-t 5. --seed 147 --experiment 15203
Experiment 15203
Epoch 1000 [Test seq (cond on sampled tp)] | Loss 154.619781 | Likelihood -151.583374 | KL fp 5.7888 | FP STD 0.1086|
KL coef: 0.9999522643707747
Train loss (one batch): 162.50047302246094
Train CE loss (one batch): 0.0
Test MSE (raw): 0.0311
Test MSE (smoothed with alpha=0.01): 0.0311
New best smoothed test MSE: 0.0311. Saving best model to experiments/experiment_15203_best.ckpt
Test MSE group_0: 0.0272
Test MSE group_1: 0.0349
Test MSE group_2: nan
Test MSE group_3: nan
Poisson likelihood: 0.0
CE loss: 0.0
train MSE group_0: 0.0288
train MSE group_1: 0.0354
train MSE group_2: nan
train MSE group_3: nan
CE loss (TEST): 0.0
Experiment 15203
Epoch 2000 [Test seq (cond on sampled tp)] | Loss 141.469269 | Likelihood -138.149063 | KL fp 5.8541 | FP STD 0.0829|
KL coef: 0.9999999979391934
Train loss (one batch): 147.5147705078125
Train CE loss (one batch): 0.0
Test MSE (raw): 0.0284
Test MSE (smoothed with alpha=0.01): 0.0310
New best smoothed test MSE: 0.0310. Saving best model to experiments/experiment_15203_best.ckpt
Test MSE group_0: 0.0260
Test MSE group_1: 0.0307
Test MSE group_2: nan
Test MSE group_3: nan
Poisson likelihood: 0.0
CE loss: 0.0
train MSE group_0: 0.0276
train MSE group_1: 0.0308
train MSE group_2: nan
train MSE group_3: nan
CE loss (TEST): 0.0
Experiment 15203
Epoch 3000 [Test seq (cond on sampled tp)] | Loss 134.847473 | Likelihood -131.859573 | KL fp 5.5517 | FP STD 0.0821|
KL coef: 0.9999999999999111
Train loss (one batch): 139.84461975097656
Train CE loss (one batch): 0.0
Test MSE (raw): 0.0271
Test MSE (smoothed with alpha=0.01): 0.0310
New best smoothed test MSE: 0.0310. Saving best model to experiments/experiment_15203_best.ckpt
Test MSE group_0: 0.0255
Test MSE group_1: 0.0287
Test MSE group_2: nan
Test MSE group_3: nan
Poisson likelihood: 0.0
CE loss: 0.0
train MSE group_0: 0.0268
train MSE group_1: 0.0287
train MSE group_2: nan
train MSE group_3: nan
CE loss (TEST): 0.0
