/Users/benjaminmaurel/Documents/Training_Sanofi/notebooks_hands_on/latent_ode/run_models.py
run_models.py --niters 3000 -n 200 -s 40 -l 10 --dataset PK_Tacro --latent-ode --noise-weight 0.01 --max-t 5. --seed 4 --experiment 29431
Experiment 29431
Epoch 1000 [Test seq (cond on sampled tp)] | Loss 7669.384766 | Likelihood -7692.744141 | KL fp 9.2196 | FP STD 0.1283|
KL coef: 0.9999522643707747
Train loss (one batch): 6925.09912109375
Train CE loss (one batch): 0.0
Test MSE (raw): 1.5393
Test MSE (smoothed with alpha=0.01): 1.5393
New best smoothed test MSE: 1.5393. Saving best model to experiments/experiment_29431_best.ckpt
Test MSE group_0: 1.5067
Test MSE group_1: 1.5718
Test MSE group_2: nan
Test MSE group_3: nan
Poisson likelihood: 0.0
CE loss: 0.0
train MSE group_0: 1.3964
train MSE group_1: 1.3739
train MSE group_2: nan
train MSE group_3: nan
CE loss (TEST): 0.0
Experiment 29431
Epoch 2000 [Test seq (cond on sampled tp)] | Loss 8022.631348 | Likelihood -8073.910156 | KL fp 9.5228 | FP STD 0.0911|
KL coef: 0.9999999979391934
Train loss (one batch): 6216.59716796875
Train CE loss (one batch): 0.0
Test MSE (raw): 1.6155
Test MSE (smoothed with alpha=0.01): 1.5400
Smoothed Test MSE did not improve. Early stopping counter: 1/10000
Test MSE group_0: 1.5752
Test MSE group_1: 1.6559
Test MSE group_2: nan
Test MSE group_3: nan
Poisson likelihood: 0.0
CE loss: 0.0
train MSE group_0: 1.2630
train MSE group_1: 1.2324
train MSE group_2: nan
train MSE group_3: nan
CE loss (TEST): 0.0
Experiment 29431
Epoch 3000 [Test seq (cond on sampled tp)] | Loss 8588.245117 | Likelihood -8638.503906 | KL fp 9.3951 | FP STD 0.0882|
KL coef: 0.9999999999999111
Train loss (one batch): 5880.33935546875
Train CE loss (one batch): 0.0
Test MSE (raw): 1.7284
Test MSE (smoothed with alpha=0.01): 1.5419
Smoothed Test MSE did not improve. Early stopping counter: 2/10000
Test MSE group_0: 1.6937
Test MSE group_1: 1.7649
Test MSE group_2: nan
Test MSE group_3: nan
Poisson likelihood: 0.0
CE loss: 0.0
train MSE group_0: 1.1809
train MSE group_1: 1.1706
train MSE group_2: nan
train MSE group_3: nan
CE loss (TEST): 0.0
