/Users/benjaminmaurel/Documents/Training_Sanofi/notebooks_hands_on/latent_ode/run_models.py
run_models.py --niters 3000 -n 200 -s 40 -l 10 --dataset PK_Tacro --latent-ode --noise-weight 0.01 --max-t 5. --seed 34 --experiment 11050
Experiment 11050
Epoch 1000 [Test seq (cond on sampled tp)] | Loss 215.232269 | Likelihood -214.473663 | KL fp 3.4963 | FP STD 0.0790|
KL coef: 0.9999522643707747
Train loss (one batch): 218.82850646972656
Train CE loss (one batch): 0.0
Test MSE (raw): 0.0436
Test MSE (smoothed with alpha=0.01): 0.0436
New best smoothed test MSE: 0.0436. Saving best model to experiments/experiment_11050_best.ckpt
Test MSE group_0: 0.0364
Test MSE group_1: 0.0508
Test MSE group_2: nan
Test MSE group_3: nan
Poisson likelihood: 0.0
CE loss: 0.0
train MSE group_0: 0.0397
train MSE group_1: 0.0480
train MSE group_2: nan
train MSE group_3: nan
CE loss (TEST): 0.0
Experiment 11050
Epoch 2000 [Test seq (cond on sampled tp)] | Loss 180.568085 | Likelihood -180.896484 | KL fp 3.5791 | FP STD 0.0700|
KL coef: 0.9999999979391934
Train loss (one batch): 188.0347137451172
Train CE loss (one batch): 0.0
Test MSE (raw): 0.0369
Test MSE (smoothed with alpha=0.01): 0.0436
New best smoothed test MSE: 0.0436. Saving best model to experiments/experiment_11050_best.ckpt
Test MSE group_0: 0.0331
Test MSE group_1: 0.0407
Test MSE group_2: nan
Test MSE group_3: nan
Poisson likelihood: 0.0
CE loss: 0.0
train MSE group_0: 0.0359
train MSE group_1: 0.0397
train MSE group_2: nan
train MSE group_3: nan
CE loss (TEST): 0.0
Experiment 11050
Epoch 3000 [Test seq (cond on sampled tp)] | Loss 161.791351 | Likelihood -162.403290 | KL fp 3.5845 | FP STD 0.0761|
KL coef: 0.9999999999999111
Train loss (one batch): 173.50234985351562
Train CE loss (one batch): 0.0
Test MSE (raw): 0.0332
Test MSE (smoothed with alpha=0.01): 0.0435
New best smoothed test MSE: 0.0435. Saving best model to experiments/experiment_11050_best.ckpt
Test MSE group_0: 0.0306
Test MSE group_1: 0.0358
Test MSE group_2: nan
Test MSE group_3: nan
Poisson likelihood: 0.0
CE loss: 0.0
train MSE group_0: 0.0339
train MSE group_1: 0.0359
train MSE group_2: nan
train MSE group_3: nan
CE loss (TEST): 0.0
