/Users/benjaminmaurel/Documents/Training_Sanofi/notebooks_hands_on/latent_ode/run_models.py
run_models.py --niters 3000 -n 200 -s 40 -l 10 --dataset PK_Tacro --latent-ode --noise-weight 0.01 --max-t 5. --seed 44 --experiment 10635
Experiment 10635
Epoch 1000 [Test seq (cond on sampled tp)] | Loss 199.024780 | Likelihood -195.957260 | KL fp 5.8472 | FP STD 0.1585|
KL coef: 0.9999522643707747
Train loss (one batch): 183.80035400390625
Train CE loss (one batch): 0.0
Test MSE (raw): 0.0399
Test MSE (smoothed with alpha=0.01): 0.0399
New best smoothed test MSE: 0.0399. Saving best model to experiments/experiment_10635_best.ckpt
Test MSE group_0: 0.0334
Test MSE group_1: 0.0472
Test MSE group_2: nan
Test MSE group_3: nan
Poisson likelihood: 0.0
CE loss: 0.0
train MSE group_0: 0.0319
train MSE group_1: 0.0424
train MSE group_2: nan
train MSE group_3: nan
CE loss (TEST): 0.0
Experiment 10635
Epoch 2000 [Test seq (cond on sampled tp)] | Loss 213.032700 | Likelihood -215.297073 | KL fp 5.6553 | FP STD 0.2294|
KL coef: 0.9999999979391934
Train loss (one batch): 204.0547332763672
Train CE loss (one batch): 0.0
Test MSE (raw): 0.0438
Test MSE (smoothed with alpha=0.01): 0.0400
Smoothed Test MSE did not improve. Early stopping counter: 1/10000
Test MSE group_0: 0.0426
Test MSE group_1: 0.0452
Test MSE group_2: nan
Test MSE group_3: nan
Poisson likelihood: 0.0
CE loss: 0.0
train MSE group_0: 0.0423
train MSE group_1: 0.0401
train MSE group_2: nan
train MSE group_3: nan
CE loss (TEST): 0.0
Experiment 10635
Epoch 3000 [Test seq (cond on sampled tp)] | Loss 178.445557 | Likelihood -175.960159 | KL fp 5.6334 | FP STD 0.1354|
KL coef: 0.9999999999999111
Train loss (one batch): 159.65538024902344
Train CE loss (one batch): 0.0
Test MSE (raw): 0.0359
Test MSE (smoothed with alpha=0.01): 0.0399
New best smoothed test MSE: 0.0399. Saving best model to experiments/experiment_10635_best.ckpt
Test MSE group_0: 0.0319
Test MSE group_1: 0.0404
Test MSE group_2: nan
Test MSE group_3: nan
Poisson likelihood: 0.0
CE loss: 0.0
train MSE group_0: 0.0297
train MSE group_1: 0.0346
train MSE group_2: nan
train MSE group_3: nan
CE loss (TEST): 0.0
