/Users/benjaminmaurel/Documents/Training_Sanofi/notebooks_hands_on/latent_ode/run_models.py
run_models.py --niters 3000 -n 200 -s 40 -l 10 --dataset PK_Tacro --latent-ode --noise-weight 0.01 --max-t 5. --seed 195 --experiment 12814
Experiment 12814
Epoch 1000 [Test seq (cond on sampled tp)] | Loss 240.479919 | Likelihood -241.710373 | KL fp 6.0232 | FP STD 0.2476|
KL coef: 0.9999522643707747
Train loss (one batch): 264.7469787597656
Train CE loss (one batch): 0.0
Test MSE (raw): 0.0491
Test MSE (smoothed with alpha=0.01): 0.0491
New best smoothed test MSE: 0.0491. Saving best model to experiments/experiment_12814_best.ckpt
Test MSE group_0: 0.0411
Test MSE group_1: 0.0570
Test MSE group_2: nan
Test MSE group_3: nan
Poisson likelihood: 0.0
CE loss: 0.0
train MSE group_0: 0.0430
train MSE group_1: 0.0621
train MSE group_2: nan
train MSE group_3: nan
CE loss (TEST): 0.0
Experiment 12814
Epoch 2000 [Test seq (cond on sampled tp)] | Loss 173.312286 | Likelihood -170.445465 | KL fp 5.8088 | FP STD 0.1107|
KL coef: 0.9999999979391934
Train loss (one batch): 189.43202209472656
Train CE loss (one batch): 0.0
Test MSE (raw): 0.0348
Test MSE (smoothed with alpha=0.01): 0.0489
New best smoothed test MSE: 0.0489. Saving best model to experiments/experiment_12814_best.ckpt
Test MSE group_0: 0.0309
Test MSE group_1: 0.0388
Test MSE group_2: nan
Test MSE group_3: nan
Poisson likelihood: 0.0
CE loss: 0.0
train MSE group_0: 0.0317
train MSE group_1: 0.0429
train MSE group_2: nan
train MSE group_3: nan
CE loss (TEST): 0.0
Experiment 12814
Epoch 3000 [Test seq (cond on sampled tp)] | Loss 160.770935 | Likelihood -157.844849 | KL fp 5.7935 | FP STD 0.1103|
KL coef: 0.9999999999999111
Train loss (one batch): 174.3125457763672
Train CE loss (one batch): 0.0
Test MSE (raw): 0.0323
Test MSE (smoothed with alpha=0.01): 0.0488
New best smoothed test MSE: 0.0488. Saving best model to experiments/experiment_12814_best.ckpt
Test MSE group_0: 0.0298
Test MSE group_1: 0.0348
Test MSE group_2: nan
Test MSE group_3: nan
Poisson likelihood: 0.0
CE loss: 0.0
train MSE group_0: 0.0299
train MSE group_1: 0.0391
train MSE group_2: nan
train MSE group_3: nan
CE loss (TEST): 0.0
