/Users/benjaminmaurel/Documents/Training_Sanofi/notebooks_hands_on/latent_ode/run_models.py
run_models.py --niters 3000 -n 200 -s 40 -l 10 --dataset PK_Tacro --latent-ode --noise-weight 0.01 --max-t 5. --seed 5 --experiment 30811
Experiment 30811
Epoch 1000 [Test seq (cond on sampled tp)] | Loss 186.569458 | Likelihood -184.749817 | KL fp 4.4635 | FP STD 0.1259|
KL coef: 0.9999522643707747
Train loss (one batch): 185.85853576660156
Train CE loss (one batch): 0.0
Test MSE (raw): 0.0377
Test MSE (smoothed with alpha=0.01): 0.0377
New best smoothed test MSE: 0.0377. Saving best model to experiments/experiment_30811_best.ckpt
Test MSE group_0: 0.0314
Test MSE group_1: 0.0439
Test MSE group_2: nan
Test MSE group_3: nan
Poisson likelihood: 0.0
CE loss: 0.0
train MSE group_0: 0.0326
train MSE group_1: 0.0425
train MSE group_2: nan
train MSE group_3: nan
CE loss (TEST): 0.0
Experiment 30811
Epoch 2000 [Test seq (cond on sampled tp)] | Loss 149.521133 | Likelihood -147.927963 | KL fp 4.2541 | FP STD 0.1037|
KL coef: 0.9999999979391934
Train loss (one batch): 153.84898376464844
Train CE loss (one batch): 0.0
Test MSE (raw): 0.0303
Test MSE (smoothed with alpha=0.01): 0.0376
New best smoothed test MSE: 0.0376. Saving best model to experiments/experiment_30811_best.ckpt
Test MSE group_0: 0.0274
Test MSE group_1: 0.0332
Test MSE group_2: nan
Test MSE group_3: nan
Poisson likelihood: 0.0
CE loss: 0.0
train MSE group_0: 0.0277
train MSE group_1: 0.0348
train MSE group_2: nan
train MSE group_3: nan
CE loss (TEST): 0.0
Experiment 30811
Epoch 3000 [Test seq (cond on sampled tp)] | Loss 142.582764 | Likelihood -140.953400 | KL fp 4.5800 | FP STD 0.1061|
KL coef: 0.9999999999999111
Train loss (one batch): 147.89959716796875
Train CE loss (one batch): 0.0
Test MSE (raw): 0.0289
Test MSE (smoothed with alpha=0.01): 0.0375
New best smoothed test MSE: 0.0375. Saving best model to experiments/experiment_30811_best.ckpt
Test MSE group_0: 0.0264
Test MSE group_1: 0.0314
Test MSE group_2: nan
Test MSE group_3: nan
Poisson likelihood: 0.0
CE loss: 0.0
train MSE group_0: 0.0272
train MSE group_1: 0.0324
train MSE group_2: nan
train MSE group_3: nan
CE loss (TEST): 0.0
