/Users/benjaminmaurel/Documents/Training_Sanofi/notebooks_hands_on/latent_ode/run_models.py
run_models.py --niters 3000 -n 200 -s 40 -l 10 --dataset PK_Tacro --latent-ode --noise-weight 0.01 --max-t 5. --seed 49 --experiment 18464
Experiment 18464
Epoch 1000 [Test seq (cond on sampled tp)] | Loss 191.263931 | Likelihood -187.486603 | KL fp 7.3616 | FP STD 0.2954|
KL coef: 0.9999522643707747
Train loss (one batch): 179.0277862548828
Train CE loss (one batch): 0.0
Test MSE (raw): 0.0382
Test MSE (smoothed with alpha=0.01): 0.0382
New best smoothed test MSE: 0.0382. Saving best model to experiments/experiment_18464_best.ckpt
Test MSE group_0: 0.0306
Test MSE group_1: 0.0458
Test MSE group_2: nan
Test MSE group_3: nan
Poisson likelihood: 0.0
CE loss: 0.0
train MSE group_0: 0.0321
train MSE group_1: 0.0389
train MSE group_2: nan
train MSE group_3: nan
CE loss (TEST): 0.0
