/Users/benjaminmaurel/Documents/Training_Sanofi/notebooks_hands_on/latent_ode/run_models.py
run_models.py --niters 3000 -n 200 -s 40 -l 10 --dataset PK_Tacro --latent-ode --noise-weight 0.01 --max-t 5. --seed 23 --experiment 19906
Experiment 19906
Epoch 1000 [Test seq (cond on sampled tp)] | Loss 232.048096 | Likelihood -229.540573 | KL fp 5.3698 | FP STD 0.1446|
KL coef: 0.9999522643707747
Train loss (one batch): 240.9013671875
Train CE loss (one batch): 0.0
Test MSE (raw): 0.0466
Test MSE (smoothed with alpha=0.01): 0.0466
New best smoothed test MSE: 0.0466. Saving best model to experiments/experiment_19906_best.ckpt
Test MSE group_0: 0.0424
Test MSE group_1: 0.0504
Test MSE group_2: nan
Test MSE group_3: nan
Poisson likelihood: 0.0
CE loss: 0.0
train MSE group_0: 0.0423
train MSE group_1: 0.0544
train MSE group_2: nan
train MSE group_3: nan
CE loss (TEST): 0.0
Experiment 19906
Epoch 2000 [Test seq (cond on sampled tp)] | Loss 209.959106 | Likelihood -210.018082 | KL fp 5.0106 | FP STD 0.2134|
KL coef: 0.9999999979391934
Train loss (one batch): 219.0047149658203
Train CE loss (one batch): 0.0
Test MSE (raw): 0.0427
Test MSE (smoothed with alpha=0.01): 0.0466
New best smoothed test MSE: 0.0466. Saving best model to experiments/experiment_19906_best.ckpt
Test MSE group_0: 0.0390
Test MSE group_1: 0.0461
Test MSE group_2: nan
Test MSE group_3: nan
Poisson likelihood: 0.0
CE loss: 0.0
train MSE group_0: 0.0391
train MSE group_1: 0.0489
train MSE group_2: nan
train MSE group_3: nan
CE loss (TEST): 0.0
Experiment 19906
Epoch 3000 [Test seq (cond on sampled tp)] | Loss 193.853882 | Likelihood -191.825317 | KL fp 4.9738 | FP STD 0.1794|
KL coef: 0.9999999999999111
Train loss (one batch): 200.1143341064453
Train CE loss (one batch): 0.0
Test MSE (raw): 0.0391
Test MSE (smoothed with alpha=0.01): 0.0465
New best smoothed test MSE: 0.0465. Saving best model to experiments/experiment_19906_best.ckpt
Test MSE group_0: 0.0356
Test MSE group_1: 0.0421
Test MSE group_2: nan
Test MSE group_3: nan
Poisson likelihood: 0.0
CE loss: 0.0
train MSE group_0: 0.0356
train MSE group_1: 0.0446
train MSE group_2: nan
train MSE group_3: nan
CE loss (TEST): 0.0
