/Users/benjaminmaurel/Documents/Training_Sanofi/notebooks_hands_on/latent_ode/run_models.py
run_models.py --niters 3000 -n 200 -s 40 -l 10 --dataset PK_Tacro --latent-ode --noise-weight 0.01 --max-t 5. --seed 6 --experiment 17907
Experiment 17907
Epoch 1000 [Test seq (cond on sampled tp)] | Loss 188.412689 | Likelihood -187.356735 | KL fp 8.3333 | FP STD 0.1064|
KL coef: 0.9999522643707747
Train loss (one batch): 150.91282653808594
Train CE loss (one batch): 0.0
Test MSE (raw): 0.0382
Test MSE (smoothed with alpha=0.01): 0.0382
New best smoothed test MSE: 0.0382. Saving best model to experiments/experiment_17907_best.ckpt
Test MSE group_0: 0.0255
Test MSE group_1: 0.0520
Test MSE group_2: nan
Test MSE group_3: nan
Poisson likelihood: 0.0
CE loss: 0.0
train MSE group_0: 0.0249
train MSE group_1: 0.0340
train MSE group_2: nan
train MSE group_3: nan
CE loss (TEST): 0.0
Experiment 17907
Epoch 2000 [Test seq (cond on sampled tp)] | Loss 115.407562 | Likelihood -116.471519 | KL fp 7.8747 | FP STD 0.1079|
KL coef: 0.9999999979391934
Train loss (one batch): 97.99500274658203
Train CE loss (one batch): 0.0
Test MSE (raw): 0.0240
Test MSE (smoothed with alpha=0.01): 0.0381
New best smoothed test MSE: 0.0381. Saving best model to experiments/experiment_17907_best.ckpt
Test MSE group_0: 0.0156
Test MSE group_1: 0.0331
Test MSE group_2: nan
Test MSE group_3: nan
Poisson likelihood: 0.0
CE loss: 0.0
train MSE group_0: 0.0161
train MSE group_1: 0.0219
train MSE group_2: nan
train MSE group_3: nan
CE loss (TEST): 0.0
Experiment 17907
Epoch 3000 [Test seq (cond on sampled tp)] | Loss 104.272202 | Likelihood -99.990616 | KL fp 7.6583 | FP STD 0.0914|
KL coef: 0.9999999999999111
Train loss (one batch): 87.79129791259766
Train CE loss (one batch): 0.0
Test MSE (raw): 0.0207
Test MSE (smoothed with alpha=0.01): 0.0379
New best smoothed test MSE: 0.0379. Saving best model to experiments/experiment_17907_best.ckpt
Test MSE group_0: 0.0144
Test MSE group_1: 0.0276
Test MSE group_2: nan
Test MSE group_3: nan
Poisson likelihood: 0.0
CE loss: 0.0
train MSE group_0: 0.0146
train MSE group_1: 0.0194
train MSE group_2: nan
train MSE group_3: nan
CE loss (TEST): 0.0
