/Users/benjaminmaurel/Documents/Training_Sanofi/notebooks_hands_on/latent_ode/run_models.py
run_models.py --niters 3000 -n 200 -s 40 -l 10 --dataset PK_Tacro --latent-ode --noise-weight 0.01 --max-t 5. --seed 103 --experiment 20197
Experiment 20197
Epoch 1000 [Test seq (cond on sampled tp)] | Loss 214.108154 | Likelihood -213.403229 | KL fp 4.6399 | FP STD 0.1572|
KL coef: 0.9999522643707747
Train loss (one batch): 204.8721923828125
Train CE loss (one batch): 0.0
Test MSE (raw): 0.0434
Test MSE (smoothed with alpha=0.01): 0.0434
New best smoothed test MSE: 0.0434. Saving best model to experiments/experiment_20197_best.ckpt
Test MSE group_0: 0.0383
Test MSE group_1: 0.0484
Test MSE group_2: nan
Test MSE group_3: nan
Poisson likelihood: 0.0
CE loss: 0.0
train MSE group_0: 0.0352
train MSE group_1: 0.0466
train MSE group_2: nan
train MSE group_3: nan
CE loss (TEST): 0.0
Experiment 20197
Epoch 2000 [Test seq (cond on sampled tp)] | Loss 205.011414 | Likelihood -203.640106 | KL fp 4.4358 | FP STD 0.1388|
KL coef: 0.9999999979391934
Train loss (one batch): 190.153076171875
Train CE loss (one batch): 0.0
Test MSE (raw): 0.0415
Test MSE (smoothed with alpha=0.01): 0.0434
New best smoothed test MSE: 0.0434. Saving best model to experiments/experiment_20197_best.ckpt
Test MSE group_0: 0.0376
Test MSE group_1: 0.0453
Test MSE group_2: nan
Test MSE group_3: nan
Poisson likelihood: 0.0
CE loss: 0.0
train MSE group_0: 0.0345
train MSE group_1: 0.0419
train MSE group_2: nan
train MSE group_3: nan
CE loss (TEST): 0.0
Experiment 20197
Epoch 3000 [Test seq (cond on sampled tp)] | Loss 156.230621 | Likelihood -154.663300 | KL fp 4.5706 | FP STD 0.1138|
KL coef: 0.9999999999999111
Train loss (one batch): 143.22898864746094
Train CE loss (one batch): 0.0
Test MSE (raw): 0.0317
Test MSE (smoothed with alpha=0.01): 0.0433
New best smoothed test MSE: 0.0433. Saving best model to experiments/experiment_20197_best.ckpt
Test MSE group_0: 0.0282
Test MSE group_1: 0.0351
Test MSE group_2: nan
Test MSE group_3: nan
Poisson likelihood: 0.0
CE loss: 0.0
train MSE group_0: 0.0258
train MSE group_1: 0.0317
train MSE group_2: nan
train MSE group_3: nan
CE loss (TEST): 0.0
