/Users/benjaminmaurel/Documents/Training_Sanofi/notebooks_hands_on/latent_ode/run_models.py
run_models.py --niters 3000 -n 200 -s 40 -l 10 --dataset PK_Tacro --latent-ode --noise-weight 0.01 --max-t 5. --seed 152 --experiment 40557
Experiment 40557
Epoch 1000 [Test seq (cond on sampled tp)] | Loss 222.629822 | Likelihood -220.176224 | KL fp 5.4639 | FP STD 0.1131|
KL coef: 0.9999522643707747
Train loss (one batch): 199.3430938720703
Train CE loss (one batch): 0.0
Test MSE (raw): 0.0448
Test MSE (smoothed with alpha=0.01): 0.0448
New best smoothed test MSE: 0.0448. Saving best model to experiments/experiment_40557_best.ckpt
Test MSE group_0: 0.0396
Test MSE group_1: 0.0499
Test MSE group_2: nan
Test MSE group_3: nan
Poisson likelihood: 0.0
CE loss: 0.0
train MSE group_0: 0.0362
train MSE group_1: 0.0442
train MSE group_2: nan
train MSE group_3: nan
CE loss (TEST): 0.0
Experiment 40557
Epoch 2000 [Test seq (cond on sampled tp)] | Loss 181.145203 | Likelihood -178.699310 | KL fp 5.5300 | FP STD 0.1069|
KL coef: 0.9999999979391934
Train loss (one batch): 168.52410888671875
Train CE loss (one batch): 0.0
Test MSE (raw): 0.0365
Test MSE (smoothed with alpha=0.01): 0.0447
New best smoothed test MSE: 0.0447. Saving best model to experiments/experiment_40557_best.ckpt
Test MSE group_0: 0.0314
Test MSE group_1: 0.0415
Test MSE group_2: nan
Test MSE group_3: nan
Poisson likelihood: 0.0
CE loss: 0.0
train MSE group_0: 0.0308
train MSE group_1: 0.0371
train MSE group_2: nan
train MSE group_3: nan
CE loss (TEST): 0.0
Experiment 40557
Epoch 3000 [Test seq (cond on sampled tp)] | Loss 174.192139 | Likelihood -171.430756 | KL fp 5.5076 | FP STD 0.0875|
KL coef: 0.9999999999999111
Train loss (one batch): 163.62904357910156
Train CE loss (one batch): 0.0
Test MSE (raw): 0.0350
Test MSE (smoothed with alpha=0.01): 0.0446
New best smoothed test MSE: 0.0446. Saving best model to experiments/experiment_40557_best.ckpt
Test MSE group_0: 0.0307
Test MSE group_1: 0.0393
Test MSE group_2: nan
Test MSE group_3: nan
Poisson likelihood: 0.0
CE loss: 0.0
train MSE group_0: 0.0300
train MSE group_1: 0.0358
train MSE group_2: nan
train MSE group_3: nan
CE loss (TEST): 0.0
