/Users/benjaminmaurel/Documents/Training_Sanofi/notebooks_hands_on/latent_ode/run_models.py
run_models.py --niters 3000 -n 200 -s 40 -l 10 --dataset PK_Tacro --latent-ode --noise-weight 0.01 --max-t 5. --seed 16 --experiment 13540
Experiment 13540
Epoch 1000 [Test seq (cond on sampled tp)] | Loss 192.941086 | Likelihood -193.507660 | KL fp 4.6797 | FP STD 0.2467|
KL coef: 0.9999522643707747
Train loss (one batch): 205.21363830566406
Train CE loss (one batch): 0.0
Test MSE (raw): 0.0394
Test MSE (smoothed with alpha=0.01): 0.0394
New best smoothed test MSE: 0.0394. Saving best model to experiments/experiment_13540_best.ckpt
Test MSE group_0: 0.0382
Test MSE group_1: 0.0405
Test MSE group_2: nan
Test MSE group_3: nan
Poisson likelihood: 0.0
CE loss: 0.0
train MSE group_0: 0.0422
train MSE group_1: 0.0401
train MSE group_2: nan
train MSE group_3: nan
CE loss (TEST): 0.0
Experiment 13540
Epoch 2000 [Test seq (cond on sampled tp)] | Loss 167.636475 | Likelihood -165.118469 | KL fp 5.5083 | FP STD 0.1208|
KL coef: 0.9999999979391934
Train loss (one batch): 175.49920654296875
Train CE loss (one batch): 0.0
Test MSE (raw): 0.0338
Test MSE (smoothed with alpha=0.01): 0.0394
New best smoothed test MSE: 0.0394. Saving best model to experiments/experiment_13540_best.ckpt
Test MSE group_0: 0.0325
Test MSE group_1: 0.0349
Test MSE group_2: nan
Test MSE group_3: nan
Poisson likelihood: 0.0
CE loss: 0.0
train MSE group_0: 0.0358
train MSE group_1: 0.0345
train MSE group_2: nan
train MSE group_3: nan
CE loss (TEST): 0.0
Experiment 13540
Epoch 3000 [Test seq (cond on sampled tp)] | Loss 157.832214 | Likelihood -155.122894 | KL fp 5.3836 | FP STD 0.1032|
KL coef: 0.9999999999999111
Train loss (one batch): 162.30543518066406
Train CE loss (one batch): 0.0
Test MSE (raw): 0.0318
Test MSE (smoothed with alpha=0.01): 0.0393
New best smoothed test MSE: 0.0393. Saving best model to experiments/experiment_13540_best.ckpt
Test MSE group_0: 0.0307
Test MSE group_1: 0.0327
Test MSE group_2: nan
Test MSE group_3: nan
Poisson likelihood: 0.0
CE loss: 0.0
train MSE group_0: 0.0335
train MSE group_1: 0.0315
train MSE group_2: nan
train MSE group_3: nan
CE loss (TEST): 0.0
