/Users/benjaminmaurel/Documents/Training_Sanofi/notebooks_hands_on/latent_ode/run_models.py
run_models.py --niters 3000 -n 200 -s 40 -l 10 --dataset PK_Tacro --latent-ode --noise-weight 0.01 --max-t 5. --seed 123 --experiment 37357
Experiment 37357
Epoch 1000 [Test seq (cond on sampled tp)] | Loss 169.964111 | Likelihood -169.605728 | KL fp 4.3248 | FP STD 0.0681|
KL coef: 0.9999522643707747
Train loss (one batch): 177.2979736328125
Train CE loss (one batch): 0.0
Test MSE (raw): 0.0347
Test MSE (smoothed with alpha=0.01): 0.0347
New best smoothed test MSE: 0.0347. Saving best model to experiments/experiment_37357_best.ckpt
Test MSE group_0: 0.0313
Test MSE group_1: 0.0380
Test MSE group_2: nan
Test MSE group_3: nan
Poisson likelihood: 0.0
CE loss: 0.0
train MSE group_0: 0.0318
train MSE group_1: 0.0393
train MSE group_2: nan
train MSE group_3: nan
CE loss (TEST): 0.0
Experiment 37357
Epoch 2000 [Test seq (cond on sampled tp)] | Loss 162.007477 | Likelihood -161.933868 | KL fp 4.3271 | FP STD 0.0703|
KL coef: 0.9999999979391934
Train loss (one batch): 169.98570251464844
Train CE loss (one batch): 0.0
Test MSE (raw): 0.0331
Test MSE (smoothed with alpha=0.01): 0.0346
New best smoothed test MSE: 0.0346. Saving best model to experiments/experiment_37357_best.ckpt
Test MSE group_0: 0.0307
Test MSE group_1: 0.0355
Test MSE group_2: nan
Test MSE group_3: nan
Poisson likelihood: 0.0
CE loss: 0.0
train MSE group_0: 0.0312
train MSE group_1: 0.0371
train MSE group_2: nan
train MSE group_3: nan
CE loss (TEST): 0.0
Experiment 37357
Epoch 3000 [Test seq (cond on sampled tp)] | Loss 156.544357 | Likelihood -155.075089 | KL fp 4.3497 | FP STD 0.0630|
KL coef: 0.9999999999999111
Train loss (one batch): 164.3992462158203
Train CE loss (one batch): 0.0
Test MSE (raw): 0.0318
Test MSE (smoothed with alpha=0.01): 0.0346
New best smoothed test MSE: 0.0346. Saving best model to experiments/experiment_37357_best.ckpt
Test MSE group_0: 0.0297
Test MSE group_1: 0.0338
Test MSE group_2: nan
Test MSE group_3: nan
Poisson likelihood: 0.0
CE loss: 0.0
train MSE group_0: 0.0302
train MSE group_1: 0.0359
train MSE group_2: nan
train MSE group_3: nan
CE loss (TEST): 0.0
