/Users/benjaminmaurel/Documents/Training_Sanofi/notebooks_hands_on/latent_ode/run_models.py
run_models.py --niters 3000 -n 200 -s 40 -l 10 --dataset PK_Tacro --latent-ode --noise-weight 0.01 --max-t 5. --seed 146 --experiment 20178
Experiment 20178
Epoch 1000 [Test seq (cond on sampled tp)] | Loss 174.616196 | Likelihood -169.638580 | KL fp 8.3696 | FP STD 0.1323|
KL coef: 0.9999522643707747
Train loss (one batch): 184.4324493408203
Train CE loss (one batch): 0.0
Test MSE (raw): 0.0347
Test MSE (smoothed with alpha=0.01): 0.0347
New best smoothed test MSE: 0.0347. Saving best model to experiments/experiment_20178_best.ckpt
Test MSE group_0: 0.0306
Test MSE group_1: 0.0387
Test MSE group_2: nan
Test MSE group_3: nan
Poisson likelihood: 0.0
CE loss: 0.0
train MSE group_0: 0.0312
train MSE group_1: 0.0415
train MSE group_2: nan
train MSE group_3: nan
CE loss (TEST): 0.0
Experiment 20178
Epoch 2000 [Test seq (cond on sampled tp)] | Loss 168.918381 | Likelihood -164.615189 | KL fp 7.7624 | FP STD 0.1638|
KL coef: 0.9999999979391934
Train loss (one batch): 175.2779083251953
Train CE loss (one batch): 0.0
Test MSE (raw): 0.0337
Test MSE (smoothed with alpha=0.01): 0.0347
New best smoothed test MSE: 0.0347. Saving best model to experiments/experiment_20178_best.ckpt
Test MSE group_0: 0.0317
Test MSE group_1: 0.0356
Test MSE group_2: nan
Test MSE group_3: nan
Poisson likelihood: 0.0
CE loss: 0.0
train MSE group_0: 0.0317
train MSE group_1: 0.0377
train MSE group_2: nan
train MSE group_3: nan
CE loss (TEST): 0.0
Experiment 20178
Epoch 3000 [Test seq (cond on sampled tp)] | Loss 154.249573 | Likelihood -149.641296 | KL fp 7.2029 | FP STD 0.1167|
KL coef: 0.9999999999999111
Train loss (one batch): 164.01376342773438
Train CE loss (one batch): 0.0
Test MSE (raw): 0.0307
Test MSE (smoothed with alpha=0.01): 0.0346
New best smoothed test MSE: 0.0346. Saving best model to experiments/experiment_20178_best.ckpt
Test MSE group_0: 0.0281
Test MSE group_1: 0.0332
Test MSE group_2: nan
Test MSE group_3: nan
Poisson likelihood: 0.0
CE loss: 0.0
train MSE group_0: 0.0293
train MSE group_1: 0.0355
train MSE group_2: nan
train MSE group_3: nan
CE loss (TEST): 0.0
