/Users/benjaminmaurel/Documents/Training_Sanofi/notebooks_hands_on/latent_ode/run_models.py
run_models.py --niters 3000 -n 200 -s 40 -l 10 --dataset PK_Tacro --latent-ode --noise-weight 0.01 --max-t 5. --seed 14 --experiment 29682
Experiment 29682
Epoch 1000 [Test seq (cond on sampled tp)] | Loss 210.206833 | Likelihood -205.188278 | KL fp 8.2129 | FP STD 0.2275|
KL coef: 0.9999522643707747
Train loss (one batch): 205.13514709472656
Train CE loss (one batch): 0.0
Test MSE (raw): 0.0418
Test MSE (smoothed with alpha=0.01): 0.0418
New best smoothed test MSE: 0.0418. Saving best model to experiments/experiment_29682_best.ckpt
Test MSE group_0: 0.0344
Test MSE group_1: 0.0491
Test MSE group_2: nan
Test MSE group_3: nan
Poisson likelihood: 0.0
CE loss: 0.0
train MSE group_0: 0.0352
train MSE group_1: 0.0477
train MSE group_2: nan
train MSE group_3: nan
CE loss (TEST): 0.0
Experiment 29682
Epoch 2000 [Test seq (cond on sampled tp)] | Loss 160.608139 | Likelihood -155.879028 | KL fp 7.4055 | FP STD 0.1349|
KL coef: 0.9999999979391934
Train loss (one batch): 158.43939208984375
Train CE loss (one batch): 0.0
Test MSE (raw): 0.0319
Test MSE (smoothed with alpha=0.01): 0.0417
New best smoothed test MSE: 0.0417. Saving best model to experiments/experiment_29682_best.ckpt
Test MSE group_0: 0.0286
Test MSE group_1: 0.0352
Test MSE group_2: nan
Test MSE group_3: nan
Poisson likelihood: 0.0
CE loss: 0.0
train MSE group_0: 0.0275
train MSE group_1: 0.0358
train MSE group_2: nan
train MSE group_3: nan
CE loss (TEST): 0.0
Experiment 29682
Epoch 3000 [Test seq (cond on sampled tp)] | Loss 153.738312 | Likelihood -149.449280 | KL fp 7.0344 | FP STD 0.1152|
KL coef: 0.9999999999999111
Train loss (one batch): 149.08035278320312
Train CE loss (one batch): 0.0
Test MSE (raw): 0.0306
Test MSE (smoothed with alpha=0.01): 0.0416
New best smoothed test MSE: 0.0416. Saving best model to experiments/experiment_29682_best.ckpt
Test MSE group_0: 0.0279
Test MSE group_1: 0.0333
Test MSE group_2: nan
Test MSE group_3: nan
Poisson likelihood: 0.0
CE loss: 0.0
train MSE group_0: 0.0261
train MSE group_1: 0.0335
train MSE group_2: nan
train MSE group_3: nan
CE loss (TEST): 0.0
