/Users/benjaminmaurel/Documents/Training_Sanofi/notebooks_hands_on/latent_ode/run_models.py
run_models.py --niters 3000 -n 200 -s 40 -l 10 --dataset PK_Tacro --latent-ode --noise-weight 0.01 --max-t 5. --seed 1 --experiment 15022
Experiment 15022
Epoch 1000 [Test seq (cond on sampled tp)] | Loss 286.474579 | Likelihood -289.279877 | KL fp 5.8121 | FP STD 0.1189|
KL coef: 0.9999522643707747
Train loss (one batch): 235.6627960205078
Train CE loss (one batch): 0.0
Test MSE (raw): 0.0586
Test MSE (smoothed with alpha=0.01): 0.0586
New best smoothed test MSE: 0.0586. Saving best model to experiments/experiment_15022_best.ckpt
Test MSE group_0: 0.0531
Test MSE group_1: 0.0641
Test MSE group_2: nan
Test MSE group_3: nan
Poisson likelihood: 0.0
CE loss: 0.0
train MSE group_0: 0.0425
train MSE group_1: 0.0613
train MSE group_2: nan
train MSE group_3: nan
CE loss (TEST): 0.0
Experiment 15022
Epoch 2000 [Test seq (cond on sampled tp)] | Loss 286.953247 | Likelihood -286.522736 | KL fp 5.7754 | FP STD 0.1273|
KL coef: 0.9999999979391934
Train loss (one batch): 210.22752380371094
Train CE loss (one batch): 0.0
Test MSE (raw): 0.0580
Test MSE (smoothed with alpha=0.01): 0.0586
New best smoothed test MSE: 0.0586. Saving best model to experiments/experiment_15022_best.ckpt
Test MSE group_0: 0.0524
Test MSE group_1: 0.0637
Test MSE group_2: nan
Test MSE group_3: nan
Poisson likelihood: 0.0
CE loss: 0.0
train MSE group_0: 0.0363
train MSE group_1: 0.0535
train MSE group_2: nan
train MSE group_3: nan
CE loss (TEST): 0.0
Experiment 15022
Epoch 3000 [Test seq (cond on sampled tp)] | Loss 290.321777 | Likelihood -291.031555 | KL fp 5.2831 | FP STD 0.1309|
KL coef: 0.9999999999999111
Train loss (one batch): 195.42971801757812
Train CE loss (one batch): 0.0
Test MSE (raw): 0.0589
Test MSE (smoothed with alpha=0.01): 0.0586
Smoothed Test MSE did not improve. Early stopping counter: 1/10000
Test MSE group_0: 0.0558
Test MSE group_1: 0.0620
Test MSE group_2: nan
Test MSE group_3: nan
Poisson likelihood: 0.0
CE loss: 0.0
train MSE group_0: 0.0356
train MSE group_1: 0.0479
train MSE group_2: nan
train MSE group_3: nan
CE loss (TEST): 0.0
