/Users/benjaminmaurel/Documents/Training_Sanofi/notebooks_hands_on/latent_ode/run_models.py
run_models.py --niters 3000 -n 200 -s 40 -l 10 --dataset PK_Tacro --latent-ode --noise-weight 0.01 --max-t 5. --seed 25 --experiment 41338
Experiment 41338
Epoch 1000 [Test seq (cond on sampled tp)] | Loss 194.977859 | Likelihood -192.710602 | KL fp 5.7597 | FP STD 0.1344|
KL coef: 0.9999522643707747
Train loss (one batch): 197.72767639160156
Train CE loss (one batch): 0.0
Test MSE (raw): 0.0393
Test MSE (smoothed with alpha=0.01): 0.0393
New best smoothed test MSE: 0.0393. Saving best model to experiments/experiment_41338_best.ckpt
Test MSE group_0: 0.0355
Test MSE group_1: 0.0428
Test MSE group_2: nan
Test MSE group_3: nan
Poisson likelihood: 0.0
CE loss: 0.0
train MSE group_0: 0.0436
train MSE group_1: 0.0371
train MSE group_2: nan
train MSE group_3: nan
CE loss (TEST): 0.0
Experiment 41338
Epoch 2000 [Test seq (cond on sampled tp)] | Loss 176.246170 | Likelihood -172.947388 | KL fp 6.0207 | FP STD 0.1058|
KL coef: 0.9999999979391934
Train loss (one batch): 166.1788330078125
Train CE loss (one batch): 0.0
Test MSE (raw): 0.0353
Test MSE (smoothed with alpha=0.01): 0.0392
New best smoothed test MSE: 0.0392. Saving best model to experiments/experiment_41338_best.ckpt
Test MSE group_0: 0.0311
Test MSE group_1: 0.0393
Test MSE group_2: nan
Test MSE group_3: nan
Poisson likelihood: 0.0
CE loss: 0.0
train MSE group_0: 0.0369
train MSE group_1: 0.0313
train MSE group_2: nan
train MSE group_3: nan
CE loss (TEST): 0.0
Experiment 41338
Epoch 3000 [Test seq (cond on sampled tp)] | Loss 167.719574 | Likelihood -164.308289 | KL fp 5.9602 | FP STD 0.1063|
KL coef: 0.9999999999999111
Train loss (one batch): 156.8018798828125
Train CE loss (one batch): 0.0
Test MSE (raw): 0.0336
Test MSE (smoothed with alpha=0.01): 0.0392
New best smoothed test MSE: 0.0392. Saving best model to experiments/experiment_41338_best.ckpt
Test MSE group_0: 0.0300
Test MSE group_1: 0.0369
Test MSE group_2: nan
Test MSE group_3: nan
Poisson likelihood: 0.0
CE loss: 0.0
train MSE group_0: 0.0354
train MSE group_1: 0.0282
train MSE group_2: nan
train MSE group_3: nan
CE loss (TEST): 0.0
