/Users/benjaminmaurel/Documents/Training_Sanofi/notebooks_hands_on/latent_ode/run_models.py
run_models.py --niters 3000 -n 200 -s 40 -l 10 --dataset PK_Tacro --latent-ode --noise-weight 0.01 --max-t 5. --seed 135 --experiment 19780
Experiment 19780
Epoch 1000 [Test seq (cond on sampled tp)] | Loss 172.870270 | Likelihood -173.310486 | KL fp 4.6024 | FP STD 0.1556|
KL coef: 0.9999522643707747
Train loss (one batch): 156.21559143066406
Train CE loss (one batch): 0.0
Test MSE (raw): 0.0354
Test MSE (smoothed with alpha=0.01): 0.0354
New best smoothed test MSE: 0.0354. Saving best model to experiments/experiment_19780_best.ckpt
Test MSE group_0: 0.0296
Test MSE group_1: 0.0412
Test MSE group_2: nan
Test MSE group_3: nan
Poisson likelihood: 0.0
CE loss: 0.0
train MSE group_0: 0.0273
train MSE group_1: 0.0360
train MSE group_2: nan
train MSE group_3: nan
CE loss (TEST): 0.0
Experiment 19780
Epoch 2000 [Test seq (cond on sampled tp)] | Loss 156.449677 | Likelihood -156.100601 | KL fp 4.8558 | FP STD 0.1060|
KL coef: 0.9999999979391934
Train loss (one batch): 139.82781982421875
Train CE loss (one batch): 0.0
Test MSE (raw): 0.0320
Test MSE (smoothed with alpha=0.01): 0.0354
New best smoothed test MSE: 0.0354. Saving best model to experiments/experiment_19780_best.ckpt
Test MSE group_0: 0.0281
Test MSE group_1: 0.0358
Test MSE group_2: nan
Test MSE group_3: nan
Poisson likelihood: 0.0
CE loss: 0.0
train MSE group_0: 0.0250
train MSE group_1: 0.0316
train MSE group_2: nan
train MSE group_3: nan
CE loss (TEST): 0.0
Experiment 19780
Epoch 3000 [Test seq (cond on sampled tp)] | Loss 148.411804 | Likelihood -146.053772 | KL fp 5.1543 | FP STD 0.0763|
KL coef: 0.9999999999999111
Train loss (one batch): 132.64183044433594
Train CE loss (one batch): 0.0
Test MSE (raw): 0.0299
Test MSE (smoothed with alpha=0.01): 0.0353
New best smoothed test MSE: 0.0353. Saving best model to experiments/experiment_19780_best.ckpt
Test MSE group_0: 0.0275
Test MSE group_1: 0.0323
Test MSE group_2: nan
Test MSE group_3: nan
Poisson likelihood: 0.0
CE loss: 0.0
train MSE group_0: 0.0242
train MSE group_1: 0.0289
train MSE group_2: nan
train MSE group_3: nan
CE loss (TEST): 0.0
