/Users/benjaminmaurel/Documents/Training_Sanofi/notebooks_hands_on/latent_ode/run_models.py
run_models.py --niters 3000 -n 200 -s 40 -l 10 --dataset PK_Tacro --latent-ode --noise-weight 0.01 --max-t 5. --seed 62 --experiment 18151
Experiment 18151
Epoch 1000 [Test seq (cond on sampled tp)] | Loss 222.397125 | Likelihood -216.349609 | KL fp 9.4484 | FP STD 0.1986|
KL coef: 0.9999522643707747
Train loss (one batch): 223.14535522460938
Train CE loss (one batch): 0.0
Test MSE (raw): 0.0440
Test MSE (smoothed with alpha=0.01): 0.0440
New best smoothed test MSE: 0.0440. Saving best model to experiments/experiment_18151_best.ckpt
Test MSE group_0: 0.0389
Test MSE group_1: 0.0488
Test MSE group_2: nan
Test MSE group_3: nan
Poisson likelihood: 0.0
CE loss: 0.0
train MSE group_0: 0.0396
train MSE group_1: 0.0478
train MSE group_2: nan
train MSE group_3: nan
CE loss (TEST): 0.0
Experiment 18151
Epoch 2000 [Test seq (cond on sampled tp)] | Loss 205.075653 | Likelihood -199.313217 | KL fp 9.0378 | FP STD 0.1677|
KL coef: 0.9999999979391934
Train loss (one batch): 207.09652709960938
Train CE loss (one batch): 0.0
Test MSE (raw): 0.0406
Test MSE (smoothed with alpha=0.01): 0.0440
New best smoothed test MSE: 0.0440. Saving best model to experiments/experiment_18151_best.ckpt
Test MSE group_0: 0.0373
Test MSE group_1: 0.0437
Test MSE group_2: nan
Test MSE group_3: nan
Poisson likelihood: 0.0
CE loss: 0.0
train MSE group_0: 0.0390
train MSE group_1: 0.0422
train MSE group_2: nan
train MSE group_3: nan
CE loss (TEST): 0.0
Experiment 18151
Epoch 3000 [Test seq (cond on sampled tp)] | Loss 194.417603 | Likelihood -188.233719 | KL fp 9.0347 | FP STD 0.1315|
KL coef: 0.9999999999999111
Train loss (one batch): 192.83804321289062
Train CE loss (one batch): 0.0
Test MSE (raw): 0.0384
Test MSE (smoothed with alpha=0.01): 0.0439
New best smoothed test MSE: 0.0439. Saving best model to experiments/experiment_18151_best.ckpt
Test MSE group_0: 0.0357
Test MSE group_1: 0.0409
Test MSE group_2: nan
Test MSE group_3: nan
Poisson likelihood: 0.0
CE loss: 0.0
train MSE group_0: 0.0373
train MSE group_1: 0.0382
train MSE group_2: nan
train MSE group_3: nan
CE loss (TEST): 0.0
