/Users/benjaminmaurel/Documents/Training_Sanofi/notebooks_hands_on/latent_ode/run_models.py
run_models.py --niters 3000 -n 200 -s 40 -l 10 --dataset PK_Tacro --latent-ode --noise-weight 0.01 --max-t 5. --seed 156 --experiment 37577
Experiment 37577
Epoch 1000 [Test seq (cond on sampled tp)] | Loss 157.893524 | Likelihood -156.349442 | KL fp 4.4994 | FP STD 0.1211|
KL coef: 0.9999522643707747
Train loss (one batch): 169.63906860351562
Train CE loss (one batch): 0.0
Test MSE (raw): 0.0320
Test MSE (smoothed with alpha=0.01): 0.0320
New best smoothed test MSE: 0.0320. Saving best model to experiments/experiment_37577_best.ckpt
Test MSE group_0: 0.0295
Test MSE group_1: 0.0345
Test MSE group_2: nan
Test MSE group_3: nan
Poisson likelihood: 0.0
CE loss: 0.0
train MSE group_0: 0.0314
train MSE group_1: 0.0361
train MSE group_2: nan
train MSE group_3: nan
CE loss (TEST): 0.0
Experiment 37577
Epoch 2000 [Test seq (cond on sampled tp)] | Loss 144.723694 | Likelihood -143.776184 | KL fp 4.3145 | FP STD 0.1123|
KL coef: 0.9999999979391934
Train loss (one batch): 152.93408203125
Train CE loss (one batch): 0.0
Test MSE (raw): 0.0295
Test MSE (smoothed with alpha=0.01): 0.0320
New best smoothed test MSE: 0.0320. Saving best model to experiments/experiment_37577_best.ckpt
Test MSE group_0: 0.0272
Test MSE group_1: 0.0317
Test MSE group_2: nan
Test MSE group_3: nan
Poisson likelihood: 0.0
CE loss: 0.0
train MSE group_0: 0.0278
train MSE group_1: 0.0329
train MSE group_2: nan
train MSE group_3: nan
CE loss (TEST): 0.0
Experiment 37577
Epoch 3000 [Test seq (cond on sampled tp)] | Loss 130.984970 | Likelihood -129.110809 | KL fp 4.5160 | FP STD 0.0818|
KL coef: 0.9999999999999111
Train loss (one batch): 138.5253448486328
Train CE loss (one batch): 0.0
Test MSE (raw): 0.0266
Test MSE (smoothed with alpha=0.01): 0.0319
New best smoothed test MSE: 0.0319. Saving best model to experiments/experiment_37577_best.ckpt
Test MSE group_0: 0.0244
Test MSE group_1: 0.0287
Test MSE group_2: nan
Test MSE group_3: nan
Poisson likelihood: 0.0
CE loss: 0.0
train MSE group_0: 0.0248
train MSE group_1: 0.0302
train MSE group_2: nan
train MSE group_3: nan
CE loss (TEST): 0.0
