/Users/benjaminmaurel/Documents/Training_Sanofi/notebooks_hands_on/latent_ode/run_models.py
run_models.py --niters 3000 -n 200 -s 40 -l 10 --dataset PK_Tacro --latent-ode --noise-weight 0.01 --max-t 5. --seed 3 --experiment 12693
Experiment 12693
Epoch 1000 [Test seq (cond on sampled tp)] | Loss 214.894409 | Likelihood -212.121399 | KL fp 6.1857 | FP STD 0.1751|
KL coef: 0.9999522643707747
Train loss (one batch): 201.91949462890625
Train CE loss (one batch): 0.0
Test MSE (raw): 0.0432
Test MSE (smoothed with alpha=0.01): 0.0432
New best smoothed test MSE: 0.0432. Saving best model to experiments/experiment_12693_best.ckpt
Test MSE group_0: 0.0336
Test MSE group_1: 0.0526
Test MSE group_2: nan
Test MSE group_3: nan
Poisson likelihood: 0.0
CE loss: 0.0
train MSE group_0: 0.0318
train MSE group_1: 0.0498
train MSE group_2: nan
train MSE group_3: nan
CE loss (TEST): 0.0
Experiment 12693
Epoch 2000 [Test seq (cond on sampled tp)] | Loss 167.719742 | Likelihood -164.954468 | KL fp 5.8053 | FP STD 0.1452|
KL coef: 0.9999999979391934
Train loss (one batch): 156.00460815429688
Train CE loss (one batch): 0.0
Test MSE (raw): 0.0337
Test MSE (smoothed with alpha=0.01): 0.0431
New best smoothed test MSE: 0.0431. Saving best model to experiments/experiment_12693_best.ckpt
Test MSE group_0: 0.0283
Test MSE group_1: 0.0391
Test MSE group_2: nan
Test MSE group_3: nan
Poisson likelihood: 0.0
CE loss: 0.0
train MSE group_0: 0.0260
train MSE group_1: 0.0369
train MSE group_2: nan
train MSE group_3: nan
CE loss (TEST): 0.0
Experiment 12693
Epoch 3000 [Test seq (cond on sampled tp)] | Loss 159.080963 | Likelihood -156.216599 | KL fp 5.7160 | FP STD 0.1236|
KL coef: 0.9999999999999111
Train loss (one batch): 146.79286193847656
Train CE loss (one batch): 0.0
Test MSE (raw): 0.0320
Test MSE (smoothed with alpha=0.01): 0.0430
New best smoothed test MSE: 0.0430. Saving best model to experiments/experiment_12693_best.ckpt
Test MSE group_0: 0.0280
Test MSE group_1: 0.0359
Test MSE group_2: nan
Test MSE group_3: nan
Poisson likelihood: 0.0
CE loss: 0.0
train MSE group_0: 0.0260
train MSE group_1: 0.0331
train MSE group_2: nan
train MSE group_3: nan
CE loss (TEST): 0.0
