/Users/benjaminmaurel/Documents/Training_Sanofi/notebooks_hands_on/latent_ode/run_models.py
run_models.py --niters 3000 -n 200 -s 40 -l 10 --dataset PK_Tacro --latent-ode --noise-weight 0.01 --max-t 5. --seed 133 --experiment 34326
Experiment 34326
Epoch 1000 [Test seq (cond on sampled tp)] | Loss 193.266556 | Likelihood -191.452301 | KL fp 5.1613 | FP STD 0.2790|
KL coef: 0.9999522643707747
Train loss (one batch): 165.4629364013672
Train CE loss (one batch): 0.0
Test MSE (raw): 0.0390
Test MSE (smoothed with alpha=0.01): 0.0390
New best smoothed test MSE: 0.0390. Saving best model to experiments/experiment_34326_best.ckpt
Test MSE group_0: 0.0315
Test MSE group_1: 0.0465
Test MSE group_2: nan
Test MSE group_3: nan
Poisson likelihood: 0.0
CE loss: 0.0
train MSE group_0: 0.0267
train MSE group_1: 0.0402
train MSE group_2: nan
train MSE group_3: nan
CE loss (TEST): 0.0
Experiment 34326
Epoch 2000 [Test seq (cond on sampled tp)] | Loss 165.480927 | Likelihood -162.603561 | KL fp 5.4594 | FP STD 0.2400|
KL coef: 0.9999999979391934
Train loss (one batch): 142.44358825683594
Train CE loss (one batch): 0.0
Test MSE (raw): 0.0333
Test MSE (smoothed with alpha=0.01): 0.0390
New best smoothed test MSE: 0.0390. Saving best model to experiments/experiment_34326_best.ckpt
Test MSE group_0: 0.0290
Test MSE group_1: 0.0375
Test MSE group_2: nan
Test MSE group_3: nan
Poisson likelihood: 0.0
CE loss: 0.0
train MSE group_0: 0.0242
train MSE group_1: 0.0333
train MSE group_2: nan
train MSE group_3: nan
CE loss (TEST): 0.0
Experiment 34326
Epoch 3000 [Test seq (cond on sampled tp)] | Loss 157.999512 | Likelihood -155.100494 | KL fp 5.5084 | FP STD 0.2256|
KL coef: 0.9999999999999111
Train loss (one batch): 136.6349334716797
Train CE loss (one batch): 0.0
Test MSE (raw): 0.0318
Test MSE (smoothed with alpha=0.01): 0.0389
New best smoothed test MSE: 0.0389. Saving best model to experiments/experiment_34326_best.ckpt
Test MSE group_0: 0.0288
Test MSE group_1: 0.0347
Test MSE group_2: nan
Test MSE group_3: nan
Poisson likelihood: 0.0
CE loss: 0.0
train MSE group_0: 0.0239
train MSE group_1: 0.0309
train MSE group_2: nan
train MSE group_3: nan
CE loss (TEST): 0.0
