/Users/benjaminmaurel/Documents/Training_Sanofi/notebooks_hands_on/latent_ode/run_models.py
run_models.py --niters 3000 -n 200 -s 40 -l 10 --dataset PK_Tacro --latent-ode --noise-weight 0.01 --max-t 5. --seed 3 --experiment 32634
Experiment 32634
Epoch 1000 [Test seq (cond on sampled tp)] | Loss 202.342010 | Likelihood -200.933975 | KL fp 5.4989 | FP STD 0.1472|
KL coef: 0.9999522643707747
Train loss (one batch): 206.2236785888672
Train CE loss (one batch): 0.0
Test MSE (raw): 0.0409
Test MSE (smoothed with alpha=0.01): 0.0409
New best smoothed test MSE: 0.0409. Saving best model to experiments/experiment_32634_best.ckpt
Test MSE group_0: 0.0349
Test MSE group_1: 0.0465
Test MSE group_2: nan
Test MSE group_3: nan
Poisson likelihood: 0.0
CE loss: 0.0
train MSE group_0: 0.0374
train MSE group_1: 0.0446
train MSE group_2: nan
train MSE group_3: nan
CE loss (TEST): 0.0
Experiment 32634
Epoch 2000 [Test seq (cond on sampled tp)] | Loss 187.266251 | Likelihood -185.151123 | KL fp 5.4654 | FP STD 0.1346|
KL coef: 0.9999999979391934
Train loss (one batch): 188.4347686767578
Train CE loss (one batch): 0.0
Test MSE (raw): 0.0378
Test MSE (smoothed with alpha=0.01): 0.0409
New best smoothed test MSE: 0.0409. Saving best model to experiments/experiment_32634_best.ckpt
Test MSE group_0: 0.0330
Test MSE group_1: 0.0421
Test MSE group_2: nan
Test MSE group_3: nan
Poisson likelihood: 0.0
CE loss: 0.0
train MSE group_0: 0.0354
train MSE group_1: 0.0394
train MSE group_2: nan
train MSE group_3: nan
CE loss (TEST): 0.0
Experiment 32634
Epoch 3000 [Test seq (cond on sampled tp)] | Loss 179.874969 | Likelihood -177.611359 | KL fp 5.2831 | FP STD 0.1239|
KL coef: 0.9999999999999111
Train loss (one batch): 181.608642578125
Train CE loss (one batch): 0.0
Test MSE (raw): 0.0363
Test MSE (smoothed with alpha=0.01): 0.0408
New best smoothed test MSE: 0.0408. Saving best model to experiments/experiment_32634_best.ckpt
Test MSE group_0: 0.0320
Test MSE group_1: 0.0401
Test MSE group_2: nan
Test MSE group_3: nan
Poisson likelihood: 0.0
CE loss: 0.0
train MSE group_0: 0.0346
train MSE group_1: 0.0377
train MSE group_2: nan
train MSE group_3: nan
CE loss (TEST): 0.0
