/Users/benjaminmaurel/Documents/Training_Sanofi/notebooks_hands_on/latent_ode/run_models.py
run_models.py --niters 3000 -n 200 -s 40 -l 10 --dataset PK_Tacro --latent-ode --noise-weight 0.01 --max-t 5. --seed 132 --experiment 17324
Experiment 17324
Epoch 1000 [Test seq (cond on sampled tp)] | Loss 184.231674 | Likelihood -182.450058 | KL fp 4.8163 | FP STD 0.1208|
KL coef: 0.9999522643707747
Train loss (one batch): 195.5475616455078
Train CE loss (one batch): 0.0
Test MSE (raw): 0.0372
Test MSE (smoothed with alpha=0.01): 0.0372
New best smoothed test MSE: 0.0372. Saving best model to experiments/experiment_17324_best.ckpt
Test MSE group_0: 0.0337
Test MSE group_1: 0.0407
Test MSE group_2: nan
Test MSE group_3: nan
Poisson likelihood: 0.0
CE loss: 0.0
train MSE group_0: 0.0348
train MSE group_1: 0.0432
train MSE group_2: nan
train MSE group_3: nan
CE loss (TEST): 0.0
Experiment 17324
Epoch 2000 [Test seq (cond on sampled tp)] | Loss 185.735168 | Likelihood -186.024841 | KL fp 4.5728 | FP STD 0.1915|
KL coef: 0.9999999979391934
Train loss (one batch): 200.3524932861328
Train CE loss (one batch): 0.0
Test MSE (raw): 0.0379
Test MSE (smoothed with alpha=0.01): 0.0372
Smoothed Test MSE did not improve. Early stopping counter: 1/10000
Test MSE group_0: 0.0350
Test MSE group_1: 0.0408
Test MSE group_2: nan
Test MSE group_3: nan
Poisson likelihood: 0.0
CE loss: 0.0
train MSE group_0: 0.0360
train MSE group_1: 0.0443
train MSE group_2: nan
train MSE group_3: nan
CE loss (TEST): 0.0
Experiment 17324
Epoch 3000 [Test seq (cond on sampled tp)] | Loss 168.725723 | Likelihood -166.403229 | KL fp 4.8711 | FP STD 0.1072|
KL coef: 0.9999999999999111
Train loss (one batch): 170.30526733398438
Train CE loss (one batch): 0.0
Test MSE (raw): 0.0340
Test MSE (smoothed with alpha=0.01): 0.0372
New best smoothed test MSE: 0.0372. Saving best model to experiments/experiment_17324_best.ckpt
Test MSE group_0: 0.0327
Test MSE group_1: 0.0353
Test MSE group_2: nan
Test MSE group_3: nan
Poisson likelihood: 0.0
CE loss: 0.0
train MSE group_0: 0.0324
train MSE group_1: 0.0356
train MSE group_2: nan
train MSE group_3: nan
CE loss (TEST): 0.0
