/Users/benjaminmaurel/Documents/Training_Sanofi/notebooks_hands_on/latent_ode/run_models.py
run_models.py --niters 3000 -n 200 -s 40 -l 10 --dataset PK_Tacro --latent-ode --noise-weight 0.01 --max-t 5. --seed 7 --experiment 21426
Experiment 21426
Epoch 1000 [Test seq (cond on sampled tp)] | Loss 160.210983 | Likelihood -157.874634 | KL fp 5.0946 | FP STD 0.0767|
KL coef: 0.9999522643707747
Train loss (one batch): 147.87472534179688
Train CE loss (one batch): 0.0
Test MSE (raw): 0.0323
Test MSE (smoothed with alpha=0.01): 0.0323
New best smoothed test MSE: 0.0323. Saving best model to experiments/experiment_21426_best.ckpt
Test MSE group_0: 0.0294
Test MSE group_1: 0.0357
Test MSE group_2: nan
Test MSE group_3: nan
Poisson likelihood: 0.0
CE loss: 0.0
train MSE group_0: 0.0274
train MSE group_1: 0.0317
train MSE group_2: nan
train MSE group_3: nan
CE loss (TEST): 0.0
Experiment 21426
Epoch 2000 [Test seq (cond on sampled tp)] | Loss 144.529480 | Likelihood -142.322998 | KL fp 4.8999 | FP STD 0.0700|
KL coef: 0.9999999979391934
Train loss (one batch): 129.3391876220703
Train CE loss (one batch): 0.0
Test MSE (raw): 0.0292
Test MSE (smoothed with alpha=0.01): 0.0323
New best smoothed test MSE: 0.0323. Saving best model to experiments/experiment_21426_best.ckpt
Test MSE group_0: 0.0269
Test MSE group_1: 0.0319
Test MSE group_2: nan
Test MSE group_3: nan
Poisson likelihood: 0.0
CE loss: 0.0
train MSE group_0: 0.0247
train MSE group_1: 0.0270
train MSE group_2: nan
train MSE group_3: nan
CE loss (TEST): 0.0
Experiment 21426
Epoch 3000 [Test seq (cond on sampled tp)] | Loss 137.008636 | Likelihood -134.847443 | KL fp 4.8231 | FP STD 0.0661|
KL coef: 0.9999999999999111
Train loss (one batch): 122.32958984375
Train CE loss (one batch): 0.0
Test MSE (raw): 0.0277
Test MSE (smoothed with alpha=0.01): 0.0322
New best smoothed test MSE: 0.0322. Saving best model to experiments/experiment_21426_best.ckpt
Test MSE group_0: 0.0258
Test MSE group_1: 0.0299
Test MSE group_2: nan
Test MSE group_3: nan
Poisson likelihood: 0.0
CE loss: 0.0
train MSE group_0: 0.0238
train MSE group_1: 0.0253
train MSE group_2: nan
train MSE group_3: nan
CE loss (TEST): 0.0
