/Users/benjaminmaurel/Documents/Training_Sanofi/notebooks_hands_on/latent_ode/run_models.py
run_models.py --niters 3000 -n 200 -s 40 -l 10 --dataset PK_Tacro --latent-ode --noise-weight 0.01 --max-t 5. --seed 10 --experiment 14841
Experiment 14841
Epoch 1000 [Test seq (cond on sampled tp)] | Loss 169.212799 | Likelihood -165.807983 | KL fp 7.1230 | FP STD 0.1230|
KL coef: 0.9999522643707747
Train loss (one batch): 163.4893798828125
Train CE loss (one batch): 0.0
Test MSE (raw): 0.0339
Test MSE (smoothed with alpha=0.01): 0.0339
New best smoothed test MSE: 0.0339. Saving best model to experiments/experiment_14841_best.ckpt
Test MSE group_0: 0.0321
Test MSE group_1: 0.0359
Test MSE group_2: nan
Test MSE group_3: nan
Poisson likelihood: 0.0
CE loss: 0.0
train MSE group_0: 0.0290
train MSE group_1: 0.0351
train MSE group_2: nan
train MSE group_3: nan
CE loss (TEST): 0.0
Experiment 14841
Epoch 2000 [Test seq (cond on sampled tp)] | Loss 160.433838 | Likelihood -156.396454 | KL fp 6.9661 | FP STD 0.1332|
KL coef: 0.9999999979391934
Train loss (one batch): 153.78492736816406
Train CE loss (one batch): 0.0
Test MSE (raw): 0.0320
Test MSE (smoothed with alpha=0.01): 0.0339
New best smoothed test MSE: 0.0339. Saving best model to experiments/experiment_14841_best.ckpt
Test MSE group_0: 0.0303
Test MSE group_1: 0.0339
Test MSE group_2: nan
Test MSE group_3: nan
Poisson likelihood: 0.0
CE loss: 0.0
train MSE group_0: 0.0270
train MSE group_1: 0.0334
train MSE group_2: nan
train MSE group_3: nan
CE loss (TEST): 0.0
Experiment 14841
Epoch 3000 [Test seq (cond on sampled tp)] | Loss 161.056046 | Likelihood -157.707367 | KL fp 6.5000 | FP STD 0.1208|
KL coef: 0.9999999999999111
Train loss (one batch): 151.32859802246094
Train CE loss (one batch): 0.0
Test MSE (raw): 0.0323
Test MSE (smoothed with alpha=0.01): 0.0339
New best smoothed test MSE: 0.0339. Saving best model to experiments/experiment_14841_best.ckpt
Test MSE group_0: 0.0306
Test MSE group_1: 0.0342
Test MSE group_2: nan
Test MSE group_3: nan
Poisson likelihood: 0.0
CE loss: 0.0
train MSE group_0: 0.0272
train MSE group_1: 0.0325
train MSE group_2: nan
train MSE group_3: nan
CE loss (TEST): 0.0
