/Users/benjaminmaurel/Documents/Training_Sanofi/notebooks_hands_on/latent_ode/run_models.py
run_models.py --niters 3000 -n 200 -s 40 -l 10 --dataset PK_Tacro --latent-ode --noise-weight 0.01 --max-t 5. --seed 138 --experiment 30094
Experiment 30094
Epoch 1000 [Test seq (cond on sampled tp)] | Loss 155.343719 | Likelihood -153.369598 | KL fp 5.5329 | FP STD 0.1940|
KL coef: 0.9999522643707747
Train loss (one batch): 182.34799194335938
Train CE loss (one batch): 0.0
Test MSE (raw): 0.0314
Test MSE (smoothed with alpha=0.01): 0.0314
New best smoothed test MSE: 0.0314. Saving best model to experiments/experiment_30094_best.ckpt
Test MSE group_0: 0.0276
Test MSE group_1: 0.0352
Test MSE group_2: nan
Test MSE group_3: nan
Poisson likelihood: 0.0
CE loss: 0.0
train MSE group_0: 0.0326
train MSE group_1: 0.0399
train MSE group_2: nan
train MSE group_3: nan
CE loss (TEST): 0.0
Experiment 30094
Epoch 2000 [Test seq (cond on sampled tp)] | Loss 141.606567 | Likelihood -139.006943 | KL fp 5.2934 | FP STD 0.1409|
KL coef: 0.9999999979391934
Train loss (one batch): 166.3209228515625
Train CE loss (one batch): 0.0
Test MSE (raw): 0.0285
Test MSE (smoothed with alpha=0.01): 0.0314
New best smoothed test MSE: 0.0314. Saving best model to experiments/experiment_30094_best.ckpt
Test MSE group_0: 0.0263
Test MSE group_1: 0.0308
Test MSE group_2: nan
Test MSE group_3: nan
Poisson likelihood: 0.0
CE loss: 0.0
train MSE group_0: 0.0307
train MSE group_1: 0.0354
train MSE group_2: nan
train MSE group_3: nan
CE loss (TEST): 0.0
Experiment 30094
Epoch 3000 [Test seq (cond on sampled tp)] | Loss 137.756409 | Likelihood -135.057449 | KL fp 5.4174 | FP STD 0.0997|
KL coef: 0.9999999999999111
Train loss (one batch): 156.63131713867188
Train CE loss (one batch): 0.0
Test MSE (raw): 0.0277
Test MSE (smoothed with alpha=0.01): 0.0313
New best smoothed test MSE: 0.0313. Saving best model to experiments/experiment_30094_best.ckpt
Test MSE group_0: 0.0259
Test MSE group_1: 0.0295
Test MSE group_2: nan
Test MSE group_3: nan
Poisson likelihood: 0.0
CE loss: 0.0
train MSE group_0: 0.0292
train MSE group_1: 0.0329
train MSE group_2: nan
train MSE group_3: nan
CE loss (TEST): 0.0
