/Users/benjaminmaurel/Documents/Training_Sanofi/notebooks_hands_on/latent_ode/run_models.py
run_models.py --niters 3000 -n 200 -s 40 -l 10 --dataset PK_Tacro --latent-ode --noise-weight 0.01 --max-t 5. --seed 2 --experiment 28537
Experiment 28537
Epoch 1000 [Test seq (cond on sampled tp)] | Loss 197.736786 | Likelihood -193.977661 | KL fp 6.3351 | FP STD 0.0807|
KL coef: 0.9999522643707747
Train loss (one batch): 192.13706970214844
Train CE loss (one batch): 0.0
Test MSE (raw): 0.0395
Test MSE (smoothed with alpha=0.01): 0.0395
New best smoothed test MSE: 0.0395. Saving best model to experiments/experiment_28537_best.ckpt
Test MSE group_0: 0.0336
Test MSE group_1: 0.0450
Test MSE group_2: nan
Test MSE group_3: nan
Poisson likelihood: 0.0
CE loss: 0.0
train MSE group_0: 0.0365
train MSE group_1: 0.0402
train MSE group_2: nan
train MSE group_3: nan
CE loss (TEST): 0.0
Experiment 28537
Epoch 2000 [Test seq (cond on sampled tp)] | Loss 179.187012 | Likelihood -176.088440 | KL fp 5.8286 | FP STD 0.0899|
KL coef: 0.9999999979391934
Train loss (one batch): 169.19068908691406
Train CE loss (one batch): 0.0
Test MSE (raw): 0.0360
Test MSE (smoothed with alpha=0.01): 0.0395
New best smoothed test MSE: 0.0395. Saving best model to experiments/experiment_28537_best.ckpt
Test MSE group_0: 0.0327
Test MSE group_1: 0.0389
Test MSE group_2: nan
Test MSE group_3: nan
Poisson likelihood: 0.0
CE loss: 0.0
train MSE group_0: 0.0338
train MSE group_1: 0.0335
train MSE group_2: nan
train MSE group_3: nan
CE loss (TEST): 0.0
Experiment 28537
Epoch 3000 [Test seq (cond on sampled tp)] | Loss 170.997055 | Likelihood -167.976562 | KL fp 5.7774 | FP STD 0.0804|
KL coef: 0.9999999999999111
Train loss (one batch): 160.7956085205078
Train CE loss (one batch): 0.0
Test MSE (raw): 0.0343
Test MSE (smoothed with alpha=0.01): 0.0394
New best smoothed test MSE: 0.0394. Saving best model to experiments/experiment_28537_best.ckpt
Test MSE group_0: 0.0322
Test MSE group_1: 0.0362
Test MSE group_2: nan
Test MSE group_3: nan
Poisson likelihood: 0.0
CE loss: 0.0
train MSE group_0: 0.0329
train MSE group_1: 0.0309
train MSE group_2: nan
train MSE group_3: nan
CE loss (TEST): 0.0
