/Users/benjaminmaurel/Documents/Training_Sanofi/notebooks_hands_on/latent_ode/run_models.py
run_models.py --niters 3000 -n 200 -s 40 -l 10 --dataset PK_Tacro --latent-ode --noise-weight 0.01 --max-t 5. --seed 10 --experiment 17407
Experiment 17407
Epoch 1000 [Test seq (cond on sampled tp)] | Loss 173.545700 | Likelihood -169.707062 | KL fp 6.8618 | FP STD 0.1029|
KL coef: 0.9999522643707747
Train loss (one batch): 162.93621826171875
Train CE loss (one batch): 0.0
Test MSE (raw): 0.0347
Test MSE (smoothed with alpha=0.01): 0.0347
New best smoothed test MSE: 0.0347. Saving best model to experiments/experiment_17407_best.ckpt
Test MSE group_0: 0.0300
Test MSE group_1: 0.0391
Test MSE group_2: nan
Test MSE group_3: nan
Poisson likelihood: 0.0
CE loss: 0.0
train MSE group_0: 0.0266
train MSE group_1: 0.0376
train MSE group_2: nan
train MSE group_3: nan
CE loss (TEST): 0.0
Experiment 17407
Epoch 2000 [Test seq (cond on sampled tp)] | Loss 165.708694 | Likelihood -162.091125 | KL fp 6.7653 | FP STD 0.1550|
KL coef: 0.9999999979391934
Train loss (one batch): 156.341064453125
Train CE loss (one batch): 0.0
Test MSE (raw): 0.0332
Test MSE (smoothed with alpha=0.01): 0.0347
New best smoothed test MSE: 0.0347. Saving best model to experiments/experiment_17407_best.ckpt
Test MSE group_0: 0.0299
Test MSE group_1: 0.0362
Test MSE group_2: nan
Test MSE group_3: nan
Poisson likelihood: 0.0
CE loss: 0.0
train MSE group_0: 0.0265
train MSE group_1: 0.0349
train MSE group_2: nan
train MSE group_3: nan
CE loss (TEST): 0.0
Experiment 17407
Epoch 3000 [Test seq (cond on sampled tp)] | Loss 157.829147 | Likelihood -153.704376 | KL fp 6.8274 | FP STD 0.1251|
KL coef: 0.9999999999999111
Train loss (one batch): 146.02806091308594
Train CE loss (one batch): 0.0
Test MSE (raw): 0.0315
Test MSE (smoothed with alpha=0.01): 0.0346
New best smoothed test MSE: 0.0346. Saving best model to experiments/experiment_17407_best.ckpt
Test MSE group_0: 0.0295
Test MSE group_1: 0.0333
Test MSE group_2: nan
Test MSE group_3: nan
Poisson likelihood: 0.0
CE loss: 0.0
train MSE group_0: 0.0254
train MSE group_1: 0.0320
train MSE group_2: nan
train MSE group_3: nan
CE loss (TEST): 0.0
