/Users/benjaminmaurel/Documents/Training_Sanofi/notebooks_hands_on/latent_ode/run_models.py
run_models.py --niters 3000 -n 200 -s 40 -l 10 --dataset PK_Tacro --latent-ode --noise-weight 0.01 --max-t 5. --seed 4 --experiment 17572
Experiment 17572
Epoch 1000 [Test seq (cond on sampled tp)] | Loss 221.457977 | Likelihood -221.008179 | KL fp 3.9010 | FP STD 0.2207|
KL coef: 0.9999522643707747
Train loss (one batch): 207.51446533203125
Train CE loss (one batch): 0.0
Test MSE (raw): 0.0449
Test MSE (smoothed with alpha=0.01): 0.0449
New best smoothed test MSE: 0.0449. Saving best model to experiments/experiment_17572_best.ckpt
Test MSE group_0: 0.0391
Test MSE group_1: 0.0505
Test MSE group_2: nan
Test MSE group_3: nan
Poisson likelihood: 0.0
CE loss: 0.0
train MSE group_0: 0.0365
train MSE group_1: 0.0463
train MSE group_2: nan
train MSE group_3: nan
CE loss (TEST): 0.0
Experiment 17572
Epoch 2000 [Test seq (cond on sampled tp)] | Loss 203.874802 | Likelihood -202.781342 | KL fp 4.3395 | FP STD 0.1588|
KL coef: 0.9999999979391934
Train loss (one batch): 191.3993682861328
Train CE loss (one batch): 0.0
Test MSE (raw): 0.0413
Test MSE (smoothed with alpha=0.01): 0.0449
New best smoothed test MSE: 0.0449. Saving best model to experiments/experiment_17572_best.ckpt
Test MSE group_0: 0.0369
Test MSE group_1: 0.0454
Test MSE group_2: nan
Test MSE group_3: nan
Poisson likelihood: 0.0
CE loss: 0.0
train MSE group_0: 0.0346
train MSE group_1: 0.0417
train MSE group_2: nan
train MSE group_3: nan
CE loss (TEST): 0.0
Experiment 17572
Epoch 3000 [Test seq (cond on sampled tp)] | Loss 167.344223 | Likelihood -165.704483 | KL fp 4.4838 | FP STD 0.1265|
KL coef: 0.9999999999999111
Train loss (one batch): 158.20040893554688
Train CE loss (one batch): 0.0
Test MSE (raw): 0.0339
Test MSE (smoothed with alpha=0.01): 0.0448
New best smoothed test MSE: 0.0448. Saving best model to experiments/experiment_17572_best.ckpt
Test MSE group_0: 0.0311
Test MSE group_1: 0.0364
Test MSE group_2: nan
Test MSE group_3: nan
Poisson likelihood: 0.0
CE loss: 0.0
train MSE group_0: 0.0291
train MSE group_1: 0.0341
train MSE group_2: nan
train MSE group_3: nan
CE loss (TEST): 0.0
