/Users/benjaminmaurel/Documents/Training_Sanofi/notebooks_hands_on/latent_ode/run_models.py
run_models.py --niters 3000 -n 200 -s 40 -l 10 --dataset PK_Tacro --latent-ode --noise-weight 0.01 --max-t 5. --seed 37 --experiment 40420
Experiment 40420
Epoch 1000 [Test seq (cond on sampled tp)] | Loss 305.934875 | Likelihood -308.067322 | KL fp 4.5927 | FP STD 0.3800|
KL coef: 0.9999522643707747
Train loss (one batch): 304.06591796875
Train CE loss (one batch): 0.0
Test MSE (raw): 0.0624
Test MSE (smoothed with alpha=0.01): 0.0624
New best smoothed test MSE: 0.0624. Saving best model to experiments/experiment_40420_best.ckpt
Test MSE group_0: 0.0602
Test MSE group_1: 0.0644
Test MSE group_2: nan
Test MSE group_3: nan
Poisson likelihood: 0.0
CE loss: 0.0
train MSE group_0: 0.0574
train MSE group_1: 0.0668
train MSE group_2: nan
train MSE group_3: nan
CE loss (TEST): 0.0
Experiment 40420
Epoch 2000 [Test seq (cond on sampled tp)] | Loss 209.205124 | Likelihood -208.398209 | KL fp 4.6122 | FP STD 0.2871|
KL coef: 0.9999999979391934
Train loss (one batch): 201.6144256591797
Train CE loss (one batch): 0.0
Test MSE (raw): 0.0424
Test MSE (smoothed with alpha=0.01): 0.0622
New best smoothed test MSE: 0.0622. Saving best model to experiments/experiment_40420_best.ckpt
Test MSE group_0: 0.0387
Test MSE group_1: 0.0457
Test MSE group_2: nan
Test MSE group_3: nan
Poisson likelihood: 0.0
CE loss: 0.0
train MSE group_0: 0.0352
train MSE group_1: 0.0456
train MSE group_2: nan
train MSE group_3: nan
CE loss (TEST): 0.0
Experiment 40420
Epoch 3000 [Test seq (cond on sampled tp)] | Loss 192.924423 | Likelihood -190.838257 | KL fp 4.8888 | FP STD 0.2386|
KL coef: 0.9999999999999111
Train loss (one batch): 184.10279846191406
Train CE loss (one batch): 0.0
Test MSE (raw): 0.0389
Test MSE (smoothed with alpha=0.01): 0.0619
New best smoothed test MSE: 0.0619. Saving best model to experiments/experiment_40420_best.ckpt
Test MSE group_0: 0.0366
Test MSE group_1: 0.0410
Test MSE group_2: nan
Test MSE group_3: nan
Poisson likelihood: 0.0
CE loss: 0.0
train MSE group_0: 0.0327
train MSE group_1: 0.0409
train MSE group_2: nan
train MSE group_3: nan
CE loss (TEST): 0.0
