/Users/benjaminmaurel/Documents/Training_Sanofi/notebooks_hands_on/latent_ode/run_models.py
run_models.py --niters 3000 -n 200 -s 40 -l 10 --dataset PK_Tacro --latent-ode --noise-weight 0.01 --max-t 5. --seed 114 --experiment 33997
Experiment 33997
Epoch 1000 [Test seq (cond on sampled tp)] | Loss 150.779312 | Likelihood -148.130035 | KL fp 5.3375 | FP STD 0.0866|
KL coef: 0.9999522643707747
Train loss (one batch): 156.63662719726562
Train CE loss (one batch): 0.0
Test MSE (raw): 0.0304
Test MSE (smoothed with alpha=0.01): 0.0304
New best smoothed test MSE: 0.0304. Saving best model to experiments/experiment_33997_best.ckpt
Test MSE group_0: 0.0276
Test MSE group_1: 0.0331
Test MSE group_2: nan
Test MSE group_3: nan
Poisson likelihood: 0.0
CE loss: 0.0
train MSE group_0: 0.0288
train MSE group_1: 0.0339
train MSE group_2: nan
train MSE group_3: nan
CE loss (TEST): 0.0
Experiment 33997
Epoch 2000 [Test seq (cond on sampled tp)] | Loss 140.611649 | Likelihood -138.576508 | KL fp 5.0230 | FP STD 0.0861|
KL coef: 0.9999999979391934
Train loss (one batch): 143.10499572753906
Train CE loss (one batch): 0.0
Test MSE (raw): 0.0285
Test MSE (smoothed with alpha=0.01): 0.0303
New best smoothed test MSE: 0.0303. Saving best model to experiments/experiment_33997_best.ckpt
Test MSE group_0: 0.0267
Test MSE group_1: 0.0302
Test MSE group_2: nan
Test MSE group_3: nan
Poisson likelihood: 0.0
CE loss: 0.0
train MSE group_0: 0.0279
train MSE group_1: 0.0294
train MSE group_2: nan
train MSE group_3: nan
CE loss (TEST): 0.0
Experiment 33997
Epoch 3000 [Test seq (cond on sampled tp)] | Loss 134.647369 | Likelihood -132.136017 | KL fp 5.0878 | FP STD 0.0642|
KL coef: 0.9999999999999111
Train loss (one batch): 133.9510040283203
Train CE loss (one batch): 0.0
Test MSE (raw): 0.0272
Test MSE (smoothed with alpha=0.01): 0.0303
New best smoothed test MSE: 0.0303. Saving best model to experiments/experiment_33997_best.ckpt
Test MSE group_0: 0.0262
Test MSE group_1: 0.0281
Test MSE group_2: nan
Test MSE group_3: nan
Poisson likelihood: 0.0
CE loss: 0.0
train MSE group_0: 0.0271
train MSE group_1: 0.0263
train MSE group_2: nan
train MSE group_3: nan
CE loss (TEST): 0.0
