/Users/benjaminmaurel/Documents/Training_Sanofi/notebooks_hands_on/latent_ode/run_models.py
run_models.py --niters 3000 -n 200 -s 40 -l 10 --dataset PK_Tacro --latent-ode --noise-weight 0.01 --max-t 5. --seed 27 --experiment 16067
Experiment 16067
Epoch 1000 [Test seq (cond on sampled tp)] | Loss 240.213684 | Likelihood -237.657776 | KL fp 5.1764 | FP STD 0.0816|
KL coef: 0.9999522643707747
Train loss (one batch): 232.2936248779297
Train CE loss (one batch): 0.0
Test MSE (raw): 0.0483
Test MSE (smoothed with alpha=0.01): 0.0483
New best smoothed test MSE: 0.0483. Saving best model to experiments/experiment_16067_best.ckpt
Test MSE group_0: 0.0427
Test MSE group_1: 0.0532
Test MSE group_2: nan
Test MSE group_3: nan
Poisson likelihood: 0.0
CE loss: 0.0
train MSE group_0: 0.0438
train MSE group_1: 0.0494
train MSE group_2: nan
train MSE group_3: nan
CE loss (TEST): 0.0
Experiment 16067
Epoch 2000 [Test seq (cond on sampled tp)] | Loss 184.285248 | Likelihood -182.655853 | KL fp 4.8001 | FP STD 0.1021|
KL coef: 0.9999999979391934
Train loss (one batch): 176.60128784179688
Train CE loss (one batch): 0.0
Test MSE (raw): 0.0373
Test MSE (smoothed with alpha=0.01): 0.0482
New best smoothed test MSE: 0.0482. Saving best model to experiments/experiment_16067_best.ckpt
Test MSE group_0: 0.0345
Test MSE group_1: 0.0397
Test MSE group_2: nan
Test MSE group_3: nan
Poisson likelihood: 0.0
CE loss: 0.0
train MSE group_0: 0.0343
train MSE group_1: 0.0365
train MSE group_2: nan
train MSE group_3: nan
CE loss (TEST): 0.0
Experiment 16067
Epoch 3000 [Test seq (cond on sampled tp)] | Loss 181.544525 | Likelihood -179.931686 | KL fp 4.8486 | FP STD 0.0915|
KL coef: 0.9999999999999111
Train loss (one batch): 173.29367065429688
Train CE loss (one batch): 0.0
Test MSE (raw): 0.0367
Test MSE (smoothed with alpha=0.01): 0.0480
New best smoothed test MSE: 0.0480. Saving best model to experiments/experiment_16067_best.ckpt
Test MSE group_0: 0.0349
Test MSE group_1: 0.0383
Test MSE group_2: nan
Test MSE group_3: nan
Poisson likelihood: 0.0
CE loss: 0.0
train MSE group_0: 0.0342
train MSE group_1: 0.0351
train MSE group_2: nan
train MSE group_3: nan
CE loss (TEST): 0.0
