/Users/benjaminmaurel/Documents/Training_Sanofi/notebooks_hands_on/latent_ode/run_models.py
run_models.py --niters 3000 -n 200 -s 40 -l 10 --dataset PK_Tacro --latent-ode --noise-weight 0.01 --max-t 5. --seed 124 --experiment 18512
Experiment 18512
Epoch 1000 [Test seq (cond on sampled tp)] | Loss 194.605591 | Likelihood -196.247925 | KL fp 4.6711 | FP STD 0.2315|
KL coef: 0.9999522643707747
Train loss (one batch): 186.32028198242188
Train CE loss (one batch): 0.0
Test MSE (raw): 0.0400
Test MSE (smoothed with alpha=0.01): 0.0400
New best smoothed test MSE: 0.0400. Saving best model to experiments/experiment_18512_best.ckpt
Test MSE group_0: 0.0336
Test MSE group_1: 0.0463
Test MSE group_2: nan
Test MSE group_3: nan
Poisson likelihood: 0.0
CE loss: 0.0
train MSE group_0: 0.0351
train MSE group_1: 0.0423
train MSE group_2: nan
train MSE group_3: nan
CE loss (TEST): 0.0
Experiment 18512
Epoch 2000 [Test seq (cond on sampled tp)] | Loss 163.129883 | Likelihood -160.901535 | KL fp 5.1090 | FP STD 0.0925|
KL coef: 0.9999999979391934
Train loss (one batch): 158.3249053955078
Train CE loss (one batch): 0.0
Test MSE (raw): 0.0329
Test MSE (smoothed with alpha=0.01): 0.0399
New best smoothed test MSE: 0.0399. Saving best model to experiments/experiment_18512_best.ckpt
Test MSE group_0: 0.0294
Test MSE group_1: 0.0364
Test MSE group_2: nan
Test MSE group_3: nan
Poisson likelihood: 0.0
CE loss: 0.0
train MSE group_0: 0.0307
train MSE group_1: 0.0327
train MSE group_2: nan
train MSE group_3: nan
CE loss (TEST): 0.0
Experiment 18512
Epoch 3000 [Test seq (cond on sampled tp)] | Loss 161.388062 | Likelihood -159.519836 | KL fp 4.9197 | FP STD 0.1103|
KL coef: 0.9999999999999111
Train loss (one batch): 155.84292602539062
Train CE loss (one batch): 0.0
Test MSE (raw): 0.0326
Test MSE (smoothed with alpha=0.01): 0.0398
New best smoothed test MSE: 0.0398. Saving best model to experiments/experiment_18512_best.ckpt
Test MSE group_0: 0.0300
Test MSE group_1: 0.0352
Test MSE group_2: nan
Test MSE group_3: nan
Poisson likelihood: 0.0
CE loss: 0.0
train MSE group_0: 0.0314
train MSE group_1: 0.0312
train MSE group_2: nan
train MSE group_3: nan
CE loss (TEST): 0.0
