/Users/benjaminmaurel/Documents/Training_Sanofi/notebooks_hands_on/latent_ode/run_models.py
run_models.py --niters 3000 -n 200 -s 40 -l 10 --dataset PK_Tacro --latent-ode --noise-weight 0.01 --max-t 5. --seed 172 --experiment 38728
Experiment 38728
Epoch 1000 [Test seq (cond on sampled tp)] | Loss 216.560303 | Likelihood -213.423935 | KL fp 5.7175 | FP STD 0.0949|
KL coef: 0.9999522643707747
Train loss (one batch): 231.12661743164062
Train CE loss (one batch): 0.0
Test MSE (raw): 0.0434
Test MSE (smoothed with alpha=0.01): 0.0434
New best smoothed test MSE: 0.0434. Saving best model to experiments/experiment_38728_best.ckpt
Test MSE group_0: 0.0384
Test MSE group_1: 0.0484
Test MSE group_2: nan
Test MSE group_3: nan
Poisson likelihood: 0.0
CE loss: 0.0
train MSE group_0: 0.0402
train MSE group_1: 0.0534
train MSE group_2: nan
train MSE group_3: nan
CE loss (TEST): 0.0
Experiment 38728
Epoch 2000 [Test seq (cond on sampled tp)] | Loss 211.458496 | Likelihood -208.346878 | KL fp 5.6706 | FP STD 0.0876|
KL coef: 0.9999999979391934
Train loss (one batch): 219.22592163085938
Train CE loss (one batch): 0.0
Test MSE (raw): 0.0424
Test MSE (smoothed with alpha=0.01): 0.0434
New best smoothed test MSE: 0.0434. Saving best model to experiments/experiment_38728_best.ckpt
Test MSE group_0: 0.0391
Test MSE group_1: 0.0457
Test MSE group_2: nan
Test MSE group_3: nan
Poisson likelihood: 0.0
CE loss: 0.0
train MSE group_0: 0.0397
train MSE group_1: 0.0465
train MSE group_2: nan
train MSE group_3: nan
CE loss (TEST): 0.0
Experiment 38728
Epoch 3000 [Test seq (cond on sampled tp)] | Loss 210.717606 | Likelihood -207.715378 | KL fp 5.7275 | FP STD 0.0819|
KL coef: 0.9999999999999111
Train loss (one batch): 218.52532958984375
Train CE loss (one batch): 0.0
Test MSE (raw): 0.0423
Test MSE (smoothed with alpha=0.01): 0.0434
New best smoothed test MSE: 0.0434. Saving best model to experiments/experiment_38728_best.ckpt
Test MSE group_0: 0.0399
Test MSE group_1: 0.0447
Test MSE group_2: nan
Test MSE group_3: nan
Poisson likelihood: 0.0
CE loss: 0.0
train MSE group_0: 0.0407
train MSE group_1: 0.0455
train MSE group_2: nan
train MSE group_3: nan
CE loss (TEST): 0.0
