/Users/benjaminmaurel/Documents/Training_Sanofi/notebooks_hands_on/latent_ode/run_models.py
run_models.py --niters 3000 -n 200 -s 40 -l 10 --dataset PK_Tacro --latent-ode --noise-weight 0.01 --max-t 5. --seed 1 --experiment 10517
Experiment 10517
Epoch 0010 [Test seq (cond on sampled tp)] | Loss 2025.941528 | Likelihood -2097.886719 | KL fp 2.8459 | FP STD 1.0131|
KL coef: 0.0
Train loss (one batch): 2900.51318359375
Train CE loss (one batch): 0.0
Test MSE (raw): 0.4203
Test MSE (smoothed with alpha=0.01): 0.4203
New best smoothed test MSE: 0.4203. Saving best model to experiments/experiment_10517_best.ckpt
Test MSE group_0: 0.5614
Test MSE group_1: 0.2808
Test MSE group_2: nan
Test MSE group_3: nan
Poisson likelihood: 0.0
CE loss: 0.0
train MSE group_0: 0.8143
train MSE group_1: 0.3725
train MSE group_2: nan
train MSE group_3: nan
CE loss (TEST): 0.0
Experiment 10517
Epoch 0020 [Test seq (cond on sampled tp)] | Loss 742.695679 | Likelihood -777.362915 | KL fp 4.7647 | FP STD 0.3701|
KL coef: 0.09561792499119559
Train loss (one batch): 869.2687377929688
Train CE loss (one batch): 0.0
Test MSE (raw): 0.1562
Test MSE (smoothed with alpha=0.01): 0.4177
New best smoothed test MSE: 0.4177. Saving best model to experiments/experiment_10517_best.ckpt
Test MSE group_0: 0.1230
Test MSE group_1: 0.1885
Test MSE group_2: nan
Test MSE group_3: nan
Poisson likelihood: 0.0
CE loss: 0.0
train MSE group_0: 0.1256
train MSE group_1: 0.2346
train MSE group_2: nan
train MSE group_3: nan
CE loss (TEST): 0.0
Experiment 10517
Epoch 0030 [Test seq (cond on sampled tp)] | Loss 459.681091 | Likelihood -477.875671 | KL fp 4.3962 | FP STD 0.3433|
KL coef: 0.18209306240276923
Train loss (one batch): 535.8980712890625
Train CE loss (one batch): 0.0
Test MSE (raw): 0.0963
Test MSE (smoothed with alpha=0.01): 0.4145
New best smoothed test MSE: 0.4145. Saving best model to experiments/experiment_10517_best.ckpt
Test MSE group_0: 0.0765
Test MSE group_1: 0.1159
Test MSE group_2: nan
Test MSE group_3: nan
Poisson likelihood: 0.0
CE loss: 0.0
train MSE group_0: 0.0780
train MSE group_1: 0.1442
train MSE group_2: nan
train MSE group_3: nan
CE loss (TEST): 0.0
Experiment 10517
Epoch 0040 [Test seq (cond on sampled tp)] | Loss 372.797791 | Likelihood -382.511536 | KL fp 5.1700 | FP STD 0.2397|
KL coef: 0.2602996266117198
Train loss (one batch): 358.92596435546875
Train CE loss (one batch): 0.0
Test MSE (raw): 0.0772
Test MSE (smoothed with alpha=0.01): 0.4111
New best smoothed test MSE: 0.4111. Saving best model to experiments/experiment_10517_best.ckpt
Test MSE group_0: 0.0688
Test MSE group_1: 0.0857
Test MSE group_2: nan
Test MSE group_3: nan
Poisson likelihood: 0.0
CE loss: 0.0
train MSE group_0: 0.0599
train MSE group_1: 0.0930
train MSE group_2: nan
train MSE group_3: nan
CE loss (TEST): 0.0
Experiment 10517
Epoch 0050 [Test seq (cond on sampled tp)] | Loss 276.908112 | Likelihood -283.050079 | KL fp 4.8678 | FP STD 0.2027|
KL coef: 0.3310282414303197
Train loss (one batch): 285.4822998046875
Train CE loss (one batch): 0.0
Test MSE (raw): 0.0573
Test MSE (smoothed with alpha=0.01): 0.4076
New best smoothed test MSE: 0.4076. Saving best model to experiments/experiment_10517_best.ckpt
Test MSE group_0: 0.0507
Test MSE group_1: 0.0640
Test MSE group_2: nan
Test MSE group_3: nan
Poisson likelihood: 0.0
CE loss: 0.0
train MSE group_0: 0.0551
train MSE group_1: 0.0630
train MSE group_2: nan
train MSE group_3: nan
CE loss (TEST): 0.0
Experiment 10517
Epoch 0060 [Test seq (cond on sampled tp)] | Loss 234.307114 | Likelihood -239.007568 | KL fp 4.9758 | FP STD 0.1753|
KL coef: 0.39499393286246365
Train loss (one batch): 235.12423706054688
Train CE loss (one batch): 0.0
Test MSE (raw): 0.0485
Test MSE (smoothed with alpha=0.01): 0.4040
New best smoothed test MSE: 0.4040. Saving best model to experiments/experiment_10517_best.ckpt
Test MSE group_0: 0.0420
Test MSE group_1: 0.0551
Test MSE group_2: nan
Test MSE group_3: nan
Poisson likelihood: 0.0
CE loss: 0.0
train MSE group_0: 0.0442
train MSE group_1: 0.0528
train MSE group_2: nan
train MSE group_3: nan
CE loss (TEST): 0.0
Experiment 10517
Epoch 0070 [Test seq (cond on sampled tp)] | Loss 202.136993 | Likelihood -204.154617 | KL fp 5.2154 | FP STD 0.1354|
KL coef: 0.4528433576092388
Train loss (one batch): 198.02783203125
Train CE loss (one batch): 0.0
Test MSE (raw): 0.0416
Test MSE (smoothed with alpha=0.01): 0.4003
New best smoothed test MSE: 0.4003. Saving best model to experiments/experiment_10517_best.ckpt
Test MSE group_0: 0.0352
Test MSE group_1: 0.0480
Test MSE group_2: nan
Test MSE group_3: nan
Poisson likelihood: 0.0
CE loss: 0.0
train MSE group_0: 0.0364
train MSE group_1: 0.0446
train MSE group_2: nan
train MSE group_3: nan
CE loss (TEST): 0.0
Experiment 10517
Epoch 0080 [Test seq (cond on sampled tp)] | Loss 180.091782 | Likelihood -181.091324 | KL fp 5.3228 | FP STD 0.1270|
KL coef: 0.505161340399793
Train loss (one batch): 174.50860595703125
Train CE loss (one batch): 0.0
Test MSE (raw): 0.0370
Test MSE (smoothed with alpha=0.01): 0.3967
New best smoothed test MSE: 0.3967. Saving best model to experiments/experiment_10517_best.ckpt
Test MSE group_0: 0.0275
Test MSE group_1: 0.0463
Test MSE group_2: nan
Test MSE group_3: nan
Poisson likelihood: 0.0
CE loss: 0.0
train MSE group_0: 0.0289
train MSE group_1: 0.0430
train MSE group_2: nan
train MSE group_3: nan
CE loss (TEST): 0.0
Experiment 10517
Epoch 0090 [Test seq (cond on sampled tp)] | Loss 182.970245 | Likelihood -185.520538 | KL fp 4.8695 | FP STD 0.1508|
KL coef: 0.5524767862361895
Train loss (one batch): 200.30865478515625
Train CE loss (one batch): 0.0
Test MSE (raw): 0.0378
Test MSE (smoothed with alpha=0.01): 0.3931
New best smoothed test MSE: 0.3931. Saving best model to experiments/experiment_10517_best.ckpt
Test MSE group_0: 0.0275
Test MSE group_1: 0.0481
Test MSE group_2: nan
Test MSE group_3: nan
Poisson likelihood: 0.0
CE loss: 0.0
train MSE group_0: 0.0386
train MSE group_1: 0.0430
train MSE group_2: nan
train MSE group_3: nan
CE loss (TEST): 0.0
Experiment 10517
Epoch 0100 [Test seq (cond on sampled tp)] | Loss 171.262466 | Likelihood -172.136688 | KL fp 5.4733 | FP STD 0.1311|
KL coef: 0.5952680273216762
Train loss (one batch): 160.5118408203125
Train CE loss (one batch): 0.0
Test MSE (raw): 0.0352
Test MSE (smoothed with alpha=0.01): 0.3895
New best smoothed test MSE: 0.3895. Saving best model to experiments/experiment_10517_best.ckpt
Test MSE group_0: 0.0248
Test MSE group_1: 0.0455
Test MSE group_2: nan
Test MSE group_3: nan
Poisson likelihood: 0.0
CE loss: 0.0
train MSE group_0: 0.0265
train MSE group_1: 0.0405
train MSE group_2: nan
train MSE group_3: nan
CE loss (TEST): 0.0
Experiment 10517
Epoch 0110 [Test seq (cond on sampled tp)] | Loss 166.658127 | Likelihood -167.609528 | KL fp 5.2721 | FP STD 0.1369|
KL coef: 0.6339676587267709
Train loss (one batch): 155.2633819580078
Train CE loss (one batch): 0.0
Test MSE (raw): 0.0343
Test MSE (smoothed with alpha=0.01): 0.3860
New best smoothed test MSE: 0.3860. Saving best model to experiments/experiment_10517_best.ckpt
Test MSE group_0: 0.0210
Test MSE group_1: 0.0474
Test MSE group_2: nan
Test MSE group_3: nan
Poisson likelihood: 0.0
CE loss: 0.0
train MSE group_0: 0.0224
train MSE group_1: 0.0419
train MSE group_2: nan
train MSE group_3: nan
CE loss (TEST): 0.0
Experiment 10517
Epoch 0120 [Test seq (cond on sampled tp)] | Loss 159.617996 | Likelihood -159.461761 | KL fp 5.2646 | FP STD 0.1192|
KL coef: 0.6689669116789861
Train loss (one batch): 149.79281616210938
Train CE loss (one batch): 0.0
Test MSE (raw): 0.0326
Test MSE (smoothed with alpha=0.01): 0.3824
New best smoothed test MSE: 0.3824. Saving best model to experiments/experiment_10517_best.ckpt
Test MSE group_0: 0.0217
Test MSE group_1: 0.0435
Test MSE group_2: nan
Test MSE group_3: nan
Poisson likelihood: 0.0
CE loss: 0.0
train MSE group_0: 0.0215
train MSE group_1: 0.0405
train MSE group_2: nan
train MSE group_3: nan
CE loss (TEST): 0.0
Experiment 10517
Epoch 0130 [Test seq (cond on sampled tp)] | Loss 156.705399 | Likelihood -155.670685 | KL fp 5.3504 | FP STD 0.1055|
KL coef: 0.7006196086876687
Train loss (one batch): 145.93881225585938
Train CE loss (one batch): 0.0
Test MSE (raw): 0.0319
Test MSE (smoothed with alpha=0.01): 0.3789
New best smoothed test MSE: 0.3789. Saving best model to experiments/experiment_10517_best.ckpt
Test MSE group_0: 0.0217
Test MSE group_1: 0.0419
Test MSE group_2: nan
Test MSE group_3: nan
Poisson likelihood: 0.0
CE loss: 0.0
train MSE group_0: 0.0222
train MSE group_1: 0.0379
train MSE group_2: nan
train MSE group_3: nan
CE loss (TEST): 0.0
Experiment 10517
Epoch 0140 [Test seq (cond on sampled tp)] | Loss 154.070129 | Likelihood -152.854080 | KL fp 5.5350 | FP STD 0.0919|
KL coef: 0.729245740488006
Train loss (one batch): 146.34585571289062
Train CE loss (one batch): 0.0
Test MSE (raw): 0.0313
Test MSE (smoothed with alpha=0.01): 0.3755
New best smoothed test MSE: 0.3755. Saving best model to experiments/experiment_10517_best.ckpt
Test MSE group_0: 0.0198
Test MSE group_1: 0.0427
Test MSE group_2: nan
Test MSE group_3: nan
Poisson likelihood: 0.0
CE loss: 0.0
train MSE group_0: 0.0225
train MSE group_1: 0.0374
train MSE group_2: nan
train MSE group_3: nan
CE loss (TEST): 0.0
Experiment 10517
Epoch 0150 [Test seq (cond on sampled tp)] | Loss 153.486252 | Likelihood -152.484848 | KL fp 5.5123 | FP STD 0.0869|
KL coef: 0.7551347009650705
Train loss (one batch): 141.8870391845703
Train CE loss (one batch): 0.0
Test MSE (raw): 0.0312
Test MSE (smoothed with alpha=0.01): 0.3720
New best smoothed test MSE: 0.3720. Saving best model to experiments/experiment_10517_best.ckpt
Test MSE group_0: 0.0193
Test MSE group_1: 0.0431
Test MSE group_2: nan
Test MSE group_3: nan
Poisson likelihood: 0.0
CE loss: 0.0
train MSE group_0: 0.0204
train MSE group_1: 0.0379
train MSE group_2: nan
train MSE group_3: nan
CE loss (TEST): 0.0
Experiment 10517
Epoch 0160 [Test seq (cond on sampled tp)] | Loss 150.336411 | Likelihood -148.707764 | KL fp 5.5548 | FP STD 0.0844|
KL coef: 0.7785482127611391
Train loss (one batch): 141.623779296875
Train CE loss (one batch): 0.0
Test MSE (raw): 0.0305
Test MSE (smoothed with alpha=0.01): 0.3686
New best smoothed test MSE: 0.3686. Saving best model to experiments/experiment_10517_best.ckpt
Test MSE group_0: 0.0199
Test MSE group_1: 0.0410
Test MSE group_2: nan
Test MSE group_3: nan
Poisson likelihood: 0.0
CE loss: 0.0
train MSE group_0: 0.0201
train MSE group_1: 0.0384
train MSE group_2: nan
train MSE group_3: nan
CE loss (TEST): 0.0
Experiment 10517
Epoch 0170 [Test seq (cond on sampled tp)] | Loss 148.337753 | Likelihood -146.543091 | KL fp 5.6518 | FP STD 0.0790|
KL coef: 0.7997229731425107
Train loss (one batch): 137.52919006347656
Train CE loss (one batch): 0.0
Test MSE (raw): 0.0300
Test MSE (smoothed with alpha=0.01): 0.3652
New best smoothed test MSE: 0.3652. Saving best model to experiments/experiment_10517_best.ckpt
Test MSE group_0: 0.0199
Test MSE group_1: 0.0401
Test MSE group_2: nan
Test MSE group_3: nan
Poisson likelihood: 0.0
CE loss: 0.0
train MSE group_0: 0.0201
train MSE group_1: 0.0365
train MSE group_2: nan
train MSE group_3: nan
CE loss (TEST): 0.0
Experiment 10517
Epoch 0180 [Test seq (cond on sampled tp)] | Loss 161.399261 | Likelihood -163.212799 | KL fp 5.1803 | FP STD 0.1391|
KL coef: 0.8188730468740297
Train loss (one batch): 151.5999298095703
Train CE loss (one batch): 0.0
Test MSE (raw): 0.0334
Test MSE (smoothed with alpha=0.01): 0.3619
New best smoothed test MSE: 0.3619. Saving best model to experiments/experiment_10517_best.ckpt
Test MSE group_0: 0.0212
Test MSE group_1: 0.0454
Test MSE group_2: nan
Test MSE group_3: nan
Poisson likelihood: 0.0
CE loss: 0.0
train MSE group_0: 0.0216
train MSE group_1: 0.0414
train MSE group_2: nan
train MSE group_3: nan
CE loss (TEST): 0.0
Experiment 10517
Epoch 0190 [Test seq (cond on sampled tp)] | Loss 150.380630 | Likelihood -149.718948 | KL fp 5.5317 | FP STD 0.0967|
KL coef: 0.8361920302919126
Train loss (one batch): 141.7244873046875
Train CE loss (one batch): 0.0
Test MSE (raw): 0.0307
Test MSE (smoothed with alpha=0.01): 0.3586
New best smoothed test MSE: 0.3586. Saving best model to experiments/experiment_10517_best.ckpt
Test MSE group_0: 0.0198
Test MSE group_1: 0.0415
Test MSE group_2: nan
Test MSE group_3: nan
Poisson likelihood: 0.0
CE loss: 0.0
train MSE group_0: 0.0200
train MSE group_1: 0.0389
train MSE group_2: nan
train MSE group_3: nan
CE loss (TEST): 0.0
Experiment 10517
Epoch 0200 [Test seq (cond on sampled tp)] | Loss 171.984863 | Likelihood -171.688263 | KL fp 4.8606 | FP STD 0.1368|
KL coef: 0.8518550084524206
Train loss (one batch): 141.2066192626953
Train CE loss (one batch): 0.0
Test MSE (raw): 0.0351
Test MSE (smoothed with alpha=0.01): 0.3554
New best smoothed test MSE: 0.3554. Saving best model to experiments/experiment_10517_best.ckpt
Test MSE group_0: 0.0256
Test MSE group_1: 0.0445
Test MSE group_2: nan
Test MSE group_3: nan
Poisson likelihood: 0.0
CE loss: 0.0
train MSE group_0: 0.0227
train MSE group_1: 0.0360
train MSE group_2: nan
train MSE group_3: nan
CE loss (TEST): 0.0
Experiment 10517
Epoch 0210 [Test seq (cond on sampled tp)] | Loss 151.118988 | Likelihood -149.907013 | KL fp 5.1207 | FP STD 0.1346|
KL coef: 0.8660203251420383
Train loss (one batch): 141.1869354248047
Train CE loss (one batch): 0.0
Test MSE (raw): 0.0307
Test MSE (smoothed with alpha=0.01): 0.3521
New best smoothed test MSE: 0.3521. Saving best model to experiments/experiment_10517_best.ckpt
Test MSE group_0: 0.0201
Test MSE group_1: 0.0412
Test MSE group_2: nan
Test MSE group_3: nan
Poisson likelihood: 0.0
CE loss: 0.0
train MSE group_0: 0.0233
train MSE group_1: 0.0352
train MSE group_2: nan
train MSE group_3: nan
CE loss (TEST): 0.0
Experiment 10517
Epoch 0220 [Test seq (cond on sampled tp)] | Loss 145.536514 | Likelihood -143.825836 | KL fp 5.4293 | FP STD 0.1038|
KL coef: 0.8788311836429517
Train loss (one batch): 140.273193359375
Train CE loss (one batch): 0.0
Test MSE (raw): 0.0295
Test MSE (smoothed with alpha=0.01): 0.3489
New best smoothed test MSE: 0.3489. Saving best model to experiments/experiment_10517_best.ckpt
Test MSE group_0: 0.0184
Test MSE group_1: 0.0406
Test MSE group_2: nan
Test MSE group_3: nan
Poisson likelihood: 0.0
CE loss: 0.0
train MSE group_0: 0.0214
train MSE group_1: 0.0357
train MSE group_2: nan
train MSE group_3: nan
CE loss (TEST): 0.0
Experiment 10517
Epoch 0230 [Test seq (cond on sampled tp)] | Loss 144.199356 | Likelihood -142.386337 | KL fp 5.3395 | FP STD 0.0957|
KL coef: 0.8904170944366518
Train loss (one batch): 133.6762237548828
Train CE loss (one batch): 0.0
Test MSE (raw): 0.0292
Test MSE (smoothed with alpha=0.01): 0.3457
New best smoothed test MSE: 0.3457. Saving best model to experiments/experiment_10517_best.ckpt
Test MSE group_0: 0.0184
Test MSE group_1: 0.0400
Test MSE group_2: nan
Test MSE group_3: nan
Poisson likelihood: 0.0
CE loss: 0.0
train MSE group_0: 0.0188
train MSE group_1: 0.0359
train MSE group_2: nan
train MSE group_3: nan
CE loss (TEST): 0.0
Experiment 10517
Epoch 0240 [Test seq (cond on sampled tp)] | Loss 140.150848 | Likelihood -138.130356 | KL fp 5.4443 | FP STD 0.0878|
KL coef: 0.9008951844811254
Train loss (one batch): 130.761962890625
Train CE loss (one batch): 0.0
Test MSE (raw): 0.0284
Test MSE (smoothed with alpha=0.01): 0.3425
New best smoothed test MSE: 0.3425. Saving best model to experiments/experiment_10517_best.ckpt
Test MSE group_0: 0.0185
Test MSE group_1: 0.0382
Test MSE group_2: nan
Test MSE group_3: nan
Poisson likelihood: 0.0
CE loss: 0.0
train MSE group_0: 0.0183
train MSE group_1: 0.0351
train MSE group_2: nan
train MSE group_3: nan
CE loss (TEST): 0.0
Experiment 10517
Epoch 0250 [Test seq (cond on sampled tp)] | Loss 160.811935 | Likelihood -164.388519 | KL fp 5.1006 | FP STD 0.1455|
KL coef: 0.9103713812976754
Train loss (one batch): 160.4315643310547
Train CE loss (one batch): 0.0
Test MSE (raw): 0.0336
Test MSE (smoothed with alpha=0.01): 0.3394
New best smoothed test MSE: 0.3394. Saving best model to experiments/experiment_10517_best.ckpt
Test MSE group_0: 0.0222
Test MSE group_1: 0.0450
Test MSE group_2: nan
Test MSE group_3: nan
Poisson likelihood: 0.0
CE loss: 0.0
train MSE group_0: 0.0199
train MSE group_1: 0.0468
train MSE group_2: nan
train MSE group_3: nan
CE loss (TEST): 0.0
Experiment 10517
Epoch 0260 [Test seq (cond on sampled tp)] | Loss 181.662872 | Likelihood -186.844528 | KL fp 5.1339 | FP STD 0.1751|
KL coef: 0.9189414838378187
Train loss (one batch): 182.85955810546875
Train CE loss (one batch): 0.0
Test MSE (raw): 0.0381
Test MSE (smoothed with alpha=0.01): 0.3364
New best smoothed test MSE: 0.3364. Saving best model to experiments/experiment_10517_best.ckpt
Test MSE group_0: 0.0307
Test MSE group_1: 0.0456
Test MSE group_2: nan
Test MSE group_3: nan
Poisson likelihood: 0.0
CE loss: 0.0
train MSE group_0: 0.0312
train MSE group_1: 0.0436
train MSE group_2: nan
train MSE group_3: nan
CE loss (TEST): 0.0
Experiment 10517
Epoch 0270 [Test seq (cond on sampled tp)] | Loss 172.577087 | Likelihood -174.214050 | KL fp 4.5815 | FP STD 0.1768|
KL coef: 0.9266921309561118
Train loss (one batch): 163.87728881835938
Train CE loss (one batch): 0.0
Test MSE (raw): 0.0356
Test MSE (smoothed with alpha=0.01): 0.3334
New best smoothed test MSE: 0.3334. Saving best model to experiments/experiment_10517_best.ckpt
Test MSE group_0: 0.0246
Test MSE group_1: 0.0465
Test MSE group_2: nan
Test MSE group_3: nan
Poisson likelihood: 0.0
CE loss: 0.0
train MSE group_0: 0.0251
train MSE group_1: 0.0421
train MSE group_2: nan
train MSE group_3: nan
CE loss (TEST): 0.0
Experiment 10517
Epoch 0280 [Test seq (cond on sampled tp)] | Loss 154.970627 | Likelihood -154.518280 | KL fp 5.2315 | FP STD 0.1292|
KL coef: 0.9337016772796147
Train loss (one batch): 145.65040588378906
Train CE loss (one batch): 0.0
Test MSE (raw): 0.0316
Test MSE (smoothed with alpha=0.01): 0.3304
New best smoothed test MSE: 0.3304. Saving best model to experiments/experiment_10517_best.ckpt
Test MSE group_0: 0.0214
Test MSE group_1: 0.0418
Test MSE group_2: nan
Test MSE group_3: nan
Poisson likelihood: 0.0
CE loss: 0.0
train MSE group_0: 0.0219
train MSE group_1: 0.0388
train MSE group_2: nan
train MSE group_3: nan
CE loss (TEST): 0.0
Experiment 10517
Epoch 0290 [Test seq (cond on sampled tp)] | Loss 146.975952 | Likelihood -145.153671 | KL fp 5.5069 | FP STD 0.0975|
KL coef: 0.9400409853285345
Train loss (one batch): 153.6017608642578
Train CE loss (one batch): 0.0
Test MSE (raw): 0.0298
Test MSE (smoothed with alpha=0.01): 0.3274
New best smoothed test MSE: 0.3274. Saving best model to experiments/experiment_10517_best.ckpt
Test MSE group_0: 0.0172
Test MSE group_1: 0.0422
Test MSE group_2: nan
Test MSE group_3: nan
Poisson likelihood: 0.0
CE loss: 0.0
train MSE group_0: 0.0224
train MSE group_1: 0.0402
train MSE group_2: nan
train MSE group_3: nan
CE loss (TEST): 0.0
Experiment 10517
Epoch 0300 [Test seq (cond on sampled tp)] | Loss 159.451172 | Likelihood -158.387466 | KL fp 5.3174 | FP STD 0.1428|
KL coef: 0.9457741418959368
Train loss (one batch): 155.03363037109375
Train CE loss (one batch): 0.0
Test MSE (raw): 0.0324
Test MSE (smoothed with alpha=0.01): 0.3244
New best smoothed test MSE: 0.3244. Saving best model to experiments/experiment_10517_best.ckpt
Test MSE group_0: 0.0236
Test MSE group_1: 0.0412
Test MSE group_2: nan
Test MSE group_3: nan
Poisson likelihood: 0.0
CE loss: 0.0
train MSE group_0: 0.0191
train MSE group_1: 0.0448
train MSE group_2: nan
train MSE group_3: nan
CE loss (TEST): 0.0
Experiment 10517
Epoch 0310 [Test seq (cond on sampled tp)] | Loss 151.908630 | Likelihood -150.967453 | KL fp 5.1970 | FP STD 0.1386|
KL coef: 0.9509591059287142
Train loss (one batch): 132.6403045654297
Train CE loss (one batch): 0.0
Test MSE (raw): 0.0309
Test MSE (smoothed with alpha=0.01): 0.3215
New best smoothed test MSE: 0.3215. Saving best model to experiments/experiment_10517_best.ckpt
Test MSE group_0: 0.0204
Test MSE group_1: 0.0414
Test MSE group_2: nan
Test MSE group_3: nan
Poisson likelihood: 0.0
CE loss: 0.0
train MSE group_0: 0.0189
train MSE group_1: 0.0361
train MSE group_2: nan
train MSE group_3: nan
CE loss (TEST): 0.0
Experiment 10517
Epoch 0320 [Test seq (cond on sampled tp)] | Loss 150.373337 | Likelihood -149.370300 | KL fp 5.1624 | FP STD 0.1471|
KL coef: 0.9556482944595236
Train loss (one batch): 131.530029296875
Train CE loss (one batch): 0.0
Test MSE (raw): 0.0306
Test MSE (smoothed with alpha=0.01): 0.3186
New best smoothed test MSE: 0.3186. Saving best model to experiments/experiment_10517_best.ckpt
Test MSE group_0: 0.0227
Test MSE group_1: 0.0385
Test MSE group_2: nan
Test MSE group_3: nan
Poisson likelihood: 0.0
CE loss: 0.0
train MSE group_0: 0.0194
train MSE group_1: 0.0343
train MSE group_2: nan
train MSE group_3: nan
CE loss (TEST): 0.0
Experiment 10517
Epoch 0330 [Test seq (cond on sampled tp)] | Loss 153.467621 | Likelihood -154.809555 | KL fp 4.6649 | FP STD 0.2129|
KL coef: 0.9598891125131245
Train loss (one batch): 139.22764587402344
Train CE loss (one batch): 0.0
Test MSE (raw): 0.0317
Test MSE (smoothed with alpha=0.01): 0.3157
New best smoothed test MSE: 0.3157. Saving best model to experiments/experiment_10517_best.ckpt
Test MSE group_0: 0.0201
Test MSE group_1: 0.0432
Test MSE group_2: nan
Test MSE group_3: nan
Poisson likelihood: 0.0
CE loss: 0.0
train MSE group_0: 0.0197
train MSE group_1: 0.0380
train MSE group_2: nan
train MSE group_3: nan
CE loss (TEST): 0.0
Experiment 10517
Epoch 0340 [Test seq (cond on sampled tp)] | Loss 151.782822 | Likelihood -152.255463 | KL fp 4.8984 | FP STD 0.2188|
KL coef: 0.9637244323441748
Train loss (one batch): 140.5753173828125
Train CE loss (one batch): 0.0
Test MSE (raw): 0.0312
Test MSE (smoothed with alpha=0.01): 0.3129
New best smoothed test MSE: 0.3129. Saving best model to experiments/experiment_10517_best.ckpt
Test MSE group_0: 0.0225
Test MSE group_1: 0.0398
Test MSE group_2: nan
Test MSE group_3: nan
Poisson likelihood: 0.0
CE loss: 0.0
train MSE group_0: 0.0210
train MSE group_1: 0.0372
train MSE group_2: nan
train MSE group_3: nan
CE loss (TEST): 0.0
Experiment 10517
Epoch 0350 [Test seq (cond on sampled tp)] | Loss 139.761856 | Likelihood -139.289993 | KL fp 4.9405 | FP STD 0.1744|
KL coef: 0.9671930268513026
Train loss (one batch): 132.29962158203125
Train CE loss (one batch): 0.0
Test MSE (raw): 0.0286
Test MSE (smoothed with alpha=0.01): 0.3100
New best smoothed test MSE: 0.3100. Saving best model to experiments/experiment_10517_best.ckpt
Test MSE group_0: 0.0184
Test MSE group_1: 0.0387
Test MSE group_2: nan
Test MSE group_3: nan
Poisson likelihood: 0.0
CE loss: 0.0
train MSE group_0: 0.0187
train MSE group_1: 0.0356
train MSE group_2: nan
train MSE group_3: nan
CE loss (TEST): 0.0
Experiment 10517
Epoch 0360 [Test seq (cond on sampled tp)] | Loss 135.369232 | Likelihood -134.268539 | KL fp 5.1195 | FP STD 0.1435|
KL coef: 0.9703299615490228
Train loss (one batch): 125.72850799560547
Train CE loss (one batch): 0.0
Test MSE (raw): 0.0276
Test MSE (smoothed with alpha=0.01): 0.3072
New best smoothed test MSE: 0.3072. Saving best model to experiments/experiment_10517_best.ckpt
Test MSE group_0: 0.0178
Test MSE group_1: 0.0373
Test MSE group_2: nan
Test MSE group_3: nan
Poisson likelihood: 0.0
CE loss: 0.0
train MSE group_0: 0.0178
train MSE group_1: 0.0338
train MSE group_2: nan
train MSE group_3: nan
CE loss (TEST): 0.0
Experiment 10517
Epoch 0370 [Test seq (cond on sampled tp)] | Loss 132.560928 | Likelihood -131.480942 | KL fp 5.0963 | FP STD 0.1318|
KL coef: 0.9731669490601144
Train loss (one batch): 123.93292236328125
Train CE loss (one batch): 0.0
Test MSE (raw): 0.0270
Test MSE (smoothed with alpha=0.01): 0.3044
New best smoothed test MSE: 0.3044. Saving best model to experiments/experiment_10517_best.ckpt
Test MSE group_0: 0.0174
Test MSE group_1: 0.0366
Test MSE group_2: nan
Test MSE group_3: nan
Poisson likelihood: 0.0
CE loss: 0.0
train MSE group_0: 0.0175
train MSE group_1: 0.0332
train MSE group_2: nan
train MSE group_3: nan
CE loss (TEST): 0.0
Experiment 10517
Epoch 0380 [Test seq (cond on sampled tp)] | Loss 130.494995 | Likelihood -128.946091 | KL fp 5.0534 | FP STD 0.1256|
KL coef: 0.9757326697121692
Train loss (one batch): 123.3996353149414
Train CE loss (one batch): 0.0
Test MSE (raw): 0.0265
Test MSE (smoothed with alpha=0.01): 0.3016
New best smoothed test MSE: 0.3016. Saving best model to experiments/experiment_10517_best.ckpt
Test MSE group_0: 0.0172
Test MSE group_1: 0.0358
Test MSE group_2: nan
Test MSE group_3: nan
Poisson likelihood: 0.0
CE loss: 0.0
train MSE group_0: 0.0179
train MSE group_1: 0.0326
train MSE group_2: nan
train MSE group_3: nan
CE loss (TEST): 0.0
Experiment 10517
Epoch 0390 [Test seq (cond on sampled tp)] | Loss 127.506805 | Likelihood -125.855698 | KL fp 5.2760 | FP STD 0.1107|
KL coef: 0.9780530614793677
Train loss (one batch): 118.83700561523438
Train CE loss (one batch): 0.0
Test MSE (raw): 0.0259
Test MSE (smoothed with alpha=0.01): 0.2989
New best smoothed test MSE: 0.2989. Saving best model to experiments/experiment_10517_best.ckpt
Test MSE group_0: 0.0168
Test MSE group_1: 0.0350
Test MSE group_2: nan
Test MSE group_3: nan
Poisson likelihood: 0.0
CE loss: 0.0
train MSE group_0: 0.0165
train MSE group_1: 0.0323
train MSE group_2: nan
train MSE group_3: nan
CE loss (TEST): 0.0
Experiment 10517
Epoch 0400 [Test seq (cond on sampled tp)] | Loss 124.324158 | Likelihood -122.668732 | KL fp 5.3033 | FP STD 0.1053|
KL coef: 0.9801515822006198
Train loss (one batch): 115.5936508178711
Train CE loss (one batch): 0.0
Test MSE (raw): 0.0253
Test MSE (smoothed with alpha=0.01): 0.2961
New best smoothed test MSE: 0.2961. Saving best model to experiments/experiment_10517_best.ckpt
Test MSE group_0: 0.0163
Test MSE group_1: 0.0341
Test MSE group_2: nan
Test MSE group_3: nan
Poisson likelihood: 0.0
CE loss: 0.0
train MSE group_0: 0.0164
train MSE group_1: 0.0312
train MSE group_2: nan
train MSE group_3: nan
CE loss (TEST): 0.0
Experiment 10517
Epoch 0410 [Test seq (cond on sampled tp)] | Loss 122.446045 | Likelihood -120.447876 | KL fp 5.3153 | FP STD 0.1022|
KL coef: 0.9820494467249549
Train loss (one batch): 114.58746337890625
Train CE loss (one batch): 0.0
Test MSE (raw): 0.0248
Test MSE (smoothed with alpha=0.01): 0.2934
New best smoothed test MSE: 0.2934. Saving best model to experiments/experiment_10517_best.ckpt
Test MSE group_0: 0.0160
Test MSE group_1: 0.0335
Test MSE group_2: nan
Test MSE group_3: nan
Poisson likelihood: 0.0
CE loss: 0.0
train MSE group_0: 0.0160
train MSE group_1: 0.0308
train MSE group_2: nan
train MSE group_3: nan
CE loss (TEST): 0.0
Experiment 10517
Epoch 0420 [Test seq (cond on sampled tp)] | Loss 121.295090 | Likelihood -119.813637 | KL fp 5.3651 | FP STD 0.1026|
KL coef: 0.9837658413815585
Train loss (one batch): 116.85189819335938
Train CE loss (one batch): 0.0
Test MSE (raw): 0.0247
Test MSE (smoothed with alpha=0.01): 0.2907
New best smoothed test MSE: 0.2907. Saving best model to experiments/experiment_10517_best.ckpt
Test MSE group_0: 0.0156
Test MSE group_1: 0.0337
Test MSE group_2: nan
Test MSE group_3: nan
Poisson likelihood: 0.0
CE loss: 0.0
train MSE group_0: 0.0158
train MSE group_1: 0.0319
train MSE group_2: nan
train MSE group_3: nan
CE loss (TEST): 0.0
Experiment 10517
Epoch 0430 [Test seq (cond on sampled tp)] | Loss 119.760147 | Likelihood -118.444519 | KL fp 5.2815 | FP STD 0.1064|
KL coef: 0.9853181179426319
Train loss (one batch): 113.9225082397461
Train CE loss (one batch): 0.0
Test MSE (raw): 0.0244
Test MSE (smoothed with alpha=0.01): 0.2881
New best smoothed test MSE: 0.2881. Saving best model to experiments/experiment_10517_best.ckpt
Test MSE group_0: 0.0159
Test MSE group_1: 0.0329
Test MSE group_2: nan
Test MSE group_3: nan
Poisson likelihood: 0.0
CE loss: 0.0
train MSE group_0: 0.0156
train MSE group_1: 0.0312
train MSE group_2: nan
train MSE group_3: nan
CE loss (TEST): 0.0
Experiment 10517
Epoch 0440 [Test seq (cond on sampled tp)] | Loss 174.334839 | Likelihood -182.483185 | KL fp 4.5121 | FP STD 0.2127|
KL coef: 0.9867219690399229
Train loss (one batch): 151.80921936035156
Train CE loss (one batch): 0.0
Test MSE (raw): 0.0372
Test MSE (smoothed with alpha=0.01): 0.2856
New best smoothed test MSE: 0.2856. Saving best model to experiments/experiment_10517_best.ckpt
Test MSE group_0: 0.0281
Test MSE group_1: 0.0463
Test MSE group_2: nan
Test MSE group_3: nan
Poisson likelihood: 0.0
CE loss: 0.0
train MSE group_0: 0.0255
train MSE group_1: 0.0375
train MSE group_2: nan
train MSE group_3: nan
CE loss (TEST): 0.0
Experiment 10517
Epoch 0450 [Test seq (cond on sampled tp)] | Loss 148.467773 | Likelihood -150.431442 | KL fp 4.8969 | FP STD 0.2013|
KL coef: 0.9879915868082944
Train loss (one batch): 143.69775390625
Train CE loss (one batch): 0.0
Test MSE (raw): 0.0308
Test MSE (smoothed with alpha=0.01): 0.2830
New best smoothed test MSE: 0.2830. Saving best model to experiments/experiment_10517_best.ckpt
Test MSE group_0: 0.0237
Test MSE group_1: 0.0379
Test MSE group_2: nan
Test MSE group_3: nan
Poisson likelihood: 0.0
CE loss: 0.0
train MSE group_0: 0.0237
train MSE group_1: 0.0349
train MSE group_2: nan
train MSE group_3: nan
CE loss (TEST): 0.0
Experiment 10517
Epoch 0460 [Test seq (cond on sampled tp)] | Loss 134.196457 | Likelihood -133.038666 | KL fp 5.2700 | FP STD 0.1437|
KL coef: 0.9891398063601221
Train loss (one batch): 126.08316802978516
Train CE loss (one batch): 0.0
Test MSE (raw): 0.0273
Test MSE (smoothed with alpha=0.01): 0.2805
New best smoothed test MSE: 0.2805. Saving best model to experiments/experiment_10517_best.ckpt
Test MSE group_0: 0.0188
Test MSE group_1: 0.0358
Test MSE group_2: nan
Test MSE group_3: nan
Poisson likelihood: 0.0
CE loss: 0.0
train MSE group_0: 0.0190
train MSE group_1: 0.0326
train MSE group_2: nan
train MSE group_3: nan
CE loss (TEST): 0.0
Experiment 10517
Epoch 0470 [Test seq (cond on sampled tp)] | Loss 126.070015 | Likelihood -125.182495 | KL fp 5.1567 | FP STD 0.1236|
KL coef: 0.9901782355409698
Train loss (one batch): 118.32000732421875
Train CE loss (one batch): 0.0
Test MSE (raw): 0.0258
Test MSE (smoothed with alpha=0.01): 0.2779
New best smoothed test MSE: 0.2779. Saving best model to experiments/experiment_10517_best.ckpt
Test MSE group_0: 0.0170
Test MSE group_1: 0.0344
Test MSE group_2: nan
Test MSE group_3: nan
Poisson likelihood: 0.0
CE loss: 0.0
train MSE group_0: 0.0173
train MSE group_1: 0.0308
train MSE group_2: nan
train MSE group_3: nan
CE loss (TEST): 0.0
Experiment 10517
Epoch 0480 [Test seq (cond on sampled tp)] | Loss 133.524292 | Likelihood -133.265686 | KL fp 4.9355 | FP STD 0.1742|
KL coef: 0.9911173722782946
Train loss (one batch): 127.0057144165039
Train CE loss (one batch): 0.0
Test MSE (raw): 0.0274
Test MSE (smoothed with alpha=0.01): 0.2754
New best smoothed test MSE: 0.2754. Saving best model to experiments/experiment_10517_best.ckpt
Test MSE group_0: 0.0174
Test MSE group_1: 0.0373
Test MSE group_2: nan
Test MSE group_3: nan
Poisson likelihood: 0.0
CE loss: 0.0
train MSE group_0: 0.0182
train MSE group_1: 0.0341
train MSE group_2: nan
train MSE group_3: nan
CE loss (TEST): 0.0
Experiment 10517
Epoch 0490 [Test seq (cond on sampled tp)] | Loss 138.044098 | Likelihood -138.722641 | KL fp 4.8673 | FP STD 0.1851|
KL coef: 0.9919667107095133
Train loss (one batch): 128.36219787597656
Train CE loss (one batch): 0.0
Test MSE (raw): 0.0285
Test MSE (smoothed with alpha=0.01): 0.2729
New best smoothed test MSE: 0.2729. Saving best model to experiments/experiment_10517_best.ckpt
Test MSE group_0: 0.0200
Test MSE group_1: 0.0369
Test MSE group_2: nan
Test MSE group_3: nan
Poisson likelihood: 0.0
CE loss: 0.0
train MSE group_0: 0.0192
train MSE group_1: 0.0336
train MSE group_2: nan
train MSE group_3: nan
CE loss (TEST): 0.0
Experiment 10517
Epoch 0500 [Test seq (cond on sampled tp)] | Loss 128.617996 | Likelihood -128.903275 | KL fp 5.0310 | FP STD 0.1608|
KL coef: 0.9927348371623237
Train loss (one batch): 120.12617492675781
Train CE loss (one batch): 0.0
Test MSE (raw): 0.0265
Test MSE (smoothed with alpha=0.01): 0.2705
New best smoothed test MSE: 0.2705. Saving best model to experiments/experiment_10517_best.ckpt
Test MSE group_0: 0.0186
Test MSE group_1: 0.0343
Test MSE group_2: nan
Test MSE group_3: nan
Poisson likelihood: 0.0
CE loss: 0.0
train MSE group_0: 0.0182
train MSE group_1: 0.0309
train MSE group_2: nan
train MSE group_3: nan
CE loss (TEST): 0.0
Experiment 10517
Epoch 0510 [Test seq (cond on sampled tp)] | Loss 121.351936 | Likelihood -121.223785 | KL fp 5.1149 | FP STD 0.1359|
KL coef: 0.9934295169575854
Train loss (one batch): 116.83362579345703
Train CE loss (one batch): 0.0
Test MSE (raw): 0.0250
Test MSE (smoothed with alpha=0.01): 0.2680
New best smoothed test MSE: 0.2680. Saving best model to experiments/experiment_10517_best.ckpt
Test MSE group_0: 0.0171
Test MSE group_1: 0.0328
Test MSE group_2: nan
Test MSE group_3: nan
Poisson likelihood: 0.0
CE loss: 0.0
train MSE group_0: 0.0169
train MSE group_1: 0.0307
train MSE group_2: nan
train MSE group_3: nan
CE loss (TEST): 0.0
Experiment 10517
Epoch 0520 [Test seq (cond on sampled tp)] | Loss 118.238342 | Likelihood -116.500259 | KL fp 5.2305 | FP STD 0.1224|
KL coef: 0.9940577729122909
Train loss (one batch): 110.02245330810547
Train CE loss (one batch): 0.0
Test MSE (raw): 0.0240
Test MSE (smoothed with alpha=0.01): 0.2656
New best smoothed test MSE: 0.2656. Saving best model to experiments/experiment_10517_best.ckpt
Test MSE group_0: 0.0163
Test MSE group_1: 0.0317
Test MSE group_2: nan
Test MSE group_3: nan
Poisson likelihood: 0.0
CE loss: 0.0
train MSE group_0: 0.0161
train MSE group_1: 0.0290
train MSE group_2: nan
train MSE group_3: nan
CE loss (TEST): 0.0
Experiment 10517
Epoch 0530 [Test seq (cond on sampled tp)] | Loss 115.308662 | Likelihood -113.749649 | KL fp 5.2390 | FP STD 0.1108|
KL coef: 0.9946259563362442
Train loss (one batch): 111.68497467041016
Train CE loss (one batch): 0.0
Test MSE (raw): 0.0235
Test MSE (smoothed with alpha=0.01): 0.2632
New best smoothed test MSE: 0.2632. Saving best model to experiments/experiment_10517_best.ckpt
Test MSE group_0: 0.0161
Test MSE group_1: 0.0308
Test MSE group_2: nan
Test MSE group_3: nan
Poisson likelihood: 0.0
CE loss: 0.0
train MSE group_0: 0.0164
train MSE group_1: 0.0294
train MSE group_2: nan
train MSE group_3: nan
CE loss (TEST): 0.0
Experiment 10517
Epoch 0540 [Test seq (cond on sampled tp)] | Loss 116.730820 | Likelihood -114.996651 | KL fp 5.1626 | FP STD 0.1071|
KL coef: 0.9951398112401846
Train loss (one batch): 107.64700317382812
Train CE loss (one batch): 0.0
Test MSE (raw): 0.0237
Test MSE (smoothed with alpha=0.01): 0.2608
New best smoothed test MSE: 0.2608. Saving best model to experiments/experiment_10517_best.ckpt
Test MSE group_0: 0.0158
Test MSE group_1: 0.0316
Test MSE group_2: nan
Test MSE group_3: nan
Poisson likelihood: 0.0
CE loss: 0.0
train MSE group_0: 0.0156
train MSE group_1: 0.0284
train MSE group_2: nan
train MSE group_3: nan
CE loss (TEST): 0.0
Experiment 10517
Epoch 0550 [Test seq (cond on sampled tp)] | Loss 113.625519 | Likelihood -111.675522 | KL fp 5.3474 | FP STD 0.0993|
KL coef: 0.9956045324044637
Train loss (one batch): 107.3467025756836
Train CE loss (one batch): 0.0
Test MSE (raw): 0.0231
Test MSE (smoothed with alpha=0.01): 0.2584
New best smoothed test MSE: 0.2584. Saving best model to experiments/experiment_10517_best.ckpt
Test MSE group_0: 0.0153
Test MSE group_1: 0.0307
Test MSE group_2: nan
Test MSE group_3: nan
Poisson likelihood: 0.0
CE loss: 0.0
train MSE group_0: 0.0156
train MSE group_1: 0.0290
train MSE group_2: nan
train MSE group_3: nan
CE loss (TEST): 0.0
Experiment 10517
Epoch 0560 [Test seq (cond on sampled tp)] | Loss 113.110275 | Likelihood -111.161522 | KL fp 5.2333 | FP STD 0.0997|
KL coef: 0.9960248178953148
Train loss (one batch): 104.71888732910156
Train CE loss (one batch): 0.0
Test MSE (raw): 0.0230
Test MSE (smoothed with alpha=0.01): 0.2560
New best smoothed test MSE: 0.2560. Saving best model to experiments/experiment_10517_best.ckpt
Test MSE group_0: 0.0153
Test MSE group_1: 0.0305
Test MSE group_2: nan
Test MSE group_3: nan
Poisson likelihood: 0.0
CE loss: 0.0
train MSE group_0: 0.0149
train MSE group_1: 0.0282
train MSE group_2: nan
train MSE group_3: nan
CE loss (TEST): 0.0
Experiment 10517
Epoch 0570 [Test seq (cond on sampled tp)] | Loss 116.202423 | Likelihood -115.014732 | KL fp 5.1908 | FP STD 0.1117|
KL coef: 0.996404916559627
Train loss (one batch): 110.08750915527344
Train CE loss (one batch): 0.0
Test MSE (raw): 0.0237
Test MSE (smoothed with alpha=0.01): 0.2537
New best smoothed test MSE: 0.2537. Saving best model to experiments/experiment_10517_best.ckpt
Test MSE group_0: 0.0162
Test MSE group_1: 0.0312
Test MSE group_2: nan
Test MSE group_3: nan
Poisson likelihood: 0.0
CE loss: 0.0
train MSE group_0: 0.0159
train MSE group_1: 0.0291
train MSE group_2: nan
train MSE group_3: nan
CE loss (TEST): 0.0
Experiment 10517
Epoch 0580 [Test seq (cond on sampled tp)] | Loss 112.248329 | Likelihood -109.962029 | KL fp 5.3430 | FP STD 0.0991|
KL coef: 0.9967486709783656
Train loss (one batch): 107.54330444335938
Train CE loss (one batch): 0.0
Test MSE (raw): 0.0227
Test MSE (smoothed with alpha=0.01): 0.2514
New best smoothed test MSE: 0.2514. Saving best model to experiments/experiment_10517_best.ckpt
Test MSE group_0: 0.0154
Test MSE group_1: 0.0299
Test MSE group_2: nan
Test MSE group_3: nan
Poisson likelihood: 0.0
CE loss: 0.0
train MSE group_0: 0.0151
train MSE group_1: 0.0288
train MSE group_2: nan
train MSE group_3: nan
CE loss (TEST): 0.0
Experiment 10517
Epoch 0590 [Test seq (cond on sampled tp)] | Loss 112.219299 | Likelihood -109.942520 | KL fp 5.1312 | FP STD 0.1101|
KL coef: 0.997059556312878
Train loss (one batch): 105.3485107421875
Train CE loss (one batch): 0.0
Test MSE (raw): 0.0227
Test MSE (smoothed with alpha=0.01): 0.2491
New best smoothed test MSE: 0.2491. Saving best model to experiments/experiment_10517_best.ckpt
Test MSE group_0: 0.0156
Test MSE group_1: 0.0298
Test MSE group_2: nan
Test MSE group_3: nan
Poisson likelihood: 0.0
CE loss: 0.0
train MSE group_0: 0.0151
train MSE group_1: 0.0280
train MSE group_2: nan
train MSE group_3: nan
CE loss (TEST): 0.0
Experiment 10517
Epoch 0600 [Test seq (cond on sampled tp)] | Loss 111.207001 | Likelihood -108.941208 | KL fp 5.2171 | FP STD 0.1037|
KL coef: 0.997340715436794
Train loss (one batch): 103.36245727539062
Train CE loss (one batch): 0.0
Test MSE (raw): 0.0225
Test MSE (smoothed with alpha=0.01): 0.2468
New best smoothed test MSE: 0.2468. Saving best model to experiments/experiment_10517_best.ckpt
Test MSE group_0: 0.0154
Test MSE group_1: 0.0296
Test MSE group_2: nan
Test MSE group_3: nan
Poisson likelihood: 0.0
CE loss: 0.0
train MSE group_0: 0.0150
train MSE group_1: 0.0279
train MSE group_2: nan
train MSE group_3: nan
CE loss (TEST): 0.0
Experiment 10517
Epoch 0610 [Test seq (cond on sampled tp)] | Loss 110.634445 | Likelihood -108.222572 | KL fp 5.4802 | FP STD 0.0899|
KL coef: 0.997594990708689
Train loss (one batch): 102.86373901367188
Train CE loss (one batch): 0.0
Test MSE (raw): 0.0224
Test MSE (smoothed with alpha=0.01): 0.2446
New best smoothed test MSE: 0.2446. Saving best model to experiments/experiment_10517_best.ckpt
Test MSE group_0: 0.0151
Test MSE group_1: 0.0296
Test MSE group_2: nan
Test MSE group_3: nan
Poisson likelihood: 0.0
CE loss: 0.0
train MSE group_0: 0.0148
train MSE group_1: 0.0274
train MSE group_2: nan
train MSE group_3: nan
CE loss (TEST): 0.0
Experiment 10517
Epoch 0620 [Test seq (cond on sampled tp)] | Loss 110.413620 | Likelihood -108.171188 | KL fp 5.4172 | FP STD 0.0910|
KL coef: 0.9978249527067087
Train loss (one batch): 102.44884490966797
Train CE loss (one batch): 0.0
Test MSE (raw): 0.0224
Test MSE (smoothed with alpha=0.01): 0.2424
New best smoothed test MSE: 0.2424. Saving best model to experiments/experiment_10517_best.ckpt
Test MSE group_0: 0.0149
Test MSE group_1: 0.0298
Test MSE group_2: nan
Test MSE group_3: nan
Poisson likelihood: 0.0
CE loss: 0.0
train MSE group_0: 0.0146
train MSE group_1: 0.0279
train MSE group_2: nan
train MSE group_3: nan
CE loss (TEST): 0.0
Experiment 10517
Epoch 0630 [Test seq (cond on sampled tp)] | Loss 110.367386 | Likelihood -108.766907 | KL fp 5.1813 | FP STD 0.1113|
KL coef: 0.9980329262156509
Train loss (one batch): 105.06016540527344
Train CE loss (one batch): 0.0
Test MSE (raw): 0.0225
Test MSE (smoothed with alpha=0.01): 0.2402
New best smoothed test MSE: 0.2402. Saving best model to experiments/experiment_10517_best.ckpt
Test MSE group_0: 0.0151
Test MSE group_1: 0.0298
Test MSE group_2: nan
Test MSE group_3: nan
Poisson likelihood: 0.0
CE loss: 0.0
train MSE group_0: 0.0150
train MSE group_1: 0.0279
train MSE group_2: nan
train MSE group_3: nan
CE loss (TEST): 0.0
Experiment 10517
Epoch 0640 [Test seq (cond on sampled tp)] | Loss 109.554764 | Likelihood -107.321152 | KL fp 5.3464 | FP STD 0.1048|
KL coef: 0.9982210137292149
Train loss (one batch): 103.6201171875
Train CE loss (one batch): 0.0
Test MSE (raw): 0.0222
Test MSE (smoothed with alpha=0.01): 0.2380
New best smoothed test MSE: 0.2380. Saving best model to experiments/experiment_10517_best.ckpt
Test MSE group_0: 0.0152
Test MSE group_1: 0.0291
Test MSE group_2: nan
Test MSE group_3: nan
Poisson likelihood: 0.0
CE loss: 0.0
train MSE group_0: 0.0150
train MSE group_1: 0.0272
train MSE group_2: nan
train MSE group_3: nan
CE loss (TEST): 0.0
Experiment 10517
Epoch 0650 [Test seq (cond on sampled tp)] | Loss 108.795715 | Likelihood -106.406647 | KL fp 5.3777 | FP STD 0.0964|
KL coef: 0.9983911167050152
Train loss (one batch): 102.14930725097656
Train CE loss (one batch): 0.0
Test MSE (raw): 0.0220
Test MSE (smoothed with alpha=0.01): 0.2358
New best smoothed test MSE: 0.2358. Saving best model to experiments/experiment_10517_best.ckpt
Test MSE group_0: 0.0150
Test MSE group_1: 0.0289
Test MSE group_2: nan
Test MSE group_3: nan
Poisson likelihood: 0.0
CE loss: 0.0
train MSE group_0: 0.0150
train MSE group_1: 0.0267
train MSE group_2: nan
train MSE group_3: nan
CE loss (TEST): 0.0
Experiment 10517
Epoch 0660 [Test seq (cond on sampled tp)] | Loss 108.282829 | Likelihood -105.945557 | KL fp 5.4395 | FP STD 0.0908|
KL coef: 0.9985449547872347
Train loss (one batch): 101.99974822998047
Train CE loss (one batch): 0.0
Test MSE (raw): 0.0219
Test MSE (smoothed with alpha=0.01): 0.2337
New best smoothed test MSE: 0.2337. Saving best model to experiments/experiment_10517_best.ckpt
Test MSE group_0: 0.0149
Test MSE group_1: 0.0289
Test MSE group_2: nan
Test MSE group_3: nan
Poisson likelihood: 0.0
CE loss: 0.0
train MSE group_0: 0.0148
train MSE group_1: 0.0269
train MSE group_2: nan
train MSE group_3: nan
CE loss (TEST): 0.0
Experiment 10517
Epoch 0670 [Test seq (cond on sampled tp)] | Loss 108.031273 | Likelihood -105.604599 | KL fp 5.4508 | FP STD 0.0848|
KL coef: 0.9986840831912477
Train loss (one batch): 102.4872055053711
Train CE loss (one batch): 0.0
Test MSE (raw): 0.0219
Test MSE (smoothed with alpha=0.01): 0.2316
New best smoothed test MSE: 0.2316. Saving best model to experiments/experiment_10517_best.ckpt
Test MSE group_0: 0.0148
Test MSE group_1: 0.0289
Test MSE group_2: nan
Test MSE group_3: nan
Poisson likelihood: 0.0
CE loss: 0.0
train MSE group_0: 0.0143
train MSE group_1: 0.0273
train MSE group_2: nan
train MSE group_3: nan
CE loss (TEST): 0.0
Experiment 10517
Epoch 0680 [Test seq (cond on sampled tp)] | Loss 107.656677 | Likelihood -105.031662 | KL fp 5.5745 | FP STD 0.0797|
KL coef: 0.9988099084259616
Train loss (one batch): 102.45073699951172
Train CE loss (one batch): 0.0
Test MSE (raw): 0.0217
Test MSE (smoothed with alpha=0.01): 0.2295
New best smoothed test MSE: 0.2295. Saving best model to experiments/experiment_10517_best.ckpt
Test MSE group_0: 0.0146
Test MSE group_1: 0.0288
Test MSE group_2: nan
Test MSE group_3: nan
Poisson likelihood: 0.0
CE loss: 0.0
train MSE group_0: 0.0143
train MSE group_1: 0.0273
train MSE group_2: nan
train MSE group_3: nan
CE loss (TEST): 0.0
Experiment 10517
Epoch 0690 [Test seq (cond on sampled tp)] | Loss 107.141815 | Likelihood -104.994537 | KL fp 5.4382 | FP STD 0.0827|
KL coef: 0.9989237025128207
Train loss (one batch): 102.82215881347656
Train CE loss (one batch): 0.0
Test MSE (raw): 0.0217
Test MSE (smoothed with alpha=0.01): 0.2274
New best smoothed test MSE: 0.2274. Saving best model to experiments/experiment_10517_best.ckpt
Test MSE group_0: 0.0147
Test MSE group_1: 0.0287
Test MSE group_2: nan
Test MSE group_3: nan
Poisson likelihood: 0.0
CE loss: 0.0
train MSE group_0: 0.0144
train MSE group_1: 0.0274
train MSE group_2: nan
train MSE group_3: nan
CE loss (TEST): 0.0
Experiment 10517
Epoch 0700 [Test seq (cond on sampled tp)] | Loss 107.471786 | Likelihood -104.631470 | KL fp 5.5534 | FP STD 0.0762|
KL coef: 0.999026615845218
Train loss (one batch): 100.58564758300781
Train CE loss (one batch): 0.0
Test MSE (raw): 0.0217
Test MSE (smoothed with alpha=0.01): 0.2253
New best smoothed test MSE: 0.2253. Saving best model to experiments/experiment_10517_best.ckpt
Test MSE group_0: 0.0147
Test MSE group_1: 0.0286
Test MSE group_2: nan
Test MSE group_3: nan
Poisson likelihood: 0.0
CE loss: 0.0
train MSE group_0: 0.0144
train MSE group_1: 0.0265
train MSE group_2: nan
train MSE group_3: nan
CE loss (TEST): 0.0
Experiment 10517
Epoch 0710 [Test seq (cond on sampled tp)] | Loss 107.482445 | Likelihood -104.561676 | KL fp 5.5544 | FP STD 0.0765|
KL coef: 0.9991196888183176
Train loss (one batch): 100.92568969726562
Train CE loss (one batch): 0.0
Test MSE (raw): 0.0216
Test MSE (smoothed with alpha=0.01): 0.2233
New best smoothed test MSE: 0.2233. Saving best model to experiments/experiment_10517_best.ckpt
Test MSE group_0: 0.0146
Test MSE group_1: 0.0286
Test MSE group_2: nan
Test MSE group_3: nan
Poisson likelihood: 0.0
CE loss: 0.0
train MSE group_0: 0.0142
train MSE group_1: 0.0268
train MSE group_2: nan
train MSE group_3: nan
CE loss (TEST): 0.0
Experiment 10517
Epoch 0720 [Test seq (cond on sampled tp)] | Loss 107.162743 | Likelihood -104.416107 | KL fp 5.4935 | FP STD 0.0762|
KL coef: 0.9992038623468565
Train loss (one batch): 100.67031860351562
Train CE loss (one batch): 0.0
Test MSE (raw): 0.0216
Test MSE (smoothed with alpha=0.01): 0.2213
New best smoothed test MSE: 0.2213. Saving best model to experiments/experiment_10517_best.ckpt
Test MSE group_0: 0.0146
Test MSE group_1: 0.0285
Test MSE group_2: nan
Test MSE group_3: nan
Poisson likelihood: 0.0
CE loss: 0.0
train MSE group_0: 0.0143
train MSE group_1: 0.0266
train MSE group_2: nan
train MSE group_3: nan
CE loss (TEST): 0.0
Experiment 10517
Epoch 0730 [Test seq (cond on sampled tp)] | Loss 105.786224 | Likelihood -103.077477 | KL fp 5.6285 | FP STD 0.0699|
KL coef: 0.9992799873772575
Train loss (one batch): 100.22341918945312
Train CE loss (one batch): 0.0
Test MSE (raw): 0.0214
Test MSE (smoothed with alpha=0.01): 0.2193
New best smoothed test MSE: 0.2193. Saving best model to experiments/experiment_10517_best.ckpt
Test MSE group_0: 0.0143
Test MSE group_1: 0.0283
Test MSE group_2: nan
Test MSE group_3: nan
Poisson likelihood: 0.0
CE loss: 0.0
train MSE group_0: 0.0141
train MSE group_1: 0.0266
train MSE group_2: nan
train MSE group_3: nan
CE loss (TEST): 0.0
Experiment 10517
Epoch 0740 [Test seq (cond on sampled tp)] | Loss 106.933479 | Likelihood -104.850304 | KL fp 5.3606 | FP STD 0.0913|
KL coef: 0.9993488334902116
Train loss (one batch): 101.3569107055664
Train CE loss (one batch): 0.0
Test MSE (raw): 0.0217
Test MSE (smoothed with alpha=0.01): 0.2173
New best smoothed test MSE: 0.2173. Saving best model to experiments/experiment_10517_best.ckpt
Test MSE group_0: 0.0146
Test MSE group_1: 0.0287
Test MSE group_2: nan
Test MSE group_3: nan
Poisson likelihood: 0.0
CE loss: 0.0
train MSE group_0: 0.0145
train MSE group_1: 0.0268
train MSE group_2: nan
train MSE group_3: nan
CE loss (TEST): 0.0
Experiment 10517
Epoch 0750 [Test seq (cond on sampled tp)] | Loss 259.562500 | Likelihood -276.404114 | KL fp 4.4373 | FP STD 0.2360|
KL coef: 0.9994110966807014
Train loss (one batch): 264.4375305175781
Train CE loss (one batch): 0.0
Test MSE (raw): 0.0560
Test MSE (smoothed with alpha=0.01): 0.2157
New best smoothed test MSE: 0.2157. Saving best model to experiments/experiment_10517_best.ckpt
Test MSE group_0: 0.0498
Test MSE group_1: 0.0623
Test MSE group_2: nan
Test MSE group_3: nan
Poisson likelihood: 0.0
CE loss: 0.0
train MSE group_0: 0.0489
train MSE group_1: 0.0609
train MSE group_2: nan
train MSE group_3: nan
CE loss (TEST): 0.0
Experiment 10517
Epoch 0760 [Test seq (cond on sampled tp)] | Loss 199.781219 | Likelihood -208.907715 | KL fp 4.5902 | FP STD 0.2065|
KL coef: 0.9994674063941131
Train loss (one batch): 194.66360473632812
Train CE loss (one batch): 0.0
Test MSE (raw): 0.0425
Test MSE (smoothed with alpha=0.01): 0.2140
New best smoothed test MSE: 0.2140. Saving best model to experiments/experiment_10517_best.ckpt
Test MSE group_0: 0.0394
Test MSE group_1: 0.0457
Test MSE group_2: nan
Test MSE group_3: nan
Poisson likelihood: 0.0
CE loss: 0.0
train MSE group_0: 0.0407
train MSE group_1: 0.0405
train MSE group_2: nan
train MSE group_3: nan
CE loss (TEST): 0.0
Experiment 10517
Epoch 0770 [Test seq (cond on sampled tp)] | Loss 167.881653 | Likelihood -171.840668 | KL fp 5.1132 | FP STD 0.1816|
KL coef: 0.9995183318895716
Train loss (one batch): 162.8089141845703
Train CE loss (one batch): 0.0
Test MSE (raw): 0.0351
Test MSE (smoothed with alpha=0.01): 0.2122
New best smoothed test MSE: 0.2122. Saving best model to experiments/experiment_10517_best.ckpt
Test MSE group_0: 0.0309
Test MSE group_1: 0.0393
Test MSE group_2: nan
Test MSE group_3: nan
Poisson likelihood: 0.0
CE loss: 0.0
train MSE group_0: 0.0304
train MSE group_1: 0.0364
train MSE group_2: nan
train MSE group_3: nan
CE loss (TEST): 0.0
