/Users/benjaminmaurel/Documents/Training_Sanofi/notebooks_hands_on/latent_ode/run_models.py
run_models.py --niters 3000 -n 200 -s 40 -l 10 --dataset PK_Tacro --latent-ode --noise-weight 0.01 --max-t 5. --seed 124 --experiment 37926
Experiment 37926
Epoch 1000 [Test seq (cond on sampled tp)] | Loss 210.854477 | Likelihood -209.474213 | KL fp 4.6328 | FP STD 0.1789|
KL coef: 0.9999522643707747
Train loss (one batch): 221.57757568359375
Train CE loss (one batch): 0.0
Test MSE (raw): 0.0426
Test MSE (smoothed with alpha=0.01): 0.0426
New best smoothed test MSE: 0.0426. Saving best model to experiments/experiment_37926_best.ckpt
Test MSE group_0: 0.0377
Test MSE group_1: 0.0475
Test MSE group_2: nan
Test MSE group_3: nan
Poisson likelihood: 0.0
CE loss: 0.0
train MSE group_0: 0.0382
train MSE group_1: 0.0516
train MSE group_2: nan
train MSE group_3: nan
CE loss (TEST): 0.0
Experiment 37926
Epoch 2000 [Test seq (cond on sampled tp)] | Loss 204.574661 | Likelihood -203.110367 | KL fp 4.6403 | FP STD 0.1229|
KL coef: 0.9999999979391934
Train loss (one batch): 211.76153564453125
Train CE loss (one batch): 0.0
Test MSE (raw): 0.0414
Test MSE (smoothed with alpha=0.01): 0.0426
New best smoothed test MSE: 0.0426. Saving best model to experiments/experiment_37926_best.ckpt
Test MSE group_0: 0.0370
Test MSE group_1: 0.0457
Test MSE group_2: nan
Test MSE group_3: nan
Poisson likelihood: 0.0
CE loss: 0.0
train MSE group_0: 0.0363
train MSE group_1: 0.0493
train MSE group_2: nan
train MSE group_3: nan
CE loss (TEST): 0.0
Experiment 37926
Epoch 3000 [Test seq (cond on sampled tp)] | Loss 172.764679 | Likelihood -170.824463 | KL fp 4.9370 | FP STD 0.1126|
KL coef: 0.9999999999999111
Train loss (one batch): 179.0486602783203
Train CE loss (one batch): 0.0
Test MSE (raw): 0.0349
Test MSE (smoothed with alpha=0.01): 0.0425
New best smoothed test MSE: 0.0425. Saving best model to experiments/experiment_37926_best.ckpt
Test MSE group_0: 0.0324
Test MSE group_1: 0.0374
Test MSE group_2: nan
Test MSE group_3: nan
Poisson likelihood: 0.0
CE loss: 0.0
train MSE group_0: 0.0311
train MSE group_1: 0.0412
train MSE group_2: nan
train MSE group_3: nan
CE loss (TEST): 0.0
