/Users/benjaminmaurel/Documents/Training_Sanofi/notebooks_hands_on/latent_ode/run_models.py
run_models.py --niters 3000 -n 200 -s 40 -l 10 --dataset PK_Tacro --latent-ode --noise-weight 0.01 --max-t 5. --seed 22 --experiment 33778
Experiment 33778
Epoch 1000 [Test seq (cond on sampled tp)] | Loss 162.496124 | Likelihood -164.636429 | KL fp 3.8196 | FP STD 0.1978|
KL coef: 0.9999522643707747
Train loss (one batch): 171.1520538330078
Train CE loss (one batch): 0.0
Test MSE (raw): 0.0337
Test MSE (smoothed with alpha=0.01): 0.0337
New best smoothed test MSE: 0.0337. Saving best model to experiments/experiment_33778_best.ckpt
Test MSE group_0: 0.0324
Test MSE group_1: 0.0348
Test MSE group_2: nan
Test MSE group_3: nan
Poisson likelihood: 0.0
CE loss: 0.0
train MSE group_0: 0.0334
train MSE group_1: 0.0357
train MSE group_2: nan
train MSE group_3: nan
CE loss (TEST): 0.0
