/Users/benjaminmaurel/Documents/Training_Sanofi/notebooks_hands_on/latent_ode/run_models.py
run_models.py --niters 3000 -n 200 -s 40 -l 10 --dataset PK_Tacro --latent-ode --noise-weight 0.01 --max-t 5. --seed 123 --experiment 32740
Experiment 32740
Epoch 1000 [Test seq (cond on sampled tp)] | Loss 219.738190 | Likelihood -222.265869 | KL fp 3.9861 | FP STD 0.1459|
KL coef: 0.9999522643707747
Train loss (one batch): 215.86407470703125
Train CE loss (one batch): 0.0
Test MSE (raw): 0.0452
Test MSE (smoothed with alpha=0.01): 0.0452
New best smoothed test MSE: 0.0452. Saving best model to experiments/experiment_32740_best.ckpt
Test MSE group_0: 0.0373
Test MSE group_1: 0.0530
Test MSE group_2: nan
Test MSE group_3: nan
Poisson likelihood: 0.0
CE loss: 0.0
train MSE group_0: 0.0394
train MSE group_1: 0.0514
train MSE group_2: nan
train MSE group_3: nan
CE loss (TEST): 0.0
Experiment 32740
Epoch 2000 [Test seq (cond on sampled tp)] | Loss 181.684555 | Likelihood -183.358795 | KL fp 3.8128 | FP STD 0.1103|
KL coef: 0.9999999979391934
Train loss (one batch): 190.08380126953125
Train CE loss (one batch): 0.0
Test MSE (raw): 0.0374
Test MSE (smoothed with alpha=0.01): 0.0451
New best smoothed test MSE: 0.0451. Saving best model to experiments/experiment_32740_best.ckpt
Test MSE group_0: 0.0326
Test MSE group_1: 0.0422
Test MSE group_2: nan
Test MSE group_3: nan
Poisson likelihood: 0.0
CE loss: 0.0
train MSE group_0: 0.0353
train MSE group_1: 0.0431
train MSE group_2: nan
train MSE group_3: nan
CE loss (TEST): 0.0
Experiment 32740
Epoch 3000 [Test seq (cond on sampled tp)] | Loss 154.071640 | Likelihood -152.861832 | KL fp 4.1313 | FP STD 0.0585|
KL coef: 0.9999999999999111
Train loss (one batch): 160.42417907714844
Train CE loss (one batch): 0.0
Test MSE (raw): 0.0313
Test MSE (smoothed with alpha=0.01): 0.0450
New best smoothed test MSE: 0.0450. Saving best model to experiments/experiment_32740_best.ckpt
Test MSE group_0: 0.0268
Test MSE group_1: 0.0358
Test MSE group_2: nan
Test MSE group_3: nan
Poisson likelihood: 0.0
CE loss: 0.0
train MSE group_0: 0.0294
train MSE group_1: 0.0360
train MSE group_2: nan
train MSE group_3: nan
CE loss (TEST): 0.0
