/Users/benjaminmaurel/Documents/Training_Sanofi/notebooks_hands_on/latent_ode/run_models.py
run_models.py --niters 3000 -n 200 -s 40 -l 10 --dataset PK_Tacro --latent-ode --noise-weight 0.01 --max-t 5. --seed 4 --experiment 27267
Experiment 27267
Epoch 1000 [Test seq (cond on sampled tp)] | Loss 332.779510 | Likelihood -352.115387 | KL fp 3.0769 | FP STD 0.2838|
KL coef: 0.9999522643707747
Train loss (one batch): 354.9803466796875
Train CE loss (one batch): 0.0
Test MSE (raw): 0.0712
Test MSE (smoothed with alpha=0.01): 0.0712
New best smoothed test MSE: 0.0712. Saving best model to experiments/experiment_27267_best.ckpt
Test MSE group_0: 0.0738
Test MSE group_1: 0.0686
Test MSE group_2: nan
Test MSE group_3: nan
Poisson likelihood: 0.0
CE loss: 0.0
train MSE group_0: 0.0742
train MSE group_1: 0.0773
train MSE group_2: nan
train MSE group_3: nan
CE loss (TEST): 0.0
Experiment 27267
Epoch 2000 [Test seq (cond on sampled tp)] | Loss 214.559723 | Likelihood -215.579330 | KL fp 4.3111 | FP STD 0.1213|
KL coef: 0.9999999979391934
Train loss (one batch): 231.28529357910156
Train CE loss (one batch): 0.0
Test MSE (raw): 0.0439
Test MSE (smoothed with alpha=0.01): 0.0709
New best smoothed test MSE: 0.0709. Saving best model to experiments/experiment_27267_best.ckpt
Test MSE group_0: 0.0399
Test MSE group_1: 0.0478
Test MSE group_2: nan
Test MSE group_3: nan
Poisson likelihood: 0.0
CE loss: 0.0
train MSE group_0: 0.0423
train MSE group_1: 0.0517
train MSE group_2: nan
train MSE group_3: nan
CE loss (TEST): 0.0
Experiment 27267
Epoch 3000 [Test seq (cond on sampled tp)] | Loss 156.351395 | Likelihood -157.052704 | KL fp 4.1985 | FP STD 0.1167|
KL coef: 0.9999999999999111
Train loss (one batch): 169.69517517089844
Train CE loss (one batch): 0.0
Test MSE (raw): 0.0321
Test MSE (smoothed with alpha=0.01): 0.0705
New best smoothed test MSE: 0.0705. Saving best model to experiments/experiment_27267_best.ckpt
Test MSE group_0: 0.0281
Test MSE group_1: 0.0361
Test MSE group_2: nan
Test MSE group_3: nan
Poisson likelihood: 0.0
CE loss: 0.0
train MSE group_0: 0.0322
train MSE group_1: 0.0361
train MSE group_2: nan
train MSE group_3: nan
CE loss (TEST): 0.0
