/Users/benjaminmaurel/Documents/Training_Sanofi/notebooks_hands_on/latent_ode/run_models.py
run_models.py --niters 3000 -n 200 -s 40 -l 10 --dataset PK_Tacro --latent-ode --noise-weight 0.01 --max-t 5. --seed 1 --experiment 25517
Experiment 25517
Epoch 0010 [Test seq (cond on sampled tp)] | Loss 1218.084717 | Likelihood -1247.588989 | KL fp 2.7377 | FP STD 0.4450|
KL coef: 0.0
Train loss (one batch): 1294.5927734375
Train CE loss (one batch): 0.0
Test MSE (raw): 0.2503
Test MSE (smoothed with alpha=0.01): 0.2503
New best smoothed test MSE: 0.2503. Saving best model to experiments/experiment_25517_best.ckpt
Test MSE group_0: 0.2561
Test MSE group_1: 0.2446
Test MSE group_2: nan
Test MSE group_3: nan
Poisson likelihood: 0.0
CE loss: 0.0
train MSE group_0: 0.2823
train MSE group_1: 0.2417
train MSE group_2: nan
train MSE group_3: nan
CE loss (TEST): 0.0
Experiment 25517
Epoch 0020 [Test seq (cond on sampled tp)] | Loss 682.477722 | Likelihood -696.271240 | KL fp 4.1454 | FP STD 0.2583|
KL coef: 0.09561792499119559
Train loss (one batch): 730.1231689453125
Train CE loss (one batch): 0.0
Test MSE (raw): 0.1400
Test MSE (smoothed with alpha=0.01): 0.2492
New best smoothed test MSE: 0.2492. Saving best model to experiments/experiment_25517_best.ckpt
Test MSE group_0: 0.1104
Test MSE group_1: 0.1703
Test MSE group_2: nan
Test MSE group_3: nan
Poisson likelihood: 0.0
CE loss: 0.0
train MSE group_0: 0.1012
train MSE group_1: 0.1986
train MSE group_2: nan
train MSE group_3: nan
CE loss (TEST): 0.0
Experiment 25517
Epoch 0030 [Test seq (cond on sampled tp)] | Loss 472.897705 | Likelihood -488.739929 | KL fp 4.5775 | FP STD 0.2401|
KL coef: 0.18209306240276923
Train loss (one batch): 493.1249694824219
Train CE loss (one batch): 0.0
Test MSE (raw): 0.0985
Test MSE (smoothed with alpha=0.01): 0.2476
New best smoothed test MSE: 0.2476. Saving best model to experiments/experiment_25517_best.ckpt
Test MSE group_0: 0.0690
Test MSE group_1: 0.1287
Test MSE group_2: nan
Test MSE group_3: nan
Poisson likelihood: 0.0
CE loss: 0.0
train MSE group_0: 0.0800
train MSE group_1: 0.1217
train MSE group_2: nan
train MSE group_3: nan
CE loss (TEST): 0.0
Experiment 25517
Epoch 0040 [Test seq (cond on sampled tp)] | Loss 333.353394 | Likelihood -345.395630 | KL fp 4.6241 | FP STD 0.2434|
KL coef: 0.2602996266117198
Train loss (one batch): 294.44622802734375
Train CE loss (one batch): 0.0
Test MSE (raw): 0.0698
Test MSE (smoothed with alpha=0.01): 0.2459
New best smoothed test MSE: 0.2459. Saving best model to experiments/experiment_25517_best.ckpt
Test MSE group_0: 0.0691
Test MSE group_1: 0.0707
Test MSE group_2: nan
Test MSE group_3: nan
Poisson likelihood: 0.0
CE loss: 0.0
train MSE group_0: 0.0528
train MSE group_1: 0.0691
train MSE group_2: nan
train MSE group_3: nan
CE loss (TEST): 0.0
Experiment 25517
Epoch 0050 [Test seq (cond on sampled tp)] | Loss 256.885437 | Likelihood -260.776642 | KL fp 4.9314 | FP STD 0.1542|
KL coef: 0.3310282414303197
Train loss (one batch): 263.24542236328125
Train CE loss (one batch): 0.0
Test MSE (raw): 0.0529
Test MSE (smoothed with alpha=0.01): 0.2439
New best smoothed test MSE: 0.2439. Saving best model to experiments/experiment_25517_best.ckpt
Test MSE group_0: 0.0444
Test MSE group_1: 0.0617
Test MSE group_2: nan
Test MSE group_3: nan
Poisson likelihood: 0.0
CE loss: 0.0
train MSE group_0: 0.0502
train MSE group_1: 0.0574
train MSE group_2: nan
train MSE group_3: nan
CE loss (TEST): 0.0
Experiment 25517
Epoch 0060 [Test seq (cond on sampled tp)] | Loss 231.491165 | Likelihood -233.723953 | KL fp 5.2949 | FP STD 0.1174|
KL coef: 0.39499393286246365
Train loss (one batch): 238.01260375976562
Train CE loss (one batch): 0.0
Test MSE (raw): 0.0475
Test MSE (smoothed with alpha=0.01): 0.2420
New best smoothed test MSE: 0.2420. Saving best model to experiments/experiment_25517_best.ckpt
Test MSE group_0: 0.0405
Test MSE group_1: 0.0547
Test MSE group_2: nan
Test MSE group_3: nan
Poisson likelihood: 0.0
CE loss: 0.0
train MSE group_0: 0.0457
train MSE group_1: 0.0520
train MSE group_2: nan
train MSE group_3: nan
CE loss (TEST): 0.0
Experiment 25517
Epoch 0070 [Test seq (cond on sampled tp)] | Loss 222.770691 | Likelihood -223.476746 | KL fp 5.2615 | FP STD 0.1204|
KL coef: 0.4528433576092388
Train loss (one batch): 228.4450225830078
Train CE loss (one batch): 0.0
Test MSE (raw): 0.0454
Test MSE (smoothed with alpha=0.01): 0.2400
New best smoothed test MSE: 0.2400. Saving best model to experiments/experiment_25517_best.ckpt
Test MSE group_0: 0.0383
Test MSE group_1: 0.0528
Test MSE group_2: nan
Test MSE group_3: nan
Poisson likelihood: 0.0
CE loss: 0.0
train MSE group_0: 0.0395
train MSE group_1: 0.0539
train MSE group_2: nan
train MSE group_3: nan
CE loss (TEST): 0.0
Experiment 25517
Epoch 0080 [Test seq (cond on sampled tp)] | Loss 224.715500 | Likelihood -225.006058 | KL fp 5.4631 | FP STD 0.0887|
KL coef: 0.505161340399793
Train loss (one batch): 214.4709930419922
Train CE loss (one batch): 0.0
Test MSE (raw): 0.0457
Test MSE (smoothed with alpha=0.01): 0.2381
New best smoothed test MSE: 0.2381. Saving best model to experiments/experiment_25517_best.ckpt
Test MSE group_0: 0.0373
Test MSE group_1: 0.0545
Test MSE group_2: nan
Test MSE group_3: nan
Poisson likelihood: 0.0
CE loss: 0.0
train MSE group_0: 0.0395
train MSE group_1: 0.0478
train MSE group_2: nan
train MSE group_3: nan
CE loss (TEST): 0.0
Experiment 25517
Epoch 0090 [Test seq (cond on sampled tp)] | Loss 216.522125 | Likelihood -217.654510 | KL fp 5.3207 | FP STD 0.1178|
KL coef: 0.5524767862361895
Train loss (one batch): 211.43853759765625
Train CE loss (one batch): 0.0
Test MSE (raw): 0.0443
Test MSE (smoothed with alpha=0.01): 0.2361
New best smoothed test MSE: 0.2361. Saving best model to experiments/experiment_25517_best.ckpt
Test MSE group_0: 0.0369
Test MSE group_1: 0.0519
Test MSE group_2: nan
Test MSE group_3: nan
Poisson likelihood: 0.0
CE loss: 0.0
train MSE group_0: 0.0377
train MSE group_1: 0.0483
train MSE group_2: nan
train MSE group_3: nan
CE loss (TEST): 0.0
Experiment 25517
Epoch 0100 [Test seq (cond on sampled tp)] | Loss 228.734833 | Likelihood -231.798416 | KL fp 4.6966 | FP STD 0.2076|
KL coef: 0.5952680273216762
Train loss (one batch): 219.69212341308594
Train CE loss (one batch): 0.0
Test MSE (raw): 0.0471
Test MSE (smoothed with alpha=0.01): 0.2342
New best smoothed test MSE: 0.2342. Saving best model to experiments/experiment_25517_best.ckpt
Test MSE group_0: 0.0385
Test MSE group_1: 0.0560
Test MSE group_2: nan
Test MSE group_3: nan
Poisson likelihood: 0.0
CE loss: 0.0
train MSE group_0: 0.0387
train MSE group_1: 0.0512
train MSE group_2: nan
train MSE group_3: nan
CE loss (TEST): 0.0
Experiment 25517
Epoch 0110 [Test seq (cond on sampled tp)] | Loss 230.524536 | Likelihood -232.149765 | KL fp 4.6742 | FP STD 0.2073|
KL coef: 0.6339676587267709
Train loss (one batch): 214.91616821289062
Train CE loss (one batch): 0.0
Test MSE (raw): 0.0472
Test MSE (smoothed with alpha=0.01): 0.2324
New best smoothed test MSE: 0.2324. Saving best model to experiments/experiment_25517_best.ckpt
Test MSE group_0: 0.0392
Test MSE group_1: 0.0555
Test MSE group_2: nan
Test MSE group_3: nan
Poisson likelihood: 0.0
CE loss: 0.0
train MSE group_0: 0.0398
train MSE group_1: 0.0489
train MSE group_2: nan
train MSE group_3: nan
CE loss (TEST): 0.0
Experiment 25517
Epoch 0120 [Test seq (cond on sampled tp)] | Loss 210.940399 | Likelihood -211.383377 | KL fp 4.8997 | FP STD 0.1388|
KL coef: 0.6689669116789861
Train loss (one batch): 215.2515411376953
Train CE loss (one batch): 0.0
Test MSE (raw): 0.0430
Test MSE (smoothed with alpha=0.01): 0.2305
New best smoothed test MSE: 0.2305. Saving best model to experiments/experiment_25517_best.ckpt
Test MSE group_0: 0.0361
Test MSE group_1: 0.0503
Test MSE group_2: nan
Test MSE group_3: nan
Poisson likelihood: 0.0
CE loss: 0.0
train MSE group_0: 0.0375
train MSE group_1: 0.0497
train MSE group_2: nan
train MSE group_3: nan
CE loss (TEST): 0.0
Experiment 25517
Epoch 0130 [Test seq (cond on sampled tp)] | Loss 217.189636 | Likelihood -217.149750 | KL fp 5.1180 | FP STD 0.1293|
KL coef: 0.7006196086876687
Train loss (one batch): 202.73367309570312
Train CE loss (one batch): 0.0
Test MSE (raw): 0.0442
Test MSE (smoothed with alpha=0.01): 0.2286
New best smoothed test MSE: 0.2286. Saving best model to experiments/experiment_25517_best.ckpt
Test MSE group_0: 0.0361
Test MSE group_1: 0.0526
Test MSE group_2: nan
Test MSE group_3: nan
Poisson likelihood: 0.0
CE loss: 0.0
train MSE group_0: 0.0358
train MSE group_1: 0.0469
train MSE group_2: nan
train MSE group_3: nan
CE loss (TEST): 0.0
Experiment 25517
Epoch 0140 [Test seq (cond on sampled tp)] | Loss 217.183502 | Likelihood -217.731567 | KL fp 5.1155 | FP STD 0.1525|
KL coef: 0.729245740488006
Train loss (one batch): 209.3367156982422
Train CE loss (one batch): 0.0
Test MSE (raw): 0.0443
Test MSE (smoothed with alpha=0.01): 0.2268
New best smoothed test MSE: 0.2268. Saving best model to experiments/experiment_25517_best.ckpt
Test MSE group_0: 0.0371
Test MSE group_1: 0.0517
Test MSE group_2: nan
Test MSE group_3: nan
Poisson likelihood: 0.0
CE loss: 0.0
train MSE group_0: 0.0363
train MSE group_1: 0.0486
train MSE group_2: nan
train MSE group_3: nan
CE loss (TEST): 0.0
Experiment 25517
Epoch 0150 [Test seq (cond on sampled tp)] | Loss 207.044693 | Likelihood -206.128937 | KL fp 5.1677 | FP STD 0.1069|
KL coef: 0.7551347009650705
Train loss (one batch): 202.5155029296875
Train CE loss (one batch): 0.0
Test MSE (raw): 0.0420
Test MSE (smoothed with alpha=0.01): 0.2249
New best smoothed test MSE: 0.2249. Saving best model to experiments/experiment_25517_best.ckpt
Test MSE group_0: 0.0354
Test MSE group_1: 0.0488
Test MSE group_2: nan
Test MSE group_3: nan
Poisson likelihood: 0.0
CE loss: 0.0
train MSE group_0: 0.0357
train MSE group_1: 0.0461
train MSE group_2: nan
train MSE group_3: nan
CE loss (TEST): 0.0
Experiment 25517
Epoch 0160 [Test seq (cond on sampled tp)] | Loss 214.012512 | Likelihood -213.835480 | KL fp 4.9461 | FP STD 0.1446|
KL coef: 0.7785482127611391
Train loss (one batch): 201.68658447265625
Train CE loss (one batch): 0.0
Test MSE (raw): 0.0435
Test MSE (smoothed with alpha=0.01): 0.2231
New best smoothed test MSE: 0.2231. Saving best model to experiments/experiment_25517_best.ckpt
Test MSE group_0: 0.0362
Test MSE group_1: 0.0511
Test MSE group_2: nan
Test MSE group_3: nan
Poisson likelihood: 0.0
CE loss: 0.0
train MSE group_0: 0.0354
train MSE group_1: 0.0462
train MSE group_2: nan
train MSE group_3: nan
CE loss (TEST): 0.0
Experiment 25517
Epoch 0170 [Test seq (cond on sampled tp)] | Loss 206.692612 | Likelihood -205.192444 | KL fp 5.2769 | FP STD 0.0975|
KL coef: 0.7997229731425107
Train loss (one batch): 198.70692443847656
Train CE loss (one batch): 0.0
Test MSE (raw): 0.0418
Test MSE (smoothed with alpha=0.01): 0.2213
New best smoothed test MSE: 0.2213. Saving best model to experiments/experiment_25517_best.ckpt
Test MSE group_0: 0.0345
Test MSE group_1: 0.0494
Test MSE group_2: nan
Test MSE group_3: nan
Poisson likelihood: 0.0
CE loss: 0.0
train MSE group_0: 0.0350
train MSE group_1: 0.0453
train MSE group_2: nan
train MSE group_3: nan
CE loss (TEST): 0.0
Experiment 25517
Epoch 0180 [Test seq (cond on sampled tp)] | Loss 216.269989 | Likelihood -217.436386 | KL fp 4.9570 | FP STD 0.1911|
KL coef: 0.8188730468740297
Train loss (one batch): 210.84002685546875
Train CE loss (one batch): 0.0
Test MSE (raw): 0.0442
Test MSE (smoothed with alpha=0.01): 0.2195
New best smoothed test MSE: 0.2195. Saving best model to experiments/experiment_25517_best.ckpt
Test MSE group_0: 0.0362
Test MSE group_1: 0.0526
Test MSE group_2: nan
Test MSE group_3: nan
Poisson likelihood: 0.0
CE loss: 0.0
train MSE group_0: 0.0359
train MSE group_1: 0.0497
train MSE group_2: nan
train MSE group_3: nan
CE loss (TEST): 0.0
Experiment 25517
Epoch 0190 [Test seq (cond on sampled tp)] | Loss 209.316803 | Likelihood -209.327164 | KL fp 5.2033 | FP STD 0.1467|
KL coef: 0.8361920302919126
Train loss (one batch): 201.50863647460938
Train CE loss (one batch): 0.0
Test MSE (raw): 0.0426
Test MSE (smoothed with alpha=0.01): 0.2178
New best smoothed test MSE: 0.2178. Saving best model to experiments/experiment_25517_best.ckpt
Test MSE group_0: 0.0347
Test MSE group_1: 0.0508
Test MSE group_2: nan
Test MSE group_3: nan
Poisson likelihood: 0.0
CE loss: 0.0
train MSE group_0: 0.0347
train MSE group_1: 0.0470
train MSE group_2: nan
train MSE group_3: nan
CE loss (TEST): 0.0
Experiment 25517
Epoch 0200 [Test seq (cond on sampled tp)] | Loss 202.976959 | Likelihood -201.430405 | KL fp 5.1200 | FP STD 0.1042|
KL coef: 0.8518550084524206
Train loss (one batch): 196.69671630859375
Train CE loss (one batch): 0.0
Test MSE (raw): 0.0410
Test MSE (smoothed with alpha=0.01): 0.2160
New best smoothed test MSE: 0.2160. Saving best model to experiments/experiment_25517_best.ckpt
Test MSE group_0: 0.0339
Test MSE group_1: 0.0484
Test MSE group_2: nan
Test MSE group_3: nan
Poisson likelihood: 0.0
CE loss: 0.0
train MSE group_0: 0.0340
train MSE group_1: 0.0454
train MSE group_2: nan
train MSE group_3: nan
CE loss (TEST): 0.0
Experiment 25517
Epoch 0210 [Test seq (cond on sampled tp)] | Loss 201.986801 | Likelihood -200.176147 | KL fp 5.2498 | FP STD 0.1026|
KL coef: 0.8660203251420383
Train loss (one batch): 195.1016845703125
Train CE loss (one batch): 0.0
Test MSE (raw): 0.0408
Test MSE (smoothed with alpha=0.01): 0.2142
New best smoothed test MSE: 0.2142. Saving best model to experiments/experiment_25517_best.ckpt
Test MSE group_0: 0.0340
Test MSE group_1: 0.0479
Test MSE group_2: nan
Test MSE group_3: nan
Poisson likelihood: 0.0
CE loss: 0.0
train MSE group_0: 0.0338
train MSE group_1: 0.0450
train MSE group_2: nan
train MSE group_3: nan
CE loss (TEST): 0.0
Experiment 25517
Epoch 0220 [Test seq (cond on sampled tp)] | Loss 202.689636 | Likelihood -200.980057 | KL fp 5.1672 | FP STD 0.0995|
KL coef: 0.8788311836429517
Train loss (one batch): 193.07284545898438
Train CE loss (one batch): 0.0
Test MSE (raw): 0.0409
Test MSE (smoothed with alpha=0.01): 0.2125
New best smoothed test MSE: 0.2125. Saving best model to experiments/experiment_25517_best.ckpt
Test MSE group_0: 0.0339
Test MSE group_1: 0.0482
Test MSE group_2: nan
Test MSE group_3: nan
Poisson likelihood: 0.0
CE loss: 0.0
train MSE group_0: 0.0338
train MSE group_1: 0.0442
train MSE group_2: nan
train MSE group_3: nan
CE loss (TEST): 0.0
Experiment 25517
Epoch 0230 [Test seq (cond on sampled tp)] | Loss 201.028732 | Likelihood -199.032074 | KL fp 5.2438 | FP STD 0.1023|
KL coef: 0.8904170944366518
Train loss (one batch): 194.0305938720703
Train CE loss (one batch): 0.0
Test MSE (raw): 0.0405
Test MSE (smoothed with alpha=0.01): 0.2108
New best smoothed test MSE: 0.2108. Saving best model to experiments/experiment_25517_best.ckpt
Test MSE group_0: 0.0337
Test MSE group_1: 0.0477
Test MSE group_2: nan
Test MSE group_3: nan
Poisson likelihood: 0.0
CE loss: 0.0
train MSE group_0: 0.0336
train MSE group_1: 0.0447
train MSE group_2: nan
train MSE group_3: nan
CE loss (TEST): 0.0
Experiment 25517
Epoch 0240 [Test seq (cond on sampled tp)] | Loss 200.770447 | Likelihood -199.043503 | KL fp 5.0723 | FP STD 0.0961|
KL coef: 0.9008951844811254
Train loss (one batch): 193.49267578125
Train CE loss (one batch): 0.0
Test MSE (raw): 0.0405
Test MSE (smoothed with alpha=0.01): 0.2091
New best smoothed test MSE: 0.2091. Saving best model to experiments/experiment_25517_best.ckpt
Test MSE group_0: 0.0336
Test MSE group_1: 0.0478
Test MSE group_2: nan
Test MSE group_3: nan
Poisson likelihood: 0.0
CE loss: 0.0
train MSE group_0: 0.0334
train MSE group_1: 0.0446
train MSE group_2: nan
train MSE group_3: nan
CE loss (TEST): 0.0
Experiment 25517
Epoch 0250 [Test seq (cond on sampled tp)] | Loss 203.512390 | Likelihood -201.144318 | KL fp 5.3704 | FP STD 0.0680|
KL coef: 0.9103713812976754
Train loss (one batch): 194.47561645507812
Train CE loss (one batch): 0.0
Test MSE (raw): 0.0410
Test MSE (smoothed with alpha=0.01): 0.2074
New best smoothed test MSE: 0.2074. Saving best model to experiments/experiment_25517_best.ckpt
Test MSE group_0: 0.0337
Test MSE group_1: 0.0485
Test MSE group_2: nan
Test MSE group_3: nan
Poisson likelihood: 0.0
CE loss: 0.0
train MSE group_0: 0.0336
train MSE group_1: 0.0445
train MSE group_2: nan
train MSE group_3: nan
CE loss (TEST): 0.0
Experiment 25517
Epoch 0260 [Test seq (cond on sampled tp)] | Loss 330.598877 | Likelihood -346.386444 | KL fp 4.3901 | FP STD 0.2948|
KL coef: 0.9189414838378187
Train loss (one batch): 279.29852294921875
Train CE loss (one batch): 0.0
Test MSE (raw): 0.0700
Test MSE (smoothed with alpha=0.01): 0.2060
New best smoothed test MSE: 0.2060. Saving best model to experiments/experiment_25517_best.ckpt
Test MSE group_0: 0.0599
Test MSE group_1: 0.0804
Test MSE group_2: nan
Test MSE group_3: nan
Poisson likelihood: 0.0
CE loss: 0.0
train MSE group_0: 0.0510
train MSE group_1: 0.0649
train MSE group_2: nan
train MSE group_3: nan
CE loss (TEST): 0.0
Experiment 25517
Epoch 0270 [Test seq (cond on sampled tp)] | Loss 369.327698 | Likelihood -397.912048 | KL fp 4.6716 | FP STD 0.3111|
KL coef: 0.9266921309561118
Train loss (one batch): 394.5551452636719
Train CE loss (one batch): 0.0
Test MSE (raw): 0.0803
Test MSE (smoothed with alpha=0.01): 0.2048
New best smoothed test MSE: 0.2048. Saving best model to experiments/experiment_25517_best.ckpt
Test MSE group_0: 0.0679
Test MSE group_1: 0.0930
Test MSE group_2: nan
Test MSE group_3: nan
Poisson likelihood: 0.0
CE loss: 0.0
train MSE group_0: 0.0756
train MSE group_1: 0.0903
train MSE group_2: nan
train MSE group_3: nan
CE loss (TEST): 0.0
Experiment 25517
Epoch 0280 [Test seq (cond on sampled tp)] | Loss 258.599792 | Likelihood -264.114136 | KL fp 4.9607 | FP STD 0.2304|
KL coef: 0.9337016772796147
Train loss (one batch): 295.7010803222656
Train CE loss (one batch): 0.0
Test MSE (raw): 0.0536
Test MSE (smoothed with alpha=0.01): 0.2033
New best smoothed test MSE: 0.2033. Saving best model to experiments/experiment_25517_best.ckpt
Test MSE group_0: 0.0433
Test MSE group_1: 0.0641
Test MSE group_2: nan
Test MSE group_3: nan
Poisson likelihood: 0.0
CE loss: 0.0
train MSE group_0: 0.0522
train MSE group_1: 0.0694
train MSE group_2: nan
train MSE group_3: nan
CE loss (TEST): 0.0
Experiment 25517
Epoch 0290 [Test seq (cond on sampled tp)] | Loss 224.889496 | Likelihood -225.319595 | KL fp 5.4656 | FP STD 0.1498|
KL coef: 0.9400409853285345
Train loss (one batch): 224.5015106201172
Train CE loss (one batch): 0.0
Test MSE (raw): 0.0458
Test MSE (smoothed with alpha=0.01): 0.2017
New best smoothed test MSE: 0.2017. Saving best model to experiments/experiment_25517_best.ckpt
Test MSE group_0: 0.0369
Test MSE group_1: 0.0550
Test MSE group_2: nan
Test MSE group_3: nan
Poisson likelihood: 0.0
CE loss: 0.0
train MSE group_0: 0.0392
train MSE group_1: 0.0514
train MSE group_2: nan
train MSE group_3: nan
CE loss (TEST): 0.0
Experiment 25517
Epoch 0300 [Test seq (cond on sampled tp)] | Loss 215.886688 | Likelihood -215.017853 | KL fp 5.1625 | FP STD 0.1929|
KL coef: 0.9457741418959368
Train loss (one batch): 211.53448486328125
Train CE loss (one batch): 0.0
Test MSE (raw): 0.0437
Test MSE (smoothed with alpha=0.01): 0.2001
New best smoothed test MSE: 0.2001. Saving best model to experiments/experiment_25517_best.ckpt
Test MSE group_0: 0.0364
Test MSE group_1: 0.0514
Test MSE group_2: nan
Test MSE group_3: nan
Poisson likelihood: 0.0
CE loss: 0.0
train MSE group_0: 0.0376
train MSE group_1: 0.0476
train MSE group_2: nan
train MSE group_3: nan
CE loss (TEST): 0.0
Experiment 25517
Epoch 0310 [Test seq (cond on sampled tp)] | Loss 210.758957 | Likelihood -209.479797 | KL fp 5.2281 | FP STD 0.1847|
KL coef: 0.9509591059287142
Train loss (one batch): 205.65354919433594
Train CE loss (one batch): 0.0
Test MSE (raw): 0.0426
Test MSE (smoothed with alpha=0.01): 0.1985
New best smoothed test MSE: 0.1985. Saving best model to experiments/experiment_25517_best.ckpt
Test MSE group_0: 0.0355
Test MSE group_1: 0.0501
Test MSE group_2: nan
Test MSE group_3: nan
Poisson likelihood: 0.0
CE loss: 0.0
train MSE group_0: 0.0366
train MSE group_1: 0.0460
train MSE group_2: nan
train MSE group_3: nan
CE loss (TEST): 0.0
Experiment 25517
Epoch 0320 [Test seq (cond on sampled tp)] | Loss 207.718460 | Likelihood -205.844925 | KL fp 5.4378 | FP STD 0.1516|
KL coef: 0.9556482944595236
Train loss (one batch): 200.98965454101562
Train CE loss (one batch): 0.0
Test MSE (raw): 0.0419
Test MSE (smoothed with alpha=0.01): 0.1970
New best smoothed test MSE: 0.1970. Saving best model to experiments/experiment_25517_best.ckpt
Test MSE group_0: 0.0347
Test MSE group_1: 0.0494
Test MSE group_2: nan
Test MSE group_3: nan
Poisson likelihood: 0.0
CE loss: 0.0
train MSE group_0: 0.0351
train MSE group_1: 0.0458
train MSE group_2: nan
train MSE group_3: nan
CE loss (TEST): 0.0
Experiment 25517
Epoch 0330 [Test seq (cond on sampled tp)] | Loss 218.526093 | Likelihood -219.631958 | KL fp 5.0443 | FP STD 0.2260|
KL coef: 0.9598891125131245
Train loss (one batch): 203.46646118164062
Train CE loss (one batch): 0.0
Test MSE (raw): 0.0447
Test MSE (smoothed with alpha=0.01): 0.1954
New best smoothed test MSE: 0.1954. Saving best model to experiments/experiment_25517_best.ckpt
Test MSE group_0: 0.0363
Test MSE group_1: 0.0533
Test MSE group_2: nan
Test MSE group_3: nan
Poisson likelihood: 0.0
CE loss: 0.0
train MSE group_0: 0.0358
train MSE group_1: 0.0486
train MSE group_2: nan
train MSE group_3: nan
CE loss (TEST): 0.0
Experiment 25517
Epoch 0340 [Test seq (cond on sampled tp)] | Loss 215.802216 | Likelihood -217.235245 | KL fp 5.0300 | FP STD 0.2301|
KL coef: 0.9637244323441748
Train loss (one batch): 210.94558715820312
Train CE loss (one batch): 0.0
Test MSE (raw): 0.0442
Test MSE (smoothed with alpha=0.01): 0.1939
New best smoothed test MSE: 0.1939. Saving best model to experiments/experiment_25517_best.ckpt
Test MSE group_0: 0.0359
Test MSE group_1: 0.0528
Test MSE group_2: nan
Test MSE group_3: nan
Poisson likelihood: 0.0
CE loss: 0.0
train MSE group_0: 0.0352
train MSE group_1: 0.0501
train MSE group_2: nan
train MSE group_3: nan
CE loss (TEST): 0.0
Experiment 25517
Epoch 0350 [Test seq (cond on sampled tp)] | Loss 206.835892 | Likelihood -205.610809 | KL fp 5.3389 | FP STD 0.1648|
KL coef: 0.9671930268513026
Train loss (one batch): 201.5988311767578
Train CE loss (one batch): 0.0
Test MSE (raw): 0.0419
Test MSE (smoothed with alpha=0.01): 0.1924
New best smoothed test MSE: 0.1924. Saving best model to experiments/experiment_25517_best.ckpt
Test MSE group_0: 0.0346
Test MSE group_1: 0.0494
Test MSE group_2: nan
Test MSE group_3: nan
Poisson likelihood: 0.0
CE loss: 0.0
train MSE group_0: 0.0348
train MSE group_1: 0.0463
train MSE group_2: nan
train MSE group_3: nan
CE loss (TEST): 0.0
Experiment 25517
Epoch 0360 [Test seq (cond on sampled tp)] | Loss 204.170685 | Likelihood -201.804337 | KL fp 5.5410 | FP STD 0.1095|
KL coef: 0.9703299615490228
Train loss (one batch): 195.76470947265625
Train CE loss (one batch): 0.0
Test MSE (raw): 0.0411
Test MSE (smoothed with alpha=0.01): 0.1909
New best smoothed test MSE: 0.1909. Saving best model to experiments/experiment_25517_best.ckpt
Test MSE group_0: 0.0339
Test MSE group_1: 0.0486
Test MSE group_2: nan
Test MSE group_3: nan
Poisson likelihood: 0.0
CE loss: 0.0
train MSE group_0: 0.0339
train MSE group_1: 0.0447
train MSE group_2: nan
train MSE group_3: nan
CE loss (TEST): 0.0
Experiment 25517
Epoch 0370 [Test seq (cond on sampled tp)] | Loss 203.142136 | Likelihood -200.492203 | KL fp 5.7186 | FP STD 0.0933|
KL coef: 0.9731669490601144
Train loss (one batch): 195.4575958251953
Train CE loss (one batch): 0.0
Test MSE (raw): 0.0408
Test MSE (smoothed with alpha=0.01): 0.1894
New best smoothed test MSE: 0.1894. Saving best model to experiments/experiment_25517_best.ckpt
Test MSE group_0: 0.0336
Test MSE group_1: 0.0484
Test MSE group_2: nan
Test MSE group_3: nan
Poisson likelihood: 0.0
CE loss: 0.0
train MSE group_0: 0.0335
train MSE group_1: 0.0449
train MSE group_2: nan
train MSE group_3: nan
CE loss (TEST): 0.0
Experiment 25517
Epoch 0380 [Test seq (cond on sampled tp)] | Loss 202.221313 | Likelihood -199.678558 | KL fp 5.5933 | FP STD 0.0996|
KL coef: 0.9757326697121692
Train loss (one batch): 193.3954315185547
Train CE loss (one batch): 0.0
Test MSE (raw): 0.0407
Test MSE (smoothed with alpha=0.01): 0.1879
New best smoothed test MSE: 0.1879. Saving best model to experiments/experiment_25517_best.ckpt
Test MSE group_0: 0.0338
Test MSE group_1: 0.0478
Test MSE group_2: nan
Test MSE group_3: nan
Poisson likelihood: 0.0
CE loss: 0.0
train MSE group_0: 0.0333
train MSE group_1: 0.0444
train MSE group_2: nan
train MSE group_3: nan
CE loss (TEST): 0.0
Experiment 25517
Epoch 0390 [Test seq (cond on sampled tp)] | Loss 211.223373 | Likelihood -210.715240 | KL fp 5.1922 | FP STD 0.1474|
KL coef: 0.9780530614793677
Train loss (one batch): 198.90863037109375
Train CE loss (one batch): 0.0
Test MSE (raw): 0.0429
Test MSE (smoothed with alpha=0.01): 0.1865
New best smoothed test MSE: 0.1865. Saving best model to experiments/experiment_25517_best.ckpt
Test MSE group_0: 0.0347
Test MSE group_1: 0.0514
Test MSE group_2: nan
Test MSE group_3: nan
Poisson likelihood: 0.0
CE loss: 0.0
train MSE group_0: 0.0352
train MSE group_1: 0.0447
train MSE group_2: nan
train MSE group_3: nan
CE loss (TEST): 0.0
Experiment 25517
Epoch 0400 [Test seq (cond on sampled tp)] | Loss 206.391724 | Likelihood -204.772659 | KL fp 5.4436 | FP STD 0.1506|
KL coef: 0.9801515822006198
Train loss (one batch): 201.29293823242188
Train CE loss (one batch): 0.0
Test MSE (raw): 0.0417
Test MSE (smoothed with alpha=0.01): 0.1850
New best smoothed test MSE: 0.1850. Saving best model to experiments/experiment_25517_best.ckpt
Test MSE group_0: 0.0341
Test MSE group_1: 0.0496
Test MSE group_2: nan
Test MSE group_3: nan
Poisson likelihood: 0.0
CE loss: 0.0
train MSE group_0: 0.0338
train MSE group_1: 0.0472
train MSE group_2: nan
train MSE group_3: nan
CE loss (TEST): 0.0
Experiment 25517
Epoch 0410 [Test seq (cond on sampled tp)] | Loss 205.967789 | Likelihood -204.171936 | KL fp 5.5529 | FP STD 0.1380|
KL coef: 0.9820494467249549
Train loss (one batch): 196.2137908935547
Train CE loss (one batch): 0.0
Test MSE (raw): 0.0416
Test MSE (smoothed with alpha=0.01): 0.1836
New best smoothed test MSE: 0.1836. Saving best model to experiments/experiment_25517_best.ckpt
Test MSE group_0: 0.0345
Test MSE group_1: 0.0490
Test MSE group_2: nan
Test MSE group_3: nan
Poisson likelihood: 0.0
CE loss: 0.0
train MSE group_0: 0.0336
train MSE group_1: 0.0455
train MSE group_2: nan
train MSE group_3: nan
CE loss (TEST): 0.0
Experiment 25517
Epoch 0420 [Test seq (cond on sampled tp)] | Loss 205.073669 | Likelihood -202.673309 | KL fp 5.6757 | FP STD 0.1119|
KL coef: 0.9837658413815585
Train loss (one batch): 196.03659057617188
Train CE loss (one batch): 0.0
Test MSE (raw): 0.0413
Test MSE (smoothed with alpha=0.01): 0.1821
New best smoothed test MSE: 0.1821. Saving best model to experiments/experiment_25517_best.ckpt
Test MSE group_0: 0.0335
Test MSE group_1: 0.0494
Test MSE group_2: nan
Test MSE group_3: nan
Poisson likelihood: 0.0
CE loss: 0.0
train MSE group_0: 0.0335
train MSE group_1: 0.0453
train MSE group_2: nan
train MSE group_3: nan
CE loss (TEST): 0.0
Experiment 25517
Epoch 0430 [Test seq (cond on sampled tp)] | Loss 201.591858 | Likelihood -199.312332 | KL fp 5.3756 | FP STD 0.1263|
KL coef: 0.9853181179426319
Train loss (one batch): 195.87452697753906
Train CE loss (one batch): 0.0
Test MSE (raw): 0.0406
Test MSE (smoothed with alpha=0.01): 0.1807
New best smoothed test MSE: 0.1807. Saving best model to experiments/experiment_25517_best.ckpt
Test MSE group_0: 0.0333
Test MSE group_1: 0.0482
Test MSE group_2: nan
Test MSE group_3: nan
Poisson likelihood: 0.0
CE loss: 0.0
train MSE group_0: 0.0331
train MSE group_1: 0.0455
train MSE group_2: nan
train MSE group_3: nan
CE loss (TEST): 0.0
Experiment 25517
Epoch 0440 [Test seq (cond on sampled tp)] | Loss 229.420090 | Likelihood -231.199554 | KL fp 5.3687 | FP STD 0.1764|
KL coef: 0.9867219690399229
Train loss (one batch): 207.78504943847656
Train CE loss (one batch): 0.0
Test MSE (raw): 0.0470
Test MSE (smoothed with alpha=0.01): 0.1794
New best smoothed test MSE: 0.1794. Saving best model to experiments/experiment_25517_best.ckpt
Test MSE group_0: 0.0395
Test MSE group_1: 0.0547
Test MSE group_2: nan
Test MSE group_3: nan
Poisson likelihood: 0.0
CE loss: 0.0
train MSE group_0: 0.0354
train MSE group_1: 0.0484
train MSE group_2: nan
train MSE group_3: nan
CE loss (TEST): 0.0
Experiment 25517
Epoch 0450 [Test seq (cond on sampled tp)] | Loss 224.079346 | Likelihood -224.025848 | KL fp 4.9656 | FP STD 0.1970|
KL coef: 0.9879915868082944
Train loss (one batch): 220.6593017578125
Train CE loss (one batch): 0.0
Test MSE (raw): 0.0455
Test MSE (smoothed with alpha=0.01): 0.1781
New best smoothed test MSE: 0.1781. Saving best model to experiments/experiment_25517_best.ckpt
Test MSE group_0: 0.0386
Test MSE group_1: 0.0528
Test MSE group_2: nan
Test MSE group_3: nan
Poisson likelihood: 0.0
CE loss: 0.0
train MSE group_0: 0.0383
train MSE group_1: 0.0512
train MSE group_2: nan
train MSE group_3: nan
CE loss (TEST): 0.0
Experiment 25517
Epoch 0460 [Test seq (cond on sampled tp)] | Loss 212.394958 | Likelihood -212.170502 | KL fp 5.1489 | FP STD 0.1589|
KL coef: 0.9891398063601221
Train loss (one batch): 207.41751098632812
Train CE loss (one batch): 0.0
Test MSE (raw): 0.0432
Test MSE (smoothed with alpha=0.01): 0.1767
New best smoothed test MSE: 0.1767. Saving best model to experiments/experiment_25517_best.ckpt
Test MSE group_0: 0.0363
Test MSE group_1: 0.0504
Test MSE group_2: nan
Test MSE group_3: nan
Poisson likelihood: 0.0
CE loss: 0.0
train MSE group_0: 0.0362
train MSE group_1: 0.0471
train MSE group_2: nan
train MSE group_3: nan
CE loss (TEST): 0.0
Experiment 25517
Epoch 0470 [Test seq (cond on sampled tp)] | Loss 204.339767 | Likelihood -202.533173 | KL fp 5.3438 | FP STD 0.1204|
KL coef: 0.9901782355409698
Train loss (one batch): 196.60989379882812
Train CE loss (one batch): 0.0
Test MSE (raw): 0.0412
Test MSE (smoothed with alpha=0.01): 0.1754
New best smoothed test MSE: 0.1754. Saving best model to experiments/experiment_25517_best.ckpt
Test MSE group_0: 0.0345
Test MSE group_1: 0.0483
Test MSE group_2: nan
Test MSE group_3: nan
Poisson likelihood: 0.0
CE loss: 0.0
train MSE group_0: 0.0342
train MSE group_1: 0.0448
train MSE group_2: nan
train MSE group_3: nan
CE loss (TEST): 0.0
Experiment 25517
Epoch 0480 [Test seq (cond on sampled tp)] | Loss 200.992737 | Likelihood -198.718002 | KL fp 5.3665 | FP STD 0.1098|
KL coef: 0.9911173722782946
Train loss (one batch): 192.65728759765625
Train CE loss (one batch): 0.0
Test MSE (raw): 0.0405
Test MSE (smoothed with alpha=0.01): 0.1740
New best smoothed test MSE: 0.1740. Saving best model to experiments/experiment_25517_best.ckpt
Test MSE group_0: 0.0335
Test MSE group_1: 0.0478
Test MSE group_2: nan
Test MSE group_3: nan
Poisson likelihood: 0.0
CE loss: 0.0
train MSE group_0: 0.0337
train MSE group_1: 0.0439
train MSE group_2: nan
train MSE group_3: nan
CE loss (TEST): 0.0
Experiment 25517
Epoch 0490 [Test seq (cond on sampled tp)] | Loss 200.898651 | Likelihood -197.894501 | KL fp 5.5668 | FP STD 0.0943|
KL coef: 0.9919667107095133
Train loss (one batch): 191.21800231933594
Train CE loss (one batch): 0.0
Test MSE (raw): 0.0403
Test MSE (smoothed with alpha=0.01): 0.1727
New best smoothed test MSE: 0.1727. Saving best model to experiments/experiment_25517_best.ckpt
Test MSE group_0: 0.0333
Test MSE group_1: 0.0477
Test MSE group_2: nan
Test MSE group_3: nan
Poisson likelihood: 0.0
CE loss: 0.0
train MSE group_0: 0.0330
train MSE group_1: 0.0437
train MSE group_2: nan
train MSE group_3: nan
CE loss (TEST): 0.0
Experiment 25517
Epoch 0500 [Test seq (cond on sampled tp)] | Loss 199.805374 | Likelihood -197.056335 | KL fp 5.4592 | FP STD 0.0974|
KL coef: 0.9927348371623237
Train loss (one batch): 192.37484741210938
Train CE loss (one batch): 0.0
Test MSE (raw): 0.0401
Test MSE (smoothed with alpha=0.01): 0.1713
New best smoothed test MSE: 0.1713. Saving best model to experiments/experiment_25517_best.ckpt
Test MSE group_0: 0.0332
Test MSE group_1: 0.0474
Test MSE group_2: nan
Test MSE group_3: nan
Poisson likelihood: 0.0
CE loss: 0.0
train MSE group_0: 0.0331
train MSE group_1: 0.0440
train MSE group_2: nan
train MSE group_3: nan
CE loss (TEST): 0.0
Experiment 25517
Epoch 0510 [Test seq (cond on sampled tp)] | Loss 203.086700 | Likelihood -200.302765 | KL fp 5.6092 | FP STD 0.0910|
KL coef: 0.9934295169575854
Train loss (one batch): 195.5934295654297
Train CE loss (one batch): 0.0
Test MSE (raw): 0.0408
Test MSE (smoothed with alpha=0.01): 0.1700
New best smoothed test MSE: 0.1700. Saving best model to experiments/experiment_25517_best.ckpt
Test MSE group_0: 0.0321
Test MSE group_1: 0.0499
Test MSE group_2: nan
Test MSE group_3: nan
Poisson likelihood: 0.0
CE loss: 0.0
train MSE group_0: 0.0326
train MSE group_1: 0.0460
train MSE group_2: nan
train MSE group_3: nan
CE loss (TEST): 0.0
Experiment 25517
Epoch 0520 [Test seq (cond on sampled tp)] | Loss 210.523132 | Likelihood -210.373962 | KL fp 4.9735 | FP STD 0.1868|
KL coef: 0.9940577729122909
Train loss (one batch): 204.23410034179688
Train CE loss (one batch): 0.0
Test MSE (raw): 0.0428
Test MSE (smoothed with alpha=0.01): 0.1688
New best smoothed test MSE: 0.1688. Saving best model to experiments/experiment_25517_best.ckpt
Test MSE group_0: 0.0342
Test MSE group_1: 0.0517
Test MSE group_2: nan
Test MSE group_3: nan
Poisson likelihood: 0.0
CE loss: 0.0
train MSE group_0: 0.0343
train MSE group_1: 0.0481
train MSE group_2: nan
train MSE group_3: nan
CE loss (TEST): 0.0
Experiment 25517
Epoch 0530 [Test seq (cond on sampled tp)] | Loss 207.953568 | Likelihood -207.995224 | KL fp 4.8833 | FP STD 0.1931|
KL coef: 0.9946259563362442
Train loss (one batch): 202.39332580566406
Train CE loss (one batch): 0.0
Test MSE (raw): 0.0423
Test MSE (smoothed with alpha=0.01): 0.1675
New best smoothed test MSE: 0.1675. Saving best model to experiments/experiment_25517_best.ckpt
Test MSE group_0: 0.0343
Test MSE group_1: 0.0507
Test MSE group_2: nan
Test MSE group_3: nan
Poisson likelihood: 0.0
CE loss: 0.0
train MSE group_0: 0.0348
train MSE group_1: 0.0479
train MSE group_2: nan
train MSE group_3: nan
CE loss (TEST): 0.0
Experiment 25517
Epoch 0540 [Test seq (cond on sampled tp)] | Loss 201.925659 | Likelihood -200.302124 | KL fp 5.2252 | FP STD 0.1405|
KL coef: 0.9951398112401846
Train loss (one batch): 193.15455627441406
Train CE loss (one batch): 0.0
Test MSE (raw): 0.0408
Test MSE (smoothed with alpha=0.01): 0.1662
New best smoothed test MSE: 0.1662. Saving best model to experiments/experiment_25517_best.ckpt
Test MSE group_0: 0.0335
Test MSE group_1: 0.0484
Test MSE group_2: nan
Test MSE group_3: nan
Poisson likelihood: 0.0
CE loss: 0.0
train MSE group_0: 0.0328
train MSE group_1: 0.0448
train MSE group_2: nan
train MSE group_3: nan
CE loss (TEST): 0.0
Experiment 25517
Epoch 0550 [Test seq (cond on sampled tp)] | Loss 200.039368 | Likelihood -197.096069 | KL fp 5.6969 | FP STD 0.0888|
KL coef: 0.9956045324044637
Train loss (one batch): 190.9366455078125
Train CE loss (one batch): 0.0
Test MSE (raw): 0.0402
Test MSE (smoothed with alpha=0.01): 0.1650
New best smoothed test MSE: 0.1650. Saving best model to experiments/experiment_25517_best.ckpt
Test MSE group_0: 0.0330
Test MSE group_1: 0.0477
Test MSE group_2: nan
Test MSE group_3: nan
Poisson likelihood: 0.0
CE loss: 0.0
train MSE group_0: 0.0328
train MSE group_1: 0.0440
train MSE group_2: nan
train MSE group_3: nan
CE loss (TEST): 0.0
Experiment 25517
Epoch 0560 [Test seq (cond on sampled tp)] | Loss 199.765289 | Likelihood -196.706894 | KL fp 5.6928 | FP STD 0.0823|
KL coef: 0.9960248178953148
Train loss (one batch): 190.01055908203125
Train CE loss (one batch): 0.0
Test MSE (raw): 0.0401
Test MSE (smoothed with alpha=0.01): 0.1637
New best smoothed test MSE: 0.1637. Saving best model to experiments/experiment_25517_best.ckpt
Test MSE group_0: 0.0328
Test MSE group_1: 0.0476
Test MSE group_2: nan
Test MSE group_3: nan
Poisson likelihood: 0.0
CE loss: 0.0
train MSE group_0: 0.0326
train MSE group_1: 0.0436
train MSE group_2: nan
train MSE group_3: nan
CE loss (TEST): 0.0
Experiment 25517
Epoch 0570 [Test seq (cond on sampled tp)] | Loss 198.889908 | Likelihood -195.902298 | KL fp 5.6731 | FP STD 0.0829|
KL coef: 0.996404916559627
Train loss (one batch): 189.8324432373047
Train CE loss (one batch): 0.0
Test MSE (raw): 0.0399
Test MSE (smoothed with alpha=0.01): 0.1625
New best smoothed test MSE: 0.1625. Saving best model to experiments/experiment_25517_best.ckpt
Test MSE group_0: 0.0330
Test MSE group_1: 0.0471
Test MSE group_2: nan
Test MSE group_3: nan
Poisson likelihood: 0.0
CE loss: 0.0
train MSE group_0: 0.0326
train MSE group_1: 0.0434
train MSE group_2: nan
train MSE group_3: nan
CE loss (TEST): 0.0
Experiment 25517
Epoch 0580 [Test seq (cond on sampled tp)] | Loss 198.961151 | Likelihood -195.939041 | KL fp 5.6369 | FP STD 0.0887|
KL coef: 0.9967486709783656
Train loss (one batch): 190.50125122070312
Train CE loss (one batch): 0.0
Test MSE (raw): 0.0399
Test MSE (smoothed with alpha=0.01): 0.1613
New best smoothed test MSE: 0.1613. Saving best model to experiments/experiment_25517_best.ckpt
Test MSE group_0: 0.0332
Test MSE group_1: 0.0470
Test MSE group_2: nan
Test MSE group_3: nan
Poisson likelihood: 0.0
CE loss: 0.0
train MSE group_0: 0.0330
train MSE group_1: 0.0433
train MSE group_2: nan
train MSE group_3: nan
CE loss (TEST): 0.0
Experiment 25517
Epoch 0590 [Test seq (cond on sampled tp)] | Loss 199.085846 | Likelihood -196.055405 | KL fp 5.6567 | FP STD 0.0844|
KL coef: 0.997059556312878
Train loss (one batch): 190.81312561035156
Train CE loss (one batch): 0.0
Test MSE (raw): 0.0399
Test MSE (smoothed with alpha=0.01): 0.1600
New best smoothed test MSE: 0.1600. Saving best model to experiments/experiment_25517_best.ckpt
Test MSE group_0: 0.0331
Test MSE group_1: 0.0471
Test MSE group_2: nan
Test MSE group_3: nan
Poisson likelihood: 0.0
CE loss: 0.0
train MSE group_0: 0.0333
train MSE group_1: 0.0431
train MSE group_2: nan
train MSE group_3: nan
CE loss (TEST): 0.0
Experiment 25517
Epoch 0600 [Test seq (cond on sampled tp)] | Loss 205.853912 | Likelihood -204.002716 | KL fp 5.2046 | FP STD 0.1618|
KL coef: 0.997340715436794
Train loss (one batch): 197.70899963378906
Train CE loss (one batch): 0.0
Test MSE (raw): 0.0415
Test MSE (smoothed with alpha=0.01): 0.1589
New best smoothed test MSE: 0.1589. Saving best model to experiments/experiment_25517_best.ckpt
Test MSE group_0: 0.0339
Test MSE group_1: 0.0495
Test MSE group_2: nan
Test MSE group_3: nan
Poisson likelihood: 0.0
CE loss: 0.0
train MSE group_0: 0.0328
train MSE group_1: 0.0468
train MSE group_2: nan
train MSE group_3: nan
CE loss (TEST): 0.0
Experiment 25517
Epoch 0610 [Test seq (cond on sampled tp)] | Loss 204.670486 | Likelihood -203.583374 | KL fp 5.0028 | FP STD 0.2056|
KL coef: 0.997594990708689
Train loss (one batch): 200.8160858154297
Train CE loss (one batch): 0.0
Test MSE (raw): 0.0415
Test MSE (smoothed with alpha=0.01): 0.1577
New best smoothed test MSE: 0.1577. Saving best model to experiments/experiment_25517_best.ckpt
Test MSE group_0: 0.0335
Test MSE group_1: 0.0497
Test MSE group_2: nan
Test MSE group_3: nan
Poisson likelihood: 0.0
CE loss: 0.0
train MSE group_0: 0.0337
train MSE group_1: 0.0472
train MSE group_2: nan
train MSE group_3: nan
CE loss (TEST): 0.0
Experiment 25517
Epoch 0620 [Test seq (cond on sampled tp)] | Loss 204.996445 | Likelihood -203.491241 | KL fp 5.0740 | FP STD 0.1854|
KL coef: 0.9978249527067087
Train loss (one batch): 196.46826171875
Train CE loss (one batch): 0.0
Test MSE (raw): 0.0414
Test MSE (smoothed with alpha=0.01): 0.1565
New best smoothed test MSE: 0.1565. Saving best model to experiments/experiment_25517_best.ckpt
Test MSE group_0: 0.0331
Test MSE group_1: 0.0501
Test MSE group_2: nan
Test MSE group_3: nan
Poisson likelihood: 0.0
CE loss: 0.0
train MSE group_0: 0.0331
train MSE group_1: 0.0460
train MSE group_2: nan
train MSE group_3: nan
CE loss (TEST): 0.0
Experiment 25517
Epoch 0630 [Test seq (cond on sampled tp)] | Loss 205.076157 | Likelihood -203.523331 | KL fp 5.0746 | FP STD 0.1805|
KL coef: 0.9980329262156509
Train loss (one batch): 198.0835723876953
Train CE loss (one batch): 0.0
Test MSE (raw): 0.0414
Test MSE (smoothed with alpha=0.01): 0.1554
New best smoothed test MSE: 0.1554. Saving best model to experiments/experiment_25517_best.ckpt
Test MSE group_0: 0.0332
Test MSE group_1: 0.0500
Test MSE group_2: nan
Test MSE group_3: nan
Poisson likelihood: 0.0
CE loss: 0.0
train MSE group_0: 0.0329
train MSE group_1: 0.0469
train MSE group_2: nan
train MSE group_3: nan
CE loss (TEST): 0.0
Experiment 25517
Epoch 0640 [Test seq (cond on sampled tp)] | Loss 204.196198 | Likelihood -202.532120 | KL fp 5.2446 | FP STD 0.1671|
KL coef: 0.9982210137292149
Train loss (one batch): 197.626953125
Train CE loss (one batch): 0.0
Test MSE (raw): 0.0412
Test MSE (smoothed with alpha=0.01): 0.1542
New best smoothed test MSE: 0.1542. Saving best model to experiments/experiment_25517_best.ckpt
Test MSE group_0: 0.0337
Test MSE group_1: 0.0492
Test MSE group_2: nan
Test MSE group_3: nan
Poisson likelihood: 0.0
CE loss: 0.0
train MSE group_0: 0.0329
train MSE group_1: 0.0466
train MSE group_2: nan
train MSE group_3: nan
CE loss (TEST): 0.0
Experiment 25517
Epoch 0650 [Test seq (cond on sampled tp)] | Loss 200.825043 | Likelihood -198.898453 | KL fp 5.3171 | FP STD 0.1466|
KL coef: 0.9983911167050152
Train loss (one batch): 193.94375610351562
Train CE loss (one batch): 0.0
Test MSE (raw): 0.0405
Test MSE (smoothed with alpha=0.01): 0.1531
New best smoothed test MSE: 0.1531. Saving best model to experiments/experiment_25517_best.ckpt
Test MSE group_0: 0.0333
Test MSE group_1: 0.0480
Test MSE group_2: nan
Test MSE group_3: nan
Poisson likelihood: 0.0
CE loss: 0.0
train MSE group_0: 0.0326
train MSE group_1: 0.0455
train MSE group_2: nan
train MSE group_3: nan
CE loss (TEST): 0.0
Experiment 25517
Epoch 0660 [Test seq (cond on sampled tp)] | Loss 205.189255 | Likelihood -204.551498 | KL fp 5.1383 | FP STD 0.1867|
KL coef: 0.9985449547872347
Train loss (one batch): 197.55149841308594
Train CE loss (one batch): 0.0
Test MSE (raw): 0.0416
Test MSE (smoothed with alpha=0.01): 0.1520
New best smoothed test MSE: 0.1520. Saving best model to experiments/experiment_25517_best.ckpt
Test MSE group_0: 0.0342
Test MSE group_1: 0.0494
Test MSE group_2: nan
Test MSE group_3: nan
Poisson likelihood: 0.0
CE loss: 0.0
train MSE group_0: 0.0331
train MSE group_1: 0.0467
train MSE group_2: nan
train MSE group_3: nan
CE loss (TEST): 0.0
Experiment 25517
Epoch 0670 [Test seq (cond on sampled tp)] | Loss 212.381943 | Likelihood -212.073227 | KL fp 4.9878 | FP STD 0.2224|
KL coef: 0.9986840831912477
Train loss (one batch): 206.4734649658203
Train CE loss (one batch): 0.0
Test MSE (raw): 0.0432
Test MSE (smoothed with alpha=0.01): 0.1509
New best smoothed test MSE: 0.1509. Saving best model to experiments/experiment_25517_best.ckpt
Test MSE group_0: 0.0355
Test MSE group_1: 0.0511
Test MSE group_2: nan
Test MSE group_3: nan
Poisson likelihood: 0.0
CE loss: 0.0
train MSE group_0: 0.0349
train MSE group_1: 0.0486
train MSE group_2: nan
train MSE group_3: nan
CE loss (TEST): 0.0
Experiment 25517
Epoch 0680 [Test seq (cond on sampled tp)] | Loss 205.079941 | Likelihood -205.559708 | KL fp 4.9221 | FP STD 0.1978|
KL coef: 0.9988099084259616
Train loss (one batch): 199.78439331054688
Train CE loss (one batch): 0.0
Test MSE (raw): 0.0418
Test MSE (smoothed with alpha=0.01): 0.1498
New best smoothed test MSE: 0.1498. Saving best model to experiments/experiment_25517_best.ckpt
Test MSE group_0: 0.0342
Test MSE group_1: 0.0498
Test MSE group_2: nan
Test MSE group_3: nan
Poisson likelihood: 0.0
CE loss: 0.0
train MSE group_0: 0.0343
train MSE group_1: 0.0462
train MSE group_2: nan
train MSE group_3: nan
CE loss (TEST): 0.0
Experiment 25517
Epoch 0690 [Test seq (cond on sampled tp)] | Loss 202.028549 | Likelihood -200.082123 | KL fp 5.2828 | FP STD 0.1497|
KL coef: 0.9989237025128207
Train loss (one batch): 192.81471252441406
Train CE loss (one batch): 0.0
Test MSE (raw): 0.0408
Test MSE (smoothed with alpha=0.01): 0.1487
New best smoothed test MSE: 0.1487. Saving best model to experiments/experiment_25517_best.ckpt
Test MSE group_0: 0.0335
Test MSE group_1: 0.0483
Test MSE group_2: nan
Test MSE group_3: nan
Poisson likelihood: 0.0
CE loss: 0.0
train MSE group_0: 0.0326
train MSE group_1: 0.0460
train MSE group_2: nan
train MSE group_3: nan
CE loss (TEST): 0.0
Experiment 25517
Epoch 0700 [Test seq (cond on sampled tp)] | Loss 206.211136 | Likelihood -204.279266 | KL fp 5.1586 | FP STD 0.1298|
KL coef: 0.999026615845218
Train loss (one batch): 190.8224334716797
Train CE loss (one batch): 0.0
Test MSE (raw): 0.0416
Test MSE (smoothed with alpha=0.01): 0.1476
New best smoothed test MSE: 0.1476. Saving best model to experiments/experiment_25517_best.ckpt
Test MSE group_0: 0.0344
Test MSE group_1: 0.0491
Test MSE group_2: nan
Test MSE group_3: nan
Poisson likelihood: 0.0
CE loss: 0.0
train MSE group_0: 0.0324
train MSE group_1: 0.0443
train MSE group_2: nan
train MSE group_3: nan
CE loss (TEST): 0.0
Experiment 25517
Epoch 0710 [Test seq (cond on sampled tp)] | Loss 208.402328 | Likelihood -206.798889 | KL fp 5.0987 | FP STD 0.1751|
KL coef: 0.9991196888183176
Train loss (one batch): 196.27427673339844
Train CE loss (one batch): 0.0
Test MSE (raw): 0.0421
Test MSE (smoothed with alpha=0.01): 0.1466
New best smoothed test MSE: 0.1466. Saving best model to experiments/experiment_25517_best.ckpt
Test MSE group_0: 0.0351
Test MSE group_1: 0.0494
Test MSE group_2: nan
Test MSE group_3: nan
Poisson likelihood: 0.0
CE loss: 0.0
train MSE group_0: 0.0339
train MSE group_1: 0.0454
train MSE group_2: nan
train MSE group_3: nan
CE loss (TEST): 0.0
Experiment 25517
Epoch 0720 [Test seq (cond on sampled tp)] | Loss 208.160263 | Likelihood -206.545746 | KL fp 5.0984 | FP STD 0.1804|
KL coef: 0.9992038623468565
Train loss (one batch): 200.72076416015625
Train CE loss (one batch): 0.0
Test MSE (raw): 0.0420
Test MSE (smoothed with alpha=0.01): 0.1455
New best smoothed test MSE: 0.1455. Saving best model to experiments/experiment_25517_best.ckpt
Test MSE group_0: 0.0352
Test MSE group_1: 0.0492
Test MSE group_2: nan
Test MSE group_3: nan
Poisson likelihood: 0.0
CE loss: 0.0
train MSE group_0: 0.0350
train MSE group_1: 0.0457
train MSE group_2: nan
train MSE group_3: nan
CE loss (TEST): 0.0
Experiment 25517
Epoch 0730 [Test seq (cond on sampled tp)] | Loss 212.520416 | Likelihood -211.132721 | KL fp 5.2304 | FP STD 0.1879|
KL coef: 0.9992799873772575
Train loss (one batch): 220.72958374023438
Train CE loss (one batch): 0.0
Test MSE (raw): 0.0430
Test MSE (smoothed with alpha=0.01): 0.1445
New best smoothed test MSE: 0.1445. Saving best model to experiments/experiment_25517_best.ckpt
Test MSE group_0: 0.0336
Test MSE group_1: 0.0527
Test MSE group_2: nan
Test MSE group_3: nan
Poisson likelihood: 0.0
CE loss: 0.0
train MSE group_0: 0.0382
train MSE group_1: 0.0507
train MSE group_2: nan
train MSE group_3: nan
CE loss (TEST): 0.0
Experiment 25517
Epoch 0740 [Test seq (cond on sampled tp)] | Loss 214.184662 | Likelihood -214.353668 | KL fp 4.9218 | FP STD 0.2403|
KL coef: 0.9993488334902116
Train loss (one batch): 210.24801635742188
Train CE loss (one batch): 0.0
Test MSE (raw): 0.0436
Test MSE (smoothed with alpha=0.01): 0.1435
New best smoothed test MSE: 0.1435. Saving best model to experiments/experiment_25517_best.ckpt
Test MSE group_0: 0.0350
Test MSE group_1: 0.0526
Test MSE group_2: nan
Test MSE group_3: nan
Poisson likelihood: 0.0
CE loss: 0.0
train MSE group_0: 0.0353
train MSE group_1: 0.0501
train MSE group_2: nan
train MSE group_3: nan
CE loss (TEST): 0.0
Experiment 25517
Epoch 0750 [Test seq (cond on sampled tp)] | Loss 208.526779 | Likelihood -208.986694 | KL fp 4.8414 | FP STD 0.2388|
KL coef: 0.9994110966807014
Train loss (one batch): 202.1101837158203
Train CE loss (one batch): 0.0
Test MSE (raw): 0.0425
Test MSE (smoothed with alpha=0.01): 0.1425
New best smoothed test MSE: 0.1425. Saving best model to experiments/experiment_25517_best.ckpt
Test MSE group_0: 0.0339
Test MSE group_1: 0.0515
Test MSE group_2: nan
Test MSE group_3: nan
Poisson likelihood: 0.0
CE loss: 0.0
train MSE group_0: 0.0346
train MSE group_1: 0.0480
train MSE group_2: nan
train MSE group_3: nan
CE loss (TEST): 0.0
Experiment 25517
Epoch 0760 [Test seq (cond on sampled tp)] | Loss 204.866135 | Likelihood -204.271851 | KL fp 5.0951 | FP STD 0.2134|
KL coef: 0.9994674063941131
Train loss (one batch): 203.34584045410156
Train CE loss (one batch): 0.0
Test MSE (raw): 0.0416
Test MSE (smoothed with alpha=0.01): 0.1415
New best smoothed test MSE: 0.1415. Saving best model to experiments/experiment_25517_best.ckpt
Test MSE group_0: 0.0336
Test MSE group_1: 0.0500
Test MSE group_2: nan
Test MSE group_3: nan
Poisson likelihood: 0.0
CE loss: 0.0
train MSE group_0: 0.0347
train MSE group_1: 0.0472
train MSE group_2: nan
train MSE group_3: nan
CE loss (TEST): 0.0
Experiment 25517
Epoch 0770 [Test seq (cond on sampled tp)] | Loss 210.236099 | Likelihood -209.023010 | KL fp 5.3837 | FP STD 0.1969|
KL coef: 0.9995183318895716
Train loss (one batch): 199.88809204101562
Train CE loss (one batch): 0.0
Test MSE (raw): 0.0425
Test MSE (smoothed with alpha=0.01): 0.1405
New best smoothed test MSE: 0.1405. Saving best model to experiments/experiment_25517_best.ckpt
Test MSE group_0: 0.0331
Test MSE group_1: 0.0524
Test MSE group_2: nan
Test MSE group_3: nan
Poisson likelihood: 0.0
CE loss: 0.0
train MSE group_0: 0.0322
train MSE group_1: 0.0487
train MSE group_2: nan
train MSE group_3: nan
CE loss (TEST): 0.0
Experiment 25517
Epoch 0780 [Test seq (cond on sampled tp)] | Loss 209.622498 | Likelihood -208.801910 | KL fp 5.1379 | FP STD 0.2160|
KL coef: 0.9995643879948252
Train loss (one batch): 197.56138610839844
Train CE loss (one batch): 0.0
Test MSE (raw): 0.0425
Test MSE (smoothed with alpha=0.01): 0.1395
New best smoothed test MSE: 0.1395. Saving best model to experiments/experiment_25517_best.ckpt
Test MSE group_0: 0.0345
Test MSE group_1: 0.0508
Test MSE group_2: nan
Test MSE group_3: nan
Poisson likelihood: 0.0
CE loss: 0.0
train MSE group_0: 0.0334
train MSE group_1: 0.0471
train MSE group_2: nan
train MSE group_3: nan
CE loss (TEST): 0.0
Experiment 25517
Epoch 0790 [Test seq (cond on sampled tp)] | Loss 204.117493 | Likelihood -203.596329 | KL fp 5.0790 | FP STD 0.2069|
KL coef: 0.9996060403108612
Train loss (one batch): 198.55722045898438
Train CE loss (one batch): 0.0
Test MSE (raw): 0.0415
Test MSE (smoothed with alpha=0.01): 0.1385
New best smoothed test MSE: 0.1385. Saving best model to experiments/experiment_25517_best.ckpt
Test MSE group_0: 0.0344
Test MSE group_1: 0.0488
Test MSE group_2: nan
Test MSE group_3: nan
Poisson likelihood: 0.0
CE loss: 0.0
train MSE group_0: 0.0347
train MSE group_1: 0.0456
train MSE group_2: nan
train MSE group_3: nan
CE loss (TEST): 0.0
Experiment 25517
Epoch 0800 [Test seq (cond on sampled tp)] | Loss 213.996811 | Likelihood -213.608597 | KL fp 4.5602 | FP STD 0.2477|
KL coef: 0.9996437099188669
Train loss (one batch): 211.9358367919922
Train CE loss (one batch): 0.0
Test MSE (raw): 0.0435
Test MSE (smoothed with alpha=0.01): 0.1376
New best smoothed test MSE: 0.1376. Saving best model to experiments/experiment_25517_best.ckpt
Test MSE group_0: 0.0343
Test MSE group_1: 0.0530
Test MSE group_2: nan
Test MSE group_3: nan
Poisson likelihood: 0.0
CE loss: 0.0
train MSE group_0: 0.0339
train MSE group_1: 0.0529
train MSE group_2: nan
train MSE group_3: nan
CE loss (TEST): 0.0
Experiment 25517
Epoch 0810 [Test seq (cond on sampled tp)] | Loss 212.947784 | Likelihood -214.696335 | KL fp 4.4432 | FP STD 0.2754|
KL coef: 0.9996777776371197
Train loss (one batch): 202.09994506835938
Train CE loss (one batch): 0.0
Test MSE (raw): 0.0437
Test MSE (smoothed with alpha=0.01): 0.1366
New best smoothed test MSE: 0.1366. Saving best model to experiments/experiment_25517_best.ckpt
Test MSE group_0: 0.0356
Test MSE group_1: 0.0521
Test MSE group_2: nan
Test MSE group_3: nan
Poisson likelihood: 0.0
CE loss: 0.0
train MSE group_0: 0.0350
train MSE group_1: 0.0469
train MSE group_2: nan
train MSE group_3: nan
CE loss (TEST): 0.0
Experiment 25517
Epoch 0820 [Test seq (cond on sampled tp)] | Loss 208.503311 | Likelihood -208.670319 | KL fp 4.8175 | FP STD 0.2443|
KL coef: 0.9997085878708442
Train loss (one batch): 203.11781311035156
Train CE loss (one batch): 0.0
Test MSE (raw): 0.0425
Test MSE (smoothed with alpha=0.01): 0.1357
New best smoothed test MSE: 0.1357. Saving best model to experiments/experiment_25517_best.ckpt
Test MSE group_0: 0.0353
Test MSE group_1: 0.0499
Test MSE group_2: nan
Test MSE group_3: nan
Poisson likelihood: 0.0
CE loss: 0.0
train MSE group_0: 0.0354
train MSE group_1: 0.0476
train MSE group_2: nan
train MSE group_3: nan
CE loss (TEST): 0.0
Experiment 25517
Epoch 0830 [Test seq (cond on sampled tp)] | Loss 206.135071 | Likelihood -206.146942 | KL fp 5.0879 | FP STD 0.2135|
KL coef: 0.9997364520939512
Train loss (one batch): 196.35081481933594
Train CE loss (one batch): 0.0
Test MSE (raw): 0.0420
Test MSE (smoothed with alpha=0.01): 0.1348
New best smoothed test MSE: 0.1348. Saving best model to experiments/experiment_25517_best.ckpt
Test MSE group_0: 0.0350
Test MSE group_1: 0.0492
Test MSE group_2: nan
Test MSE group_3: nan
Poisson likelihood: 0.0
CE loss: 0.0
train MSE group_0: 0.0344
train MSE group_1: 0.0454
train MSE group_2: nan
train MSE group_3: nan
CE loss (TEST): 0.0
Experiment 25517
Epoch 0840 [Test seq (cond on sampled tp)] | Loss 204.790329 | Likelihood -203.716690 | KL fp 5.1139 | FP STD 0.1972|
KL coef: 0.9997616519978635
Train loss (one batch): 195.91061401367188
Train CE loss (one batch): 0.0
Test MSE (raw): 0.0415
Test MSE (smoothed with alpha=0.01): 0.1338
New best smoothed test MSE: 0.1338. Saving best model to experiments/experiment_25517_best.ckpt
Test MSE group_0: 0.0347
Test MSE group_1: 0.0486
Test MSE group_2: nan
Test MSE group_3: nan
Poisson likelihood: 0.0
CE loss: 0.0
train MSE group_0: 0.0332
train MSE group_1: 0.0458
train MSE group_2: nan
train MSE group_3: nan
CE loss (TEST): 0.0
Experiment 25517
Epoch 0850 [Test seq (cond on sampled tp)] | Loss 203.449554 | Likelihood -203.221603 | KL fp 5.0757 | FP STD 0.1870|
KL coef: 0.9997844423392536
Train loss (one batch): 196.63221740722656
Train CE loss (one batch): 0.0
Test MSE (raw): 0.0414
Test MSE (smoothed with alpha=0.01): 0.1329
New best smoothed test MSE: 0.1329. Saving best model to experiments/experiment_25517_best.ckpt
Test MSE group_0: 0.0343
Test MSE group_1: 0.0488
Test MSE group_2: nan
Test MSE group_3: nan
Poisson likelihood: 0.0
CE loss: 0.0
train MSE group_0: 0.0336
train MSE group_1: 0.0458
train MSE group_2: nan
train MSE group_3: nan
CE loss (TEST): 0.0
Experiment 25517
Epoch 0860 [Test seq (cond on sampled tp)] | Loss 204.278534 | Likelihood -203.852859 | KL fp 5.0255 | FP STD 0.1865|
KL coef: 0.9998050535154901
Train loss (one batch): 191.98817443847656
Train CE loss (one batch): 0.0
Test MSE (raw): 0.0415
Test MSE (smoothed with alpha=0.01): 0.1320
New best smoothed test MSE: 0.1320. Saving best model to experiments/experiment_25517_best.ckpt
Test MSE group_0: 0.0341
Test MSE group_1: 0.0492
Test MSE group_2: nan
Test MSE group_3: nan
Poisson likelihood: 0.0
CE loss: 0.0
train MSE group_0: 0.0336
train MSE group_1: 0.0451
train MSE group_2: nan
train MSE group_3: nan
CE loss (TEST): 0.0
Experiment 25517
Epoch 0870 [Test seq (cond on sampled tp)] | Loss 202.936722 | Likelihood -201.291138 | KL fp 5.1197 | FP STD 0.1739|
KL coef: 0.9998236938938232
Train loss (one batch): 192.82208251953125
Train CE loss (one batch): 0.0
Test MSE (raw): 0.0410
Test MSE (smoothed with alpha=0.01): 0.1311
New best smoothed test MSE: 0.1311. Saving best model to experiments/experiment_25517_best.ckpt
Test MSE group_0: 0.0337
Test MSE group_1: 0.0486
Test MSE group_2: nan
Test MSE group_3: nan
Poisson likelihood: 0.0
CE loss: 0.0
train MSE group_0: 0.0335
train MSE group_1: 0.0443
train MSE group_2: nan
train MSE group_3: nan
CE loss (TEST): 0.0
Experiment 25517
Epoch 0880 [Test seq (cond on sampled tp)] | Loss 201.292664 | Likelihood -199.848541 | KL fp 5.2661 | FP STD 0.1619|
KL coef: 0.9998405519178591
Train loss (one batch): 193.11453247070312
Train CE loss (one batch): 0.0
Test MSE (raw): 0.0407
Test MSE (smoothed with alpha=0.01): 0.1302
New best smoothed test MSE: 0.1302. Saving best model to experiments/experiment_25517_best.ckpt
Test MSE group_0: 0.0339
Test MSE group_1: 0.0478
Test MSE group_2: nan
Test MSE group_3: nan
Poisson likelihood: 0.0
CE loss: 0.0
train MSE group_0: 0.0335
train MSE group_1: 0.0446
train MSE group_2: nan
train MSE group_3: nan
CE loss (TEST): 0.0
Experiment 25517
Epoch 0890 [Test seq (cond on sampled tp)] | Loss 201.643219 | Likelihood -199.688019 | KL fp 5.1010 | FP STD 0.1601|
KL coef: 0.9998557980126173
Train loss (one batch): 195.15028381347656
Train CE loss (one batch): 0.0
Test MSE (raw): 0.0407
Test MSE (smoothed with alpha=0.01): 0.1293
New best smoothed test MSE: 0.1293. Saving best model to experiments/experiment_25517_best.ckpt
Test MSE group_0: 0.0332
Test MSE group_1: 0.0485
Test MSE group_2: nan
Test MSE group_3: nan
Poisson likelihood: 0.0
CE loss: 0.0
train MSE group_0: 0.0335
train MSE group_1: 0.0450
train MSE group_2: nan
train MSE group_3: nan
CE loss (TEST): 0.0
Experiment 25517
Epoch 0900 [Test seq (cond on sampled tp)] | Loss 200.099167 | Likelihood -198.707642 | KL fp 5.2302 | FP STD 0.1532|
KL coef: 0.9998695863074304
Train loss (one batch): 192.51715087890625
Train CE loss (one batch): 0.0
Test MSE (raw): 0.0405
Test MSE (smoothed with alpha=0.01): 0.1284
New best smoothed test MSE: 0.1284. Saving best model to experiments/experiment_25517_best.ckpt
Test MSE group_0: 0.0333
Test MSE group_1: 0.0479
Test MSE group_2: nan
Test MSE group_3: nan
Poisson likelihood: 0.0
CE loss: 0.0
train MSE group_0: 0.0331
train MSE group_1: 0.0443
train MSE group_2: nan
train MSE group_3: nan
CE loss (TEST): 0.0
Experiment 25517
Epoch 0910 [Test seq (cond on sampled tp)] | Loss 200.212814 | Likelihood -198.314819 | KL fp 5.2685 | FP STD 0.1460|
KL coef: 0.9998820561941043
Train loss (one batch): 191.66258239746094
Train CE loss (one batch): 0.0
Test MSE (raw): 0.0404
Test MSE (smoothed with alpha=0.01): 0.1275
New best smoothed test MSE: 0.1275. Saving best model to experiments/experiment_25517_best.ckpt
Test MSE group_0: 0.0331
Test MSE group_1: 0.0480
Test MSE group_2: nan
Test MSE group_3: nan
Poisson likelihood: 0.0
CE loss: 0.0
train MSE group_0: 0.0331
train MSE group_1: 0.0442
train MSE group_2: nan
train MSE group_3: nan
CE loss (TEST): 0.0
Experiment 25517
Epoch 0920 [Test seq (cond on sampled tp)] | Loss 200.366974 | Likelihood -198.367615 | KL fp 5.3527 | FP STD 0.1364|
KL coef: 0.9998933337360897
Train loss (one batch): 190.9111785888672
Train CE loss (one batch): 0.0
Test MSE (raw): 0.0404
Test MSE (smoothed with alpha=0.01): 0.1266
New best smoothed test MSE: 0.1266. Saving best model to experiments/experiment_25517_best.ckpt
Test MSE group_0: 0.0332
Test MSE group_1: 0.0479
Test MSE group_2: nan
Test MSE group_3: nan
Poisson likelihood: 0.0
CE loss: 0.0
train MSE group_0: 0.0323
train MSE group_1: 0.0443
train MSE group_2: nan
train MSE group_3: nan
CE loss (TEST): 0.0
Experiment 25517
Epoch 0930 [Test seq (cond on sampled tp)] | Loss 199.378082 | Likelihood -197.190659 | KL fp 5.3883 | FP STD 0.1293|
KL coef: 0.9999035329429113
Train loss (one batch): 190.22996520996094
Train CE loss (one batch): 0.0
Test MSE (raw): 0.0402
Test MSE (smoothed with alpha=0.01): 0.1258
New best smoothed test MSE: 0.1258. Saving best model to experiments/experiment_25517_best.ckpt
Test MSE group_0: 0.0329
Test MSE group_1: 0.0478
Test MSE group_2: nan
Test MSE group_3: nan
Poisson likelihood: 0.0
CE loss: 0.0
train MSE group_0: 0.0322
train MSE group_1: 0.0445
train MSE group_2: nan
train MSE group_3: nan
CE loss (TEST): 0.0
Experiment 25517
Epoch 0940 [Test seq (cond on sampled tp)] | Loss 199.301178 | Likelihood -197.450546 | KL fp 5.2732 | FP STD 0.1344|
KL coef: 0.9999127569227402
Train loss (one batch): 192.01504516601562
Train CE loss (one batch): 0.0
Test MSE (raw): 0.0402
Test MSE (smoothed with alpha=0.01): 0.1249
New best smoothed test MSE: 0.1249. Saving best model to experiments/experiment_25517_best.ckpt
Test MSE group_0: 0.0332
Test MSE group_1: 0.0475
Test MSE group_2: nan
Test MSE group_3: nan
Poisson likelihood: 0.0
CE loss: 0.0
train MSE group_0: 0.0337
train MSE group_1: 0.0433
train MSE group_2: nan
train MSE group_3: nan
CE loss (TEST): 0.0
Experiment 25517
Epoch 0950 [Test seq (cond on sampled tp)] | Loss 200.231873 | Likelihood -198.144547 | KL fp 5.2265 | FP STD 0.1388|
KL coef: 0.9999210989247576
Train loss (one batch): 190.10462951660156
Train CE loss (one batch): 0.0
Test MSE (raw): 0.0404
Test MSE (smoothed with alpha=0.01): 0.1241
New best smoothed test MSE: 0.1241. Saving best model to experiments/experiment_25517_best.ckpt
Test MSE group_0: 0.0335
Test MSE group_1: 0.0476
Test MSE group_2: nan
Test MSE group_3: nan
Poisson likelihood: 0.0
CE loss: 0.0
train MSE group_0: 0.0331
train MSE group_1: 0.0432
train MSE group_2: nan
train MSE group_3: nan
CE loss (TEST): 0.0
Experiment 25517
Epoch 0960 [Test seq (cond on sampled tp)] | Loss 199.384857 | Likelihood -197.110153 | KL fp 5.2593 | FP STD 0.1324|
KL coef: 0.9999286432818518
Train loss (one batch): 191.2258758544922
Train CE loss (one batch): 0.0
Test MSE (raw): 0.0402
Test MSE (smoothed with alpha=0.01): 0.1232
New best smoothed test MSE: 0.1232. Saving best model to experiments/experiment_25517_best.ckpt
Test MSE group_0: 0.0329
Test MSE group_1: 0.0477
Test MSE group_2: nan
Test MSE group_3: nan
Poisson likelihood: 0.0
CE loss: 0.0
train MSE group_0: 0.0325
train MSE group_1: 0.0446
train MSE group_2: nan
train MSE group_3: nan
CE loss (TEST): 0.0
Experiment 25517
Epoch 0970 [Test seq (cond on sampled tp)] | Loss 199.354431 | Likelihood -197.326111 | KL fp 5.3184 | FP STD 0.1245|
KL coef: 0.9999354662631753
Train loss (one batch): 191.49659729003906
Train CE loss (one batch): 0.0
Test MSE (raw): 0.0402
Test MSE (smoothed with alpha=0.01): 0.1224
New best smoothed test MSE: 0.1224. Saving best model to experiments/experiment_25517_best.ckpt
Test MSE group_0: 0.0329
Test MSE group_1: 0.0478
Test MSE group_2: nan
Test MSE group_3: nan
Poisson likelihood: 0.0
CE loss: 0.0
train MSE group_0: 0.0324
train MSE group_1: 0.0444
train MSE group_2: nan
train MSE group_3: nan
CE loss (TEST): 0.0
Experiment 25517
Epoch 0980 [Test seq (cond on sampled tp)] | Loss 199.404404 | Likelihood -196.889160 | KL fp 5.3167 | FP STD 0.1207|
KL coef: 0.9999416368451824
Train loss (one batch): 188.6452178955078
Train CE loss (one batch): 0.0
Test MSE (raw): 0.0401
Test MSE (smoothed with alpha=0.01): 0.1216
New best smoothed test MSE: 0.1216. Saving best model to experiments/experiment_25517_best.ckpt
Test MSE group_0: 0.0331
Test MSE group_1: 0.0475
Test MSE group_2: nan
Test MSE group_3: nan
Poisson likelihood: 0.0
CE loss: 0.0
train MSE group_0: 0.0323
train MSE group_1: 0.0435
train MSE group_2: nan
train MSE group_3: nan
CE loss (TEST): 0.0
Experiment 25517
Epoch 0990 [Test seq (cond on sampled tp)] | Loss 198.308289 | Likelihood -195.749847 | KL fp 5.4167 | FP STD 0.1144|
KL coef: 0.9999472174089421
Train loss (one batch): 188.95184326171875
Train CE loss (one batch): 0.0
Test MSE (raw): 0.0399
Test MSE (smoothed with alpha=0.01): 0.1208
New best smoothed test MSE: 0.1208. Saving best model to experiments/experiment_25517_best.ckpt
Test MSE group_0: 0.0328
Test MSE group_1: 0.0472
Test MSE group_2: nan
Test MSE group_3: nan
Poisson likelihood: 0.0
CE loss: 0.0
train MSE group_0: 0.0324
train MSE group_1: 0.0434
train MSE group_2: nan
train MSE group_3: nan
CE loss (TEST): 0.0
Experiment 25517
Epoch 1000 [Test seq (cond on sampled tp)] | Loss 198.226440 | Likelihood -195.689789 | KL fp 5.4001 | FP STD 0.1142|
KL coef: 0.9999522643707747
Train loss (one batch): 189.22695922851562
Train CE loss (one batch): 0.0
Test MSE (raw): 0.0399
Test MSE (smoothed with alpha=0.01): 0.1200
New best smoothed test MSE: 0.1200. Saving best model to experiments/experiment_25517_best.ckpt
Test MSE group_0: 0.0329
Test MSE group_1: 0.0472
Test MSE group_2: nan
Test MSE group_3: nan
Poisson likelihood: 0.0
CE loss: 0.0
train MSE group_0: 0.0325
train MSE group_1: 0.0436
train MSE group_2: nan
train MSE group_3: nan
CE loss (TEST): 0.0
Experiment 25517
Epoch 1010 [Test seq (cond on sampled tp)] | Loss 198.044968 | Likelihood -195.592072 | KL fp 5.4396 | FP STD 0.1098|
KL coef: 0.9999568287525893
Train loss (one batch): 188.39520263671875
Train CE loss (one batch): 0.0
Test MSE (raw): 0.0399
Test MSE (smoothed with alpha=0.01): 0.1192
New best smoothed test MSE: 0.1192. Saving best model to experiments/experiment_25517_best.ckpt
Test MSE group_0: 0.0327
Test MSE group_1: 0.0473
Test MSE group_2: nan
Test MSE group_3: nan
Poisson likelihood: 0.0
CE loss: 0.0
train MSE group_0: 0.0321
train MSE group_1: 0.0434
train MSE group_2: nan
train MSE group_3: nan
CE loss (TEST): 0.0
Experiment 25517
Epoch 1020 [Test seq (cond on sampled tp)] | Loss 197.749924 | Likelihood -195.024292 | KL fp 5.4834 | FP STD 0.1050|
KL coef: 0.999960956697686
Train loss (one batch): 187.39224243164062
Train CE loss (one batch): 0.0
Test MSE (raw): 0.0397
Test MSE (smoothed with alpha=0.01): 0.1184
New best smoothed test MSE: 0.1184. Saving best model to experiments/experiment_25517_best.ckpt
Test MSE group_0: 0.0326
Test MSE group_1: 0.0472
Test MSE group_2: nan
Test MSE group_3: nan
Poisson likelihood: 0.0
CE loss: 0.0
train MSE group_0: 0.0317
train MSE group_1: 0.0435
train MSE group_2: nan
train MSE group_3: nan
CE loss (TEST): 0.0
Experiment 25517
Epoch 1030 [Test seq (cond on sampled tp)] | Loss 198.957855 | Likelihood -196.319946 | KL fp 5.5187 | FP STD 0.1012|
KL coef: 0.9999646899372381
Train loss (one batch): 189.1126251220703
Train CE loss (one batch): 0.0
Test MSE (raw): 0.0400
Test MSE (smoothed with alpha=0.01): 0.1176
New best smoothed test MSE: 0.1176. Saving best model to experiments/experiment_25517_best.ckpt
Test MSE group_0: 0.0327
Test MSE group_1: 0.0476
Test MSE group_2: nan
Test MSE group_3: nan
Poisson likelihood: 0.0
CE loss: 0.0
train MSE group_0: 0.0322
train MSE group_1: 0.0436
train MSE group_2: nan
train MSE group_3: nan
CE loss (TEST): 0.0
Experiment 25517
Epoch 1040 [Test seq (cond on sampled tp)] | Loss 198.325851 | Likelihood -195.575363 | KL fp 5.5070 | FP STD 0.1006|
KL coef: 0.9999680662121707
Train loss (one batch): 188.34255981445312
Train CE loss (one batch): 0.0
Test MSE (raw): 0.0399
Test MSE (smoothed with alpha=0.01): 0.1168
New best smoothed test MSE: 0.1168. Saving best model to experiments/experiment_25517_best.ckpt
Test MSE group_0: 0.0325
Test MSE group_1: 0.0475
Test MSE group_2: nan
Test MSE group_3: nan
Poisson likelihood: 0.0
CE loss: 0.0
train MSE group_0: 0.0323
train MSE group_1: 0.0433
train MSE group_2: nan
train MSE group_3: nan
CE loss (TEST): 0.0
Experiment 25517
Epoch 1050 [Test seq (cond on sampled tp)] | Loss 197.712021 | Likelihood -194.825134 | KL fp 5.4671 | FP STD 0.1022|
KL coef: 0.9999711196547001
Train loss (one batch): 188.14097595214844
Train CE loss (one batch): 0.0
Test MSE (raw): 0.0397
Test MSE (smoothed with alpha=0.01): 0.1160
New best smoothed test MSE: 0.1160. Saving best model to experiments/experiment_25517_best.ckpt
Test MSE group_0: 0.0327
Test MSE group_1: 0.0470
Test MSE group_2: nan
Test MSE group_3: nan
Poisson likelihood: 0.0
CE loss: 0.0
train MSE group_0: 0.0324
train MSE group_1: 0.0432
train MSE group_2: nan
train MSE group_3: nan
CE loss (TEST): 0.0
Experiment 25517
Epoch 1060 [Test seq (cond on sampled tp)] | Loss 197.392181 | Likelihood -194.535446 | KL fp 5.4744 | FP STD 0.1029|
KL coef: 0.9999738811333907
Train loss (one batch): 188.14976501464844
Train CE loss (one batch): 0.0
Test MSE (raw): 0.0396
Test MSE (smoothed with alpha=0.01): 0.1153
New best smoothed test MSE: 0.1153. Saving best model to experiments/experiment_25517_best.ckpt
Test MSE group_0: 0.0327
Test MSE group_1: 0.0468
Test MSE group_2: nan
Test MSE group_3: nan
Poisson likelihood: 0.0
CE loss: 0.0
train MSE group_0: 0.0320
train MSE group_1: 0.0435
train MSE group_2: nan
train MSE group_3: nan
CE loss (TEST): 0.0
Experiment 25517
Epoch 1070 [Test seq (cond on sampled tp)] | Loss 197.619873 | Likelihood -194.718475 | KL fp 5.5019 | FP STD 0.0996|
KL coef: 0.9999763785652189
Train loss (one batch): 187.55397033691406
Train CE loss (one batch): 0.0
Test MSE (raw): 0.0397
Test MSE (smoothed with alpha=0.01): 0.1145
New best smoothed test MSE: 0.1145. Saving best model to experiments/experiment_25517_best.ckpt
Test MSE group_0: 0.0326
Test MSE group_1: 0.0471
Test MSE group_2: nan
Test MSE group_3: nan
Poisson likelihood: 0.0
CE loss: 0.0
train MSE group_0: 0.0319
train MSE group_1: 0.0435
train MSE group_2: nan
train MSE group_3: nan
CE loss (TEST): 0.0
Experiment 25517
Epoch 1080 [Test seq (cond on sampled tp)] | Loss 197.237305 | Likelihood -194.459396 | KL fp 5.4990 | FP STD 0.0970|
KL coef: 0.999978637197798
Train loss (one batch): 187.72515869140625
Train CE loss (one batch): 0.0
Test MSE (raw): 0.0396
Test MSE (smoothed with alpha=0.01): 0.1138
New best smoothed test MSE: 0.1138. Saving best model to experiments/experiment_25517_best.ckpt
Test MSE group_0: 0.0326
Test MSE group_1: 0.0469
Test MSE group_2: nan
Test MSE group_3: nan
Poisson likelihood: 0.0
CE loss: 0.0
train MSE group_0: 0.0319
train MSE group_1: 0.0436
train MSE group_2: nan
train MSE group_3: nan
CE loss (TEST): 0.0
Experiment 25517
Epoch 1090 [Test seq (cond on sampled tp)] | Loss 197.474533 | Likelihood -194.670303 | KL fp 5.5311 | FP STD 0.0940|
KL coef: 0.9999806798646166
Train loss (one batch): 187.28289794921875
Train CE loss (one batch): 0.0
Test MSE (raw): 0.0397
Test MSE (smoothed with alpha=0.01): 0.1130
New best smoothed test MSE: 0.1130. Saving best model to experiments/experiment_25517_best.ckpt
Test MSE group_0: 0.0327
Test MSE group_1: 0.0469
Test MSE group_2: nan
Test MSE group_3: nan
Poisson likelihood: 0.0
CE loss: 0.0
train MSE group_0: 0.0319
train MSE group_1: 0.0431
train MSE group_2: nan
train MSE group_3: nan
CE loss (TEST): 0.0
Experiment 25517
Epoch 1100 [Test seq (cond on sampled tp)] | Loss 197.535675 | Likelihood -194.588287 | KL fp 5.5576 | FP STD 0.0911|
KL coef: 0.9999825272158726
Train loss (one batch): 186.92620849609375
Train CE loss (one batch): 0.0
Test MSE (raw): 0.0397
Test MSE (smoothed with alpha=0.01): 0.1123
New best smoothed test MSE: 0.1123. Saving best model to experiments/experiment_25517_best.ckpt
Test MSE group_0: 0.0325
Test MSE group_1: 0.0471
Test MSE group_2: nan
Test MSE group_3: nan
Poisson likelihood: 0.0
CE loss: 0.0
train MSE group_0: 0.0317
train MSE group_1: 0.0433
train MSE group_2: nan
train MSE group_3: nan
CE loss (TEST): 0.0
Experiment 25517
Epoch 1110 [Test seq (cond on sampled tp)] | Loss 201.743301 | Likelihood -199.792450 | KL fp 5.3074 | FP STD 0.1263|
KL coef: 0.9999841979272346
Train loss (one batch): 190.48687744140625
Train CE loss (one batch): 0.0
Test MSE (raw): 0.0407
Test MSE (smoothed with alpha=0.01): 0.1116
New best smoothed test MSE: 0.1116. Saving best model to experiments/experiment_25517_best.ckpt
Test MSE group_0: 0.0334
Test MSE group_1: 0.0483
Test MSE group_2: nan
Test MSE group_3: nan
Poisson likelihood: 0.0
CE loss: 0.0
train MSE group_0: 0.0323
train MSE group_1: 0.0448
train MSE group_2: nan
train MSE group_3: nan
CE loss (TEST): 0.0
Experiment 25517
Epoch 1120 [Test seq (cond on sampled tp)] | Loss 203.530334 | Likelihood -201.883133 | KL fp 5.2370 | FP STD 0.1485|
KL coef: 0.999985708888643
Train loss (one batch): 192.98731994628906
Train CE loss (one batch): 0.0
Test MSE (raw): 0.0411
Test MSE (smoothed with alpha=0.01): 0.1109
New best smoothed test MSE: 0.1109. Saving best model to experiments/experiment_25517_best.ckpt
Test MSE group_0: 0.0341
Test MSE group_1: 0.0484
Test MSE group_2: nan
Test MSE group_3: nan
Poisson likelihood: 0.0
CE loss: 0.0
train MSE group_0: 0.0333
train MSE group_1: 0.0443
train MSE group_2: nan
train MSE group_3: nan
CE loss (TEST): 0.0
Experiment 25517
Epoch 1130 [Test seq (cond on sampled tp)] | Loss 203.292862 | Likelihood -202.174301 | KL fp 5.2116 | FP STD 0.1443|
KL coef: 0.9999870753750567
Train loss (one batch): 192.624267578125
Train CE loss (one batch): 0.0
Test MSE (raw): 0.0412
Test MSE (smoothed with alpha=0.01): 0.1102
New best smoothed test MSE: 0.1102. Saving best model to experiments/experiment_25517_best.ckpt
Test MSE group_0: 0.0339
Test MSE group_1: 0.0487
Test MSE group_2: nan
Test MSE group_3: nan
Poisson likelihood: 0.0
CE loss: 0.0
train MSE group_0: 0.0332
train MSE group_1: 0.0448
train MSE group_2: nan
train MSE group_3: nan
CE loss (TEST): 0.0
Experiment 25517
Epoch 1140 [Test seq (cond on sampled tp)] | Loss 202.293503 | Likelihood -200.783569 | KL fp 5.1815 | FP STD 0.1401|
KL coef: 0.9999883112008752
Train loss (one batch): 192.8990020751953
Train CE loss (one batch): 0.0
Test MSE (raw): 0.0409
Test MSE (smoothed with alpha=0.01): 0.1095
New best smoothed test MSE: 0.1095. Saving best model to experiments/experiment_25517_best.ckpt
Test MSE group_0: 0.0336
Test MSE group_1: 0.0485
Test MSE group_2: nan
Test MSE group_3: nan
Poisson likelihood: 0.0
CE loss: 0.0
train MSE group_0: 0.0335
train MSE group_1: 0.0446
train MSE group_2: nan
train MSE group_3: nan
CE loss (TEST): 0.0
Experiment 25517
Epoch 1150 [Test seq (cond on sampled tp)] | Loss 201.003555 | Likelihood -199.417267 | KL fp 5.2438 | FP STD 0.1393|
KL coef: 0.9999894288595931
Train loss (one batch): 196.2302703857422
Train CE loss (one batch): 0.0
Test MSE (raw): 0.0406
Test MSE (smoothed with alpha=0.01): 0.1088
New best smoothed test MSE: 0.1088. Saving best model to experiments/experiment_25517_best.ckpt
Test MSE group_0: 0.0339
Test MSE group_1: 0.0476
Test MSE group_2: nan
Test MSE group_3: nan
Poisson likelihood: 0.0
CE loss: 0.0
train MSE group_0: 0.0341
train MSE group_1: 0.0448
train MSE group_2: nan
train MSE group_3: nan
CE loss (TEST): 0.0
Experiment 25517
Epoch 1160 [Test seq (cond on sampled tp)] | Loss 199.417450 | Likelihood -198.006866 | KL fp 5.1409 | FP STD 0.1431|
KL coef: 0.9999904396501036
Train loss (one batch): 190.61978149414062
Train CE loss (one batch): 0.0
Test MSE (raw): 0.0403
Test MSE (smoothed with alpha=0.01): 0.1081
New best smoothed test MSE: 0.1081. Saving best model to experiments/experiment_25517_best.ckpt
Test MSE group_0: 0.0335
Test MSE group_1: 0.0475
Test MSE group_2: nan
Test MSE group_3: nan
Poisson likelihood: 0.0
CE loss: 0.0
train MSE group_0: 0.0328
train MSE group_1: 0.0440
train MSE group_2: nan
train MSE group_3: nan
CE loss (TEST): 0.0
Experiment 25517
Epoch 1170 [Test seq (cond on sampled tp)] | Loss 198.815826 | Likelihood -197.122375 | KL fp 5.1019 | FP STD 0.1406|
KL coef: 0.9999913537909229
Train loss (one batch): 189.45375061035156
Train CE loss (one batch): 0.0
Test MSE (raw): 0.0402
Test MSE (smoothed with alpha=0.01): 0.1074
New best smoothed test MSE: 0.1074. Saving best model to experiments/experiment_25517_best.ckpt
Test MSE group_0: 0.0333
Test MSE group_1: 0.0473
Test MSE group_2: nan
Test MSE group_3: nan
Poisson likelihood: 0.0
CE loss: 0.0
train MSE group_0: 0.0326
train MSE group_1: 0.0436
train MSE group_2: nan
train MSE group_3: nan
CE loss (TEST): 0.0
Experiment 25517
Epoch 1180 [Test seq (cond on sampled tp)] | Loss 198.559341 | Likelihood -196.313477 | KL fp 5.1996 | FP STD 0.1315|
KL coef: 0.9999921805234938
Train loss (one batch): 189.7717742919922
Train CE loss (one batch): 0.0
Test MSE (raw): 0.0400
Test MSE (smoothed with alpha=0.01): 0.1068
New best smoothed test MSE: 0.1068. Saving best model to experiments/experiment_25517_best.ckpt
Test MSE group_0: 0.0330
Test MSE group_1: 0.0473
Test MSE group_2: nan
Test MSE group_3: nan
Poisson likelihood: 0.0
CE loss: 0.0
train MSE group_0: 0.0325
train MSE group_1: 0.0440
train MSE group_2: nan
train MSE group_3: nan
CE loss (TEST): 0.0
Experiment 25517
Epoch 1190 [Test seq (cond on sampled tp)] | Loss 198.753754 | Likelihood -196.623428 | KL fp 5.3233 | FP STD 0.1211|
KL coef: 0.9999929282056119
Train loss (one batch): 188.1084442138672
Train CE loss (one batch): 0.0
Test MSE (raw): 0.0401
Test MSE (smoothed with alpha=0.01): 0.1061
New best smoothed test MSE: 0.1061. Saving best model to experiments/experiment_25517_best.ckpt
Test MSE group_0: 0.0329
Test MSE group_1: 0.0475
Test MSE group_2: nan
Test MSE group_3: nan
Poisson likelihood: 0.0
CE loss: 0.0
train MSE group_0: 0.0324
train MSE group_1: 0.0431
train MSE group_2: nan
train MSE group_3: nan
CE loss (TEST): 0.0
Experiment 25517
Epoch 1200 [Test seq (cond on sampled tp)] | Loss 198.360016 | Likelihood -196.386978 | KL fp 5.2340 | FP STD 0.1262|
KL coef: 0.9999936043959172
Train loss (one batch): 188.57138061523438
Train CE loss (one batch): 0.0
Test MSE (raw): 0.0400
Test MSE (smoothed with alpha=0.01): 0.1054
New best smoothed test MSE: 0.1054. Saving best model to experiments/experiment_25517_best.ckpt
Test MSE group_0: 0.0330
Test MSE group_1: 0.0473
Test MSE group_2: nan
Test MSE group_3: nan
Poisson likelihood: 0.0
CE loss: 0.0
train MSE group_0: 0.0326
train MSE group_1: 0.0434
train MSE group_2: nan
train MSE group_3: nan
CE loss (TEST): 0.0
Experiment 25517
Epoch 1210 [Test seq (cond on sampled tp)] | Loss 197.538757 | Likelihood -195.476196 | KL fp 5.2211 | FP STD 0.1250|
KL coef: 0.9999942159303087
Train loss (one batch): 188.14747619628906
Train CE loss (one batch): 0.0
Test MSE (raw): 0.0398
Test MSE (smoothed with alpha=0.01): 0.1048
New best smoothed test MSE: 0.1048. Saving best model to experiments/experiment_25517_best.ckpt
Test MSE group_0: 0.0330
Test MSE group_1: 0.0470
Test MSE group_2: nan
Test MSE group_3: nan
Poisson likelihood: 0.0
CE loss: 0.0
train MSE group_0: 0.0326
train MSE group_1: 0.0429
train MSE group_2: nan
train MSE group_3: nan
CE loss (TEST): 0.0
Experiment 25517
Epoch 1220 [Test seq (cond on sampled tp)] | Loss 197.672119 | Likelihood -195.310547 | KL fp 5.2012 | FP STD 0.1198|
KL coef: 0.9999947689910506
Train loss (one batch): 188.667724609375
Train CE loss (one batch): 0.0
Test MSE (raw): 0.0398
Test MSE (smoothed with alpha=0.01): 0.1041
New best smoothed test MSE: 0.1041. Saving best model to experiments/experiment_25517_best.ckpt
Test MSE group_0: 0.0329
Test MSE group_1: 0.0470
Test MSE group_2: nan
Test MSE group_3: nan
Poisson likelihood: 0.0
CE loss: 0.0
train MSE group_0: 0.0320
train MSE group_1: 0.0438
train MSE group_2: nan
train MSE group_3: nan
CE loss (TEST): 0.0
Experiment 25517
Epoch 1230 [Test seq (cond on sampled tp)] | Loss 197.080627 | Likelihood -194.647278 | KL fp 5.2376 | FP STD 0.1148|
KL coef: 0.999995269169272
Train loss (one batch): 188.2541961669922
Train CE loss (one batch): 0.0
Test MSE (raw): 0.0397
Test MSE (smoothed with alpha=0.01): 0.1035
New best smoothed test MSE: 0.1035. Saving best model to experiments/experiment_25517_best.ckpt
Test MSE group_0: 0.0328
Test MSE group_1: 0.0468
Test MSE group_2: nan
Test MSE group_3: nan
Poisson likelihood: 0.0
CE loss: 0.0
train MSE group_0: 0.0326
train MSE group_1: 0.0432
train MSE group_2: nan
train MSE group_3: nan
CE loss (TEST): 0.0
Experiment 25517
Epoch 1240 [Test seq (cond on sampled tp)] | Loss 197.273102 | Likelihood -194.860931 | KL fp 5.2826 | FP STD 0.1106|
KL coef: 0.9999957215214896
Train loss (one batch): 187.43446350097656
Train CE loss (one batch): 0.0
Test MSE (raw): 0.0397
Test MSE (smoothed with alpha=0.01): 0.1028
New best smoothed test MSE: 0.1028. Saving best model to experiments/experiment_25517_best.ckpt
Test MSE group_0: 0.0327
Test MSE group_1: 0.0470
Test MSE group_2: nan
Test MSE group_3: nan
Poisson likelihood: 0.0
CE loss: 0.0
train MSE group_0: 0.0320
train MSE group_1: 0.0433
train MSE group_2: nan
train MSE group_3: nan
CE loss (TEST): 0.0
Experiment 25517
Epoch 1250 [Test seq (cond on sampled tp)] | Loss 196.567169 | Likelihood -194.022964 | KL fp 5.2756 | FP STD 0.1099|
KL coef: 0.9999961306207269
Train loss (one batch): 187.07888793945312
Train CE loss (one batch): 0.0
Test MSE (raw): 0.0395
Test MSE (smoothed with alpha=0.01): 0.1022
New best smoothed test MSE: 0.1022. Saving best model to experiments/experiment_25517_best.ckpt
Test MSE group_0: 0.0327
Test MSE group_1: 0.0467
Test MSE group_2: nan
Test MSE group_3: nan
Poisson likelihood: 0.0
CE loss: 0.0
train MSE group_0: 0.0320
train MSE group_1: 0.0431
train MSE group_2: nan
train MSE group_3: nan
CE loss (TEST): 0.0
Experiment 25517
Epoch 1260 [Test seq (cond on sampled tp)] | Loss 197.014481 | Likelihood -194.576111 | KL fp 5.1980 | FP STD 0.1136|
KL coef: 0.999996500602744
Train loss (one batch): 187.39816284179688
Train CE loss (one batch): 0.0
Test MSE (raw): 0.0397
Test MSE (smoothed with alpha=0.01): 0.1016
New best smoothed test MSE: 0.1016. Saving best model to experiments/experiment_25517_best.ckpt
Test MSE group_0: 0.0330
Test MSE group_1: 0.0466
Test MSE group_2: nan
Test MSE group_3: nan
Poisson likelihood: 0.0
CE loss: 0.0
train MSE group_0: 0.0323
train MSE group_1: 0.0429
train MSE group_2: nan
train MSE group_3: nan
CE loss (TEST): 0.0
Experiment 25517
Epoch 1270 [Test seq (cond on sampled tp)] | Loss 197.502441 | Likelihood -195.444946 | KL fp 5.1227 | FP STD 0.1214|
KL coef: 0.9999968352078483
Train loss (one batch): 188.27883911132812
Train CE loss (one batch): 0.0
Test MSE (raw): 0.0398
Test MSE (smoothed with alpha=0.01): 0.1010
New best smoothed test MSE: 0.1010. Saving best model to experiments/experiment_25517_best.ckpt
Test MSE group_0: 0.0329
Test MSE group_1: 0.0471
Test MSE group_2: nan
Test MSE group_3: nan
Poisson likelihood: 0.0
CE loss: 0.0
train MSE group_0: 0.0321
train MSE group_1: 0.0435
train MSE group_2: nan
train MSE group_3: nan
CE loss (TEST): 0.0
Experiment 25517
Epoch 1280 [Test seq (cond on sampled tp)] | Loss 196.926315 | Likelihood -194.745331 | KL fp 5.1349 | FP STD 0.1185|
KL coef: 0.9999971378187069
Train loss (one batch): 188.2886199951172
Train CE loss (one batch): 0.0
Test MSE (raw): 0.0397
Test MSE (smoothed with alpha=0.01): 0.1004
New best smoothed test MSE: 0.1004. Saving best model to experiments/experiment_25517_best.ckpt
Test MSE group_0: 0.0329
Test MSE group_1: 0.0467
Test MSE group_2: nan
Test MSE group_3: nan
Poisson likelihood: 0.0
CE loss: 0.0
train MSE group_0: 0.0325
train MSE group_1: 0.0432
train MSE group_2: nan
train MSE group_3: nan
CE loss (TEST): 0.0
Experiment 25517
Epoch 1290 [Test seq (cond on sampled tp)] | Loss 196.196747 | Likelihood -193.849518 | KL fp 5.1660 | FP STD 0.1128|
KL coef: 0.9999974114945431
Train loss (one batch): 188.04580688476562
Train CE loss (one batch): 0.0
Test MSE (raw): 0.0395
Test MSE (smoothed with alpha=0.01): 0.0997
New best smoothed test MSE: 0.0997. Saving best model to experiments/experiment_25517_best.ckpt
Test MSE group_0: 0.0329
Test MSE group_1: 0.0464
Test MSE group_2: nan
Test MSE group_3: nan
Poisson likelihood: 0.0
CE loss: 0.0
train MSE group_0: 0.0325
train MSE group_1: 0.0430
train MSE group_2: nan
train MSE group_3: nan
CE loss (TEST): 0.0
Experiment 25517
Epoch 1300 [Test seq (cond on sampled tp)] | Loss 195.831757 | Likelihood -193.310913 | KL fp 5.2303 | FP STD 0.1068|
KL coef: 0.9999976590020637
Train loss (one batch): 186.5851287841797
Train CE loss (one batch): 0.0
Test MSE (raw): 0.0394
Test MSE (smoothed with alpha=0.01): 0.0991
New best smoothed test MSE: 0.0991. Saving best model to experiments/experiment_25517_best.ckpt
Test MSE group_0: 0.0328
Test MSE group_1: 0.0463
Test MSE group_2: nan
Test MSE group_3: nan
Poisson likelihood: 0.0
CE loss: 0.0
train MSE group_0: 0.0320
train MSE group_1: 0.0430
train MSE group_2: nan
train MSE group_3: nan
CE loss (TEST): 0.0
Experiment 25517
Epoch 1310 [Test seq (cond on sampled tp)] | Loss 195.883362 | Likelihood -193.229599 | KL fp 5.3014 | FP STD 0.1016|
KL coef: 0.9999978828434288
Train loss (one batch): 185.76907348632812
Train CE loss (one batch): 0.0
Test MSE (raw): 0.0394
Test MSE (smoothed with alpha=0.01): 0.0985
New best smoothed test MSE: 0.0985. Saving best model to experiments/experiment_25517_best.ckpt
Test MSE group_0: 0.0325
Test MSE group_1: 0.0465
Test MSE group_2: nan
Test MSE group_3: nan
Poisson likelihood: 0.0
CE loss: 0.0
train MSE group_0: 0.0318
train MSE group_1: 0.0429
train MSE group_2: nan
train MSE group_3: nan
CE loss (TEST): 0.0
Experiment 25517
Epoch 1320 [Test seq (cond on sampled tp)] | Loss 195.782272 | Likelihood -193.034286 | KL fp 5.3426 | FP STD 0.0989|
KL coef: 0.999998085281547
Train loss (one batch): 186.1675262451172
Train CE loss (one batch): 0.0
Test MSE (raw): 0.0393
Test MSE (smoothed with alpha=0.01): 0.0979
New best smoothed test MSE: 0.0979. Saving best model to experiments/experiment_25517_best.ckpt
Test MSE group_0: 0.0325
Test MSE group_1: 0.0465
Test MSE group_2: nan
Test MSE group_3: nan
Poisson likelihood: 0.0
CE loss: 0.0
train MSE group_0: 0.0319
train MSE group_1: 0.0428
train MSE group_2: nan
train MSE group_3: nan
CE loss (TEST): 0.0
