/Users/benjaminmaurel/Documents/Training_Sanofi/notebooks_hands_on/latent_ode/run_models.py
run_models.py --niters 3000 -n 200 -s 40 -l 10 --dataset PK_Tacro --latent-ode --noise-weight 0.01 --max-t 5. --seed 38 --experiment 31300
Experiment 31300
Epoch 1000 [Test seq (cond on sampled tp)] | Loss 284.194153 | Likelihood -281.950104 | KL fp 7.6348 | FP STD 0.2258|
KL coef: 0.9999522643707747
Train loss (one batch): 293.9364929199219
Train CE loss (one batch): 0.0
Test MSE (raw): 0.0571
Test MSE (smoothed with alpha=0.01): 0.0571
New best smoothed test MSE: 0.0571. Saving best model to experiments/experiment_31300_best.ckpt
Test MSE group_0: 0.0469
Test MSE group_1: 0.0668
Test MSE group_2: nan
Test MSE group_3: nan
Poisson likelihood: 0.0
CE loss: 0.0
train MSE group_0: 0.0519
train MSE group_1: 0.0659
train MSE group_2: nan
train MSE group_3: nan
CE loss (TEST): 0.0
Experiment 31300
Epoch 2000 [Test seq (cond on sampled tp)] | Loss 278.277100 | Likelihood -276.741547 | KL fp 7.4326 | FP STD 0.1710|
KL coef: 0.9999999979391934
Train loss (one batch): 290.9989013671875
Train CE loss (one batch): 0.0
Test MSE (raw): 0.0561
Test MSE (smoothed with alpha=0.01): 0.0571
New best smoothed test MSE: 0.0571. Saving best model to experiments/experiment_31300_best.ckpt
Test MSE group_0: 0.0475
Test MSE group_1: 0.0643
Test MSE group_2: nan
Test MSE group_3: nan
Poisson likelihood: 0.0
CE loss: 0.0
train MSE group_0: 0.0524
train MSE group_1: 0.0638
train MSE group_2: nan
train MSE group_3: nan
CE loss (TEST): 0.0
Experiment 31300
Epoch 3000 [Test seq (cond on sampled tp)] | Loss 250.763535 | Likelihood -246.282394 | KL fp 7.2828 | FP STD 0.1094|
KL coef: 0.9999999999999111
Train loss (one batch): 259.07318115234375
Train CE loss (one batch): 0.0
Test MSE (raw): 0.0500
Test MSE (smoothed with alpha=0.01): 0.0570
New best smoothed test MSE: 0.0570. Saving best model to experiments/experiment_31300_best.ckpt
Test MSE group_0: 0.0418
Test MSE group_1: 0.0578
Test MSE group_2: nan
Test MSE group_3: nan
Poisson likelihood: 0.0
CE loss: 0.0
train MSE group_0: 0.0458
train MSE group_1: 0.0571
train MSE group_2: nan
train MSE group_3: nan
CE loss (TEST): 0.0
