/Users/benjaminmaurel/Documents/Training_Sanofi/notebooks_hands_on/latent_ode/run_models.py
run_models.py --niters 3000 -n 200 -s 40 -l 10 --dataset PK_Tacro --latent-ode --noise-weight 0.01 --max-t 5. --seed 6 --experiment 34350
Experiment 34350
Epoch 1000 [Test seq (cond on sampled tp)] | Loss 246.368195 | Likelihood -242.274597 | KL fp 7.0273 | FP STD 0.2616|
KL coef: 0.9999522643707747
Train loss (one batch): 245.66439819335938
Train CE loss (one batch): 0.0
Test MSE (raw): 0.0492
Test MSE (smoothed with alpha=0.01): 0.0492
New best smoothed test MSE: 0.0492. Saving best model to experiments/experiment_34350_best.ckpt
Test MSE group_0: 0.0483
Test MSE group_1: 0.0502
Test MSE group_2: nan
Test MSE group_3: nan
Poisson likelihood: 0.0
CE loss: 0.0
train MSE group_0: 0.0458
train MSE group_1: 0.0514
train MSE group_2: nan
train MSE group_3: nan
CE loss (TEST): 0.0
Experiment 34350
Epoch 2000 [Test seq (cond on sampled tp)] | Loss 206.907959 | Likelihood -204.622025 | KL fp 6.4039 | FP STD 0.3593|
KL coef: 0.9999999979391934
Train loss (one batch): 212.63536071777344
Train CE loss (one batch): 0.0
Test MSE (raw): 0.0417
Test MSE (smoothed with alpha=0.01): 0.0491
New best smoothed test MSE: 0.0491. Saving best model to experiments/experiment_34350_best.ckpt
Test MSE group_0: 0.0387
Test MSE group_1: 0.0444
Test MSE group_2: nan
Test MSE group_3: nan
Poisson likelihood: 0.0
CE loss: 0.0
train MSE group_0: 0.0387
train MSE group_1: 0.0449
train MSE group_2: nan
train MSE group_3: nan
CE loss (TEST): 0.0
Experiment 34350
Epoch 3000 [Test seq (cond on sampled tp)] | Loss 194.341125 | Likelihood -190.614822 | KL fp 6.6215 | FP STD 0.2472|
KL coef: 0.9999999999999111
Train loss (one batch): 197.38096618652344
Train CE loss (one batch): 0.0
Test MSE (raw): 0.0389
Test MSE (smoothed with alpha=0.01): 0.0490
New best smoothed test MSE: 0.0490. Saving best model to experiments/experiment_34350_best.ckpt
Test MSE group_0: 0.0361
Test MSE group_1: 0.0414
Test MSE group_2: nan
Test MSE group_3: nan
Poisson likelihood: 0.0
CE loss: 0.0
train MSE group_0: 0.0363
train MSE group_1: 0.0413
train MSE group_2: nan
train MSE group_3: nan
CE loss (TEST): 0.0
