/Users/benjaminmaurel/Documents/Training_Sanofi/notebooks_hands_on/latent_ode/run_models.py
run_models.py --niters 3000 -n 200 -s 40 -l 10 --dataset PK_Tacro --latent-ode --noise-weight 0.01 --max-t 5. --seed 1 --experiment 12477
Experiment 12477
Epoch 1000 [Test seq (cond on sampled tp)] | Loss 211.960846 | Likelihood -209.700378 | KL fp 5.1574 | FP STD 0.1231|
KL coef: 0.9999522643707747
Train loss (one batch): 209.53372192382812
Train CE loss (one batch): 0.0
Test MSE (raw): 0.0427
Test MSE (smoothed with alpha=0.01): 0.0427
New best smoothed test MSE: 0.0427. Saving best model to experiments/experiment_12477_best.ckpt
Test MSE group_0: 0.0395
Test MSE group_1: 0.0455
Test MSE group_2: nan
Test MSE group_3: nan
Poisson likelihood: 0.0
CE loss: 0.0
train MSE group_0: 0.0393
train MSE group_1: 0.0441
train MSE group_2: nan
train MSE group_3: nan
CE loss (TEST): 0.0
Experiment 12477
Epoch 2000 [Test seq (cond on sampled tp)] | Loss 173.327606 | Likelihood -171.421432 | KL fp 4.8417 | FP STD 0.1538|
KL coef: 0.9999999979391934
Train loss (one batch): 160.39608764648438
Train CE loss (one batch): 0.0
Test MSE (raw): 0.0350
Test MSE (smoothed with alpha=0.01): 0.0426
New best smoothed test MSE: 0.0426. Saving best model to experiments/experiment_12477_best.ckpt
Test MSE group_0: 0.0332
Test MSE group_1: 0.0367
Test MSE group_2: nan
Test MSE group_3: nan
Poisson likelihood: 0.0
CE loss: 0.0
train MSE group_0: 0.0292
train MSE group_1: 0.0348
train MSE group_2: nan
train MSE group_3: nan
CE loss (TEST): 0.0
Experiment 12477
Epoch 3000 [Test seq (cond on sampled tp)] | Loss 167.581726 | Likelihood -165.180908 | KL fp 5.0612 | FP STD 0.1126|
KL coef: 0.9999999999999111
Train loss (one batch): 153.9297637939453
Train CE loss (one batch): 0.0
Test MSE (raw): 0.0338
Test MSE (smoothed with alpha=0.01): 0.0425
New best smoothed test MSE: 0.0425. Saving best model to experiments/experiment_12477_best.ckpt
Test MSE group_0: 0.0320
Test MSE group_1: 0.0354
Test MSE group_2: nan
Test MSE group_3: nan
Poisson likelihood: 0.0
CE loss: 0.0
train MSE group_0: 0.0282
train MSE group_1: 0.0329
train MSE group_2: nan
train MSE group_3: nan
CE loss (TEST): 0.0
