/Users/benjaminmaurel/Documents/Training_Sanofi/notebooks_hands_on/latent_ode/run_models.py
run_models.py --niters 3000 -n 200 -s 40 -l 10 --dataset PK_Tacro --latent-ode --noise-weight 0.01 --max-t 5. --seed 15 --experiment 18508
Experiment 18508
Epoch 1000 [Test seq (cond on sampled tp)] | Loss 222.548065 | Likelihood -221.922348 | KL fp 5.4129 | FP STD 0.1687|
KL coef: 0.9999522643707747
Train loss (one batch): 194.32546997070312
Train CE loss (one batch): 0.0
Test MSE (raw): 0.0451
Test MSE (smoothed with alpha=0.01): 0.0451
New best smoothed test MSE: 0.0451. Saving best model to experiments/experiment_18508_best.ckpt
Test MSE group_0: 0.0395
Test MSE group_1: 0.0506
Test MSE group_2: nan
Test MSE group_3: nan
Poisson likelihood: 0.0
CE loss: 0.0
train MSE group_0: 0.0354
train MSE group_1: 0.0433
train MSE group_2: nan
train MSE group_3: nan
CE loss (TEST): 0.0
Experiment 18508
Epoch 2000 [Test seq (cond on sampled tp)] | Loss 204.928482 | Likelihood -203.442780 | KL fp 5.0456 | FP STD 0.1472|
KL coef: 0.9999999979391934
Train loss (one batch): 173.43389892578125
Train CE loss (one batch): 0.0
Test MSE (raw): 0.0414
Test MSE (smoothed with alpha=0.01): 0.0451
New best smoothed test MSE: 0.0451. Saving best model to experiments/experiment_18508_best.ckpt
Test MSE group_0: 0.0378
Test MSE group_1: 0.0449
Test MSE group_2: nan
Test MSE group_3: nan
Poisson likelihood: 0.0
CE loss: 0.0
train MSE group_0: 0.0327
train MSE group_1: 0.0373
train MSE group_2: nan
train MSE group_3: nan
CE loss (TEST): 0.0
Experiment 18508
Epoch 3000 [Test seq (cond on sampled tp)] | Loss 189.858627 | Likelihood -187.353928 | KL fp 5.2003 | FP STD 0.0880|
KL coef: 0.9999999999999111
Train loss (one batch): 159.40391540527344
Train CE loss (one batch): 0.0
Test MSE (raw): 0.0382
Test MSE (smoothed with alpha=0.01): 0.0450
New best smoothed test MSE: 0.0450. Saving best model to experiments/experiment_18508_best.ckpt
Test MSE group_0: 0.0357
Test MSE group_1: 0.0406
Test MSE group_2: nan
Test MSE group_3: nan
Poisson likelihood: 0.0
CE loss: 0.0
train MSE group_0: 0.0303
train MSE group_1: 0.0338
train MSE group_2: nan
train MSE group_3: nan
CE loss (TEST): 0.0
