/Users/benjaminmaurel/Documents/Training_Sanofi/notebooks_hands_on/latent_ode/run_models.py
run_models.py --niters 3000 -n 200 -s 40 -l 10 --dataset PK_Tacro --latent-ode --noise-weight 0.01 --max-t 5. --seed 18 --experiment 11472
Experiment 11472
Epoch 1000 [Test seq (cond on sampled tp)] | Loss 234.988892 | Likelihood -232.523834 | KL fp 5.0578 | FP STD 0.0746|
KL coef: 0.9999522643707747
Train loss (one batch): 240.3501739501953
Train CE loss (one batch): 0.0
Test MSE (raw): 0.0472
Test MSE (smoothed with alpha=0.01): 0.0472
New best smoothed test MSE: 0.0472. Saving best model to experiments/experiment_11472_best.ckpt
Test MSE group_0: 0.0434
Test MSE group_1: 0.0507
Test MSE group_2: nan
Test MSE group_3: nan
Poisson likelihood: 0.0
CE loss: 0.0
train MSE group_0: 0.0443
train MSE group_1: 0.0519
train MSE group_2: nan
train MSE group_3: nan
CE loss (TEST): 0.0
Experiment 11472
Epoch 2000 [Test seq (cond on sampled tp)] | Loss 190.971771 | Likelihood -189.005157 | KL fp 5.0441 | FP STD 0.0570|
KL coef: 0.9999999979391934
Train loss (one batch): 202.09339904785156
Train CE loss (one batch): 0.0
Test MSE (raw): 0.0385
Test MSE (smoothed with alpha=0.01): 0.0472
New best smoothed test MSE: 0.0472. Saving best model to experiments/experiment_11472_best.ckpt
Test MSE group_0: 0.0355
Test MSE group_1: 0.0412
Test MSE group_2: nan
Test MSE group_3: nan
Poisson likelihood: 0.0
CE loss: 0.0
train MSE group_0: 0.0367
train MSE group_1: 0.0441
train MSE group_2: nan
train MSE group_3: nan
CE loss (TEST): 0.0
Experiment 11472
Epoch 3000 [Test seq (cond on sampled tp)] | Loss 177.686111 | Likelihood -176.644913 | KL fp 4.4951 | FP STD 0.1158|
KL coef: 0.9999999999999111
Train loss (one batch): 188.69314575195312
Train CE loss (one batch): 0.0
Test MSE (raw): 0.0361
Test MSE (smoothed with alpha=0.01): 0.0470
New best smoothed test MSE: 0.0470. Saving best model to experiments/experiment_11472_best.ckpt
Test MSE group_0: 0.0344
Test MSE group_1: 0.0375
Test MSE group_2: nan
Test MSE group_3: nan
Poisson likelihood: 0.0
CE loss: 0.0
train MSE group_0: 0.0352
train MSE group_1: 0.0404
train MSE group_2: nan
train MSE group_3: nan
CE loss (TEST): 0.0
