/Users/benjaminmaurel/Documents/Training_Sanofi/notebooks_hands_on/latent_ode/run_models.py
run_models.py --niters 3000 -n 200 -s 40 -l 10 --dataset PK_Tacro --latent-ode --noise-weight 0.01 --max-t 5. --seed 40 --experiment 41502
Experiment 41502
Epoch 1000 [Test seq (cond on sampled tp)] | Loss 202.695663 | Likelihood -201.369171 | KL fp 4.4086 | FP STD 0.0877|
KL coef: 0.9999522643707747
Train loss (one batch): 218.90248107910156
Train CE loss (one batch): 0.0
Test MSE (raw): 0.0410
Test MSE (smoothed with alpha=0.01): 0.0410
New best smoothed test MSE: 0.0410. Saving best model to experiments/experiment_41502_best.ckpt
Test MSE group_0: 0.0368
Test MSE group_1: 0.0449
Test MSE group_2: nan
Test MSE group_3: nan
Poisson likelihood: 0.0
CE loss: 0.0
train MSE group_0: 0.0407
train MSE group_1: 0.0480
train MSE group_2: nan
train MSE group_3: nan
CE loss (TEST): 0.0
Experiment 41502
Epoch 2000 [Test seq (cond on sampled tp)] | Loss 192.534378 | Likelihood -191.031769 | KL fp 4.2383 | FP STD 0.0699|
KL coef: 0.9999999979391934
Train loss (one batch): 205.44973754882812
Train CE loss (one batch): 0.0
Test MSE (raw): 0.0389
Test MSE (smoothed with alpha=0.01): 0.0410
New best smoothed test MSE: 0.0410. Saving best model to experiments/experiment_41502_best.ckpt
Test MSE group_0: 0.0360
Test MSE group_1: 0.0416
Test MSE group_2: nan
Test MSE group_3: nan
Poisson likelihood: 0.0
CE loss: 0.0
train MSE group_0: 0.0397
train MSE group_1: 0.0433
train MSE group_2: nan
train MSE group_3: nan
CE loss (TEST): 0.0
Experiment 41502
Epoch 3000 [Test seq (cond on sampled tp)] | Loss 182.955032 | Likelihood -181.546478 | KL fp 4.2387 | FP STD 0.0736|
KL coef: 0.9999999999999111
Train loss (one batch): 192.8739471435547
Train CE loss (one batch): 0.0
Test MSE (raw): 0.0370
Test MSE (smoothed with alpha=0.01): 0.0410
New best smoothed test MSE: 0.0410. Saving best model to experiments/experiment_41502_best.ckpt
Test MSE group_0: 0.0347
Test MSE group_1: 0.0392
Test MSE group_2: nan
Test MSE group_3: nan
Poisson likelihood: 0.0
CE loss: 0.0
train MSE group_0: 0.0377
train MSE group_1: 0.0404
train MSE group_2: nan
train MSE group_3: nan
CE loss (TEST): 0.0
