/Users/benjaminmaurel/Documents/Training_Sanofi/notebooks_hands_on/latent_ode/run_models.py
run_models.py --niters 3000 -n 200 -s 40 -l 10 --dataset PK_Tacro --latent-ode --noise-weight 0.01 --max-t 5. --seed 8 --experiment 36017
Experiment 36017
Epoch 1000 [Test seq (cond on sampled tp)] | Loss 168.466049 | Likelihood -169.591370 | KL fp 4.7145 | FP STD 0.0801|
KL coef: 0.9999522643707747
Train loss (one batch): 162.65289306640625
Train CE loss (one batch): 0.0
Test MSE (raw): 0.0347
Test MSE (smoothed with alpha=0.01): 0.0347
New best smoothed test MSE: 0.0347. Saving best model to experiments/experiment_36017_best.ckpt
Test MSE group_0: 0.0306
Test MSE group_1: 0.0384
Test MSE group_2: nan
Test MSE group_3: nan
Poisson likelihood: 0.0
CE loss: 0.0
train MSE group_0: 0.0300
train MSE group_1: 0.0358
train MSE group_2: nan
train MSE group_3: nan
CE loss (TEST): 0.0
Experiment 36017
Epoch 2000 [Test seq (cond on sampled tp)] | Loss 160.168503 | Likelihood -157.972961 | KL fp 4.8034 | FP STD 0.0845|
KL coef: 0.9999999979391934
Train loss (one batch): 150.74835205078125
Train CE loss (one batch): 0.0
Test MSE (raw): 0.0323
Test MSE (smoothed with alpha=0.01): 0.0346
New best smoothed test MSE: 0.0346. Saving best model to experiments/experiment_36017_best.ckpt
Test MSE group_0: 0.0293
Test MSE group_1: 0.0351
Test MSE group_2: nan
Test MSE group_3: nan
Poisson likelihood: 0.0
CE loss: 0.0
train MSE group_0: 0.0285
train MSE group_1: 0.0322
train MSE group_2: nan
train MSE group_3: nan
CE loss (TEST): 0.0
Experiment 36017
Epoch 3000 [Test seq (cond on sampled tp)] | Loss 159.176712 | Likelihood -157.372772 | KL fp 4.7169 | FP STD 0.0945|
KL coef: 0.9999999999999111
Train loss (one batch): 146.2324676513672
Train CE loss (one batch): 0.0
Test MSE (raw): 0.0322
Test MSE (smoothed with alpha=0.01): 0.0346
New best smoothed test MSE: 0.0346. Saving best model to experiments/experiment_36017_best.ckpt
Test MSE group_0: 0.0291
Test MSE group_1: 0.0350
Test MSE group_2: nan
Test MSE group_3: nan
Poisson likelihood: 0.0
CE loss: 0.0
train MSE group_0: 0.0280
train MSE group_1: 0.0310
train MSE group_2: nan
train MSE group_3: nan
CE loss (TEST): 0.0
