/Users/benjaminmaurel/Documents/Training_Sanofi/notebooks_hands_on/latent_ode/run_models.py
run_models.py --niters 3000 -n 200 -s 40 -l 10 --dataset PK_Tacro --latent-ode --noise-weight 0.01 --max-t 5. --seed 12 --experiment 20011
Experiment 20011
Epoch 1000 [Test seq (cond on sampled tp)] | Loss 275.483459 | Likelihood -279.403687 | KL fp 4.7882 | FP STD 0.2660|
KL coef: 0.9999522643707747
Train loss (one batch): 265.23272705078125
Train CE loss (one batch): 0.0
Test MSE (raw): 0.0566
Test MSE (smoothed with alpha=0.01): 0.0566
New best smoothed test MSE: 0.0566. Saving best model to experiments/experiment_20011_best.ckpt
Test MSE group_0: 0.0550
Test MSE group_1: 0.0582
Test MSE group_2: nan
Test MSE group_3: nan
Poisson likelihood: 0.0
CE loss: 0.0
train MSE group_0: 0.0551
train MSE group_1: 0.0527
train MSE group_2: nan
train MSE group_3: nan
CE loss (TEST): 0.0
Experiment 20011
Epoch 2000 [Test seq (cond on sampled tp)] | Loss 185.330109 | Likelihood -184.495667 | KL fp 4.8256 | FP STD 0.2140|
KL coef: 0.9999999979391934
Train loss (one batch): 163.64234924316406
Train CE loss (one batch): 0.0
Test MSE (raw): 0.0376
Test MSE (smoothed with alpha=0.01): 0.0564
New best smoothed test MSE: 0.0564. Saving best model to experiments/experiment_20011_best.ckpt
Test MSE group_0: 0.0339
Test MSE group_1: 0.0412
Test MSE group_2: nan
Test MSE group_3: nan
Poisson likelihood: 0.0
CE loss: 0.0
train MSE group_0: 0.0313
train MSE group_1: 0.0343
train MSE group_2: nan
train MSE group_3: nan
CE loss (TEST): 0.0
Experiment 20011
Epoch 3000 [Test seq (cond on sampled tp)] | Loss 166.028381 | Likelihood -164.275818 | KL fp 4.9415 | FP STD 0.1605|
KL coef: 0.9999999999999111
Train loss (one batch): 138.39878845214844
Train CE loss (one batch): 0.0
Test MSE (raw): 0.0336
Test MSE (smoothed with alpha=0.01): 0.0562
New best smoothed test MSE: 0.0562. Saving best model to experiments/experiment_20011_best.ckpt
Test MSE group_0: 0.0304
Test MSE group_1: 0.0366
Test MSE group_2: nan
Test MSE group_3: nan
Poisson likelihood: 0.0
CE loss: 0.0
train MSE group_0: 0.0270
train MSE group_1: 0.0284
train MSE group_2: nan
train MSE group_3: nan
CE loss (TEST): 0.0
