/Users/benjaminmaurel/Documents/Training_Sanofi/notebooks_hands_on/latent_ode/run_models.py
run_models.py --niters 3000 -n 200 -s 40 -l 10 --dataset PK_Tacro --latent-ode --noise-weight 0.01 --max-t 5. --seed 6 --experiment 41102
Experiment 41102
Epoch 1000 [Test seq (cond on sampled tp)] | Loss 255.668320 | Likelihood -256.210236 | KL fp 7.3831 | FP STD 0.4328|
KL coef: 0.9999522643707747
Train loss (one batch): 265.5240783691406
Train CE loss (one batch): 0.0
Test MSE (raw): 0.0520
Test MSE (smoothed with alpha=0.01): 0.0520
New best smoothed test MSE: 0.0520. Saving best model to experiments/experiment_41102_best.ckpt
Test MSE group_0: 0.0431
Test MSE group_1: 0.0625
Test MSE group_2: nan
Test MSE group_3: nan
Poisson likelihood: 0.0
CE loss: 0.0
train MSE group_0: 0.0425
train MSE group_1: 0.0615
train MSE group_2: nan
train MSE group_3: nan
CE loss (TEST): 0.0
Experiment 41102
Epoch 2000 [Test seq (cond on sampled tp)] | Loss 211.936493 | Likelihood -208.611099 | KL fp 7.1839 | FP STD 0.3611|
KL coef: 0.9999999979391934
Train loss (one batch): 206.1302490234375
Train CE loss (one batch): 0.0
Test MSE (raw): 0.0425
Test MSE (smoothed with alpha=0.01): 0.0519
New best smoothed test MSE: 0.0519. Saving best model to experiments/experiment_41102_best.ckpt
Test MSE group_0: 0.0397
Test MSE group_1: 0.0457
Test MSE group_2: nan
Test MSE group_3: nan
Poisson likelihood: 0.0
CE loss: 0.0
train MSE group_0: 0.0392
train MSE group_1: 0.0427
train MSE group_2: nan
train MSE group_3: nan
CE loss (TEST): 0.0
Experiment 41102
Epoch 3000 [Test seq (cond on sampled tp)] | Loss 186.453552 | Likelihood -182.151077 | KL fp 7.3244 | FP STD 0.3197|
KL coef: 0.9999999999999111
Train loss (one batch): 181.50083923339844
Train CE loss (one batch): 0.0
Test MSE (raw): 0.0372
Test MSE (smoothed with alpha=0.01): 0.0517
New best smoothed test MSE: 0.0517. Saving best model to experiments/experiment_41102_best.ckpt
Test MSE group_0: 0.0351
Test MSE group_1: 0.0395
Test MSE group_2: nan
Test MSE group_3: nan
Poisson likelihood: 0.0
CE loss: 0.0
train MSE group_0: 0.0355
train MSE group_1: 0.0361
train MSE group_2: nan
train MSE group_3: nan
CE loss (TEST): 0.0
