/Users/benjaminmaurel/Documents/Training_Sanofi/notebooks_hands_on/latent_ode/run_models.py
run_models.py --niters 3000 -n 200 -s 40 -l 10 --dataset PK_Tacro --latent-ode --noise-weight 0.01 --max-t 5. --seed 4 --experiment 34452
Experiment 34452
Epoch 1000 [Test seq (cond on sampled tp)] | Loss 219.291870 | Likelihood -219.491730 | KL fp 4.6153 | FP STD 0.1170|
KL coef: 0.9999522643707747
Train loss (one batch): 234.92247009277344
Train CE loss (one batch): 0.0
Test MSE (raw): 0.0446
Test MSE (smoothed with alpha=0.01): 0.0446
New best smoothed test MSE: 0.0446. Saving best model to experiments/experiment_34452_best.ckpt
Test MSE group_0: 0.0387
Test MSE group_1: 0.0503
Test MSE group_2: nan
Test MSE group_3: nan
Poisson likelihood: 0.0
CE loss: 0.0
train MSE group_0: 0.0462
train MSE group_1: 0.0482
train MSE group_2: nan
train MSE group_3: nan
CE loss (TEST): 0.0
Experiment 34452
Epoch 2000 [Test seq (cond on sampled tp)] | Loss 191.912949 | Likelihood -191.813965 | KL fp 5.0876 | FP STD 0.0799|
KL coef: 0.9999999979391934
Train loss (one batch): 204.94168090820312
Train CE loss (one batch): 0.0
Test MSE (raw): 0.0391
Test MSE (smoothed with alpha=0.01): 0.0446
New best smoothed test MSE: 0.0446. Saving best model to experiments/experiment_34452_best.ckpt
Test MSE group_0: 0.0349
Test MSE group_1: 0.0430
Test MSE group_2: nan
Test MSE group_3: nan
Poisson likelihood: 0.0
CE loss: 0.0
train MSE group_0: 0.0438
train MSE group_1: 0.0382
train MSE group_2: nan
train MSE group_3: nan
CE loss (TEST): 0.0
Experiment 34452
Epoch 3000 [Test seq (cond on sampled tp)] | Loss 181.223495 | Likelihood -182.662140 | KL fp 5.0261 | FP STD 0.0986|
KL coef: 0.9999999999999111
Train loss (one batch): 186.59410095214844
Train CE loss (one batch): 0.0
Test MSE (raw): 0.0373
Test MSE (smoothed with alpha=0.01): 0.0445
New best smoothed test MSE: 0.0445. Saving best model to experiments/experiment_34452_best.ckpt
Test MSE group_0: 0.0339
Test MSE group_1: 0.0402
Test MSE group_2: nan
Test MSE group_3: nan
Poisson likelihood: 0.0
CE loss: 0.0
train MSE group_0: 0.0408
train MSE group_1: 0.0338
train MSE group_2: nan
train MSE group_3: nan
CE loss (TEST): 0.0
