/Users/benjaminmaurel/Documents/Training_Sanofi/notebooks_hands_on/latent_ode/run_models.py
run_models.py --niters 3000 -n 200 -s 40 -l 10 --dataset PK_Tacro --latent-ode --noise-weight 0.01 --max-t 5. --seed 20 --experiment 37438
Experiment 37438
Epoch 1000 [Test seq (cond on sampled tp)] | Loss 170.293457 | Likelihood -168.261475 | KL fp 5.3849 | FP STD 0.1563|
KL coef: 0.9999522643707747
Train loss (one batch): 170.2549591064453
Train CE loss (one batch): 0.0
Test MSE (raw): 0.0344
Test MSE (smoothed with alpha=0.01): 0.0344
New best smoothed test MSE: 0.0344. Saving best model to experiments/experiment_37438_best.ckpt
Test MSE group_0: 0.0311
Test MSE group_1: 0.0374
Test MSE group_2: nan
Test MSE group_3: nan
Poisson likelihood: 0.0
CE loss: 0.0
train MSE group_0: 0.0319
train MSE group_1: 0.0369
train MSE group_2: nan
train MSE group_3: nan
CE loss (TEST): 0.0
Experiment 37438
Epoch 2000 [Test seq (cond on sampled tp)] | Loss 163.250122 | Likelihood -160.559845 | KL fp 5.6393 | FP STD 0.2734|
KL coef: 0.9999999979391934
Train loss (one batch): 161.42369079589844
Train CE loss (one batch): 0.0
Test MSE (raw): 0.0328
Test MSE (smoothed with alpha=0.01): 0.0344
New best smoothed test MSE: 0.0344. Saving best model to experiments/experiment_37438_best.ckpt
Test MSE group_0: 0.0300
Test MSE group_1: 0.0355
Test MSE group_2: nan
Test MSE group_3: nan
Poisson likelihood: 0.0
CE loss: 0.0
train MSE group_0: 0.0301
train MSE group_1: 0.0351
train MSE group_2: nan
train MSE group_3: nan
CE loss (TEST): 0.0
Experiment 37438
Epoch 3000 [Test seq (cond on sampled tp)] | Loss 152.752319 | Likelihood -150.263428 | KL fp 5.5727 | FP STD 0.2306|
KL coef: 0.9999999999999111
Train loss (one batch): 150.18516540527344
Train CE loss (one batch): 0.0
Test MSE (raw): 0.0308
Test MSE (smoothed with alpha=0.01): 0.0343
New best smoothed test MSE: 0.0343. Saving best model to experiments/experiment_37438_best.ckpt
Test MSE group_0: 0.0284
Test MSE group_1: 0.0330
Test MSE group_2: nan
Test MSE group_3: nan
Poisson likelihood: 0.0
CE loss: 0.0
train MSE group_0: 0.0287
train MSE group_1: 0.0317
train MSE group_2: nan
train MSE group_3: nan
CE loss (TEST): 0.0
