/Users/benjaminmaurel/Documents/Training_Sanofi/notebooks_hands_on/latent_ode/run_models.py
run_models.py --niters 10 -n 200 -s 40 -l 10 --dataset PK_Tacro --latent-ode --noise-weight 0.01 --max-t 5. --seed 50 --experiment 23976
Experiment 23976
Epoch 0010 [Test seq (cond on sampled tp)] | Loss 1257.823364 | Likelihood -1587.747314 | KL fp 2.8835 | FP STD 0.5253|
KL coef: 0.0
Train loss (one batch): 2719.7666015625
Train CE loss (one batch): 0.0
Test MSE (raw): 0.3183
Test MSE (smoothed with alpha=0.01): 0.3183
New best smoothed test MSE: 0.3183. Saving best model to experiments/experiment_23976_best.ckpt
Test MSE group_0: 0.1690
Test MSE group_1: 0.5250
Test MSE group_2: nan
Test MSE group_3: nan
Poisson likelihood: 0.0
CE loss: 0.0
train MSE group_0: 0.5254
train MSE group_1: 0.6276
train MSE group_2: nan
train MSE group_3: nan
CE loss (TEST): 0.0
