/Users/benjaminmaurel/Documents/Training_Sanofi/notebooks_hands_on/latent_ode/run_models.py
run_models.py --niters 3000 -n 200 -s 40 -l 10 --dataset PK_Tacro --latent-ode --noise-weight 0.01 --max-t 5. --seed 12 --experiment 39060
Experiment 39060
Epoch 1000 [Test seq (cond on sampled tp)] | Loss 196.242523 | Likelihood -195.509583 | KL fp 6.9842 | FP STD 0.1099|
KL coef: 0.9999522643707747
Train loss (one batch): 202.85386657714844
Train CE loss (one batch): 0.0
Test MSE (raw): 0.0398
Test MSE (smoothed with alpha=0.01): 0.0398
New best smoothed test MSE: 0.0398. Saving best model to experiments/experiment_39060_best.ckpt
Test MSE group_0: 0.0337
Test MSE group_1: 0.0466
Test MSE group_2: nan
Test MSE group_3: nan
Poisson likelihood: 0.0
CE loss: 0.0
train MSE group_0: 0.0356
train MSE group_1: 0.0464
train MSE group_2: nan
train MSE group_3: nan
CE loss (TEST): 0.0
Experiment 39060
Epoch 2000 [Test seq (cond on sampled tp)] | Loss 167.014740 | Likelihood -163.058258 | KL fp 6.9609 | FP STD 0.0737|
KL coef: 0.9999999979391934
Train loss (one batch): 168.2925262451172
Train CE loss (one batch): 0.0
Test MSE (raw): 0.0333
Test MSE (smoothed with alpha=0.01): 0.0398
New best smoothed test MSE: 0.0398. Saving best model to experiments/experiment_39060_best.ckpt
Test MSE group_0: 0.0301
Test MSE group_1: 0.0370
Test MSE group_2: nan
Test MSE group_3: nan
Poisson likelihood: 0.0
CE loss: 0.0
train MSE group_0: 0.0310
train MSE group_1: 0.0359
train MSE group_2: nan
train MSE group_3: nan
CE loss (TEST): 0.0
Experiment 39060
Epoch 3000 [Test seq (cond on sampled tp)] | Loss 155.373764 | Likelihood -152.420883 | KL fp 6.1984 | FP STD 0.0763|
KL coef: 0.9999999999999111
Train loss (one batch): 156.41494750976562
Train CE loss (one batch): 0.0
Test MSE (raw): 0.0312
Test MSE (smoothed with alpha=0.01): 0.0397
New best smoothed test MSE: 0.0397. Saving best model to experiments/experiment_39060_best.ckpt
Test MSE group_0: 0.0290
Test MSE group_1: 0.0337
Test MSE group_2: nan
Test MSE group_3: nan
Poisson likelihood: 0.0
CE loss: 0.0
train MSE group_0: 0.0296
train MSE group_1: 0.0326
train MSE group_2: nan
train MSE group_3: nan
CE loss (TEST): 0.0
