/Users/benjaminmaurel/Documents/Training_Sanofi/notebooks_hands_on/latent_ode/run_models.py
run_models.py --niters 3000 -n 200 -s 40 -l 10 --dataset PK_Tacro --latent-ode --noise-weight 0.01 --max-t 5. --seed 2 --experiment 18144
Experiment 18144
Epoch 1000 [Test seq (cond on sampled tp)] | Loss 175.805756 | Likelihood -172.948883 | KL fp 5.7847 | FP STD 0.1616|
KL coef: 0.9999522643707747
Train loss (one batch): 172.87750244140625
Train CE loss (one batch): 0.0
Test MSE (raw): 0.0353
Test MSE (smoothed with alpha=0.01): 0.0353
New best smoothed test MSE: 0.0353. Saving best model to experiments/experiment_18144_best.ckpt
Test MSE group_0: 0.0315
Test MSE group_1: 0.0396
Test MSE group_2: nan
Test MSE group_3: nan
Poisson likelihood: 0.0
CE loss: 0.0
train MSE group_0: 0.0295
train MSE group_1: 0.0392
train MSE group_2: nan
train MSE group_3: nan
CE loss (TEST): 0.0
Experiment 18144
Epoch 2000 [Test seq (cond on sampled tp)] | Loss 171.533157 | Likelihood -168.920929 | KL fp 5.7706 | FP STD 0.1944|
KL coef: 0.9999999979391934
Train loss (one batch): 172.15965270996094
Train CE loss (one batch): 0.0
Test MSE (raw): 0.0345
Test MSE (smoothed with alpha=0.01): 0.0353
New best smoothed test MSE: 0.0353. Saving best model to experiments/experiment_18144_best.ckpt
Test MSE group_0: 0.0315
Test MSE group_1: 0.0379
Test MSE group_2: nan
Test MSE group_3: nan
Poisson likelihood: 0.0
CE loss: 0.0
train MSE group_0: 0.0296
train MSE group_1: 0.0389
train MSE group_2: nan
train MSE group_3: nan
CE loss (TEST): 0.0
Experiment 18144
Epoch 3000 [Test seq (cond on sampled tp)] | Loss 156.929443 | Likelihood -154.355927 | KL fp 5.4924 | FP STD 0.1910|
KL coef: 0.9999999999999111
Train loss (one batch): 155.30804443359375
Train CE loss (one batch): 0.0
Test MSE (raw): 0.0316
Test MSE (smoothed with alpha=0.01): 0.0353
New best smoothed test MSE: 0.0353. Saving best model to experiments/experiment_18144_best.ckpt
Test MSE group_0: 0.0296
Test MSE group_1: 0.0338
Test MSE group_2: nan
Test MSE group_3: nan
Poisson likelihood: 0.0
CE loss: 0.0
train MSE group_0: 0.0277
train MSE group_1: 0.0342
train MSE group_2: nan
train MSE group_3: nan
CE loss (TEST): 0.0
