/Users/benjaminmaurel/Documents/Training_Sanofi/notebooks_hands_on/latent_ode/run_models.py
run_models.py --niters 3000 -n 200 -s 40 -l 10 --dataset PK_Tacro --latent-ode --noise-weight 0.01 --max-t 5. --seed 180 --experiment 41220
Experiment 41220
Epoch 1000 [Test seq (cond on sampled tp)] | Loss 196.667953 | Likelihood -193.937119 | KL fp 6.4100 | FP STD 0.3517|
KL coef: 0.9999522643707747
Train loss (one batch): 216.0102081298828
Train CE loss (one batch): 0.0
Test MSE (raw): 0.0395
Test MSE (smoothed with alpha=0.01): 0.0395
New best smoothed test MSE: 0.0395. Saving best model to experiments/experiment_41220_best.ckpt
Test MSE group_0: 0.0368
Test MSE group_1: 0.0422
Test MSE group_2: nan
Test MSE group_3: nan
Poisson likelihood: 0.0
CE loss: 0.0
train MSE group_0: 0.0417
train MSE group_1: 0.0444
train MSE group_2: nan
train MSE group_3: nan
CE loss (TEST): 0.0
Experiment 41220
Epoch 2000 [Test seq (cond on sampled tp)] | Loss 153.830307 | Likelihood -151.325394 | KL fp 5.7730 | FP STD 0.3282|
KL coef: 0.9999999979391934
Train loss (one batch): 172.12120056152344
Train CE loss (one batch): 0.0
Test MSE (raw): 0.0310
Test MSE (smoothed with alpha=0.01): 0.0394
New best smoothed test MSE: 0.0394. Saving best model to experiments/experiment_41220_best.ckpt
Test MSE group_0: 0.0284
Test MSE group_1: 0.0335
Test MSE group_2: nan
Test MSE group_3: nan
Poisson likelihood: 0.0
CE loss: 0.0
train MSE group_0: 0.0332
train MSE group_1: 0.0355
train MSE group_2: nan
train MSE group_3: nan
CE loss (TEST): 0.0
Experiment 41220
Epoch 3000 [Test seq (cond on sampled tp)] | Loss 143.547806 | Likelihood -140.578568 | KL fp 5.6323 | FP STD 0.2939|
KL coef: 0.9999999999999111
Train loss (one batch): 158.88546752929688
Train CE loss (one batch): 0.0
Test MSE (raw): 0.0289
Test MSE (smoothed with alpha=0.01): 0.0393
New best smoothed test MSE: 0.0393. Saving best model to experiments/experiment_41220_best.ckpt
Test MSE group_0: 0.0262
Test MSE group_1: 0.0314
Test MSE group_2: nan
Test MSE group_3: nan
Poisson likelihood: 0.0
CE loss: 0.0
train MSE group_0: 0.0300
train MSE group_1: 0.0333
train MSE group_2: nan
train MSE group_3: nan
CE loss (TEST): 0.0
