/Users/benjaminmaurel/Documents/Training_Sanofi/notebooks_hands_on/latent_ode/run_models.py
run_models.py --niters 3000 -n 200 -s 40 -l 10 --dataset PK_Tacro --latent-ode --noise-weight 0.01 --max-t 5. --seed 25 --experiment 37375
Experiment 37375
Epoch 1000 [Test seq (cond on sampled tp)] | Loss 194.961899 | Likelihood -193.661087 | KL fp 5.1773 | FP STD 0.1285|
KL coef: 0.9999522643707747
Train loss (one batch): 178.56764221191406
Train CE loss (one batch): 0.0
Test MSE (raw): 0.0395
Test MSE (smoothed with alpha=0.01): 0.0395
New best smoothed test MSE: 0.0395. Saving best model to experiments/experiment_37375_best.ckpt
Test MSE group_0: 0.0354
Test MSE group_1: 0.0431
Test MSE group_2: nan
Test MSE group_3: nan
Poisson likelihood: 0.0
CE loss: 0.0
train MSE group_0: 0.0316
train MSE group_1: 0.0403
train MSE group_2: nan
train MSE group_3: nan
CE loss (TEST): 0.0
Experiment 37375
Epoch 2000 [Test seq (cond on sampled tp)] | Loss 196.522491 | Likelihood -195.687485 | KL fp 5.0121 | FP STD 0.1266|
KL coef: 0.9999999979391934
Train loss (one batch): 178.3732452392578
Train CE loss (one batch): 0.0
Test MSE (raw): 0.0399
Test MSE (smoothed with alpha=0.01): 0.0395
Smoothed Test MSE did not improve. Early stopping counter: 1/10000
Test MSE group_0: 0.0379
Test MSE group_1: 0.0416
Test MSE group_2: nan
Test MSE group_3: nan
Poisson likelihood: 0.0
CE loss: 0.0
train MSE group_0: 0.0331
train MSE group_1: 0.0386
train MSE group_2: nan
train MSE group_3: nan
CE loss (TEST): 0.0
Experiment 37375
Epoch 3000 [Test seq (cond on sampled tp)] | Loss 189.884262 | Likelihood -188.686356 | KL fp 4.9184 | FP STD 0.1239|
KL coef: 0.9999999999999111
Train loss (one batch): 173.0271759033203
Train CE loss (one batch): 0.0
Test MSE (raw): 0.0385
Test MSE (smoothed with alpha=0.01): 0.0395
New best smoothed test MSE: 0.0395. Saving best model to experiments/experiment_37375_best.ckpt
Test MSE group_0: 0.0361
Test MSE group_1: 0.0406
Test MSE group_2: nan
Test MSE group_3: nan
Poisson likelihood: 0.0
CE loss: 0.0
train MSE group_0: 0.0318
train MSE group_1: 0.0378
train MSE group_2: nan
train MSE group_3: nan
CE loss (TEST): 0.0
