/Users/benjaminmaurel/Documents/Training_Sanofi/notebooks_hands_on/latent_ode/run_models.py
run_models.py --niters 10 -n 200 -s 40 -l 10 --dataset PK_Tacro --latent-ode --noise-weight 0.01 --max-t 5. --seed 50 --experiment 41310
Experiment 41310
Epoch 0010 [Test seq (cond on sampled tp)] | Loss 6903.745117 | Likelihood -7296.572754 | KL fp 1.8544 | FP STD 0.7982|
KL coef: 0.0
Train loss (one batch): 7854.29443359375
Train CE loss (one batch): 0.0
Test MSE (raw): 1.4601
Test MSE (smoothed with alpha=0.01): 1.4601
New best smoothed test MSE: 1.4601. Saving best model to experiments/experiment_41310_best.ckpt
Test MSE group_0: 1.8477
Test MSE group_1: 1.3398
Test MSE group_2: nan
Test MSE group_3: nan
Poisson likelihood: 0.0
CE loss: 0.0
train MSE group_0: 2.8014
train MSE group_1: 1.3278
train MSE group_2: nan
train MSE group_3: nan
CE loss (TEST): 0.0
