/Users/benjaminmaurel/Documents/Training_Sanofi/notebooks_hands_on/latent_ode/run_models.py
run_models.py --niters 3000 -n 200 -s 40 -l 10 --dataset PK_Tacro --latent-ode --noise-weight 0.01 --max-t 5. --seed 14 --experiment 24638
Experiment 24638
Epoch 1000 [Test seq (cond on sampled tp)] | Loss 240.254456 | Likelihood -240.148529 | KL fp 8.5558 | FP STD 0.2959|
KL coef: 0.9999522643707747
Train loss (one batch): 217.8609619140625
Train CE loss (one batch): 0.0
Test MSE (raw): 0.0488
Test MSE (smoothed with alpha=0.01): 0.0488
New best smoothed test MSE: 0.0488. Saving best model to experiments/experiment_24638_best.ckpt
Test MSE group_0: 0.0409
Test MSE group_1: 0.0562
Test MSE group_2: nan
Test MSE group_3: nan
Poisson likelihood: 0.0
CE loss: 0.0
train MSE group_0: 0.0403
train MSE group_1: 0.0469
train MSE group_2: nan
train MSE group_3: nan
CE loss (TEST): 0.0
Experiment 24638
Epoch 2000 [Test seq (cond on sampled tp)] | Loss 171.524704 | Likelihood -166.760239 | KL fp 7.7099 | FP STD 0.2003|
KL coef: 0.9999999979391934
Train loss (one batch): 153.2969512939453
Train CE loss (one batch): 0.0
Test MSE (raw): 0.0341
Test MSE (smoothed with alpha=0.01): 0.0486
New best smoothed test MSE: 0.0486. Saving best model to experiments/experiment_24638_best.ckpt
Test MSE group_0: 0.0295
Test MSE group_1: 0.0383
Test MSE group_2: nan
Test MSE group_3: nan
Poisson likelihood: 0.0
CE loss: 0.0
train MSE group_0: 0.0298
train MSE group_1: 0.0304
train MSE group_2: nan
train MSE group_3: nan
CE loss (TEST): 0.0
Experiment 24638
Epoch 3000 [Test seq (cond on sampled tp)] | Loss 160.104736 | Likelihood -155.613312 | KL fp 7.2144 | FP STD 0.1595|
KL coef: 0.9999999999999111
Train loss (one batch): 143.009765625
Train CE loss (one batch): 0.0
Test MSE (raw): 0.0319
Test MSE (smoothed with alpha=0.01): 0.0485
New best smoothed test MSE: 0.0485. Saving best model to experiments/experiment_24638_best.ckpt
Test MSE group_0: 0.0282
Test MSE group_1: 0.0353
Test MSE group_2: nan
Test MSE group_3: nan
Poisson likelihood: 0.0
CE loss: 0.0
train MSE group_0: 0.0282
train MSE group_1: 0.0280
train MSE group_2: nan
train MSE group_3: nan
CE loss (TEST): 0.0
