/Users/benjaminmaurel/Documents/Training_Sanofi/notebooks_hands_on/latent_ode/run_models.py
run_models.py --niters 3000 -n 200 -s 40 -l 10 --dataset PK_Tacro --latent-ode --noise-weight 0.01 --max-t 5. --seed 110 --experiment 16323
Experiment 16323
Epoch 1000 [Test seq (cond on sampled tp)] | Loss 222.704269 | Likelihood -218.056458 | KL fp 7.4121 | FP STD 0.1326|
KL coef: 0.9999522643707747
Train loss (one batch): 228.4502716064453
Train CE loss (one batch): 0.0
Test MSE (raw): 0.0443
Test MSE (smoothed with alpha=0.01): 0.0443
New best smoothed test MSE: 0.0443. Saving best model to experiments/experiment_16323_best.ckpt
Test MSE group_0: 0.0384
Test MSE group_1: 0.0503
Test MSE group_2: nan
Test MSE group_3: nan
Poisson likelihood: 0.0
CE loss: 0.0
train MSE group_0: 0.0406
train MSE group_1: 0.0500
train MSE group_2: nan
train MSE group_3: nan
CE loss (TEST): 0.0
Experiment 16323
Epoch 2000 [Test seq (cond on sampled tp)] | Loss 216.117218 | Likelihood -212.288177 | KL fp 6.7702 | FP STD 0.1939|
KL coef: 0.9999999979391934
Train loss (one batch): 221.98341369628906
Train CE loss (one batch): 0.0
Test MSE (raw): 0.0432
Test MSE (smoothed with alpha=0.01): 0.0443
New best smoothed test MSE: 0.0443. Saving best model to experiments/experiment_16323_best.ckpt
Test MSE group_0: 0.0395
Test MSE group_1: 0.0468
Test MSE group_2: nan
Test MSE group_3: nan
Poisson likelihood: 0.0
CE loss: 0.0
train MSE group_0: 0.0417
train MSE group_1: 0.0465
train MSE group_2: nan
train MSE group_3: nan
CE loss (TEST): 0.0
Experiment 16323
Epoch 3000 [Test seq (cond on sampled tp)] | Loss 179.313126 | Likelihood -175.355011 | KL fp 6.7825 | FP STD 0.1014|
KL coef: 0.9999999999999111
Train loss (one batch): 188.51705932617188
Train CE loss (one batch): 0.0
Test MSE (raw): 0.0358
Test MSE (smoothed with alpha=0.01): 0.0443
New best smoothed test MSE: 0.0443. Saving best model to experiments/experiment_16323_best.ckpt
Test MSE group_0: 0.0337
Test MSE group_1: 0.0379
Test MSE group_2: nan
Test MSE group_3: nan
Poisson likelihood: 0.0
CE loss: 0.0
train MSE group_0: 0.0363
train MSE group_1: 0.0386
train MSE group_2: nan
train MSE group_3: nan
CE loss (TEST): 0.0
