/Users/benjaminmaurel/Documents/Training_Sanofi/notebooks_hands_on/latent_ode/run_models.py
run_models.py --niters 3000 -n 200 -s 40 -l 10 --dataset PK_Tacro --latent-ode --noise-weight 0.01 --max-t 5. --seed 38 --experiment 40130
Experiment 40130
Epoch 1000 [Test seq (cond on sampled tp)] | Loss 232.212296 | Likelihood -231.481537 | KL fp 6.8021 | FP STD 0.1375|
KL coef: 0.9999522643707747
Train loss (one batch): 220.96969604492188
Train CE loss (one batch): 0.0
Test MSE (raw): 0.0470
Test MSE (smoothed with alpha=0.01): 0.0470
New best smoothed test MSE: 0.0470. Saving best model to experiments/experiment_40130_best.ckpt
Test MSE group_0: 0.0414
Test MSE group_1: 0.0532
Test MSE group_2: nan
Test MSE group_3: nan
Poisson likelihood: 0.0
CE loss: 0.0
train MSE group_0: 0.0375
train MSE group_1: 0.0496
train MSE group_2: nan
train MSE group_3: nan
CE loss (TEST): 0.0
Experiment 40130
Epoch 2000 [Test seq (cond on sampled tp)] | Loss 207.212326 | Likelihood -202.762787 | KL fp 7.2080 | FP STD 0.0547|
KL coef: 0.9999999979391934
Train loss (one batch): 185.0641632080078
Train CE loss (one batch): 0.0
Test MSE (raw): 0.0413
Test MSE (smoothed with alpha=0.01): 0.0470
New best smoothed test MSE: 0.0470. Saving best model to experiments/experiment_40130_best.ckpt
Test MSE group_0: 0.0370
Test MSE group_1: 0.0460
Test MSE group_2: nan
Test MSE group_3: nan
Poisson likelihood: 0.0
CE loss: 0.0
train MSE group_0: 0.0320
train MSE group_1: 0.0409
train MSE group_2: nan
train MSE group_3: nan
CE loss (TEST): 0.0
Experiment 40130
Epoch 3000 [Test seq (cond on sampled tp)] | Loss 212.516083 | Likelihood -210.439514 | KL fp 6.5707 | FP STD 0.0800|
KL coef: 0.9999999999999111
Train loss (one batch): 189.28089904785156
Train CE loss (one batch): 0.0
Test MSE (raw): 0.0428
Test MSE (smoothed with alpha=0.01): 0.0469
New best smoothed test MSE: 0.0469. Saving best model to experiments/experiment_40130_best.ckpt
Test MSE group_0: 0.0379
Test MSE group_1: 0.0482
Test MSE group_2: nan
Test MSE group_3: nan
Poisson likelihood: 0.0
CE loss: 0.0
train MSE group_0: 0.0336
train MSE group_1: 0.0418
train MSE group_2: nan
train MSE group_3: nan
CE loss (TEST): 0.0
