/Users/benjaminmaurel/Documents/Training_Sanofi/notebooks_hands_on/latent_ode/run_models.py
run_models.py --niters 3000 -n 200 -s 40 -l 10 --dataset PK_Tacro --latent-ode --noise-weight 0.01 --max-t 5. --seed 101 --experiment 31345
Experiment 31345
Epoch 1000 [Test seq (cond on sampled tp)] | Loss 158.926636 | Likelihood -158.272919 | KL fp 4.0239 | FP STD 0.1095|
KL coef: 0.9999522643707747
Train loss (one batch): 160.83203125
Train CE loss (one batch): 0.0
Test MSE (raw): 0.0324
Test MSE (smoothed with alpha=0.01): 0.0324
New best smoothed test MSE: 0.0324. Saving best model to experiments/experiment_31345_best.ckpt
Test MSE group_0: 0.0285
Test MSE group_1: 0.0363
Test MSE group_2: nan
Test MSE group_3: nan
Poisson likelihood: 0.0
CE loss: 0.0
train MSE group_0: 0.0299
train MSE group_1: 0.0349
train MSE group_2: nan
train MSE group_3: nan
CE loss (TEST): 0.0
Experiment 31345
Epoch 2000 [Test seq (cond on sampled tp)] | Loss 157.544739 | Likelihood -157.679947 | KL fp 4.0778 | FP STD 0.1038|
KL coef: 0.9999999979391934
Train loss (one batch): 160.6053009033203
Train CE loss (one batch): 0.0
Test MSE (raw): 0.0323
Test MSE (smoothed with alpha=0.01): 0.0324
New best smoothed test MSE: 0.0324. Saving best model to experiments/experiment_31345_best.ckpt
Test MSE group_0: 0.0305
Test MSE group_1: 0.0340
Test MSE group_2: nan
Test MSE group_3: nan
Poisson likelihood: 0.0
CE loss: 0.0
train MSE group_0: 0.0324
train MSE group_1: 0.0323
train MSE group_2: nan
train MSE group_3: nan
CE loss (TEST): 0.0
Experiment 31345
Epoch 3000 [Test seq (cond on sampled tp)] | Loss 146.875885 | Likelihood -145.430450 | KL fp 4.0807 | FP STD 0.0858|
KL coef: 0.9999999999999111
Train loss (one batch): 148.93011474609375
Train CE loss (one batch): 0.0
Test MSE (raw): 0.0298
Test MSE (smoothed with alpha=0.01): 0.0324
New best smoothed test MSE: 0.0324. Saving best model to experiments/experiment_31345_best.ckpt
Test MSE group_0: 0.0278
Test MSE group_1: 0.0319
Test MSE group_2: nan
Test MSE group_3: nan
Poisson likelihood: 0.0
CE loss: 0.0
train MSE group_0: 0.0292
train MSE group_1: 0.0307
train MSE group_2: nan
train MSE group_3: nan
CE loss (TEST): 0.0
