/Users/benjaminmaurel/Documents/Training_Sanofi/notebooks_hands_on/latent_ode/run_models.py
run_models.py --niters 3000 -n 200 -s 40 -l 10 --dataset PK_Tacro --latent-ode --noise-weight 0.01 --max-t 5. --seed 118 --experiment 20982
Experiment 20982
Epoch 1000 [Test seq (cond on sampled tp)] | Loss 162.283081 | Likelihood -158.871429 | KL fp 6.3766 | FP STD 0.1303|
KL coef: 0.9999522643707747
Train loss (one batch): 177.20179748535156
Train CE loss (one batch): 0.0
Test MSE (raw): 0.0325
Test MSE (smoothed with alpha=0.01): 0.0325
New best smoothed test MSE: 0.0325. Saving best model to experiments/experiment_20982_best.ckpt
Test MSE group_0: 0.0283
Test MSE group_1: 0.0367
Test MSE group_2: nan
Test MSE group_3: nan
Poisson likelihood: 0.0
CE loss: 0.0
train MSE group_0: 0.0331
train MSE group_1: 0.0376
train MSE group_2: nan
train MSE group_3: nan
CE loss (TEST): 0.0
Experiment 20982
Epoch 2000 [Test seq (cond on sampled tp)] | Loss 155.958954 | Likelihood -153.657990 | KL fp 5.5566 | FP STD 0.1868|
KL coef: 0.9999999979391934
Train loss (one batch): 169.16824340820312
Train CE loss (one batch): 0.0
Test MSE (raw): 0.0315
Test MSE (smoothed with alpha=0.01): 0.0325
New best smoothed test MSE: 0.0325. Saving best model to experiments/experiment_20982_best.ckpt
Test MSE group_0: 0.0281
Test MSE group_1: 0.0348
Test MSE group_2: nan
Test MSE group_3: nan
Poisson likelihood: 0.0
CE loss: 0.0
train MSE group_0: 0.0319
train MSE group_1: 0.0359
train MSE group_2: nan
train MSE group_3: nan
CE loss (TEST): 0.0
Experiment 20982
Epoch 3000 [Test seq (cond on sampled tp)] | Loss 150.541000 | Likelihood -147.700378 | KL fp 5.4822 | FP STD 0.1453|
KL coef: 0.9999999999999111
Train loss (one batch): 162.60882568359375
Train CE loss (one batch): 0.0
Test MSE (raw): 0.0303
Test MSE (smoothed with alpha=0.01): 0.0325
New best smoothed test MSE: 0.0325. Saving best model to experiments/experiment_20982_best.ckpt
Test MSE group_0: 0.0277
Test MSE group_1: 0.0328
Test MSE group_2: nan
Test MSE group_3: nan
Poisson likelihood: 0.0
CE loss: 0.0
train MSE group_0: 0.0314
train MSE group_1: 0.0337
train MSE group_2: nan
train MSE group_3: nan
CE loss (TEST): 0.0
