/Users/benjaminmaurel/Documents/Training_Sanofi/notebooks_hands_on/latent_ode/run_models.py
run_models.py --niters 3000 -n 200 -s 40 -l 10 --dataset PK_Tacro --latent-ode --noise-weight 0.01 --max-t 5. --seed 131 --experiment 26946
Experiment 26946
Epoch 1000 [Test seq (cond on sampled tp)] | Loss 210.201920 | Likelihood -206.520538 | KL fp 6.3812 | FP STD 0.1738|
KL coef: 0.9999522643707747
Train loss (one batch): 213.12193298339844
Train CE loss (one batch): 0.0
Test MSE (raw): 0.0420
Test MSE (smoothed with alpha=0.01): 0.0420
New best smoothed test MSE: 0.0420. Saving best model to experiments/experiment_26946_best.ckpt
Test MSE group_0: 0.0385
Test MSE group_1: 0.0455
Test MSE group_2: nan
Test MSE group_3: nan
Poisson likelihood: 0.0
CE loss: 0.0
train MSE group_0: 0.0393
train MSE group_1: 0.0449
train MSE group_2: nan
train MSE group_3: nan
CE loss (TEST): 0.0
Experiment 26946
Epoch 2000 [Test seq (cond on sampled tp)] | Loss 155.967239 | Likelihood -153.338348 | KL fp 5.5657 | FP STD 0.1719|
KL coef: 0.9999999979391934
Train loss (one batch): 157.74684143066406
Train CE loss (one batch): 0.0
Test MSE (raw): 0.0314
Test MSE (smoothed with alpha=0.01): 0.0419
New best smoothed test MSE: 0.0419. Saving best model to experiments/experiment_26946_best.ckpt
Test MSE group_0: 0.0292
Test MSE group_1: 0.0335
Test MSE group_2: nan
Test MSE group_3: nan
Poisson likelihood: 0.0
CE loss: 0.0
train MSE group_0: 0.0287
train MSE group_1: 0.0338
train MSE group_2: nan
train MSE group_3: nan
CE loss (TEST): 0.0
Experiment 26946
Epoch 3000 [Test seq (cond on sampled tp)] | Loss 145.571564 | Likelihood -142.604889 | KL fp 5.4687 | FP STD 0.1350|
KL coef: 0.9999999999999111
Train loss (one batch): 147.2712860107422
Train CE loss (one batch): 0.0
Test MSE (raw): 0.0293
Test MSE (smoothed with alpha=0.01): 0.0418
New best smoothed test MSE: 0.0418. Saving best model to experiments/experiment_26946_best.ckpt
Test MSE group_0: 0.0278
Test MSE group_1: 0.0307
Test MSE group_2: nan
Test MSE group_3: nan
Poisson likelihood: 0.0
CE loss: 0.0
train MSE group_0: 0.0273
train MSE group_1: 0.0311
train MSE group_2: nan
train MSE group_3: nan
CE loss (TEST): 0.0
