/Users/benjaminmaurel/Documents/Training_Sanofi/notebooks_hands_on/latent_ode/run_models.py
run_models.py --niters 3000 -n 200 -s 40 -l 10 --dataset PK_Tacro --latent-ode --noise-weight 0.01 --max-t 5. --seed 110 --experiment 13777
Experiment 13777
Epoch 1000 [Test seq (cond on sampled tp)] | Loss 270.074982 | Likelihood -268.354401 | KL fp 5.5383 | FP STD 0.2668|
KL coef: 0.9999522643707747
Train loss (one batch): 261.7674865722656
Train CE loss (one batch): 0.0
Test MSE (raw): 0.0544
Test MSE (smoothed with alpha=0.01): 0.0544
New best smoothed test MSE: 0.0544. Saving best model to experiments/experiment_13777_best.ckpt
Test MSE group_0: 0.0412
Test MSE group_1: 0.0675
Test MSE group_2: nan
Test MSE group_3: nan
Poisson likelihood: 0.0
CE loss: 0.0
train MSE group_0: 0.0408
train MSE group_1: 0.0632
train MSE group_2: nan
train MSE group_3: nan
CE loss (TEST): 0.0
Experiment 13777
Epoch 2000 [Test seq (cond on sampled tp)] | Loss 241.238815 | Likelihood -238.299774 | KL fp 5.8540 | FP STD 0.1844|
KL coef: 0.9999999979391934
Train loss (one batch): 233.87173461914062
Train CE loss (one batch): 0.0
Test MSE (raw): 0.0484
Test MSE (smoothed with alpha=0.01): 0.0543
New best smoothed test MSE: 0.0543. Saving best model to experiments/experiment_13777_best.ckpt
Test MSE group_0: 0.0382
Test MSE group_1: 0.0585
Test MSE group_2: nan
Test MSE group_3: nan
Poisson likelihood: 0.0
CE loss: 0.0
train MSE group_0: 0.0384
train MSE group_1: 0.0544
train MSE group_2: nan
train MSE group_3: nan
CE loss (TEST): 0.0
Experiment 13777
Epoch 3000 [Test seq (cond on sampled tp)] | Loss 202.543640 | Likelihood -199.360382 | KL fp 5.9389 | FP STD 0.1539|
KL coef: 0.9999999999999111
Train loss (one batch): 201.634033203125
Train CE loss (one batch): 0.0
Test MSE (raw): 0.0406
Test MSE (smoothed with alpha=0.01): 0.0542
New best smoothed test MSE: 0.0542. Saving best model to experiments/experiment_13777_best.ckpt
Test MSE group_0: 0.0321
Test MSE group_1: 0.0491
Test MSE group_2: nan
Test MSE group_3: nan
Poisson likelihood: 0.0
CE loss: 0.0
train MSE group_0: 0.0355
train MSE group_1: 0.0447
train MSE group_2: nan
train MSE group_3: nan
CE loss (TEST): 0.0
