/Users/benjaminmaurel/Documents/Training_Sanofi/notebooks_hands_on/latent_ode/run_models.py
run_models.py --niters 3000 -n 200 -s 40 -l 10 --dataset PK_Tacro --latent-ode --noise-weight 0.01 --max-t 5. --seed 174 --experiment 39325
Experiment 39325
Epoch 1000 [Test seq (cond on sampled tp)] | Loss 159.974670 | Likelihood -157.611298 | KL fp 5.1702 | FP STD 0.1073|
KL coef: 0.9999522643707747
Train loss (one batch): 169.09085083007812
Train CE loss (one batch): 0.0
Test MSE (raw): 0.0323
Test MSE (smoothed with alpha=0.01): 0.0323
New best smoothed test MSE: 0.0323. Saving best model to experiments/experiment_39325_best.ckpt
Test MSE group_0: 0.0295
Test MSE group_1: 0.0350
Test MSE group_2: nan
Test MSE group_3: nan
Poisson likelihood: 0.0
CE loss: 0.0
train MSE group_0: 0.0327
train MSE group_1: 0.0348
train MSE group_2: nan
train MSE group_3: nan
CE loss (TEST): 0.0
