/Users/benjaminmaurel/Documents/Training_Sanofi/notebooks_hands_on/latent_ode/run_models.py
run_models.py --niters 3000 -n 200 -s 40 -l 10 --dataset PK_Tacro --latent-ode --noise-weight 0.01 --max-t 5. --seed 37 --experiment 25745
Experiment 25745
Epoch 1000 [Test seq (cond on sampled tp)] | Loss 191.485428 | Likelihood -190.052689 | KL fp 5.1042 | FP STD 0.1560|
KL coef: 0.9999522643707747
Train loss (one batch): 185.7865753173828
Train CE loss (one batch): 0.0
Test MSE (raw): 0.0387
Test MSE (smoothed with alpha=0.01): 0.0387
New best smoothed test MSE: 0.0387. Saving best model to experiments/experiment_25745_best.ckpt
Test MSE group_0: 0.0350
Test MSE group_1: 0.0429
Test MSE group_2: nan
Test MSE group_3: nan
Poisson likelihood: 0.0
CE loss: 0.0
train MSE group_0: 0.0303
train MSE group_1: 0.0439
train MSE group_2: nan
train MSE group_3: nan
CE loss (TEST): 0.0
Experiment 25745
Epoch 2000 [Test seq (cond on sampled tp)] | Loss 180.280701 | Likelihood -178.145569 | KL fp 5.5234 | FP STD 0.0821|
KL coef: 0.9999999979391934
Train loss (one batch): 171.1925048828125
Train CE loss (one batch): 0.0
Test MSE (raw): 0.0364
Test MSE (smoothed with alpha=0.01): 0.0387
New best smoothed test MSE: 0.0387. Saving best model to experiments/experiment_25745_best.ckpt
Test MSE group_0: 0.0334
Test MSE group_1: 0.0397
Test MSE group_2: nan
Test MSE group_3: nan
Poisson likelihood: 0.0
CE loss: 0.0
train MSE group_0: 0.0288
train MSE group_1: 0.0395
train MSE group_2: nan
train MSE group_3: nan
CE loss (TEST): 0.0
Experiment 25745
Epoch 3000 [Test seq (cond on sampled tp)] | Loss 173.569839 | Likelihood -173.707764 | KL fp 5.5001 | FP STD 0.0745|
KL coef: 0.9999999999999111
Train loss (one batch): 162.91790771484375
Train CE loss (one batch): 0.0
Test MSE (raw): 0.0355
Test MSE (smoothed with alpha=0.01): 0.0387
New best smoothed test MSE: 0.0387. Saving best model to experiments/experiment_25745_best.ckpt
Test MSE group_0: 0.0325
Test MSE group_1: 0.0387
Test MSE group_2: nan
Test MSE group_3: nan
Poisson likelihood: 0.0
CE loss: 0.0
train MSE group_0: 0.0286
train MSE group_1: 0.0363
train MSE group_2: nan
train MSE group_3: nan
CE loss (TEST): 0.0
