/Users/benjaminmaurel/Documents/Training_Sanofi/notebooks_hands_on/latent_ode/run_models.py
run_models.py --niters 3000 -n 200 -s 40 -l 10 --dataset PK_Tacro --latent-ode --noise-weight 0.01 --max-t 5. --seed 7 --experiment 38772
Experiment 38772
Epoch 1000 [Test seq (cond on sampled tp)] | Loss 215.614014 | Likelihood -213.465057 | KL fp 5.3844 | FP STD 0.1675|
KL coef: 0.9999522643707747
Train loss (one batch): 200.2584686279297
Train CE loss (one batch): 0.0
Test MSE (raw): 0.0434
Test MSE (smoothed with alpha=0.01): 0.0434
New best smoothed test MSE: 0.0434. Saving best model to experiments/experiment_38772_best.ckpt
Test MSE group_0: 0.0360
Test MSE group_1: 0.0504
Test MSE group_2: nan
Test MSE group_3: nan
Poisson likelihood: 0.0
CE loss: 0.0
train MSE group_0: 0.0361
train MSE group_1: 0.0439
train MSE group_2: nan
train MSE group_3: nan
CE loss (TEST): 0.0
Experiment 38772
Epoch 2000 [Test seq (cond on sampled tp)] | Loss 182.070816 | Likelihood -179.428497 | KL fp 5.5684 | FP STD 0.1242|
KL coef: 0.9999999979391934
Train loss (one batch): 164.14366149902344
Train CE loss (one batch): 0.0
Test MSE (raw): 0.0366
Test MSE (smoothed with alpha=0.01): 0.0434
New best smoothed test MSE: 0.0434. Saving best model to experiments/experiment_38772_best.ckpt
Test MSE group_0: 0.0321
Test MSE group_1: 0.0409
Test MSE group_2: nan
Test MSE group_3: nan
Poisson likelihood: 0.0
CE loss: 0.0
train MSE group_0: 0.0312
train MSE group_1: 0.0347
train MSE group_2: nan
train MSE group_3: nan
CE loss (TEST): 0.0
Experiment 38772
Epoch 3000 [Test seq (cond on sampled tp)] | Loss 163.010956 | Likelihood -161.001190 | KL fp 5.5745 | FP STD 0.1135|
KL coef: 0.9999999999999111
Train loss (one batch): 150.7080841064453
Train CE loss (one batch): 0.0
Test MSE (raw): 0.0329
Test MSE (smoothed with alpha=0.01): 0.0433
New best smoothed test MSE: 0.0433. Saving best model to experiments/experiment_38772_best.ckpt
Test MSE group_0: 0.0299
Test MSE group_1: 0.0358
Test MSE group_2: nan
Test MSE group_3: nan
Poisson likelihood: 0.0
CE loss: 0.0
train MSE group_0: 0.0300
train MSE group_1: 0.0308
train MSE group_2: nan
train MSE group_3: nan
CE loss (TEST): 0.0
