/Users/benjaminmaurel/Documents/Training_Sanofi/notebooks_hands_on/latent_ode/run_models.py
run_models.py --niters 3000 -n 200 -s 40 -l 10 --dataset PK_Tacro --latent-ode --noise-weight 0.01 --max-t 5. --seed 11 --experiment 28000
Experiment 28000
Epoch 1000 [Test seq (cond on sampled tp)] | Loss 201.756744 | Likelihood -197.685760 | KL fp 6.7185 | FP STD 0.1016|
KL coef: 0.9999522643707747
Train loss (one batch): 215.8299560546875
Train CE loss (one batch): 0.0
Test MSE (raw): 0.0403
Test MSE (smoothed with alpha=0.01): 0.0403
New best smoothed test MSE: 0.0403. Saving best model to experiments/experiment_28000_best.ckpt
Test MSE group_0: 0.0350
Test MSE group_1: 0.0461
Test MSE group_2: nan
Test MSE group_3: nan
Poisson likelihood: 0.0
CE loss: 0.0
train MSE group_0: 0.0329
train MSE group_1: 0.0529
train MSE group_2: nan
train MSE group_3: nan
CE loss (TEST): 0.0
Experiment 28000
Epoch 2000 [Test seq (cond on sampled tp)] | Loss 160.167145 | Likelihood -156.758804 | KL fp 6.4770 | FP STD 0.1270|
KL coef: 0.9999999979391934
Train loss (one batch): 169.12554931640625
Train CE loss (one batch): 0.0
Test MSE (raw): 0.0321
Test MSE (smoothed with alpha=0.01): 0.0402
New best smoothed test MSE: 0.0402. Saving best model to experiments/experiment_28000_best.ckpt
Test MSE group_0: 0.0285
Test MSE group_1: 0.0361
Test MSE group_2: nan
Test MSE group_3: nan
Poisson likelihood: 0.0
CE loss: 0.0
train MSE group_0: 0.0275
train MSE group_1: 0.0399
train MSE group_2: nan
train MSE group_3: nan
CE loss (TEST): 0.0
Experiment 28000
Epoch 3000 [Test seq (cond on sampled tp)] | Loss 149.812988 | Likelihood -145.833740 | KL fp 6.6512 | FP STD 0.1106|
KL coef: 0.9999999999999111
Train loss (one batch): 152.65646362304688
Train CE loss (one batch): 0.0
Test MSE (raw): 0.0299
Test MSE (smoothed with alpha=0.01): 0.0401
New best smoothed test MSE: 0.0401. Saving best model to experiments/experiment_28000_best.ckpt
Test MSE group_0: 0.0282
Test MSE group_1: 0.0318
Test MSE group_2: nan
Test MSE group_3: nan
Poisson likelihood: 0.0
CE loss: 0.0
train MSE group_0: 0.0261
train MSE group_1: 0.0343
train MSE group_2: nan
train MSE group_3: nan
CE loss (TEST): 0.0
