/Users/benjaminmaurel/Documents/Training_Sanofi/notebooks_hands_on/latent_ode/run_models.py
run_models.py --niters 3000 -n 200 -s 40 -l 10 --dataset PK_Tacro --latent-ode --noise-weight 0.01 --max-t 5. --seed 3 --experiment 26189
Experiment 26189
Epoch 1000 [Test seq (cond on sampled tp)] | Loss 199.919769 | Likelihood -196.164062 | KL fp 6.6529 | FP STD 0.1102|
KL coef: 0.9999522643707747
Train loss (one batch): 174.76473999023438
Train CE loss (one batch): 0.0
Test MSE (raw): 0.0400
Test MSE (smoothed with alpha=0.01): 0.0400
New best smoothed test MSE: 0.0400. Saving best model to experiments/experiment_26189_best.ckpt
Test MSE group_0: 0.0225
Test MSE group_1: 0.0590
Test MSE group_2: nan
Test MSE group_3: nan
Poisson likelihood: 0.0
CE loss: 0.0
train MSE group_0: 0.0211
train MSE group_1: 0.0542
train MSE group_2: nan
train MSE group_3: nan
CE loss (TEST): 0.0
Experiment 26189
Epoch 2000 [Test seq (cond on sampled tp)] | Loss 124.612900 | Likelihood -120.639587 | KL fp 6.6700 | FP STD 0.1379|
KL coef: 0.9999999979391934
Train loss (one batch): 108.13289642333984
Train CE loss (one batch): 0.0
Test MSE (raw): 0.0249
Test MSE (smoothed with alpha=0.01): 0.0398
New best smoothed test MSE: 0.0398. Saving best model to experiments/experiment_26189_best.ckpt
Test MSE group_0: 0.0162
Test MSE group_1: 0.0342
Test MSE group_2: nan
Test MSE group_3: nan
Poisson likelihood: 0.0
CE loss: 0.0
train MSE group_0: 0.0139
train MSE group_1: 0.0316
train MSE group_2: nan
train MSE group_3: nan
CE loss (TEST): 0.0
Experiment 26189
Epoch 3000 [Test seq (cond on sampled tp)] | Loss 109.258850 | Likelihood -105.708481 | KL fp 6.4700 | FP STD 0.1310|
KL coef: 0.9999999999999111
Train loss (one batch): 95.85313415527344
Train CE loss (one batch): 0.0
Test MSE (raw): 0.0219
Test MSE (smoothed with alpha=0.01): 0.0396
New best smoothed test MSE: 0.0396. Saving best model to experiments/experiment_26189_best.ckpt
Test MSE group_0: 0.0146
Test MSE group_1: 0.0298
Test MSE group_2: nan
Test MSE group_3: nan
Poisson likelihood: 0.0
CE loss: 0.0
train MSE group_0: 0.0127
train MSE group_1: 0.0276
train MSE group_2: nan
train MSE group_3: nan
CE loss (TEST): 0.0
