/Users/benjaminmaurel/Documents/Training_Sanofi/notebooks_hands_on/latent_ode/run_models.py
run_models.py --niters 3000 -n 200 -s 40 -l 10 --dataset PK_Tacro --latent-ode --noise-weight 0.01 --max-t 5. --seed 5 --experiment 38506
Experiment 38506
Epoch 1000 [Test seq (cond on sampled tp)] | Loss 211.321762 | Likelihood -216.024368 | KL fp 3.7650 | FP STD 0.1528|
KL coef: 0.9999522643707747
Train loss (one batch): 221.6146240234375
Train CE loss (one batch): 0.0
Test MSE (raw): 0.0439
Test MSE (smoothed with alpha=0.01): 0.0439
New best smoothed test MSE: 0.0439. Saving best model to experiments/experiment_38506_best.ckpt
Test MSE group_0: 0.0398
Test MSE group_1: 0.0476
Test MSE group_2: nan
Test MSE group_3: nan
Poisson likelihood: 0.0
CE loss: 0.0
train MSE group_0: 0.0392
train MSE group_1: 0.0496
train MSE group_2: nan
train MSE group_3: nan
CE loss (TEST): 0.0
Experiment 38506
Epoch 2000 [Test seq (cond on sampled tp)] | Loss 191.664734 | Likelihood -192.878662 | KL fp 4.1971 | FP STD 0.1107|
KL coef: 0.9999999979391934
Train loss (one batch): 199.64385986328125
Train CE loss (one batch): 0.0
Test MSE (raw): 0.0393
Test MSE (smoothed with alpha=0.01): 0.0439
New best smoothed test MSE: 0.0439. Saving best model to experiments/experiment_38506_best.ckpt
Test MSE group_0: 0.0378
Test MSE group_1: 0.0406
Test MSE group_2: nan
Test MSE group_3: nan
Poisson likelihood: 0.0
CE loss: 0.0
train MSE group_0: 0.0371
train MSE group_1: 0.0431
train MSE group_2: nan
train MSE group_3: nan
CE loss (TEST): 0.0
Experiment 38506
Epoch 3000 [Test seq (cond on sampled tp)] | Loss 195.327972 | Likelihood -200.174240 | KL fp 4.2674 | FP STD 0.1299|
KL coef: 0.9999999999999111
Train loss (one batch): 199.0195770263672
Train CE loss (one batch): 0.0
Test MSE (raw): 0.0408
Test MSE (smoothed with alpha=0.01): 0.0439
New best smoothed test MSE: 0.0439. Saving best model to experiments/experiment_38506_best.ckpt
Test MSE group_0: 0.0410
Test MSE group_1: 0.0406
Test MSE group_2: nan
Test MSE group_3: nan
Poisson likelihood: 0.0
CE loss: 0.0
train MSE group_0: 0.0385
train MSE group_1: 0.0414
train MSE group_2: nan
train MSE group_3: nan
CE loss (TEST): 0.0
