/Users/benjaminmaurel/Documents/Training_Sanofi/notebooks_hands_on/latent_ode/run_models.py
run_models.py --niters 3000 -n 200 -s 40 -l 10 --dataset PK_Tacro --latent-ode --noise-weight 0.01 --max-t 5. --seed 101 --experiment 22534
Experiment 22534
Epoch 1000 [Test seq (cond on sampled tp)] | Loss 177.173431 | Likelihood -175.623779 | KL fp 4.4965 | FP STD 0.0947|
KL coef: 0.9999522643707747
Train loss (one batch): 197.0152587890625
Train CE loss (one batch): 0.0
Test MSE (raw): 0.0359
Test MSE (smoothed with alpha=0.01): 0.0359
New best smoothed test MSE: 0.0359. Saving best model to experiments/experiment_22534_best.ckpt
Test MSE group_0: 0.0329
Test MSE group_1: 0.0388
Test MSE group_2: nan
Test MSE group_3: nan
Poisson likelihood: 0.0
CE loss: 0.0
train MSE group_0: 0.0361
train MSE group_1: 0.0430
train MSE group_2: nan
train MSE group_3: nan
CE loss (TEST): 0.0
Experiment 22534
Epoch 2000 [Test seq (cond on sampled tp)] | Loss 150.494003 | Likelihood -150.729294 | KL fp 3.8689 | FP STD 0.1950|
KL coef: 0.9999999979391934
Train loss (one batch): 166.14227294921875
Train CE loss (one batch): 0.0
Test MSE (raw): 0.0309
Test MSE (smoothed with alpha=0.01): 0.0358
New best smoothed test MSE: 0.0358. Saving best model to experiments/experiment_22534_best.ckpt
Test MSE group_0: 0.0276
Test MSE group_1: 0.0341
Test MSE group_2: nan
Test MSE group_3: nan
Poisson likelihood: 0.0
CE loss: 0.0
train MSE group_0: 0.0313
train MSE group_1: 0.0364
train MSE group_2: nan
train MSE group_3: nan
CE loss (TEST): 0.0
Experiment 22534
Epoch 3000 [Test seq (cond on sampled tp)] | Loss 147.217026 | Likelihood -147.700317 | KL fp 4.0389 | FP STD 0.1804|
KL coef: 0.9999999999999111
Train loss (one batch): 163.98655700683594
Train CE loss (one batch): 0.0
Test MSE (raw): 0.0303
Test MSE (smoothed with alpha=0.01): 0.0358
New best smoothed test MSE: 0.0358. Saving best model to experiments/experiment_22534_best.ckpt
Test MSE group_0: 0.0283
Test MSE group_1: 0.0323
Test MSE group_2: nan
Test MSE group_3: nan
Poisson likelihood: 0.0
CE loss: 0.0
train MSE group_0: 0.0311
train MSE group_1: 0.0350
train MSE group_2: nan
train MSE group_3: nan
CE loss (TEST): 0.0
