/Users/benjaminmaurel/Documents/Training_Sanofi/notebooks_hands_on/latent_ode/run_models.py
run_models.py --niters 3000 -n 200 -s 40 -l 10 --dataset PK_Tacro --latent-ode --noise-weight 0.01 --max-t 5. --seed 21 --experiment 32997
Experiment 32997
Epoch 1000 [Test seq (cond on sampled tp)] | Loss 211.584015 | Likelihood -211.036926 | KL fp 4.0984 | FP STD 0.0642|
KL coef: 0.9999522643707747
Train loss (one batch): 202.53277587890625
Train CE loss (one batch): 0.0
Test MSE (raw): 0.0429
Test MSE (smoothed with alpha=0.01): 0.0429
New best smoothed test MSE: 0.0429. Saving best model to experiments/experiment_32997_best.ckpt
Test MSE group_0: 0.0352
Test MSE group_1: 0.0515
Test MSE group_2: nan
Test MSE group_3: nan
Poisson likelihood: 0.0
CE loss: 0.0
train MSE group_0: 0.0360
train MSE group_1: 0.0459
train MSE group_2: nan
train MSE group_3: nan
CE loss (TEST): 0.0
Experiment 32997
Epoch 2000 [Test seq (cond on sampled tp)] | Loss 190.773636 | Likelihood -189.189575 | KL fp 4.3959 | FP STD 0.0521|
KL coef: 0.9999999979391934
Train loss (one batch): 180.89088439941406
Train CE loss (one batch): 0.0
Test MSE (raw): 0.0386
Test MSE (smoothed with alpha=0.01): 0.0429
New best smoothed test MSE: 0.0429. Saving best model to experiments/experiment_32997_best.ckpt
Test MSE group_0: 0.0331
Test MSE group_1: 0.0446
Test MSE group_2: nan
Test MSE group_3: nan
Poisson likelihood: 0.0
CE loss: 0.0
train MSE group_0: 0.0337
train MSE group_1: 0.0392
train MSE group_2: nan
train MSE group_3: nan
CE loss (TEST): 0.0
Experiment 32997
Epoch 3000 [Test seq (cond on sampled tp)] | Loss 185.100372 | Likelihood -184.066742 | KL fp 4.4830 | FP STD 0.0656|
KL coef: 0.9999999999999111
Train loss (one batch): 175.89320373535156
Train CE loss (one batch): 0.0
Test MSE (raw): 0.0376
Test MSE (smoothed with alpha=0.01): 0.0428
New best smoothed test MSE: 0.0428. Saving best model to experiments/experiment_32997_best.ckpt
Test MSE group_0: 0.0330
Test MSE group_1: 0.0426
Test MSE group_2: nan
Test MSE group_3: nan
Poisson likelihood: 0.0
CE loss: 0.0
train MSE group_0: 0.0332
train MSE group_1: 0.0376
train MSE group_2: nan
train MSE group_3: nan
CE loss (TEST): 0.0
