/Users/benjaminmaurel/Documents/Training_Sanofi/notebooks_hands_on/latent_ode/run_models.py
run_models.py --niters 3000 -n 200 -s 40 -l 10 --dataset PK_Tacro --latent-ode --noise-weight 0.01 --max-t 5. --seed 1 --experiment 34929
Experiment 34929
Epoch 1000 [Test seq (cond on sampled tp)] | Loss 202.073318 | Likelihood -199.822266 | KL fp 5.6299 | FP STD 0.1157|
KL coef: 0.9999522643707747
Train loss (one batch): 171.08941650390625
Train CE loss (one batch): 0.0
Test MSE (raw): 0.0407
Test MSE (smoothed with alpha=0.01): 0.0407
New best smoothed test MSE: 0.0407. Saving best model to experiments/experiment_34929_best.ckpt
Test MSE group_0: 0.0366
Test MSE group_1: 0.0446
Test MSE group_2: nan
Test MSE group_3: nan
Poisson likelihood: 0.0
CE loss: 0.0
train MSE group_0: 0.0305
train MSE group_1: 0.0372
train MSE group_2: nan
train MSE group_3: nan
CE loss (TEST): 0.0
Experiment 34929
Epoch 2000 [Test seq (cond on sampled tp)] | Loss 181.515381 | Likelihood -178.717499 | KL fp 5.4263 | FP STD 0.0646|
KL coef: 0.9999999979391934
Train loss (one batch): 150.6769256591797
Train CE loss (one batch): 0.0
Test MSE (raw): 0.0365
Test MSE (smoothed with alpha=0.01): 0.0407
New best smoothed test MSE: 0.0407. Saving best model to experiments/experiment_34929_best.ckpt
Test MSE group_0: 0.0338
Test MSE group_1: 0.0391
Test MSE group_2: nan
Test MSE group_3: nan
Poisson likelihood: 0.0
CE loss: 0.0
train MSE group_0: 0.0276
train MSE group_1: 0.0322
train MSE group_2: nan
train MSE group_3: nan
CE loss (TEST): 0.0
Experiment 34929
Epoch 3000 [Test seq (cond on sampled tp)] | Loss 165.409897 | Likelihood -163.643250 | KL fp 4.9433 | FP STD 0.0716|
KL coef: 0.9999999999999111
Train loss (one batch): 139.51705932617188
Train CE loss (one batch): 0.0
Test MSE (raw): 0.0335
Test MSE (smoothed with alpha=0.01): 0.0406
New best smoothed test MSE: 0.0406. Saving best model to experiments/experiment_34929_best.ckpt
Test MSE group_0: 0.0320
Test MSE group_1: 0.0349
Test MSE group_2: nan
Test MSE group_3: nan
Poisson likelihood: 0.0
CE loss: 0.0
train MSE group_0: 0.0270
train MSE group_1: 0.0287
train MSE group_2: nan
train MSE group_3: nan
CE loss (TEST): 0.0
