/Users/benjaminmaurel/Documents/Training_Sanofi/notebooks_hands_on/latent_ode/run_models.py
run_models.py --niters 3000 -n 200 -s 40 -l 10 --dataset PK_Tacro --latent-ode --noise-weight 0.01 --max-t 5. --seed 189 --experiment 34194
Experiment 34194
Epoch 1000 [Test seq (cond on sampled tp)] | Loss 163.774597 | Likelihood -163.864868 | KL fp 5.1909 | FP STD 0.2493|
KL coef: 0.9999522643707747
Train loss (one batch): 185.42279052734375
Train CE loss (one batch): 0.0
Test MSE (raw): 0.0335
Test MSE (smoothed with alpha=0.01): 0.0335
New best smoothed test MSE: 0.0335. Saving best model to experiments/experiment_34194_best.ckpt
Test MSE group_0: 0.0294
Test MSE group_1: 0.0376
Test MSE group_2: nan
Test MSE group_3: nan
Poisson likelihood: 0.0
CE loss: 0.0
train MSE group_0: 0.0315
train MSE group_1: 0.0426
train MSE group_2: nan
train MSE group_3: nan
CE loss (TEST): 0.0
Experiment 34194
Epoch 2000 [Test seq (cond on sampled tp)] | Loss 145.494171 | Likelihood -143.465454 | KL fp 5.1569 | FP STD 0.1652|
KL coef: 0.9999999979391934
Train loss (one batch): 161.04025268554688
Train CE loss (one batch): 0.0
Test MSE (raw): 0.0294
Test MSE (smoothed with alpha=0.01): 0.0335
New best smoothed test MSE: 0.0335. Saving best model to experiments/experiment_34194_best.ckpt
Test MSE group_0: 0.0274
Test MSE group_1: 0.0315
Test MSE group_2: nan
Test MSE group_3: nan
Poisson likelihood: 0.0
CE loss: 0.0
train MSE group_0: 0.0295
train MSE group_1: 0.0349
train MSE group_2: nan
train MSE group_3: nan
CE loss (TEST): 0.0
Experiment 34194
Epoch 3000 [Test seq (cond on sampled tp)] | Loss 141.460449 | Likelihood -139.536438 | KL fp 4.7728 | FP STD 0.1598|
KL coef: 0.9999999999999111
Train loss (one batch): 155.5789794921875
Train CE loss (one batch): 0.0
Test MSE (raw): 0.0286
Test MSE (smoothed with alpha=0.01): 0.0334
New best smoothed test MSE: 0.0334. Saving best model to experiments/experiment_34194_best.ckpt
Test MSE group_0: 0.0264
Test MSE group_1: 0.0309
Test MSE group_2: nan
Test MSE group_3: nan
Poisson likelihood: 0.0
CE loss: 0.0
train MSE group_0: 0.0282
train MSE group_1: 0.0340
train MSE group_2: nan
train MSE group_3: nan
CE loss (TEST): 0.0
