/Users/benjaminmaurel/Documents/Training_Sanofi/notebooks_hands_on/latent_ode/run_models.py
run_models.py --niters 3000 -n 200 -s 40 -l 10 --dataset PK_Tacro --latent-ode --noise-weight 0.01 --max-t 5. --seed 10 --experiment 16887
Experiment 16887
Epoch 1000 [Test seq (cond on sampled tp)] | Loss 234.486694 | Likelihood -231.883835 | KL fp 6.5275 | FP STD 0.1650|
KL coef: 0.9999522643707747
Train loss (one batch): 204.60830688476562
Train CE loss (one batch): 0.0
Test MSE (raw): 0.0471
Test MSE (smoothed with alpha=0.01): 0.0471
New best smoothed test MSE: 0.0471. Saving best model to experiments/experiment_16887_best.ckpt
Test MSE group_0: 0.0394
Test MSE group_1: 0.0546
Test MSE group_2: nan
Test MSE group_3: nan
Poisson likelihood: 0.0
CE loss: 0.0
train MSE group_0: 0.0338
train MSE group_1: 0.0509
train MSE group_2: nan
train MSE group_3: nan
CE loss (TEST): 0.0
Experiment 16887
Epoch 2000 [Test seq (cond on sampled tp)] | Loss 217.687653 | Likelihood -214.581604 | KL fp 6.3677 | FP STD 0.1278|
KL coef: 0.9999999979391934
Train loss (one batch): 183.98928833007812
Train CE loss (one batch): 0.0
Test MSE (raw): 0.0437
Test MSE (smoothed with alpha=0.01): 0.0471
New best smoothed test MSE: 0.0471. Saving best model to experiments/experiment_16887_best.ckpt
Test MSE group_0: 0.0388
Test MSE group_1: 0.0483
Test MSE group_2: nan
Test MSE group_3: nan
Poisson likelihood: 0.0
CE loss: 0.0
train MSE group_0: 0.0327
train MSE group_1: 0.0425
train MSE group_2: nan
train MSE group_3: nan
CE loss (TEST): 0.0
Experiment 16887
Epoch 3000 [Test seq (cond on sampled tp)] | Loss 204.804840 | Likelihood -201.600281 | KL fp 6.3199 | FP STD 0.1035|
KL coef: 0.9999999999999111
Train loss (one batch): 173.00308227539062
Train CE loss (one batch): 0.0
Test MSE (raw): 0.0411
Test MSE (smoothed with alpha=0.01): 0.0470
New best smoothed test MSE: 0.0470. Saving best model to experiments/experiment_16887_best.ckpt
Test MSE group_0: 0.0372
Test MSE group_1: 0.0448
Test MSE group_2: nan
Test MSE group_3: nan
Poisson likelihood: 0.0
CE loss: 0.0
train MSE group_0: 0.0310
train MSE group_1: 0.0393
train MSE group_2: nan
train MSE group_3: nan
CE loss (TEST): 0.0
