/Users/benjaminmaurel/Documents/Training_Sanofi/notebooks_hands_on/latent_ode/run_models.py
run_models.py --niters 3000 -n 200 -s 40 -l 10 --dataset PK_Tacro --latent-ode --noise-weight 0.01 --max-t 5. --seed 102 --experiment 23163
Experiment 23163
Epoch 1000 [Test seq (cond on sampled tp)] | Loss 170.578018 | Likelihood -167.951797 | KL fp 5.7419 | FP STD 0.1651|
KL coef: 0.9999522643707747
Train loss (one batch): 179.5272674560547
Train CE loss (one batch): 0.0
Test MSE (raw): 0.0343
Test MSE (smoothed with alpha=0.01): 0.0343
New best smoothed test MSE: 0.0343. Saving best model to experiments/experiment_23163_best.ckpt
Test MSE group_0: 0.0306
Test MSE group_1: 0.0380
Test MSE group_2: nan
Test MSE group_3: nan
Poisson likelihood: 0.0
CE loss: 0.0
train MSE group_0: 0.0318
train MSE group_1: 0.0399
train MSE group_2: nan
train MSE group_3: nan
CE loss (TEST): 0.0
Experiment 23163
Epoch 2000 [Test seq (cond on sampled tp)] | Loss 159.213531 | Likelihood -156.194672 | KL fp 5.8072 | FP STD 0.1263|
KL coef: 0.9999999979391934
Train loss (one batch): 167.28224182128906
Train CE loss (one batch): 0.0
Test MSE (raw): 0.0320
Test MSE (smoothed with alpha=0.01): 0.0343
New best smoothed test MSE: 0.0343. Saving best model to experiments/experiment_23163_best.ckpt
Test MSE group_0: 0.0303
Test MSE group_1: 0.0337
Test MSE group_2: nan
Test MSE group_3: nan
Poisson likelihood: 0.0
CE loss: 0.0
train MSE group_0: 0.0308
train MSE group_1: 0.0359
train MSE group_2: nan
train MSE group_3: nan
CE loss (TEST): 0.0
