/Users/benjaminmaurel/Documents/Training_Sanofi/notebooks_hands_on/latent_ode/run_models.py
run_models.py --niters 3000 -n 200 -s 40 -l 10 --dataset PK_Tacro --latent-ode --noise-weight 0.01 --max-t 5. --seed 44 --experiment 25424
Experiment 25424
Epoch 1000 [Test seq (cond on sampled tp)] | Loss 220.191849 | Likelihood -218.292999 | KL fp 5.7467 | FP STD 0.3056|
KL coef: 0.9999522643707747
Train loss (one batch): 208.00372314453125
Train CE loss (one batch): 0.0
Test MSE (raw): 0.0444
Test MSE (smoothed with alpha=0.01): 0.0444
New best smoothed test MSE: 0.0444. Saving best model to experiments/experiment_25424_best.ckpt
Test MSE group_0: 0.0395
Test MSE group_1: 0.0489
Test MSE group_2: nan
Test MSE group_3: nan
Poisson likelihood: 0.0
CE loss: 0.0
train MSE group_0: 0.0373
train MSE group_1: 0.0448
train MSE group_2: nan
train MSE group_3: nan
CE loss (TEST): 0.0
Experiment 25424
Epoch 2000 [Test seq (cond on sampled tp)] | Loss 210.755203 | Likelihood -209.001373 | KL fp 5.5891 | FP STD 0.3368|
KL coef: 0.9999999979391934
Train loss (one batch): 194.8782196044922
Train CE loss (one batch): 0.0
Test MSE (raw): 0.0425
Test MSE (smoothed with alpha=0.01): 0.0444
New best smoothed test MSE: 0.0444. Saving best model to experiments/experiment_25424_best.ckpt
Test MSE group_0: 0.0381
Test MSE group_1: 0.0466
Test MSE group_2: nan
Test MSE group_3: nan
Poisson likelihood: 0.0
CE loss: 0.0
train MSE group_0: 0.0360
train MSE group_1: 0.0414
train MSE group_2: nan
train MSE group_3: nan
CE loss (TEST): 0.0
Experiment 25424
Epoch 3000 [Test seq (cond on sampled tp)] | Loss 194.508362 | Likelihood -191.785126 | KL fp 5.7827 | FP STD 0.2993|
KL coef: 0.9999999999999111
Train loss (one batch): 177.4385528564453
Train CE loss (one batch): 0.0
Test MSE (raw): 0.0391
Test MSE (smoothed with alpha=0.01): 0.0443
New best smoothed test MSE: 0.0443. Saving best model to experiments/experiment_25424_best.ckpt
Test MSE group_0: 0.0354
Test MSE group_1: 0.0425
Test MSE group_2: nan
Test MSE group_3: nan
Poisson likelihood: 0.0
CE loss: 0.0
train MSE group_0: 0.0329
train MSE group_1: 0.0371
train MSE group_2: nan
train MSE group_3: nan
CE loss (TEST): 0.0
