/Users/benjaminmaurel/Documents/Training_Sanofi/notebooks_hands_on/latent_ode/run_models.py
run_models.py --niters 3000 -n 200 -s 40 -l 10 --dataset PK_Tacro --latent-ode --noise-weight 0.01 --max-t 5. --seed 39 --experiment 37578
Experiment 37578
Epoch 1000 [Test seq (cond on sampled tp)] | Loss 278.350616 | Likelihood -277.585449 | KL fp 5.8750 | FP STD 0.1760|
KL coef: 0.9999522643707747
Train loss (one batch): 258.1355285644531
Train CE loss (one batch): 0.0
Test MSE (raw): 0.0563
Test MSE (smoothed with alpha=0.01): 0.0563
New best smoothed test MSE: 0.0563. Saving best model to experiments/experiment_37578_best.ckpt
Test MSE group_0: 0.0465
Test MSE group_1: 0.0669
Test MSE group_2: nan
Test MSE group_3: nan
Poisson likelihood: 0.0
CE loss: 0.0
train MSE group_0: 0.0432
train MSE group_1: 0.0620
train MSE group_2: nan
train MSE group_3: nan
CE loss (TEST): 0.0
Experiment 37578
Epoch 2000 [Test seq (cond on sampled tp)] | Loss 246.696411 | Likelihood -247.124298 | KL fp 5.3241 | FP STD 0.2212|
KL coef: 0.9999999979391934
Train loss (one batch): 245.20127868652344
Train CE loss (one batch): 0.0
Test MSE (raw): 0.0502
Test MSE (smoothed with alpha=0.01): 0.0562
New best smoothed test MSE: 0.0562. Saving best model to experiments/experiment_37578_best.ckpt
Test MSE group_0: 0.0413
Test MSE group_1: 0.0599
Test MSE group_2: nan
Test MSE group_3: nan
Poisson likelihood: 0.0
CE loss: 0.0
train MSE group_0: 0.0410
train MSE group_1: 0.0579
train MSE group_2: nan
train MSE group_3: nan
CE loss (TEST): 0.0
Experiment 37578
Epoch 3000 [Test seq (cond on sampled tp)] | Loss 198.892746 | Likelihood -195.867935 | KL fp 5.9544 | FP STD 0.1140|
KL coef: 0.9999999999999111
Train loss (one batch): 185.89288330078125
Train CE loss (one batch): 0.0
Test MSE (raw): 0.0399
Test MSE (smoothed with alpha=0.01): 0.0560
New best smoothed test MSE: 0.0560. Saving best model to experiments/experiment_37578_best.ckpt
Test MSE group_0: 0.0337
Test MSE group_1: 0.0468
Test MSE group_2: nan
Test MSE group_3: nan
Poisson likelihood: 0.0
CE loss: 0.0
train MSE group_0: 0.0317
train MSE group_1: 0.0428
train MSE group_2: nan
train MSE group_3: nan
CE loss (TEST): 0.0
