/Users/benjaminmaurel/Documents/Training_Sanofi/notebooks_hands_on/latent_ode/run_models.py
run_models.py --niters 3000 -n 200 -s 40 -l 10 --dataset PK_Tacro --latent-ode --noise-weight 0.01 --max-t 5. --seed 126 --experiment 41609
Experiment 41609
Epoch 1000 [Test seq (cond on sampled tp)] | Loss 164.161377 | Likelihood -163.089386 | KL fp 4.3759 | FP STD 0.2578|
KL coef: 0.9999522643707747
Train loss (one batch): 165.5133514404297
Train CE loss (one batch): 0.0
Test MSE (raw): 0.0334
Test MSE (smoothed with alpha=0.01): 0.0334
New best smoothed test MSE: 0.0334. Saving best model to experiments/experiment_41609_best.ckpt
Test MSE group_0: 0.0299
Test MSE group_1: 0.0367
Test MSE group_2: nan
Test MSE group_3: nan
Poisson likelihood: 0.0
CE loss: 0.0
train MSE group_0: 0.0270
train MSE group_1: 0.0391
train MSE group_2: nan
train MSE group_3: nan
CE loss (TEST): 0.0
Experiment 41609
Epoch 2000 [Test seq (cond on sampled tp)] | Loss 145.633224 | Likelihood -144.232666 | KL fp 4.4131 | FP STD 0.2315|
KL coef: 0.9999999979391934
Train loss (one batch): 141.81997680664062
Train CE loss (one batch): 0.0
Test MSE (raw): 0.0296
Test MSE (smoothed with alpha=0.01): 0.0333
New best smoothed test MSE: 0.0333. Saving best model to experiments/experiment_41609_best.ckpt
Test MSE group_0: 0.0272
Test MSE group_1: 0.0319
Test MSE group_2: nan
Test MSE group_3: nan
Poisson likelihood: 0.0
CE loss: 0.0
train MSE group_0: 0.0233
train MSE group_1: 0.0333
train MSE group_2: nan
train MSE group_3: nan
CE loss (TEST): 0.0
Experiment 41609
Epoch 3000 [Test seq (cond on sampled tp)] | Loss 140.807999 | Likelihood -138.828369 | KL fp 4.5129 | FP STD 0.1982|
KL coef: 0.9999999999999111
Train loss (one batch): 134.43081665039062
Train CE loss (one batch): 0.0
Test MSE (raw): 0.0285
Test MSE (smoothed with alpha=0.01): 0.0333
New best smoothed test MSE: 0.0333. Saving best model to experiments/experiment_41609_best.ckpt
Test MSE group_0: 0.0259
Test MSE group_1: 0.0310
Test MSE group_2: nan
Test MSE group_3: nan
Poisson likelihood: 0.0
CE loss: 0.0
train MSE group_0: 0.0217
train MSE group_1: 0.0318
train MSE group_2: nan
train MSE group_3: nan
CE loss (TEST): 0.0
