/Users/benjaminmaurel/Documents/Training_Sanofi/notebooks_hands_on/latent_ode/run_models.py
run_models.py --niters 3000 -n 200 -s 40 -l 10 --dataset PK_Tacro --latent-ode --noise-weight 0.01 --max-t 5. --seed 1 --experiment 14849
Experiment 14849
Epoch 1000 [Test seq (cond on sampled tp)] | Loss 165.051270 | Likelihood -162.098907 | KL fp 6.1698 | FP STD 0.0937|
KL coef: 0.9999522643707747
Train loss (one batch): 163.32949829101562
Train CE loss (one batch): 0.0
Test MSE (raw): 0.0332
Test MSE (smoothed with alpha=0.01): 0.0332
New best smoothed test MSE: 0.0332. Saving best model to experiments/experiment_14849_best.ckpt
Test MSE group_0: 0.0291
Test MSE group_1: 0.0370
Test MSE group_2: nan
Test MSE group_3: nan
Poisson likelihood: 0.0
CE loss: 0.0
train MSE group_0: 0.0286
train MSE group_1: 0.0373
train MSE group_2: nan
train MSE group_3: nan
CE loss (TEST): 0.0
Experiment 14849
Epoch 2000 [Test seq (cond on sampled tp)] | Loss 147.980377 | Likelihood -144.480194 | KL fp 6.1710 | FP STD 0.0842|
KL coef: 0.9999999979391934
Train loss (one batch): 143.6887969970703
Train CE loss (one batch): 0.0
Test MSE (raw): 0.0296
Test MSE (smoothed with alpha=0.01): 0.0331
New best smoothed test MSE: 0.0331. Saving best model to experiments/experiment_14849_best.ckpt
Test MSE group_0: 0.0270
Test MSE group_1: 0.0322
Test MSE group_2: nan
Test MSE group_3: nan
Poisson likelihood: 0.0
CE loss: 0.0
train MSE group_0: 0.0265
train MSE group_1: 0.0312
train MSE group_2: nan
train MSE group_3: nan
CE loss (TEST): 0.0
Experiment 14849
Epoch 3000 [Test seq (cond on sampled tp)] | Loss 133.762146 | Likelihood -130.496918 | KL fp 5.9381 | FP STD 0.0783|
KL coef: 0.9999999999999111
Train loss (one batch): 129.6280059814453
Train CE loss (one batch): 0.0
Test MSE (raw): 0.0268
Test MSE (smoothed with alpha=0.01): 0.0331
New best smoothed test MSE: 0.0331. Saving best model to experiments/experiment_14849_best.ckpt
Test MSE group_0: 0.0249
Test MSE group_1: 0.0287
Test MSE group_2: nan
Test MSE group_3: nan
Poisson likelihood: 0.0
CE loss: 0.0
train MSE group_0: 0.0246
train MSE group_1: 0.0272
train MSE group_2: nan
train MSE group_3: nan
CE loss (TEST): 0.0
