/Users/benjaminmaurel/Documents/Training_Sanofi/notebooks_hands_on/latent_ode/run_models.py
run_models.py --niters 3000 -n 200 -s 40 -l 10 --dataset PK_Tacro --latent-ode --noise-weight 0.01 --max-t 5. --seed 11 --experiment 32956
Experiment 32956
Epoch 1000 [Test seq (cond on sampled tp)] | Loss 253.199356 | Likelihood -250.282043 | KL fp 5.5054 | FP STD 0.1606|
KL coef: 0.9999522643707747
Train loss (one batch): 252.12367248535156
Train CE loss (one batch): 0.0
Test MSE (raw): 0.0508
Test MSE (smoothed with alpha=0.01): 0.0508
New best smoothed test MSE: 0.0508. Saving best model to experiments/experiment_32956_best.ckpt
Test MSE group_0: 0.0434
Test MSE group_1: 0.0580
Test MSE group_2: nan
Test MSE group_3: nan
Poisson likelihood: 0.0
CE loss: 0.0
train MSE group_0: 0.0470
train MSE group_1: 0.0540
train MSE group_2: nan
train MSE group_3: nan
CE loss (TEST): 0.0
Experiment 32956
Epoch 2000 [Test seq (cond on sampled tp)] | Loss 224.300598 | Likelihood -221.716263 | KL fp 5.6439 | FP STD 0.2154|
KL coef: 0.9999999979391934
Train loss (one batch): 220.58616638183594
Train CE loss (one batch): 0.0
Test MSE (raw): 0.0451
Test MSE (smoothed with alpha=0.01): 0.0507
New best smoothed test MSE: 0.0507. Saving best model to experiments/experiment_32956_best.ckpt
Test MSE group_0: 0.0388
Test MSE group_1: 0.0511
Test MSE group_2: nan
Test MSE group_3: nan
Poisson likelihood: 0.0
CE loss: 0.0
train MSE group_0: 0.0414
train MSE group_1: 0.0468
train MSE group_2: nan
train MSE group_3: nan
CE loss (TEST): 0.0
Experiment 32956
Epoch 3000 [Test seq (cond on sampled tp)] | Loss 205.007584 | Likelihood -202.333862 | KL fp 5.6579 | FP STD 0.1222|
KL coef: 0.9999999999999111
Train loss (one batch): 199.1836395263672
Train CE loss (one batch): 0.0
Test MSE (raw): 0.0412
Test MSE (smoothed with alpha=0.01): 0.0506
New best smoothed test MSE: 0.0506. Saving best model to experiments/experiment_32956_best.ckpt
Test MSE group_0: 0.0364
Test MSE group_1: 0.0458
Test MSE group_2: nan
Test MSE group_3: nan
Poisson likelihood: 0.0
CE loss: 0.0
train MSE group_0: 0.0382
train MSE group_1: 0.0415
train MSE group_2: nan
train MSE group_3: nan
CE loss (TEST): 0.0
