/Users/benjaminmaurel/Documents/Training_Sanofi/notebooks_hands_on/latent_ode/run_models.py
run_models.py --niters 3000 -n 200 -s 40 -l 10 --dataset PK_Tacro --latent-ode --noise-weight 0.01 --max-t 5. --seed 30 --experiment 24501
Experiment 24501
Epoch 1000 [Test seq (cond on sampled tp)] | Loss 163.417374 | Likelihood -165.183182 | KL fp 4.1419 | FP STD 0.1306|
KL coef: 0.9999522643707747
Train loss (one batch): 166.47926330566406
Train CE loss (one batch): 0.0
Test MSE (raw): 0.0338
Test MSE (smoothed with alpha=0.01): 0.0338
New best smoothed test MSE: 0.0338. Saving best model to experiments/experiment_24501_best.ckpt
Test MSE group_0: 0.0289
Test MSE group_1: 0.0386
Test MSE group_2: nan
Test MSE group_3: nan
Poisson likelihood: 0.0
CE loss: 0.0
train MSE group_0: 0.0297
train MSE group_1: 0.0378
train MSE group_2: nan
train MSE group_3: nan
CE loss (TEST): 0.0
Experiment 24501
Epoch 2000 [Test seq (cond on sampled tp)] | Loss 148.221985 | Likelihood -147.255249 | KL fp 4.2068 | FP STD 0.1190|
KL coef: 0.9999999979391934
Train loss (one batch): 147.86293029785156
Train CE loss (one batch): 0.0
Test MSE (raw): 0.0302
Test MSE (smoothed with alpha=0.01): 0.0337
New best smoothed test MSE: 0.0337. Saving best model to experiments/experiment_24501_best.ckpt
Test MSE group_0: 0.0273
Test MSE group_1: 0.0331
Test MSE group_2: nan
Test MSE group_3: nan
Poisson likelihood: 0.0
CE loss: 0.0
train MSE group_0: 0.0279
train MSE group_1: 0.0316
train MSE group_2: nan
train MSE group_3: nan
CE loss (TEST): 0.0
Experiment 24501
Epoch 3000 [Test seq (cond on sampled tp)] | Loss 156.028015 | Likelihood -156.677109 | KL fp 4.1918 | FP STD 0.1247|
KL coef: 0.9999999999999111
Train loss (one batch): 153.39004516601562
Train CE loss (one batch): 0.0
Test MSE (raw): 0.0321
Test MSE (smoothed with alpha=0.01): 0.0337
New best smoothed test MSE: 0.0337. Saving best model to experiments/experiment_24501_best.ckpt
Test MSE group_0: 0.0278
Test MSE group_1: 0.0363
Test MSE group_2: nan
Test MSE group_3: nan
Poisson likelihood: 0.0
CE loss: 0.0
train MSE group_0: 0.0277
train MSE group_1: 0.0341
train MSE group_2: nan
train MSE group_3: nan
CE loss (TEST): 0.0
