/Users/benjaminmaurel/Documents/Training_Sanofi/notebooks_hands_on/latent_ode/run_models.py
run_models.py --niters 5000 -n 200 -s 40 -l 10 --dataset PK_Tacro --latent-ode --noise-weight 0.01 --max-t 5. --seed 1 --experiment 19980
Experiment 19980
Epoch 0010 [Test seq (cond on sampled tp)] | Loss 2130.573486 | Likelihood -2440.171387 | KL fp 2.9023 | FP STD 0.7703|
KL coef: 0.0
Train loss (one batch): 5312.39013671875
Train CE loss (one batch): 0.0
Test MSE (raw): 0.4888
Test MSE (smoothed with alpha=0.01): 0.4888
New best smoothed test MSE: 0.4888. Saving best model to experiments/experiment_19980_best.ckpt
Test MSE group_0: 0.6134
Test MSE group_1: 0.3196
Test MSE group_2: nan
Test MSE group_3: nan
Poisson likelihood: 0.0
CE loss: 0.0
train MSE group_0: 1.3839
train MSE group_1: 0.8422
train MSE group_2: nan
train MSE group_3: nan
CE loss (TEST): 0.0
Experiment 19980
Epoch 0020 [Test seq (cond on sampled tp)] | Loss 1161.266602 | Likelihood -1303.182495 | KL fp 4.9148 | FP STD 0.3960|
KL coef: 0.09561792499119559
Train loss (one batch): 1292.02587890625
Train CE loss (one batch): 0.0
Test MSE (raw): 0.2614
Test MSE (smoothed with alpha=0.01): 0.4865
New best smoothed test MSE: 0.4865. Saving best model to experiments/experiment_19980_best.ckpt
Test MSE group_0: 0.1522
Test MSE group_1: 0.4095
Test MSE group_2: nan
Test MSE group_3: nan
Poisson likelihood: 0.0
CE loss: 0.0
train MSE group_0: 0.1619
train MSE group_1: 0.3709
train MSE group_2: nan
train MSE group_3: nan
CE loss (TEST): 0.0
Experiment 19980
Epoch 0030 [Test seq (cond on sampled tp)] | Loss 838.241882 | Likelihood -886.750000 | KL fp 4.6372 | FP STD 0.3196|
KL coef: 0.18209306240276923
Train loss (one batch): 891.3710327148438
Train CE loss (one batch): 0.0
Test MSE (raw): 0.1781
Test MSE (smoothed with alpha=0.01): 0.4834
New best smoothed test MSE: 0.4834. Saving best model to experiments/experiment_19980_best.ckpt
Test MSE group_0: 0.1505
Test MSE group_1: 0.2156
Test MSE group_2: nan
Test MSE group_3: nan
Poisson likelihood: 0.0
CE loss: 0.0
train MSE group_0: 0.1656
train MSE group_1: 0.1939
train MSE group_2: nan
train MSE group_3: nan
CE loss (TEST): 0.0
Experiment 19980
Epoch 0040 [Test seq (cond on sampled tp)] | Loss 779.528870 | Likelihood -823.920532 | KL fp 4.2719 | FP STD 0.2508|
KL coef: 0.2602996266117198
Train loss (one batch): 818.767822265625
Train CE loss (one batch): 0.0
Test MSE (raw): 0.1655
Test MSE (smoothed with alpha=0.01): 0.4802
New best smoothed test MSE: 0.4802. Saving best model to experiments/experiment_19980_best.ckpt
Test MSE group_0: 0.1433
Test MSE group_1: 0.1956
Test MSE group_2: nan
Test MSE group_3: nan
Poisson likelihood: 0.0
CE loss: 0.0
train MSE group_0: 0.1781
train MSE group_1: 0.1633
train MSE group_2: nan
train MSE group_3: nan
CE loss (TEST): 0.0
Experiment 19980
Epoch 0050 [Test seq (cond on sampled tp)] | Loss 817.660278 | Likelihood -838.216675 | KL fp 4.4165 | FP STD 0.2297|
KL coef: 0.3310282414303197
Train loss (one batch): 804.1318969726562
Train CE loss (one batch): 0.0
Test MSE (raw): 0.1684
Test MSE (smoothed with alpha=0.01): 0.4771
New best smoothed test MSE: 0.4771. Saving best model to experiments/experiment_19980_best.ckpt
Test MSE group_0: 0.1380
Test MSE group_1: 0.2096
Test MSE group_2: nan
Test MSE group_3: nan
Poisson likelihood: 0.0
CE loss: 0.0
train MSE group_0: 0.1615
train MSE group_1: 0.1701
train MSE group_2: nan
train MSE group_3: nan
CE loss (TEST): 0.0
Experiment 19980
Epoch 0060 [Test seq (cond on sampled tp)] | Loss 787.908081 | Likelihood -824.138489 | KL fp 5.0227 | FP STD 0.1687|
KL coef: 0.39499393286246365
Train loss (one batch): 817.06884765625
Train CE loss (one batch): 0.0
Test MSE (raw): 0.1656
Test MSE (smoothed with alpha=0.01): 0.4740
New best smoothed test MSE: 0.4740. Saving best model to experiments/experiment_19980_best.ckpt
Test MSE group_0: 0.1318
Test MSE group_1: 0.2114
Test MSE group_2: nan
Test MSE group_3: nan
Poisson likelihood: 0.0
CE loss: 0.0
train MSE group_0: 0.1553
train MSE group_1: 0.1729
train MSE group_2: nan
train MSE group_3: nan
CE loss (TEST): 0.0
Experiment 19980
Epoch 0070 [Test seq (cond on sampled tp)] | Loss 786.979370 | Likelihood -813.493042 | KL fp 4.8130 | FP STD 0.2219|
KL coef: 0.4528433576092388
Train loss (one batch): 791.3861083984375
Train CE loss (one batch): 0.0
Test MSE (raw): 0.1634
Test MSE (smoothed with alpha=0.01): 0.4709
New best smoothed test MSE: 0.4709. Saving best model to experiments/experiment_19980_best.ckpt
Test MSE group_0: 0.1306
Test MSE group_1: 0.2080
Test MSE group_2: nan
Test MSE group_3: nan
Poisson likelihood: 0.0
CE loss: 0.0
train MSE group_0: 0.1447
train MSE group_1: 0.1763
train MSE group_2: nan
train MSE group_3: nan
CE loss (TEST): 0.0
Experiment 19980
Epoch 0080 [Test seq (cond on sampled tp)] | Loss 739.127441 | Likelihood -792.095581 | KL fp 4.7272 | FP STD 0.2251|
KL coef: 0.505161340399793
Train loss (one batch): 787.3140258789062
Train CE loss (one batch): 0.0
Test MSE (raw): 0.1592
Test MSE (smoothed with alpha=0.01): 0.4678
New best smoothed test MSE: 0.4678. Saving best model to experiments/experiment_19980_best.ckpt
Test MSE group_0: 0.1294
Test MSE group_1: 0.1995
Test MSE group_2: nan
Test MSE group_3: nan
Poisson likelihood: 0.0
CE loss: 0.0
train MSE group_0: 0.1530
train MSE group_1: 0.1674
train MSE group_2: nan
train MSE group_3: nan
CE loss (TEST): 0.0
Experiment 19980
Epoch 0090 [Test seq (cond on sampled tp)] | Loss 748.125244 | Likelihood -795.959717 | KL fp 4.7648 | FP STD 0.1842|
KL coef: 0.5524767862361895
Train loss (one batch): 786.2078247070312
Train CE loss (one batch): 0.0
Test MSE (raw): 0.1599
Test MSE (smoothed with alpha=0.01): 0.4647
New best smoothed test MSE: 0.4647. Saving best model to experiments/experiment_19980_best.ckpt
Test MSE group_0: 0.1269
Test MSE group_1: 0.2047
Test MSE group_2: nan
Test MSE group_3: nan
Poisson likelihood: 0.0
CE loss: 0.0
train MSE group_0: 0.1493
train MSE group_1: 0.1708
train MSE group_2: nan
train MSE group_3: nan
CE loss (TEST): 0.0
Experiment 19980
Epoch 0100 [Test seq (cond on sampled tp)] | Loss 761.577637 | Likelihood -781.127075 | KL fp 4.8853 | FP STD 0.1656|
KL coef: 0.5952680273216762
Train loss (one batch): 782.7440795898438
Train CE loss (one batch): 0.0
Test MSE (raw): 0.1570
Test MSE (smoothed with alpha=0.01): 0.4616
New best smoothed test MSE: 0.4616. Saving best model to experiments/experiment_19980_best.ckpt
Test MSE group_0: 0.1251
Test MSE group_1: 0.2001
Test MSE group_2: nan
Test MSE group_3: nan
Poisson likelihood: 0.0
CE loss: 0.0
train MSE group_0: 0.1474
train MSE group_1: 0.1676
train MSE group_2: nan
train MSE group_3: nan
CE loss (TEST): 0.0
Experiment 19980
Epoch 0110 [Test seq (cond on sampled tp)] | Loss 767.260132 | Likelihood -783.154785 | KL fp 4.7370 | FP STD 0.2047|
KL coef: 0.6339676587267709
Train loss (one batch): 758.1046142578125
Train CE loss (one batch): 0.0
Test MSE (raw): 0.1574
Test MSE (smoothed with alpha=0.01): 0.4586
New best smoothed test MSE: 0.4586. Saving best model to experiments/experiment_19980_best.ckpt
Test MSE group_0: 0.1264
Test MSE group_1: 0.1994
Test MSE group_2: nan
Test MSE group_3: nan
Poisson likelihood: 0.0
CE loss: 0.0
train MSE group_0: 0.1478
train MSE group_1: 0.1658
train MSE group_2: nan
train MSE group_3: nan
CE loss (TEST): 0.0
Experiment 19980
Epoch 0120 [Test seq (cond on sampled tp)] | Loss 730.684387 | Likelihood -762.682922 | KL fp 4.6028 | FP STD 0.1988|
KL coef: 0.6689669116789861
Train loss (one batch): 759.3959350585938
Train CE loss (one batch): 0.0
Test MSE (raw): 0.1533
Test MSE (smoothed with alpha=0.01): 0.4555
New best smoothed test MSE: 0.4555. Saving best model to experiments/experiment_19980_best.ckpt
Test MSE group_0: 0.1237
Test MSE group_1: 0.1934
Test MSE group_2: nan
Test MSE group_3: nan
Poisson likelihood: 0.0
CE loss: 0.0
train MSE group_0: 0.1427
train MSE group_1: 0.1624
train MSE group_2: nan
train MSE group_3: nan
CE loss (TEST): 0.0
Experiment 19980
Epoch 0130 [Test seq (cond on sampled tp)] | Loss 716.815369 | Likelihood -735.531921 | KL fp 4.4231 | FP STD 0.2222|
KL coef: 0.7006196086876687
Train loss (one batch): 740.4508056640625
Train CE loss (one batch): 0.0
Test MSE (raw): 0.1478
Test MSE (smoothed with alpha=0.01): 0.4524
New best smoothed test MSE: 0.4524. Saving best model to experiments/experiment_19980_best.ckpt
Test MSE group_0: 0.1189
Test MSE group_1: 0.1871
Test MSE group_2: nan
Test MSE group_3: nan
Poisson likelihood: 0.0
CE loss: 0.0
train MSE group_0: 0.1420
train MSE group_1: 0.1560
train MSE group_2: nan
train MSE group_3: nan
CE loss (TEST): 0.0
Experiment 19980
Epoch 0140 [Test seq (cond on sampled tp)] | Loss 619.414062 | Likelihood -638.633423 | KL fp 4.9134 | FP STD 0.1531|
KL coef: 0.729245740488006
Train loss (one batch): 681.6114501953125
Train CE loss (one batch): 0.0
Test MSE (raw): 0.1285
Test MSE (smoothed with alpha=0.01): 0.4492
New best smoothed test MSE: 0.4492. Saving best model to experiments/experiment_19980_best.ckpt
Test MSE group_0: 0.1086
Test MSE group_1: 0.1554
Test MSE group_2: nan
Test MSE group_3: nan
Poisson likelihood: 0.0
CE loss: 0.0
train MSE group_0: 0.1317
train MSE group_1: 0.1436
train MSE group_2: nan
train MSE group_3: nan
CE loss (TEST): 0.0
Experiment 19980
Epoch 0150 [Test seq (cond on sampled tp)] | Loss 526.476501 | Likelihood -557.149780 | KL fp 4.4861 | FP STD 0.1907|
KL coef: 0.7551347009650705
Train loss (one batch): 561.2349243164062
Train CE loss (one batch): 0.0
Test MSE (raw): 0.1122
Test MSE (smoothed with alpha=0.01): 0.4458
New best smoothed test MSE: 0.4458. Saving best model to experiments/experiment_19980_best.ckpt
Test MSE group_0: 0.1001
Test MSE group_1: 0.1286
Test MSE group_2: nan
Test MSE group_3: nan
Poisson likelihood: 0.0
CE loss: 0.0
train MSE group_0: 0.1134
train MSE group_1: 0.1122
train MSE group_2: nan
train MSE group_3: nan
CE loss (TEST): 0.0
Experiment 19980
Epoch 0160 [Test seq (cond on sampled tp)] | Loss 471.009552 | Likelihood -484.134460 | KL fp 4.9536 | FP STD 0.1464|
KL coef: 0.7785482127611391
Train loss (one batch): 445.6764221191406
Train CE loss (one batch): 0.0
Test MSE (raw): 0.0976
Test MSE (smoothed with alpha=0.01): 0.4424
New best smoothed test MSE: 0.4424. Saving best model to experiments/experiment_19980_best.ckpt
Test MSE group_0: 0.0907
Test MSE group_1: 0.1068
Test MSE group_2: nan
Test MSE group_3: nan
Poisson likelihood: 0.0
CE loss: 0.0
train MSE group_0: 0.0871
train MSE group_1: 0.0931
train MSE group_2: nan
train MSE group_3: nan
CE loss (TEST): 0.0
Experiment 19980
Epoch 0170 [Test seq (cond on sampled tp)] | Loss 390.459564 | Likelihood -408.169250 | KL fp 4.5860 | FP STD 0.2034|
KL coef: 0.7997229731425107
Train loss (one batch): 368.73614501953125
Train CE loss (one batch): 0.0
Test MSE (raw): 0.0824
Test MSE (smoothed with alpha=0.01): 0.4388
New best smoothed test MSE: 0.4388. Saving best model to experiments/experiment_19980_best.ckpt
Test MSE group_0: 0.0759
Test MSE group_1: 0.0912
Test MSE group_2: nan
Test MSE group_3: nan
Poisson likelihood: 0.0
CE loss: 0.0
train MSE group_0: 0.0824
train MSE group_1: 0.0717
train MSE group_2: nan
train MSE group_3: nan
CE loss (TEST): 0.0
Experiment 19980
Epoch 0180 [Test seq (cond on sampled tp)] | Loss 553.355957 | Likelihood -566.711548 | KL fp 4.7641 | FP STD 0.2049|
KL coef: 0.8188730468740297
Train loss (one batch): 432.51666259765625
Train CE loss (one batch): 0.0
Test MSE (raw): 0.1141
Test MSE (smoothed with alpha=0.01): 0.4355
New best smoothed test MSE: 0.4355. Saving best model to experiments/experiment_19980_best.ckpt
Test MSE group_0: 0.1087
Test MSE group_1: 0.1213
Test MSE group_2: nan
Test MSE group_3: nan
Poisson likelihood: 0.0
CE loss: 0.0
train MSE group_0: 0.0728
train MSE group_1: 0.1001
train MSE group_2: nan
train MSE group_3: nan
CE loss (TEST): 0.0
Experiment 19980
Epoch 0190 [Test seq (cond on sampled tp)] | Loss 353.485138 | Likelihood -370.362244 | KL fp 4.3036 | FP STD 0.1737|
KL coef: 0.8361920302919126
Train loss (one batch): 321.8391418457031
Train CE loss (one batch): 0.0
Test MSE (raw): 0.0748
Test MSE (smoothed with alpha=0.01): 0.4319
New best smoothed test MSE: 0.4319. Saving best model to experiments/experiment_19980_best.ckpt
Test MSE group_0: 0.0553
Test MSE group_1: 0.1013
Test MSE group_2: nan
Test MSE group_3: nan
Poisson likelihood: 0.0
CE loss: 0.0
train MSE group_0: 0.0630
train MSE group_1: 0.0669
train MSE group_2: nan
train MSE group_3: nan
CE loss (TEST): 0.0
Experiment 19980
Epoch 0200 [Test seq (cond on sampled tp)] | Loss 316.945801 | Likelihood -321.311249 | KL fp 4.9219 | FP STD 0.1525|
KL coef: 0.8518550084524206
Train loss (one batch): 290.1271057128906
Train CE loss (one batch): 0.0
Test MSE (raw): 0.0650
Test MSE (smoothed with alpha=0.01): 0.4282
New best smoothed test MSE: 0.4282. Saving best model to experiments/experiment_19980_best.ckpt
Test MSE group_0: 0.0543
Test MSE group_1: 0.0795
Test MSE group_2: nan
Test MSE group_3: nan
Poisson likelihood: 0.0
CE loss: 0.0
train MSE group_0: 0.0594
train MSE group_1: 0.0591
train MSE group_2: nan
train MSE group_3: nan
CE loss (TEST): 0.0
Experiment 19980
Epoch 0210 [Test seq (cond on sampled tp)] | Loss 273.212799 | Likelihood -283.388458 | KL fp 4.9834 | FP STD 0.1324|
KL coef: 0.8660203251420383
Train loss (one batch): 260.7255859375
Train CE loss (one batch): 0.0
Test MSE (raw): 0.0574
Test MSE (smoothed with alpha=0.01): 0.4245
New best smoothed test MSE: 0.4245. Saving best model to experiments/experiment_19980_best.ckpt
Test MSE group_0: 0.0455
Test MSE group_1: 0.0736
Test MSE group_2: nan
Test MSE group_3: nan
Poisson likelihood: 0.0
CE loss: 0.0
train MSE group_0: 0.0533
train MSE group_1: 0.0527
train MSE group_2: nan
train MSE group_3: nan
CE loss (TEST): 0.0
Experiment 19980
Epoch 0220 [Test seq (cond on sampled tp)] | Loss 257.613464 | Likelihood -264.075684 | KL fp 4.7673 | FP STD 0.1495|
KL coef: 0.8788311836429517
Train loss (one batch): 248.2663116455078
Train CE loss (one batch): 0.0
Test MSE (raw): 0.0536
Test MSE (smoothed with alpha=0.01): 0.4208
New best smoothed test MSE: 0.4208. Saving best model to experiments/experiment_19980_best.ckpt
Test MSE group_0: 0.0425
Test MSE group_1: 0.0686
Test MSE group_2: nan
Test MSE group_3: nan
Poisson likelihood: 0.0
CE loss: 0.0
train MSE group_0: 0.0486
train MSE group_1: 0.0523
train MSE group_2: nan
train MSE group_3: nan
CE loss (TEST): 0.0
Experiment 19980
Epoch 0230 [Test seq (cond on sampled tp)] | Loss 248.601059 | Likelihood -255.157059 | KL fp 4.5922 | FP STD 0.1971|
KL coef: 0.8904170944366518
Train loss (one batch): 236.36538696289062
Train CE loss (one batch): 0.0
Test MSE (raw): 0.0518
Test MSE (smoothed with alpha=0.01): 0.4171
New best smoothed test MSE: 0.4171. Saving best model to experiments/experiment_19980_best.ckpt
Test MSE group_0: 0.0402
Test MSE group_1: 0.0675
Test MSE group_2: nan
Test MSE group_3: nan
Poisson likelihood: 0.0
CE loss: 0.0
train MSE group_0: 0.0471
train MSE group_1: 0.0481
train MSE group_2: nan
train MSE group_3: nan
CE loss (TEST): 0.0
Experiment 19980
Epoch 0240 [Test seq (cond on sampled tp)] | Loss 235.188980 | Likelihood -238.835602 | KL fp 4.4234 | FP STD 0.2073|
KL coef: 0.9008951844811254
Train loss (one batch): 222.80520629882812
Train CE loss (one batch): 0.0
Test MSE (raw): 0.0485
Test MSE (smoothed with alpha=0.01): 0.4134
New best smoothed test MSE: 0.4134. Saving best model to experiments/experiment_19980_best.ckpt
Test MSE group_0: 0.0356
Test MSE group_1: 0.0660
Test MSE group_2: nan
Test MSE group_3: nan
Poisson likelihood: 0.0
CE loss: 0.0
train MSE group_0: 0.0415
train MSE group_1: 0.0481
train MSE group_2: nan
train MSE group_3: nan
CE loss (TEST): 0.0
Experiment 19980
Epoch 0250 [Test seq (cond on sampled tp)] | Loss 222.668823 | Likelihood -231.227875 | KL fp 4.3562 | FP STD 0.2000|
KL coef: 0.9103713812976754
Train loss (one batch): 220.35813903808594
Train CE loss (one batch): 0.0
Test MSE (raw): 0.0470
Test MSE (smoothed with alpha=0.01): 0.4098
New best smoothed test MSE: 0.4098. Saving best model to experiments/experiment_19980_best.ckpt
Test MSE group_0: 0.0335
Test MSE group_1: 0.0653
Test MSE group_2: nan
Test MSE group_3: nan
Poisson likelihood: 0.0
CE loss: 0.0
train MSE group_0: 0.0423
train MSE group_1: 0.0476
train MSE group_2: nan
train MSE group_3: nan
CE loss (TEST): 0.0
Experiment 19980
Epoch 0260 [Test seq (cond on sampled tp)] | Loss 239.779907 | Likelihood -247.256561 | KL fp 4.2866 | FP STD 0.2363|
KL coef: 0.9189414838378187
Train loss (one batch): 249.46327209472656
Train CE loss (one batch): 0.0
Test MSE (raw): 0.0502
Test MSE (smoothed with alpha=0.01): 0.4062
New best smoothed test MSE: 0.4062. Saving best model to experiments/experiment_19980_best.ckpt
Test MSE group_0: 0.0387
Test MSE group_1: 0.0658
Test MSE group_2: nan
Test MSE group_3: nan
Poisson likelihood: 0.0
CE loss: 0.0
train MSE group_0: 0.0466
train MSE group_1: 0.0535
train MSE group_2: nan
train MSE group_3: nan
CE loss (TEST): 0.0
Experiment 19980
Epoch 0270 [Test seq (cond on sampled tp)] | Loss 227.506836 | Likelihood -231.470413 | KL fp 4.4498 | FP STD 0.2056|
KL coef: 0.9266921309561118
Train loss (one batch): 215.53677368164062
Train CE loss (one batch): 0.0
Test MSE (raw): 0.0470
Test MSE (smoothed with alpha=0.01): 0.4026
New best smoothed test MSE: 0.4026. Saving best model to experiments/experiment_19980_best.ckpt
Test MSE group_0: 0.0363
Test MSE group_1: 0.0615
Test MSE group_2: nan
Test MSE group_3: nan
Poisson likelihood: 0.0
CE loss: 0.0
train MSE group_0: 0.0402
train MSE group_1: 0.0467
train MSE group_2: nan
train MSE group_3: nan
CE loss (TEST): 0.0
Experiment 19980
Epoch 0280 [Test seq (cond on sampled tp)] | Loss 211.058044 | Likelihood -221.757416 | KL fp 4.4056 | FP STD 0.1809|
KL coef: 0.9337016772796147
Train loss (one batch): 205.09547424316406
Train CE loss (one batch): 0.0
Test MSE (raw): 0.0451
Test MSE (smoothed with alpha=0.01): 0.3990
New best smoothed test MSE: 0.3990. Saving best model to experiments/experiment_19980_best.ckpt
Test MSE group_0: 0.0340
Test MSE group_1: 0.0601
Test MSE group_2: nan
Test MSE group_3: nan
Poisson likelihood: 0.0
CE loss: 0.0
train MSE group_0: 0.0373
train MSE group_1: 0.0456
train MSE group_2: nan
train MSE group_3: nan
CE loss (TEST): 0.0
Experiment 19980
Epoch 0290 [Test seq (cond on sampled tp)] | Loss 219.065384 | Likelihood -221.858490 | KL fp 4.7393 | FP STD 0.1580|
KL coef: 0.9400409853285345
Train loss (one batch): 208.198974609375
Train CE loss (one batch): 0.0
Test MSE (raw): 0.0451
Test MSE (smoothed with alpha=0.01): 0.3955
New best smoothed test MSE: 0.3955. Saving best model to experiments/experiment_19980_best.ckpt
Test MSE group_0: 0.0338
Test MSE group_1: 0.0604
Test MSE group_2: nan
Test MSE group_3: nan
Poisson likelihood: 0.0
CE loss: 0.0
train MSE group_0: 0.0367
train MSE group_1: 0.0461
train MSE group_2: nan
train MSE group_3: nan
CE loss (TEST): 0.0
Experiment 19980
Epoch 0300 [Test seq (cond on sampled tp)] | Loss 214.412308 | Likelihood -217.160919 | KL fp 4.3619 | FP STD 0.1779|
KL coef: 0.9457741418959368
Train loss (one batch): 208.80072021484375
Train CE loss (one batch): 0.0
Test MSE (raw): 0.0442
Test MSE (smoothed with alpha=0.01): 0.3920
New best smoothed test MSE: 0.3920. Saving best model to experiments/experiment_19980_best.ckpt
Test MSE group_0: 0.0322
Test MSE group_1: 0.0604
Test MSE group_2: nan
Test MSE group_3: nan
Poisson likelihood: 0.0
CE loss: 0.0
train MSE group_0: 0.0375
train MSE group_1: 0.0459
train MSE group_2: nan
train MSE group_3: nan
CE loss (TEST): 0.0
Experiment 19980
Epoch 0310 [Test seq (cond on sampled tp)] | Loss 210.285934 | Likelihood -218.012375 | KL fp 4.4908 | FP STD 0.1523|
KL coef: 0.9509591059287142
Train loss (one batch): 201.125732421875
Train CE loss (one batch): 0.0
Test MSE (raw): 0.0443
Test MSE (smoothed with alpha=0.01): 0.3885
New best smoothed test MSE: 0.3885. Saving best model to experiments/experiment_19980_best.ckpt
Test MSE group_0: 0.0316
Test MSE group_1: 0.0616
Test MSE group_2: nan
Test MSE group_3: nan
Poisson likelihood: 0.0
CE loss: 0.0
train MSE group_0: 0.0351
train MSE group_1: 0.0454
train MSE group_2: nan
train MSE group_3: nan
CE loss (TEST): 0.0
Experiment 19980
Epoch 0320 [Test seq (cond on sampled tp)] | Loss 210.271210 | Likelihood -212.469025 | KL fp 4.9353 | FP STD 0.1257|
KL coef: 0.9556482944595236
Train loss (one batch): 197.61178588867188
Train CE loss (one batch): 0.0
Test MSE (raw): 0.0432
Test MSE (smoothed with alpha=0.01): 0.3850
New best smoothed test MSE: 0.3850. Saving best model to experiments/experiment_19980_best.ckpt
Test MSE group_0: 0.0324
Test MSE group_1: 0.0579
Test MSE group_2: nan
Test MSE group_3: nan
Poisson likelihood: 0.0
CE loss: 0.0
train MSE group_0: 0.0343
train MSE group_1: 0.0445
train MSE group_2: nan
train MSE group_3: nan
CE loss (TEST): 0.0
Experiment 19980
Epoch 0330 [Test seq (cond on sampled tp)] | Loss 203.596191 | Likelihood -210.698883 | KL fp 4.7234 | FP STD 0.1371|
KL coef: 0.9598891125131245
Train loss (one batch): 198.47146606445312
Train CE loss (one batch): 0.0
Test MSE (raw): 0.0429
Test MSE (smoothed with alpha=0.01): 0.3816
New best smoothed test MSE: 0.3816. Saving best model to experiments/experiment_19980_best.ckpt
Test MSE group_0: 0.0316
Test MSE group_1: 0.0581
Test MSE group_2: nan
Test MSE group_3: nan
Poisson likelihood: 0.0
CE loss: 0.0
train MSE group_0: 0.0349
train MSE group_1: 0.0445
train MSE group_2: nan
train MSE group_3: nan
CE loss (TEST): 0.0
Experiment 19980
Epoch 0340 [Test seq (cond on sampled tp)] | Loss 207.851898 | Likelihood -208.808273 | KL fp 4.7728 | FP STD 0.1237|
KL coef: 0.9637244323441748
Train loss (one batch): 194.376953125
Train CE loss (one batch): 0.0
Test MSE (raw): 0.0425
Test MSE (smoothed with alpha=0.01): 0.3782
New best smoothed test MSE: 0.3782. Saving best model to experiments/experiment_19980_best.ckpt
Test MSE group_0: 0.0312
Test MSE group_1: 0.0578
Test MSE group_2: nan
Test MSE group_3: nan
Poisson likelihood: 0.0
CE loss: 0.0
train MSE group_0: 0.0339
train MSE group_1: 0.0437
train MSE group_2: nan
train MSE group_3: nan
CE loss (TEST): 0.0
Experiment 19980
Epoch 0350 [Test seq (cond on sampled tp)] | Loss 209.237778 | Likelihood -209.232132 | KL fp 4.7375 | FP STD 0.1353|
KL coef: 0.9671930268513026
Train loss (one batch): 197.5160675048828
Train CE loss (one batch): 0.0
Test MSE (raw): 0.0426
Test MSE (smoothed with alpha=0.01): 0.3749
New best smoothed test MSE: 0.3749. Saving best model to experiments/experiment_19980_best.ckpt
Test MSE group_0: 0.0309
Test MSE group_1: 0.0584
Test MSE group_2: nan
Test MSE group_3: nan
Poisson likelihood: 0.0
CE loss: 0.0
train MSE group_0: 0.0340
train MSE group_1: 0.0450
train MSE group_2: nan
train MSE group_3: nan
CE loss (TEST): 0.0
Experiment 19980
Epoch 0360 [Test seq (cond on sampled tp)] | Loss 204.335571 | Likelihood -207.455978 | KL fp 4.7217 | FP STD 0.1284|
KL coef: 0.9703299615490228
Train loss (one batch): 197.63723754882812
Train CE loss (one batch): 0.0
Test MSE (raw): 0.0422
Test MSE (smoothed with alpha=0.01): 0.3715
New best smoothed test MSE: 0.3715. Saving best model to experiments/experiment_19980_best.ckpt
Test MSE group_0: 0.0302
Test MSE group_1: 0.0585
Test MSE group_2: nan
Test MSE group_3: nan
Poisson likelihood: 0.0
CE loss: 0.0
train MSE group_0: 0.0350
train MSE group_1: 0.0436
train MSE group_2: nan
train MSE group_3: nan
CE loss (TEST): 0.0
Experiment 19980
Epoch 0370 [Test seq (cond on sampled tp)] | Loss 200.310684 | Likelihood -216.831711 | KL fp 4.8403 | FP STD 0.1517|
KL coef: 0.9731669490601144
Train loss (one batch): 202.24139404296875
Train CE loss (one batch): 0.0
Test MSE (raw): 0.0441
Test MSE (smoothed with alpha=0.01): 0.3683
New best smoothed test MSE: 0.3683. Saving best model to experiments/experiment_19980_best.ckpt
Test MSE group_0: 0.0342
Test MSE group_1: 0.0576
Test MSE group_2: nan
Test MSE group_3: nan
Poisson likelihood: 0.0
CE loss: 0.0
train MSE group_0: 0.0350
train MSE group_1: 0.0459
train MSE group_2: nan
train MSE group_3: nan
CE loss (TEST): 0.0
Experiment 19980
Epoch 0380 [Test seq (cond on sampled tp)] | Loss 201.356720 | Likelihood -215.392624 | KL fp 4.2863 | FP STD 0.2239|
KL coef: 0.9757326697121692
Train loss (one batch): 194.40016174316406
Train CE loss (one batch): 0.0
Test MSE (raw): 0.0438
Test MSE (smoothed with alpha=0.01): 0.3650
New best smoothed test MSE: 0.3650. Saving best model to experiments/experiment_19980_best.ckpt
Test MSE group_0: 0.0321
Test MSE group_1: 0.0597
Test MSE group_2: nan
Test MSE group_3: nan
Poisson likelihood: 0.0
CE loss: 0.0
train MSE group_0: 0.0344
train MSE group_1: 0.0455
train MSE group_2: nan
train MSE group_3: nan
CE loss (TEST): 0.0
Experiment 19980
Epoch 0390 [Test seq (cond on sampled tp)] | Loss 210.589386 | Likelihood -223.459961 | KL fp 4.6502 | FP STD 0.2111|
KL coef: 0.9780530614793677
Train loss (one batch): 211.21890258789062
Train CE loss (one batch): 0.0
Test MSE (raw): 0.0454
Test MSE (smoothed with alpha=0.01): 0.3618
New best smoothed test MSE: 0.3618. Saving best model to experiments/experiment_19980_best.ckpt
Test MSE group_0: 0.0319
Test MSE group_1: 0.0638
Test MSE group_2: nan
Test MSE group_3: nan
Poisson likelihood: 0.0
CE loss: 0.0
train MSE group_0: 0.0349
train MSE group_1: 0.0492
train MSE group_2: nan
train MSE group_3: nan
CE loss (TEST): 0.0
Experiment 19980
Epoch 0400 [Test seq (cond on sampled tp)] | Loss 205.597916 | Likelihood -209.372894 | KL fp 4.5529 | FP STD 0.1720|
KL coef: 0.9801515822006198
Train loss (one batch): 192.32980346679688
Train CE loss (one batch): 0.0
Test MSE (raw): 0.0426
Test MSE (smoothed with alpha=0.01): 0.3586
New best smoothed test MSE: 0.3586. Saving best model to experiments/experiment_19980_best.ckpt
Test MSE group_0: 0.0314
Test MSE group_1: 0.0579
Test MSE group_2: nan
Test MSE group_3: nan
Poisson likelihood: 0.0
CE loss: 0.0
train MSE group_0: 0.0338
train MSE group_1: 0.0437
train MSE group_2: nan
train MSE group_3: nan
CE loss (TEST): 0.0
Experiment 19980
Epoch 0410 [Test seq (cond on sampled tp)] | Loss 251.829819 | Likelihood -272.326569 | KL fp 4.6043 | FP STD 0.2388|
KL coef: 0.9820494467249549
Train loss (one batch): 260.2797546386719
Train CE loss (one batch): 0.0
Test MSE (raw): 0.0552
Test MSE (smoothed with alpha=0.01): 0.3556
New best smoothed test MSE: 0.3556. Saving best model to experiments/experiment_19980_best.ckpt
Test MSE group_0: 0.0373
Test MSE group_1: 0.0794
Test MSE group_2: nan
Test MSE group_3: nan
Poisson likelihood: 0.0
CE loss: 0.0
train MSE group_0: 0.0449
train MSE group_1: 0.0597
train MSE group_2: nan
train MSE group_3: nan
CE loss (TEST): 0.0
Experiment 19980
Epoch 0420 [Test seq (cond on sampled tp)] | Loss 233.777832 | Likelihood -250.056396 | KL fp 4.5580 | FP STD 0.2007|
KL coef: 0.9837658413815585
Train loss (one batch): 231.431640625
Train CE loss (one batch): 0.0
Test MSE (raw): 0.0507
Test MSE (smoothed with alpha=0.01): 0.3525
New best smoothed test MSE: 0.3525. Saving best model to experiments/experiment_19980_best.ckpt
Test MSE group_0: 0.0369
Test MSE group_1: 0.0696
Test MSE group_2: nan
Test MSE group_3: nan
Poisson likelihood: 0.0
CE loss: 0.0
train MSE group_0: 0.0405
train MSE group_1: 0.0514
train MSE group_2: nan
train MSE group_3: nan
CE loss (TEST): 0.0
Experiment 19980
Epoch 0430 [Test seq (cond on sampled tp)] | Loss 216.235123 | Likelihood -222.515289 | KL fp 4.6880 | FP STD 0.1630|
KL coef: 0.9853181179426319
Train loss (one batch): 205.90805053710938
Train CE loss (one batch): 0.0
Test MSE (raw): 0.0452
Test MSE (smoothed with alpha=0.01): 0.3495
New best smoothed test MSE: 0.3495. Saving best model to experiments/experiment_19980_best.ckpt
Test MSE group_0: 0.0341
Test MSE group_1: 0.0604
Test MSE group_2: nan
Test MSE group_3: nan
Poisson likelihood: 0.0
CE loss: 0.0
train MSE group_0: 0.0365
train MSE group_1: 0.0459
train MSE group_2: nan
train MSE group_3: nan
CE loss (TEST): 0.0
Experiment 19980
Epoch 0440 [Test seq (cond on sampled tp)] | Loss 203.796631 | Likelihood -210.741821 | KL fp 4.6208 | FP STD 0.1519|
KL coef: 0.9867219690399229
Train loss (one batch): 200.6125946044922
Train CE loss (one batch): 0.0
Test MSE (raw): 0.0429
Test MSE (smoothed with alpha=0.01): 0.3464
New best smoothed test MSE: 0.3464. Saving best model to experiments/experiment_19980_best.ckpt
Test MSE group_0: 0.0311
Test MSE group_1: 0.0588
Test MSE group_2: nan
Test MSE group_3: nan
Poisson likelihood: 0.0
CE loss: 0.0
train MSE group_0: 0.0346
train MSE group_1: 0.0460
train MSE group_2: nan
train MSE group_3: nan
CE loss (TEST): 0.0
Experiment 19980
Epoch 0450 [Test seq (cond on sampled tp)] | Loss 209.144821 | Likelihood -213.003662 | KL fp 4.5465 | FP STD 0.1619|
KL coef: 0.9879915868082944
Train loss (one batch): 199.163818359375
Train CE loss (one batch): 0.0
Test MSE (raw): 0.0433
Test MSE (smoothed with alpha=0.01): 0.3434
New best smoothed test MSE: 0.3434. Saving best model to experiments/experiment_19980_best.ckpt
Test MSE group_0: 0.0314
Test MSE group_1: 0.0595
Test MSE group_2: nan
Test MSE group_3: nan
Poisson likelihood: 0.0
CE loss: 0.0
train MSE group_0: 0.0359
train MSE group_1: 0.0441
train MSE group_2: nan
train MSE group_3: nan
CE loss (TEST): 0.0
Experiment 19980
Epoch 0460 [Test seq (cond on sampled tp)] | Loss 203.539413 | Likelihood -207.322784 | KL fp 4.5965 | FP STD 0.1508|
KL coef: 0.9891398063601221
Train loss (one batch): 190.8953857421875
Train CE loss (one batch): 0.0
Test MSE (raw): 0.0422
Test MSE (smoothed with alpha=0.01): 0.3404
New best smoothed test MSE: 0.3404. Saving best model to experiments/experiment_19980_best.ckpt
Test MSE group_0: 0.0312
Test MSE group_1: 0.0572
Test MSE group_2: nan
Test MSE group_3: nan
Poisson likelihood: 0.0
CE loss: 0.0
train MSE group_0: 0.0345
train MSE group_1: 0.0424
train MSE group_2: nan
train MSE group_3: nan
CE loss (TEST): 0.0
Experiment 19980
Epoch 0470 [Test seq (cond on sampled tp)] | Loss 221.468750 | Likelihood -226.717331 | KL fp 4.6403 | FP STD 0.1653|
KL coef: 0.9901782355409698
Train loss (one batch): 196.36727905273438
Train CE loss (one batch): 0.0
Test MSE (raw): 0.0461
Test MSE (smoothed with alpha=0.01): 0.3374
New best smoothed test MSE: 0.3374. Saving best model to experiments/experiment_19980_best.ckpt
Test MSE group_0: 0.0352
Test MSE group_1: 0.0608
Test MSE group_2: nan
Test MSE group_3: nan
Poisson likelihood: 0.0
CE loss: 0.0
train MSE group_0: 0.0350
train MSE group_1: 0.0444
train MSE group_2: nan
train MSE group_3: nan
CE loss (TEST): 0.0
Experiment 19980
Epoch 0480 [Test seq (cond on sampled tp)] | Loss 201.845871 | Likelihood -208.758942 | KL fp 4.7044 | FP STD 0.1430|
KL coef: 0.9911173722782946
Train loss (one batch): 196.3878936767578
Train CE loss (one batch): 0.0
Test MSE (raw): 0.0425
Test MSE (smoothed with alpha=0.01): 0.3345
New best smoothed test MSE: 0.3345. Saving best model to experiments/experiment_19980_best.ckpt
Test MSE group_0: 0.0319
Test MSE group_1: 0.0568
Test MSE group_2: nan
Test MSE group_3: nan
Poisson likelihood: 0.0
CE loss: 0.0
train MSE group_0: 0.0345
train MSE group_1: 0.0439
train MSE group_2: nan
train MSE group_3: nan
CE loss (TEST): 0.0
Experiment 19980
Epoch 0490 [Test seq (cond on sampled tp)] | Loss 207.940247 | Likelihood -211.058273 | KL fp 4.6902 | FP STD 0.1399|
KL coef: 0.9919667107095133
Train loss (one batch): 187.89439392089844
Train CE loss (one batch): 0.0
Test MSE (raw): 0.0429
Test MSE (smoothed with alpha=0.01): 0.3316
New best smoothed test MSE: 0.3316. Saving best model to experiments/experiment_19980_best.ckpt
Test MSE group_0: 0.0327
Test MSE group_1: 0.0569
Test MSE group_2: nan
Test MSE group_3: nan
Poisson likelihood: 0.0
CE loss: 0.0
train MSE group_0: 0.0327
train MSE group_1: 0.0423
train MSE group_2: nan
train MSE group_3: nan
CE loss (TEST): 0.0
Experiment 19980
Epoch 0500 [Test seq (cond on sampled tp)] | Loss 195.912979 | Likelihood -204.166473 | KL fp 4.5034 | FP STD 0.1325|
KL coef: 0.9927348371623237
Train loss (one batch): 194.1700439453125
Train CE loss (one batch): 0.0
Test MSE (raw): 0.0416
Test MSE (smoothed with alpha=0.01): 0.3287
New best smoothed test MSE: 0.3287. Saving best model to experiments/experiment_19980_best.ckpt
Test MSE group_0: 0.0300
Test MSE group_1: 0.0573
Test MSE group_2: nan
Test MSE group_3: nan
Poisson likelihood: 0.0
CE loss: 0.0
train MSE group_0: 0.0344
train MSE group_1: 0.0437
train MSE group_2: nan
train MSE group_3: nan
CE loss (TEST): 0.0
Experiment 19980
Epoch 0510 [Test seq (cond on sampled tp)] | Loss 199.704254 | Likelihood -202.619370 | KL fp 4.6944 | FP STD 0.1210|
KL coef: 0.9934295169575854
Train loss (one batch): 185.31478881835938
Train CE loss (one batch): 0.0
Test MSE (raw): 0.0413
Test MSE (smoothed with alpha=0.01): 0.3258
New best smoothed test MSE: 0.3258. Saving best model to experiments/experiment_19980_best.ckpt
Test MSE group_0: 0.0300
Test MSE group_1: 0.0566
Test MSE group_2: nan
Test MSE group_3: nan
Poisson likelihood: 0.0
CE loss: 0.0
train MSE group_0: 0.0322
train MSE group_1: 0.0415
train MSE group_2: nan
train MSE group_3: nan
CE loss (TEST): 0.0
Experiment 19980
Epoch 0520 [Test seq (cond on sampled tp)] | Loss 199.740707 | Likelihood -201.279800 | KL fp 4.8508 | FP STD 0.1275|
KL coef: 0.9940577729122909
Train loss (one batch): 185.4212646484375
Train CE loss (one batch): 0.0
Test MSE (raw): 0.0410
Test MSE (smoothed with alpha=0.01): 0.3229
New best smoothed test MSE: 0.3229. Saving best model to experiments/experiment_19980_best.ckpt
Test MSE group_0: 0.0306
Test MSE group_1: 0.0551
Test MSE group_2: nan
Test MSE group_3: nan
Poisson likelihood: 0.0
CE loss: 0.0
train MSE group_0: 0.0321
train MSE group_1: 0.0417
train MSE group_2: nan
train MSE group_3: nan
CE loss (TEST): 0.0
Experiment 19980
Epoch 0530 [Test seq (cond on sampled tp)] | Loss 211.847122 | Likelihood -215.078491 | KL fp 4.7543 | FP STD 0.1153|
KL coef: 0.9946259563362442
Train loss (one batch): 187.67417907714844
Train CE loss (one batch): 0.0
Test MSE (raw): 0.0438
Test MSE (smoothed with alpha=0.01): 0.3201
New best smoothed test MSE: 0.3201. Saving best model to experiments/experiment_19980_best.ckpt
Test MSE group_0: 0.0311
Test MSE group_1: 0.0609
Test MSE group_2: nan
Test MSE group_3: nan
Poisson likelihood: 0.0
CE loss: 0.0
train MSE group_0: 0.0335
train MSE group_1: 0.0413
train MSE group_2: nan
train MSE group_3: nan
CE loss (TEST): 0.0
Experiment 19980
Epoch 0540 [Test seq (cond on sampled tp)] | Loss 197.456741 | Likelihood -215.794830 | KL fp 4.7994 | FP STD 0.1393|
KL coef: 0.9951398112401846
Train loss (one batch): 192.70004272460938
Train CE loss (one batch): 0.0
Test MSE (raw): 0.0439
Test MSE (smoothed with alpha=0.01): 0.3174
New best smoothed test MSE: 0.3174. Saving best model to experiments/experiment_19980_best.ckpt
Test MSE group_0: 0.0332
Test MSE group_1: 0.0584
Test MSE group_2: nan
Test MSE group_3: nan
Poisson likelihood: 0.0
CE loss: 0.0
train MSE group_0: 0.0345
train MSE group_1: 0.0428
train MSE group_2: nan
train MSE group_3: nan
CE loss (TEST): 0.0
Experiment 19980
Epoch 0550 [Test seq (cond on sampled tp)] | Loss 197.415466 | Likelihood -206.532196 | KL fp 4.8001 | FP STD 0.1510|
KL coef: 0.9956045324044637
Train loss (one batch): 189.58834838867188
Train CE loss (one batch): 0.0
Test MSE (raw): 0.0420
Test MSE (smoothed with alpha=0.01): 0.3146
New best smoothed test MSE: 0.3146. Saving best model to experiments/experiment_19980_best.ckpt
Test MSE group_0: 0.0315
Test MSE group_1: 0.0564
Test MSE group_2: nan
Test MSE group_3: nan
Poisson likelihood: 0.0
CE loss: 0.0
train MSE group_0: 0.0328
train MSE group_1: 0.0429
train MSE group_2: nan
train MSE group_3: nan
CE loss (TEST): 0.0
Experiment 19980
Epoch 0560 [Test seq (cond on sampled tp)] | Loss 202.856628 | Likelihood -207.936249 | KL fp 4.8431 | FP STD 0.1601|
KL coef: 0.9960248178953148
Train loss (one batch): 186.15098571777344
Train CE loss (one batch): 0.0
Test MSE (raw): 0.0423
Test MSE (smoothed with alpha=0.01): 0.3119
New best smoothed test MSE: 0.3119. Saving best model to experiments/experiment_19980_best.ckpt
Test MSE group_0: 0.0308
Test MSE group_1: 0.0580
Test MSE group_2: nan
Test MSE group_3: nan
Poisson likelihood: 0.0
CE loss: 0.0
train MSE group_0: 0.0322
train MSE group_1: 0.0424
train MSE group_2: nan
train MSE group_3: nan
CE loss (TEST): 0.0
Experiment 19980
Epoch 0570 [Test seq (cond on sampled tp)] | Loss 203.266464 | Likelihood -216.849075 | KL fp 4.5854 | FP STD 0.1617|
KL coef: 0.996404916559627
Train loss (one batch): 234.2037353515625
Train CE loss (one batch): 0.0
Test MSE (raw): 0.0441
Test MSE (smoothed with alpha=0.01): 0.3092
New best smoothed test MSE: 0.3092. Saving best model to experiments/experiment_19980_best.ckpt
Test MSE group_0: 0.0276
Test MSE group_1: 0.0665
Test MSE group_2: nan
Test MSE group_3: nan
Poisson likelihood: 0.0
CE loss: 0.0
train MSE group_0: 0.0412
train MSE group_1: 0.0520
train MSE group_2: nan
train MSE group_3: nan
CE loss (TEST): 0.0
Experiment 19980
Epoch 0580 [Test seq (cond on sampled tp)] | Loss 197.197098 | Likelihood -199.309372 | KL fp 4.8551 | FP STD 0.1643|
KL coef: 0.9967486709783656
Train loss (one batch): 188.7111358642578
Train CE loss (one batch): 0.0
Test MSE (raw): 0.0406
Test MSE (smoothed with alpha=0.01): 0.3065
New best smoothed test MSE: 0.3065. Saving best model to experiments/experiment_19980_best.ckpt
Test MSE group_0: 0.0281
Test MSE group_1: 0.0575
Test MSE group_2: nan
Test MSE group_3: nan
Poisson likelihood: 0.0
CE loss: 0.0
train MSE group_0: 0.0328
train MSE group_1: 0.0433
train MSE group_2: nan
train MSE group_3: nan
CE loss (TEST): 0.0
Experiment 19980
Epoch 0590 [Test seq (cond on sampled tp)] | Loss 190.923126 | Likelihood -195.957062 | KL fp 4.9311 | FP STD 0.1418|
KL coef: 0.997059556312878
Train loss (one batch): 183.9059295654297
Train CE loss (one batch): 0.0
Test MSE (raw): 0.0399
Test MSE (smoothed with alpha=0.01): 0.3039
New best smoothed test MSE: 0.3039. Saving best model to experiments/experiment_19980_best.ckpt
Test MSE group_0: 0.0286
Test MSE group_1: 0.0553
Test MSE group_2: nan
Test MSE group_3: nan
Poisson likelihood: 0.0
CE loss: 0.0
train MSE group_0: 0.0318
train MSE group_1: 0.0417
train MSE group_2: nan
train MSE group_3: nan
CE loss (TEST): 0.0
Experiment 19980
Epoch 0600 [Test seq (cond on sampled tp)] | Loss 195.615814 | Likelihood -196.262848 | KL fp 4.9350 | FP STD 0.1302|
KL coef: 0.997340715436794
Train loss (one batch): 184.045654296875
Train CE loss (one batch): 0.0
Test MSE (raw): 0.0400
Test MSE (smoothed with alpha=0.01): 0.3012
New best smoothed test MSE: 0.3012. Saving best model to experiments/experiment_19980_best.ckpt
Test MSE group_0: 0.0292
Test MSE group_1: 0.0547
Test MSE group_2: nan
Test MSE group_3: nan
Poisson likelihood: 0.0
CE loss: 0.0
train MSE group_0: 0.0325
train MSE group_1: 0.0407
train MSE group_2: nan
train MSE group_3: nan
CE loss (TEST): 0.0
Experiment 19980
Epoch 0610 [Test seq (cond on sampled tp)] | Loss 192.563354 | Likelihood -193.773880 | KL fp 4.9286 | FP STD 0.1219|
KL coef: 0.997594990708689
Train loss (one batch): 182.74729919433594
Train CE loss (one batch): 0.0
Test MSE (raw): 0.0395
Test MSE (smoothed with alpha=0.01): 0.2986
New best smoothed test MSE: 0.2986. Saving best model to experiments/experiment_19980_best.ckpt
Test MSE group_0: 0.0284
Test MSE group_1: 0.0545
Test MSE group_2: nan
Test MSE group_3: nan
Poisson likelihood: 0.0
CE loss: 0.0
train MSE group_0: 0.0325
train MSE group_1: 0.0404
train MSE group_2: nan
train MSE group_3: nan
CE loss (TEST): 0.0
Experiment 19980
Epoch 0620 [Test seq (cond on sampled tp)] | Loss 191.286423 | Likelihood -192.285919 | KL fp 4.9867 | FP STD 0.1124|
KL coef: 0.9978249527067087
Train loss (one batch): 180.99221801757812
Train CE loss (one batch): 0.0
Test MSE (raw): 0.0392
Test MSE (smoothed with alpha=0.01): 0.2960
New best smoothed test MSE: 0.2960. Saving best model to experiments/experiment_19980_best.ckpt
Test MSE group_0: 0.0284
Test MSE group_1: 0.0538
Test MSE group_2: nan
Test MSE group_3: nan
Poisson likelihood: 0.0
CE loss: 0.0
train MSE group_0: 0.0318
train MSE group_1: 0.0403
train MSE group_2: nan
train MSE group_3: nan
CE loss (TEST): 0.0
Experiment 19980
Epoch 0630 [Test seq (cond on sampled tp)] | Loss 192.356522 | Likelihood -193.144882 | KL fp 5.0113 | FP STD 0.1178|
KL coef: 0.9980329262156509
Train loss (one batch): 182.17640686035156
Train CE loss (one batch): 0.0
Test MSE (raw): 0.0394
Test MSE (smoothed with alpha=0.01): 0.2935
New best smoothed test MSE: 0.2935. Saving best model to experiments/experiment_19980_best.ckpt
Test MSE group_0: 0.0284
Test MSE group_1: 0.0542
Test MSE group_2: nan
Test MSE group_3: nan
Poisson likelihood: 0.0
CE loss: 0.0
train MSE group_0: 0.0316
train MSE group_1: 0.0407
train MSE group_2: nan
train MSE group_3: nan
CE loss (TEST): 0.0
Experiment 19980
Epoch 0640 [Test seq (cond on sampled tp)] | Loss 193.267899 | Likelihood -193.152756 | KL fp 4.8921 | FP STD 0.1224|
KL coef: 0.9982210137292149
Train loss (one batch): 180.5995635986328
Train CE loss (one batch): 0.0
Test MSE (raw): 0.0394
Test MSE (smoothed with alpha=0.01): 0.2909
New best smoothed test MSE: 0.2909. Saving best model to experiments/experiment_19980_best.ckpt
Test MSE group_0: 0.0288
Test MSE group_1: 0.0537
Test MSE group_2: nan
Test MSE group_3: nan
Poisson likelihood: 0.0
CE loss: 0.0
train MSE group_0: 0.0315
train MSE group_1: 0.0405
train MSE group_2: nan
train MSE group_3: nan
CE loss (TEST): 0.0
Experiment 19980
Epoch 0650 [Test seq (cond on sampled tp)] | Loss 191.154388 | Likelihood -191.449326 | KL fp 5.0383 | FP STD 0.1092|
KL coef: 0.9983911167050152
Train loss (one batch): 184.08718872070312
Train CE loss (one batch): 0.0
Test MSE (raw): 0.0390
Test MSE (smoothed with alpha=0.01): 0.2884
New best smoothed test MSE: 0.2884. Saving best model to experiments/experiment_19980_best.ckpt
Test MSE group_0: 0.0290
Test MSE group_1: 0.0526
Test MSE group_2: nan
Test MSE group_3: nan
Poisson likelihood: 0.0
CE loss: 0.0
train MSE group_0: 0.0316
train MSE group_1: 0.0416
train MSE group_2: nan
train MSE group_3: nan
CE loss (TEST): 0.0
Experiment 19980
Epoch 0660 [Test seq (cond on sampled tp)] | Loss 190.039398 | Likelihood -190.309036 | KL fp 5.0703 | FP STD 0.1087|
KL coef: 0.9985449547872347
Train loss (one batch): 179.7897491455078
Train CE loss (one batch): 0.0
Test MSE (raw): 0.0388
Test MSE (smoothed with alpha=0.01): 0.2859
New best smoothed test MSE: 0.2859. Saving best model to experiments/experiment_19980_best.ckpt
Test MSE group_0: 0.0281
Test MSE group_1: 0.0533
Test MSE group_2: nan
Test MSE group_3: nan
Poisson likelihood: 0.0
CE loss: 0.0
train MSE group_0: 0.0310
train MSE group_1: 0.0403
train MSE group_2: nan
train MSE group_3: nan
CE loss (TEST): 0.0
Experiment 19980
Epoch 0670 [Test seq (cond on sampled tp)] | Loss 189.095367 | Likelihood -189.406418 | KL fp 5.0380 | FP STD 0.1040|
KL coef: 0.9986840831912477
Train loss (one batch): 179.62777709960938
Train CE loss (one batch): 0.0
Test MSE (raw): 0.0386
Test MSE (smoothed with alpha=0.01): 0.2834
New best smoothed test MSE: 0.2834. Saving best model to experiments/experiment_19980_best.ckpt
Test MSE group_0: 0.0277
Test MSE group_1: 0.0534
Test MSE group_2: nan
Test MSE group_3: nan
Poisson likelihood: 0.0
CE loss: 0.0
train MSE group_0: 0.0315
train MSE group_1: 0.0398
train MSE group_2: nan
train MSE group_3: nan
CE loss (TEST): 0.0
Experiment 19980
Epoch 0680 [Test seq (cond on sampled tp)] | Loss 188.322327 | Likelihood -190.279266 | KL fp 4.8872 | FP STD 0.1138|
KL coef: 0.9988099084259616
Train loss (one batch): 177.81297302246094
Train CE loss (one batch): 0.0
Test MSE (raw): 0.0388
Test MSE (smoothed with alpha=0.01): 0.2810
New best smoothed test MSE: 0.2810. Saving best model to experiments/experiment_19980_best.ckpt
Test MSE group_0: 0.0280
Test MSE group_1: 0.0535
Test MSE group_2: nan
Test MSE group_3: nan
Poisson likelihood: 0.0
CE loss: 0.0
train MSE group_0: 0.0308
train MSE group_1: 0.0398
train MSE group_2: nan
train MSE group_3: nan
CE loss (TEST): 0.0
Experiment 19980
Epoch 0690 [Test seq (cond on sampled tp)] | Loss 186.122742 | Likelihood -189.169388 | KL fp 4.8293 | FP STD 0.1169|
KL coef: 0.9989237025128207
Train loss (one batch): 179.3960418701172
Train CE loss (one batch): 0.0
Test MSE (raw): 0.0386
Test MSE (smoothed with alpha=0.01): 0.2786
New best smoothed test MSE: 0.2786. Saving best model to experiments/experiment_19980_best.ckpt
Test MSE group_0: 0.0280
Test MSE group_1: 0.0530
Test MSE group_2: nan
Test MSE group_3: nan
Poisson likelihood: 0.0
CE loss: 0.0
train MSE group_0: 0.0310
train MSE group_1: 0.0402
train MSE group_2: nan
train MSE group_3: nan
CE loss (TEST): 0.0
Experiment 19980
Epoch 0700 [Test seq (cond on sampled tp)] | Loss 184.052750 | Likelihood -186.855789 | KL fp 4.8773 | FP STD 0.1150|
KL coef: 0.999026615845218
Train loss (one batch): 178.7823486328125
Train CE loss (one batch): 0.0
Test MSE (raw): 0.0381
Test MSE (smoothed with alpha=0.01): 0.2762
New best smoothed test MSE: 0.2762. Saving best model to experiments/experiment_19980_best.ckpt
Test MSE group_0: 0.0277
Test MSE group_1: 0.0522
Test MSE group_2: nan
Test MSE group_3: nan
Poisson likelihood: 0.0
CE loss: 0.0
train MSE group_0: 0.0309
train MSE group_1: 0.0401
train MSE group_2: nan
train MSE group_3: nan
CE loss (TEST): 0.0
Experiment 19980
Epoch 0710 [Test seq (cond on sampled tp)] | Loss 193.559250 | Likelihood -192.617157 | KL fp 5.0797 | FP STD 0.1105|
KL coef: 0.9991196888183176
Train loss (one batch): 181.12867736816406
Train CE loss (one batch): 0.0
Test MSE (raw): 0.0393
Test MSE (smoothed with alpha=0.01): 0.2738
New best smoothed test MSE: 0.2738. Saving best model to experiments/experiment_19980_best.ckpt
Test MSE group_0: 0.0294
Test MSE group_1: 0.0526
Test MSE group_2: nan
Test MSE group_3: nan
Poisson likelihood: 0.0
CE loss: 0.0
train MSE group_0: 0.0313
train MSE group_1: 0.0407
train MSE group_2: nan
train MSE group_3: nan
CE loss (TEST): 0.0
Experiment 19980
Epoch 0720 [Test seq (cond on sampled tp)] | Loss 189.961212 | Likelihood -189.542801 | KL fp 5.1349 | FP STD 0.1055|
KL coef: 0.9992038623468565
Train loss (one batch): 177.98887634277344
Train CE loss (one batch): 0.0
Test MSE (raw): 0.0386
Test MSE (smoothed with alpha=0.01): 0.2714
New best smoothed test MSE: 0.2714. Saving best model to experiments/experiment_19980_best.ckpt
Test MSE group_0: 0.0285
Test MSE group_1: 0.0525
Test MSE group_2: nan
Test MSE group_3: nan
Poisson likelihood: 0.0
CE loss: 0.0
train MSE group_0: 0.0311
train MSE group_1: 0.0398
train MSE group_2: nan
train MSE group_3: nan
CE loss (TEST): 0.0
Experiment 19980
Epoch 0730 [Test seq (cond on sampled tp)] | Loss 189.096359 | Likelihood -187.529114 | KL fp 5.0201 | FP STD 0.1072|
KL coef: 0.9992799873772575
Train loss (one batch): 177.89926147460938
Train CE loss (one batch): 0.0
Test MSE (raw): 0.0382
Test MSE (smoothed with alpha=0.01): 0.2691
New best smoothed test MSE: 0.2691. Saving best model to experiments/experiment_19980_best.ckpt
Test MSE group_0: 0.0273
Test MSE group_1: 0.0531
Test MSE group_2: nan
Test MSE group_3: nan
Poisson likelihood: 0.0
CE loss: 0.0
train MSE group_0: 0.0310
train MSE group_1: 0.0397
train MSE group_2: nan
train MSE group_3: nan
CE loss (TEST): 0.0
Experiment 19980
Epoch 0740 [Test seq (cond on sampled tp)] | Loss 188.143173 | Likelihood -186.864914 | KL fp 5.0863 | FP STD 0.1044|
KL coef: 0.9993488334902116
Train loss (one batch): 176.80685424804688
Train CE loss (one batch): 0.0
Test MSE (raw): 0.0381
Test MSE (smoothed with alpha=0.01): 0.2668
New best smoothed test MSE: 0.2668. Saving best model to experiments/experiment_19980_best.ckpt
Test MSE group_0: 0.0278
Test MSE group_1: 0.0521
Test MSE group_2: nan
Test MSE group_3: nan
Poisson likelihood: 0.0
CE loss: 0.0
train MSE group_0: 0.0307
train MSE group_1: 0.0395
train MSE group_2: nan
train MSE group_3: nan
CE loss (TEST): 0.0
Experiment 19980
Epoch 0750 [Test seq (cond on sampled tp)] | Loss 186.094559 | Likelihood -186.284775 | KL fp 5.0834 | FP STD 0.1022|
KL coef: 0.9994110966807014
Train loss (one batch): 176.7263946533203
Train CE loss (one batch): 0.0
Test MSE (raw): 0.0380
Test MSE (smoothed with alpha=0.01): 0.2645
New best smoothed test MSE: 0.2645. Saving best model to experiments/experiment_19980_best.ckpt
Test MSE group_0: 0.0277
Test MSE group_1: 0.0520
Test MSE group_2: nan
Test MSE group_3: nan
Poisson likelihood: 0.0
CE loss: 0.0
train MSE group_0: 0.0309
train MSE group_1: 0.0392
train MSE group_2: nan
train MSE group_3: nan
CE loss (TEST): 0.0
Experiment 19980
Epoch 0760 [Test seq (cond on sampled tp)] | Loss 187.769775 | Likelihood -186.085175 | KL fp 5.0742 | FP STD 0.0983|
KL coef: 0.9994674063941131
Train loss (one batch): 177.24655151367188
Train CE loss (one batch): 0.0
Test MSE (raw): 0.0380
Test MSE (smoothed with alpha=0.01): 0.2622
New best smoothed test MSE: 0.2622. Saving best model to experiments/experiment_19980_best.ckpt
Test MSE group_0: 0.0273
Test MSE group_1: 0.0525
Test MSE group_2: nan
Test MSE group_3: nan
Poisson likelihood: 0.0
CE loss: 0.0
train MSE group_0: 0.0312
train MSE group_1: 0.0391
train MSE group_2: nan
train MSE group_3: nan
CE loss (TEST): 0.0
Experiment 19980
Epoch 0770 [Test seq (cond on sampled tp)] | Loss 188.439758 | Likelihood -188.644058 | KL fp 5.0782 | FP STD 0.1024|
KL coef: 0.9995183318895716
Train loss (one batch): 177.30419921875
Train CE loss (one batch): 0.0
Test MSE (raw): 0.0385
Test MSE (smoothed with alpha=0.01): 0.2600
New best smoothed test MSE: 0.2600. Saving best model to experiments/experiment_19980_best.ckpt
Test MSE group_0: 0.0288
Test MSE group_1: 0.0517
Test MSE group_2: nan
Test MSE group_3: nan
Poisson likelihood: 0.0
CE loss: 0.0
train MSE group_0: 0.0312
train MSE group_1: 0.0393
train MSE group_2: nan
train MSE group_3: nan
CE loss (TEST): 0.0
Experiment 19980
Epoch 0780 [Test seq (cond on sampled tp)] | Loss 185.362427 | Likelihood -185.489334 | KL fp 4.9725 | FP STD 0.1055|
KL coef: 0.9995643879948252
Train loss (one batch): 179.36526489257812
Train CE loss (one batch): 0.0
Test MSE (raw): 0.0378
Test MSE (smoothed with alpha=0.01): 0.2578
New best smoothed test MSE: 0.2578. Saving best model to experiments/experiment_19980_best.ckpt
Test MSE group_0: 0.0274
Test MSE group_1: 0.0520
Test MSE group_2: nan
Test MSE group_3: nan
Poisson likelihood: 0.0
CE loss: 0.0
train MSE group_0: 0.0317
train MSE group_1: 0.0394
train MSE group_2: nan
train MSE group_3: nan
CE loss (TEST): 0.0
Experiment 19980
Epoch 0790 [Test seq (cond on sampled tp)] | Loss 188.322754 | Likelihood -188.066803 | KL fp 5.0780 | FP STD 0.1085|
KL coef: 0.9996060403108612
Train loss (one batch): 176.68911743164062
Train CE loss (one batch): 0.0
Test MSE (raw): 0.0384
Test MSE (smoothed with alpha=0.01): 0.2556
New best smoothed test MSE: 0.2556. Saving best model to experiments/experiment_19980_best.ckpt
Test MSE group_0: 0.0284
Test MSE group_1: 0.0518
Test MSE group_2: nan
Test MSE group_3: nan
Poisson likelihood: 0.0
CE loss: 0.0
train MSE group_0: 0.0311
train MSE group_1: 0.0390
train MSE group_2: nan
train MSE group_3: nan
CE loss (TEST): 0.0
Experiment 19980
Epoch 0800 [Test seq (cond on sampled tp)] | Loss 187.369461 | Likelihood -190.157364 | KL fp 4.9414 | FP STD 0.1178|
KL coef: 0.9996437099188669
Train loss (one batch): 176.7718963623047
Train CE loss (one batch): 0.0
Test MSE (raw): 0.0388
Test MSE (smoothed with alpha=0.01): 0.2534
New best smoothed test MSE: 0.2534. Saving best model to experiments/experiment_19980_best.ckpt
Test MSE group_0: 0.0284
Test MSE group_1: 0.0528
Test MSE group_2: nan
Test MSE group_3: nan
Poisson likelihood: 0.0
CE loss: 0.0
train MSE group_0: 0.0317
train MSE group_1: 0.0384
train MSE group_2: nan
train MSE group_3: nan
CE loss (TEST): 0.0
Experiment 19980
Epoch 0810 [Test seq (cond on sampled tp)] | Loss 183.963913 | Likelihood -183.755783 | KL fp 5.1146 | FP STD 0.1079|
KL coef: 0.9996777776371197
Train loss (one batch): 176.70237731933594
Train CE loss (one batch): 0.0
Test MSE (raw): 0.0375
Test MSE (smoothed with alpha=0.01): 0.2513
New best smoothed test MSE: 0.2513. Saving best model to experiments/experiment_19980_best.ckpt
Test MSE group_0: 0.0269
Test MSE group_1: 0.0518
Test MSE group_2: nan
Test MSE group_3: nan
Poisson likelihood: 0.0
CE loss: 0.0
train MSE group_0: 0.0306
train MSE group_1: 0.0394
train MSE group_2: nan
train MSE group_3: nan
CE loss (TEST): 0.0
Experiment 19980
Epoch 0820 [Test seq (cond on sampled tp)] | Loss 187.864441 | Likelihood -187.687454 | KL fp 4.9537 | FP STD 0.1143|
KL coef: 0.9997085878708442
Train loss (one batch): 177.96694946289062
Train CE loss (one batch): 0.0
Test MSE (raw): 0.0383
Test MSE (smoothed with alpha=0.01): 0.2491
New best smoothed test MSE: 0.2491. Saving best model to experiments/experiment_19980_best.ckpt
Test MSE group_0: 0.0279
Test MSE group_1: 0.0523
Test MSE group_2: nan
Test MSE group_3: nan
Poisson likelihood: 0.0
CE loss: 0.0
train MSE group_0: 0.0308
train MSE group_1: 0.0400
train MSE group_2: nan
train MSE group_3: nan
CE loss (TEST): 0.0
Experiment 19980
Epoch 0830 [Test seq (cond on sampled tp)] | Loss 183.358597 | Likelihood -183.306442 | KL fp 4.9655 | FP STD 0.1122|
KL coef: 0.9997364520939512
Train loss (one batch): 174.5533447265625
Train CE loss (one batch): 0.0
Test MSE (raw): 0.0374
Test MSE (smoothed with alpha=0.01): 0.2470
New best smoothed test MSE: 0.2470. Saving best model to experiments/experiment_19980_best.ckpt
Test MSE group_0: 0.0272
Test MSE group_1: 0.0512
Test MSE group_2: nan
Test MSE group_3: nan
Poisson likelihood: 0.0
CE loss: 0.0
train MSE group_0: 0.0308
train MSE group_1: 0.0387
train MSE group_2: nan
train MSE group_3: nan
CE loss (TEST): 0.0
Experiment 19980
Epoch 0840 [Test seq (cond on sampled tp)] | Loss 185.684601 | Likelihood -185.343338 | KL fp 5.0399 | FP STD 0.1207|
KL coef: 0.9997616519978635
Train loss (one batch): 175.23092651367188
Train CE loss (one batch): 0.0
Test MSE (raw): 0.0378
Test MSE (smoothed with alpha=0.01): 0.2449
New best smoothed test MSE: 0.2449. Saving best model to experiments/experiment_19980_best.ckpt
Test MSE group_0: 0.0281
Test MSE group_1: 0.0510
Test MSE group_2: nan
Test MSE group_3: nan
Poisson likelihood: 0.0
CE loss: 0.0
train MSE group_0: 0.0309
train MSE group_1: 0.0386
train MSE group_2: nan
train MSE group_3: nan
CE loss (TEST): 0.0
Experiment 19980
Epoch 0850 [Test seq (cond on sampled tp)] | Loss 187.977707 | Likelihood -186.912201 | KL fp 4.7943 | FP STD 0.1155|
KL coef: 0.9997844423392536
Train loss (one batch): 174.7760009765625
Train CE loss (one batch): 0.0
Test MSE (raw): 0.0381
Test MSE (smoothed with alpha=0.01): 0.2429
New best smoothed test MSE: 0.2429. Saving best model to experiments/experiment_19980_best.ckpt
Test MSE group_0: 0.0277
Test MSE group_1: 0.0522
Test MSE group_2: nan
Test MSE group_3: nan
Poisson likelihood: 0.0
CE loss: 0.0
train MSE group_0: 0.0305
train MSE group_1: 0.0388
train MSE group_2: nan
train MSE group_3: nan
CE loss (TEST): 0.0
Experiment 19980
Epoch 0860 [Test seq (cond on sampled tp)] | Loss 185.990952 | Likelihood -185.155121 | KL fp 5.3386 | FP STD 0.0940|
KL coef: 0.9998050535154901
Train loss (one batch): 174.67807006835938
Train CE loss (one batch): 0.0
Test MSE (raw): 0.0378
Test MSE (smoothed with alpha=0.01): 0.2408
New best smoothed test MSE: 0.2408. Saving best model to experiments/experiment_19980_best.ckpt
Test MSE group_0: 0.0282
Test MSE group_1: 0.0507
Test MSE group_2: nan
Test MSE group_3: nan
Poisson likelihood: 0.0
CE loss: 0.0
train MSE group_0: 0.0305
train MSE group_1: 0.0388
train MSE group_2: nan
train MSE group_3: nan
CE loss (TEST): 0.0
Experiment 19980
Epoch 0870 [Test seq (cond on sampled tp)] | Loss 181.898087 | Likelihood -183.899231 | KL fp 4.9915 | FP STD 0.1047|
KL coef: 0.9998236938938232
Train loss (one batch): 173.6009063720703
Train CE loss (one batch): 0.0
Test MSE (raw): 0.0375
Test MSE (smoothed with alpha=0.01): 0.2388
New best smoothed test MSE: 0.2388. Saving best model to experiments/experiment_19980_best.ckpt
Test MSE group_0: 0.0271
Test MSE group_1: 0.0516
Test MSE group_2: nan
Test MSE group_3: nan
Poisson likelihood: 0.0
CE loss: 0.0
train MSE group_0: 0.0304
train MSE group_1: 0.0384
train MSE group_2: nan
train MSE group_3: nan
CE loss (TEST): 0.0
Experiment 19980
Epoch 0880 [Test seq (cond on sampled tp)] | Loss 190.388901 | Likelihood -195.163513 | KL fp 4.7794 | FP STD 0.1230|
KL coef: 0.9998405519178591
Train loss (one batch): 181.5487518310547
Train CE loss (one batch): 0.0
Test MSE (raw): 0.0398
Test MSE (smoothed with alpha=0.01): 0.2368
New best smoothed test MSE: 0.2368. Saving best model to experiments/experiment_19980_best.ckpt
Test MSE group_0: 0.0285
Test MSE group_1: 0.0550
Test MSE group_2: nan
Test MSE group_3: nan
Poisson likelihood: 0.0
CE loss: 0.0
train MSE group_0: 0.0329
train MSE group_1: 0.0404
train MSE group_2: nan
train MSE group_3: nan
CE loss (TEST): 0.0
Experiment 19980
Epoch 0890 [Test seq (cond on sampled tp)] | Loss 186.658279 | Likelihood -187.984314 | KL fp 5.0539 | FP STD 0.1271|
KL coef: 0.9998557980126173
Train loss (one batch): 180.22462463378906
Train CE loss (one batch): 0.0
Test MSE (raw): 0.0383
Test MSE (smoothed with alpha=0.01): 0.2348
New best smoothed test MSE: 0.2348. Saving best model to experiments/experiment_19980_best.ckpt
Test MSE group_0: 0.0289
Test MSE group_1: 0.0511
Test MSE group_2: nan
Test MSE group_3: nan
Poisson likelihood: 0.0
CE loss: 0.0
train MSE group_0: 0.0318
train MSE group_1: 0.0399
train MSE group_2: nan
train MSE group_3: nan
CE loss (TEST): 0.0
Experiment 19980
Epoch 0900 [Test seq (cond on sampled tp)] | Loss 188.756836 | Likelihood -189.542358 | KL fp 4.8406 | FP STD 0.1284|
KL coef: 0.9998695863074304
Train loss (one batch): 172.66336059570312
Train CE loss (one batch): 0.0
Test MSE (raw): 0.0386
Test MSE (smoothed with alpha=0.01): 0.2328
New best smoothed test MSE: 0.2328. Saving best model to experiments/experiment_19980_best.ckpt
Test MSE group_0: 0.0290
Test MSE group_1: 0.0517
Test MSE group_2: nan
Test MSE group_3: nan
Poisson likelihood: 0.0
CE loss: 0.0
train MSE group_0: 0.0307
train MSE group_1: 0.0380
train MSE group_2: nan
train MSE group_3: nan
CE loss (TEST): 0.0
Experiment 19980
Epoch 0910 [Test seq (cond on sampled tp)] | Loss 182.756378 | Likelihood -181.989777 | KL fp 5.1728 | FP STD 0.1030|
KL coef: 0.9998820561941043
Train loss (one batch): 172.23362731933594
Train CE loss (one batch): 0.0
Test MSE (raw): 0.0371
Test MSE (smoothed with alpha=0.01): 0.2309
New best smoothed test MSE: 0.2309. Saving best model to experiments/experiment_19980_best.ckpt
Test MSE group_0: 0.0264
Test MSE group_1: 0.0517
Test MSE group_2: nan
Test MSE group_3: nan
Poisson likelihood: 0.0
CE loss: 0.0
train MSE group_0: 0.0301
train MSE group_1: 0.0380
train MSE group_2: nan
train MSE group_3: nan
CE loss (TEST): 0.0
Experiment 19980
Epoch 0920 [Test seq (cond on sampled tp)] | Loss 183.079742 | Likelihood -183.415665 | KL fp 4.9366 | FP STD 0.1185|
KL coef: 0.9998933337360897
Train loss (one batch): 171.00550842285156
Train CE loss (one batch): 0.0
Test MSE (raw): 0.0374
Test MSE (smoothed with alpha=0.01): 0.2289
New best smoothed test MSE: 0.2289. Saving best model to experiments/experiment_19980_best.ckpt
Test MSE group_0: 0.0279
Test MSE group_1: 0.0504
Test MSE group_2: nan
Test MSE group_3: nan
Poisson likelihood: 0.0
CE loss: 0.0
train MSE group_0: 0.0301
train MSE group_1: 0.0382
train MSE group_2: nan
train MSE group_3: nan
CE loss (TEST): 0.0
Experiment 19980
Epoch 0930 [Test seq (cond on sampled tp)] | Loss 186.894943 | Likelihood -186.157288 | KL fp 5.1671 | FP STD 0.1081|
KL coef: 0.9999035329429113
Train loss (one batch): 170.7392120361328
Train CE loss (one batch): 0.0
Test MSE (raw): 0.0380
Test MSE (smoothed with alpha=0.01): 0.2270
New best smoothed test MSE: 0.2270. Saving best model to experiments/experiment_19980_best.ckpt
Test MSE group_0: 0.0289
Test MSE group_1: 0.0503
Test MSE group_2: nan
Test MSE group_3: nan
Poisson likelihood: 0.0
CE loss: 0.0
train MSE group_0: 0.0303
train MSE group_1: 0.0374
train MSE group_2: nan
train MSE group_3: nan
CE loss (TEST): 0.0
Experiment 19980
Epoch 0940 [Test seq (cond on sampled tp)] | Loss 182.349960 | Likelihood -181.024872 | KL fp 4.9413 | FP STD 0.1194|
KL coef: 0.9999127569227402
Train loss (one batch): 169.20535278320312
Train CE loss (one batch): 0.0
Test MSE (raw): 0.0369
Test MSE (smoothed with alpha=0.01): 0.2251
New best smoothed test MSE: 0.2251. Saving best model to experiments/experiment_19980_best.ckpt
Test MSE group_0: 0.0263
Test MSE group_1: 0.0514
Test MSE group_2: nan
Test MSE group_3: nan
Poisson likelihood: 0.0
CE loss: 0.0
train MSE group_0: 0.0303
train MSE group_1: 0.0369
train MSE group_2: nan
train MSE group_3: nan
CE loss (TEST): 0.0
Experiment 19980
Epoch 0950 [Test seq (cond on sampled tp)] | Loss 178.756546 | Likelihood -178.753540 | KL fp 5.0921 | FP STD 0.1182|
KL coef: 0.9999210989247576
Train loss (one batch): 171.0422821044922
Train CE loss (one batch): 0.0
Test MSE (raw): 0.0365
Test MSE (smoothed with alpha=0.01): 0.2232
New best smoothed test MSE: 0.2232. Saving best model to experiments/experiment_19980_best.ckpt
Test MSE group_0: 0.0269
Test MSE group_1: 0.0495
Test MSE group_2: nan
Test MSE group_3: nan
Poisson likelihood: 0.0
CE loss: 0.0
train MSE group_0: 0.0300
train MSE group_1: 0.0379
train MSE group_2: nan
train MSE group_3: nan
CE loss (TEST): 0.0
Experiment 19980
Epoch 0960 [Test seq (cond on sampled tp)] | Loss 177.135574 | Likelihood -174.999420 | KL fp 5.5704 | FP STD 0.0962|
KL coef: 0.9999286432818518
Train loss (one batch): 168.0837860107422
Train CE loss (one batch): 0.0
Test MSE (raw): 0.0357
Test MSE (smoothed with alpha=0.01): 0.2214
New best smoothed test MSE: 0.2214. Saving best model to experiments/experiment_19980_best.ckpt
Test MSE group_0: 0.0252
Test MSE group_1: 0.0500
Test MSE group_2: nan
Test MSE group_3: nan
Poisson likelihood: 0.0
CE loss: 0.0
train MSE group_0: 0.0291
train MSE group_1: 0.0372
train MSE group_2: nan
train MSE group_3: nan
CE loss (TEST): 0.0
Experiment 19980
Epoch 0970 [Test seq (cond on sampled tp)] | Loss 178.064758 | Likelihood -181.620453 | KL fp 4.6134 | FP STD 0.1724|
KL coef: 0.9999354662631753
Train loss (one batch): 181.76597595214844
Train CE loss (one batch): 0.0
Test MSE (raw): 0.0371
Test MSE (smoothed with alpha=0.01): 0.2195
New best smoothed test MSE: 0.2195. Saving best model to experiments/experiment_19980_best.ckpt
Test MSE group_0: 0.0253
Test MSE group_1: 0.0530
Test MSE group_2: nan
Test MSE group_3: nan
Poisson likelihood: 0.0
CE loss: 0.0
train MSE group_0: 0.0322
train MSE group_1: 0.0406
train MSE group_2: nan
train MSE group_3: nan
CE loss (TEST): 0.0
Experiment 19980
Epoch 0980 [Test seq (cond on sampled tp)] | Loss 203.038620 | Likelihood -204.824509 | KL fp 4.6444 | FP STD 0.1861|
KL coef: 0.9999416368451824
Train loss (one batch): 203.25869750976562
Train CE loss (one batch): 0.0
Test MSE (raw): 0.0417
Test MSE (smoothed with alpha=0.01): 0.2177
New best smoothed test MSE: 0.2177. Saving best model to experiments/experiment_19980_best.ckpt
Test MSE group_0: 0.0326
Test MSE group_1: 0.0541
Test MSE group_2: nan
Test MSE group_3: nan
Poisson likelihood: 0.0
CE loss: 0.0
train MSE group_0: 0.0358
train MSE group_1: 0.0490
train MSE group_2: nan
train MSE group_3: nan
CE loss (TEST): 0.0
Experiment 19980
Epoch 0990 [Test seq (cond on sampled tp)] | Loss 178.230698 | Likelihood -181.348114 | KL fp 4.6906 | FP STD 0.1665|
KL coef: 0.9999472174089421
Train loss (one batch): 179.50909423828125
Train CE loss (one batch): 0.0
Test MSE (raw): 0.0370
Test MSE (smoothed with alpha=0.01): 0.2159
New best smoothed test MSE: 0.2159. Saving best model to experiments/experiment_19980_best.ckpt
Test MSE group_0: 0.0266
Test MSE group_1: 0.0512
Test MSE group_2: nan
Test MSE group_3: nan
Poisson likelihood: 0.0
CE loss: 0.0
train MSE group_0: 0.0315
train MSE group_1: 0.0403
train MSE group_2: nan
train MSE group_3: nan
CE loss (TEST): 0.0
Experiment 19980
Epoch 1000 [Test seq (cond on sampled tp)] | Loss 170.529495 | Likelihood -179.808624 | KL fp 4.9044 | FP STD 0.1370|
KL coef: 0.9999522643707747
Train loss (one batch): 170.61660766601562
Train CE loss (one batch): 0.0
Test MSE (raw): 0.0367
Test MSE (smoothed with alpha=0.01): 0.2141
New best smoothed test MSE: 0.2141. Saving best model to experiments/experiment_19980_best.ckpt
Test MSE group_0: 0.0262
Test MSE group_1: 0.0509
Test MSE group_2: nan
Test MSE group_3: nan
Poisson likelihood: 0.0
CE loss: 0.0
train MSE group_0: 0.0301
train MSE group_1: 0.0381
train MSE group_2: nan
train MSE group_3: nan
CE loss (TEST): 0.0
Experiment 19980
Epoch 1010 [Test seq (cond on sampled tp)] | Loss 173.595596 | Likelihood -174.883453 | KL fp 5.1385 | FP STD 0.1137|
KL coef: 0.9999568287525893
Train loss (one batch): 164.1328125
Train CE loss (one batch): 0.0
Test MSE (raw): 0.0357
Test MSE (smoothed with alpha=0.01): 0.2124
New best smoothed test MSE: 0.2124. Saving best model to experiments/experiment_19980_best.ckpt
Test MSE group_0: 0.0255
Test MSE group_1: 0.0496
Test MSE group_2: nan
Test MSE group_3: nan
Poisson likelihood: 0.0
CE loss: 0.0
train MSE group_0: 0.0292
train MSE group_1: 0.0364
train MSE group_2: nan
train MSE group_3: nan
CE loss (TEST): 0.0
Experiment 19980
Epoch 1020 [Test seq (cond on sampled tp)] | Loss 164.609924 | Likelihood -169.105865 | KL fp 5.1532 | FP STD 0.1213|
KL coef: 0.999960956697686
Train loss (one batch): 161.6802215576172
Train CE loss (one batch): 0.0
Test MSE (raw): 0.0346
Test MSE (smoothed with alpha=0.01): 0.2106
New best smoothed test MSE: 0.2106. Saving best model to experiments/experiment_19980_best.ckpt
Test MSE group_0: 0.0238
Test MSE group_1: 0.0491
Test MSE group_2: nan
Test MSE group_3: nan
Poisson likelihood: 0.0
CE loss: 0.0
train MSE group_0: 0.0285
train MSE group_1: 0.0359
train MSE group_2: nan
train MSE group_3: nan
CE loss (TEST): 0.0
Experiment 19980
Epoch 1030 [Test seq (cond on sampled tp)] | Loss 162.971497 | Likelihood -164.034027 | KL fp 5.2168 | FP STD 0.1039|
KL coef: 0.9999646899372381
Train loss (one batch): 158.68936157226562
Train CE loss (one batch): 0.0
Test MSE (raw): 0.0335
Test MSE (smoothed with alpha=0.01): 0.2088
New best smoothed test MSE: 0.2088. Saving best model to experiments/experiment_19980_best.ckpt
Test MSE group_0: 0.0230
Test MSE group_1: 0.0478
Test MSE group_2: nan
Test MSE group_3: nan
Poisson likelihood: 0.0
CE loss: 0.0
train MSE group_0: 0.0286
train MSE group_1: 0.0349
train MSE group_2: nan
train MSE group_3: nan
CE loss (TEST): 0.0
Experiment 19980
Epoch 1040 [Test seq (cond on sampled tp)] | Loss 166.099991 | Likelihood -166.821747 | KL fp 5.3572 | FP STD 0.0849|
KL coef: 0.9999680662121707
Train loss (one batch): 155.79478454589844
Train CE loss (one batch): 0.0
Test MSE (raw): 0.0341
Test MSE (smoothed with alpha=0.01): 0.2071
New best smoothed test MSE: 0.2071. Saving best model to experiments/experiment_19980_best.ckpt
Test MSE group_0: 0.0243
Test MSE group_1: 0.0473
Test MSE group_2: nan
Test MSE group_3: nan
Poisson likelihood: 0.0
CE loss: 0.0
train MSE group_0: 0.0274
train MSE group_1: 0.0348
train MSE group_2: nan
train MSE group_3: nan
CE loss (TEST): 0.0
Experiment 19980
Epoch 1050 [Test seq (cond on sampled tp)] | Loss 167.984161 | Likelihood -169.174530 | KL fp 5.2261 | FP STD 0.1017|
KL coef: 0.9999711196547001
Train loss (one batch): 155.992431640625
Train CE loss (one batch): 0.0
Test MSE (raw): 0.0346
Test MSE (smoothed with alpha=0.01): 0.2053
New best smoothed test MSE: 0.2053. Saving best model to experiments/experiment_19980_best.ckpt
Test MSE group_0: 0.0253
Test MSE group_1: 0.0471
Test MSE group_2: nan
Test MSE group_3: nan
Poisson likelihood: 0.0
CE loss: 0.0
train MSE group_0: 0.0276
train MSE group_1: 0.0341
train MSE group_2: nan
train MSE group_3: nan
CE loss (TEST): 0.0
Experiment 19980
Epoch 1060 [Test seq (cond on sampled tp)] | Loss 155.419250 | Likelihood -158.854889 | KL fp 5.1645 | FP STD 0.1103|
KL coef: 0.9999738811333907
Train loss (one batch): 155.45396423339844
Train CE loss (one batch): 0.0
Test MSE (raw): 0.0325
Test MSE (smoothed with alpha=0.01): 0.2036
New best smoothed test MSE: 0.2036. Saving best model to experiments/experiment_19980_best.ckpt
Test MSE group_0: 0.0215
Test MSE group_1: 0.0474
Test MSE group_2: nan
Test MSE group_3: nan
Poisson likelihood: 0.0
CE loss: 0.0
train MSE group_0: 0.0272
train MSE group_1: 0.0348
train MSE group_2: nan
train MSE group_3: nan
CE loss (TEST): 0.0
Experiment 19980
Epoch 1070 [Test seq (cond on sampled tp)] | Loss 160.505646 | Likelihood -162.954803 | KL fp 5.1038 | FP STD 0.1071|
KL coef: 0.9999763785652189
Train loss (one batch): 153.1165771484375
Train CE loss (one batch): 0.0
Test MSE (raw): 0.0333
Test MSE (smoothed with alpha=0.01): 0.2019
New best smoothed test MSE: 0.2019. Saving best model to experiments/experiment_19980_best.ckpt
Test MSE group_0: 0.0237
Test MSE group_1: 0.0463
Test MSE group_2: nan
Test MSE group_3: nan
Poisson likelihood: 0.0
CE loss: 0.0
train MSE group_0: 0.0273
train MSE group_1: 0.0337
train MSE group_2: nan
train MSE group_3: nan
CE loss (TEST): 0.0
Experiment 19980
Epoch 1080 [Test seq (cond on sampled tp)] | Loss 157.370895 | Likelihood -159.780655 | KL fp 4.9093 | FP STD 0.1232|
KL coef: 0.999978637197798
Train loss (one batch): 152.19007873535156
Train CE loss (one batch): 0.0
Test MSE (raw): 0.0327
Test MSE (smoothed with alpha=0.01): 0.2002
New best smoothed test MSE: 0.2002. Saving best model to experiments/experiment_19980_best.ckpt
Test MSE group_0: 0.0215
Test MSE group_1: 0.0479
Test MSE group_2: nan
Test MSE group_3: nan
Poisson likelihood: 0.0
CE loss: 0.0
train MSE group_0: 0.0278
train MSE group_1: 0.0338
train MSE group_2: nan
train MSE group_3: nan
CE loss (TEST): 0.0
Experiment 19980
Epoch 1090 [Test seq (cond on sampled tp)] | Loss 160.667999 | Likelihood -163.855759 | KL fp 5.0045 | FP STD 0.1036|
KL coef: 0.9999806798646166
Train loss (one batch): 154.07827758789062
Train CE loss (one batch): 0.0
Test MSE (raw): 0.0335
Test MSE (smoothed with alpha=0.01): 0.1986
New best smoothed test MSE: 0.1986. Saving best model to experiments/experiment_19980_best.ckpt
Test MSE group_0: 0.0232
Test MSE group_1: 0.0475
Test MSE group_2: nan
Test MSE group_3: nan
Poisson likelihood: 0.0
CE loss: 0.0
train MSE group_0: 0.0272
train MSE group_1: 0.0341
train MSE group_2: nan
train MSE group_3: nan
CE loss (TEST): 0.0
Experiment 19980
Epoch 1100 [Test seq (cond on sampled tp)] | Loss 164.642258 | Likelihood -178.852005 | KL fp 4.9649 | FP STD 0.1288|
KL coef: 0.9999825272158726
Train loss (one batch): 158.3580780029297
Train CE loss (one batch): 0.0
Test MSE (raw): 0.0365
Test MSE (smoothed with alpha=0.01): 0.1969
New best smoothed test MSE: 0.1969. Saving best model to experiments/experiment_19980_best.ckpt
Test MSE group_0: 0.0271
Test MSE group_1: 0.0492
Test MSE group_2: nan
Test MSE group_3: nan
Poisson likelihood: 0.0
CE loss: 0.0
train MSE group_0: 0.0283
train MSE group_1: 0.0352
train MSE group_2: nan
train MSE group_3: nan
CE loss (TEST): 0.0
Experiment 19980
Epoch 1110 [Test seq (cond on sampled tp)] | Loss 154.859756 | Likelihood -160.577805 | KL fp 4.8728 | FP STD 0.1217|
KL coef: 0.9999841979272346
Train loss (one batch): 154.7205352783203
Train CE loss (one batch): 0.0
Test MSE (raw): 0.0329
Test MSE (smoothed with alpha=0.01): 0.1953
New best smoothed test MSE: 0.1953. Saving best model to experiments/experiment_19980_best.ckpt
Test MSE group_0: 0.0216
Test MSE group_1: 0.0482
Test MSE group_2: nan
Test MSE group_3: nan
Poisson likelihood: 0.0
CE loss: 0.0
train MSE group_0: 0.0278
train MSE group_1: 0.0340
train MSE group_2: nan
train MSE group_3: nan
CE loss (TEST): 0.0
Experiment 19980
Epoch 1120 [Test seq (cond on sampled tp)] | Loss 160.956955 | Likelihood -162.581345 | KL fp 5.2050 | FP STD 0.0975|
KL coef: 0.999985708888643
Train loss (one batch): 149.6953125
Train CE loss (one batch): 0.0
Test MSE (raw): 0.0333
Test MSE (smoothed with alpha=0.01): 0.1937
New best smoothed test MSE: 0.1937. Saving best model to experiments/experiment_19980_best.ckpt
Test MSE group_0: 0.0230
Test MSE group_1: 0.0472
Test MSE group_2: nan
Test MSE group_3: nan
Poisson likelihood: 0.0
CE loss: 0.0
train MSE group_0: 0.0272
train MSE group_1: 0.0331
train MSE group_2: nan
train MSE group_3: nan
CE loss (TEST): 0.0
Experiment 19980
Epoch 1130 [Test seq (cond on sampled tp)] | Loss 163.884369 | Likelihood -175.260284 | KL fp 4.7862 | FP STD 0.1144|
KL coef: 0.9999870753750567
Train loss (one batch): 158.89451599121094
Train CE loss (one batch): 0.0
Test MSE (raw): 0.0358
Test MSE (smoothed with alpha=0.01): 0.1921
New best smoothed test MSE: 0.1921. Saving best model to experiments/experiment_19980_best.ckpt
Test MSE group_0: 0.0233
Test MSE group_1: 0.0527
Test MSE group_2: nan
Test MSE group_3: nan
Poisson likelihood: 0.0
CE loss: 0.0
train MSE group_0: 0.0292
train MSE group_1: 0.0352
train MSE group_2: nan
train MSE group_3: nan
CE loss (TEST): 0.0
Experiment 19980
Epoch 1140 [Test seq (cond on sampled tp)] | Loss 156.418304 | Likelihood -164.046143 | KL fp 5.1058 | FP STD 0.1000|
KL coef: 0.9999883112008752
Train loss (one batch): 156.49656677246094
Train CE loss (one batch): 0.0
Test MSE (raw): 0.0335
Test MSE (smoothed with alpha=0.01): 0.1905
New best smoothed test MSE: 0.1905. Saving best model to experiments/experiment_19980_best.ckpt
Test MSE group_0: 0.0233
Test MSE group_1: 0.0474
Test MSE group_2: nan
Test MSE group_3: nan
Poisson likelihood: 0.0
CE loss: 0.0
train MSE group_0: 0.0281
train MSE group_1: 0.0348
train MSE group_2: nan
train MSE group_3: nan
CE loss (TEST): 0.0
Experiment 19980
Epoch 1150 [Test seq (cond on sampled tp)] | Loss 154.419403 | Likelihood -160.546051 | KL fp 5.0489 | FP STD 0.0998|
KL coef: 0.9999894288595931
Train loss (one batch): 150.7351531982422
Train CE loss (one batch): 0.0
Test MSE (raw): 0.0328
Test MSE (smoothed with alpha=0.01): 0.1889
New best smoothed test MSE: 0.1889. Saving best model to experiments/experiment_19980_best.ckpt
Test MSE group_0: 0.0230
Test MSE group_1: 0.0463
Test MSE group_2: nan
Test MSE group_3: nan
Poisson likelihood: 0.0
CE loss: 0.0
train MSE group_0: 0.0272
train MSE group_1: 0.0328
train MSE group_2: nan
train MSE group_3: nan
CE loss (TEST): 0.0
Experiment 19980
Epoch 1160 [Test seq (cond on sampled tp)] | Loss 154.626022 | Likelihood -157.995224 | KL fp 5.1560 | FP STD 0.0935|
KL coef: 0.9999904396501036
Train loss (one batch): 144.78958129882812
Train CE loss (one batch): 0.0
Test MSE (raw): 0.0323
Test MSE (smoothed with alpha=0.01): 0.1874
New best smoothed test MSE: 0.1874. Saving best model to experiments/experiment_19980_best.ckpt
Test MSE group_0: 0.0220
Test MSE group_1: 0.0463
Test MSE group_2: nan
Test MSE group_3: nan
Poisson likelihood: 0.0
CE loss: 0.0
train MSE group_0: 0.0260
train MSE group_1: 0.0322
train MSE group_2: nan
train MSE group_3: nan
CE loss (TEST): 0.0
Experiment 19980
Epoch 1170 [Test seq (cond on sampled tp)] | Loss 159.548279 | Likelihood -163.113831 | KL fp 4.9065 | FP STD 0.1014|
KL coef: 0.9999913537909229
Train loss (one batch): 157.3549346923828
Train CE loss (one batch): 0.0
Test MSE (raw): 0.0334
Test MSE (smoothed with alpha=0.01): 0.1858
New best smoothed test MSE: 0.1858. Saving best model to experiments/experiment_19980_best.ckpt
Test MSE group_0: 0.0221
Test MSE group_1: 0.0486
Test MSE group_2: nan
Test MSE group_3: nan
Poisson likelihood: 0.0
CE loss: 0.0
train MSE group_0: 0.0282
train MSE group_1: 0.0345
train MSE group_2: nan
train MSE group_3: nan
CE loss (TEST): 0.0
Experiment 19980
Epoch 1180 [Test seq (cond on sampled tp)] | Loss 153.318848 | Likelihood -156.173218 | KL fp 5.3756 | FP STD 0.0879|
KL coef: 0.9999921805234938
Train loss (one batch): 154.16285705566406
Train CE loss (one batch): 0.0
Test MSE (raw): 0.0320
Test MSE (smoothed with alpha=0.01): 0.1843
New best smoothed test MSE: 0.1843. Saving best model to experiments/experiment_19980_best.ckpt
Test MSE group_0: 0.0207
Test MSE group_1: 0.0472
Test MSE group_2: nan
Test MSE group_3: nan
Poisson likelihood: 0.0
CE loss: 0.0
train MSE group_0: 0.0266
train MSE group_1: 0.0349
train MSE group_2: nan
train MSE group_3: nan
CE loss (TEST): 0.0
Experiment 19980
Epoch 1190 [Test seq (cond on sampled tp)] | Loss 155.941330 | Likelihood -157.127670 | KL fp 5.2081 | FP STD 0.0931|
KL coef: 0.9999929282056119
Train loss (one batch): 151.56982421875
Train CE loss (one batch): 0.0
Test MSE (raw): 0.0322
Test MSE (smoothed with alpha=0.01): 0.1828
New best smoothed test MSE: 0.1828. Saving best model to experiments/experiment_19980_best.ckpt
Test MSE group_0: 0.0210
Test MSE group_1: 0.0473
Test MSE group_2: nan
Test MSE group_3: nan
Poisson likelihood: 0.0
CE loss: 0.0
train MSE group_0: 0.0269
train MSE group_1: 0.0336
train MSE group_2: nan
train MSE group_3: nan
CE loss (TEST): 0.0
Experiment 19980
Epoch 1200 [Test seq (cond on sampled tp)] | Loss 150.917480 | Likelihood -153.620605 | KL fp 5.2626 | FP STD 0.0886|
KL coef: 0.9999936043959172
Train loss (one batch): 145.80300903320312
Train CE loss (one batch): 0.0
Test MSE (raw): 0.0315
Test MSE (smoothed with alpha=0.01): 0.1812
New best smoothed test MSE: 0.1812. Saving best model to experiments/experiment_19980_best.ckpt
Test MSE group_0: 0.0208
Test MSE group_1: 0.0459
Test MSE group_2: nan
Test MSE group_3: nan
Poisson likelihood: 0.0
CE loss: 0.0
train MSE group_0: 0.0261
train MSE group_1: 0.0319
train MSE group_2: nan
train MSE group_3: nan
CE loss (TEST): 0.0
Experiment 19980
Epoch 1210 [Test seq (cond on sampled tp)] | Loss 149.033127 | Likelihood -151.991089 | KL fp 5.3470 | FP STD 0.0845|
KL coef: 0.9999942159303087
Train loss (one batch): 142.7181396484375
Train CE loss (one batch): 0.0
Test MSE (raw): 0.0311
Test MSE (smoothed with alpha=0.01): 0.1797
New best smoothed test MSE: 0.1797. Saving best model to experiments/experiment_19980_best.ckpt
Test MSE group_0: 0.0204
Test MSE group_1: 0.0457
Test MSE group_2: nan
Test MSE group_3: nan
Poisson likelihood: 0.0
CE loss: 0.0
train MSE group_0: 0.0255
train MSE group_1: 0.0314
train MSE group_2: nan
train MSE group_3: nan
CE loss (TEST): 0.0
Experiment 19980
Epoch 1220 [Test seq (cond on sampled tp)] | Loss 148.352341 | Likelihood -149.006516 | KL fp 5.2307 | FP STD 0.0877|
KL coef: 0.9999947689910506
Train loss (one batch): 141.46029663085938
Train CE loss (one batch): 0.0
Test MSE (raw): 0.0305
Test MSE (smoothed with alpha=0.01): 0.1783
New best smoothed test MSE: 0.1783. Saving best model to experiments/experiment_19980_best.ckpt
Test MSE group_0: 0.0196
Test MSE group_1: 0.0453
Test MSE group_2: nan
Test MSE group_3: nan
Poisson likelihood: 0.0
CE loss: 0.0
train MSE group_0: 0.0256
train MSE group_1: 0.0313
train MSE group_2: nan
train MSE group_3: nan
CE loss (TEST): 0.0
Experiment 19980
Epoch 1230 [Test seq (cond on sampled tp)] | Loss 146.444870 | Likelihood -152.094681 | KL fp 5.2812 | FP STD 0.0924|
KL coef: 0.999995269169272
Train loss (one batch): 142.1199493408203
Train CE loss (one batch): 0.0
Test MSE (raw): 0.0312
Test MSE (smoothed with alpha=0.01): 0.1768
New best smoothed test MSE: 0.1768. Saving best model to experiments/experiment_19980_best.ckpt
Test MSE group_0: 0.0207
Test MSE group_1: 0.0454
Test MSE group_2: nan
Test MSE group_3: nan
Poisson likelihood: 0.0
CE loss: 0.0
train MSE group_0: 0.0255
train MSE group_1: 0.0316
train MSE group_2: nan
train MSE group_3: nan
CE loss (TEST): 0.0
Experiment 19980
Epoch 1240 [Test seq (cond on sampled tp)] | Loss 145.883835 | Likelihood -155.871429 | KL fp 5.1489 | FP STD 0.0976|
KL coef: 0.9999957215214896
Train loss (one batch): 142.04104614257812
Train CE loss (one batch): 0.0
Test MSE (raw): 0.0319
Test MSE (smoothed with alpha=0.01): 0.1753
New best smoothed test MSE: 0.1753. Saving best model to experiments/experiment_19980_best.ckpt
Test MSE group_0: 0.0215
Test MSE group_1: 0.0460
Test MSE group_2: nan
Test MSE group_3: nan
Poisson likelihood: 0.0
CE loss: 0.0
train MSE group_0: 0.0267
train MSE group_1: 0.0331
train MSE group_2: nan
train MSE group_3: nan
CE loss (TEST): 0.0
Experiment 19980
Epoch 1250 [Test seq (cond on sampled tp)] | Loss 151.508118 | Likelihood -151.286285 | KL fp 5.4455 | FP STD 0.0751|
KL coef: 0.9999961306207269
Train loss (one batch): 141.296142578125
Train CE loss (one batch): 0.0
Test MSE (raw): 0.0310
Test MSE (smoothed with alpha=0.01): 0.1739
New best smoothed test MSE: 0.1739. Saving best model to experiments/experiment_19980_best.ckpt
Test MSE group_0: 0.0207
Test MSE group_1: 0.0450
Test MSE group_2: nan
Test MSE group_3: nan
Poisson likelihood: 0.0
CE loss: 0.0
train MSE group_0: 0.0251
train MSE group_1: 0.0310
train MSE group_2: nan
train MSE group_3: nan
CE loss (TEST): 0.0
Experiment 19980
Epoch 1260 [Test seq (cond on sampled tp)] | Loss 147.666382 | Likelihood -148.608109 | KL fp 5.2809 | FP STD 0.0800|
KL coef: 0.999996500602744
Train loss (one batch): 141.71751403808594
Train CE loss (one batch): 0.0
Test MSE (raw): 0.0305
Test MSE (smoothed with alpha=0.01): 0.1725
New best smoothed test MSE: 0.1725. Saving best model to experiments/experiment_19980_best.ckpt
Test MSE group_0: 0.0198
Test MSE group_1: 0.0450
Test MSE group_2: nan
Test MSE group_3: nan
Poisson likelihood: 0.0
CE loss: 0.0
train MSE group_0: 0.0256
train MSE group_1: 0.0311
train MSE group_2: nan
train MSE group_3: nan
CE loss (TEST): 0.0
Experiment 19980
Epoch 1270 [Test seq (cond on sampled tp)] | Loss 149.566910 | Likelihood -150.293427 | KL fp 5.3446 | FP STD 0.0766|
KL coef: 0.9999968352078483
Train loss (one batch): 138.80848693847656
Train CE loss (one batch): 0.0
Test MSE (raw): 0.0308
Test MSE (smoothed with alpha=0.01): 0.1710
New best smoothed test MSE: 0.1710. Saving best model to experiments/experiment_19980_best.ckpt
Test MSE group_0: 0.0211
Test MSE group_1: 0.0439
Test MSE group_2: nan
Test MSE group_3: nan
Poisson likelihood: 0.0
CE loss: 0.0
train MSE group_0: 0.0248
train MSE group_1: 0.0308
train MSE group_2: nan
train MSE group_3: nan
CE loss (TEST): 0.0
Experiment 19980
Epoch 1280 [Test seq (cond on sampled tp)] | Loss 148.724579 | Likelihood -148.618973 | KL fp 5.3144 | FP STD 0.0721|
KL coef: 0.9999971378187069
Train loss (one batch): 143.32717895507812
Train CE loss (one batch): 0.0
Test MSE (raw): 0.0305
Test MSE (smoothed with alpha=0.01): 0.1696
New best smoothed test MSE: 0.1696. Saving best model to experiments/experiment_19980_best.ckpt
Test MSE group_0: 0.0199
Test MSE group_1: 0.0448
Test MSE group_2: nan
Test MSE group_3: nan
Poisson likelihood: 0.0
CE loss: 0.0
train MSE group_0: 0.0257
train MSE group_1: 0.0317
train MSE group_2: nan
train MSE group_3: nan
CE loss (TEST): 0.0
Experiment 19980
Epoch 1290 [Test seq (cond on sampled tp)] | Loss 148.357498 | Likelihood -152.913101 | KL fp 5.2922 | FP STD 0.0811|
KL coef: 0.9999974114945431
Train loss (one batch): 140.58059692382812
Train CE loss (one batch): 0.0
Test MSE (raw): 0.0313
Test MSE (smoothed with alpha=0.01): 0.1683
New best smoothed test MSE: 0.1683. Saving best model to experiments/experiment_19980_best.ckpt
Test MSE group_0: 0.0212
Test MSE group_1: 0.0450
Test MSE group_2: nan
Test MSE group_3: nan
Poisson likelihood: 0.0
CE loss: 0.0
train MSE group_0: 0.0260
train MSE group_1: 0.0313
train MSE group_2: nan
train MSE group_3: nan
CE loss (TEST): 0.0
Experiment 19980
Epoch 1300 [Test seq (cond on sampled tp)] | Loss 148.233124 | Likelihood -148.121475 | KL fp 5.4279 | FP STD 0.0757|
KL coef: 0.9999976590020637
Train loss (one batch): 138.18971252441406
Train CE loss (one batch): 0.0
Test MSE (raw): 0.0304
Test MSE (smoothed with alpha=0.01): 0.1669
New best smoothed test MSE: 0.1669. Saving best model to experiments/experiment_19980_best.ckpt
Test MSE group_0: 0.0205
Test MSE group_1: 0.0438
Test MSE group_2: nan
Test MSE group_3: nan
Poisson likelihood: 0.0
CE loss: 0.0
train MSE group_0: 0.0249
train MSE group_1: 0.0301
train MSE group_2: nan
train MSE group_3: nan
CE loss (TEST): 0.0
