/Users/benjaminmaurel/Documents/Training_Sanofi/notebooks_hands_on/latent_ode/run_models.py
run_models.py --niters 3000 -n 200 -s 40 -l 10 --dataset PK_Tacro --latent-ode --noise-weight 0.01 --max-t 5. --seed 31 --experiment 22674
Experiment 22674
Epoch 1000 [Test seq (cond on sampled tp)] | Loss 228.004288 | Likelihood -228.705643 | KL fp 5.0729 | FP STD 0.1575|
KL coef: 0.9999522643707747
Train loss (one batch): 207.89393615722656
Train CE loss (one batch): 0.0
Test MSE (raw): 0.0465
Test MSE (smoothed with alpha=0.01): 0.0465
New best smoothed test MSE: 0.0465. Saving best model to experiments/experiment_22674_best.ckpt
Test MSE group_0: 0.0454
Test MSE group_1: 0.0475
Test MSE group_2: nan
Test MSE group_3: nan
Poisson likelihood: 0.0
CE loss: 0.0
train MSE group_0: 0.0394
train MSE group_1: 0.0438
train MSE group_2: nan
train MSE group_3: nan
CE loss (TEST): 0.0
Experiment 22674
Epoch 2000 [Test seq (cond on sampled tp)] | Loss 156.229050 | Likelihood -153.818298 | KL fp 5.1488 | FP STD 0.0821|
KL coef: 0.9999999979391934
Train loss (one batch): 153.83193969726562
Train CE loss (one batch): 0.0
Test MSE (raw): 0.0315
Test MSE (smoothed with alpha=0.01): 0.0463
New best smoothed test MSE: 0.0463. Saving best model to experiments/experiment_22674_best.ckpt
Test MSE group_0: 0.0289
Test MSE group_1: 0.0341
Test MSE group_2: nan
Test MSE group_3: nan
Poisson likelihood: 0.0
CE loss: 0.0
train MSE group_0: 0.0283
train MSE group_1: 0.0331
train MSE group_2: nan
train MSE group_3: nan
CE loss (TEST): 0.0
Experiment 22674
Epoch 3000 [Test seq (cond on sampled tp)] | Loss 147.143341 | Likelihood -144.802979 | KL fp 5.0893 | FP STD 0.0597|
KL coef: 0.9999999999999111
Train loss (one batch): 143.02601623535156
Train CE loss (one batch): 0.0
Test MSE (raw): 0.0297
Test MSE (smoothed with alpha=0.01): 0.0462
New best smoothed test MSE: 0.0462. Saving best model to experiments/experiment_22674_best.ckpt
Test MSE group_0: 0.0271
Test MSE group_1: 0.0322
Test MSE group_2: nan
Test MSE group_3: nan
Poisson likelihood: 0.0
CE loss: 0.0
train MSE group_0: 0.0263
train MSE group_1: 0.0308
train MSE group_2: nan
train MSE group_3: nan
CE loss (TEST): 0.0
