/Users/benjaminmaurel/Documents/Training_Sanofi/notebooks_hands_on/latent_ode/run_models.py
run_models.py --niters 3000 -n 200 -s 40 -l 10 --dataset PK_Tacro --latent-ode --noise-weight 0.01 --max-t 5. --seed 1 --experiment 29542
Experiment 29542
Epoch 1000 [Test seq (cond on sampled tp)] | Loss 7727.684570 | Likelihood -7732.647461 | KL fp 15.0658 | FP STD 0.2861|
KL coef: 0.9999522643707747
Train loss (one batch): 7353.974609375
Train CE loss (one batch): 0.0
Test MSE (raw): 1.5473
Test MSE (smoothed with alpha=0.01): 1.5473
New best smoothed test MSE: 1.5473. Saving best model to experiments/experiment_29542_best.ckpt
Test MSE group_0: 1.4756
Test MSE group_1: 1.6189
Test MSE group_2: nan
Test MSE group_3: nan
Poisson likelihood: 0.0
CE loss: 0.0
train MSE group_0: 1.4103
train MSE group_1: 1.5444
train MSE group_2: nan
train MSE group_3: nan
CE loss (TEST): 0.0
Experiment 29542
Epoch 2000 [Test seq (cond on sampled tp)] | Loss 7526.382812 | Likelihood -7541.967285 | KL fp 14.4794 | FP STD 0.2275|
KL coef: 0.9999999979391934
Train loss (one batch): 6735.24462890625
Train CE loss (one batch): 0.0
Test MSE (raw): 1.5091
Test MSE (smoothed with alpha=0.01): 1.5469
New best smoothed test MSE: 1.5469. Saving best model to experiments/experiment_29542_best.ckpt
Test MSE group_0: 1.4644
Test MSE group_1: 1.5539
Test MSE group_2: nan
Test MSE group_3: nan
Poisson likelihood: 0.0
CE loss: 0.0
train MSE group_0: 1.3072
train MSE group_1: 1.3940
train MSE group_2: nan
train MSE group_3: nan
CE loss (TEST): 0.0
Experiment 29542
Epoch 3000 [Test seq (cond on sampled tp)] | Loss 7769.729980 | Likelihood -7803.166504 | KL fp 13.8719 | FP STD 0.1760|
KL coef: 0.9999999999999111
Train loss (one batch): 6353.4755859375
Train CE loss (one batch): 0.0
Test MSE (raw): 1.5614
Test MSE (smoothed with alpha=0.01): 1.5470
Smoothed Test MSE did not improve. Early stopping counter: 1/10000
Test MSE group_0: 1.4982
Test MSE group_1: 1.6249
Test MSE group_2: nan
Test MSE group_3: nan
Poisson likelihood: 0.0
CE loss: 0.0
train MSE group_0: 1.2385
train MSE group_1: 1.3110
train MSE group_2: nan
train MSE group_3: nan
CE loss (TEST): 0.0
