/Users/benjaminmaurel/Documents/Training_Sanofi/notebooks_hands_on/latent_ode/run_models.py
run_models.py --niters 3000 -n 200 -s 40 -l 10 --dataset PK_Tacro --latent-ode --noise-weight 0.01 --max-t 5. --seed 19 --experiment 13056
Experiment 13056
Epoch 1000 [Test seq (cond on sampled tp)] | Loss 282.102844 | Likelihood -280.967712 | KL fp 7.4125 | FP STD 0.2741|
KL coef: 0.9999522643707747
Train loss (one batch): 282.82720947265625
Train CE loss (one batch): 0.0
Test MSE (raw): 0.0569
Test MSE (smoothed with alpha=0.01): 0.0569
New best smoothed test MSE: 0.0569. Saving best model to experiments/experiment_13056_best.ckpt
Test MSE group_0: 0.0471
Test MSE group_1: 0.0662
Test MSE group_2: nan
Test MSE group_3: nan
Poisson likelihood: 0.0
CE loss: 0.0
train MSE group_0: 0.0472
train MSE group_1: 0.0651
train MSE group_2: nan
train MSE group_3: nan
CE loss (TEST): 0.0
Experiment 13056
Epoch 2000 [Test seq (cond on sampled tp)] | Loss 208.314743 | Likelihood -203.756119 | KL fp 7.5143 | FP STD 0.1640|
KL coef: 0.9999999979391934
Train loss (one batch): 195.51431274414062
Train CE loss (one batch): 0.0
Test MSE (raw): 0.0415
Test MSE (smoothed with alpha=0.01): 0.0568
New best smoothed test MSE: 0.0568. Saving best model to experiments/experiment_13056_best.ckpt
Test MSE group_0: 0.0354
Test MSE group_1: 0.0471
Test MSE group_2: nan
Test MSE group_3: nan
Poisson likelihood: 0.0
CE loss: 0.0
train MSE group_0: 0.0352
train MSE group_1: 0.0422
train MSE group_2: nan
train MSE group_3: nan
CE loss (TEST): 0.0
Experiment 13056
Epoch 3000 [Test seq (cond on sampled tp)] | Loss 199.554230 | Likelihood -194.984589 | KL fp 7.3265 | FP STD 0.1421|
KL coef: 0.9999999999999111
Train loss (one batch): 189.26010131835938
Train CE loss (one batch): 0.0
Test MSE (raw): 0.0397
Test MSE (smoothed with alpha=0.01): 0.0566
New best smoothed test MSE: 0.0566. Saving best model to experiments/experiment_13056_best.ckpt
Test MSE group_0: 0.0351
Test MSE group_1: 0.0440
Test MSE group_2: nan
Test MSE group_3: nan
Poisson likelihood: 0.0
CE loss: 0.0
train MSE group_0: 0.0351
train MSE group_1: 0.0397
train MSE group_2: nan
train MSE group_3: nan
CE loss (TEST): 0.0
