/Users/benjaminmaurel/Documents/Training_Sanofi/notebooks_hands_on/latent_ode/run_models.py
run_models.py --niters 3000 -n 200 -s 40 -l 10 --dataset PK_Tacro --latent-ode --noise-weight 0.01 --max-t 5. --seed 16 --experiment 13735
Experiment 13735
Epoch 1000 [Test seq (cond on sampled tp)] | Loss 244.653702 | Likelihood -241.924530 | KL fp 5.7588 | FP STD 0.1758|
KL coef: 0.9999522643707747
Train loss (one batch): 244.07261657714844
Train CE loss (one batch): 0.0
Test MSE (raw): 0.0491
Test MSE (smoothed with alpha=0.01): 0.0491
New best smoothed test MSE: 0.0491. Saving best model to experiments/experiment_13735_best.ckpt
Test MSE group_0: 0.0428
Test MSE group_1: 0.0552
Test MSE group_2: nan
Test MSE group_3: nan
Poisson likelihood: 0.0
CE loss: 0.0
train MSE group_0: 0.0423
train MSE group_1: 0.0553
train MSE group_2: nan
train MSE group_3: nan
CE loss (TEST): 0.0
Experiment 13735
Epoch 2000 [Test seq (cond on sampled tp)] | Loss 212.281860 | Likelihood -210.511230 | KL fp 5.2098 | FP STD 0.2113|
KL coef: 0.9999999979391934
Train loss (one batch): 209.62127685546875
Train CE loss (one batch): 0.0
Test MSE (raw): 0.0428
Test MSE (smoothed with alpha=0.01): 0.0491
New best smoothed test MSE: 0.0491. Saving best model to experiments/experiment_13735_best.ckpt
Test MSE group_0: 0.0381
Test MSE group_1: 0.0474
Test MSE group_2: nan
Test MSE group_3: nan
Poisson likelihood: 0.0
CE loss: 0.0
train MSE group_0: 0.0369
train MSE group_1: 0.0474
train MSE group_2: nan
train MSE group_3: nan
CE loss (TEST): 0.0
Experiment 13735
Epoch 3000 [Test seq (cond on sampled tp)] | Loss 181.977951 | Likelihood -179.140732 | KL fp 5.3488 | FP STD 0.1578|
KL coef: 0.9999999999999111
Train loss (one batch): 172.74806213378906
Train CE loss (one batch): 0.0
Test MSE (raw): 0.0366
Test MSE (smoothed with alpha=0.01): 0.0489
New best smoothed test MSE: 0.0489. Saving best model to experiments/experiment_13735_best.ckpt
Test MSE group_0: 0.0344
Test MSE group_1: 0.0387
Test MSE group_2: nan
Test MSE group_3: nan
Poisson likelihood: 0.0
CE loss: 0.0
train MSE group_0: 0.0322
train MSE group_1: 0.0368
train MSE group_2: nan
train MSE group_3: nan
CE loss (TEST): 0.0
