/Users/benjaminmaurel/Documents/Training_Sanofi/notebooks_hands_on/latent_ode/run_models.py
run_models.py --niters 3000 -n 200 -s 40 -l 10 --dataset PK_Tacro --latent-ode --noise-weight 0.01 --max-t 5. --seed 170 --experiment 40208
Experiment 40208
Epoch 1000 [Test seq (cond on sampled tp)] | Loss 181.026184 | Likelihood -183.109955 | KL fp 6.4199 | FP STD 0.3531|
KL coef: 0.9999522643707747
Train loss (one batch): 214.6643524169922
Train CE loss (one batch): 0.0
Test MSE (raw): 0.0374
Test MSE (smoothed with alpha=0.01): 0.0374
New best smoothed test MSE: 0.0374. Saving best model to experiments/experiment_40208_best.ckpt
Test MSE group_0: 0.0328
Test MSE group_1: 0.0419
Test MSE group_2: nan
Test MSE group_3: nan
Poisson likelihood: 0.0
CE loss: 0.0
train MSE group_0: 0.0363
train MSE group_1: 0.0500
train MSE group_2: nan
train MSE group_3: nan
CE loss (TEST): 0.0
Experiment 40208
Epoch 2000 [Test seq (cond on sampled tp)] | Loss 156.384384 | Likelihood -152.355118 | KL fp 6.9359 | FP STD 0.2411|
KL coef: 0.9999999979391934
Train loss (one batch): 173.80047607421875
Train CE loss (one batch): 0.0
Test MSE (raw): 0.0312
Test MSE (smoothed with alpha=0.01): 0.0373
New best smoothed test MSE: 0.0373. Saving best model to experiments/experiment_40208_best.ckpt
Test MSE group_0: 0.0285
Test MSE group_1: 0.0338
Test MSE group_2: nan
Test MSE group_3: nan
Poisson likelihood: 0.0
CE loss: 0.0
train MSE group_0: 0.0304
train MSE group_1: 0.0383
train MSE group_2: nan
train MSE group_3: nan
CE loss (TEST): 0.0
Experiment 40208
Epoch 3000 [Test seq (cond on sampled tp)] | Loss 149.513733 | Likelihood -145.216995 | KL fp 6.8755 | FP STD 0.1859|
KL coef: 0.9999999999999111
Train loss (one batch): 163.8552703857422
Train CE loss (one batch): 0.0
Test MSE (raw): 0.0298
Test MSE (smoothed with alpha=0.01): 0.0372
New best smoothed test MSE: 0.0372. Saving best model to experiments/experiment_40208_best.ckpt
Test MSE group_0: 0.0274
Test MSE group_1: 0.0321
Test MSE group_2: nan
Test MSE group_3: nan
Poisson likelihood: 0.0
CE loss: 0.0
train MSE group_0: 0.0288
train MSE group_1: 0.0360
train MSE group_2: nan
train MSE group_3: nan
CE loss (TEST): 0.0
