/Users/benjaminmaurel/Documents/Training_Sanofi/notebooks_hands_on/latent_ode/run_models.py
run_models.py --niters 3000 -n 200 -s 40 -l 10 --dataset PK_Tacro --latent-ode --noise-weight 0.01 --max-t 5. --seed 106 --experiment 29668
Experiment 29668
Epoch 1000 [Test seq (cond on sampled tp)] | Loss 191.865921 | Likelihood -190.788971 | KL fp 4.5299 | FP STD 0.0849|
KL coef: 0.9999522643707747
Train loss (one batch): 203.3837127685547
Train CE loss (one batch): 0.0
Test MSE (raw): 0.0389
Test MSE (smoothed with alpha=0.01): 0.0389
New best smoothed test MSE: 0.0389. Saving best model to experiments/experiment_29668_best.ckpt
Test MSE group_0: 0.0353
Test MSE group_1: 0.0425
Test MSE group_2: nan
Test MSE group_3: nan
Poisson likelihood: 0.0
CE loss: 0.0
train MSE group_0: 0.0380
train MSE group_1: 0.0432
train MSE group_2: nan
train MSE group_3: nan
CE loss (TEST): 0.0
Experiment 29668
Epoch 2000 [Test seq (cond on sampled tp)] | Loss 162.624222 | Likelihood -161.237000 | KL fp 4.3976 | FP STD 0.0894|
KL coef: 0.9999999979391934
Train loss (one batch): 168.9034423828125
Train CE loss (one batch): 0.0
Test MSE (raw): 0.0330
Test MSE (smoothed with alpha=0.01): 0.0388
New best smoothed test MSE: 0.0388. Saving best model to experiments/experiment_29668_best.ckpt
Test MSE group_0: 0.0303
Test MSE group_1: 0.0357
Test MSE group_2: nan
Test MSE group_3: nan
Poisson likelihood: 0.0
CE loss: 0.0
train MSE group_0: 0.0322
train MSE group_1: 0.0356
train MSE group_2: nan
train MSE group_3: nan
CE loss (TEST): 0.0
Experiment 29668
Epoch 3000 [Test seq (cond on sampled tp)] | Loss 150.165390 | Likelihood -148.136414 | KL fp 4.6009 | FP STD 0.0550|
KL coef: 0.9999999999999111
Train loss (one batch): 156.14157104492188
Train CE loss (one batch): 0.0
Test MSE (raw): 0.0304
Test MSE (smoothed with alpha=0.01): 0.0388
New best smoothed test MSE: 0.0388. Saving best model to experiments/experiment_29668_best.ckpt
Test MSE group_0: 0.0279
Test MSE group_1: 0.0328
Test MSE group_2: nan
Test MSE group_3: nan
Poisson likelihood: 0.0
CE loss: 0.0
train MSE group_0: 0.0293
train MSE group_1: 0.0329
train MSE group_2: nan
train MSE group_3: nan
CE loss (TEST): 0.0
