/Users/benjaminmaurel/Documents/Training_Sanofi/notebooks_hands_on/latent_ode/run_models.py
run_models.py --niters 3000 -n 200 -s 40 -l 10 --dataset PK_Tacro --latent-ode --noise-weight 0.01 --max-t 5. --seed 27 --experiment 31551
Experiment 31551
Epoch 1000 [Test seq (cond on sampled tp)] | Loss 179.308838 | Likelihood -178.115570 | KL fp 5.0343 | FP STD 0.2029|
KL coef: 0.9999522643707747
Train loss (one batch): 195.7677001953125
Train CE loss (one batch): 0.0
Test MSE (raw): 0.0364
Test MSE (smoothed with alpha=0.01): 0.0364
New best smoothed test MSE: 0.0364. Saving best model to experiments/experiment_31551_best.ckpt
Test MSE group_0: 0.0326
Test MSE group_1: 0.0401
Test MSE group_2: nan
Test MSE group_3: nan
Poisson likelihood: 0.0
CE loss: 0.0
train MSE group_0: 0.0344
train MSE group_1: 0.0439
train MSE group_2: nan
train MSE group_3: nan
CE loss (TEST): 0.0
Experiment 31551
Epoch 2000 [Test seq (cond on sampled tp)] | Loss 145.283997 | Likelihood -143.119064 | KL fp 5.0806 | FP STD 0.1505|
KL coef: 0.9999999979391934
Train loss (one batch): 148.9032745361328
Train CE loss (one batch): 0.0
Test MSE (raw): 0.0294
Test MSE (smoothed with alpha=0.01): 0.0363
New best smoothed test MSE: 0.0363. Saving best model to experiments/experiment_31551_best.ckpt
Test MSE group_0: 0.0268
Test MSE group_1: 0.0319
Test MSE group_2: nan
Test MSE group_3: nan
Poisson likelihood: 0.0
CE loss: 0.0
train MSE group_0: 0.0278
train MSE group_1: 0.0317
train MSE group_2: nan
train MSE group_3: nan
CE loss (TEST): 0.0
Experiment 31551
Epoch 3000 [Test seq (cond on sampled tp)] | Loss 140.997650 | Likelihood -138.759033 | KL fp 4.9174 | FP STD 0.1431|
KL coef: 0.9999999999999111
Train loss (one batch): 142.055908203125
Train CE loss (one batch): 0.0
Test MSE (raw): 0.0285
Test MSE (smoothed with alpha=0.01): 0.0362
New best smoothed test MSE: 0.0362. Saving best model to experiments/experiment_31551_best.ckpt
Test MSE group_0: 0.0264
Test MSE group_1: 0.0305
Test MSE group_2: nan
Test MSE group_3: nan
Poisson likelihood: 0.0
CE loss: 0.0
train MSE group_0: 0.0274
train MSE group_1: 0.0294
train MSE group_2: nan
train MSE group_3: nan
CE loss (TEST): 0.0
