/Users/benjaminmaurel/Documents/Training_Sanofi/notebooks_hands_on/latent_ode/run_models.py
run_models.py --niters 3000 -n 200 -s 40 -l 10 --dataset PK_Tacro --latent-ode --noise-weight 0.01 --max-t 5. --seed 22 --experiment 16472
Experiment 16472
Epoch 1000 [Test seq (cond on sampled tp)] | Loss 160.278244 | Likelihood -158.454849 | KL fp 4.4875 | FP STD 0.0599|
KL coef: 0.9999522643707747
Train loss (one batch): 159.31349182128906
Train CE loss (one batch): 0.0
Test MSE (raw): 0.0324
Test MSE (smoothed with alpha=0.01): 0.0324
New best smoothed test MSE: 0.0324. Saving best model to experiments/experiment_16472_best.ckpt
Test MSE group_0: 0.0313
Test MSE group_1: 0.0334
Test MSE group_2: nan
Test MSE group_3: nan
Poisson likelihood: 0.0
CE loss: 0.0
train MSE group_0: 0.0309
train MSE group_1: 0.0330
train MSE group_2: nan
train MSE group_3: nan
CE loss (TEST): 0.0
Experiment 16472
Epoch 2000 [Test seq (cond on sampled tp)] | Loss 149.686829 | Likelihood -148.872116 | KL fp 4.1234 | FP STD 0.1118|
KL coef: 0.9999999979391934
Train loss (one batch): 147.6414337158203
Train CE loss (one batch): 0.0
Test MSE (raw): 0.0305
Test MSE (smoothed with alpha=0.01): 0.0324
New best smoothed test MSE: 0.0324. Saving best model to experiments/experiment_16472_best.ckpt
Test MSE group_0: 0.0306
Test MSE group_1: 0.0304
Test MSE group_2: nan
Test MSE group_3: nan
Poisson likelihood: 0.0
CE loss: 0.0
train MSE group_0: 0.0300
train MSE group_1: 0.0296
train MSE group_2: nan
train MSE group_3: nan
CE loss (TEST): 0.0
Experiment 16472
Epoch 3000 [Test seq (cond on sampled tp)] | Loss 141.534012 | Likelihood -139.643448 | KL fp 4.4269 | FP STD 0.0814|
KL coef: 0.9999999999999111
Train loss (one batch): 135.6420135498047
Train CE loss (one batch): 0.0
Test MSE (raw): 0.0287
Test MSE (smoothed with alpha=0.01): 0.0324
New best smoothed test MSE: 0.0324. Saving best model to experiments/experiment_16472_best.ckpt
Test MSE group_0: 0.0287
Test MSE group_1: 0.0287
Test MSE group_2: nan
Test MSE group_3: nan
Poisson likelihood: 0.0
CE loss: 0.0
train MSE group_0: 0.0283
train MSE group_1: 0.0263
train MSE group_2: nan
train MSE group_3: nan
CE loss (TEST): 0.0
