/Users/benjaminmaurel/Documents/Training_Sanofi/notebooks_hands_on/latent_ode/run_models.py
run_models.py --niters 3000 -n 200 -s 40 -l 10 --dataset PK_Tacro --latent-ode --noise-weight 0.01 --max-t 5. --seed 148 --experiment 16774
Experiment 16774
Epoch 1000 [Test seq (cond on sampled tp)] | Loss 236.088638 | Likelihood -236.543335 | KL fp 4.0024 | FP STD 0.1665|
KL coef: 0.9999522643707747
Train loss (one batch): 256.0181579589844
Train CE loss (one batch): 0.0
Test MSE (raw): 0.0480
Test MSE (smoothed with alpha=0.01): 0.0480
New best smoothed test MSE: 0.0480. Saving best model to experiments/experiment_16774_best.ckpt
Test MSE group_0: 0.0393
Test MSE group_1: 0.0567
Test MSE group_2: nan
Test MSE group_3: nan
Poisson likelihood: 0.0
CE loss: 0.0
train MSE group_0: 0.0426
train MSE group_1: 0.0606
train MSE group_2: nan
train MSE group_3: nan
CE loss (TEST): 0.0
Experiment 16774
Epoch 2000 [Test seq (cond on sampled tp)] | Loss 208.724930 | Likelihood -207.277283 | KL fp 4.2582 | FP STD 0.0940|
KL coef: 0.9999999979391934
Train loss (one batch): 229.93402099609375
Train CE loss (one batch): 0.0
Test MSE (raw): 0.0422
Test MSE (smoothed with alpha=0.01): 0.0480
New best smoothed test MSE: 0.0480. Saving best model to experiments/experiment_16774_best.ckpt
Test MSE group_0: 0.0355
Test MSE group_1: 0.0488
Test MSE group_2: nan
Test MSE group_3: nan
Poisson likelihood: 0.0
CE loss: 0.0
train MSE group_0: 0.0389
train MSE group_1: 0.0532
train MSE group_2: nan
train MSE group_3: nan
CE loss (TEST): 0.0
Experiment 16774
Epoch 3000 [Test seq (cond on sampled tp)] | Loss 173.329315 | Likelihood -171.808319 | KL fp 4.3012 | FP STD 0.1019|
KL coef: 0.9999999999999111
Train loss (one batch): 194.83457946777344
Train CE loss (one batch): 0.0
Test MSE (raw): 0.0351
Test MSE (smoothed with alpha=0.01): 0.0479
New best smoothed test MSE: 0.0479. Saving best model to experiments/experiment_16774_best.ckpt
Test MSE group_0: 0.0297
Test MSE group_1: 0.0405
Test MSE group_2: nan
Test MSE group_3: nan
Poisson likelihood: 0.0
CE loss: 0.0
train MSE group_0: 0.0331
train MSE group_1: 0.0450
train MSE group_2: nan
train MSE group_3: nan
CE loss (TEST): 0.0
