/Users/benjaminmaurel/Documents/Training_Sanofi/notebooks_hands_on/latent_ode/run_models.py
run_models.py --niters 3000 -n 200 -s 40 -l 10 --dataset PK_Tacro --latent-ode --noise-weight 0.01 --max-t 5. --seed 2 --experiment 23552
Experiment 23552
Epoch 1000 [Test seq (cond on sampled tp)] | Loss 199.909973 | Likelihood -198.690186 | KL fp 5.7199 | FP STD 0.2212|
KL coef: 0.9999522643707747
Train loss (one batch): 201.11643981933594
Train CE loss (one batch): 0.0
Test MSE (raw): 0.0405
Test MSE (smoothed with alpha=0.01): 0.0405
New best smoothed test MSE: 0.0405. Saving best model to experiments/experiment_23552_best.ckpt
Test MSE group_0: 0.0334
Test MSE group_1: 0.0472
Test MSE group_2: nan
Test MSE group_3: nan
Poisson likelihood: 0.0
CE loss: 0.0
train MSE group_0: 0.0331
train MSE group_1: 0.0496
train MSE group_2: nan
train MSE group_3: nan
CE loss (TEST): 0.0
Experiment 23552
Epoch 2000 [Test seq (cond on sampled tp)] | Loss 202.620682 | Likelihood -200.496735 | KL fp 5.8354 | FP STD 0.1415|
KL coef: 0.9999999979391934
Train loss (one batch): 201.7507781982422
Train CE loss (one batch): 0.0
Test MSE (raw): 0.0408
Test MSE (smoothed with alpha=0.01): 0.0405
Smoothed Test MSE did not improve. Early stopping counter: 1/10000
Test MSE group_0: 0.0370
Test MSE group_1: 0.0445
Test MSE group_2: nan
Test MSE group_3: nan
Poisson likelihood: 0.0
CE loss: 0.0
train MSE group_0: 0.0343
train MSE group_1: 0.0488
train MSE group_2: nan
train MSE group_3: nan
CE loss (TEST): 0.0
Experiment 23552
Epoch 3000 [Test seq (cond on sampled tp)] | Loss 166.685577 | Likelihood -163.568359 | KL fp 5.8488 | FP STD 0.1251|
KL coef: 0.9999999999999111
Train loss (one batch): 166.59901428222656
Train CE loss (one batch): 0.0
Test MSE (raw): 0.0335
Test MSE (smoothed with alpha=0.01): 0.0404
New best smoothed test MSE: 0.0404. Saving best model to experiments/experiment_23552_best.ckpt
Test MSE group_0: 0.0290
Test MSE group_1: 0.0377
Test MSE group_2: nan
Test MSE group_3: nan
Poisson likelihood: 0.0
CE loss: 0.0
train MSE group_0: 0.0290
train MSE group_1: 0.0387
train MSE group_2: nan
train MSE group_3: nan
CE loss (TEST): 0.0
