/Users/benjaminmaurel/Documents/Training_Sanofi/notebooks_hands_on/latent_ode/run_models.py
run_models.py --niters 3000 -n 200 -s 40 -l 10 --dataset PK_Tacro --latent-ode --noise-weight 0.01 --max-t 5. --seed 12 --experiment 27472
Experiment 27472
Epoch 1000 [Test seq (cond on sampled tp)] | Loss 189.442688 | Likelihood -188.197296 | KL fp 5.7029 | FP STD 0.1917|
KL coef: 0.9999522643707747
Train loss (one batch): 179.33494567871094
Train CE loss (one batch): 0.0
Test MSE (raw): 0.0384
Test MSE (smoothed with alpha=0.01): 0.0384
New best smoothed test MSE: 0.0384. Saving best model to experiments/experiment_27472_best.ckpt
Test MSE group_0: 0.0350
Test MSE group_1: 0.0415
Test MSE group_2: nan
Test MSE group_3: nan
Poisson likelihood: 0.0
CE loss: 0.0
train MSE group_0: 0.0316
train MSE group_1: 0.0399
train MSE group_2: nan
train MSE group_3: nan
CE loss (TEST): 0.0
Experiment 27472
Epoch 2000 [Test seq (cond on sampled tp)] | Loss 151.957687 | Likelihood -148.695068 | KL fp 5.8893 | FP STD 0.0845|
KL coef: 0.9999999979391934
Train loss (one batch): 151.44566345214844
Train CE loss (one batch): 0.0
Test MSE (raw): 0.0305
Test MSE (smoothed with alpha=0.01): 0.0383
New best smoothed test MSE: 0.0383. Saving best model to experiments/experiment_27472_best.ckpt
Test MSE group_0: 0.0275
Test MSE group_1: 0.0332
Test MSE group_2: nan
Test MSE group_3: nan
Poisson likelihood: 0.0
CE loss: 0.0
train MSE group_0: 0.0269
train MSE group_1: 0.0331
train MSE group_2: nan
train MSE group_3: nan
CE loss (TEST): 0.0
Experiment 27472
Epoch 3000 [Test seq (cond on sampled tp)] | Loss 146.642334 | Likelihood -143.818863 | KL fp 5.3832 | FP STD 0.0999|
KL coef: 0.9999999999999111
Train loss (one batch): 143.97169494628906
Train CE loss (one batch): 0.0
Test MSE (raw): 0.0295
Test MSE (smoothed with alpha=0.01): 0.0382
New best smoothed test MSE: 0.0382. Saving best model to experiments/experiment_27472_best.ckpt
Test MSE group_0: 0.0270
Test MSE group_1: 0.0318
Test MSE group_2: nan
Test MSE group_3: nan
Poisson likelihood: 0.0
CE loss: 0.0
train MSE group_0: 0.0257
train MSE group_1: 0.0316
train MSE group_2: nan
train MSE group_3: nan
CE loss (TEST): 0.0
