/Users/benjaminmaurel/Documents/Training_Sanofi/notebooks_hands_on/latent_ode/run_models.py
run_models.py --niters 5000 -n 200 -s 40 -l 10 --dataset PK_Tacro --latent-ode --noise-weight 0.01 --max-t 5. --seed 50 --experiment 17372
Experiment 17372
Epoch 0010 [Test seq (cond on sampled tp)] | Loss 3443.963867 | Likelihood -3559.412842 | KL fp 3.9293 | FP STD 0.8577|
KL coef: 0.0
Train loss (one batch): 4775.5078125
Train CE loss (one batch): 0.0
Test MSE (raw): 0.7126
Test MSE (smoothed with alpha=0.01): 0.7126
New best smoothed test MSE: 0.7126. Saving best model to experiments/experiment_17372_best.ckpt
Test MSE group_0: 0.6591
Test MSE group_1: 0.7332
Test MSE group_2: nan
Test MSE group_3: nan
Poisson likelihood: 0.0
CE loss: 0.0
train MSE group_0: 0.8012
train MSE group_1: 1.0449
train MSE group_2: nan
train MSE group_3: nan
CE loss (TEST): 0.0
Experiment 17372
Epoch 0020 [Test seq (cond on sampled tp)] | Loss 1927.194092 | Likelihood -1996.881836 | KL fp 4.6336 | FP STD 0.5733|
KL coef: 0.09561792499119559
Train loss (one batch): 2382.7822265625
Train CE loss (one batch): 0.0
Test MSE (raw): 0.4001
Test MSE (smoothed with alpha=0.01): 0.7095
New best smoothed test MSE: 0.7095. Saving best model to experiments/experiment_17372_best.ckpt
Test MSE group_0: 0.3362
Test MSE group_1: 0.4247
Test MSE group_2: nan
Test MSE group_3: nan
Poisson likelihood: 0.0
CE loss: 0.0
train MSE group_0: 0.2902
train MSE group_1: 0.5430
train MSE group_2: nan
train MSE group_3: nan
CE loss (TEST): 0.0
Experiment 17372
Epoch 0030 [Test seq (cond on sampled tp)] | Loss 1750.901978 | Likelihood -1880.041016 | KL fp 4.7503 | FP STD 0.4125|
KL coef: 0.18209306240276923
Train loss (one batch): 2033.5777587890625
Train CE loss (one batch): 0.0
Test MSE (raw): 0.3767
Test MSE (smoothed with alpha=0.01): 0.7062
New best smoothed test MSE: 0.7062. Saving best model to experiments/experiment_17372_best.ckpt
Test MSE group_0: 0.5012
Test MSE group_1: 0.3289
Test MSE group_2: nan
Test MSE group_3: nan
Poisson likelihood: 0.0
CE loss: 0.0
train MSE group_0: 0.4862
train MSE group_1: 0.3915
train MSE group_2: nan
train MSE group_3: nan
CE loss (TEST): 0.0
Experiment 17372
Epoch 0040 [Test seq (cond on sampled tp)] | Loss 1665.692017 | Likelihood -1722.313843 | KL fp 5.1932 | FP STD 0.3185|
KL coef: 0.2602996266117198
Train loss (one batch): 1845.44287109375
Train CE loss (one batch): 0.0
Test MSE (raw): 0.3452
Test MSE (smoothed with alpha=0.01): 0.7026
New best smoothed test MSE: 0.7026. Saving best model to experiments/experiment_17372_best.ckpt
Test MSE group_0: 0.4718
Test MSE group_1: 0.2965
Test MSE group_2: nan
Test MSE group_3: nan
Poisson likelihood: 0.0
CE loss: 0.0
train MSE group_0: 0.4512
train MSE group_1: 0.3522
train MSE group_2: nan
train MSE group_3: nan
CE loss (TEST): 0.0
Experiment 17372
Epoch 0050 [Test seq (cond on sampled tp)] | Loss 1503.483643 | Likelihood -1525.456421 | KL fp 5.0136 | FP STD 0.3034|
KL coef: 0.3310282414303197
Train loss (one batch): 1796.3857421875
Train CE loss (one batch): 0.0
Test MSE (raw): 0.3058
Test MSE (smoothed with alpha=0.01): 0.6986
New best smoothed test MSE: 0.6986. Saving best model to experiments/experiment_17372_best.ckpt
Test MSE group_0: 0.3794
Test MSE group_1: 0.2775
Test MSE group_2: nan
Test MSE group_3: nan
Poisson likelihood: 0.0
CE loss: 0.0
train MSE group_0: 0.3588
train MSE group_1: 0.3653
train MSE group_2: nan
train MSE group_3: nan
CE loss (TEST): 0.0
Experiment 17372
Epoch 0060 [Test seq (cond on sampled tp)] | Loss 1535.658447 | Likelihood -1572.032593 | KL fp 5.1712 | FP STD 0.2662|
KL coef: 0.39499393286246365
Train loss (one batch): 1745.7347412109375
Train CE loss (one batch): 0.0
Test MSE (raw): 0.3151
Test MSE (smoothed with alpha=0.01): 0.6948
New best smoothed test MSE: 0.6948. Saving best model to experiments/experiment_17372_best.ckpt
Test MSE group_0: 0.4185
Test MSE group_1: 0.2754
Test MSE group_2: nan
Test MSE group_3: nan
Poisson likelihood: 0.0
CE loss: 0.0
train MSE group_0: 0.4035
train MSE group_1: 0.3433
train MSE group_2: nan
train MSE group_3: nan
CE loss (TEST): 0.0
Experiment 17372
Epoch 0070 [Test seq (cond on sampled tp)] | Loss 1492.905884 | Likelihood -1567.003662 | KL fp 5.0381 | FP STD 0.2628|
KL coef: 0.4528433576092388
Train loss (one batch): 1756.5318603515625
Train CE loss (one batch): 0.0
Test MSE (raw): 0.3141
Test MSE (smoothed with alpha=0.01): 0.6909
New best smoothed test MSE: 0.6909. Saving best model to experiments/experiment_17372_best.ckpt
Test MSE group_0: 0.4237
Test MSE group_1: 0.2720
Test MSE group_2: nan
Test MSE group_3: nan
Poisson likelihood: 0.0
CE loss: 0.0
train MSE group_0: 0.4066
train MSE group_1: 0.3398
train MSE group_2: nan
train MSE group_3: nan
CE loss (TEST): 0.0
Experiment 17372
Epoch 0080 [Test seq (cond on sampled tp)] | Loss 1507.965454 | Likelihood -1547.293701 | KL fp 5.4992 | FP STD 0.2140|
KL coef: 0.505161340399793
Train loss (one batch): 1739.1983642578125
Train CE loss (one batch): 0.0
Test MSE (raw): 0.3102
Test MSE (smoothed with alpha=0.01): 0.6871
New best smoothed test MSE: 0.6871. Saving best model to experiments/experiment_17372_best.ckpt
Test MSE group_0: 0.4167
Test MSE group_1: 0.2692
Test MSE group_2: nan
Test MSE group_3: nan
Poisson likelihood: 0.0
CE loss: 0.0
train MSE group_0: 0.3969
train MSE group_1: 0.3360
train MSE group_2: nan
train MSE group_3: nan
CE loss (TEST): 0.0
Experiment 17372
Epoch 0090 [Test seq (cond on sampled tp)] | Loss 1482.509766 | Likelihood -1516.719971 | KL fp 5.2419 | FP STD 0.2379|
KL coef: 0.5524767862361895
Train loss (one batch): 1711.334228515625
Train CE loss (one batch): 0.0
Test MSE (raw): 0.3041
Test MSE (smoothed with alpha=0.01): 0.6833
New best smoothed test MSE: 0.6833. Saving best model to experiments/experiment_17372_best.ckpt
Test MSE group_0: 0.4105
Test MSE group_1: 0.2632
Test MSE group_2: nan
Test MSE group_3: nan
Poisson likelihood: 0.0
CE loss: 0.0
train MSE group_0: 0.3884
train MSE group_1: 0.3327
train MSE group_2: nan
train MSE group_3: nan
CE loss (TEST): 0.0
Experiment 17372
Epoch 0100 [Test seq (cond on sampled tp)] | Loss 1484.595093 | Likelihood -1529.307739 | KL fp 4.7577 | FP STD 0.2986|
KL coef: 0.5952680273216762
Train loss (one batch): 1697.7977294921875
Train CE loss (one batch): 0.0
Test MSE (raw): 0.3066
Test MSE (smoothed with alpha=0.01): 0.6795
New best smoothed test MSE: 0.6795. Saving best model to experiments/experiment_17372_best.ckpt
Test MSE group_0: 0.4163
Test MSE group_1: 0.2644
Test MSE group_2: nan
Test MSE group_3: nan
Poisson likelihood: 0.0
CE loss: 0.0
train MSE group_0: 0.3862
train MSE group_1: 0.3320
train MSE group_2: nan
train MSE group_3: nan
CE loss (TEST): 0.0
Experiment 17372
Epoch 0110 [Test seq (cond on sampled tp)] | Loss 1426.806641 | Likelihood -1490.979858 | KL fp 4.8912 | FP STD 0.2688|
KL coef: 0.6339676587267709
Train loss (one batch): 1677.6812744140625
Train CE loss (one batch): 0.0
Test MSE (raw): 0.2989
Test MSE (smoothed with alpha=0.01): 0.6757
New best smoothed test MSE: 0.6757. Saving best model to experiments/experiment_17372_best.ckpt
Test MSE group_0: 0.3952
Test MSE group_1: 0.2619
Test MSE group_2: nan
Test MSE group_3: nan
Poisson likelihood: 0.0
CE loss: 0.0
train MSE group_0: 0.3781
train MSE group_1: 0.3250
train MSE group_2: nan
train MSE group_3: nan
CE loss (TEST): 0.0
Experiment 17372
Epoch 0120 [Test seq (cond on sampled tp)] | Loss 1368.219238 | Likelihood -1425.517334 | KL fp 5.1865 | FP STD 0.2289|
KL coef: 0.6689669116789861
Train loss (one batch): 1593.9228515625
Train CE loss (one batch): 0.0
Test MSE (raw): 0.2858
Test MSE (smoothed with alpha=0.01): 0.6718
New best smoothed test MSE: 0.6718. Saving best model to experiments/experiment_17372_best.ckpt
Test MSE group_0: 0.3716
Test MSE group_1: 0.2529
Test MSE group_2: nan
Test MSE group_3: nan
Poisson likelihood: 0.0
CE loss: 0.0
train MSE group_0: 0.3661
train MSE group_1: 0.3129
train MSE group_2: nan
train MSE group_3: nan
CE loss (TEST): 0.0
Experiment 17372
Epoch 0130 [Test seq (cond on sampled tp)] | Loss 1298.661743 | Likelihood -1397.431641 | KL fp 5.0519 | FP STD 0.2758|
KL coef: 0.7006196086876687
Train loss (one batch): 1546.0977783203125
Train CE loss (one batch): 0.0
Test MSE (raw): 0.2802
Test MSE (smoothed with alpha=0.01): 0.6679
New best smoothed test MSE: 0.6679. Saving best model to experiments/experiment_17372_best.ckpt
Test MSE group_0: 0.3504
Test MSE group_1: 0.2532
Test MSE group_2: nan
Test MSE group_3: nan
Poisson likelihood: 0.0
CE loss: 0.0
train MSE group_0: 0.3291
train MSE group_1: 0.3085
train MSE group_2: nan
train MSE group_3: nan
CE loss (TEST): 0.0
Experiment 17372
Epoch 0140 [Test seq (cond on sampled tp)] | Loss 1204.035767 | Likelihood -1234.294189 | KL fp 5.2537 | FP STD 0.2133|
KL coef: 0.729245740488006
Train loss (one batch): 1412.8043212890625
Train CE loss (one batch): 0.0
Test MSE (raw): 0.2476
Test MSE (smoothed with alpha=0.01): 0.6637
New best smoothed test MSE: 0.6637. Saving best model to experiments/experiment_17372_best.ckpt
Test MSE group_0: 0.2996
Test MSE group_1: 0.2276
Test MSE group_2: nan
Test MSE group_3: nan
Poisson likelihood: 0.0
CE loss: 0.0
train MSE group_0: 0.2774
train MSE group_1: 0.2870
train MSE group_2: nan
train MSE group_3: nan
CE loss (TEST): 0.0
Experiment 17372
Epoch 0150 [Test seq (cond on sampled tp)] | Loss 1070.450317 | Likelihood -1081.062622 | KL fp 5.5962 | FP STD 0.1942|
KL coef: 0.7551347009650705
Train loss (one batch): 1229.8255615234375
Train CE loss (one batch): 0.0
Test MSE (raw): 0.2169
Test MSE (smoothed with alpha=0.01): 0.6593
New best smoothed test MSE: 0.6593. Saving best model to experiments/experiment_17372_best.ckpt
Test MSE group_0: 0.2664
Test MSE group_1: 0.1979
Test MSE group_2: nan
Test MSE group_3: nan
Poisson likelihood: 0.0
CE loss: 0.0
train MSE group_0: 0.2402
train MSE group_1: 0.2502
train MSE group_2: nan
train MSE group_3: nan
CE loss (TEST): 0.0
Experiment 17372
Epoch 0160 [Test seq (cond on sampled tp)] | Loss 881.002075 | Likelihood -936.299622 | KL fp 5.2542 | FP STD 0.2268|
KL coef: 0.7785482127611391
Train loss (one batch): 1153.832763671875
Train CE loss (one batch): 0.0
Test MSE (raw): 0.1880
Test MSE (smoothed with alpha=0.01): 0.6545
New best smoothed test MSE: 0.6545. Saving best model to experiments/experiment_17372_best.ckpt
Test MSE group_0: 0.2491
Test MSE group_1: 0.1645
Test MSE group_2: nan
Test MSE group_3: nan
Poisson likelihood: 0.0
CE loss: 0.0
train MSE group_0: 0.2368
train MSE group_1: 0.2303
train MSE group_2: nan
train MSE group_3: nan
CE loss (TEST): 0.0
Experiment 17372
Epoch 0170 [Test seq (cond on sampled tp)] | Loss 791.796997 | Likelihood -837.417786 | KL fp 5.5370 | FP STD 0.2460|
KL coef: 0.7997229731425107
Train loss (one batch): 920.353271484375
Train CE loss (one batch): 0.0
Test MSE (raw): 0.1682
Test MSE (smoothed with alpha=0.01): 0.6497
New best smoothed test MSE: 0.6497. Saving best model to experiments/experiment_17372_best.ckpt
Test MSE group_0: 0.2322
Test MSE group_1: 0.1436
Test MSE group_2: nan
Test MSE group_3: nan
Poisson likelihood: 0.0
CE loss: 0.0
train MSE group_0: 0.2042
train MSE group_1: 0.1842
train MSE group_2: nan
train MSE group_3: nan
CE loss (TEST): 0.0
Experiment 17372
Epoch 0180 [Test seq (cond on sampled tp)] | Loss 772.585022 | Likelihood -800.002625 | KL fp 5.1912 | FP STD 0.2857|
KL coef: 0.8188730468740297
Train loss (one batch): 774.493896484375
Train CE loss (one batch): 0.0
Test MSE (raw): 0.1607
Test MSE (smoothed with alpha=0.01): 0.6448
New best smoothed test MSE: 0.6448. Saving best model to experiments/experiment_17372_best.ckpt
Test MSE group_0: 0.2363
Test MSE group_1: 0.1317
Test MSE group_2: nan
Test MSE group_3: nan
Poisson likelihood: 0.0
CE loss: 0.0
train MSE group_0: 0.1997
train MSE group_1: 0.1467
train MSE group_2: nan
train MSE group_3: nan
CE loss (TEST): 0.0
Experiment 17372
Epoch 0190 [Test seq (cond on sampled tp)] | Loss 731.955078 | Likelihood -761.636780 | KL fp 5.4153 | FP STD 0.2607|
KL coef: 0.8361920302919126
Train loss (one batch): 741.5285034179688
Train CE loss (one batch): 0.0
Test MSE (raw): 0.1531
Test MSE (smoothed with alpha=0.01): 0.6399
New best smoothed test MSE: 0.6399. Saving best model to experiments/experiment_17372_best.ckpt
Test MSE group_0: 0.2134
Test MSE group_1: 0.1298
Test MSE group_2: nan
Test MSE group_3: nan
Poisson likelihood: 0.0
CE loss: 0.0
train MSE group_0: 0.1508
train MSE group_1: 0.1495
train MSE group_2: nan
train MSE group_3: nan
CE loss (TEST): 0.0
Experiment 17372
Epoch 0200 [Test seq (cond on sampled tp)] | Loss 625.959045 | Likelihood -661.301025 | KL fp 5.2313 | FP STD 0.2105|
KL coef: 0.8518550084524206
Train loss (one batch): 605.7832641601562
Train CE loss (one batch): 0.0
Test MSE (raw): 0.1330
Test MSE (smoothed with alpha=0.01): 0.6348
New best smoothed test MSE: 0.6348. Saving best model to experiments/experiment_17372_best.ckpt
Test MSE group_0: 0.1751
Test MSE group_1: 0.1168
Test MSE group_2: nan
Test MSE group_3: nan
Poisson likelihood: 0.0
CE loss: 0.0
train MSE group_0: 0.1418
train MSE group_1: 0.1177
train MSE group_2: nan
train MSE group_3: nan
CE loss (TEST): 0.0
Experiment 17372
Epoch 0210 [Test seq (cond on sampled tp)] | Loss 619.089233 | Likelihood -635.615112 | KL fp 5.5876 | FP STD 0.1790|
KL coef: 0.8660203251420383
Train loss (one batch): 547.6212158203125
Train CE loss (one batch): 0.0
Test MSE (raw): 0.1279
Test MSE (smoothed with alpha=0.01): 0.6297
New best smoothed test MSE: 0.6297. Saving best model to experiments/experiment_17372_best.ckpt
Test MSE group_0: 0.1583
Test MSE group_1: 0.1162
Test MSE group_2: nan
Test MSE group_3: nan
Poisson likelihood: 0.0
CE loss: 0.0
train MSE group_0: 0.1241
train MSE group_1: 0.1097
train MSE group_2: nan
train MSE group_3: nan
CE loss (TEST): 0.0
Experiment 17372
Epoch 0220 [Test seq (cond on sampled tp)] | Loss 675.226135 | Likelihood -687.519348 | KL fp 5.6638 | FP STD 0.1826|
KL coef: 0.8788311836429517
Train loss (one batch): 562.930908203125
Train CE loss (one batch): 0.0
Test MSE (raw): 0.1382
Test MSE (smoothed with alpha=0.01): 0.6248
New best smoothed test MSE: 0.6248. Saving best model to experiments/experiment_17372_best.ckpt
Test MSE group_0: 0.1539
Test MSE group_1: 0.1322
Test MSE group_2: nan
Test MSE group_3: nan
Poisson likelihood: 0.0
CE loss: 0.0
train MSE group_0: 0.1198
train MSE group_1: 0.1123
train MSE group_2: nan
train MSE group_3: nan
CE loss (TEST): 0.0
Experiment 17372
Epoch 0230 [Test seq (cond on sampled tp)] | Loss 555.698242 | Likelihood -570.227661 | KL fp 5.3056 | FP STD 0.1775|
KL coef: 0.8904170944366518
Train loss (one batch): 529.3983764648438
Train CE loss (one batch): 0.0
Test MSE (raw): 0.1148
Test MSE (smoothed with alpha=0.01): 0.6197
New best smoothed test MSE: 0.6197. Saving best model to experiments/experiment_17372_best.ckpt
Test MSE group_0: 0.1381
Test MSE group_1: 0.1058
Test MSE group_2: nan
Test MSE group_3: nan
Poisson likelihood: 0.0
CE loss: 0.0
train MSE group_0: 0.1107
train MSE group_1: 0.1063
train MSE group_2: nan
train MSE group_3: nan
CE loss (TEST): 0.0
Experiment 17372
Epoch 0240 [Test seq (cond on sampled tp)] | Loss 547.905212 | Likelihood -554.118774 | KL fp 5.3484 | FP STD 0.1708|
KL coef: 0.9008951844811254
Train loss (one batch): 506.153564453125
Train CE loss (one batch): 0.0
Test MSE (raw): 0.1116
Test MSE (smoothed with alpha=0.01): 0.6146
New best smoothed test MSE: 0.6146. Saving best model to experiments/experiment_17372_best.ckpt
Test MSE group_0: 0.1343
Test MSE group_1: 0.1028
Test MSE group_2: nan
Test MSE group_3: nan
Poisson likelihood: 0.0
CE loss: 0.0
train MSE group_0: 0.1000
train MSE group_1: 0.1025
train MSE group_2: nan
train MSE group_3: nan
CE loss (TEST): 0.0
Experiment 17372
Epoch 0250 [Test seq (cond on sampled tp)] | Loss 544.831482 | Likelihood -554.765503 | KL fp 5.5992 | FP STD 0.1548|
KL coef: 0.9103713812976754
Train loss (one batch): 482.9889831542969
Train CE loss (one batch): 0.0
Test MSE (raw): 0.1117
Test MSE (smoothed with alpha=0.01): 0.6096
New best smoothed test MSE: 0.6096. Saving best model to experiments/experiment_17372_best.ckpt
Test MSE group_0: 0.1338
Test MSE group_1: 0.1032
Test MSE group_2: nan
Test MSE group_3: nan
Poisson likelihood: 0.0
CE loss: 0.0
train MSE group_0: 0.0978
train MSE group_1: 0.0989
train MSE group_2: nan
train MSE group_3: nan
CE loss (TEST): 0.0
Experiment 17372
Epoch 0260 [Test seq (cond on sampled tp)] | Loss 525.973633 | Likelihood -546.268250 | KL fp 5.3507 | FP STD 0.1657|
KL coef: 0.9189414838378187
Train loss (one batch): 472.6837158203125
Train CE loss (one batch): 0.0
Test MSE (raw): 0.1100
Test MSE (smoothed with alpha=0.01): 0.6046
New best smoothed test MSE: 0.6046. Saving best model to experiments/experiment_17372_best.ckpt
Test MSE group_0: 0.1334
Test MSE group_1: 0.1010
Test MSE group_2: nan
Test MSE group_3: nan
Poisson likelihood: 0.0
CE loss: 0.0
train MSE group_0: 0.0937
train MSE group_1: 0.0967
train MSE group_2: nan
train MSE group_3: nan
CE loss (TEST): 0.0
Experiment 17372
Epoch 0270 [Test seq (cond on sampled tp)] | Loss 527.508789 | Likelihood -534.702271 | KL fp 5.2050 | FP STD 0.1695|
KL coef: 0.9266921309561118
Train loss (one batch): 461.62432861328125
Train CE loss (one batch): 0.0
Test MSE (raw): 0.1077
Test MSE (smoothed with alpha=0.01): 0.5996
New best smoothed test MSE: 0.5996. Saving best model to experiments/experiment_17372_best.ckpt
Test MSE group_0: 0.1306
Test MSE group_1: 0.0989
Test MSE group_2: nan
Test MSE group_3: nan
Poisson likelihood: 0.0
CE loss: 0.0
train MSE group_0: 0.0914
train MSE group_1: 0.0944
train MSE group_2: nan
train MSE group_3: nan
CE loss (TEST): 0.0
Experiment 17372
Epoch 0280 [Test seq (cond on sampled tp)] | Loss 524.486816 | Likelihood -539.145020 | KL fp 5.0668 | FP STD 0.2045|
KL coef: 0.9337016772796147
Train loss (one batch): 476.7159729003906
Train CE loss (one batch): 0.0
Test MSE (raw): 0.1086
Test MSE (smoothed with alpha=0.01): 0.5947
New best smoothed test MSE: 0.5947. Saving best model to experiments/experiment_17372_best.ckpt
Test MSE group_0: 0.1326
Test MSE group_1: 0.0993
Test MSE group_2: nan
Test MSE group_3: nan
Poisson likelihood: 0.0
CE loss: 0.0
train MSE group_0: 0.0950
train MSE group_1: 0.0970
train MSE group_2: nan
train MSE group_3: nan
CE loss (TEST): 0.0
Experiment 17372
Epoch 0290 [Test seq (cond on sampled tp)] | Loss 553.845459 | Likelihood -559.019165 | KL fp 5.5462 | FP STD 0.1615|
KL coef: 0.9400409853285345
Train loss (one batch): 454.6614685058594
Train CE loss (one batch): 0.0
Test MSE (raw): 0.1125
Test MSE (smoothed with alpha=0.01): 0.5899
New best smoothed test MSE: 0.5899. Saving best model to experiments/experiment_17372_best.ckpt
Test MSE group_0: 0.1300
Test MSE group_1: 0.1058
Test MSE group_2: nan
Test MSE group_3: nan
Poisson likelihood: 0.0
CE loss: 0.0
train MSE group_0: 0.0890
train MSE group_1: 0.0944
train MSE group_2: nan
train MSE group_3: nan
CE loss (TEST): 0.0
Experiment 17372
Epoch 0300 [Test seq (cond on sampled tp)] | Loss 513.673218 | Likelihood -518.051758 | KL fp 5.5120 | FP STD 0.1330|
KL coef: 0.9457741418959368
Train loss (one batch): 449.8719482421875
Train CE loss (one batch): 0.0
Test MSE (raw): 0.1043
Test MSE (smoothed with alpha=0.01): 0.5851
New best smoothed test MSE: 0.5851. Saving best model to experiments/experiment_17372_best.ckpt
Test MSE group_0: 0.1279
Test MSE group_1: 0.0953
Test MSE group_2: nan
Test MSE group_3: nan
Poisson likelihood: 0.0
CE loss: 0.0
train MSE group_0: 0.0883
train MSE group_1: 0.0910
train MSE group_2: nan
train MSE group_3: nan
CE loss (TEST): 0.0
Experiment 17372
Epoch 0310 [Test seq (cond on sampled tp)] | Loss 502.820190 | Likelihood -515.762207 | KL fp 5.1719 | FP STD 0.1487|
KL coef: 0.9509591059287142
Train loss (one batch): 448.3037414550781
Train CE loss (one batch): 0.0
Test MSE (raw): 0.1039
Test MSE (smoothed with alpha=0.01): 0.5802
New best smoothed test MSE: 0.5802. Saving best model to experiments/experiment_17372_best.ckpt
Test MSE group_0: 0.1245
Test MSE group_1: 0.0960
Test MSE group_2: nan
Test MSE group_3: nan
Poisson likelihood: 0.0
CE loss: 0.0
train MSE group_0: 0.0913
train MSE group_1: 0.0901
train MSE group_2: nan
train MSE group_3: nan
CE loss (TEST): 0.0
Experiment 17372
Epoch 0320 [Test seq (cond on sampled tp)] | Loss 514.925781 | Likelihood -516.140320 | KL fp 5.5093 | FP STD 0.1301|
KL coef: 0.9556482944595236
Train loss (one batch): 433.6298828125
Train CE loss (one batch): 0.0
Test MSE (raw): 0.1040
Test MSE (smoothed with alpha=0.01): 0.5755
New best smoothed test MSE: 0.5755. Saving best model to experiments/experiment_17372_best.ckpt
Test MSE group_0: 0.1219
Test MSE group_1: 0.0971
Test MSE group_2: nan
Test MSE group_3: nan
Poisson likelihood: 0.0
CE loss: 0.0
train MSE group_0: 0.0831
train MSE group_1: 0.0883
train MSE group_2: nan
train MSE group_3: nan
CE loss (TEST): 0.0
Experiment 17372
Epoch 0330 [Test seq (cond on sampled tp)] | Loss 505.182678 | Likelihood -511.420349 | KL fp 5.3953 | FP STD 0.1273|
KL coef: 0.9598891125131245
Train loss (one batch): 428.511474609375
Train CE loss (one batch): 0.0
Test MSE (raw): 0.1030
Test MSE (smoothed with alpha=0.01): 0.5708
New best smoothed test MSE: 0.5708. Saving best model to experiments/experiment_17372_best.ckpt
Test MSE group_0: 0.1228
Test MSE group_1: 0.0954
Test MSE group_2: nan
Test MSE group_3: nan
Poisson likelihood: 0.0
CE loss: 0.0
train MSE group_0: 0.0826
train MSE group_1: 0.0880
train MSE group_2: nan
train MSE group_3: nan
CE loss (TEST): 0.0
Experiment 17372
Epoch 0340 [Test seq (cond on sampled tp)] | Loss 495.672180 | Likelihood -497.738678 | KL fp 5.5356 | FP STD 0.1227|
KL coef: 0.9637244323441748
Train loss (one batch): 428.08648681640625
Train CE loss (one batch): 0.0
Test MSE (raw): 0.1003
Test MSE (smoothed with alpha=0.01): 0.5660
New best smoothed test MSE: 0.5660. Saving best model to experiments/experiment_17372_best.ckpt
Test MSE group_0: 0.1215
Test MSE group_1: 0.0921
Test MSE group_2: nan
Test MSE group_3: nan
Poisson likelihood: 0.0
CE loss: 0.0
train MSE group_0: 0.0838
train MSE group_1: 0.0871
train MSE group_2: nan
train MSE group_3: nan
CE loss (TEST): 0.0
Experiment 17372
Epoch 0350 [Test seq (cond on sampled tp)] | Loss 493.307617 | Likelihood -497.757721 | KL fp 5.4756 | FP STD 0.1371|
KL coef: 0.9671930268513026
Train loss (one batch): 429.52764892578125
Train CE loss (one batch): 0.0
Test MSE (raw): 0.1003
Test MSE (smoothed with alpha=0.01): 0.5614
New best smoothed test MSE: 0.5614. Saving best model to experiments/experiment_17372_best.ckpt
Test MSE group_0: 0.1190
Test MSE group_1: 0.0931
Test MSE group_2: nan
Test MSE group_3: nan
Poisson likelihood: 0.0
CE loss: 0.0
train MSE group_0: 0.0811
train MSE group_1: 0.0873
train MSE group_2: nan
train MSE group_3: nan
CE loss (TEST): 0.0
Experiment 17372
Epoch 0360 [Test seq (cond on sampled tp)] | Loss 488.482758 | Likelihood -497.119629 | KL fp 5.1704 | FP STD 0.1393|
KL coef: 0.9703299615490228
Train loss (one batch): 416.82916259765625
Train CE loss (one batch): 0.0
Test MSE (raw): 0.1002
Test MSE (smoothed with alpha=0.01): 0.5568
New best smoothed test MSE: 0.5568. Saving best model to experiments/experiment_17372_best.ckpt
Test MSE group_0: 0.1201
Test MSE group_1: 0.0925
Test MSE group_2: nan
Test MSE group_3: nan
Poisson likelihood: 0.0
CE loss: 0.0
train MSE group_0: 0.0807
train MSE group_1: 0.0850
train MSE group_2: nan
train MSE group_3: nan
CE loss (TEST): 0.0
Experiment 17372
Epoch 0370 [Test seq (cond on sampled tp)] | Loss 479.784698 | Likelihood -488.983490 | KL fp 5.2337 | FP STD 0.1282|
KL coef: 0.9731669490601144
Train loss (one batch): 413.58831787109375
Train CE loss (one batch): 0.0
Test MSE (raw): 0.0985
Test MSE (smoothed with alpha=0.01): 0.5522
New best smoothed test MSE: 0.5522. Saving best model to experiments/experiment_17372_best.ckpt
Test MSE group_0: 0.1176
Test MSE group_1: 0.0912
Test MSE group_2: nan
Test MSE group_3: nan
Poisson likelihood: 0.0
CE loss: 0.0
train MSE group_0: 0.0775
train MSE group_1: 0.0844
train MSE group_2: nan
train MSE group_3: nan
CE loss (TEST): 0.0
Experiment 17372
Epoch 0380 [Test seq (cond on sampled tp)] | Loss 484.510132 | Likelihood -491.649323 | KL fp 5.4294 | FP STD 0.1206|
KL coef: 0.9757326697121692
Train loss (one batch): 415.0240783691406
Train CE loss (one batch): 0.0
Test MSE (raw): 0.0991
Test MSE (smoothed with alpha=0.01): 0.5477
New best smoothed test MSE: 0.5477. Saving best model to experiments/experiment_17372_best.ckpt
Test MSE group_0: 0.1172
Test MSE group_1: 0.0921
Test MSE group_2: nan
Test MSE group_3: nan
Poisson likelihood: 0.0
CE loss: 0.0
train MSE group_0: 0.0762
train MSE group_1: 0.0851
train MSE group_2: nan
train MSE group_3: nan
CE loss (TEST): 0.0
Experiment 17372
Epoch 0390 [Test seq (cond on sampled tp)] | Loss 573.141602 | Likelihood -618.443359 | KL fp 4.7021 | FP STD 0.3075|
KL coef: 0.9780530614793677
Train loss (one batch): 520.4207763671875
Train CE loss (one batch): 0.0
Test MSE (raw): 0.1244
Test MSE (smoothed with alpha=0.01): 0.5434
New best smoothed test MSE: 0.5434. Saving best model to experiments/experiment_17372_best.ckpt
Test MSE group_0: 0.1383
Test MSE group_1: 0.1191
Test MSE group_2: nan
Test MSE group_3: nan
Poisson likelihood: 0.0
CE loss: 0.0
train MSE group_0: 0.1018
train MSE group_1: 0.1078
train MSE group_2: nan
train MSE group_3: nan
CE loss (TEST): 0.0
