/Users/benjaminmaurel/Documents/Training_Sanofi/notebooks_hands_on/latent_ode/run_models.py
run_models.py --niters 3000 -n 200 -s 40 -l 10 --dataset PK_Tacro --latent-ode --noise-weight 0.01 --max-t 5. --seed 22 --experiment 13055
Experiment 13055
Epoch 1000 [Test seq (cond on sampled tp)] | Loss 143.849930 | Likelihood -143.061188 | KL fp 4.1509 | FP STD 0.1004|
KL coef: 0.9999522643707747
Train loss (one batch): 139.0859832763672
Train CE loss (one batch): 0.0
Test MSE (raw): 0.0293
Test MSE (smoothed with alpha=0.01): 0.0293
New best smoothed test MSE: 0.0293. Saving best model to experiments/experiment_13055_best.ckpt
Test MSE group_0: 0.0262
Test MSE group_1: 0.0325
Test MSE group_2: nan
Test MSE group_3: nan
Poisson likelihood: 0.0
CE loss: 0.0
train MSE group_0: 0.0238
train MSE group_1: 0.0327
train MSE group_2: nan
train MSE group_3: nan
CE loss (TEST): 0.0
Experiment 13055
Epoch 2000 [Test seq (cond on sampled tp)] | Loss 133.218964 | Likelihood -131.457169 | KL fp 4.2705 | FP STD 0.0629|
KL coef: 0.9999999979391934
Train loss (one batch): 126.71128845214844
Train CE loss (one batch): 0.0
Test MSE (raw): 0.0270
Test MSE (smoothed with alpha=0.01): 0.0293
New best smoothed test MSE: 0.0293. Saving best model to experiments/experiment_13055_best.ckpt
Test MSE group_0: 0.0250
Test MSE group_1: 0.0291
Test MSE group_2: nan
Test MSE group_3: nan
Poisson likelihood: 0.0
CE loss: 0.0
train MSE group_0: 0.0223
train MSE group_1: 0.0287
train MSE group_2: nan
train MSE group_3: nan
CE loss (TEST): 0.0
Experiment 13055
Epoch 3000 [Test seq (cond on sampled tp)] | Loss 128.283142 | Likelihood -127.272812 | KL fp 4.1074 | FP STD 0.0700|
KL coef: 0.9999999999999111
Train loss (one batch): 124.94509887695312
Train CE loss (one batch): 0.0
Test MSE (raw): 0.0262
Test MSE (smoothed with alpha=0.01): 0.0293
New best smoothed test MSE: 0.0293. Saving best model to experiments/experiment_13055_best.ckpt
Test MSE group_0: 0.0246
Test MSE group_1: 0.0277
Test MSE group_2: nan
Test MSE group_3: nan
Poisson likelihood: 0.0
CE loss: 0.0
train MSE group_0: 0.0227
train MSE group_1: 0.0275
train MSE group_2: nan
train MSE group_3: nan
CE loss (TEST): 0.0
