/Users/benjaminmaurel/Documents/Training_Sanofi/notebooks_hands_on/latent_ode/run_models.py
run_models.py --niters 3000 -n 200 -s 40 -l 10 --dataset PK_Tacro --latent-ode --noise-weight 0.01 --max-t 5. --seed 101 --experiment 31988
Experiment 31988
Epoch 1000 [Test seq (cond on sampled tp)] | Loss 171.971405 | Likelihood -170.661652 | KL fp 4.4097 | FP STD 0.0635|
KL coef: 0.9999522643707747
Train loss (one batch): 182.0797576904297
Train CE loss (one batch): 0.0
Test MSE (raw): 0.0349
Test MSE (smoothed with alpha=0.01): 0.0349
New best smoothed test MSE: 0.0349. Saving best model to experiments/experiment_31988_best.ckpt
Test MSE group_0: 0.0296
Test MSE group_1: 0.0401
Test MSE group_2: nan
Test MSE group_3: nan
Poisson likelihood: 0.0
CE loss: 0.0
train MSE group_0: 0.0323
train MSE group_1: 0.0406
train MSE group_2: nan
train MSE group_3: nan
CE loss (TEST): 0.0
Experiment 31988
Epoch 2000 [Test seq (cond on sampled tp)] | Loss 157.121521 | Likelihood -155.065262 | KL fp 4.6452 | FP STD 0.0435|
KL coef: 0.9999999979391934
Train loss (one batch): 159.78128051757812
Train CE loss (one batch): 0.0
Test MSE (raw): 0.0318
Test MSE (smoothed with alpha=0.01): 0.0348
New best smoothed test MSE: 0.0348. Saving best model to experiments/experiment_31988_best.ckpt
Test MSE group_0: 0.0285
Test MSE group_1: 0.0349
Test MSE group_2: nan
Test MSE group_3: nan
Poisson likelihood: 0.0
CE loss: 0.0
train MSE group_0: 0.0297
train MSE group_1: 0.0342
train MSE group_2: nan
train MSE group_3: nan
CE loss (TEST): 0.0
Experiment 31988
Epoch 3000 [Test seq (cond on sampled tp)] | Loss 154.275635 | Likelihood -152.604172 | KL fp 4.4202 | FP STD 0.0702|
KL coef: 0.9999999999999111
Train loss (one batch): 157.4439239501953
Train CE loss (one batch): 0.0
Test MSE (raw): 0.0313
Test MSE (smoothed with alpha=0.01): 0.0348
New best smoothed test MSE: 0.0348. Saving best model to experiments/experiment_31988_best.ckpt
Test MSE group_0: 0.0297
Test MSE group_1: 0.0328
Test MSE group_2: nan
Test MSE group_3: nan
Poisson likelihood: 0.0
CE loss: 0.0
train MSE group_0: 0.0313
train MSE group_1: 0.0318
train MSE group_2: nan
train MSE group_3: nan
CE loss (TEST): 0.0
