/Users/benjaminmaurel/Documents/Training_Sanofi/notebooks_hands_on/latent_ode/run_models.py
run_models.py --niters 3000 -n 200 -s 40 -l 10 --dataset PK_Tacro --latent-ode --noise-weight 0.01 --max-t 5. --seed 120 --experiment 31898
Experiment 31898
Epoch 1000 [Test seq (cond on sampled tp)] | Loss 227.597717 | Likelihood -224.897720 | KL fp 5.8047 | FP STD 0.2161|
KL coef: 0.9999522643707747
Train loss (one batch): 247.2680206298828
Train CE loss (one batch): 0.0
Test MSE (raw): 0.0457
Test MSE (smoothed with alpha=0.01): 0.0457
New best smoothed test MSE: 0.0457. Saving best model to experiments/experiment_31898_best.ckpt
Test MSE group_0: 0.0416
Test MSE group_1: 0.0498
Test MSE group_2: nan
Test MSE group_3: nan
Poisson likelihood: 0.0
CE loss: 0.0
train MSE group_0: 0.0402
train MSE group_1: 0.0563
train MSE group_2: nan
train MSE group_3: nan
CE loss (TEST): 0.0
Experiment 31898
Epoch 2000 [Test seq (cond on sampled tp)] | Loss 224.271088 | Likelihood -221.412750 | KL fp 5.7843 | FP STD 0.1830|
KL coef: 0.9999999979391934
Train loss (one batch): 237.3895263671875
Train CE loss (one batch): 0.0
Test MSE (raw): 0.0450
Test MSE (smoothed with alpha=0.01): 0.0457
New best smoothed test MSE: 0.0457. Saving best model to experiments/experiment_31898_best.ckpt
Test MSE group_0: 0.0444
Test MSE group_1: 0.0456
Test MSE group_2: nan
Test MSE group_3: nan
Poisson likelihood: 0.0
CE loss: 0.0
train MSE group_0: 0.0416
train MSE group_1: 0.0516
train MSE group_2: nan
train MSE group_3: nan
CE loss (TEST): 0.0
Experiment 31898
Epoch 3000 [Test seq (cond on sampled tp)] | Loss 204.276581 | Likelihood -201.370361 | KL fp 5.7288 | FP STD 0.1510|
KL coef: 0.9999999999999111
Train loss (one batch): 217.30555725097656
Train CE loss (one batch): 0.0
Test MSE (raw): 0.0410
Test MSE (smoothed with alpha=0.01): 0.0457
New best smoothed test MSE: 0.0457. Saving best model to experiments/experiment_31898_best.ckpt
Test MSE group_0: 0.0414
Test MSE group_1: 0.0407
Test MSE group_2: nan
Test MSE group_3: nan
Poisson likelihood: 0.0
CE loss: 0.0
train MSE group_0: 0.0402
train MSE group_1: 0.0457
train MSE group_2: nan
train MSE group_3: nan
CE loss (TEST): 0.0
