/Users/benjaminmaurel/Documents/Training_Sanofi/notebooks_hands_on/latent_ode/run_models.py
run_models.py --niters 200 -n 200 -s 40 -l 10 --dataset PK_Tacro --latent-ode --viz --noise-weight 0.01 --max-t 5. --seed 50 --experiment 37117
Experiment 37117
Epoch 0001 [Test seq (cond on sampled tp)] | Loss 530.523743 | Likelihood -572.304871 | KL fp 1.7899 | FP STD 0.1424|
KL coef: 0.0
Train loss (one batch): 615.5784912109375
Train CE loss (one batch): 0.0
Test MSE (raw): 0.1152
Test MSE (smoothed with alpha=0.01): 0.1152
New best smoothed test MSE: 0.1152. Saving best model to experiments/experiment_37117_best.ckpt
Test MSE group_0: nan
Test MSE group_1: 0.1152
Test MSE group_2: nan
Test MSE group_3: nan
Poisson likelihood: 0.0
CE loss: 0.0
train MSE group_0: nan
train MSE group_1: 0.1276
train MSE group_2: nan
train MSE group_3: nan
CE loss (TEST): 0.0
Experiment 37117
Epoch 0002 [Test seq (cond on sampled tp)] | Loss 713.381592 | Likelihood -780.621826 | KL fp 1.0130 | FP STD 0.3812|
KL coef: 0.0
Train loss (one batch): 378.9744567871094
Train CE loss (one batch): 0.0
Test MSE (raw): 0.1569
Test MSE (smoothed with alpha=0.01): 0.1156
Smoothed Test MSE did not improve. Early stopping counter: 1/100
Test MSE group_0: nan
Test MSE group_1: 0.1569
Test MSE group_2: nan
Test MSE group_3: nan
Poisson likelihood: 0.0
CE loss: 0.0
train MSE group_0: nan
train MSE group_1: 0.0784
train MSE group_2: nan
train MSE group_3: nan
CE loss (TEST): 0.0
Experiment 37117
Epoch 0003 [Test seq (cond on sampled tp)] | Loss 699.538879 | Likelihood -711.509766 | KL fp 1.9277 | FP STD 0.1193|
KL coef: 0.0
Train loss (one batch): 877.5125122070312
Train CE loss (one batch): 0.0
Test MSE (raw): 0.1430
Test MSE (smoothed with alpha=0.01): 0.1159
Smoothed Test MSE did not improve. Early stopping counter: 2/100
Test MSE group_0: nan
Test MSE group_1: 0.1430
Test MSE group_2: nan
Test MSE group_3: nan
Poisson likelihood: 0.0
CE loss: 0.0
train MSE group_0: nan
train MSE group_1: 0.1827
train MSE group_2: nan
train MSE group_3: nan
CE loss (TEST): 0.0
Experiment 37117
Epoch 0004 [Test seq (cond on sampled tp)] | Loss 338.230164 | Likelihood -340.639191 | KL fp 2.5579 | FP STD 0.0590|
KL coef: 0.0
Train loss (one batch): 559.9839477539062
Train CE loss (one batch): 0.0
Test MSE (raw): 0.0689
Test MSE (smoothed with alpha=0.01): 0.1154
Smoothed Test MSE did not improve. Early stopping counter: 3/100
Test MSE group_0: nan
Test MSE group_1: 0.0689
Test MSE group_2: nan
Test MSE group_3: nan
Poisson likelihood: 0.0
CE loss: 0.0
train MSE group_0: nan
train MSE group_1: 0.1148
train MSE group_2: nan
train MSE group_3: nan
CE loss (TEST): 0.0
Experiment 37117
Epoch 0005 [Test seq (cond on sampled tp)] | Loss 165.705780 | Likelihood -169.229553 | KL fp 2.5908 | FP STD 0.1176|
KL coef: 0.0
Train loss (one batch): 227.99227905273438
Train CE loss (one batch): 0.0
Test MSE (raw): 0.0346
Test MSE (smoothed with alpha=0.01): 0.1146
New best smoothed test MSE: 0.1146. Saving best model to experiments/experiment_37117_best.ckpt
Test MSE group_0: nan
Test MSE group_1: 0.0346
Test MSE group_2: nan
Test MSE group_3: nan
Poisson likelihood: 0.0
CE loss: 0.0
train MSE group_0: nan
train MSE group_1: 0.0467
train MSE group_2: nan
train MSE group_3: nan
CE loss (TEST): 0.0
Experiment 37117
Epoch 0006 [Test seq (cond on sampled tp)] | Loss 173.348099 | Likelihood -180.022324 | KL fp 1.9595 | FP STD 0.1990|
KL coef: 0.0
Train loss (one batch): 108.04835510253906
Train CE loss (one batch): 0.0
Test MSE (raw): 0.0367
Test MSE (smoothed with alpha=0.01): 0.1138
New best smoothed test MSE: 0.1138. Saving best model to experiments/experiment_37117_best.ckpt
Test MSE group_0: nan
Test MSE group_1: 0.0367
Test MSE group_2: nan
Test MSE group_3: nan
Poisson likelihood: 0.0
CE loss: 0.0
train MSE group_0: nan
train MSE group_1: 0.0234
train MSE group_2: nan
train MSE group_3: nan
CE loss (TEST): 0.0
Experiment 37117
Epoch 0007 [Test seq (cond on sampled tp)] | Loss 189.991806 | Likelihood -197.173874 | KL fp 2.0232 | FP STD 0.1269|
KL coef: 0.0
Train loss (one batch): 188.68768310546875
Train CE loss (one batch): 0.0
Test MSE (raw): 0.0402
Test MSE (smoothed with alpha=0.01): 0.1131
New best smoothed test MSE: 0.1131. Saving best model to experiments/experiment_37117_best.ckpt
Test MSE group_0: nan
Test MSE group_1: 0.0402
Test MSE group_2: nan
Test MSE group_3: nan
Poisson likelihood: 0.0
CE loss: 0.0
train MSE group_0: nan
train MSE group_1: 0.0399
train MSE group_2: nan
train MSE group_3: nan
CE loss (TEST): 0.0
Experiment 37117
Epoch 0008 [Test seq (cond on sampled tp)] | Loss 261.949402 | Likelihood -276.795868 | KL fp 2.3551 | FP STD 0.1084|
KL coef: 0.0
Train loss (one batch): 105.54341125488281
Train CE loss (one batch): 0.0
Test MSE (raw): 0.0561
Test MSE (smoothed with alpha=0.01): 0.1125
New best smoothed test MSE: 0.1125. Saving best model to experiments/experiment_37117_best.ckpt
Test MSE group_0: nan
Test MSE group_1: 0.0561
Test MSE group_2: nan
Test MSE group_3: nan
Poisson likelihood: 0.0
CE loss: 0.0
train MSE group_0: nan
train MSE group_1: 0.0231
train MSE group_2: nan
train MSE group_3: nan
CE loss (TEST): 0.0
Experiment 37117
Epoch 0009 [Test seq (cond on sampled tp)] | Loss 161.431656 | Likelihood -166.114395 | KL fp 2.4992 | FP STD 0.1094|
KL coef: 0.0
Train loss (one batch): 154.84153747558594
Train CE loss (one batch): 0.0
Test MSE (raw): 0.0340
Test MSE (smoothed with alpha=0.01): 0.1117
New best smoothed test MSE: 0.1117. Saving best model to experiments/experiment_37117_best.ckpt
Test MSE group_0: nan
Test MSE group_1: 0.0340
Test MSE group_2: nan
Test MSE group_3: nan
Poisson likelihood: 0.0
CE loss: 0.0
train MSE group_0: nan
train MSE group_1: 0.0324
train MSE group_2: nan
train MSE group_3: nan
CE loss (TEST): 0.0
Experiment 37117
Epoch 0010 [Test seq (cond on sampled tp)] | Loss 93.550507 | Likelihood -100.317932 | KL fp 2.3348 | FP STD 0.1225|
KL coef: 0.0
Train loss (one batch): 93.33784484863281
Train CE loss (one batch): 0.0
Test MSE (raw): 0.0208
Test MSE (smoothed with alpha=0.01): 0.1108
New best smoothed test MSE: 0.1108. Saving best model to experiments/experiment_37117_best.ckpt
Test MSE group_0: nan
Test MSE group_1: 0.0208
Test MSE group_2: nan
Test MSE group_3: nan
Poisson likelihood: 0.0
CE loss: 0.0
train MSE group_0: nan
train MSE group_1: 0.0196
train MSE group_2: nan
train MSE group_3: nan
CE loss (TEST): 0.0
Experiment 37117
Epoch 0011 [Test seq (cond on sampled tp)] | Loss 85.719139 | Likelihood -90.763756 | KL fp 2.4409 | FP STD 0.1154|
KL coef: 0.010000000000000009
Train loss (one batch): 78.84722900390625
Train CE loss (one batch): 0.0
Test MSE (raw): 0.0189
Test MSE (smoothed with alpha=0.01): 0.1099
New best smoothed test MSE: 0.1099. Saving best model to experiments/experiment_37117_best.ckpt
Test MSE group_0: nan
Test MSE group_1: 0.0189
Test MSE group_2: nan
Test MSE group_3: nan
Poisson likelihood: 0.0
CE loss: 0.0
train MSE group_0: nan
train MSE group_1: 0.0168
train MSE group_2: nan
train MSE group_3: nan
CE loss (TEST): 0.0
Experiment 37117
Epoch 0012 [Test seq (cond on sampled tp)] | Loss 77.797867 | Likelihood -80.356529 | KL fp 2.3188 | FP STD 0.0980|
KL coef: 0.01990000000000003
Train loss (one batch): 102.77271270751953
Train CE loss (one batch): 0.0
Test MSE (raw): 0.0168
Test MSE (smoothed with alpha=0.01): 0.1090
New best smoothed test MSE: 0.1090. Saving best model to experiments/experiment_37117_best.ckpt
Test MSE group_0: nan
Test MSE group_1: 0.0168
Test MSE group_2: nan
Test MSE group_3: nan
Poisson likelihood: 0.0
CE loss: 0.0
train MSE group_0: nan
train MSE group_1: 0.0218
train MSE group_2: nan
train MSE group_3: nan
CE loss (TEST): 0.0
Experiment 37117
Epoch 0013 [Test seq (cond on sampled tp)] | Loss 100.052498 | Likelihood -105.246452 | KL fp 2.1006 | FP STD 0.0941|
KL coef: 0.029700999999999977
Train loss (one batch): 71.31732177734375
Train CE loss (one batch): 0.0
Test MSE (raw): 0.0218
Test MSE (smoothed with alpha=0.01): 0.1081
New best smoothed test MSE: 0.1081. Saving best model to experiments/experiment_37117_best.ckpt
Test MSE group_0: nan
Test MSE group_1: 0.0218
Test MSE group_2: nan
Test MSE group_3: nan
Poisson likelihood: 0.0
CE loss: 0.0
train MSE group_0: nan
train MSE group_1: 0.0154
train MSE group_2: nan
train MSE group_3: nan
CE loss (TEST): 0.0
Experiment 37117
Epoch 0014 [Test seq (cond on sampled tp)] | Loss 126.231789 | Likelihood -131.928329 | KL fp 2.0877 | FP STD 0.0917|
KL coef: 0.039403990000000055
Train loss (one batch): 64.99988555908203
Train CE loss (one batch): 0.0
Test MSE (raw): 0.0271
Test MSE (smoothed with alpha=0.01): 0.1073
New best smoothed test MSE: 0.1073. Saving best model to experiments/experiment_37117_best.ckpt
Test MSE group_0: nan
Test MSE group_1: 0.0271
Test MSE group_2: nan
Test MSE group_3: nan
Poisson likelihood: 0.0
CE loss: 0.0
train MSE group_0: nan
train MSE group_1: 0.0140
train MSE group_2: nan
train MSE group_3: nan
CE loss (TEST): 0.0
Experiment 37117
Epoch 0015 [Test seq (cond on sampled tp)] | Loss 134.320511 | Likelihood -137.908463 | KL fp 2.2074 | FP STD 0.0861|
KL coef: 0.04900995010000009
Train loss (one batch): 76.32656860351562
Train CE loss (one batch): 0.0
Test MSE (raw): 0.0283
Test MSE (smoothed with alpha=0.01): 0.1065
New best smoothed test MSE: 0.1065. Saving best model to experiments/experiment_37117_best.ckpt
Test MSE group_0: nan
Test MSE group_1: 0.0283
Test MSE group_2: nan
Test MSE group_3: nan
Poisson likelihood: 0.0
CE loss: 0.0
train MSE group_0: nan
train MSE group_1: 0.0163
train MSE group_2: nan
train MSE group_3: nan
CE loss (TEST): 0.0
Experiment 37117
Epoch 0016 [Test seq (cond on sampled tp)] | Loss 129.705719 | Likelihood -131.995087 | KL fp 2.5665 | FP STD 0.0777|
KL coef: 0.058519850599
Train loss (one batch): 77.9251937866211
Train CE loss (one batch): 0.0
Test MSE (raw): 0.0271
Test MSE (smoothed with alpha=0.01): 0.1057
New best smoothed test MSE: 0.1057. Saving best model to experiments/experiment_37117_best.ckpt
Test MSE group_0: nan
Test MSE group_1: 0.0271
Test MSE group_2: nan
Test MSE group_3: nan
Poisson likelihood: 0.0
CE loss: 0.0
train MSE group_0: nan
train MSE group_1: 0.0166
train MSE group_2: nan
train MSE group_3: nan
CE loss (TEST): 0.0
Experiment 37117
Epoch 0017 [Test seq (cond on sampled tp)] | Loss 102.304230 | Likelihood -104.159843 | KL fp 2.6033 | FP STD 0.0712|
KL coef: 0.06793465209301008
Train loss (one batch): 71.59796142578125
Train CE loss (one batch): 0.0
Test MSE (raw): 0.0216
Test MSE (smoothed with alpha=0.01): 0.1049
New best smoothed test MSE: 0.1049. Saving best model to experiments/experiment_37117_best.ckpt
Test MSE group_0: nan
Test MSE group_1: 0.0216
Test MSE group_2: nan
Test MSE group_3: nan
Poisson likelihood: 0.0
CE loss: 0.0
train MSE group_0: nan
train MSE group_1: 0.0153
train MSE group_2: nan
train MSE group_3: nan
CE loss (TEST): 0.0
Experiment 37117
Epoch 0018 [Test seq (cond on sampled tp)] | Loss 85.104004 | Likelihood -90.392555 | KL fp 2.6056 | FP STD 0.0652|
KL coef: 0.07725530557207994
Train loss (one batch): 62.944644927978516
Train CE loss (one batch): 0.0
Test MSE (raw): 0.0188
Test MSE (smoothed with alpha=0.01): 0.1040
New best smoothed test MSE: 0.1040. Saving best model to experiments/experiment_37117_best.ckpt
Test MSE group_0: nan
Test MSE group_1: 0.0188
Test MSE group_2: nan
Test MSE group_3: nan
Poisson likelihood: 0.0
CE loss: 0.0
train MSE group_0: nan
train MSE group_1: 0.0135
train MSE group_2: nan
train MSE group_3: nan
CE loss (TEST): 0.0
Experiment 37117
Epoch 0019 [Test seq (cond on sampled tp)] | Loss 77.078674 | Likelihood -78.793053 | KL fp 2.7825 | FP STD 0.0561|
KL coef: 0.08648275251635917
Train loss (one batch): 60.83259201049805
Train CE loss (one batch): 0.0
Test MSE (raw): 0.0165
Test MSE (smoothed with alpha=0.01): 0.1031
New best smoothed test MSE: 0.1031. Saving best model to experiments/experiment_37117_best.ckpt
Test MSE group_0: nan
Test MSE group_1: 0.0165
Test MSE group_2: nan
Test MSE group_3: nan
Poisson likelihood: 0.0
CE loss: 0.0
train MSE group_0: nan
train MSE group_1: 0.0131
train MSE group_2: nan
train MSE group_3: nan
CE loss (TEST): 0.0
Experiment 37117
Epoch 0020 [Test seq (cond on sampled tp)] | Loss 74.085266 | Likelihood -75.688080 | KL fp 2.9700 | FP STD 0.0499|
KL coef: 0.09561792499119559
Train loss (one batch): 61.68674850463867
Train CE loss (one batch): 0.0
Test MSE (raw): 0.0159
Test MSE (smoothed with alpha=0.01): 0.1023
New best smoothed test MSE: 0.1023. Saving best model to experiments/experiment_37117_best.ckpt
Test MSE group_0: nan
Test MSE group_1: 0.0159
Test MSE group_2: nan
Test MSE group_3: nan
Poisson likelihood: 0.0
CE loss: 0.0
train MSE group_0: nan
train MSE group_1: 0.0134
train MSE group_2: nan
train MSE group_3: nan
CE loss (TEST): 0.0
Experiment 37117
Epoch 0021 [Test seq (cond on sampled tp)] | Loss 76.242653 | Likelihood -77.180260 | KL fp 3.0906 | FP STD 0.0456|
KL coef: 0.10466174574128362
Train loss (one batch): 65.57618713378906
Train CE loss (one batch): 0.0
Test MSE (raw): 0.0162
Test MSE (smoothed with alpha=0.01): 0.1014
New best smoothed test MSE: 0.1014. Saving best model to experiments/experiment_37117_best.ckpt
Test MSE group_0: nan
Test MSE group_1: 0.0162
Test MSE group_2: nan
Test MSE group_3: nan
Poisson likelihood: 0.0
CE loss: 0.0
train MSE group_0: nan
train MSE group_1: 0.0140
train MSE group_2: nan
train MSE group_3: nan
CE loss (TEST): 0.0
Experiment 37117
Epoch 0022 [Test seq (cond on sampled tp)] | Loss 82.445778 | Likelihood -83.674156 | KL fp 3.0185 | FP STD 0.0455|
KL coef: 0.11361512828387077
Train loss (one batch): 62.048988342285156
Train CE loss (one batch): 0.0
Test MSE (raw): 0.0175
Test MSE (smoothed with alpha=0.01): 0.1006
New best smoothed test MSE: 0.1006. Saving best model to experiments/experiment_37117_best.ckpt
Test MSE group_0: nan
Test MSE group_1: 0.0175
Test MSE group_2: nan
Test MSE group_3: nan
Poisson likelihood: 0.0
CE loss: 0.0
train MSE group_0: nan
train MSE group_1: 0.0133
train MSE group_2: nan
train MSE group_3: nan
CE loss (TEST): 0.0
Experiment 37117
Epoch 0023 [Test seq (cond on sampled tp)] | Loss 89.594620 | Likelihood -91.266991 | KL fp 3.0083 | FP STD 0.0446|
KL coef: 0.12247897700103216
Train loss (one batch): 59.00922393798828
Train CE loss (one batch): 0.0
Test MSE (raw): 0.0190
Test MSE (smoothed with alpha=0.01): 0.0997
New best smoothed test MSE: 0.0997. Saving best model to experiments/experiment_37117_best.ckpt
Test MSE group_0: nan
Test MSE group_1: 0.0190
Test MSE group_2: nan
Test MSE group_3: nan
Poisson likelihood: 0.0
CE loss: 0.0
train MSE group_0: nan
train MSE group_1: 0.0127
train MSE group_2: nan
train MSE group_3: nan
CE loss (TEST): 0.0
Experiment 37117
Epoch 0024 [Test seq (cond on sampled tp)] | Loss 99.993645 | Likelihood -101.000572 | KL fp 3.1027 | FP STD 0.0441|
KL coef: 0.13125418723102178
Train loss (one batch): 55.96215057373047
Train CE loss (one batch): 0.0
Test MSE (raw): 0.0209
Test MSE (smoothed with alpha=0.01): 0.0990
New best smoothed test MSE: 0.0990. Saving best model to experiments/experiment_37117_best.ckpt
Test MSE group_0: nan
Test MSE group_1: 0.0209
Test MSE group_2: nan
Test MSE group_3: nan
Poisson likelihood: 0.0
CE loss: 0.0
train MSE group_0: nan
train MSE group_1: 0.0121
train MSE group_2: nan
train MSE group_3: nan
CE loss (TEST): 0.0
Experiment 37117
Epoch 0025 [Test seq (cond on sampled tp)] | Loss 104.051598 | Likelihood -105.737709 | KL fp 3.0521 | FP STD 0.0440|
KL coef: 0.13994164535871156
Train loss (one batch): 57.23527145385742
Train CE loss (one batch): 0.0
Test MSE (raw): 0.0219
Test MSE (smoothed with alpha=0.01): 0.0982
New best smoothed test MSE: 0.0982. Saving best model to experiments/experiment_37117_best.ckpt
Test MSE group_0: nan
Test MSE group_1: 0.0219
Test MSE group_2: nan
Test MSE group_3: nan
Poisson likelihood: 0.0
CE loss: 0.0
train MSE group_0: nan
train MSE group_1: 0.0123
train MSE group_2: nan
train MSE group_3: nan
CE loss (TEST): 0.0
Experiment 37117
Epoch 0026 [Test seq (cond on sampled tp)] | Loss 107.827606 | Likelihood -109.610107 | KL fp 3.0132 | FP STD 0.0450|
KL coef: 0.14854222890512447
Train loss (one batch): 57.27033233642578
Train CE loss (one batch): 0.0
Test MSE (raw): 0.0227
Test MSE (smoothed with alpha=0.01): 0.0974
New best smoothed test MSE: 0.0974. Saving best model to experiments/experiment_37117_best.ckpt
Test MSE group_0: nan
Test MSE group_1: 0.0227
Test MSE group_2: nan
Test MSE group_3: nan
Poisson likelihood: 0.0
CE loss: 0.0
train MSE group_0: nan
train MSE group_1: 0.0124
train MSE group_2: nan
train MSE group_3: nan
CE loss (TEST): 0.0
Experiment 37117
Epoch 0027 [Test seq (cond on sampled tp)] | Loss 106.649117 | Likelihood -107.565681 | KL fp 2.9333 | FP STD 0.0469|
KL coef: 0.15705680661607324
Train loss (one batch): 57.88935852050781
Train CE loss (one batch): 0.0
Test MSE (raw): 0.0223
Test MSE (smoothed with alpha=0.01): 0.0967
New best smoothed test MSE: 0.0967. Saving best model to experiments/experiment_37117_best.ckpt
Test MSE group_0: nan
Test MSE group_1: 0.0223
Test MSE group_2: nan
Test MSE group_3: nan
Poisson likelihood: 0.0
CE loss: 0.0
train MSE group_0: nan
train MSE group_1: 0.0125
train MSE group_2: nan
train MSE group_3: nan
CE loss (TEST): 0.0
Experiment 37117
Epoch 0028 [Test seq (cond on sampled tp)] | Loss 99.284760 | Likelihood -100.249840 | KL fp 2.9603 | FP STD 0.0478|
KL coef: 0.1654862385499125
Train loss (one batch): 57.37986755371094
Train CE loss (one batch): 0.0
Test MSE (raw): 0.0208
Test MSE (smoothed with alpha=0.01): 0.0959
New best smoothed test MSE: 0.0959. Saving best model to experiments/experiment_37117_best.ckpt
Test MSE group_0: nan
Test MSE group_1: 0.0208
Test MSE group_2: nan
Test MSE group_3: nan
Poisson likelihood: 0.0
CE loss: 0.0
train MSE group_0: nan
train MSE group_1: 0.0124
train MSE group_2: nan
train MSE group_3: nan
CE loss (TEST): 0.0
Experiment 37117
Epoch 0029 [Test seq (cond on sampled tp)] | Loss 87.633804 | Likelihood -89.623253 | KL fp 2.9855 | FP STD 0.0496|
KL coef: 0.17383137616441335
Train loss (one batch): 54.68466567993164
Train CE loss (one batch): 0.0
Test MSE (raw): 0.0187
Test MSE (smoothed with alpha=0.01): 0.0952
New best smoothed test MSE: 0.0952. Saving best model to experiments/experiment_37117_best.ckpt
Test MSE group_0: nan
Test MSE group_1: 0.0187
Test MSE group_2: nan
Test MSE group_3: nan
Poisson likelihood: 0.0
CE loss: 0.0
train MSE group_0: nan
train MSE group_1: 0.0119
train MSE group_2: nan
train MSE group_3: nan
CE loss (TEST): 0.0
Experiment 37117
Epoch 0030 [Test seq (cond on sampled tp)] | Loss 82.197998 | Likelihood -85.099190 | KL fp 3.0148 | FP STD 0.0511|
KL coef: 0.18209306240276923
Train loss (one batch): 53.7507209777832
Train CE loss (one batch): 0.0
Test MSE (raw): 0.0178
Test MSE (smoothed with alpha=0.01): 0.0944
New best smoothed test MSE: 0.0944. Saving best model to experiments/experiment_37117_best.ckpt
Test MSE group_0: nan
Test MSE group_1: 0.0178
Test MSE group_2: nan
Test MSE group_3: nan
Poisson likelihood: 0.0
CE loss: 0.0
train MSE group_0: nan
train MSE group_1: 0.0116
train MSE group_2: nan
train MSE group_3: nan
CE loss (TEST): 0.0
Experiment 37117
Epoch 0031 [Test seq (cond on sampled tp)] | Loss 79.547607 | Likelihood -81.489922 | KL fp 3.0300 | FP STD 0.0520|
KL coef: 0.19027213177874158
Train loss (one batch): 53.61237335205078
Train CE loss (one batch): 0.0
Test MSE (raw): 0.0170
Test MSE (smoothed with alpha=0.01): 0.0936
New best smoothed test MSE: 0.0936. Saving best model to experiments/experiment_37117_best.ckpt
Test MSE group_0: nan
Test MSE group_1: 0.0170
Test MSE group_2: nan
Test MSE group_3: nan
Poisson likelihood: 0.0
CE loss: 0.0
train MSE group_0: nan
train MSE group_1: 0.0116
train MSE group_2: nan
train MSE group_3: nan
CE loss (TEST): 0.0
Experiment 37117
Epoch 0032 [Test seq (cond on sampled tp)] | Loss 75.016731 | Likelihood -76.152832 | KL fp 2.9453 | FP STD 0.0526|
KL coef: 0.19836941046095413
Train loss (one batch): 53.65968322753906
Train CE loss (one batch): 0.0
Test MSE (raw): 0.0160
Test MSE (smoothed with alpha=0.01): 0.0928
New best smoothed test MSE: 0.0928. Saving best model to experiments/experiment_37117_best.ckpt
Test MSE group_0: nan
Test MSE group_1: 0.0160
Test MSE group_2: nan
Test MSE group_3: nan
Poisson likelihood: 0.0
CE loss: 0.0
train MSE group_0: nan
train MSE group_1: 0.0116
train MSE group_2: nan
train MSE group_3: nan
CE loss (TEST): 0.0
Experiment 37117
Epoch 0033 [Test seq (cond on sampled tp)] | Loss 74.269829 | Likelihood -75.704437 | KL fp 2.8275 | FP STD 0.0530|
KL coef: 0.20638571635634462
Train loss (one batch): 53.907039642333984
Train CE loss (one batch): 0.0
Test MSE (raw): 0.0159
Test MSE (smoothed with alpha=0.01): 0.0921
New best smoothed test MSE: 0.0921. Saving best model to experiments/experiment_37117_best.ckpt
Test MSE group_0: nan
Test MSE group_1: 0.0159
Test MSE group_2: nan
Test MSE group_3: nan
Poisson likelihood: 0.0
CE loss: 0.0
train MSE group_0: nan
train MSE group_1: 0.0116
train MSE group_2: nan
train MSE group_3: nan
CE loss (TEST): 0.0
Experiment 37117
Epoch 0034 [Test seq (cond on sampled tp)] | Loss 75.233459 | Likelihood -76.361687 | KL fp 2.7359 | FP STD 0.0530|
KL coef: 0.21432185919278124
Train loss (one batch): 53.483158111572266
Train CE loss (one batch): 0.0
Test MSE (raw): 0.0160
Test MSE (smoothed with alpha=0.01): 0.0913
New best smoothed test MSE: 0.0913. Saving best model to experiments/experiment_37117_best.ckpt
Test MSE group_0: nan
Test MSE group_1: 0.0160
Test MSE group_2: nan
Test MSE group_3: nan
Poisson likelihood: 0.0
CE loss: 0.0
train MSE group_0: nan
train MSE group_1: 0.0116
train MSE group_2: nan
train MSE group_3: nan
CE loss (TEST): 0.0
Experiment 37117
Epoch 0035 [Test seq (cond on sampled tp)] | Loss 76.137680 | Likelihood -78.060539 | KL fp 2.6761 | FP STD 0.0527|
KL coef: 0.22217864060085335
Train loss (one batch): 52.26424026489258
Train CE loss (one batch): 0.0
Test MSE (raw): 0.0163
Test MSE (smoothed with alpha=0.01): 0.0905
New best smoothed test MSE: 0.0905. Saving best model to experiments/experiment_37117_best.ckpt
Test MSE group_0: nan
Test MSE group_1: 0.0163
Test MSE group_2: nan
Test MSE group_3: nan
Poisson likelihood: 0.0
CE loss: 0.0
train MSE group_0: nan
train MSE group_1: 0.0113
train MSE group_2: nan
train MSE group_3: nan
CE loss (TEST): 0.0
Experiment 37117
Epoch 0036 [Test seq (cond on sampled tp)] | Loss 77.951042 | Likelihood -79.583473 | KL fp 2.6490 | FP STD 0.0523|
KL coef: 0.2299568541948449
Train loss (one batch): 50.795166015625
Train CE loss (one batch): 0.0
Test MSE (raw): 0.0167
Test MSE (smoothed with alpha=0.01): 0.0898
New best smoothed test MSE: 0.0898. Saving best model to experiments/experiment_37117_best.ckpt
Test MSE group_0: nan
Test MSE group_1: 0.0167
Test MSE group_2: nan
Test MSE group_3: nan
Poisson likelihood: 0.0
CE loss: 0.0
train MSE group_0: nan
train MSE group_1: 0.0110
train MSE group_2: nan
train MSE group_3: nan
CE loss (TEST): 0.0
Experiment 37117
Epoch 0037 [Test seq (cond on sampled tp)] | Loss 84.760468 | Likelihood -85.737984 | KL fp 2.6514 | FP STD 0.0521|
KL coef: 0.23765728565289646
Train loss (one batch): 49.57358169555664
Train CE loss (one batch): 0.0
Test MSE (raw): 0.0179
Test MSE (smoothed with alpha=0.01): 0.0891
New best smoothed test MSE: 0.0891. Saving best model to experiments/experiment_37117_best.ckpt
Test MSE group_0: nan
Test MSE group_1: 0.0179
Test MSE group_2: nan
Test MSE group_3: nan
Poisson likelihood: 0.0
CE loss: 0.0
train MSE group_0: nan
train MSE group_1: 0.0108
train MSE group_2: nan
train MSE group_3: nan
CE loss (TEST): 0.0
Experiment 37117
Epoch 0038 [Test seq (cond on sampled tp)] | Loss 85.174339 | Likelihood -86.132301 | KL fp 2.6863 | FP STD 0.0518|
KL coef: 0.24528071279636743
Train loss (one batch): 49.797035217285156
Train CE loss (one batch): 0.0
Test MSE (raw): 0.0180
Test MSE (smoothed with alpha=0.01): 0.0884
New best smoothed test MSE: 0.0884. Saving best model to experiments/experiment_37117_best.ckpt
Test MSE group_0: nan
Test MSE group_1: 0.0180
Test MSE group_2: nan
Test MSE group_3: nan
Poisson likelihood: 0.0
CE loss: 0.0
train MSE group_0: nan
train MSE group_1: 0.0109
train MSE group_2: nan
train MSE group_3: nan
CE loss (TEST): 0.0
Experiment 37117
Epoch 0039 [Test seq (cond on sampled tp)] | Loss 87.129700 | Likelihood -87.855904 | KL fp 2.6917 | FP STD 0.0520|
KL coef: 0.25282790566840385
Train loss (one batch): 48.722373962402344
Train CE loss (one batch): 0.0
Test MSE (raw): 0.0183
Test MSE (smoothed with alpha=0.01): 0.0877
New best smoothed test MSE: 0.0877. Saving best model to experiments/experiment_37117_best.ckpt
Test MSE group_0: nan
Test MSE group_1: 0.0183
Test MSE group_2: nan
Test MSE group_3: nan
Poisson likelihood: 0.0
CE loss: 0.0
train MSE group_0: nan
train MSE group_1: 0.0107
train MSE group_2: nan
train MSE group_3: nan
CE loss (TEST): 0.0
Experiment 37117
Epoch 0040 [Test seq (cond on sampled tp)] | Loss 85.192436 | Likelihood -86.761101 | KL fp 2.7529 | FP STD 0.0514|
KL coef: 0.2602996266117198
Train loss (one batch): 49.64486312866211
Train CE loss (one batch): 0.0
Test MSE (raw): 0.0181
Test MSE (smoothed with alpha=0.01): 0.0870
New best smoothed test MSE: 0.0870. Saving best model to experiments/experiment_37117_best.ckpt
Test MSE group_0: nan
Test MSE group_1: 0.0181
Test MSE group_2: nan
Test MSE group_3: nan
Poisson likelihood: 0.0
CE loss: 0.0
train MSE group_0: nan
train MSE group_1: 0.0107
train MSE group_2: nan
train MSE group_3: nan
CE loss (TEST): 0.0
Experiment 37117
Epoch 0041 [Test seq (cond on sampled tp)] | Loss 82.361359 | Likelihood -83.147949 | KL fp 2.8390 | FP STD 0.0508|
KL coef: 0.26769663034560254
Train loss (one batch): 48.475830078125
Train CE loss (one batch): 0.0
Test MSE (raw): 0.0174
Test MSE (smoothed with alpha=0.01): 0.0863
New best smoothed test MSE: 0.0863. Saving best model to experiments/experiment_37117_best.ckpt
Test MSE group_0: nan
Test MSE group_1: 0.0174
Test MSE group_2: nan
Test MSE group_3: nan
Poisson likelihood: 0.0
CE loss: 0.0
train MSE group_0: nan
train MSE group_1: 0.0105
train MSE group_2: nan
train MSE group_3: nan
CE loss (TEST): 0.0
Experiment 37117
Epoch 0042 [Test seq (cond on sampled tp)] | Loss 79.087128 | Likelihood -80.675705 | KL fp 2.8503 | FP STD 0.0503|
KL coef: 0.2750196640421466
Train loss (one batch): 47.646995544433594
Train CE loss (one batch): 0.0
Test MSE (raw): 0.0169
Test MSE (smoothed with alpha=0.01): 0.0856
New best smoothed test MSE: 0.0856. Saving best model to experiments/experiment_37117_best.ckpt
Test MSE group_0: nan
Test MSE group_1: 0.0169
Test MSE group_2: nan
Test MSE group_3: nan
Poisson likelihood: 0.0
CE loss: 0.0
train MSE group_0: nan
train MSE group_1: 0.0103
train MSE group_2: nan
train MSE group_3: nan
CE loss (TEST): 0.0
Experiment 37117
Epoch 0043 [Test seq (cond on sampled tp)] | Loss 76.885826 | Likelihood -79.396713 | KL fp 2.9054 | FP STD 0.0498|
KL coef: 0.2822694674017251
Train loss (one batch): 47.347957611083984
Train CE loss (one batch): 0.0
Test MSE (raw): 0.0166
Test MSE (smoothed with alpha=0.01): 0.0849
New best smoothed test MSE: 0.0849. Saving best model to experiments/experiment_37117_best.ckpt
Test MSE group_0: nan
Test MSE group_1: 0.0166
Test MSE group_2: nan
Test MSE group_3: nan
Poisson likelihood: 0.0
CE loss: 0.0
train MSE group_0: nan
train MSE group_1: 0.0103
train MSE group_2: nan
train MSE group_3: nan
CE loss (TEST): 0.0
Experiment 37117
Epoch 0044 [Test seq (cond on sampled tp)] | Loss 76.319473 | Likelihood -76.841881 | KL fp 2.8801 | FP STD 0.0504|
KL coef: 0.2894467727277079
Train loss (one batch): 45.22008514404297
Train CE loss (one batch): 0.0
Test MSE (raw): 0.0161
Test MSE (smoothed with alpha=0.01): 0.0842
New best smoothed test MSE: 0.0842. Saving best model to experiments/experiment_37117_best.ckpt
Test MSE group_0: nan
Test MSE group_1: 0.0161
Test MSE group_2: nan
Test MSE group_3: nan
Poisson likelihood: 0.0
CE loss: 0.0
train MSE group_0: nan
train MSE group_1: 0.0099
train MSE group_2: nan
train MSE group_3: nan
CE loss (TEST): 0.0
Experiment 37117
Epoch 0045 [Test seq (cond on sampled tp)] | Loss 73.675613 | Likelihood -74.391701 | KL fp 2.8189 | FP STD 0.0508|
KL coef: 0.29655230500043084
Train loss (one batch): 45.519832611083984
Train CE loss (one batch): 0.0
Test MSE (raw): 0.0156
Test MSE (smoothed with alpha=0.01): 0.0835
New best smoothed test MSE: 0.0835. Saving best model to experiments/experiment_37117_best.ckpt
Test MSE group_0: nan
Test MSE group_1: 0.0156
Test MSE group_2: nan
Test MSE group_3: nan
Poisson likelihood: 0.0
CE loss: 0.0
train MSE group_0: nan
train MSE group_1: 0.0099
train MSE group_2: nan
train MSE group_3: nan
CE loss (TEST): 0.0
Experiment 37117
Epoch 0046 [Test seq (cond on sampled tp)] | Loss 72.535278 | Likelihood -73.761330 | KL fp 2.8324 | FP STD 0.0506|
KL coef: 0.30358678195042654
Train loss (one batch): 45.31513595581055
Train CE loss (one batch): 0.0
Test MSE (raw): 0.0155
Test MSE (smoothed with alpha=0.01): 0.0828
New best smoothed test MSE: 0.0828. Saving best model to experiments/experiment_37117_best.ckpt
Test MSE group_0: nan
Test MSE group_1: 0.0155
Test MSE group_2: nan
Test MSE group_3: nan
Poisson likelihood: 0.0
CE loss: 0.0
train MSE group_0: nan
train MSE group_1: 0.0099
train MSE group_2: nan
train MSE group_3: nan
CE loss (TEST): 0.0
Experiment 37117
Epoch 0047 [Test seq (cond on sampled tp)] | Loss 69.334053 | Likelihood -72.577560 | KL fp 2.8362 | FP STD 0.0504|
KL coef: 0.3105509141309223
Train loss (one batch): 44.561378479003906
Train CE loss (one batch): 0.0
Test MSE (raw): 0.0153
Test MSE (smoothed with alpha=0.01): 0.0822
New best smoothed test MSE: 0.0822. Saving best model to experiments/experiment_37117_best.ckpt
Test MSE group_0: nan
Test MSE group_1: 0.0153
Test MSE group_2: nan
Test MSE group_3: nan
Poisson likelihood: 0.0
CE loss: 0.0
train MSE group_0: nan
train MSE group_1: 0.0097
train MSE group_2: nan
train MSE group_3: nan
CE loss (TEST): 0.0
Experiment 37117
Epoch 0048 [Test seq (cond on sampled tp)] | Loss 70.760986 | Likelihood -72.254456 | KL fp 2.8787 | FP STD 0.0488|
KL coef: 0.31744540498961304
Train loss (one batch): 45.28818130493164
Train CE loss (one batch): 0.0
Test MSE (raw): 0.0152
Test MSE (smoothed with alpha=0.01): 0.0815
New best smoothed test MSE: 0.0815. Saving best model to experiments/experiment_37117_best.ckpt
Test MSE group_0: nan
Test MSE group_1: 0.0152
Test MSE group_2: nan
Test MSE group_3: nan
Poisson likelihood: 0.0
CE loss: 0.0
train MSE group_0: nan
train MSE group_1: 0.0098
train MSE group_2: nan
train MSE group_3: nan
CE loss (TEST): 0.0
Experiment 37117
Epoch 0049 [Test seq (cond on sampled tp)] | Loss 72.691650 | Likelihood -73.052055 | KL fp 2.9825 | FP STD 0.0471|
KL coef: 0.3242709509397169
Train loss (one batch): 43.00881576538086
Train CE loss (one batch): 0.0
Test MSE (raw): 0.0153
Test MSE (smoothed with alpha=0.01): 0.0808
New best smoothed test MSE: 0.0808. Saving best model to experiments/experiment_37117_best.ckpt
Test MSE group_0: nan
Test MSE group_1: 0.0153
Test MSE group_2: nan
Test MSE group_3: nan
Poisson likelihood: 0.0
CE loss: 0.0
train MSE group_0: nan
train MSE group_1: 0.0094
train MSE group_2: nan
train MSE group_3: nan
CE loss (TEST): 0.0
Experiment 37117
Epoch 0050 [Test seq (cond on sampled tp)] | Loss 71.833382 | Likelihood -72.628593 | KL fp 3.0469 | FP STD 0.0462|
KL coef: 0.3310282414303197
Train loss (one batch): 42.11847686767578
Train CE loss (one batch): 0.0
Test MSE (raw): 0.0153
Test MSE (smoothed with alpha=0.01): 0.0802
New best smoothed test MSE: 0.0802. Saving best model to experiments/experiment_37117_best.ckpt
Test MSE group_0: nan
Test MSE group_1: 0.0153
Test MSE group_2: nan
Test MSE group_3: nan
Poisson likelihood: 0.0
CE loss: 0.0
train MSE group_0: nan
train MSE group_1: 0.0092
train MSE group_2: nan
train MSE group_3: nan
CE loss (TEST): 0.0
Experiment 37117
Epoch 0051 [Test seq (cond on sampled tp)] | Loss 70.169662 | Likelihood -71.250740 | KL fp 3.0331 | FP STD 0.0458|
KL coef: 0.33771795901601653
Train loss (one batch): 41.516902923583984
Train CE loss (one batch): 0.0
Test MSE (raw): 0.0150
Test MSE (smoothed with alpha=0.01): 0.0795
New best smoothed test MSE: 0.0795. Saving best model to experiments/experiment_37117_best.ckpt
Test MSE group_0: nan
Test MSE group_1: 0.0150
Test MSE group_2: nan
Test MSE group_3: nan
Poisson likelihood: 0.0
CE loss: 0.0
train MSE group_0: nan
train MSE group_1: 0.0091
train MSE group_2: nan
train MSE group_3: nan
CE loss (TEST): 0.0
Experiment 37117
Epoch 0052 [Test seq (cond on sampled tp)] | Loss 72.064560 | Likelihood -72.468513 | KL fp 3.0078 | FP STD 0.0456|
KL coef: 0.3443407794258564
Train loss (one batch): 41.19719314575195
Train CE loss (one batch): 0.0
Test MSE (raw): 0.0152
Test MSE (smoothed with alpha=0.01): 0.0789
New best smoothed test MSE: 0.0789. Saving best model to experiments/experiment_37117_best.ckpt
Test MSE group_0: nan
Test MSE group_1: 0.0152
Test MSE group_2: nan
Test MSE group_3: nan
Poisson likelihood: 0.0
CE loss: 0.0
train MSE group_0: nan
train MSE group_1: 0.0090
train MSE group_2: nan
train MSE group_3: nan
CE loss (TEST): 0.0
Experiment 37117
Epoch 0053 [Test seq (cond on sampled tp)] | Loss 69.075935 | Likelihood -69.195107 | KL fp 3.1660 | FP STD 0.0440|
KL coef: 0.35089737163159784
Train loss (one batch): 40.608741760253906
Train CE loss (one batch): 0.0
Test MSE (raw): 0.0146
Test MSE (smoothed with alpha=0.01): 0.0782
New best smoothed test MSE: 0.0782. Saving best model to experiments/experiment_37117_best.ckpt
Test MSE group_0: nan
Test MSE group_1: 0.0146
Test MSE group_2: nan
Test MSE group_3: nan
Poisson likelihood: 0.0
CE loss: 0.0
train MSE group_0: nan
train MSE group_1: 0.0089
train MSE group_2: nan
train MSE group_3: nan
CE loss (TEST): 0.0
Experiment 37117
Epoch 0054 [Test seq (cond on sampled tp)] | Loss 65.048149 | Likelihood -65.626526 | KL fp 3.0299 | FP STD 0.0451|
KL coef: 0.3573883979152819
Train loss (one batch): 38.905609130859375
Train CE loss (one batch): 0.0
Test MSE (raw): 0.0139
Test MSE (smoothed with alpha=0.01): 0.0776
New best smoothed test MSE: 0.0776. Saving best model to experiments/experiment_37117_best.ckpt
Test MSE group_0: nan
Test MSE group_1: 0.0139
Test MSE group_2: nan
Test MSE group_3: nan
Poisson likelihood: 0.0
CE loss: 0.0
train MSE group_0: nan
train MSE group_1: 0.0085
train MSE group_2: nan
train MSE group_3: nan
CE loss (TEST): 0.0
Experiment 37117
Epoch 0055 [Test seq (cond on sampled tp)] | Loss 62.979053 | Likelihood -63.068279 | KL fp 3.0253 | FP STD 0.0465|
KL coef: 0.36381451393612907
Train loss (one batch): 38.37856674194336
Train CE loss (one batch): 0.0
Test MSE (raw): 0.0134
Test MSE (smoothed with alpha=0.01): 0.0770
New best smoothed test MSE: 0.0770. Saving best model to experiments/experiment_37117_best.ckpt
Test MSE group_0: nan
Test MSE group_1: 0.0134
Test MSE group_2: nan
Test MSE group_3: nan
Poisson likelihood: 0.0
CE loss: 0.0
train MSE group_0: nan
train MSE group_1: 0.0085
train MSE group_2: nan
train MSE group_3: nan
CE loss (TEST): 0.0
Experiment 37117
Epoch 0056 [Test seq (cond on sampled tp)] | Loss 60.500881 | Likelihood -60.563618 | KL fp 3.0245 | FP STD 0.0478|
KL coef: 0.37017636879676774
Train loss (one batch): 37.575077056884766
Train CE loss (one batch): 0.0
Test MSE (raw): 0.0128
Test MSE (smoothed with alpha=0.01): 0.0763
New best smoothed test MSE: 0.0763. Saving best model to experiments/experiment_37117_best.ckpt
Test MSE group_0: nan
Test MSE group_1: 0.0128
Test MSE group_2: nan
Test MSE group_3: nan
Poisson likelihood: 0.0
CE loss: 0.0
train MSE group_0: nan
train MSE group_1: 0.0083
train MSE group_2: nan
train MSE group_3: nan
CE loss (TEST): 0.0
Experiment 37117
Epoch 0057 [Test seq (cond on sampled tp)] | Loss 60.194664 | Likelihood -60.253017 | KL fp 2.9662 | FP STD 0.0488|
KL coef: 0.37647460510880004
Train loss (one batch): 36.97457504272461
Train CE loss (one batch): 0.0
Test MSE (raw): 0.0128
Test MSE (smoothed with alpha=0.01): 0.0757
New best smoothed test MSE: 0.0757. Saving best model to experiments/experiment_37117_best.ckpt
Test MSE group_0: nan
Test MSE group_1: 0.0128
Test MSE group_2: nan
Test MSE group_3: nan
Poisson likelihood: 0.0
CE loss: 0.0
train MSE group_0: nan
train MSE group_1: 0.0081
train MSE group_2: nan
train MSE group_3: nan
CE loss (TEST): 0.0
Experiment 37117
Epoch 0058 [Test seq (cond on sampled tp)] | Loss 59.338165 | Likelihood -59.358570 | KL fp 2.9181 | FP STD 0.0505|
KL coef: 0.38270985905771204
Train loss (one batch): 35.52878952026367
Train CE loss (one batch): 0.0
Test MSE (raw): 0.0126
Test MSE (smoothed with alpha=0.01): 0.0751
New best smoothed test MSE: 0.0751. Saving best model to experiments/experiment_37117_best.ckpt
Test MSE group_0: nan
Test MSE group_1: 0.0126
Test MSE group_2: nan
Test MSE group_3: nan
Poisson likelihood: 0.0
CE loss: 0.0
train MSE group_0: nan
train MSE group_1: 0.0079
train MSE group_2: nan
train MSE group_3: nan
CE loss (TEST): 0.0
Experiment 37117
Epoch 0059 [Test seq (cond on sampled tp)] | Loss 58.208702 | Likelihood -58.486279 | KL fp 2.8926 | FP STD 0.0518|
KL coef: 0.388882760467135
Train loss (one batch): 34.729248046875
Train CE loss (one batch): 0.0
Test MSE (raw): 0.0124
Test MSE (smoothed with alpha=0.01): 0.0744
New best smoothed test MSE: 0.0744. Saving best model to experiments/experiment_37117_best.ckpt
Test MSE group_0: nan
Test MSE group_1: 0.0124
Test MSE group_2: nan
Test MSE group_3: nan
Poisson likelihood: 0.0
CE loss: 0.0
train MSE group_0: nan
train MSE group_1: 0.0077
train MSE group_2: nan
train MSE group_3: nan
CE loss (TEST): 0.0
Experiment 37117
Epoch 0060 [Test seq (cond on sampled tp)] | Loss 58.352104 | Likelihood -59.428242 | KL fp 2.8729 | FP STD 0.0534|
KL coef: 0.39499393286246365
Train loss (one batch): 33.18122100830078
Train CE loss (one batch): 0.0
Test MSE (raw): 0.0126
Test MSE (smoothed with alpha=0.01): 0.0738
New best smoothed test MSE: 0.0738. Saving best model to experiments/experiment_37117_best.ckpt
Test MSE group_0: nan
Test MSE group_1: 0.0126
Test MSE group_2: nan
Test MSE group_3: nan
Poisson likelihood: 0.0
CE loss: 0.0
train MSE group_0: nan
train MSE group_1: 0.0074
train MSE group_2: nan
train MSE group_3: nan
CE loss (TEST): 0.0
Experiment 37117
Epoch 0061 [Test seq (cond on sampled tp)] | Loss 57.476151 | Likelihood -58.300674 | KL fp 2.8633 | FP STD 0.0546|
KL coef: 0.401043993533839
Train loss (one batch): 32.707733154296875
Train CE loss (one batch): 0.0
Test MSE (raw): 0.0124
Test MSE (smoothed with alpha=0.01): 0.0732
New best smoothed test MSE: 0.0732. Saving best model to experiments/experiment_37117_best.ckpt
Test MSE group_0: nan
Test MSE group_1: 0.0124
Test MSE group_2: nan
Test MSE group_3: nan
Poisson likelihood: 0.0
CE loss: 0.0
train MSE group_0: nan
train MSE group_1: 0.0073
train MSE group_2: nan
train MSE group_3: nan
CE loss (TEST): 0.0
Experiment 37117
Epoch 0062 [Test seq (cond on sampled tp)] | Loss 56.207970 | Likelihood -57.424366 | KL fp 2.8200 | FP STD 0.0559|
KL coef: 0.4070335535985006
Train loss (one batch): 31.87905502319336
Train CE loss (one batch): 0.0
Test MSE (raw): 0.0122
Test MSE (smoothed with alpha=0.01): 0.0726
New best smoothed test MSE: 0.0726. Saving best model to experiments/experiment_37117_best.ckpt
Test MSE group_0: nan
Test MSE group_1: 0.0122
Test MSE group_2: nan
Test MSE group_3: nan
Poisson likelihood: 0.0
CE loss: 0.0
train MSE group_0: nan
train MSE group_1: 0.0071
train MSE group_2: nan
train MSE group_3: nan
CE loss (TEST): 0.0
Experiment 37117
Epoch 0063 [Test seq (cond on sampled tp)] | Loss 56.724888 | Likelihood -57.067074 | KL fp 2.7989 | FP STD 0.0566|
KL coef: 0.41296321806251557
Train loss (one batch): 31.67981719970703
Train CE loss (one batch): 0.0
Test MSE (raw): 0.0122
Test MSE (smoothed with alpha=0.01): 0.0720
New best smoothed test MSE: 0.0720. Saving best model to experiments/experiment_37117_best.ckpt
Test MSE group_0: nan
Test MSE group_1: 0.0122
Test MSE group_2: nan
Test MSE group_3: nan
Poisson likelihood: 0.0
CE loss: 0.0
train MSE group_0: nan
train MSE group_1: 0.0071
train MSE group_2: nan
train MSE group_3: nan
CE loss (TEST): 0.0
Experiment 37117
Epoch 0064 [Test seq (cond on sampled tp)] | Loss 50.059021 | Likelihood -50.299759 | KL fp 2.7586 | FP STD 0.0584|
KL coef: 0.41883358588189046
Train loss (one batch): 29.899322509765625
Train CE loss (one batch): 0.0
Test MSE (raw): 0.0108
Test MSE (smoothed with alpha=0.01): 0.0714
New best smoothed test MSE: 0.0714. Saving best model to experiments/experiment_37117_best.ckpt
Test MSE group_0: nan
Test MSE group_1: 0.0108
Test MSE group_2: nan
Test MSE group_3: nan
Poisson likelihood: 0.0
CE loss: 0.0
train MSE group_0: nan
train MSE group_1: 0.0067
train MSE group_2: nan
train MSE group_3: nan
CE loss (TEST): 0.0
Experiment 37117
Epoch 0065 [Test seq (cond on sampled tp)] | Loss 49.902077 | Likelihood -50.354843 | KL fp 2.7426 | FP STD 0.0593|
KL coef: 0.4246452500230715
Train loss (one batch): 28.941146850585938
Train CE loss (one batch): 0.0
Test MSE (raw): 0.0108
Test MSE (smoothed with alpha=0.01): 0.0708
New best smoothed test MSE: 0.0708. Saving best model to experiments/experiment_37117_best.ckpt
Test MSE group_0: nan
Test MSE group_1: 0.0108
Test MSE group_2: nan
Test MSE group_3: nan
Poisson likelihood: 0.0
CE loss: 0.0
train MSE group_0: nan
train MSE group_1: 0.0065
train MSE group_2: nan
train MSE group_3: nan
CE loss (TEST): 0.0
Experiment 37117
Epoch 0066 [Test seq (cond on sampled tp)] | Loss 49.518589 | Likelihood -50.240753 | KL fp 2.7371 | FP STD 0.0580|
KL coef: 0.4303987975228408
Train loss (one batch): 28.625534057617188
Train CE loss (one batch): 0.0
Test MSE (raw): 0.0108
Test MSE (smoothed with alpha=0.01): 0.0702
New best smoothed test MSE: 0.0702. Saving best model to experiments/experiment_37117_best.ckpt
Test MSE group_0: nan
Test MSE group_1: 0.0108
Test MSE group_2: nan
Test MSE group_3: nan
Poisson likelihood: 0.0
CE loss: 0.0
train MSE group_0: nan
train MSE group_1: 0.0064
train MSE group_2: nan
train MSE group_3: nan
CE loss (TEST): 0.0
Experiment 37117
Epoch 0067 [Test seq (cond on sampled tp)] | Loss 52.465073 | Likelihood -52.484516 | KL fp 2.8372 | FP STD 0.0560|
KL coef: 0.4360948095476125
Train loss (one batch): 26.83885955810547
Train CE loss (one batch): 0.0
Test MSE (raw): 0.0112
Test MSE (smoothed with alpha=0.01): 0.0696
New best smoothed test MSE: 0.0696. Saving best model to experiments/experiment_37117_best.ckpt
Test MSE group_0: nan
Test MSE group_1: 0.0112
Test MSE group_2: nan
Test MSE group_3: nan
Poisson likelihood: 0.0
CE loss: 0.0
train MSE group_0: nan
train MSE group_1: 0.0061
train MSE group_2: nan
train MSE group_3: nan
CE loss (TEST): 0.0
Experiment 37117
Epoch 0068 [Test seq (cond on sampled tp)] | Loss 48.678379 | Likelihood -48.736160 | KL fp 2.7925 | FP STD 0.0557|
KL coef: 0.44173386145213633
Train loss (one batch): 25.874256134033203
Train CE loss (one batch): 0.0
Test MSE (raw): 0.0105
Test MSE (smoothed with alpha=0.01): 0.0690
New best smoothed test MSE: 0.0690. Saving best model to experiments/experiment_37117_best.ckpt
Test MSE group_0: nan
Test MSE group_1: 0.0105
Test MSE group_2: nan
Test MSE group_3: nan
Poisson likelihood: 0.0
CE loss: 0.0
train MSE group_0: nan
train MSE group_1: 0.0059
train MSE group_2: nan
train MSE group_3: nan
CE loss (TEST): 0.0
Experiment 37117
Epoch 0069 [Test seq (cond on sampled tp)] | Loss 46.381950 | Likelihood -46.579952 | KL fp 2.7769 | FP STD 0.0565|
KL coef: 0.4473165228376149
Train loss (one batch): 26.139305114746094
Train CE loss (one batch): 0.0
Test MSE (raw): 0.0101
Test MSE (smoothed with alpha=0.01): 0.0684
New best smoothed test MSE: 0.0684. Saving best model to experiments/experiment_37117_best.ckpt
Test MSE group_0: nan
Test MSE group_1: 0.0101
Test MSE group_2: nan
Test MSE group_3: nan
Poisson likelihood: 0.0
CE loss: 0.0
train MSE group_0: nan
train MSE group_1: 0.0059
train MSE group_2: nan
train MSE group_3: nan
CE loss (TEST): 0.0
Experiment 37117
Epoch 0070 [Test seq (cond on sampled tp)] | Loss 43.652084 | Likelihood -44.974625 | KL fp 2.7578 | FP STD 0.0565|
KL coef: 0.4528433576092388
Train loss (one batch): 24.473548889160156
Train CE loss (one batch): 0.0
Test MSE (raw): 0.0097
Test MSE (smoothed with alpha=0.01): 0.0678
New best smoothed test MSE: 0.0678. Saving best model to experiments/experiment_37117_best.ckpt
Test MSE group_0: nan
Test MSE group_1: 0.0097
Test MSE group_2: nan
Test MSE group_3: nan
Poisson likelihood: 0.0
CE loss: 0.0
train MSE group_0: nan
train MSE group_1: 0.0056
train MSE group_2: nan
train MSE group_3: nan
CE loss (TEST): 0.0
Experiment 37117
Epoch 0071 [Test seq (cond on sampled tp)] | Loss 43.142544 | Likelihood -43.322308 | KL fp 2.8184 | FP STD 0.0539|
KL coef: 0.45831492403314644
Train loss (one batch): 23.62761688232422
Train CE loss (one batch): 0.0
Test MSE (raw): 0.0094
Test MSE (smoothed with alpha=0.01): 0.0672
New best smoothed test MSE: 0.0672. Saving best model to experiments/experiment_37117_best.ckpt
Test MSE group_0: nan
Test MSE group_1: 0.0094
Test MSE group_2: nan
Test MSE group_3: nan
Poisson likelihood: 0.0
CE loss: 0.0
train MSE group_0: nan
train MSE group_1: 0.0054
train MSE group_2: nan
train MSE group_3: nan
CE loss (TEST): 0.0
Experiment 37117
Epoch 0072 [Test seq (cond on sampled tp)] | Loss 42.398106 | Likelihood -43.984066 | KL fp 2.8952 | FP STD 0.0509|
KL coef: 0.463731774792815
Train loss (one batch): 22.704086303710938
Train CE loss (one batch): 0.0
Test MSE (raw): 0.0095
Test MSE (smoothed with alpha=0.01): 0.0666
New best smoothed test MSE: 0.0666. Saving best model to experiments/experiment_37117_best.ckpt
Test MSE group_0: nan
Test MSE group_1: 0.0095
Test MSE group_2: nan
Test MSE group_3: nan
Poisson likelihood: 0.0
CE loss: 0.0
train MSE group_0: nan
train MSE group_1: 0.0052
train MSE group_2: nan
train MSE group_3: nan
CE loss (TEST): 0.0
Experiment 37117
Epoch 0073 [Test seq (cond on sampled tp)] | Loss 42.387909 | Likelihood -42.447968 | KL fp 2.9291 | FP STD 0.0500|
KL coef: 0.46909445704488684
Train loss (one batch): 22.347240447998047
Train CE loss (one batch): 0.0
Test MSE (raw): 0.0092
Test MSE (smoothed with alpha=0.01): 0.0661
New best smoothed test MSE: 0.0661. Saving best model to experiments/experiment_37117_best.ckpt
Test MSE group_0: nan
Test MSE group_1: 0.0092
Test MSE group_2: nan
Test MSE group_3: nan
Poisson likelihood: 0.0
CE loss: 0.0
train MSE group_0: nan
train MSE group_1: 0.0052
train MSE group_2: nan
train MSE group_3: nan
CE loss (TEST): 0.0
Experiment 37117
Epoch 0074 [Test seq (cond on sampled tp)] | Loss 45.605511 | Likelihood -45.594284 | KL fp 2.9458 | FP STD 0.0503|
KL coef: 0.474403512474438
Train loss (one batch): 20.924091339111328
Train CE loss (one batch): 0.0
Test MSE (raw): 0.0099
Test MSE (smoothed with alpha=0.01): 0.0655
New best smoothed test MSE: 0.0655. Saving best model to experiments/experiment_37117_best.ckpt
Test MSE group_0: nan
Test MSE group_1: 0.0099
Test MSE group_2: nan
Test MSE group_3: nan
Poisson likelihood: 0.0
CE loss: 0.0
train MSE group_0: nan
train MSE group_1: 0.0049
train MSE group_2: nan
train MSE group_3: nan
CE loss (TEST): 0.0
Experiment 37117
Epoch 0075 [Test seq (cond on sampled tp)] | Loss 42.114422 | Likelihood -41.785675 | KL fp 3.0183 | FP STD 0.0474|
KL coef: 0.4796594773496936
Train loss (one batch): 20.662307739257812
Train CE loss (one batch): 0.0
Test MSE (raw): 0.0091
Test MSE (smoothed with alpha=0.01): 0.0649
New best smoothed test MSE: 0.0649. Saving best model to experiments/experiment_37117_best.ckpt
Test MSE group_0: nan
Test MSE group_1: 0.0091
Test MSE group_2: nan
Test MSE group_3: nan
Poisson likelihood: 0.0
CE loss: 0.0
train MSE group_0: nan
train MSE group_1: 0.0048
train MSE group_2: nan
train MSE group_3: nan
CE loss (TEST): 0.0
Experiment 37117
Epoch 0076 [Test seq (cond on sampled tp)] | Loss 41.662163 | Likelihood -42.171169 | KL fp 3.0636 | FP STD 0.0438|
KL coef: 0.4848628825761967
Train loss (one batch): 19.873085021972656
Train CE loss (one batch): 0.0
Test MSE (raw): 0.0092
Test MSE (smoothed with alpha=0.01): 0.0644
New best smoothed test MSE: 0.0644. Saving best model to experiments/experiment_37117_best.ckpt
Test MSE group_0: nan
Test MSE group_1: 0.0092
Test MSE group_2: nan
Test MSE group_3: nan
Poisson likelihood: 0.0
CE loss: 0.0
train MSE group_0: nan
train MSE group_1: 0.0046
train MSE group_2: nan
train MSE group_3: nan
CE loss (TEST): 0.0
Experiment 37117
Epoch 0077 [Test seq (cond on sampled tp)] | Loss 39.946373 | Likelihood -40.293255 | KL fp 3.1719 | FP STD 0.0429|
KL coef: 0.4900142537504347
Train loss (one batch): 19.688739776611328
Train CE loss (one batch): 0.0
Test MSE (raw): 0.0088
Test MSE (smoothed with alpha=0.01): 0.0638
New best smoothed test MSE: 0.0638. Saving best model to experiments/experiment_37117_best.ckpt
Test MSE group_0: nan
Test MSE group_1: 0.0088
Test MSE group_2: nan
Test MSE group_3: nan
Poisson likelihood: 0.0
CE loss: 0.0
train MSE group_0: nan
train MSE group_1: 0.0046
train MSE group_2: nan
train MSE group_3: nan
CE loss (TEST): 0.0
Experiment 37117
Epoch 0078 [Test seq (cond on sampled tp)] | Loss 41.070930 | Likelihood -40.814087 | KL fp 3.2268 | FP STD 0.0417|
KL coef: 0.49511411121293036
Train loss (one batch): 18.485132217407227
Train CE loss (one batch): 0.0
Test MSE (raw): 0.0089
Test MSE (smoothed with alpha=0.01): 0.0633
New best smoothed test MSE: 0.0633. Saving best model to experiments/experiment_37117_best.ckpt
Test MSE group_0: nan
Test MSE group_1: 0.0089
Test MSE group_2: nan
Test MSE group_3: nan
Poisson likelihood: 0.0
CE loss: 0.0
train MSE group_0: nan
train MSE group_1: 0.0043
train MSE group_2: nan
train MSE group_3: nan
CE loss (TEST): 0.0
Experiment 37117
Epoch 0079 [Test seq (cond on sampled tp)] | Loss 39.231079 | Likelihood -38.794781 | KL fp 3.1689 | FP STD 0.0408|
KL coef: 0.500162970100801
Train loss (one batch): 18.24605941772461
Train CE loss (one batch): 0.0
Test MSE (raw): 0.0085
Test MSE (smoothed with alpha=0.01): 0.0627
New best smoothed test MSE: 0.0627. Saving best model to experiments/experiment_37117_best.ckpt
Test MSE group_0: nan
Test MSE group_1: 0.0085
Test MSE group_2: nan
Test MSE group_3: nan
Poisson likelihood: 0.0
CE loss: 0.0
train MSE group_0: nan
train MSE group_1: 0.0043
train MSE group_2: nan
train MSE group_3: nan
CE loss (TEST): 0.0
Experiment 37117
Epoch 0080 [Test seq (cond on sampled tp)] | Loss 38.473904 | Likelihood -38.179554 | KL fp 3.2039 | FP STD 0.0412|
KL coef: 0.505161340399793
Train loss (one batch): 17.537424087524414
Train CE loss (one batch): 0.0
Test MSE (raw): 0.0084
Test MSE (smoothed with alpha=0.01): 0.0622
New best smoothed test MSE: 0.0622. Saving best model to experiments/experiment_37117_best.ckpt
Test MSE group_0: nan
Test MSE group_1: 0.0084
Test MSE group_2: nan
Test MSE group_3: nan
Poisson likelihood: 0.0
CE loss: 0.0
train MSE group_0: nan
train MSE group_1: 0.0042
train MSE group_2: nan
train MSE group_3: nan
CE loss (TEST): 0.0
Experiment 37117
Epoch 0081 [Test seq (cond on sampled tp)] | Loss 39.957401 | Likelihood -39.459118 | KL fp 3.1964 | FP STD 0.0431|
KL coef: 0.510109726995795
Train loss (one batch): 17.64065933227539
Train CE loss (one batch): 0.0
Test MSE (raw): 0.0086
Test MSE (smoothed with alpha=0.01): 0.0617
New best smoothed test MSE: 0.0617. Saving best model to experiments/experiment_37117_best.ckpt
Test MSE group_0: nan
Test MSE group_1: 0.0086
Test MSE group_2: nan
Test MSE group_3: nan
Poisson likelihood: 0.0
CE loss: 0.0
train MSE group_0: nan
train MSE group_1: 0.0042
train MSE group_2: nan
train MSE group_3: nan
CE loss (TEST): 0.0
Experiment 37117
Epoch 0082 [Test seq (cond on sampled tp)] | Loss 37.162624 | Likelihood -37.085213 | KL fp 3.2411 | FP STD 0.0419|
KL coef: 0.5150086297258372
Train loss (one batch): 17.32319450378418
Train CE loss (one batch): 0.0
Test MSE (raw): 0.0082
Test MSE (smoothed with alpha=0.01): 0.0611
New best smoothed test MSE: 0.0611. Saving best model to experiments/experiment_37117_best.ckpt
Test MSE group_0: nan
Test MSE group_1: 0.0082
Test MSE group_2: nan
Test MSE group_3: nan
Poisson likelihood: 0.0
CE loss: 0.0
train MSE group_0: nan
train MSE group_1: 0.0041
train MSE group_2: nan
train MSE group_3: nan
CE loss (TEST): 0.0
Experiment 37117
Epoch 0083 [Test seq (cond on sampled tp)] | Loss 38.426872 | Likelihood -38.098209 | KL fp 3.2315 | FP STD 0.0427|
KL coef: 0.5198585434285787
Train loss (one batch): 16.91332244873047
Train CE loss (one batch): 0.0
Test MSE (raw): 0.0084
Test MSE (smoothed with alpha=0.01): 0.0606
New best smoothed test MSE: 0.0606. Saving best model to experiments/experiment_37117_best.ckpt
Test MSE group_0: nan
Test MSE group_1: 0.0084
Test MSE group_2: nan
Test MSE group_3: nan
Poisson likelihood: 0.0
CE loss: 0.0
train MSE group_0: nan
train MSE group_1: 0.0040
train MSE group_2: nan
train MSE group_3: nan
CE loss (TEST): 0.0
Experiment 37117
Epoch 0084 [Test seq (cond on sampled tp)] | Loss 39.351902 | Likelihood -38.774311 | KL fp 3.2181 | FP STD 0.0433|
KL coef: 0.524659957994293
Train loss (one batch): 16.812557220458984
Train CE loss (one batch): 0.0
Test MSE (raw): 0.0085
Test MSE (smoothed with alpha=0.01): 0.0601
New best smoothed test MSE: 0.0601. Saving best model to experiments/experiment_37117_best.ckpt
Test MSE group_0: nan
Test MSE group_1: 0.0085
Test MSE group_2: nan
Test MSE group_3: nan
Poisson likelihood: 0.0
CE loss: 0.0
train MSE group_0: nan
train MSE group_1: 0.0040
train MSE group_2: nan
train MSE group_3: nan
CE loss (TEST): 0.0
Experiment 37117
Epoch 0085 [Test seq (cond on sampled tp)] | Loss 38.917694 | Likelihood -39.304947 | KL fp 3.1945 | FP STD 0.0440|
KL coef: 0.5294133584143501
Train loss (one batch): 16.73332977294922
Train CE loss (one batch): 0.0
Test MSE (raw): 0.0086
Test MSE (smoothed with alpha=0.01): 0.0596
New best smoothed test MSE: 0.0596. Saving best model to experiments/experiment_37117_best.ckpt
Test MSE group_0: nan
Test MSE group_1: 0.0086
Test MSE group_2: nan
Test MSE group_3: nan
Poisson likelihood: 0.0
CE loss: 0.0
train MSE group_0: nan
train MSE group_1: 0.0040
train MSE group_2: nan
train MSE group_3: nan
CE loss (TEST): 0.0
Experiment 37117
Epoch 0086 [Test seq (cond on sampled tp)] | Loss 37.972782 | Likelihood -37.388584 | KL fp 3.1757 | FP STD 0.0443|
KL coef: 0.5341192248302067
Train loss (one batch): 17.08182144165039
Train CE loss (one batch): 0.0
Test MSE (raw): 0.0082
Test MSE (smoothed with alpha=0.01): 0.0590
New best smoothed test MSE: 0.0590. Saving best model to experiments/experiment_37117_best.ckpt
Test MSE group_0: nan
Test MSE group_1: 0.0082
Test MSE group_2: nan
Test MSE group_3: nan
Poisson likelihood: 0.0
CE loss: 0.0
train MSE group_0: nan
train MSE group_1: 0.0040
train MSE group_2: nan
train MSE group_3: nan
CE loss (TEST): 0.0
Experiment 37117
Epoch 0087 [Test seq (cond on sampled tp)] | Loss 39.285709 | Likelihood -39.174850 | KL fp 3.1755 | FP STD 0.0446|
KL coef: 0.5387780325819045
Train loss (one batch): 16.781227111816406
Train CE loss (one batch): 0.0
Test MSE (raw): 0.0086
Test MSE (smoothed with alpha=0.01): 0.0585
New best smoothed test MSE: 0.0585. Saving best model to experiments/experiment_37117_best.ckpt
Test MSE group_0: nan
Test MSE group_1: 0.0086
Test MSE group_2: nan
Test MSE group_3: nan
Poisson likelihood: 0.0
CE loss: 0.0
train MSE group_0: nan
train MSE group_1: 0.0040
train MSE group_2: nan
train MSE group_3: nan
CE loss (TEST): 0.0
Experiment 37117
Epoch 0088 [Test seq (cond on sampled tp)] | Loss 37.730858 | Likelihood -37.471813 | KL fp 3.2316 | FP STD 0.0444|
KL coef: 0.5433902522560855
Train loss (one batch): 16.745689392089844
Train CE loss (one batch): 0.0
Test MSE (raw): 0.0082
Test MSE (smoothed with alpha=0.01): 0.0580
New best smoothed test MSE: 0.0580. Saving best model to experiments/experiment_37117_best.ckpt
Test MSE group_0: nan
Test MSE group_1: 0.0082
Test MSE group_2: nan
Test MSE group_3: nan
Poisson likelihood: 0.0
CE loss: 0.0
train MSE group_0: nan
train MSE group_1: 0.0040
train MSE group_2: nan
train MSE group_3: nan
CE loss (TEST): 0.0
Experiment 37117
Epoch 0089 [Test seq (cond on sampled tp)] | Loss 38.471420 | Likelihood -38.072575 | KL fp 3.2633 | FP STD 0.0452|
KL coef: 0.5479563497335247
Train loss (one batch): 17.040796279907227
Train CE loss (one batch): 0.0
Test MSE (raw): 0.0084
Test MSE (smoothed with alpha=0.01): 0.0575
New best smoothed test MSE: 0.0575. Saving best model to experiments/experiment_37117_best.ckpt
Test MSE group_0: nan
Test MSE group_1: 0.0084
Test MSE group_2: nan
Test MSE group_3: nan
Poisson likelihood: 0.0
CE loss: 0.0
train MSE group_0: nan
train MSE group_1: 0.0040
train MSE group_2: nan
train MSE group_3: nan
CE loss (TEST): 0.0
Experiment 37117
Epoch 0090 [Test seq (cond on sampled tp)] | Loss 37.988132 | Likelihood -38.561234 | KL fp 3.1476 | FP STD 0.0463|
KL coef: 0.5524767862361895
Train loss (one batch): 17.24912452697754
Train CE loss (one batch): 0.0
Test MSE (raw): 0.0084
Test MSE (smoothed with alpha=0.01): 0.0570
New best smoothed test MSE: 0.0570. Saving best model to experiments/experiment_37117_best.ckpt
Test MSE group_0: nan
Test MSE group_1: 0.0084
Test MSE group_2: nan
Test MSE group_3: nan
Poisson likelihood: 0.0
CE loss: 0.0
train MSE group_0: nan
train MSE group_1: 0.0041
train MSE group_2: nan
train MSE group_3: nan
CE loss (TEST): 0.0
Experiment 37117
Epoch 0091 [Test seq (cond on sampled tp)] | Loss 38.060448 | Likelihood -37.878597 | KL fp 3.0504 | FP STD 0.0463|
KL coef: 0.5569520183738275
Train loss (one batch): 17.20916175842285
Train CE loss (one batch): 0.0
Test MSE (raw): 0.0083
Test MSE (smoothed with alpha=0.01): 0.0566
New best smoothed test MSE: 0.0566. Saving best model to experiments/experiment_37117_best.ckpt
Test MSE group_0: nan
Test MSE group_1: 0.0083
Test MSE group_2: nan
Test MSE group_3: nan
Poisson likelihood: 0.0
CE loss: 0.0
train MSE group_0: nan
train MSE group_1: 0.0041
train MSE group_2: nan
train MSE group_3: nan
CE loss (TEST): 0.0
Experiment 37117
Epoch 0092 [Test seq (cond on sampled tp)] | Loss 38.231327 | Likelihood -38.057808 | KL fp 3.0893 | FP STD 0.0470|
KL coef: 0.5613824981900892
Train loss (one batch): 17.429636001586914
Train CE loss (one batch): 0.0
Test MSE (raw): 0.0083
Test MSE (smoothed with alpha=0.01): 0.0561
New best smoothed test MSE: 0.0561. Saving best model to experiments/experiment_37117_best.ckpt
Test MSE group_0: nan
Test MSE group_1: 0.0083
Test MSE group_2: nan
Test MSE group_3: nan
Poisson likelihood: 0.0
CE loss: 0.0
train MSE group_0: nan
train MSE group_1: 0.0041
train MSE group_2: nan
train MSE group_3: nan
CE loss (TEST): 0.0
Experiment 37117
Epoch 0093 [Test seq (cond on sampled tp)] | Loss 38.631592 | Likelihood -38.252422 | KL fp 3.0461 | FP STD 0.0465|
KL coef: 0.5657686732081884
Train loss (one batch): 16.884748458862305
Train CE loss (one batch): 0.0
Test MSE (raw): 0.0084
Test MSE (smoothed with alpha=0.01): 0.0556
New best smoothed test MSE: 0.0556. Saving best model to experiments/experiment_37117_best.ckpt
Test MSE group_0: nan
Test MSE group_1: 0.0084
Test MSE group_2: nan
Test MSE group_3: nan
Poisson likelihood: 0.0
CE loss: 0.0
train MSE group_0: nan
train MSE group_1: 0.0040
train MSE group_2: nan
train MSE group_3: nan
CE loss (TEST): 0.0
Experiment 37117
Epoch 0094 [Test seq (cond on sampled tp)] | Loss 37.342461 | Likelihood -37.106190 | KL fp 3.0636 | FP STD 0.0458|
KL coef: 0.5701109864761065
Train loss (one batch): 17.100284576416016
Train CE loss (one batch): 0.0
Test MSE (raw): 0.0082
Test MSE (smoothed with alpha=0.01): 0.0551
New best smoothed test MSE: 0.0551. Saving best model to experiments/experiment_37117_best.ckpt
Test MSE group_0: nan
Test MSE group_1: 0.0082
Test MSE group_2: nan
Test MSE group_3: nan
Poisson likelihood: 0.0
CE loss: 0.0
train MSE group_0: nan
train MSE group_1: 0.0040
train MSE group_2: nan
train MSE group_3: nan
CE loss (TEST): 0.0
Experiment 37117
Epoch 0095 [Test seq (cond on sampled tp)] | Loss 37.432304 | Likelihood -37.214233 | KL fp 3.0823 | FP STD 0.0446|
KL coef: 0.5744098766113455
Train loss (one batch): 16.837011337280273
Train CE loss (one batch): 0.0
Test MSE (raw): 0.0082
Test MSE (smoothed with alpha=0.01): 0.0547
New best smoothed test MSE: 0.0547. Saving best model to experiments/experiment_37117_best.ckpt
Test MSE group_0: nan
Test MSE group_1: 0.0082
Test MSE group_2: nan
Test MSE group_3: nan
Poisson likelihood: 0.0
CE loss: 0.0
train MSE group_0: nan
train MSE group_1: 0.0040
train MSE group_2: nan
train MSE group_3: nan
CE loss (TEST): 0.0
Experiment 37117
Epoch 0096 [Test seq (cond on sampled tp)] | Loss 37.471531 | Likelihood -36.792316 | KL fp 3.1263 | FP STD 0.0428|
KL coef: 0.578665777845232
Train loss (one batch): 16.743515014648438
Train CE loss (one batch): 0.0
Test MSE (raw): 0.0081
Test MSE (smoothed with alpha=0.01): 0.0542
New best smoothed test MSE: 0.0542. Saving best model to experiments/experiment_37117_best.ckpt
Test MSE group_0: nan
Test MSE group_1: 0.0081
Test MSE group_2: nan
Test MSE group_3: nan
Poisson likelihood: 0.0
CE loss: 0.0
train MSE group_0: nan
train MSE group_1: 0.0040
train MSE group_2: nan
train MSE group_3: nan
CE loss (TEST): 0.0
Experiment 37117
Epoch 0097 [Test seq (cond on sampled tp)] | Loss 36.766144 | Likelihood -36.788078 | KL fp 3.1305 | FP STD 0.0422|
KL coef: 0.5828791200667797
Train loss (one batch): 16.82749366760254
Train CE loss (one batch): 0.0
Test MSE (raw): 0.0081
Test MSE (smoothed with alpha=0.01): 0.0537
New best smoothed test MSE: 0.0537. Saving best model to experiments/experiment_37117_best.ckpt
Test MSE group_0: nan
Test MSE group_1: 0.0081
Test MSE group_2: nan
Test MSE group_3: nan
Poisson likelihood: 0.0
CE loss: 0.0
train MSE group_0: nan
train MSE group_1: 0.0040
train MSE group_2: nan
train MSE group_3: nan
CE loss (TEST): 0.0
Experiment 37117
Epoch 0098 [Test seq (cond on sampled tp)] | Loss 38.141369 | Likelihood -37.466351 | KL fp 3.0641 | FP STD 0.0427|
KL coef: 0.5870503288661119
Train loss (one batch): 16.55788230895996
Train CE loss (one batch): 0.0
Test MSE (raw): 0.0082
Test MSE (smoothed with alpha=0.01): 0.0533
New best smoothed test MSE: 0.0533. Saving best model to experiments/experiment_37117_best.ckpt
Test MSE group_0: nan
Test MSE group_1: 0.0082
Test MSE group_2: nan
Test MSE group_3: nan
Poisson likelihood: 0.0
CE loss: 0.0
train MSE group_0: nan
train MSE group_1: 0.0039
train MSE group_2: nan
train MSE group_3: nan
CE loss (TEST): 0.0
Experiment 37117
Epoch 0099 [Test seq (cond on sampled tp)] | Loss 39.020317 | Likelihood -38.456703 | KL fp 3.0690 | FP STD 0.0423|
KL coef: 0.5911798255774507
Train loss (one batch): 16.503711700439453
Train CE loss (one batch): 0.0
Test MSE (raw): 0.0084
Test MSE (smoothed with alpha=0.01): 0.0528
New best smoothed test MSE: 0.0528. Saving best model to experiments/experiment_37117_best.ckpt
Test MSE group_0: nan
Test MSE group_1: 0.0084
Test MSE group_2: nan
Test MSE group_3: nan
Poisson likelihood: 0.0
CE loss: 0.0
train MSE group_0: nan
train MSE group_1: 0.0039
train MSE group_2: nan
train MSE group_3: nan
CE loss (TEST): 0.0
Experiment 37117
Epoch 0100 [Test seq (cond on sampled tp)] | Loss 38.313896 | Likelihood -37.650776 | KL fp 3.0284 | FP STD 0.0419|
KL coef: 0.5952680273216762
Train loss (one batch): 16.363718032836914
Train CE loss (one batch): 0.0
Test MSE (raw): 0.0083
Test MSE (smoothed with alpha=0.01): 0.0524
New best smoothed test MSE: 0.0524. Saving best model to experiments/experiment_37117_best.ckpt
Test MSE group_0: nan
Test MSE group_1: 0.0083
Test MSE group_2: nan
Test MSE group_3: nan
Poisson likelihood: 0.0
CE loss: 0.0
train MSE group_0: nan
train MSE group_1: 0.0039
train MSE group_2: nan
train MSE group_3: nan
CE loss (TEST): 0.0
