/Users/benjaminmaurel/Documents/Training_Sanofi/notebooks_hands_on/latent_ode/run_models.py
run_models.py --niters 3000 -n 200 -s 40 -l 10 --dataset PK_Tacro --latent-ode --noise-weight 0.01 --max-t 5. --seed 46 --experiment 38660
Experiment 38660
Epoch 1000 [Test seq (cond on sampled tp)] | Loss 214.343781 | Likelihood -210.934799 | KL fp 6.7019 | FP STD 0.1282|
KL coef: 0.9999522643707747
Train loss (one batch): 197.03414916992188
Train CE loss (one batch): 0.0
Test MSE (raw): 0.0429
Test MSE (smoothed with alpha=0.01): 0.0429
New best smoothed test MSE: 0.0429. Saving best model to experiments/experiment_38660_best.ckpt
Test MSE group_0: 0.0381
Test MSE group_1: 0.0474
Test MSE group_2: nan
Test MSE group_3: nan
Poisson likelihood: 0.0
CE loss: 0.0
train MSE group_0: 0.0368
train MSE group_1: 0.0412
train MSE group_2: nan
train MSE group_3: nan
CE loss (TEST): 0.0
Experiment 38660
Epoch 2000 [Test seq (cond on sampled tp)] | Loss 193.312134 | Likelihood -189.142914 | KL fp 6.7831 | FP STD 0.0945|
KL coef: 0.9999999979391934
Train loss (one batch): 177.3963623046875
Train CE loss (one batch): 0.0
Test MSE (raw): 0.0386
Test MSE (smoothed with alpha=0.01): 0.0429
New best smoothed test MSE: 0.0429. Saving best model to experiments/experiment_38660_best.ckpt
Test MSE group_0: 0.0357
Test MSE group_1: 0.0412
Test MSE group_2: nan
Test MSE group_3: nan
Poisson likelihood: 0.0
CE loss: 0.0
train MSE group_0: 0.0347
train MSE group_1: 0.0355
train MSE group_2: nan
train MSE group_3: nan
CE loss (TEST): 0.0
Experiment 38660
Epoch 3000 [Test seq (cond on sampled tp)] | Loss 187.763702 | Likelihood -185.418961 | KL fp 6.3090 | FP STD 0.1315|
KL coef: 0.9999999999999111
Train loss (one batch): 171.43771362304688
Train CE loss (one batch): 0.0
Test MSE (raw): 0.0378
Test MSE (smoothed with alpha=0.01): 0.0428
New best smoothed test MSE: 0.0428. Saving best model to experiments/experiment_38660_best.ckpt
Test MSE group_0: 0.0354
Test MSE group_1: 0.0400
Test MSE group_2: nan
Test MSE group_3: nan
Poisson likelihood: 0.0
CE loss: 0.0
train MSE group_0: 0.0341
train MSE group_1: 0.0347
train MSE group_2: nan
train MSE group_3: nan
CE loss (TEST): 0.0
