/Users/benjaminmaurel/Documents/Training_Sanofi/notebooks_hands_on/latent_ode/run_models.py
run_models.py --niters 3000 -n 200 -s 40 -l 10 --dataset PK_Tacro --latent-ode --noise-weight 0.01 --max-t 5. --seed 122 --experiment 30294
Experiment 30294
Epoch 1000 [Test seq (cond on sampled tp)] | Loss 182.937775 | Likelihood -182.659424 | KL fp 3.7420 | FP STD 0.1090|
KL coef: 0.9999522643707747
Train loss (one batch): 181.5721435546875
Train CE loss (one batch): 0.0
Test MSE (raw): 0.0373
Test MSE (smoothed with alpha=0.01): 0.0373
New best smoothed test MSE: 0.0373. Saving best model to experiments/experiment_30294_best.ckpt
Test MSE group_0: 0.0308
Test MSE group_1: 0.0437
Test MSE group_2: nan
Test MSE group_3: nan
Poisson likelihood: 0.0
CE loss: 0.0
train MSE group_0: 0.0336
train MSE group_1: 0.0400
train MSE group_2: nan
train MSE group_3: nan
CE loss (TEST): 0.0
Experiment 30294
Epoch 2000 [Test seq (cond on sampled tp)] | Loss 169.784531 | Likelihood -168.497803 | KL fp 4.1015 | FP STD 0.0771|
KL coef: 0.9999999979391934
Train loss (one batch): 170.63250732421875
Train CE loss (one batch): 0.0
Test MSE (raw): 0.0344
Test MSE (smoothed with alpha=0.01): 0.0372
New best smoothed test MSE: 0.0372. Saving best model to experiments/experiment_30294_best.ckpt
Test MSE group_0: 0.0294
Test MSE group_1: 0.0394
Test MSE group_2: nan
Test MSE group_3: nan
Poisson likelihood: 0.0
CE loss: 0.0
train MSE group_0: 0.0322
train MSE group_1: 0.0367
train MSE group_2: nan
train MSE group_3: nan
CE loss (TEST): 0.0
Experiment 30294
Epoch 3000 [Test seq (cond on sampled tp)] | Loss 176.789169 | Likelihood -179.146790 | KL fp 3.8101 | FP STD 0.1273|
KL coef: 0.9999999999999111
Train loss (one batch): 181.26837158203125
Train CE loss (one batch): 0.0
Test MSE (raw): 0.0366
Test MSE (smoothed with alpha=0.01): 0.0372
New best smoothed test MSE: 0.0372. Saving best model to experiments/experiment_30294_best.ckpt
Test MSE group_0: 0.0322
Test MSE group_1: 0.0409
Test MSE group_2: nan
Test MSE group_3: nan
Poisson likelihood: 0.0
CE loss: 0.0
train MSE group_0: 0.0355
train MSE group_1: 0.0381
train MSE group_2: nan
train MSE group_3: nan
CE loss (TEST): 0.0
