/Users/benjaminmaurel/Documents/Training_Sanofi/notebooks_hands_on/latent_ode/run_models.py
run_models.py --niters 3000 -n 200 -s 40 -l 10 --dataset PK_Tacro --latent-ode --noise-weight 0.01 --max-t 5. --seed 54 --experiment 34792
Experiment 34792
Epoch 1000 [Test seq (cond on sampled tp)] | Loss 229.599365 | Likelihood -228.964539 | KL fp 4.1462 | FP STD 0.1392|
KL coef: 0.9999522643707747
Train loss (one batch): 229.57521057128906
Train CE loss (one batch): 0.0
Test MSE (raw): 0.0465
Test MSE (smoothed with alpha=0.01): 0.0465
New best smoothed test MSE: 0.0465. Saving best model to experiments/experiment_34792_best.ckpt
Test MSE group_0: 0.0397
Test MSE group_1: 0.0530
Test MSE group_2: nan
Test MSE group_3: nan
Poisson likelihood: 0.0
CE loss: 0.0
train MSE group_0: 0.0422
train MSE group_1: 0.0505
train MSE group_2: nan
train MSE group_3: nan
CE loss (TEST): 0.0
Experiment 34792
Epoch 2000 [Test seq (cond on sampled tp)] | Loss 203.216095 | Likelihood -202.219315 | KL fp 4.3005 | FP STD 0.1061|
KL coef: 0.9999999979391934
Train loss (one batch): 201.46458435058594
Train CE loss (one batch): 0.0
Test MSE (raw): 0.0412
Test MSE (smoothed with alpha=0.01): 0.0465
New best smoothed test MSE: 0.0465. Saving best model to experiments/experiment_34792_best.ckpt
Test MSE group_0: 0.0357
Test MSE group_1: 0.0462
Test MSE group_2: nan
Test MSE group_3: nan
Poisson likelihood: 0.0
CE loss: 0.0
train MSE group_0: 0.0386
train MSE group_1: 0.0424
train MSE group_2: nan
train MSE group_3: nan
CE loss (TEST): 0.0
Experiment 34792
Epoch 3000 [Test seq (cond on sampled tp)] | Loss 188.173828 | Likelihood -186.838379 | KL fp 4.3172 | FP STD 0.0931|
KL coef: 0.9999999999999111
Train loss (one batch): 184.53125
Train CE loss (one batch): 0.0
Test MSE (raw): 0.0381
Test MSE (smoothed with alpha=0.01): 0.0464
New best smoothed test MSE: 0.0464. Saving best model to experiments/experiment_34792_best.ckpt
Test MSE group_0: 0.0336
Test MSE group_1: 0.0423
Test MSE group_2: nan
Test MSE group_3: nan
Poisson likelihood: 0.0
CE loss: 0.0
train MSE group_0: 0.0358
train MSE group_1: 0.0386
train MSE group_2: nan
train MSE group_3: nan
CE loss (TEST): 0.0
