/Users/benjaminmaurel/Documents/Training_Sanofi/notebooks_hands_on/latent_ode/run_models.py
run_models.py --niters 3000 -n 200 -s 40 -l 10 --dataset PK_Tacro --latent-ode --noise-weight 0.01 --max-t 5. --seed 127 --experiment 28564
Experiment 28564
Epoch 1000 [Test seq (cond on sampled tp)] | Loss 195.003647 | Likelihood -190.953262 | KL fp 7.4460 | FP STD 0.1364|
KL coef: 0.9999522643707747
Train loss (one batch): 190.614990234375
Train CE loss (one batch): 0.0
Test MSE (raw): 0.0389
Test MSE (smoothed with alpha=0.01): 0.0389
New best smoothed test MSE: 0.0389. Saving best model to experiments/experiment_28564_best.ckpt
Test MSE group_0: 0.0364
Test MSE group_1: 0.0415
Test MSE group_2: nan
Test MSE group_3: nan
Poisson likelihood: 0.0
CE loss: 0.0
train MSE group_0: 0.0316
train MSE group_1: 0.0426
train MSE group_2: nan
train MSE group_3: nan
CE loss (TEST): 0.0
Experiment 28564
Epoch 2000 [Test seq (cond on sampled tp)] | Loss 168.656204 | Likelihood -164.037003 | KL fp 7.2474 | FP STD 0.1058|
KL coef: 0.9999999979391934
Train loss (one batch): 166.90521240234375
Train CE loss (one batch): 0.0
Test MSE (raw): 0.0335
Test MSE (smoothed with alpha=0.01): 0.0389
New best smoothed test MSE: 0.0389. Saving best model to experiments/experiment_28564_best.ckpt
Test MSE group_0: 0.0298
Test MSE group_1: 0.0373
Test MSE group_2: nan
Test MSE group_3: nan
Poisson likelihood: 0.0
CE loss: 0.0
train MSE group_0: 0.0280
train MSE group_1: 0.0371
train MSE group_2: nan
train MSE group_3: nan
CE loss (TEST): 0.0
Experiment 28564
Epoch 3000 [Test seq (cond on sampled tp)] | Loss 164.140457 | Likelihood -161.315964 | KL fp 6.5652 | FP STD 0.1653|
KL coef: 0.9999999999999111
Train loss (one batch): 163.28526306152344
Train CE loss (one batch): 0.0
Test MSE (raw): 0.0330
Test MSE (smoothed with alpha=0.01): 0.0388
New best smoothed test MSE: 0.0388. Saving best model to experiments/experiment_28564_best.ckpt
Test MSE group_0: 0.0304
Test MSE group_1: 0.0356
Test MSE group_2: nan
Test MSE group_3: nan
Poisson likelihood: 0.0
CE loss: 0.0
train MSE group_0: 0.0284
train MSE group_1: 0.0359
train MSE group_2: nan
train MSE group_3: nan
CE loss (TEST): 0.0
