/Users/benjaminmaurel/Documents/Training_Sanofi/notebooks_hands_on/latent_ode/run_models.py
run_models.py --niters 3000 -n 200 -s 40 -l 10 --dataset PK_Tacro --latent-ode --noise-weight 0.01 --max-t 5. --seed 109 --experiment 22019
Experiment 22019
Epoch 1000 [Test seq (cond on sampled tp)] | Loss 178.735596 | Likelihood -175.042023 | KL fp 6.9316 | FP STD 0.1362|
KL coef: 0.9999522643707747
Train loss (one batch): 172.02655029296875
Train CE loss (one batch): 0.0
Test MSE (raw): 0.0357
Test MSE (smoothed with alpha=0.01): 0.0357
New best smoothed test MSE: 0.0357. Saving best model to experiments/experiment_22019_best.ckpt
Test MSE group_0: 0.0293
Test MSE group_1: 0.0422
Test MSE group_2: nan
Test MSE group_3: nan
Poisson likelihood: 0.0
CE loss: 0.0
train MSE group_0: 0.0308
train MSE group_1: 0.0373
train MSE group_2: nan
train MSE group_3: nan
CE loss (TEST): 0.0
Experiment 22019
Epoch 2000 [Test seq (cond on sampled tp)] | Loss 153.755508 | Likelihood -150.061081 | KL fp 6.6405 | FP STD 0.1189|
KL coef: 0.9999999979391934
Train loss (one batch): 150.90048217773438
Train CE loss (one batch): 0.0
Test MSE (raw): 0.0307
Test MSE (smoothed with alpha=0.01): 0.0357
New best smoothed test MSE: 0.0357. Saving best model to experiments/experiment_22019_best.ckpt
Test MSE group_0: 0.0266
Test MSE group_1: 0.0349
Test MSE group_2: nan
Test MSE group_3: nan
Poisson likelihood: 0.0
CE loss: 0.0
train MSE group_0: 0.0279
train MSE group_1: 0.0318
train MSE group_2: nan
train MSE group_3: nan
CE loss (TEST): 0.0
Experiment 22019
Epoch 3000 [Test seq (cond on sampled tp)] | Loss 145.042877 | Likelihood -141.417389 | KL fp 6.6203 | FP STD 0.0880|
KL coef: 0.9999999999999111
Train loss (one batch): 140.35208129882812
Train CE loss (one batch): 0.0
Test MSE (raw): 0.0290
Test MSE (smoothed with alpha=0.01): 0.0356
New best smoothed test MSE: 0.0356. Saving best model to experiments/experiment_22019_best.ckpt
Test MSE group_0: 0.0258
Test MSE group_1: 0.0322
Test MSE group_2: nan
Test MSE group_3: nan
Poisson likelihood: 0.0
CE loss: 0.0
train MSE group_0: 0.0271
train MSE group_1: 0.0284
train MSE group_2: nan
train MSE group_3: nan
CE loss (TEST): 0.0
