/Users/benjaminmaurel/Documents/Training_Sanofi/notebooks_hands_on/latent_ode/run_models.py
run_models.py --niters 3000 -n 200 -s 40 -l 10 --dataset PK_Tacro --latent-ode --noise-weight 0.01 --max-t 5. --seed 13 --experiment 19722
Experiment 19722
Epoch 1000 [Test seq (cond on sampled tp)] | Loss 189.851166 | Likelihood -185.760010 | KL fp 7.4169 | FP STD 0.1804|
KL coef: 0.9999522643707747
Train loss (one batch): 186.513427734375
Train CE loss (one batch): 0.0
Test MSE (raw): 0.0379
Test MSE (smoothed with alpha=0.01): 0.0379
New best smoothed test MSE: 0.0379. Saving best model to experiments/experiment_19722_best.ckpt
Test MSE group_0: 0.0387
Test MSE group_1: 0.0369
Test MSE group_2: nan
Test MSE group_3: nan
Poisson likelihood: 0.0
CE loss: 0.0
train MSE group_0: 0.0358
train MSE group_1: 0.0375
train MSE group_2: nan
train MSE group_3: nan
CE loss (TEST): 0.0
Experiment 19722
Epoch 2000 [Test seq (cond on sampled tp)] | Loss 139.142807 | Likelihood -134.960709 | KL fp 6.7420 | FP STD 0.0995|
KL coef: 0.9999999979391934
Train loss (one batch): 142.34169006347656
Train CE loss (one batch): 0.0
Test MSE (raw): 0.0277
Test MSE (smoothed with alpha=0.01): 0.0378
New best smoothed test MSE: 0.0378. Saving best model to experiments/experiment_19722_best.ckpt
Test MSE group_0: 0.0258
Test MSE group_1: 0.0299
Test MSE group_2: nan
Test MSE group_3: nan
Poisson likelihood: 0.0
CE loss: 0.0
train MSE group_0: 0.0256
train MSE group_1: 0.0297
train MSE group_2: nan
train MSE group_3: nan
CE loss (TEST): 0.0
Experiment 19722
Epoch 3000 [Test seq (cond on sampled tp)] | Loss 129.048904 | Likelihood -125.645401 | KL fp 6.0863 | FP STD 0.0923|
KL coef: 0.9999999999999111
Train loss (one batch): 130.254638671875
Train CE loss (one batch): 0.0
Test MSE (raw): 0.0259
Test MSE (smoothed with alpha=0.01): 0.0377
New best smoothed test MSE: 0.0377. Saving best model to experiments/experiment_19722_best.ckpt
Test MSE group_0: 0.0247
Test MSE group_1: 0.0272
Test MSE group_2: nan
Test MSE group_3: nan
Poisson likelihood: 0.0
CE loss: 0.0
train MSE group_0: 0.0239
train MSE group_1: 0.0271
train MSE group_2: nan
train MSE group_3: nan
CE loss (TEST): 0.0
