/Users/benjaminmaurel/Documents/Training_Sanofi/notebooks_hands_on/latent_ode/run_models.py
run_models.py --niters 3000 -n 200 -s 40 -l 10 --dataset PK_Tacro --latent-ode --noise-weight 0.01 --max-t 5. --seed 14 --experiment 18021
Experiment 18021
Epoch 1000 [Test seq (cond on sampled tp)] | Loss 189.084503 | Likelihood -184.321838 | KL fp 8.1778 | FP STD 0.1886|
KL coef: 0.9999522643707747
Train loss (one batch): 182.08811950683594
Train CE loss (one batch): 0.0
Test MSE (raw): 0.0376
Test MSE (smoothed with alpha=0.01): 0.0376
New best smoothed test MSE: 0.0376. Saving best model to experiments/experiment_18021_best.ckpt
Test MSE group_0: 0.0349
Test MSE group_1: 0.0400
Test MSE group_2: nan
Test MSE group_3: nan
Poisson likelihood: 0.0
CE loss: 0.0
train MSE group_0: 0.0325
train MSE group_1: 0.0391
train MSE group_2: nan
train MSE group_3: nan
CE loss (TEST): 0.0
Experiment 18021
Epoch 2000 [Test seq (cond on sampled tp)] | Loss 176.250626 | Likelihood -172.054611 | KL fp 7.1231 | FP STD 0.1623|
KL coef: 0.9999999979391934
Train loss (one batch): 158.7470703125
Train CE loss (one batch): 0.0
Test MSE (raw): 0.0351
Test MSE (smoothed with alpha=0.01): 0.0376
New best smoothed test MSE: 0.0376. Saving best model to experiments/experiment_18021_best.ckpt
Test MSE group_0: 0.0342
Test MSE group_1: 0.0360
Test MSE group_2: nan
Test MSE group_3: nan
Poisson likelihood: 0.0
CE loss: 0.0
train MSE group_0: 0.0290
train MSE group_1: 0.0338
train MSE group_2: nan
train MSE group_3: nan
CE loss (TEST): 0.0
Experiment 18021
Epoch 3000 [Test seq (cond on sampled tp)] | Loss 157.042236 | Likelihood -153.324600 | KL fp 6.9658 | FP STD 0.1468|
KL coef: 0.9999999999999111
Train loss (one batch): 140.0011749267578
Train CE loss (one batch): 0.0
Test MSE (raw): 0.0314
Test MSE (smoothed with alpha=0.01): 0.0375
New best smoothed test MSE: 0.0375. Saving best model to experiments/experiment_18021_best.ckpt
Test MSE group_0: 0.0313
Test MSE group_1: 0.0316
Test MSE group_2: nan
Test MSE group_3: nan
Poisson likelihood: 0.0
CE loss: 0.0
train MSE group_0: 0.0269
train MSE group_1: 0.0283
train MSE group_2: nan
train MSE group_3: nan
CE loss (TEST): 0.0
