/Users/benjaminmaurel/Documents/Training_Sanofi/notebooks_hands_on/latent_ode/run_models.py
run_models.py --niters 3000 -n 200 -s 40 -l 10 --dataset PK_Tacro --latent-ode --noise-weight 0.01 --max-t 5. --seed 5 --experiment 42496
Experiment 42496
Epoch 1000 [Test seq (cond on sampled tp)] | Loss 276.075287 | Likelihood -285.776123 | KL fp 3.8344 | FP STD 0.2064|
KL coef: 0.9999522643707747
Train loss (one batch): 282.4945373535156
Train CE loss (one batch): 0.0
Test MSE (raw): 0.0579
Test MSE (smoothed with alpha=0.01): 0.0579
New best smoothed test MSE: 0.0579. Saving best model to experiments/experiment_42496_best.ckpt
Test MSE group_0: 0.0472
Test MSE group_1: 0.0682
Test MSE group_2: nan
Test MSE group_3: nan
Poisson likelihood: 0.0
CE loss: 0.0
train MSE group_0: 0.0467
train MSE group_1: 0.0684
train MSE group_2: nan
train MSE group_3: nan
CE loss (TEST): 0.0
Experiment 42496
Epoch 2000 [Test seq (cond on sampled tp)] | Loss 208.097488 | Likelihood -206.844849 | KL fp 4.1424 | FP STD 0.1322|
KL coef: 0.9999999979391934
Train loss (one batch): 198.0060577392578
Train CE loss (one batch): 0.0
Test MSE (raw): 0.0421
Test MSE (smoothed with alpha=0.01): 0.0577
New best smoothed test MSE: 0.0577. Saving best model to experiments/experiment_42496_best.ckpt
Test MSE group_0: 0.0377
Test MSE group_1: 0.0463
Test MSE group_2: nan
Test MSE group_3: nan
Poisson likelihood: 0.0
CE loss: 0.0
train MSE group_0: 0.0364
train MSE group_1: 0.0435
train MSE group_2: nan
train MSE group_3: nan
CE loss (TEST): 0.0
Experiment 42496
Epoch 3000 [Test seq (cond on sampled tp)] | Loss 198.920197 | Likelihood -197.128082 | KL fp 4.5423 | FP STD 0.0974|
KL coef: 0.9999999999999111
Train loss (one batch): 185.58082580566406
Train CE loss (one batch): 0.0
Test MSE (raw): 0.0402
Test MSE (smoothed with alpha=0.01): 0.0576
New best smoothed test MSE: 0.0576. Saving best model to experiments/experiment_42496_best.ckpt
Test MSE group_0: 0.0365
Test MSE group_1: 0.0437
Test MSE group_2: nan
Test MSE group_3: nan
Poisson likelihood: 0.0
CE loss: 0.0
train MSE group_0: 0.0350
train MSE group_1: 0.0401
train MSE group_2: nan
train MSE group_3: nan
CE loss (TEST): 0.0
