/Users/benjaminmaurel/Documents/Training_Sanofi/notebooks_hands_on/latent_ode/run_models.py
run_models.py --niters 3000 -n 200 -s 40 -l 10 --dataset PK_Tacro --latent-ode --noise-weight 0.01 --max-t 5. --seed 33 --experiment 31630
Experiment 31630
Epoch 1000 [Test seq (cond on sampled tp)] | Loss 193.132645 | Likelihood -189.131927 | KL fp 7.0204 | FP STD 0.1347|
KL coef: 0.9999522643707747
Train loss (one batch): 204.69004821777344
Train CE loss (one batch): 0.0
Test MSE (raw): 0.0386
Test MSE (smoothed with alpha=0.01): 0.0386
New best smoothed test MSE: 0.0386. Saving best model to experiments/experiment_31630_best.ckpt
Test MSE group_0: 0.0350
Test MSE group_1: 0.0418
Test MSE group_2: nan
Test MSE group_3: nan
Poisson likelihood: 0.0
CE loss: 0.0
train MSE group_0: 0.0375
train MSE group_1: 0.0436
train MSE group_2: nan
train MSE group_3: nan
CE loss (TEST): 0.0
Experiment 31630
Epoch 2000 [Test seq (cond on sampled tp)] | Loss 181.017715 | Likelihood -177.166656 | KL fp 6.5385 | FP STD 0.1085|
KL coef: 0.9999999979391934
Train loss (one batch): 186.71646118164062
Train CE loss (one batch): 0.0
Test MSE (raw): 0.0362
Test MSE (smoothed with alpha=0.01): 0.0385
New best smoothed test MSE: 0.0385. Saving best model to experiments/experiment_31630_best.ckpt
Test MSE group_0: 0.0337
Test MSE group_1: 0.0384
Test MSE group_2: nan
Test MSE group_3: nan
Poisson likelihood: 0.0
CE loss: 0.0
train MSE group_0: 0.0356
train MSE group_1: 0.0385
train MSE group_2: nan
train MSE group_3: nan
CE loss (TEST): 0.0
Experiment 31630
Epoch 3000 [Test seq (cond on sampled tp)] | Loss 174.494629 | Likelihood -171.356918 | KL fp 6.0606 | FP STD 0.1084|
KL coef: 0.9999999999999111
Train loss (one batch): 175.59442138671875
Train CE loss (one batch): 0.0
Test MSE (raw): 0.0350
Test MSE (smoothed with alpha=0.01): 0.0385
New best smoothed test MSE: 0.0385. Saving best model to experiments/experiment_31630_best.ckpt
Test MSE group_0: 0.0335
Test MSE group_1: 0.0364
Test MSE group_2: nan
Test MSE group_3: nan
Poisson likelihood: 0.0
CE loss: 0.0
train MSE group_0: 0.0351
train MSE group_1: 0.0347
train MSE group_2: nan
train MSE group_3: nan
CE loss (TEST): 0.0
