/Users/benjaminmaurel/Documents/Training_Sanofi/notebooks_hands_on/latent_ode/run_models.py
run_models.py --niters 3000 -n 200 -s 40 -l 10 --dataset PK_Tacro --latent-ode --noise-weight 0.01 --max-t 5. --seed 104 --experiment 30148
Experiment 30148
Epoch 1000 [Test seq (cond on sampled tp)] | Loss 155.037521 | Likelihood -153.172897 | KL fp 4.5688 | FP STD 0.0882|
KL coef: 0.9999522643707747
Train loss (one batch): 147.93089294433594
Train CE loss (one batch): 0.0
Test MSE (raw): 0.0314
Test MSE (smoothed with alpha=0.01): 0.0314
New best smoothed test MSE: 0.0314. Saving best model to experiments/experiment_30148_best.ckpt
Test MSE group_0: 0.0289
Test MSE group_1: 0.0339
Test MSE group_2: nan
Test MSE group_3: nan
Poisson likelihood: 0.0
CE loss: 0.0
train MSE group_0: 0.0280
train MSE group_1: 0.0313
train MSE group_2: nan
train MSE group_3: nan
CE loss (TEST): 0.0
Experiment 30148
Epoch 2000 [Test seq (cond on sampled tp)] | Loss 156.748856 | Likelihood -156.103485 | KL fp 4.3164 | FP STD 0.1113|
KL coef: 0.9999999979391934
Train loss (one batch): 146.02525329589844
Train CE loss (one batch): 0.0
Test MSE (raw): 0.0320
Test MSE (smoothed with alpha=0.01): 0.0314
Smoothed Test MSE did not improve. Early stopping counter: 1/10000
Test MSE group_0: 0.0308
Test MSE group_1: 0.0331
Test MSE group_2: nan
Test MSE group_3: nan
Poisson likelihood: 0.0
CE loss: 0.0
train MSE group_0: 0.0288
train MSE group_1: 0.0299
train MSE group_2: nan
train MSE group_3: nan
CE loss (TEST): 0.0
Experiment 30148
Epoch 3000 [Test seq (cond on sampled tp)] | Loss 149.971405 | Likelihood -148.274567 | KL fp 4.3173 | FP STD 0.0970|
KL coef: 0.9999999999999111
Train loss (one batch): 137.41712951660156
Train CE loss (one batch): 0.0
Test MSE (raw): 0.0304
Test MSE (smoothed with alpha=0.01): 0.0314
New best smoothed test MSE: 0.0314. Saving best model to experiments/experiment_30148_best.ckpt
Test MSE group_0: 0.0290
Test MSE group_1: 0.0318
Test MSE group_2: nan
Test MSE group_3: nan
Poisson likelihood: 0.0
CE loss: 0.0
train MSE group_0: 0.0268
train MSE group_1: 0.0285
train MSE group_2: nan
train MSE group_3: nan
CE loss (TEST): 0.0
