/Users/benjaminmaurel/Documents/Training_Sanofi/notebooks_hands_on/latent_ode/run_models.py
run_models.py --niters 3000 -n 200 -s 40 -l 10 --dataset PK_Tacro --latent-ode --noise-weight 0.01 --max-t 5. --seed 108 --experiment 26953
Experiment 26953
Epoch 1000 [Test seq (cond on sampled tp)] | Loss 209.834152 | Likelihood -207.978348 | KL fp 6.7939 | FP STD 0.2375|
KL coef: 0.9999522643707747
Train loss (one batch): 213.494873046875
Train CE loss (one batch): 0.0
Test MSE (raw): 0.0423
Test MSE (smoothed with alpha=0.01): 0.0423
New best smoothed test MSE: 0.0423. Saving best model to experiments/experiment_26953_best.ckpt
Test MSE group_0: 0.0415
Test MSE group_1: 0.0432
Test MSE group_2: nan
Test MSE group_3: nan
Poisson likelihood: 0.0
CE loss: 0.0
train MSE group_0: 0.0417
train MSE group_1: 0.0437
train MSE group_2: nan
train MSE group_3: nan
CE loss (TEST): 0.0
Experiment 26953
Epoch 2000 [Test seq (cond on sampled tp)] | Loss 156.699173 | Likelihood -152.555725 | KL fp 6.7455 | FP STD 0.1068|
KL coef: 0.9999999979391934
Train loss (one batch): 167.332275390625
Train CE loss (one batch): 0.0
Test MSE (raw): 0.0312
Test MSE (smoothed with alpha=0.01): 0.0422
New best smoothed test MSE: 0.0422. Saving best model to experiments/experiment_26953_best.ckpt
Test MSE group_0: 0.0292
Test MSE group_1: 0.0333
Test MSE group_2: nan
Test MSE group_3: nan
Poisson likelihood: 0.0
CE loss: 0.0
train MSE group_0: 0.0332
train MSE group_1: 0.0330
train MSE group_2: nan
train MSE group_3: nan
CE loss (TEST): 0.0
Experiment 26953
Epoch 3000 [Test seq (cond on sampled tp)] | Loss 147.507706 | Likelihood -143.654236 | KL fp 6.4543 | FP STD 0.1057|
KL coef: 0.9999999999999111
Train loss (one batch): 159.01589965820312
Train CE loss (one batch): 0.0
Test MSE (raw): 0.0295
Test MSE (smoothed with alpha=0.01): 0.0421
New best smoothed test MSE: 0.0421. Saving best model to experiments/experiment_26953_best.ckpt
Test MSE group_0: 0.0278
Test MSE group_1: 0.0311
Test MSE group_2: nan
Test MSE group_3: nan
Poisson likelihood: 0.0
CE loss: 0.0
train MSE group_0: 0.0321
train MSE group_1: 0.0309
train MSE group_2: nan
train MSE group_3: nan
CE loss (TEST): 0.0
