/Users/benjaminmaurel/Documents/Training_Sanofi/notebooks_hands_on/latent_ode/run_models.py
run_models.py --niters 3000 -n 200 -s 40 -l 10 --dataset PK_Tacro --latent-ode --noise-weight 0.01 --max-t 5. --seed 19 --experiment 24308
Experiment 24308
Epoch 1000 [Test seq (cond on sampled tp)] | Loss 241.672394 | Likelihood -242.240555 | KL fp 7.3627 | FP STD 0.1935|
KL coef: 0.9999522643707747
Train loss (one batch): 265.18206787109375
Train CE loss (one batch): 0.0
Test MSE (raw): 0.0492
Test MSE (smoothed with alpha=0.01): 0.0492
New best smoothed test MSE: 0.0492. Saving best model to experiments/experiment_24308_best.ckpt
Test MSE group_0: 0.0452
Test MSE group_1: 0.0537
Test MSE group_2: nan
Test MSE group_3: nan
Poisson likelihood: 0.0
CE loss: 0.0
train MSE group_0: 0.0422
train MSE group_1: 0.0634
train MSE group_2: nan
train MSE group_3: nan
CE loss (TEST): 0.0
Experiment 24308
Epoch 2000 [Test seq (cond on sampled tp)] | Loss 168.514526 | Likelihood -163.610672 | KL fp 7.6861 | FP STD 0.0759|
KL coef: 0.9999999979391934
Train loss (one batch): 173.88002014160156
Train CE loss (one batch): 0.0
Test MSE (raw): 0.0335
Test MSE (smoothed with alpha=0.01): 0.0490
New best smoothed test MSE: 0.0490. Saving best model to experiments/experiment_24308_best.ckpt
Test MSE group_0: 0.0300
Test MSE group_1: 0.0373
Test MSE group_2: nan
Test MSE group_3: nan
Poisson likelihood: 0.0
CE loss: 0.0
train MSE group_0: 0.0283
train MSE group_1: 0.0399
train MSE group_2: nan
train MSE group_3: nan
CE loss (TEST): 0.0
Experiment 24308
Epoch 3000 [Test seq (cond on sampled tp)] | Loss 161.426987 | Likelihood -157.043076 | KL fp 7.0362 | FP STD 0.0928|
KL coef: 0.9999999999999111
Train loss (one batch): 163.80728149414062
Train CE loss (one batch): 0.0
Test MSE (raw): 0.0321
Test MSE (smoothed with alpha=0.01): 0.0489
New best smoothed test MSE: 0.0489. Saving best model to experiments/experiment_24308_best.ckpt
Test MSE group_0: 0.0297
Test MSE group_1: 0.0349
Test MSE group_2: nan
Test MSE group_3: nan
Poisson likelihood: 0.0
CE loss: 0.0
train MSE group_0: 0.0276
train MSE group_1: 0.0368
train MSE group_2: nan
train MSE group_3: nan
CE loss (TEST): 0.0
