/Users/benjaminmaurel/Documents/Training_Sanofi/notebooks_hands_on/latent_ode/run_models.py
run_models.py --niters 3000 -n 200 -s 40 -l 10 --dataset PK_Tacro --latent-ode --noise-weight 0.01 --max-t 5. --seed 113 --experiment 17505
Experiment 17505
Epoch 1000 [Test seq (cond on sampled tp)] | Loss 172.381668 | Likelihood -170.942993 | KL fp 5.8526 | FP STD 0.1742|
KL coef: 0.9999522643707747
Train loss (one batch): 166.11598205566406
Train CE loss (one batch): 0.0
Test MSE (raw): 0.0349
Test MSE (smoothed with alpha=0.01): 0.0349
New best smoothed test MSE: 0.0349. Saving best model to experiments/experiment_17505_best.ckpt
Test MSE group_0: 0.0295
Test MSE group_1: 0.0402
Test MSE group_2: nan
Test MSE group_3: nan
Poisson likelihood: 0.0
CE loss: 0.0
train MSE group_0: 0.0292
train MSE group_1: 0.0369
train MSE group_2: nan
train MSE group_3: nan
CE loss (TEST): 0.0
Experiment 17505
Epoch 2000 [Test seq (cond on sampled tp)] | Loss 148.992416 | Likelihood -146.464630 | KL fp 5.7453 | FP STD 0.1237|
KL coef: 0.9999999979391934
Train loss (one batch): 141.8005828857422
Train CE loss (one batch): 0.0
Test MSE (raw): 0.0300
Test MSE (smoothed with alpha=0.01): 0.0349
New best smoothed test MSE: 0.0349. Saving best model to experiments/experiment_17505_best.ckpt
Test MSE group_0: 0.0273
Test MSE group_1: 0.0327
Test MSE group_2: nan
Test MSE group_3: nan
Poisson likelihood: 0.0
CE loss: 0.0
train MSE group_0: 0.0261
train MSE group_1: 0.0302
train MSE group_2: nan
train MSE group_3: nan
CE loss (TEST): 0.0
Experiment 17505
Epoch 3000 [Test seq (cond on sampled tp)] | Loss 140.893066 | Likelihood -138.395996 | KL fp 5.7524 | FP STD 0.1116|
KL coef: 0.9999999999999111
Train loss (one batch): 132.57400512695312
Train CE loss (one batch): 0.0
Test MSE (raw): 0.0284
Test MSE (smoothed with alpha=0.01): 0.0348
New best smoothed test MSE: 0.0348. Saving best model to experiments/experiment_17505_best.ckpt
Test MSE group_0: 0.0258
Test MSE group_1: 0.0310
Test MSE group_2: nan
Test MSE group_3: nan
Poisson likelihood: 0.0
CE loss: 0.0
train MSE group_0: 0.0240
train MSE group_1: 0.0286
train MSE group_2: nan
train MSE group_3: nan
CE loss (TEST): 0.0
