/Users/benjaminmaurel/Documents/Training_Sanofi/notebooks_hands_on/latent_ode/run_models.py
run_models.py --niters 3000 -n 200 -s 40 -l 10 --dataset PK_Tacro --latent-ode --noise-weight 0.01 --max-t 5. --seed 1 --experiment 25826
Experiment 25826
Epoch 1000 [Test seq (cond on sampled tp)] | Loss 185.907990 | Likelihood -182.545120 | KL fp 6.2045 | FP STD 0.2040|
KL coef: 0.9999522643707747
Train loss (one batch): 148.7335662841797
Train CE loss (one batch): 0.0
Test MSE (raw): 0.0372
Test MSE (smoothed with alpha=0.01): 0.0372
New best smoothed test MSE: 0.0372. Saving best model to experiments/experiment_25826_best.ckpt
Test MSE group_0: 0.0231
Test MSE group_1: 0.0527
Test MSE group_2: nan
Test MSE group_3: nan
Poisson likelihood: 0.0
CE loss: 0.0
train MSE group_0: 0.0219
train MSE group_1: 0.0379
train MSE group_2: nan
train MSE group_3: nan
CE loss (TEST): 0.0
Experiment 25826
Epoch 2000 [Test seq (cond on sampled tp)] | Loss 100.537888 | Likelihood -97.531670 | KL fp 5.6049 | FP STD 0.1897|
KL coef: 0.9999999979391934
Train loss (one batch): 83.97014617919922
Train CE loss (one batch): 0.0
Test MSE (raw): 0.0202
Test MSE (smoothed with alpha=0.01): 0.0371
New best smoothed test MSE: 0.0371. Saving best model to experiments/experiment_25826_best.ckpt
Test MSE group_0: 0.0127
Test MSE group_1: 0.0284
Test MSE group_2: nan
Test MSE group_3: nan
Poisson likelihood: 0.0
CE loss: 0.0
train MSE group_0: 0.0109
train MSE group_1: 0.0229
train MSE group_2: nan
train MSE group_3: nan
CE loss (TEST): 0.0
Experiment 25826
Epoch 3000 [Test seq (cond on sampled tp)] | Loss 87.291077 | Likelihood -84.294098 | KL fp 5.4353 | FP STD 0.1692|
KL coef: 0.9999999999999111
Train loss (one batch): 70.75093078613281
Train CE loss (one batch): 0.0
Test MSE (raw): 0.0176
Test MSE (smoothed with alpha=0.01): 0.0369
New best smoothed test MSE: 0.0369. Saving best model to experiments/experiment_25826_best.ckpt
Test MSE group_0: 0.0116
Test MSE group_1: 0.0241
Test MSE group_2: nan
Test MSE group_3: nan
Poisson likelihood: 0.0
CE loss: 0.0
train MSE group_0: 0.0094
train MSE group_1: 0.0189
train MSE group_2: nan
train MSE group_3: nan
CE loss (TEST): 0.0
