/Users/benjaminmaurel/Documents/Training_Sanofi/notebooks_hands_on/latent_ode/run_models.py
run_models.py --niters 3000 -n 200 -s 40 -l 10 --dataset PK_Tacro --latent-ode --noise-weight 0.01 --max-t 5. --seed 131 --experiment 39972
Experiment 39972
Epoch 1000 [Test seq (cond on sampled tp)] | Loss 217.805176 | Likelihood -214.527191 | KL fp 5.9726 | FP STD 0.1432|
KL coef: 0.9999522643707747
Train loss (one batch): 226.7500457763672
Train CE loss (one batch): 0.0
Test MSE (raw): 0.0436
Test MSE (smoothed with alpha=0.01): 0.0436
New best smoothed test MSE: 0.0436. Saving best model to experiments/experiment_39972_best.ckpt
Test MSE group_0: 0.0415
Test MSE group_1: 0.0458
Test MSE group_2: nan
Test MSE group_3: nan
Poisson likelihood: 0.0
CE loss: 0.0
train MSE group_0: 0.0378
train MSE group_1: 0.0521
train MSE group_2: nan
train MSE group_3: nan
CE loss (TEST): 0.0
Experiment 39972
Epoch 2000 [Test seq (cond on sampled tp)] | Loss 170.377060 | Likelihood -167.624542 | KL fp 5.8717 | FP STD 0.1424|
KL coef: 0.9999999979391934
Train loss (one batch): 175.7042694091797
Train CE loss (one batch): 0.0
Test MSE (raw): 0.0343
Test MSE (smoothed with alpha=0.01): 0.0435
New best smoothed test MSE: 0.0435. Saving best model to experiments/experiment_39972_best.ckpt
Test MSE group_0: 0.0319
Test MSE group_1: 0.0366
Test MSE group_2: nan
Test MSE group_3: nan
Poisson likelihood: 0.0
CE loss: 0.0
train MSE group_0: 0.0303
train MSE group_1: 0.0397
train MSE group_2: nan
train MSE group_3: nan
CE loss (TEST): 0.0
Experiment 39972
Epoch 3000 [Test seq (cond on sampled tp)] | Loss 157.069366 | Likelihood -154.226181 | KL fp 5.7181 | FP STD 0.0912|
KL coef: 0.9999999999999111
Train loss (one batch): 156.7474365234375
Train CE loss (one batch): 0.0
Test MSE (raw): 0.0316
Test MSE (smoothed with alpha=0.01): 0.0434
New best smoothed test MSE: 0.0434. Saving best model to experiments/experiment_39972_best.ckpt
Test MSE group_0: 0.0294
Test MSE group_1: 0.0338
Test MSE group_2: nan
Test MSE group_3: nan
Poisson likelihood: 0.0
CE loss: 0.0
train MSE group_0: 0.0271
train MSE group_1: 0.0351
train MSE group_2: nan
train MSE group_3: nan
CE loss (TEST): 0.0
