/Users/benjaminmaurel/Documents/Training_Sanofi/notebooks_hands_on/latent_ode/run_models.py
run_models.py --niters 3000 -n 200 -s 40 -l 10 --dataset PK_Tacro --latent-ode --noise-weight 0.01 --max-t 5. --seed 179 --experiment 22147
Experiment 22147
Epoch 1000 [Test seq (cond on sampled tp)] | Loss 149.338562 | Likelihood -147.534134 | KL fp 4.9594 | FP STD 0.1057|
KL coef: 0.9999522643707747
Train loss (one batch): 162.7230987548828
Train CE loss (one batch): 0.0
Test MSE (raw): 0.0302
Test MSE (smoothed with alpha=0.01): 0.0302
New best smoothed test MSE: 0.0302. Saving best model to experiments/experiment_22147_best.ckpt
Test MSE group_0: 0.0278
Test MSE group_1: 0.0327
Test MSE group_2: nan
Test MSE group_3: nan
Poisson likelihood: 0.0
CE loss: 0.0
train MSE group_0: 0.0299
train MSE group_1: 0.0351
train MSE group_2: nan
train MSE group_3: nan
CE loss (TEST): 0.0
Experiment 22147
Epoch 2000 [Test seq (cond on sampled tp)] | Loss 137.143921 | Likelihood -135.481232 | KL fp 4.6319 | FP STD 0.0872|
KL coef: 0.9999999979391934
Train loss (one batch): 147.8021697998047
Train CE loss (one batch): 0.0
Test MSE (raw): 0.0278
Test MSE (smoothed with alpha=0.01): 0.0302
New best smoothed test MSE: 0.0302. Saving best model to experiments/experiment_22147_best.ckpt
Test MSE group_0: 0.0259
Test MSE group_1: 0.0298
Test MSE group_2: nan
Test MSE group_3: nan
Poisson likelihood: 0.0
CE loss: 0.0
train MSE group_0: 0.0277
train MSE group_1: 0.0314
train MSE group_2: nan
train MSE group_3: nan
CE loss (TEST): 0.0
Experiment 22147
Epoch 3000 [Test seq (cond on sampled tp)] | Loss 121.872894 | Likelihood -119.750198 | KL fp 4.7225 | FP STD 0.0653|
KL coef: 0.9999999999999111
Train loss (one batch): 132.25660705566406
Train CE loss (one batch): 0.0
Test MSE (raw): 0.0247
Test MSE (smoothed with alpha=0.01): 0.0302
New best smoothed test MSE: 0.0302. Saving best model to experiments/experiment_22147_best.ckpt
Test MSE group_0: 0.0236
Test MSE group_1: 0.0258
Test MSE group_2: nan
Test MSE group_3: nan
Poisson likelihood: 0.0
CE loss: 0.0
train MSE group_0: 0.0252
train MSE group_1: 0.0279
train MSE group_2: nan
train MSE group_3: nan
CE loss (TEST): 0.0
