/Users/benjaminmaurel/Documents/Training_Sanofi/notebooks_hands_on/latent_ode/run_models.py
run_models.py --niters 3000 -n 200 -s 40 -l 10 --dataset PK_Tacro --latent-ode --noise-weight 0.01 --max-t 5. --seed 145 --experiment 40564
Experiment 40564
Epoch 1000 [Test seq (cond on sampled tp)] | Loss 208.238052 | Likelihood -206.626831 | KL fp 4.3026 | FP STD 0.1174|
KL coef: 0.9999522643707747
Train loss (one batch): 209.2842254638672
Train CE loss (one batch): 0.0
Test MSE (raw): 0.0421
Test MSE (smoothed with alpha=0.01): 0.0421
New best smoothed test MSE: 0.0421. Saving best model to experiments/experiment_40564_best.ckpt
Test MSE group_0: 0.0382
Test MSE group_1: 0.0459
Test MSE group_2: nan
Test MSE group_3: nan
Poisson likelihood: 0.0
CE loss: 0.0
train MSE group_0: 0.0357
train MSE group_1: 0.0483
train MSE group_2: nan
train MSE group_3: nan
CE loss (TEST): 0.0
Experiment 40564
Epoch 2000 [Test seq (cond on sampled tp)] | Loss 161.936737 | Likelihood -160.940323 | KL fp 4.3469 | FP STD 0.1070|
KL coef: 0.9999999979391934
Train loss (one batch): 171.5172576904297
Train CE loss (one batch): 0.0
Test MSE (raw): 0.0329
Test MSE (smoothed with alpha=0.01): 0.0420
New best smoothed test MSE: 0.0420. Saving best model to experiments/experiment_40564_best.ckpt
Test MSE group_0: 0.0309
Test MSE group_1: 0.0349
Test MSE group_2: nan
Test MSE group_3: nan
Poisson likelihood: 0.0
CE loss: 0.0
train MSE group_0: 0.0312
train MSE group_1: 0.0377
train MSE group_2: nan
train MSE group_3: nan
CE loss (TEST): 0.0
Experiment 40564
Epoch 3000 [Test seq (cond on sampled tp)] | Loss 148.104309 | Likelihood -146.218292 | KL fp 4.5836 | FP STD 0.0815|
KL coef: 0.9999999999999111
Train loss (one batch): 156.57723999023438
Train CE loss (one batch): 0.0
Test MSE (raw): 0.0300
Test MSE (smoothed with alpha=0.01): 0.0419
New best smoothed test MSE: 0.0419. Saving best model to experiments/experiment_40564_best.ckpt
Test MSE group_0: 0.0290
Test MSE group_1: 0.0310
Test MSE group_2: nan
Test MSE group_3: nan
Poisson likelihood: 0.0
CE loss: 0.0
train MSE group_0: 0.0288
train MSE group_1: 0.0342
train MSE group_2: nan
train MSE group_3: nan
CE loss (TEST): 0.0
