/Users/benjaminmaurel/Documents/Training_Sanofi/notebooks_hands_on/latent_ode/run_models.py
run_models.py --niters 3000 -n 200 -s 40 -l 10 --dataset PK_Tacro --latent-ode --noise-weight 0.01 --max-t 5. --seed 5 --experiment 13809
Experiment 13809
Epoch 1000 [Test seq (cond on sampled tp)] | Loss 197.102524 | Likelihood -195.393036 | KL fp 4.5969 | FP STD 0.1116|
KL coef: 0.9999522643707747
Train loss (one batch): 191.95758056640625
Train CE loss (one batch): 0.0
Test MSE (raw): 0.0398
Test MSE (smoothed with alpha=0.01): 0.0398
New best smoothed test MSE: 0.0398. Saving best model to experiments/experiment_13809_best.ckpt
Test MSE group_0: 0.0333
Test MSE group_1: 0.0470
Test MSE group_2: nan
Test MSE group_3: nan
Poisson likelihood: 0.0
CE loss: 0.0
train MSE group_0: 0.0341
train MSE group_1: 0.0435
train MSE group_2: nan
train MSE group_3: nan
CE loss (TEST): 0.0
Experiment 13809
Epoch 2000 [Test seq (cond on sampled tp)] | Loss 186.275879 | Likelihood -184.775253 | KL fp 4.6812 | FP STD 0.1006|
KL coef: 0.9999999979391934
Train loss (one batch): 180.3174591064453
Train CE loss (one batch): 0.0
Test MSE (raw): 0.0377
Test MSE (smoothed with alpha=0.01): 0.0398
New best smoothed test MSE: 0.0398. Saving best model to experiments/experiment_13809_best.ckpt
Test MSE group_0: 0.0332
Test MSE group_1: 0.0427
Test MSE group_2: nan
Test MSE group_3: nan
Poisson likelihood: 0.0
CE loss: 0.0
train MSE group_0: 0.0334
train MSE group_1: 0.0395
train MSE group_2: nan
train MSE group_3: nan
CE loss (TEST): 0.0
Experiment 13809
Epoch 3000 [Test seq (cond on sampled tp)] | Loss 179.179260 | Likelihood -178.835144 | KL fp 4.4612 | FP STD 0.1294|
KL coef: 0.9999999999999111
Train loss (one batch): 174.57720947265625
Train CE loss (one batch): 0.0
Test MSE (raw): 0.0365
Test MSE (smoothed with alpha=0.01): 0.0398
New best smoothed test MSE: 0.0398. Saving best model to experiments/experiment_13809_best.ckpt
Test MSE group_0: 0.0336
Test MSE group_1: 0.0398
Test MSE group_2: nan
Test MSE group_3: nan
Poisson likelihood: 0.0
CE loss: 0.0
train MSE group_0: 0.0340
train MSE group_1: 0.0364
train MSE group_2: nan
train MSE group_3: nan
CE loss (TEST): 0.0
