/Users/benjaminmaurel/Documents/Training_Sanofi/notebooks_hands_on/latent_ode/run_models.py
run_models.py --niters 3000 -n 200 -s 40 -l 10 --dataset PK_Tacro --latent-ode --noise-weight 0.01 --max-t 5. --seed 17 --experiment 41337
Experiment 41337
Epoch 1000 [Test seq (cond on sampled tp)] | Loss 186.710754 | Likelihood -183.872070 | KL fp 5.8890 | FP STD 0.2592|
KL coef: 0.9999522643707747
Train loss (one batch): 184.3941192626953
Train CE loss (one batch): 0.0
Test MSE (raw): 0.0375
Test MSE (smoothed with alpha=0.01): 0.0375
New best smoothed test MSE: 0.0375. Saving best model to experiments/experiment_41337_best.ckpt
Test MSE group_0: 0.0326
Test MSE group_1: 0.0421
Test MSE group_2: nan
Test MSE group_3: nan
Poisson likelihood: 0.0
CE loss: 0.0
train MSE group_0: 0.0332
train MSE group_1: 0.0410
train MSE group_2: nan
train MSE group_3: nan
CE loss (TEST): 0.0
Experiment 41337
Epoch 2000 [Test seq (cond on sampled tp)] | Loss 176.044632 | Likelihood -172.887146 | KL fp 5.8902 | FP STD 0.1785|
KL coef: 0.9999999979391934
Train loss (one batch): 168.83929443359375
Train CE loss (one batch): 0.0
Test MSE (raw): 0.0353
Test MSE (smoothed with alpha=0.01): 0.0375
New best smoothed test MSE: 0.0375. Saving best model to experiments/experiment_41337_best.ckpt
Test MSE group_0: 0.0318
Test MSE group_1: 0.0386
Test MSE group_2: nan
Test MSE group_3: nan
Poisson likelihood: 0.0
CE loss: 0.0
train MSE group_0: 0.0315
train MSE group_1: 0.0359
train MSE group_2: nan
train MSE group_3: nan
CE loss (TEST): 0.0
Experiment 41337
Epoch 3000 [Test seq (cond on sampled tp)] | Loss 174.340988 | Likelihood -171.450638 | KL fp 5.5451 | FP STD 0.1995|
KL coef: 0.9999999999999111
Train loss (one batch): 166.7836456298828
Train CE loss (one batch): 0.0
Test MSE (raw): 0.0350
Test MSE (smoothed with alpha=0.01): 0.0375
New best smoothed test MSE: 0.0375. Saving best model to experiments/experiment_41337_best.ckpt
Test MSE group_0: 0.0320
Test MSE group_1: 0.0378
Test MSE group_2: nan
Test MSE group_3: nan
Poisson likelihood: 0.0
CE loss: 0.0
train MSE group_0: 0.0321
train MSE group_1: 0.0347
train MSE group_2: nan
train MSE group_3: nan
CE loss (TEST): 0.0
