/Users/benjaminmaurel/Documents/Training_Sanofi/notebooks_hands_on/latent_ode/run_models.py
run_models.py --niters 3000 -n 200 -s 40 -l 10 --dataset PK_Tacro --latent-ode --noise-weight 0.01 --max-t 5. --seed 8 --experiment 37951
Experiment 37951
Epoch 0010 [Test seq (cond on sampled tp)] | Loss 2445.127441 | Likelihood -2538.263184 | KL fp 2.8055 | FP STD 0.7465|
KL coef: 0.0
Train loss (one batch): 1401.4923095703125
Train CE loss (one batch): 0.0
Test MSE (raw): 0.5084
Test MSE (smoothed with alpha=0.01): 0.5084
New best smoothed test MSE: 0.5084. Saving best model to experiments/experiment_37951_best.ckpt
Test MSE group_0: 0.5612
Test MSE group_1: 0.4590
Test MSE group_2: nan
Test MSE group_3: nan
Poisson likelihood: 0.0
CE loss: 0.0
train MSE group_0: 0.3836
train MSE group_1: 0.1818
train MSE group_2: nan
train MSE group_3: nan
CE loss (TEST): 0.0
Experiment 37951
Epoch 0020 [Test seq (cond on sampled tp)] | Loss 866.600647 | Likelihood -893.407898 | KL fp 4.7167 | FP STD 0.5033|
KL coef: 0.09561792499119559
Train loss (one batch): 1063.5745849609375
Train CE loss (one batch): 0.0
Test MSE (raw): 0.1794
Test MSE (smoothed with alpha=0.01): 0.5051
New best smoothed test MSE: 0.5051. Saving best model to experiments/experiment_37951_best.ckpt
Test MSE group_0: 0.1133
Test MSE group_1: 0.2414
Test MSE group_2: nan
Test MSE group_3: nan
Poisson likelihood: 0.0
CE loss: 0.0
train MSE group_0: 0.1419
train MSE group_1: 0.2950
train MSE group_2: nan
train MSE group_3: nan
CE loss (TEST): 0.0
Experiment 37951
Epoch 0030 [Test seq (cond on sampled tp)] | Loss 713.314575 | Likelihood -731.911621 | KL fp 3.7521 | FP STD 0.2826|
KL coef: 0.18209306240276923
Train loss (one batch): 693.4630737304688
Train CE loss (one batch): 0.0
Test MSE (raw): 0.1471
Test MSE (smoothed with alpha=0.01): 0.5015
New best smoothed test MSE: 0.5015. Saving best model to experiments/experiment_37951_best.ckpt
Test MSE group_0: 0.1695
Test MSE group_1: 0.1251
Test MSE group_2: nan
Test MSE group_3: nan
Poisson likelihood: 0.0
CE loss: 0.0
train MSE group_0: 0.1468
train MSE group_1: 0.1327
train MSE group_2: nan
train MSE group_3: nan
CE loss (TEST): 0.0
Experiment 37951
Epoch 0040 [Test seq (cond on sampled tp)] | Loss 500.484436 | Likelihood -507.112244 | KL fp 4.3341 | FP STD 0.2124|
KL coef: 0.2602996266117198
Train loss (one batch): 505.3783874511719
Train CE loss (one batch): 0.0
Test MSE (raw): 0.1022
Test MSE (smoothed with alpha=0.01): 0.4975
New best smoothed test MSE: 0.4975. Saving best model to experiments/experiment_37951_best.ckpt
Test MSE group_0: 0.0907
Test MSE group_1: 0.1127
Test MSE group_2: nan
Test MSE group_3: nan
Poisson likelihood: 0.0
CE loss: 0.0
train MSE group_0: 0.0841
train MSE group_1: 0.1232
train MSE group_2: nan
train MSE group_3: nan
CE loss (TEST): 0.0
Experiment 37951
Epoch 0050 [Test seq (cond on sampled tp)] | Loss 375.911194 | Likelihood -381.856384 | KL fp 4.3631 | FP STD 0.1744|
KL coef: 0.3310282414303197
Train loss (one batch): 354.1749267578125
Train CE loss (one batch): 0.0
Test MSE (raw): 0.0771
Test MSE (smoothed with alpha=0.01): 0.4933
New best smoothed test MSE: 0.4933. Saving best model to experiments/experiment_37951_best.ckpt
Test MSE group_0: 0.0654
Test MSE group_1: 0.0876
Test MSE group_2: nan
Test MSE group_3: nan
Poisson likelihood: 0.0
CE loss: 0.0
train MSE group_0: 0.0650
train MSE group_1: 0.0813
train MSE group_2: nan
train MSE group_3: nan
CE loss (TEST): 0.0
Experiment 37951
Epoch 0060 [Test seq (cond on sampled tp)] | Loss 294.361694 | Likelihood -297.168304 | KL fp 4.8174 | FP STD 0.1350|
KL coef: 0.39499393286246365
Train loss (one batch): 294.9415588378906
Train CE loss (one batch): 0.0
Test MSE (raw): 0.0602
Test MSE (smoothed with alpha=0.01): 0.4890
New best smoothed test MSE: 0.4890. Saving best model to experiments/experiment_37951_best.ckpt
Test MSE group_0: 0.0554
Test MSE group_1: 0.0643
Test MSE group_2: nan
Test MSE group_3: nan
Poisson likelihood: 0.0
CE loss: 0.0
train MSE group_0: 0.0576
train MSE group_1: 0.0629
train MSE group_2: nan
train MSE group_3: nan
CE loss (TEST): 0.0
Experiment 37951
Epoch 0070 [Test seq (cond on sampled tp)] | Loss 273.358276 | Likelihood -275.926422 | KL fp 4.7212 | FP STD 0.1345|
KL coef: 0.4528433576092388
Train loss (one batch): 272.2696228027344
Train CE loss (one batch): 0.0
Test MSE (raw): 0.0559
Test MSE (smoothed with alpha=0.01): 0.4847
New best smoothed test MSE: 0.4847. Saving best model to experiments/experiment_37951_best.ckpt
Test MSE group_0: 0.0472
Test MSE group_1: 0.0638
Test MSE group_2: nan
Test MSE group_3: nan
Poisson likelihood: 0.0
CE loss: 0.0
train MSE group_0: 0.0448
train MSE group_1: 0.0661
train MSE group_2: nan
train MSE group_3: nan
CE loss (TEST): 0.0
Experiment 37951
Epoch 0080 [Test seq (cond on sampled tp)] | Loss 265.985382 | Likelihood -267.232605 | KL fp 4.6853 | FP STD 0.1311|
KL coef: 0.505161340399793
Train loss (one batch): 255.43267822265625
Train CE loss (one batch): 0.0
Test MSE (raw): 0.0542
Test MSE (smoothed with alpha=0.01): 0.4804
New best smoothed test MSE: 0.4804. Saving best model to experiments/experiment_37951_best.ckpt
Test MSE group_0: 0.0441
Test MSE group_1: 0.0632
Test MSE group_2: nan
Test MSE group_3: nan
Poisson likelihood: 0.0
CE loss: 0.0
train MSE group_0: 0.0442
train MSE group_1: 0.0601
train MSE group_2: nan
train MSE group_3: nan
CE loss (TEST): 0.0
Experiment 37951
Epoch 0090 [Test seq (cond on sampled tp)] | Loss 255.676987 | Likelihood -256.408325 | KL fp 4.6831 | FP STD 0.1272|
KL coef: 0.5524767862361895
Train loss (one batch): 249.8975372314453
Train CE loss (one batch): 0.0
Test MSE (raw): 0.0520
Test MSE (smoothed with alpha=0.01): 0.4761
New best smoothed test MSE: 0.4761. Saving best model to experiments/experiment_37951_best.ckpt
Test MSE group_0: 0.0442
Test MSE group_1: 0.0590
Test MSE group_2: nan
Test MSE group_3: nan
Poisson likelihood: 0.0
CE loss: 0.0
train MSE group_0: 0.0437
train MSE group_1: 0.0581
train MSE group_2: nan
train MSE group_3: nan
CE loss (TEST): 0.0
Experiment 37951
Epoch 0100 [Test seq (cond on sampled tp)] | Loss 250.847198 | Likelihood -251.060318 | KL fp 4.6954 | FP STD 0.1200|
KL coef: 0.5952680273216762
Train loss (one batch): 244.35728454589844
Train CE loss (one batch): 0.0
Test MSE (raw): 0.0509
Test MSE (smoothed with alpha=0.01): 0.4718
New best smoothed test MSE: 0.4718. Saving best model to experiments/experiment_37951_best.ckpt
Test MSE group_0: 0.0425
Test MSE group_1: 0.0585
Test MSE group_2: nan
Test MSE group_3: nan
Poisson likelihood: 0.0
CE loss: 0.0
train MSE group_0: 0.0415
train MSE group_1: 0.0579
train MSE group_2: nan
train MSE group_3: nan
CE loss (TEST): 0.0
Experiment 37951
Epoch 0110 [Test seq (cond on sampled tp)] | Loss 248.592331 | Likelihood -248.528412 | KL fp 4.7478 | FP STD 0.1226|
KL coef: 0.6339676587267709
Train loss (one batch): 243.30825805664062
Train CE loss (one batch): 0.0
Test MSE (raw): 0.0504
Test MSE (smoothed with alpha=0.01): 0.4676
New best smoothed test MSE: 0.4676. Saving best model to experiments/experiment_37951_best.ckpt
Test MSE group_0: 0.0411
Test MSE group_1: 0.0589
Test MSE group_2: nan
Test MSE group_3: nan
Poisson likelihood: 0.0
CE loss: 0.0
train MSE group_0: 0.0414
train MSE group_1: 0.0574
train MSE group_2: nan
train MSE group_3: nan
CE loss (TEST): 0.0
Experiment 37951
Epoch 0120 [Test seq (cond on sampled tp)] | Loss 245.700592 | Likelihood -245.458923 | KL fp 4.7197 | FP STD 0.1337|
KL coef: 0.6689669116789861
Train loss (one batch): 238.24493408203125
Train CE loss (one batch): 0.0
Test MSE (raw): 0.0498
Test MSE (smoothed with alpha=0.01): 0.4634
New best smoothed test MSE: 0.4634. Saving best model to experiments/experiment_37951_best.ckpt
Test MSE group_0: 0.0414
Test MSE group_1: 0.0574
Test MSE group_2: nan
Test MSE group_3: nan
Poisson likelihood: 0.0
CE loss: 0.0
train MSE group_0: 0.0407
train MSE group_1: 0.0561
train MSE group_2: nan
train MSE group_3: nan
CE loss (TEST): 0.0
Experiment 37951
Epoch 0130 [Test seq (cond on sampled tp)] | Loss 243.285248 | Likelihood -242.841125 | KL fp 4.7271 | FP STD 0.1321|
KL coef: 0.7006196086876687
Train loss (one batch): 236.6153564453125
Train CE loss (one batch): 0.0
Test MSE (raw): 0.0493
Test MSE (smoothed with alpha=0.01): 0.4593
New best smoothed test MSE: 0.4593. Saving best model to experiments/experiment_37951_best.ckpt
Test MSE group_0: 0.0406
Test MSE group_1: 0.0571
Test MSE group_2: nan
Test MSE group_3: nan
Poisson likelihood: 0.0
CE loss: 0.0
train MSE group_0: 0.0401
train MSE group_1: 0.0559
train MSE group_2: nan
train MSE group_3: nan
CE loss (TEST): 0.0
Experiment 37951
Epoch 0140 [Test seq (cond on sampled tp)] | Loss 241.184204 | Likelihood -240.738983 | KL fp 4.6945 | FP STD 0.1265|
KL coef: 0.729245740488006
Train loss (one batch): 234.52359008789062
Train CE loss (one batch): 0.0
Test MSE (raw): 0.0489
Test MSE (smoothed with alpha=0.01): 0.4552
New best smoothed test MSE: 0.4552. Saving best model to experiments/experiment_37951_best.ckpt
Test MSE group_0: 0.0403
Test MSE group_1: 0.0565
Test MSE group_2: nan
Test MSE group_3: nan
Poisson likelihood: 0.0
CE loss: 0.0
train MSE group_0: 0.0404
train MSE group_1: 0.0546
train MSE group_2: nan
train MSE group_3: nan
CE loss (TEST): 0.0
Experiment 37951
Epoch 0150 [Test seq (cond on sampled tp)] | Loss 238.852371 | Likelihood -238.106369 | KL fp 4.7730 | FP STD 0.1180|
KL coef: 0.7551347009650705
Train loss (one batch): 232.04763793945312
Train CE loss (one batch): 0.0
Test MSE (raw): 0.0484
Test MSE (smoothed with alpha=0.01): 0.4511
New best smoothed test MSE: 0.4511. Saving best model to experiments/experiment_37951_best.ckpt
Test MSE group_0: 0.0409
Test MSE group_1: 0.0550
Test MSE group_2: nan
Test MSE group_3: nan
Poisson likelihood: 0.0
CE loss: 0.0
train MSE group_0: 0.0405
train MSE group_1: 0.0538
train MSE group_2: nan
train MSE group_3: nan
CE loss (TEST): 0.0
Experiment 37951
Epoch 0160 [Test seq (cond on sampled tp)] | Loss 236.084122 | Likelihood -235.413788 | KL fp 4.8219 | FP STD 0.1110|
KL coef: 0.7785482127611391
Train loss (one batch): 230.19471740722656
Train CE loss (one batch): 0.0
Test MSE (raw): 0.0478
Test MSE (smoothed with alpha=0.01): 0.4471
New best smoothed test MSE: 0.4471. Saving best model to experiments/experiment_37951_best.ckpt
Test MSE group_0: 0.0404
Test MSE group_1: 0.0545
Test MSE group_2: nan
Test MSE group_3: nan
Poisson likelihood: 0.0
CE loss: 0.0
train MSE group_0: 0.0400
train MSE group_1: 0.0531
train MSE group_2: nan
train MSE group_3: nan
CE loss (TEST): 0.0
Experiment 37951
Epoch 0170 [Test seq (cond on sampled tp)] | Loss 234.101868 | Likelihood -232.796661 | KL fp 4.7955 | FP STD 0.1104|
KL coef: 0.7997229731425107
Train loss (one batch): 226.4462127685547
Train CE loss (one batch): 0.0
Test MSE (raw): 0.0473
Test MSE (smoothed with alpha=0.01): 0.4431
New best smoothed test MSE: 0.4431. Saving best model to experiments/experiment_37951_best.ckpt
Test MSE group_0: 0.0401
Test MSE group_1: 0.0537
Test MSE group_2: nan
Test MSE group_3: nan
Poisson likelihood: 0.0
CE loss: 0.0
train MSE group_0: 0.0401
train MSE group_1: 0.0517
train MSE group_2: nan
train MSE group_3: nan
CE loss (TEST): 0.0
Experiment 37951
Epoch 0180 [Test seq (cond on sampled tp)] | Loss 231.238846 | Likelihood -230.272720 | KL fp 4.6776 | FP STD 0.1127|
KL coef: 0.8188730468740297
Train loss (one batch): 225.71426391601562
Train CE loss (one batch): 0.0
Test MSE (raw): 0.0468
Test MSE (smoothed with alpha=0.01): 0.4391
New best smoothed test MSE: 0.4391. Saving best model to experiments/experiment_37951_best.ckpt
Test MSE group_0: 0.0398
Test MSE group_1: 0.0530
Test MSE group_2: nan
Test MSE group_3: nan
Poisson likelihood: 0.0
CE loss: 0.0
train MSE group_0: 0.0401
train MSE group_1: 0.0511
train MSE group_2: nan
train MSE group_3: nan
CE loss (TEST): 0.0
Experiment 37951
Epoch 0190 [Test seq (cond on sampled tp)] | Loss 232.907928 | Likelihood -232.251434 | KL fp 4.4377 | FP STD 0.1539|
KL coef: 0.8361920302919126
Train loss (one batch): 225.5652618408203
Train CE loss (one batch): 0.0
Test MSE (raw): 0.0472
Test MSE (smoothed with alpha=0.01): 0.4352
New best smoothed test MSE: 0.4352. Saving best model to experiments/experiment_37951_best.ckpt
Test MSE group_0: 0.0387
Test MSE group_1: 0.0548
Test MSE group_2: nan
Test MSE group_3: nan
Poisson likelihood: 0.0
CE loss: 0.0
train MSE group_0: 0.0394
train MSE group_1: 0.0520
train MSE group_2: nan
train MSE group_3: nan
CE loss (TEST): 0.0
Experiment 37951
Epoch 0200 [Test seq (cond on sampled tp)] | Loss 230.266556 | Likelihood -229.811401 | KL fp 4.4921 | FP STD 0.1653|
KL coef: 0.8518550084524206
Train loss (one batch): 221.39511108398438
Train CE loss (one batch): 0.0
Test MSE (raw): 0.0467
Test MSE (smoothed with alpha=0.01): 0.4313
New best smoothed test MSE: 0.4313. Saving best model to experiments/experiment_37951_best.ckpt
Test MSE group_0: 0.0393
Test MSE group_1: 0.0533
Test MSE group_2: nan
Test MSE group_3: nan
Poisson likelihood: 0.0
CE loss: 0.0
train MSE group_0: 0.0391
train MSE group_1: 0.0510
train MSE group_2: nan
train MSE group_3: nan
CE loss (TEST): 0.0
Experiment 37951
Epoch 0210 [Test seq (cond on sampled tp)] | Loss 224.898117 | Likelihood -224.981354 | KL fp 4.4936 | FP STD 0.1640|
KL coef: 0.8660203251420383
Train loss (one batch): 221.4490203857422
Train CE loss (one batch): 0.0
Test MSE (raw): 0.0457
Test MSE (smoothed with alpha=0.01): 0.4275
New best smoothed test MSE: 0.4275. Saving best model to experiments/experiment_37951_best.ckpt
Test MSE group_0: 0.0393
Test MSE group_1: 0.0514
Test MSE group_2: nan
Test MSE group_3: nan
Poisson likelihood: 0.0
CE loss: 0.0
train MSE group_0: 0.0396
train MSE group_1: 0.0498
train MSE group_2: nan
train MSE group_3: nan
CE loss (TEST): 0.0
Experiment 37951
Epoch 0220 [Test seq (cond on sampled tp)] | Loss 221.793274 | Likelihood -221.528198 | KL fp 4.5132 | FP STD 0.1549|
KL coef: 0.8788311836429517
Train loss (one batch): 217.388916015625
Train CE loss (one batch): 0.0
Test MSE (raw): 0.0450
Test MSE (smoothed with alpha=0.01): 0.4236
New best smoothed test MSE: 0.4236. Saving best model to experiments/experiment_37951_best.ckpt
Test MSE group_0: 0.0392
Test MSE group_1: 0.0502
Test MSE group_2: nan
Test MSE group_3: nan
Poisson likelihood: 0.0
CE loss: 0.0
train MSE group_0: 0.0396
train MSE group_1: 0.0481
train MSE group_2: nan
train MSE group_3: nan
CE loss (TEST): 0.0
Experiment 37951
Epoch 0230 [Test seq (cond on sampled tp)] | Loss 230.346161 | Likelihood -232.330841 | KL fp 4.4607 | FP STD 0.1599|
KL coef: 0.8904170944366518
Train loss (one batch): 224.51657104492188
Train CE loss (one batch): 0.0
Test MSE (raw): 0.0472
Test MSE (smoothed with alpha=0.01): 0.4199
New best smoothed test MSE: 0.4199. Saving best model to experiments/experiment_37951_best.ckpt
Test MSE group_0: 0.0414
Test MSE group_1: 0.0523
Test MSE group_2: nan
Test MSE group_3: nan
Poisson likelihood: 0.0
CE loss: 0.0
train MSE group_0: 0.0424
train MSE group_1: 0.0484
train MSE group_2: nan
train MSE group_3: nan
CE loss (TEST): 0.0
Experiment 37951
Epoch 0240 [Test seq (cond on sampled tp)] | Loss 219.981888 | Likelihood -220.100616 | KL fp 4.5739 | FP STD 0.1390|
KL coef: 0.9008951844811254
Train loss (one batch): 218.46072387695312
Train CE loss (one batch): 0.0
Test MSE (raw): 0.0448
Test MSE (smoothed with alpha=0.01): 0.4161
New best smoothed test MSE: 0.4161. Saving best model to experiments/experiment_37951_best.ckpt
Test MSE group_0: 0.0394
Test MSE group_1: 0.0495
Test MSE group_2: nan
Test MSE group_3: nan
Poisson likelihood: 0.0
CE loss: 0.0
train MSE group_0: 0.0404
train MSE group_1: 0.0479
train MSE group_2: nan
train MSE group_3: nan
CE loss (TEST): 0.0
Experiment 37951
Epoch 0250 [Test seq (cond on sampled tp)] | Loss 209.839523 | Likelihood -209.859299 | KL fp 4.3344 | FP STD 0.1610|
KL coef: 0.9103713812976754
Train loss (one batch): 206.1251220703125
Train CE loss (one batch): 0.0
Test MSE (raw): 0.0427
Test MSE (smoothed with alpha=0.01): 0.4124
New best smoothed test MSE: 0.4124. Saving best model to experiments/experiment_37951_best.ckpt
Test MSE group_0: 0.0376
Test MSE group_1: 0.0472
Test MSE group_2: nan
Test MSE group_3: nan
Poisson likelihood: 0.0
CE loss: 0.0
train MSE group_0: 0.0379
train MSE group_1: 0.0453
train MSE group_2: nan
train MSE group_3: nan
CE loss (TEST): 0.0
Experiment 37951
Epoch 0260 [Test seq (cond on sampled tp)] | Loss 209.262161 | Likelihood -209.393677 | KL fp 4.1094 | FP STD 0.2014|
KL coef: 0.9189414838378187
Train loss (one batch): 204.65386962890625
Train CE loss (one batch): 0.0
Test MSE (raw): 0.0426
Test MSE (smoothed with alpha=0.01): 0.4087
New best smoothed test MSE: 0.4087. Saving best model to experiments/experiment_37951_best.ckpt
Test MSE group_0: 0.0380
Test MSE group_1: 0.0466
Test MSE group_2: nan
Test MSE group_3: nan
Poisson likelihood: 0.0
CE loss: 0.0
train MSE group_0: 0.0379
train MSE group_1: 0.0453
train MSE group_2: nan
train MSE group_3: nan
CE loss (TEST): 0.0
Experiment 37951
Epoch 0270 [Test seq (cond on sampled tp)] | Loss 204.712051 | Likelihood -204.450928 | KL fp 4.4406 | FP STD 0.1845|
KL coef: 0.9266921309561118
Train loss (one batch): 199.54312133789062
Train CE loss (one batch): 0.0
Test MSE (raw): 0.0416
Test MSE (smoothed with alpha=0.01): 0.4050
New best smoothed test MSE: 0.4050. Saving best model to experiments/experiment_37951_best.ckpt
Test MSE group_0: 0.0372
Test MSE group_1: 0.0455
Test MSE group_2: nan
Test MSE group_3: nan
Poisson likelihood: 0.0
CE loss: 0.0
train MSE group_0: 0.0367
train MSE group_1: 0.0439
train MSE group_2: nan
train MSE group_3: nan
CE loss (TEST): 0.0
Experiment 37951
Epoch 0280 [Test seq (cond on sampled tp)] | Loss 201.417023 | Likelihood -201.101105 | KL fp 4.4279 | FP STD 0.1803|
KL coef: 0.9337016772796147
Train loss (one batch): 198.44000244140625
Train CE loss (one batch): 0.0
Test MSE (raw): 0.0410
Test MSE (smoothed with alpha=0.01): 0.4014
New best smoothed test MSE: 0.4014. Saving best model to experiments/experiment_37951_best.ckpt
Test MSE group_0: 0.0366
Test MSE group_1: 0.0448
Test MSE group_2: nan
Test MSE group_3: nan
Poisson likelihood: 0.0
CE loss: 0.0
train MSE group_0: 0.0362
train MSE group_1: 0.0461
train MSE group_2: nan
train MSE group_3: nan
CE loss (TEST): 0.0
Experiment 37951
Epoch 0290 [Test seq (cond on sampled tp)] | Loss 203.169724 | Likelihood -204.932968 | KL fp 4.1632 | FP STD 0.2315|
KL coef: 0.9400409853285345
Train loss (one batch): 204.4366455078125
Train CE loss (one batch): 0.0
Test MSE (raw): 0.0417
Test MSE (smoothed with alpha=0.01): 0.3978
New best smoothed test MSE: 0.3978. Saving best model to experiments/experiment_37951_best.ckpt
Test MSE group_0: 0.0377
Test MSE group_1: 0.0452
Test MSE group_2: nan
Test MSE group_3: nan
Poisson likelihood: 0.0
CE loss: 0.0
train MSE group_0: 0.0390
train MSE group_1: 0.0436
train MSE group_2: nan
train MSE group_3: nan
CE loss (TEST): 0.0
Experiment 37951
Epoch 0300 [Test seq (cond on sampled tp)] | Loss 209.425339 | Likelihood -212.065765 | KL fp 4.1249 | FP STD 0.2529|
KL coef: 0.9457741418959368
Train loss (one batch): 209.2650146484375
Train CE loss (one batch): 0.0
Test MSE (raw): 0.0432
Test MSE (smoothed with alpha=0.01): 0.3942
New best smoothed test MSE: 0.3942. Saving best model to experiments/experiment_37951_best.ckpt
Test MSE group_0: 0.0379
Test MSE group_1: 0.0478
Test MSE group_2: nan
Test MSE group_3: nan
Poisson likelihood: 0.0
CE loss: 0.0
train MSE group_0: 0.0392
train MSE group_1: 0.0453
train MSE group_2: nan
train MSE group_3: nan
CE loss (TEST): 0.0
Experiment 37951
Epoch 0310 [Test seq (cond on sampled tp)] | Loss 207.979248 | Likelihood -210.796814 | KL fp 4.2398 | FP STD 0.2599|
KL coef: 0.9509591059287142
Train loss (one batch): 203.7285919189453
Train CE loss (one batch): 0.0
Test MSE (raw): 0.0429
Test MSE (smoothed with alpha=0.01): 0.3907
New best smoothed test MSE: 0.3907. Saving best model to experiments/experiment_37951_best.ckpt
Test MSE group_0: 0.0381
Test MSE group_1: 0.0471
Test MSE group_2: nan
Test MSE group_3: nan
Poisson likelihood: 0.0
CE loss: 0.0
train MSE group_0: 0.0388
train MSE group_1: 0.0446
train MSE group_2: nan
train MSE group_3: nan
CE loss (TEST): 0.0
Experiment 37951
Epoch 0320 [Test seq (cond on sampled tp)] | Loss 202.977264 | Likelihood -203.876999 | KL fp 4.3444 | FP STD 0.2375|
KL coef: 0.9556482944595236
Train loss (one batch): 198.6264190673828
Train CE loss (one batch): 0.0
Test MSE (raw): 0.0415
Test MSE (smoothed with alpha=0.01): 0.3872
New best smoothed test MSE: 0.3872. Saving best model to experiments/experiment_37951_best.ckpt
Test MSE group_0: 0.0374
Test MSE group_1: 0.0451
Test MSE group_2: nan
Test MSE group_3: nan
Poisson likelihood: 0.0
CE loss: 0.0
train MSE group_0: 0.0374
train MSE group_1: 0.0432
train MSE group_2: nan
train MSE group_3: nan
CE loss (TEST): 0.0
Experiment 37951
Epoch 0330 [Test seq (cond on sampled tp)] | Loss 199.574890 | Likelihood -200.303329 | KL fp 4.2892 | FP STD 0.2208|
KL coef: 0.9598891125131245
Train loss (one batch): 194.73439025878906
Train CE loss (one batch): 0.0
Test MSE (raw): 0.0408
Test MSE (smoothed with alpha=0.01): 0.3838
New best smoothed test MSE: 0.3838. Saving best model to experiments/experiment_37951_best.ckpt
Test MSE group_0: 0.0368
Test MSE group_1: 0.0443
Test MSE group_2: nan
Test MSE group_3: nan
Poisson likelihood: 0.0
CE loss: 0.0
train MSE group_0: 0.0364
train MSE group_1: 0.0422
train MSE group_2: nan
train MSE group_3: nan
CE loss (TEST): 0.0
Experiment 37951
Epoch 0340 [Test seq (cond on sampled tp)] | Loss 194.793335 | Likelihood -195.795395 | KL fp 4.3416 | FP STD 0.2039|
KL coef: 0.9637244323441748
Train loss (one batch): 191.66436767578125
Train CE loss (one batch): 0.0
Test MSE (raw): 0.0399
Test MSE (smoothed with alpha=0.01): 0.3803
New best smoothed test MSE: 0.3803. Saving best model to experiments/experiment_37951_best.ckpt
Test MSE group_0: 0.0359
Test MSE group_1: 0.0434
Test MSE group_2: nan
Test MSE group_3: nan
Poisson likelihood: 0.0
CE loss: 0.0
train MSE group_0: 0.0360
train MSE group_1: 0.0415
train MSE group_2: nan
train MSE group_3: nan
CE loss (TEST): 0.0
Experiment 37951
Epoch 0350 [Test seq (cond on sampled tp)] | Loss 192.181396 | Likelihood -193.132996 | KL fp 4.4865 | FP STD 0.1852|
KL coef: 0.9671930268513026
Train loss (one batch): 186.998291015625
Train CE loss (one batch): 0.0
Test MSE (raw): 0.0394
Test MSE (smoothed with alpha=0.01): 0.3769
New best smoothed test MSE: 0.3769. Saving best model to experiments/experiment_37951_best.ckpt
Test MSE group_0: 0.0352
Test MSE group_1: 0.0430
Test MSE group_2: nan
Test MSE group_3: nan
Poisson likelihood: 0.0
CE loss: 0.0
train MSE group_0: 0.0345
train MSE group_1: 0.0411
train MSE group_2: nan
train MSE group_3: nan
CE loss (TEST): 0.0
Experiment 37951
Epoch 0360 [Test seq (cond on sampled tp)] | Loss 191.607651 | Likelihood -193.418732 | KL fp 4.3102 | FP STD 0.1847|
KL coef: 0.9703299615490228
Train loss (one batch): 184.23336791992188
Train CE loss (one batch): 0.0
Test MSE (raw): 0.0394
Test MSE (smoothed with alpha=0.01): 0.3735
New best smoothed test MSE: 0.3735. Saving best model to experiments/experiment_37951_best.ckpt
Test MSE group_0: 0.0351
Test MSE group_1: 0.0433
Test MSE group_2: nan
Test MSE group_3: nan
Poisson likelihood: 0.0
CE loss: 0.0
train MSE group_0: 0.0346
train MSE group_1: 0.0431
train MSE group_2: nan
train MSE group_3: nan
CE loss (TEST): 0.0
Experiment 37951
Epoch 0370 [Test seq (cond on sampled tp)] | Loss 189.624344 | Likelihood -190.472687 | KL fp 4.4566 | FP STD 0.1678|
KL coef: 0.9731669490601144
Train loss (one batch): 183.24594116210938
Train CE loss (one batch): 0.0
Test MSE (raw): 0.0388
Test MSE (smoothed with alpha=0.01): 0.3702
New best smoothed test MSE: 0.3702. Saving best model to experiments/experiment_37951_best.ckpt
Test MSE group_0: 0.0348
Test MSE group_1: 0.0424
Test MSE group_2: nan
Test MSE group_3: nan
Poisson likelihood: 0.0
CE loss: 0.0
train MSE group_0: 0.0341
train MSE group_1: 0.0400
train MSE group_2: nan
train MSE group_3: nan
CE loss (TEST): 0.0
Experiment 37951
Epoch 0380 [Test seq (cond on sampled tp)] | Loss 189.288040 | Likelihood -189.049927 | KL fp 4.5360 | FP STD 0.1596|
KL coef: 0.9757326697121692
Train loss (one batch): 184.05630493164062
Train CE loss (one batch): 0.0
Test MSE (raw): 0.0385
Test MSE (smoothed with alpha=0.01): 0.3669
New best smoothed test MSE: 0.3669. Saving best model to experiments/experiment_37951_best.ckpt
Test MSE group_0: 0.0344
Test MSE group_1: 0.0421
Test MSE group_2: nan
Test MSE group_3: nan
Poisson likelihood: 0.0
CE loss: 0.0
train MSE group_0: 0.0338
train MSE group_1: 0.0444
train MSE group_2: nan
train MSE group_3: nan
CE loss (TEST): 0.0
Experiment 37951
Epoch 0390 [Test seq (cond on sampled tp)] | Loss 190.351196 | Likelihood -190.151306 | KL fp 4.2903 | FP STD 0.1668|
KL coef: 0.9780530614793677
Train loss (one batch): 180.32569885253906
Train CE loss (one batch): 0.0
Test MSE (raw): 0.0388
Test MSE (smoothed with alpha=0.01): 0.3636
New best smoothed test MSE: 0.3636. Saving best model to experiments/experiment_37951_best.ckpt
Test MSE group_0: 0.0352
Test MSE group_1: 0.0419
Test MSE group_2: nan
Test MSE group_3: nan
Poisson likelihood: 0.0
CE loss: 0.0
train MSE group_0: 0.0340
train MSE group_1: 0.0395
train MSE group_2: nan
train MSE group_3: nan
CE loss (TEST): 0.0
Experiment 37951
Epoch 0400 [Test seq (cond on sampled tp)] | Loss 194.487244 | Likelihood -195.551331 | KL fp 4.3890 | FP STD 0.1641|
KL coef: 0.9801515822006198
Train loss (one batch): 190.2766571044922
Train CE loss (one batch): 0.0
Test MSE (raw): 0.0398
Test MSE (smoothed with alpha=0.01): 0.3604
New best smoothed test MSE: 0.3604. Saving best model to experiments/experiment_37951_best.ckpt
Test MSE group_0: 0.0372
Test MSE group_1: 0.0421
Test MSE group_2: nan
Test MSE group_3: nan
Poisson likelihood: 0.0
CE loss: 0.0
train MSE group_0: 0.0376
train MSE group_1: 0.0399
train MSE group_2: nan
train MSE group_3: nan
CE loss (TEST): 0.0
Experiment 37951
Epoch 0410 [Test seq (cond on sampled tp)] | Loss 190.053055 | Likelihood -189.688721 | KL fp 4.2814 | FP STD 0.1719|
KL coef: 0.9820494467249549
Train loss (one batch): 183.51080322265625
Train CE loss (one batch): 0.0
Test MSE (raw): 0.0387
Test MSE (smoothed with alpha=0.01): 0.3571
New best smoothed test MSE: 0.3571. Saving best model to experiments/experiment_37951_best.ckpt
Test MSE group_0: 0.0352
Test MSE group_1: 0.0417
Test MSE group_2: nan
Test MSE group_3: nan
Poisson likelihood: 0.0
CE loss: 0.0
train MSE group_0: 0.0348
train MSE group_1: 0.0393
train MSE group_2: nan
train MSE group_3: nan
CE loss (TEST): 0.0
Experiment 37951
Epoch 0420 [Test seq (cond on sampled tp)] | Loss 186.570297 | Likelihood -185.221497 | KL fp 4.3843 | FP STD 0.1552|
KL coef: 0.9837658413815585
Train loss (one batch): 181.77163696289062
Train CE loss (one batch): 0.0
Test MSE (raw): 0.0378
Test MSE (smoothed with alpha=0.01): 0.3540
New best smoothed test MSE: 0.3540. Saving best model to experiments/experiment_37951_best.ckpt
Test MSE group_0: 0.0342
Test MSE group_1: 0.0409
Test MSE group_2: nan
Test MSE group_3: nan
Poisson likelihood: 0.0
CE loss: 0.0
train MSE group_0: 0.0342
train MSE group_1: 0.0389
train MSE group_2: nan
train MSE group_3: nan
CE loss (TEST): 0.0
Experiment 37951
Epoch 0430 [Test seq (cond on sampled tp)] | Loss 184.539108 | Likelihood -183.212494 | KL fp 4.4874 | FP STD 0.1450|
KL coef: 0.9853181179426319
Train loss (one batch): 178.7535400390625
Train CE loss (one batch): 0.0
Test MSE (raw): 0.0374
Test MSE (smoothed with alpha=0.01): 0.3508
New best smoothed test MSE: 0.3508. Saving best model to experiments/experiment_37951_best.ckpt
Test MSE group_0: 0.0339
Test MSE group_1: 0.0404
Test MSE group_2: nan
Test MSE group_3: nan
Poisson likelihood: 0.0
CE loss: 0.0
train MSE group_0: 0.0335
train MSE group_1: 0.0386
train MSE group_2: nan
train MSE group_3: nan
CE loss (TEST): 0.0
Experiment 37951
Epoch 0440 [Test seq (cond on sampled tp)] | Loss 193.837051 | Likelihood -193.772751 | KL fp 4.2684 | FP STD 0.1708|
KL coef: 0.9867219690399229
Train loss (one batch): 191.33009338378906
Train CE loss (one batch): 0.0
Test MSE (raw): 0.0395
Test MSE (smoothed with alpha=0.01): 0.3477
New best smoothed test MSE: 0.3477. Saving best model to experiments/experiment_37951_best.ckpt
Test MSE group_0: 0.0369
Test MSE group_1: 0.0417
Test MSE group_2: nan
Test MSE group_3: nan
Poisson likelihood: 0.0
CE loss: 0.0
train MSE group_0: 0.0372
train MSE group_1: 0.0400
train MSE group_2: nan
train MSE group_3: nan
CE loss (TEST): 0.0
Experiment 37951
Epoch 0450 [Test seq (cond on sampled tp)] | Loss 186.553070 | Likelihood -184.992661 | KL fp 4.5584 | FP STD 0.1402|
KL coef: 0.9879915868082944
Train loss (one batch): 180.5531463623047
Train CE loss (one batch): 0.0
Test MSE (raw): 0.0377
Test MSE (smoothed with alpha=0.01): 0.3446
New best smoothed test MSE: 0.3446. Saving best model to experiments/experiment_37951_best.ckpt
Test MSE group_0: 0.0350
Test MSE group_1: 0.0401
Test MSE group_2: nan
Test MSE group_3: nan
Poisson likelihood: 0.0
CE loss: 0.0
train MSE group_0: 0.0348
train MSE group_1: 0.0381
train MSE group_2: nan
train MSE group_3: nan
CE loss (TEST): 0.0
Experiment 37951
Epoch 0460 [Test seq (cond on sampled tp)] | Loss 183.544495 | Likelihood -183.648880 | KL fp 4.5893 | FP STD 0.1285|
KL coef: 0.9891398063601221
Train loss (one batch): 176.38600158691406
Train CE loss (one batch): 0.0
Test MSE (raw): 0.0375
Test MSE (smoothed with alpha=0.01): 0.3415
New best smoothed test MSE: 0.3415. Saving best model to experiments/experiment_37951_best.ckpt
Test MSE group_0: 0.0340
Test MSE group_1: 0.0405
Test MSE group_2: nan
Test MSE group_3: nan
Poisson likelihood: 0.0
CE loss: 0.0
train MSE group_0: 0.0336
train MSE group_1: 0.0373
train MSE group_2: nan
train MSE group_3: nan
CE loss (TEST): 0.0
Experiment 37951
Epoch 0470 [Test seq (cond on sampled tp)] | Loss 183.478622 | Likelihood -182.217712 | KL fp 4.5843 | FP STD 0.1247|
KL coef: 0.9901782355409698
Train loss (one batch): 175.96229553222656
Train CE loss (one batch): 0.0
Test MSE (raw): 0.0372
Test MSE (smoothed with alpha=0.01): 0.3385
New best smoothed test MSE: 0.3385. Saving best model to experiments/experiment_37951_best.ckpt
Test MSE group_0: 0.0340
Test MSE group_1: 0.0399
Test MSE group_2: nan
Test MSE group_3: nan
Poisson likelihood: 0.0
CE loss: 0.0
train MSE group_0: 0.0335
train MSE group_1: 0.0373
train MSE group_2: nan
train MSE group_3: nan
CE loss (TEST): 0.0
Experiment 37951
Epoch 0480 [Test seq (cond on sampled tp)] | Loss 182.195862 | Likelihood -180.993530 | KL fp 4.5797 | FP STD 0.1226|
KL coef: 0.9911173722782946
Train loss (one batch): 176.02842712402344
Train CE loss (one batch): 0.0
Test MSE (raw): 0.0369
Test MSE (smoothed with alpha=0.01): 0.3354
New best smoothed test MSE: 0.3354. Saving best model to experiments/experiment_37951_best.ckpt
Test MSE group_0: 0.0339
Test MSE group_1: 0.0396
Test MSE group_2: nan
Test MSE group_3: nan
Poisson likelihood: 0.0
CE loss: 0.0
train MSE group_0: 0.0336
train MSE group_1: 0.0373
train MSE group_2: nan
train MSE group_3: nan
CE loss (TEST): 0.0
Experiment 37951
Epoch 0490 [Test seq (cond on sampled tp)] | Loss 181.704865 | Likelihood -181.027206 | KL fp 4.6049 | FP STD 0.1233|
KL coef: 0.9919667107095133
Train loss (one batch): 175.07904052734375
Train CE loss (one batch): 0.0
Test MSE (raw): 0.0369
Test MSE (smoothed with alpha=0.01): 0.3325
New best smoothed test MSE: 0.3325. Saving best model to experiments/experiment_37951_best.ckpt
Test MSE group_0: 0.0337
Test MSE group_1: 0.0397
Test MSE group_2: nan
Test MSE group_3: nan
Poisson likelihood: 0.0
CE loss: 0.0
train MSE group_0: 0.0334
train MSE group_1: 0.0371
train MSE group_2: nan
train MSE group_3: nan
CE loss (TEST): 0.0
Experiment 37951
Epoch 0500 [Test seq (cond on sampled tp)] | Loss 181.387482 | Likelihood -179.920227 | KL fp 4.6923 | FP STD 0.1170|
KL coef: 0.9927348371623237
Train loss (one batch): 174.95945739746094
Train CE loss (one batch): 0.0
Test MSE (raw): 0.0367
Test MSE (smoothed with alpha=0.01): 0.3295
New best smoothed test MSE: 0.3295. Saving best model to experiments/experiment_37951_best.ckpt
Test MSE group_0: 0.0337
Test MSE group_1: 0.0393
Test MSE group_2: nan
Test MSE group_3: nan
Poisson likelihood: 0.0
CE loss: 0.0
train MSE group_0: 0.0335
train MSE group_1: 0.0369
train MSE group_2: nan
train MSE group_3: nan
CE loss (TEST): 0.0
Experiment 37951
Epoch 0510 [Test seq (cond on sampled tp)] | Loss 183.269470 | Likelihood -184.276077 | KL fp 4.5395 | FP STD 0.1367|
KL coef: 0.9934295169575854
Train loss (one batch): 176.8011016845703
Train CE loss (one batch): 0.0
Test MSE (raw): 0.0376
Test MSE (smoothed with alpha=0.01): 0.3266
New best smoothed test MSE: 0.3266. Saving best model to experiments/experiment_37951_best.ckpt
Test MSE group_0: 0.0343
Test MSE group_1: 0.0405
Test MSE group_2: nan
Test MSE group_3: nan
Poisson likelihood: 0.0
CE loss: 0.0
train MSE group_0: 0.0340
train MSE group_1: 0.0373
train MSE group_2: nan
train MSE group_3: nan
CE loss (TEST): 0.0
Experiment 37951
Epoch 0520 [Test seq (cond on sampled tp)] | Loss 185.376663 | Likelihood -186.102966 | KL fp 4.5316 | FP STD 0.1370|
KL coef: 0.9940577729122909
Train loss (one batch): 181.03578186035156
Train CE loss (one batch): 0.0
Test MSE (raw): 0.0380
Test MSE (smoothed with alpha=0.01): 0.3237
New best smoothed test MSE: 0.3237. Saving best model to experiments/experiment_37951_best.ckpt
Test MSE group_0: 0.0349
Test MSE group_1: 0.0406
Test MSE group_2: nan
Test MSE group_3: nan
Poisson likelihood: 0.0
CE loss: 0.0
train MSE group_0: 0.0354
train MSE group_1: 0.0375
train MSE group_2: nan
train MSE group_3: nan
CE loss (TEST): 0.0
Experiment 37951
Epoch 0530 [Test seq (cond on sampled tp)] | Loss 182.419067 | Likelihood -192.179581 | KL fp 4.5201 | FP STD 0.1368|
KL coef: 0.9946259563362442
Train loss (one batch): 177.5582733154297
Train CE loss (one batch): 0.0
Test MSE (raw): 0.0392
Test MSE (smoothed with alpha=0.01): 0.3209
New best smoothed test MSE: 0.3209. Saving best model to experiments/experiment_37951_best.ckpt
Test MSE group_0: 0.0340
Test MSE group_1: 0.0437
Test MSE group_2: nan
Test MSE group_3: nan
Poisson likelihood: 0.0
CE loss: 0.0
train MSE group_0: 0.0335
train MSE group_1: 0.0422
train MSE group_2: nan
train MSE group_3: nan
CE loss (TEST): 0.0
Experiment 37951
Epoch 0540 [Test seq (cond on sampled tp)] | Loss 182.835541 | Likelihood -192.563934 | KL fp 4.6616 | FP STD 0.1300|
KL coef: 0.9951398112401846
Train loss (one batch): 176.94615173339844
Train CE loss (one batch): 0.0
Test MSE (raw): 0.0393
Test MSE (smoothed with alpha=0.01): 0.3180
New best smoothed test MSE: 0.3180. Saving best model to experiments/experiment_37951_best.ckpt
Test MSE group_0: 0.0339
Test MSE group_1: 0.0442
Test MSE group_2: nan
Test MSE group_3: nan
Poisson likelihood: 0.0
CE loss: 0.0
train MSE group_0: 0.0335
train MSE group_1: 0.0433
train MSE group_2: nan
train MSE group_3: nan
CE loss (TEST): 0.0
Experiment 37951
Epoch 0550 [Test seq (cond on sampled tp)] | Loss 181.207840 | Likelihood -183.363525 | KL fp 4.6912 | FP STD 0.1246|
KL coef: 0.9956045324044637
Train loss (one batch): 173.8426055908203
Train CE loss (one batch): 0.0
Test MSE (raw): 0.0374
Test MSE (smoothed with alpha=0.01): 0.3152
New best smoothed test MSE: 0.3152. Saving best model to experiments/experiment_37951_best.ckpt
Test MSE group_0: 0.0337
Test MSE group_1: 0.0407
Test MSE group_2: nan
Test MSE group_3: nan
Poisson likelihood: 0.0
CE loss: 0.0
train MSE group_0: 0.0330
train MSE group_1: 0.0367
train MSE group_2: nan
train MSE group_3: nan
CE loss (TEST): 0.0
Experiment 37951
Epoch 0560 [Test seq (cond on sampled tp)] | Loss 179.806961 | Likelihood -178.419800 | KL fp 4.7757 | FP STD 0.1156|
KL coef: 0.9960248178953148
Train loss (one batch): 172.5878448486328
Train CE loss (one batch): 0.0
Test MSE (raw): 0.0364
Test MSE (smoothed with alpha=0.01): 0.3124
New best smoothed test MSE: 0.3124. Saving best model to experiments/experiment_37951_best.ckpt
Test MSE group_0: 0.0335
Test MSE group_1: 0.0390
Test MSE group_2: nan
Test MSE group_3: nan
Poisson likelihood: 0.0
CE loss: 0.0
train MSE group_0: 0.0331
train MSE group_1: 0.0362
train MSE group_2: nan
train MSE group_3: nan
CE loss (TEST): 0.0
Experiment 37951
Epoch 0570 [Test seq (cond on sampled tp)] | Loss 179.976257 | Likelihood -178.460876 | KL fp 4.7144 | FP STD 0.1125|
KL coef: 0.996404916559627
Train loss (one batch): 171.671630859375
Train CE loss (one batch): 0.0
Test MSE (raw): 0.0364
Test MSE (smoothed with alpha=0.01): 0.3097
New best smoothed test MSE: 0.3097. Saving best model to experiments/experiment_37951_best.ckpt
Test MSE group_0: 0.0336
Test MSE group_1: 0.0389
Test MSE group_2: nan
Test MSE group_3: nan
Poisson likelihood: 0.0
CE loss: 0.0
train MSE group_0: 0.0332
train MSE group_1: 0.0358
train MSE group_2: nan
train MSE group_3: nan
CE loss (TEST): 0.0
Experiment 37951
Epoch 0580 [Test seq (cond on sampled tp)] | Loss 179.680283 | Likelihood -177.835739 | KL fp 4.6414 | FP STD 0.1134|
KL coef: 0.9967486709783656
Train loss (one batch): 171.06936645507812
Train CE loss (one batch): 0.0
Test MSE (raw): 0.0363
Test MSE (smoothed with alpha=0.01): 0.3069
New best smoothed test MSE: 0.3069. Saving best model to experiments/experiment_37951_best.ckpt
Test MSE group_0: 0.0337
Test MSE group_1: 0.0386
Test MSE group_2: nan
Test MSE group_3: nan
Poisson likelihood: 0.0
CE loss: 0.0
train MSE group_0: 0.0329
train MSE group_1: 0.0360
train MSE group_2: nan
train MSE group_3: nan
CE loss (TEST): 0.0
Experiment 37951
Epoch 0590 [Test seq (cond on sampled tp)] | Loss 178.914337 | Likelihood -176.893295 | KL fp 4.7286 | FP STD 0.1080|
KL coef: 0.997059556312878
Train loss (one batch): 171.05831909179688
Train CE loss (one batch): 0.0
Test MSE (raw): 0.0361
Test MSE (smoothed with alpha=0.01): 0.3042
New best smoothed test MSE: 0.3042. Saving best model to experiments/experiment_37951_best.ckpt
Test MSE group_0: 0.0335
Test MSE group_1: 0.0384
Test MSE group_2: nan
Test MSE group_3: nan
Poisson likelihood: 0.0
CE loss: 0.0
train MSE group_0: 0.0328
train MSE group_1: 0.0360
train MSE group_2: nan
train MSE group_3: nan
CE loss (TEST): 0.0
Experiment 37951
Epoch 0600 [Test seq (cond on sampled tp)] | Loss 178.557770 | Likelihood -176.379288 | KL fp 4.8237 | FP STD 0.1038|
KL coef: 0.997340715436794
Train loss (one batch): 170.6065216064453
Train CE loss (one batch): 0.0
Test MSE (raw): 0.0360
Test MSE (smoothed with alpha=0.01): 0.3016
New best smoothed test MSE: 0.3016. Saving best model to experiments/experiment_37951_best.ckpt
Test MSE group_0: 0.0334
Test MSE group_1: 0.0383
Test MSE group_2: nan
Test MSE group_3: nan
Poisson likelihood: 0.0
CE loss: 0.0
train MSE group_0: 0.0327
train MSE group_1: 0.0358
train MSE group_2: nan
train MSE group_3: nan
CE loss (TEST): 0.0
Experiment 37951
Epoch 0610 [Test seq (cond on sampled tp)] | Loss 178.432693 | Likelihood -176.251892 | KL fp 4.7318 | FP STD 0.1056|
KL coef: 0.997594990708689
Train loss (one batch): 169.5947265625
Train CE loss (one batch): 0.0
Test MSE (raw): 0.0360
Test MSE (smoothed with alpha=0.01): 0.2989
New best smoothed test MSE: 0.2989. Saving best model to experiments/experiment_37951_best.ckpt
Test MSE group_0: 0.0334
Test MSE group_1: 0.0382
Test MSE group_2: nan
Test MSE group_3: nan
Poisson likelihood: 0.0
CE loss: 0.0
train MSE group_0: 0.0327
train MSE group_1: 0.0352
train MSE group_2: nan
train MSE group_3: nan
CE loss (TEST): 0.0
Experiment 37951
Epoch 0620 [Test seq (cond on sampled tp)] | Loss 178.368851 | Likelihood -176.323166 | KL fp 4.6774 | FP STD 0.1092|
KL coef: 0.9978249527067087
Train loss (one batch): 170.16371154785156
Train CE loss (one batch): 0.0
Test MSE (raw): 0.0360
Test MSE (smoothed with alpha=0.01): 0.2963
New best smoothed test MSE: 0.2963. Saving best model to experiments/experiment_37951_best.ckpt
Test MSE group_0: 0.0334
Test MSE group_1: 0.0382
Test MSE group_2: nan
Test MSE group_3: nan
Poisson likelihood: 0.0
CE loss: 0.0
train MSE group_0: 0.0327
train MSE group_1: 0.0355
train MSE group_2: nan
train MSE group_3: nan
CE loss (TEST): 0.0
Experiment 37951
Epoch 0630 [Test seq (cond on sampled tp)] | Loss 186.142075 | Likelihood -188.220367 | KL fp 4.3435 | FP STD 0.1565|
KL coef: 0.9980329262156509
Train loss (one batch): 178.5113983154297
Train CE loss (one batch): 0.0
Test MSE (raw): 0.0384
Test MSE (smoothed with alpha=0.01): 0.2937
New best smoothed test MSE: 0.2937. Saving best model to experiments/experiment_37951_best.ckpt
Test MSE group_0: 0.0347
Test MSE group_1: 0.0417
Test MSE group_2: nan
Test MSE group_3: nan
Poisson likelihood: 0.0
CE loss: 0.0
train MSE group_0: 0.0333
train MSE group_1: 0.0420
train MSE group_2: nan
train MSE group_3: nan
CE loss (TEST): 0.0
Experiment 37951
Epoch 0640 [Test seq (cond on sampled tp)] | Loss 185.800201 | Likelihood -188.076141 | KL fp 4.2658 | FP STD 0.1666|
KL coef: 0.9982210137292149
Train loss (one batch): 179.97914123535156
Train CE loss (one batch): 0.0
Test MSE (raw): 0.0384
Test MSE (smoothed with alpha=0.01): 0.2911
New best smoothed test MSE: 0.2911. Saving best model to experiments/experiment_37951_best.ckpt
Test MSE group_0: 0.0341
Test MSE group_1: 0.0421
Test MSE group_2: nan
Test MSE group_3: nan
Poisson likelihood: 0.0
CE loss: 0.0
train MSE group_0: 0.0338
train MSE group_1: 0.0420
train MSE group_2: nan
train MSE group_3: nan
CE loss (TEST): 0.0
Experiment 37951
Epoch 0650 [Test seq (cond on sampled tp)] | Loss 181.384399 | Likelihood -182.950577 | KL fp 4.5047 | FP STD 0.1542|
KL coef: 0.9983911167050152
Train loss (one batch): 173.49090576171875
Train CE loss (one batch): 0.0
Test MSE (raw): 0.0373
Test MSE (smoothed with alpha=0.01): 0.2886
New best smoothed test MSE: 0.2886. Saving best model to experiments/experiment_37951_best.ckpt
Test MSE group_0: 0.0338
Test MSE group_1: 0.0405
Test MSE group_2: nan
Test MSE group_3: nan
Poisson likelihood: 0.0
CE loss: 0.0
train MSE group_0: 0.0331
train MSE group_1: 0.0366
train MSE group_2: nan
train MSE group_3: nan
CE loss (TEST): 0.0
Experiment 37951
Epoch 0660 [Test seq (cond on sampled tp)] | Loss 180.775208 | Likelihood -179.365692 | KL fp 4.4734 | FP STD 0.1507|
KL coef: 0.9985449547872347
Train loss (one batch): 171.4871368408203
Train CE loss (one batch): 0.0
Test MSE (raw): 0.0366
Test MSE (smoothed with alpha=0.01): 0.2861
New best smoothed test MSE: 0.2861. Saving best model to experiments/experiment_37951_best.ckpt
Test MSE group_0: 0.0339
Test MSE group_1: 0.0389
Test MSE group_2: nan
Test MSE group_3: nan
Poisson likelihood: 0.0
CE loss: 0.0
train MSE group_0: 0.0336
train MSE group_1: 0.0359
train MSE group_2: nan
train MSE group_3: nan
CE loss (TEST): 0.0
Experiment 37951
Epoch 0670 [Test seq (cond on sampled tp)] | Loss 179.261536 | Likelihood -178.176865 | KL fp 4.5314 | FP STD 0.1453|
KL coef: 0.9986840831912477
Train loss (one batch): 170.16824340820312
Train CE loss (one batch): 0.0
Test MSE (raw): 0.0364
Test MSE (smoothed with alpha=0.01): 0.2836
New best smoothed test MSE: 0.2836. Saving best model to experiments/experiment_37951_best.ckpt
Test MSE group_0: 0.0336
Test MSE group_1: 0.0388
Test MSE group_2: nan
Test MSE group_3: nan
Poisson likelihood: 0.0
CE loss: 0.0
train MSE group_0: 0.0326
train MSE group_1: 0.0359
train MSE group_2: nan
train MSE group_3: nan
CE loss (TEST): 0.0
Experiment 37951
Epoch 0680 [Test seq (cond on sampled tp)] | Loss 179.070801 | Likelihood -180.092880 | KL fp 4.5400 | FP STD 0.1381|
KL coef: 0.9988099084259616
Train loss (one batch): 170.17613220214844
Train CE loss (one batch): 0.0
Test MSE (raw): 0.0368
Test MSE (smoothed with alpha=0.01): 0.2811
New best smoothed test MSE: 0.2811. Saving best model to experiments/experiment_37951_best.ckpt
Test MSE group_0: 0.0335
Test MSE group_1: 0.0396
Test MSE group_2: nan
Test MSE group_3: nan
Poisson likelihood: 0.0
CE loss: 0.0
train MSE group_0: 0.0327
train MSE group_1: 0.0356
train MSE group_2: nan
train MSE group_3: nan
CE loss (TEST): 0.0
Experiment 37951
Epoch 0690 [Test seq (cond on sampled tp)] | Loss 178.874680 | Likelihood -177.443146 | KL fp 4.4502 | FP STD 0.1379|
KL coef: 0.9989237025128207
Train loss (one batch): 169.088623046875
Train CE loss (one batch): 0.0
Test MSE (raw): 0.0362
Test MSE (smoothed with alpha=0.01): 0.2787
New best smoothed test MSE: 0.2787. Saving best model to experiments/experiment_37951_best.ckpt
Test MSE group_0: 0.0335
Test MSE group_1: 0.0386
Test MSE group_2: nan
Test MSE group_3: nan
Poisson likelihood: 0.0
CE loss: 0.0
train MSE group_0: 0.0327
train MSE group_1: 0.0353
train MSE group_2: nan
train MSE group_3: nan
CE loss (TEST): 0.0
Experiment 37951
Epoch 0700 [Test seq (cond on sampled tp)] | Loss 178.176025 | Likelihood -176.979477 | KL fp 4.4909 | FP STD 0.1290|
KL coef: 0.999026615845218
Train loss (one batch): 167.06576538085938
Train CE loss (one batch): 0.0
Test MSE (raw): 0.0361
Test MSE (smoothed with alpha=0.01): 0.2762
New best smoothed test MSE: 0.2762. Saving best model to experiments/experiment_37951_best.ckpt
Test MSE group_0: 0.0334
Test MSE group_1: 0.0385
Test MSE group_2: nan
Test MSE group_3: nan
Poisson likelihood: 0.0
CE loss: 0.0
train MSE group_0: 0.0322
train MSE group_1: 0.0349
train MSE group_2: nan
train MSE group_3: nan
CE loss (TEST): 0.0
Experiment 37951
Epoch 0710 [Test seq (cond on sampled tp)] | Loss 177.086197 | Likelihood -176.027618 | KL fp 4.6710 | FP STD 0.1176|
KL coef: 0.9991196888183176
Train loss (one batch): 167.03692626953125
Train CE loss (one batch): 0.0
Test MSE (raw): 0.0359
Test MSE (smoothed with alpha=0.01): 0.2738
New best smoothed test MSE: 0.2738. Saving best model to experiments/experiment_37951_best.ckpt
Test MSE group_0: 0.0332
Test MSE group_1: 0.0384
Test MSE group_2: nan
Test MSE group_3: nan
Poisson likelihood: 0.0
CE loss: 0.0
train MSE group_0: 0.0323
train MSE group_1: 0.0347
train MSE group_2: nan
train MSE group_3: nan
CE loss (TEST): 0.0
Experiment 37951
Epoch 0720 [Test seq (cond on sampled tp)] | Loss 178.516418 | Likelihood -176.822403 | KL fp 4.5985 | FP STD 0.1214|
KL coef: 0.9992038623468565
Train loss (one batch): 168.4012908935547
Train CE loss (one batch): 0.0
Test MSE (raw): 0.0361
Test MSE (smoothed with alpha=0.01): 0.2715
New best smoothed test MSE: 0.2715. Saving best model to experiments/experiment_37951_best.ckpt
Test MSE group_0: 0.0335
Test MSE group_1: 0.0383
Test MSE group_2: nan
Test MSE group_3: nan
Poisson likelihood: 0.0
CE loss: 0.0
train MSE group_0: 0.0324
train MSE group_1: 0.0353
train MSE group_2: nan
train MSE group_3: nan
CE loss (TEST): 0.0
Experiment 37951
Epoch 0730 [Test seq (cond on sampled tp)] | Loss 177.693344 | Likelihood -175.775467 | KL fp 4.6540 | FP STD 0.1173|
KL coef: 0.9992799873772575
Train loss (one batch): 168.3957977294922
Train CE loss (one batch): 0.0
Test MSE (raw): 0.0359
Test MSE (smoothed with alpha=0.01): 0.2691
New best smoothed test MSE: 0.2691. Saving best model to experiments/experiment_37951_best.ckpt
Test MSE group_0: 0.0331
Test MSE group_1: 0.0383
Test MSE group_2: nan
Test MSE group_3: nan
Poisson likelihood: 0.0
CE loss: 0.0
train MSE group_0: 0.0325
train MSE group_1: 0.0352
train MSE group_2: nan
train MSE group_3: nan
CE loss (TEST): 0.0
Experiment 37951
Epoch 0740 [Test seq (cond on sampled tp)] | Loss 178.712646 | Likelihood -176.961166 | KL fp 4.5475 | FP STD 0.1260|
KL coef: 0.9993488334902116
Train loss (one batch): 167.95359802246094
Train CE loss (one batch): 0.0
Test MSE (raw): 0.0361
Test MSE (smoothed with alpha=0.01): 0.2668
New best smoothed test MSE: 0.2668. Saving best model to experiments/experiment_37951_best.ckpt
Test MSE group_0: 0.0335
Test MSE group_1: 0.0384
Test MSE group_2: nan
Test MSE group_3: nan
Poisson likelihood: 0.0
CE loss: 0.0
train MSE group_0: 0.0327
train MSE group_1: 0.0351
train MSE group_2: nan
train MSE group_3: nan
CE loss (TEST): 0.0
Experiment 37951
Epoch 0750 [Test seq (cond on sampled tp)] | Loss 178.183319 | Likelihood -176.978485 | KL fp 4.4446 | FP STD 0.1301|
KL coef: 0.9994110966807014
Train loss (one batch): 167.28225708007812
Train CE loss (one batch): 0.0
Test MSE (raw): 0.0361
Test MSE (smoothed with alpha=0.01): 0.2645
New best smoothed test MSE: 0.2645. Saving best model to experiments/experiment_37951_best.ckpt
Test MSE group_0: 0.0337
Test MSE group_1: 0.0382
Test MSE group_2: nan
Test MSE group_3: nan
Poisson likelihood: 0.0
CE loss: 0.0
train MSE group_0: 0.0324
train MSE group_1: 0.0349
train MSE group_2: nan
train MSE group_3: nan
CE loss (TEST): 0.0
Experiment 37951
Epoch 0760 [Test seq (cond on sampled tp)] | Loss 177.036163 | Likelihood -175.149994 | KL fp 4.5991 | FP STD 0.1165|
KL coef: 0.9994674063941131
Train loss (one batch): 166.42054748535156
Train CE loss (one batch): 0.0
Test MSE (raw): 0.0358
Test MSE (smoothed with alpha=0.01): 0.2622
New best smoothed test MSE: 0.2622. Saving best model to experiments/experiment_37951_best.ckpt
Test MSE group_0: 0.0334
Test MSE group_1: 0.0377
Test MSE group_2: nan
Test MSE group_3: nan
Poisson likelihood: 0.0
CE loss: 0.0
train MSE group_0: 0.0323
train MSE group_1: 0.0345
train MSE group_2: nan
train MSE group_3: nan
CE loss (TEST): 0.0
Experiment 37951
Epoch 0770 [Test seq (cond on sampled tp)] | Loss 177.402344 | Likelihood -175.739899 | KL fp 4.6221 | FP STD 0.1125|
KL coef: 0.9995183318895716
Train loss (one batch): 166.9254150390625
Train CE loss (one batch): 0.0
Test MSE (raw): 0.0359
Test MSE (smoothed with alpha=0.01): 0.2599
New best smoothed test MSE: 0.2599. Saving best model to experiments/experiment_37951_best.ckpt
Test MSE group_0: 0.0336
Test MSE group_1: 0.0378
Test MSE group_2: nan
Test MSE group_3: nan
Poisson likelihood: 0.0
CE loss: 0.0
train MSE group_0: 0.0326
train MSE group_1: 0.0344
train MSE group_2: nan
train MSE group_3: nan
CE loss (TEST): 0.0
Experiment 37951
Epoch 0780 [Test seq (cond on sampled tp)] | Loss 177.006226 | Likelihood -175.481888 | KL fp 4.6186 | FP STD 0.1253|
KL coef: 0.9995643879948252
Train loss (one batch): 169.9679718017578
Train CE loss (one batch): 0.0
Test MSE (raw): 0.0358
Test MSE (smoothed with alpha=0.01): 0.2577
New best smoothed test MSE: 0.2577. Saving best model to experiments/experiment_37951_best.ckpt
Test MSE group_0: 0.0337
Test MSE group_1: 0.0377
Test MSE group_2: nan
Test MSE group_3: nan
Poisson likelihood: 0.0
CE loss: 0.0
train MSE group_0: 0.0333
train MSE group_1: 0.0350
train MSE group_2: nan
train MSE group_3: nan
CE loss (TEST): 0.0
Experiment 37951
Epoch 0790 [Test seq (cond on sampled tp)] | Loss 177.371826 | Likelihood -175.348785 | KL fp 4.7344 | FP STD 0.1242|
KL coef: 0.9996060403108612
Train loss (one batch): 167.71168518066406
Train CE loss (one batch): 0.0
Test MSE (raw): 0.0358
Test MSE (smoothed with alpha=0.01): 0.2555
New best smoothed test MSE: 0.2555. Saving best model to experiments/experiment_37951_best.ckpt
Test MSE group_0: 0.0335
Test MSE group_1: 0.0378
Test MSE group_2: nan
Test MSE group_3: nan
Poisson likelihood: 0.0
CE loss: 0.0
train MSE group_0: 0.0325
train MSE group_1: 0.0348
train MSE group_2: nan
train MSE group_3: nan
CE loss (TEST): 0.0
Experiment 37951
Epoch 0800 [Test seq (cond on sampled tp)] | Loss 176.724854 | Likelihood -174.675430 | KL fp 4.6978 | FP STD 0.1240|
KL coef: 0.9996437099188669
Train loss (one batch): 166.1806640625
Train CE loss (one batch): 0.0
Test MSE (raw): 0.0357
Test MSE (smoothed with alpha=0.01): 0.2533
New best smoothed test MSE: 0.2533. Saving best model to experiments/experiment_37951_best.ckpt
Test MSE group_0: 0.0332
Test MSE group_1: 0.0378
Test MSE group_2: nan
Test MSE group_3: nan
Poisson likelihood: 0.0
CE loss: 0.0
train MSE group_0: 0.0323
train MSE group_1: 0.0345
train MSE group_2: nan
train MSE group_3: nan
CE loss (TEST): 0.0
Experiment 37951
Epoch 0810 [Test seq (cond on sampled tp)] | Loss 176.430679 | Likelihood -174.576172 | KL fp 4.6412 | FP STD 0.1215|
KL coef: 0.9996777776371197
Train loss (one batch): 165.28009033203125
Train CE loss (one batch): 0.0
Test MSE (raw): 0.0357
Test MSE (smoothed with alpha=0.01): 0.2511
New best smoothed test MSE: 0.2511. Saving best model to experiments/experiment_37951_best.ckpt
Test MSE group_0: 0.0333
Test MSE group_1: 0.0377
Test MSE group_2: nan
Test MSE group_3: nan
Poisson likelihood: 0.0
CE loss: 0.0
train MSE group_0: 0.0322
train MSE group_1: 0.0341
train MSE group_2: nan
train MSE group_3: nan
CE loss (TEST): 0.0
Experiment 37951
Epoch 0820 [Test seq (cond on sampled tp)] | Loss 175.952087 | Likelihood -174.027695 | KL fp 4.6351 | FP STD 0.1202|
KL coef: 0.9997085878708442
Train loss (one batch): 165.22390747070312
Train CE loss (one batch): 0.0
Test MSE (raw): 0.0355
Test MSE (smoothed with alpha=0.01): 0.2489
New best smoothed test MSE: 0.2489. Saving best model to experiments/experiment_37951_best.ckpt
Test MSE group_0: 0.0331
Test MSE group_1: 0.0376
Test MSE group_2: nan
Test MSE group_3: nan
Poisson likelihood: 0.0
CE loss: 0.0
train MSE group_0: 0.0322
train MSE group_1: 0.0340
train MSE group_2: nan
train MSE group_3: nan
CE loss (TEST): 0.0
Experiment 37951
Epoch 0830 [Test seq (cond on sampled tp)] | Loss 177.399536 | Likelihood -176.793961 | KL fp 4.5295 | FP STD 0.1275|
KL coef: 0.9997364520939512
Train loss (one batch): 165.286865234375
Train CE loss (one batch): 0.0
Test MSE (raw): 0.0361
Test MSE (smoothed with alpha=0.01): 0.2468
New best smoothed test MSE: 0.2468. Saving best model to experiments/experiment_37951_best.ckpt
Test MSE group_0: 0.0333
Test MSE group_1: 0.0386
Test MSE group_2: nan
Test MSE group_3: nan
Poisson likelihood: 0.0
CE loss: 0.0
train MSE group_0: 0.0323
train MSE group_1: 0.0347
train MSE group_2: nan
train MSE group_3: nan
CE loss (TEST): 0.0
Experiment 37951
Epoch 0840 [Test seq (cond on sampled tp)] | Loss 176.093933 | Likelihood -174.448349 | KL fp 4.5359 | FP STD 0.1216|
KL coef: 0.9997616519978635
Train loss (one batch): 166.400390625
Train CE loss (one batch): 0.0
Test MSE (raw): 0.0356
Test MSE (smoothed with alpha=0.01): 0.2447
New best smoothed test MSE: 0.2447. Saving best model to experiments/experiment_37951_best.ckpt
Test MSE group_0: 0.0332
Test MSE group_1: 0.0377
Test MSE group_2: nan
Test MSE group_3: nan
Poisson likelihood: 0.0
CE loss: 0.0
train MSE group_0: 0.0325
train MSE group_1: 0.0346
train MSE group_2: nan
train MSE group_3: nan
CE loss (TEST): 0.0
Experiment 37951
Epoch 0850 [Test seq (cond on sampled tp)] | Loss 175.543106 | Likelihood -173.801117 | KL fp 4.5706 | FP STD 0.1182|
KL coef: 0.9997844423392536
Train loss (one batch): 164.793212890625
Train CE loss (one batch): 0.0
Test MSE (raw): 0.0355
Test MSE (smoothed with alpha=0.01): 0.2426
New best smoothed test MSE: 0.2426. Saving best model to experiments/experiment_37951_best.ckpt
Test MSE group_0: 0.0332
Test MSE group_1: 0.0375
Test MSE group_2: nan
Test MSE group_3: nan
Poisson likelihood: 0.0
CE loss: 0.0
train MSE group_0: 0.0321
train MSE group_1: 0.0341
train MSE group_2: nan
train MSE group_3: nan
CE loss (TEST): 0.0
Experiment 37951
Epoch 0860 [Test seq (cond on sampled tp)] | Loss 176.006531 | Likelihood -174.632446 | KL fp 4.5420 | FP STD 0.1236|
KL coef: 0.9998050535154901
Train loss (one batch): 164.38577270507812
Train CE loss (one batch): 0.0
Test MSE (raw): 0.0357
Test MSE (smoothed with alpha=0.01): 0.2405
New best smoothed test MSE: 0.2405. Saving best model to experiments/experiment_37951_best.ckpt
Test MSE group_0: 0.0331
Test MSE group_1: 0.0379
Test MSE group_2: nan
Test MSE group_3: nan
Poisson likelihood: 0.0
CE loss: 0.0
train MSE group_0: 0.0320
train MSE group_1: 0.0343
train MSE group_2: nan
train MSE group_3: nan
CE loss (TEST): 0.0
Experiment 37951
Epoch 0870 [Test seq (cond on sampled tp)] | Loss 174.923401 | Likelihood -173.201935 | KL fp 4.5870 | FP STD 0.1145|
KL coef: 0.9998236938938232
Train loss (one batch): 164.97412109375
Train CE loss (one batch): 0.0
Test MSE (raw): 0.0354
Test MSE (smoothed with alpha=0.01): 0.2385
New best smoothed test MSE: 0.2385. Saving best model to experiments/experiment_37951_best.ckpt
Test MSE group_0: 0.0329
Test MSE group_1: 0.0375
Test MSE group_2: nan
Test MSE group_3: nan
Poisson likelihood: 0.0
CE loss: 0.0
train MSE group_0: 0.0320
train MSE group_1: 0.0343
train MSE group_2: nan
train MSE group_3: nan
CE loss (TEST): 0.0
Experiment 37951
Epoch 0880 [Test seq (cond on sampled tp)] | Loss 174.367432 | Likelihood -172.465881 | KL fp 4.7222 | FP STD 0.1037|
KL coef: 0.9998405519178591
Train loss (one batch): 163.0393524169922
Train CE loss (one batch): 0.0
Test MSE (raw): 0.0352
Test MSE (smoothed with alpha=0.01): 0.2364
New best smoothed test MSE: 0.2364. Saving best model to experiments/experiment_37951_best.ckpt
Test MSE group_0: 0.0329
Test MSE group_1: 0.0372
Test MSE group_2: nan
Test MSE group_3: nan
Poisson likelihood: 0.0
CE loss: 0.0
train MSE group_0: 0.0317
train MSE group_1: 0.0337
train MSE group_2: nan
train MSE group_3: nan
CE loss (TEST): 0.0
Experiment 37951
Epoch 0890 [Test seq (cond on sampled tp)] | Loss 176.349213 | Likelihood -175.224136 | KL fp 4.6090 | FP STD 0.1173|
KL coef: 0.9998557980126173
Train loss (one batch): 165.4294891357422
Train CE loss (one batch): 0.0
Test MSE (raw): 0.0358
Test MSE (smoothed with alpha=0.01): 0.2344
New best smoothed test MSE: 0.2344. Saving best model to experiments/experiment_37951_best.ckpt
Test MSE group_0: 0.0328
Test MSE group_1: 0.0384
Test MSE group_2: nan
Test MSE group_3: nan
Poisson likelihood: 0.0
CE loss: 0.0
train MSE group_0: 0.0319
train MSE group_1: 0.0345
train MSE group_2: nan
train MSE group_3: nan
CE loss (TEST): 0.0
Experiment 37951
Epoch 0900 [Test seq (cond on sampled tp)] | Loss 177.117767 | Likelihood -175.395660 | KL fp 4.6159 | FP STD 0.1132|
KL coef: 0.9998695863074304
Train loss (one batch): 164.43601989746094
Train CE loss (one batch): 0.0
Test MSE (raw): 0.0358
Test MSE (smoothed with alpha=0.01): 0.2325
New best smoothed test MSE: 0.2325. Saving best model to experiments/experiment_37951_best.ckpt
Test MSE group_0: 0.0331
Test MSE group_1: 0.0381
Test MSE group_2: nan
Test MSE group_3: nan
Poisson likelihood: 0.0
CE loss: 0.0
train MSE group_0: 0.0318
train MSE group_1: 0.0343
train MSE group_2: nan
train MSE group_3: nan
CE loss (TEST): 0.0
Experiment 37951
Epoch 0910 [Test seq (cond on sampled tp)] | Loss 174.543121 | Likelihood -172.578125 | KL fp 4.6083 | FP STD 0.1134|
KL coef: 0.9998820561941043
Train loss (one batch): 162.5904083251953
Train CE loss (one batch): 0.0
Test MSE (raw): 0.0353
Test MSE (smoothed with alpha=0.01): 0.2305
New best smoothed test MSE: 0.2305. Saving best model to experiments/experiment_37951_best.ckpt
Test MSE group_0: 0.0330
Test MSE group_1: 0.0372
Test MSE group_2: nan
Test MSE group_3: nan
Poisson likelihood: 0.0
CE loss: 0.0
train MSE group_0: 0.0316
train MSE group_1: 0.0337
train MSE group_2: nan
train MSE group_3: nan
CE loss (TEST): 0.0
Experiment 37951
Epoch 0920 [Test seq (cond on sampled tp)] | Loss 175.770264 | Likelihood -174.168152 | KL fp 4.5683 | FP STD 0.1186|
KL coef: 0.9998933337360897
Train loss (one batch): 161.63568115234375
Train CE loss (one batch): 0.0
Test MSE (raw): 0.0356
Test MSE (smoothed with alpha=0.01): 0.2285
New best smoothed test MSE: 0.2285. Saving best model to experiments/experiment_37951_best.ckpt
Test MSE group_0: 0.0333
Test MSE group_1: 0.0375
Test MSE group_2: nan
Test MSE group_3: nan
Poisson likelihood: 0.0
CE loss: 0.0
train MSE group_0: 0.0318
train MSE group_1: 0.0332
train MSE group_2: nan
train MSE group_3: nan
CE loss (TEST): 0.0
Experiment 37951
Epoch 0930 [Test seq (cond on sampled tp)] | Loss 175.114243 | Likelihood -173.477814 | KL fp 4.5436 | FP STD 0.1202|
KL coef: 0.9999035329429113
Train loss (one batch): 162.95281982421875
Train CE loss (one batch): 0.0
Test MSE (raw): 0.0354
Test MSE (smoothed with alpha=0.01): 0.2266
New best smoothed test MSE: 0.2266. Saving best model to experiments/experiment_37951_best.ckpt
Test MSE group_0: 0.0333
Test MSE group_1: 0.0372
Test MSE group_2: nan
Test MSE group_3: nan
Poisson likelihood: 0.0
CE loss: 0.0
train MSE group_0: 0.0323
train MSE group_1: 0.0331
train MSE group_2: nan
train MSE group_3: nan
CE loss (TEST): 0.0
Experiment 37951
Epoch 0940 [Test seq (cond on sampled tp)] | Loss 173.849030 | Likelihood -171.830170 | KL fp 4.6151 | FP STD 0.1106|
KL coef: 0.9999127569227402
Train loss (one batch): 162.21726989746094
Train CE loss (one batch): 0.0
Test MSE (raw): 0.0351
Test MSE (smoothed with alpha=0.01): 0.2247
New best smoothed test MSE: 0.2247. Saving best model to experiments/experiment_37951_best.ckpt
Test MSE group_0: 0.0328
Test MSE group_1: 0.0371
Test MSE group_2: nan
Test MSE group_3: nan
Poisson likelihood: 0.0
CE loss: 0.0
train MSE group_0: 0.0316
train MSE group_1: 0.0335
train MSE group_2: nan
train MSE group_3: nan
CE loss (TEST): 0.0
Experiment 37951
Epoch 0950 [Test seq (cond on sampled tp)] | Loss 173.086609 | Likelihood -171.306900 | KL fp 4.6025 | FP STD 0.1084|
KL coef: 0.9999210989247576
Train loss (one batch): 160.10952758789062
Train CE loss (one batch): 0.0
Test MSE (raw): 0.0350
Test MSE (smoothed with alpha=0.01): 0.2228
New best smoothed test MSE: 0.2228. Saving best model to experiments/experiment_37951_best.ckpt
Test MSE group_0: 0.0326
Test MSE group_1: 0.0371
Test MSE group_2: nan
Test MSE group_3: nan
Poisson likelihood: 0.0
CE loss: 0.0
train MSE group_0: 0.0313
train MSE group_1: 0.0331
train MSE group_2: nan
train MSE group_3: nan
CE loss (TEST): 0.0
Experiment 37951
Epoch 0960 [Test seq (cond on sampled tp)] | Loss 172.661514 | Likelihood -170.971237 | KL fp 4.6137 | FP STD 0.1066|
KL coef: 0.9999286432818518
Train loss (one batch): 160.09176635742188
Train CE loss (one batch): 0.0
Test MSE (raw): 0.0349
Test MSE (smoothed with alpha=0.01): 0.2209
New best smoothed test MSE: 0.2209. Saving best model to experiments/experiment_37951_best.ckpt
Test MSE group_0: 0.0325
Test MSE group_1: 0.0370
Test MSE group_2: nan
Test MSE group_3: nan
Poisson likelihood: 0.0
CE loss: 0.0
train MSE group_0: 0.0312
train MSE group_1: 0.0333
train MSE group_2: nan
train MSE group_3: nan
CE loss (TEST): 0.0
Experiment 37951
Epoch 0970 [Test seq (cond on sampled tp)] | Loss 173.360672 | Likelihood -171.395203 | KL fp 4.6881 | FP STD 0.1015|
KL coef: 0.9999354662631753
Train loss (one batch): 161.96011352539062
Train CE loss (one batch): 0.0
Test MSE (raw): 0.0350
Test MSE (smoothed with alpha=0.01): 0.2191
New best smoothed test MSE: 0.2191. Saving best model to experiments/experiment_37951_best.ckpt
Test MSE group_0: 0.0327
Test MSE group_1: 0.0370
Test MSE group_2: nan
Test MSE group_3: nan
Poisson likelihood: 0.0
CE loss: 0.0
train MSE group_0: 0.0315
train MSE group_1: 0.0335
train MSE group_2: nan
train MSE group_3: nan
CE loss (TEST): 0.0
Experiment 37951
Epoch 0980 [Test seq (cond on sampled tp)] | Loss 198.186066 | Likelihood -202.404327 | KL fp 4.2874 | FP STD 0.1608|
KL coef: 0.9999416368451824
Train loss (one batch): 184.15557861328125
Train CE loss (one batch): 0.0
Test MSE (raw): 0.0412
Test MSE (smoothed with alpha=0.01): 0.2173
New best smoothed test MSE: 0.2173. Saving best model to experiments/experiment_37951_best.ckpt
Test MSE group_0: 0.0378
Test MSE group_1: 0.0443
Test MSE group_2: nan
Test MSE group_3: nan
Poisson likelihood: 0.0
CE loss: 0.0
train MSE group_0: 0.0360
train MSE group_1: 0.0395
train MSE group_2: nan
train MSE group_3: nan
CE loss (TEST): 0.0
Experiment 37951
Epoch 0990 [Test seq (cond on sampled tp)] | Loss 206.190063 | Likelihood -211.292023 | KL fp 4.3113 | FP STD 0.1689|
KL coef: 0.9999472174089421
Train loss (one batch): 197.4979248046875
Train CE loss (one batch): 0.0
Test MSE (raw): 0.0430
Test MSE (smoothed with alpha=0.01): 0.2155
New best smoothed test MSE: 0.2155. Saving best model to experiments/experiment_37951_best.ckpt
Test MSE group_0: 0.0379
Test MSE group_1: 0.0476
Test MSE group_2: nan
Test MSE group_3: nan
Poisson likelihood: 0.0
CE loss: 0.0
train MSE group_0: 0.0372
train MSE group_1: 0.0446
train MSE group_2: nan
train MSE group_3: nan
CE loss (TEST): 0.0
Experiment 37951
Epoch 1000 [Test seq (cond on sampled tp)] | Loss 190.116425 | Likelihood -191.147171 | KL fp 4.6091 | FP STD 0.1350|
KL coef: 0.9999522643707747
Train loss (one batch): 176.79689025878906
Train CE loss (one batch): 0.0
Test MSE (raw): 0.0390
Test MSE (smoothed with alpha=0.01): 0.2138
New best smoothed test MSE: 0.2138. Saving best model to experiments/experiment_37951_best.ckpt
Test MSE group_0: 0.0341
Test MSE group_1: 0.0433
Test MSE group_2: nan
Test MSE group_3: nan
Poisson likelihood: 0.0
CE loss: 0.0
train MSE group_0: 0.0330
train MSE group_1: 0.0404
train MSE group_2: nan
train MSE group_3: nan
CE loss (TEST): 0.0
Experiment 37951
Epoch 1010 [Test seq (cond on sampled tp)] | Loss 183.005066 | Likelihood -182.860840 | KL fp 4.7438 | FP STD 0.1167|
KL coef: 0.9999568287525893
Train loss (one batch): 172.2216796875
Train CE loss (one batch): 0.0
Test MSE (raw): 0.0373
Test MSE (smoothed with alpha=0.01): 0.2120
New best smoothed test MSE: 0.2120. Saving best model to experiments/experiment_37951_best.ckpt
Test MSE group_0: 0.0334
Test MSE group_1: 0.0408
Test MSE group_2: nan
Test MSE group_3: nan
Poisson likelihood: 0.0
CE loss: 0.0
train MSE group_0: 0.0321
train MSE group_1: 0.0379
train MSE group_2: nan
train MSE group_3: nan
CE loss (TEST): 0.0
Experiment 37951
Epoch 1020 [Test seq (cond on sampled tp)] | Loss 177.559860 | Likelihood -176.151398 | KL fp 4.7209 | FP STD 0.1069|
KL coef: 0.999960956697686
Train loss (one batch): 167.1692657470703
Train CE loss (one batch): 0.0
Test MSE (raw): 0.0360
Test MSE (smoothed with alpha=0.01): 0.2102
New best smoothed test MSE: 0.2102. Saving best model to experiments/experiment_37951_best.ckpt
Test MSE group_0: 0.0327
Test MSE group_1: 0.0388
Test MSE group_2: nan
Test MSE group_3: nan
Poisson likelihood: 0.0
CE loss: 0.0
train MSE group_0: 0.0314
train MSE group_1: 0.0359
train MSE group_2: nan
train MSE group_3: nan
CE loss (TEST): 0.0
Experiment 37951
Epoch 1030 [Test seq (cond on sampled tp)] | Loss 175.202835 | Likelihood -173.569824 | KL fp 4.7750 | FP STD 0.0996|
KL coef: 0.9999646899372381
Train loss (one batch): 162.87525939941406
Train CE loss (one batch): 0.0
Test MSE (raw): 0.0355
Test MSE (smoothed with alpha=0.01): 0.2085
New best smoothed test MSE: 0.2085. Saving best model to experiments/experiment_37951_best.ckpt
Test MSE group_0: 0.0328
Test MSE group_1: 0.0378
Test MSE group_2: nan
Test MSE group_3: nan
Poisson likelihood: 0.0
CE loss: 0.0
train MSE group_0: 0.0313
train MSE group_1: 0.0341
train MSE group_2: nan
train MSE group_3: nan
CE loss (TEST): 0.0
Experiment 37951
Epoch 1040 [Test seq (cond on sampled tp)] | Loss 173.755035 | Likelihood -171.845856 | KL fp 4.7948 | FP STD 0.0965|
KL coef: 0.9999680662121707
Train loss (one batch): 162.15884399414062
Train CE loss (one batch): 0.0
Test MSE (raw): 0.0351
Test MSE (smoothed with alpha=0.01): 0.2068
New best smoothed test MSE: 0.2068. Saving best model to experiments/experiment_37951_best.ckpt
Test MSE group_0: 0.0326
Test MSE group_1: 0.0372
Test MSE group_2: nan
Test MSE group_3: nan
Poisson likelihood: 0.0
CE loss: 0.0
train MSE group_0: 0.0315
train MSE group_1: 0.0335
train MSE group_2: nan
train MSE group_3: nan
CE loss (TEST): 0.0
Experiment 37951
Epoch 1050 [Test seq (cond on sampled tp)] | Loss 173.132233 | Likelihood -171.135010 | KL fp 4.8040 | FP STD 0.0955|
KL coef: 0.9999711196547001
Train loss (one batch): 160.36709594726562
Train CE loss (one batch): 0.0
Test MSE (raw): 0.0350
Test MSE (smoothed with alpha=0.01): 0.2050
New best smoothed test MSE: 0.2050. Saving best model to experiments/experiment_37951_best.ckpt
Test MSE group_0: 0.0326
Test MSE group_1: 0.0370
Test MSE group_2: nan
Test MSE group_3: nan
Poisson likelihood: 0.0
CE loss: 0.0
train MSE group_0: 0.0312
train MSE group_1: 0.0332
train MSE group_2: nan
train MSE group_3: nan
CE loss (TEST): 0.0
Experiment 37951
Epoch 1060 [Test seq (cond on sampled tp)] | Loss 172.289749 | Likelihood -170.482819 | KL fp 4.8157 | FP STD 0.0946|
KL coef: 0.9999738811333907
Train loss (one batch): 159.34423828125
Train CE loss (one batch): 0.0
Test MSE (raw): 0.0348
Test MSE (smoothed with alpha=0.01): 0.2033
New best smoothed test MSE: 0.2033. Saving best model to experiments/experiment_37951_best.ckpt
Test MSE group_0: 0.0325
Test MSE group_1: 0.0368
Test MSE group_2: nan
Test MSE group_3: nan
Poisson likelihood: 0.0
CE loss: 0.0
train MSE group_0: 0.0309
train MSE group_1: 0.0329
train MSE group_2: nan
train MSE group_3: nan
CE loss (TEST): 0.0
Experiment 37951
Epoch 1070 [Test seq (cond on sampled tp)] | Loss 172.248138 | Likelihood -170.093094 | KL fp 4.8430 | FP STD 0.0938|
KL coef: 0.9999763785652189
Train loss (one batch): 158.95933532714844
Train CE loss (one batch): 0.0
Test MSE (raw): 0.0348
Test MSE (smoothed with alpha=0.01): 0.2017
New best smoothed test MSE: 0.2017. Saving best model to experiments/experiment_37951_best.ckpt
Test MSE group_0: 0.0324
Test MSE group_1: 0.0368
Test MSE group_2: nan
Test MSE group_3: nan
Poisson likelihood: 0.0
CE loss: 0.0
train MSE group_0: 0.0309
train MSE group_1: 0.0328
train MSE group_2: nan
train MSE group_3: nan
CE loss (TEST): 0.0
Experiment 37951
Epoch 1080 [Test seq (cond on sampled tp)] | Loss 171.763519 | Likelihood -169.635193 | KL fp 4.8337 | FP STD 0.0939|
KL coef: 0.999978637197798
Train loss (one batch): 159.6602783203125
Train CE loss (one batch): 0.0
Test MSE (raw): 0.0347
Test MSE (smoothed with alpha=0.01): 0.2000
New best smoothed test MSE: 0.2000. Saving best model to experiments/experiment_37951_best.ckpt
Test MSE group_0: 0.0324
Test MSE group_1: 0.0366
Test MSE group_2: nan
Test MSE group_3: nan
Poisson likelihood: 0.0
CE loss: 0.0
train MSE group_0: 0.0310
train MSE group_1: 0.0330
train MSE group_2: nan
train MSE group_3: nan
CE loss (TEST): 0.0
Experiment 37951
Epoch 1090 [Test seq (cond on sampled tp)] | Loss 171.591461 | Likelihood -169.885025 | KL fp 4.8520 | FP STD 0.0926|
KL coef: 0.9999806798646166
Train loss (one batch): 157.0607452392578
Train CE loss (one batch): 0.0
Test MSE (raw): 0.0347
Test MSE (smoothed with alpha=0.01): 0.1983
New best smoothed test MSE: 0.1983. Saving best model to experiments/experiment_37951_best.ckpt
Test MSE group_0: 0.0323
Test MSE group_1: 0.0368
Test MSE group_2: nan
Test MSE group_3: nan
Poisson likelihood: 0.0
CE loss: 0.0
train MSE group_0: 0.0304
train MSE group_1: 0.0325
train MSE group_2: nan
train MSE group_3: nan
CE loss (TEST): 0.0
Experiment 37951
Epoch 1100 [Test seq (cond on sampled tp)] | Loss 171.023651 | Likelihood -168.812286 | KL fp 4.8580 | FP STD 0.0942|
KL coef: 0.9999825272158726
Train loss (one batch): 157.255126953125
Train CE loss (one batch): 0.0
Test MSE (raw): 0.0345
Test MSE (smoothed with alpha=0.01): 0.1967
New best smoothed test MSE: 0.1967. Saving best model to experiments/experiment_37951_best.ckpt
Test MSE group_0: 0.0322
Test MSE group_1: 0.0365
Test MSE group_2: nan
Test MSE group_3: nan
Poisson likelihood: 0.0
CE loss: 0.0
train MSE group_0: 0.0307
train MSE group_1: 0.0324
train MSE group_2: nan
train MSE group_3: nan
CE loss (TEST): 0.0
Experiment 37951
Epoch 1110 [Test seq (cond on sampled tp)] | Loss 170.835205 | Likelihood -168.533829 | KL fp 4.8735 | FP STD 0.0953|
KL coef: 0.9999841979272346
Train loss (one batch): 157.5691680908203
Train CE loss (one batch): 0.0
Test MSE (raw): 0.0344
Test MSE (smoothed with alpha=0.01): 0.1951
New best smoothed test MSE: 0.1951. Saving best model to experiments/experiment_37951_best.ckpt
Test MSE group_0: 0.0322
Test MSE group_1: 0.0363
Test MSE group_2: nan
Test MSE group_3: nan
Poisson likelihood: 0.0
CE loss: 0.0
train MSE group_0: 0.0306
train MSE group_1: 0.0325
train MSE group_2: nan
train MSE group_3: nan
CE loss (TEST): 0.0
Experiment 37951
Epoch 1120 [Test seq (cond on sampled tp)] | Loss 170.870148 | Likelihood -168.614487 | KL fp 4.8830 | FP STD 0.0935|
KL coef: 0.999985708888643
Train loss (one batch): 156.88136291503906
Train CE loss (one batch): 0.0
Test MSE (raw): 0.0345
Test MSE (smoothed with alpha=0.01): 0.1935
New best smoothed test MSE: 0.1935. Saving best model to experiments/experiment_37951_best.ckpt
Test MSE group_0: 0.0321
Test MSE group_1: 0.0364
Test MSE group_2: nan
Test MSE group_3: nan
Poisson likelihood: 0.0
CE loss: 0.0
train MSE group_0: 0.0306
train MSE group_1: 0.0323
train MSE group_2: nan
train MSE group_3: nan
CE loss (TEST): 0.0
Experiment 37951
Epoch 1130 [Test seq (cond on sampled tp)] | Loss 170.379364 | Likelihood -168.092361 | KL fp 4.8754 | FP STD 0.0941|
KL coef: 0.9999870753750567
Train loss (one batch): 157.13992309570312
Train CE loss (one batch): 0.0
Test MSE (raw): 0.0344
Test MSE (smoothed with alpha=0.01): 0.1919
New best smoothed test MSE: 0.1919. Saving best model to experiments/experiment_37951_best.ckpt
Test MSE group_0: 0.0322
Test MSE group_1: 0.0362
Test MSE group_2: nan
Test MSE group_3: nan
Poisson likelihood: 0.0
CE loss: 0.0
train MSE group_0: 0.0307
train MSE group_1: 0.0323
train MSE group_2: nan
train MSE group_3: nan
CE loss (TEST): 0.0
Experiment 37951
Epoch 1140 [Test seq (cond on sampled tp)] | Loss 170.410645 | Likelihood -168.044769 | KL fp 4.9056 | FP STD 0.0926|
KL coef: 0.9999883112008752
Train loss (one batch): 157.02261352539062
Train CE loss (one batch): 0.0
Test MSE (raw): 0.0343
Test MSE (smoothed with alpha=0.01): 0.1903
New best smoothed test MSE: 0.1903. Saving best model to experiments/experiment_37951_best.ckpt
Test MSE group_0: 0.0322
Test MSE group_1: 0.0362
Test MSE group_2: nan
Test MSE group_3: nan
Poisson likelihood: 0.0
CE loss: 0.0
train MSE group_0: 0.0306
train MSE group_1: 0.0322
train MSE group_2: nan
train MSE group_3: nan
CE loss (TEST): 0.0
Experiment 37951
Epoch 1150 [Test seq (cond on sampled tp)] | Loss 170.399719 | Likelihood -168.139832 | KL fp 4.8694 | FP STD 0.0935|
KL coef: 0.9999894288595931
Train loss (one batch): 156.63763427734375
Train CE loss (one batch): 0.0
Test MSE (raw): 0.0344
Test MSE (smoothed with alpha=0.01): 0.1887
New best smoothed test MSE: 0.1887. Saving best model to experiments/experiment_37951_best.ckpt
Test MSE group_0: 0.0321
Test MSE group_1: 0.0363
Test MSE group_2: nan
Test MSE group_3: nan
Poisson likelihood: 0.0
CE loss: 0.0
train MSE group_0: 0.0305
train MSE group_1: 0.0323
train MSE group_2: nan
train MSE group_3: nan
CE loss (TEST): 0.0
Experiment 37951
Epoch 1160 [Test seq (cond on sampled tp)] | Loss 170.048920 | Likelihood -167.821609 | KL fp 4.8583 | FP STD 0.0937|
KL coef: 0.9999904396501036
Train loss (one batch): 155.6072540283203
Train CE loss (one batch): 0.0
Test MSE (raw): 0.0343
Test MSE (smoothed with alpha=0.01): 0.1872
New best smoothed test MSE: 0.1872. Saving best model to experiments/experiment_37951_best.ckpt
Test MSE group_0: 0.0321
Test MSE group_1: 0.0361
Test MSE group_2: nan
Test MSE group_3: nan
Poisson likelihood: 0.0
CE loss: 0.0
train MSE group_0: 0.0303
train MSE group_1: 0.0322
train MSE group_2: nan
train MSE group_3: nan
CE loss (TEST): 0.0
Experiment 37951
Epoch 1170 [Test seq (cond on sampled tp)] | Loss 170.222382 | Likelihood -167.975357 | KL fp 4.8620 | FP STD 0.0945|
KL coef: 0.9999913537909229
Train loss (one batch): 155.94656372070312
Train CE loss (one batch): 0.0
Test MSE (raw): 0.0343
Test MSE (smoothed with alpha=0.01): 0.1857
New best smoothed test MSE: 0.1857. Saving best model to experiments/experiment_37951_best.ckpt
Test MSE group_0: 0.0321
Test MSE group_1: 0.0362
Test MSE group_2: nan
Test MSE group_3: nan
Poisson likelihood: 0.0
CE loss: 0.0
train MSE group_0: 0.0303
train MSE group_1: 0.0322
train MSE group_2: nan
train MSE group_3: nan
CE loss (TEST): 0.0
Experiment 37951
Epoch 1180 [Test seq (cond on sampled tp)] | Loss 170.159607 | Likelihood -167.817520 | KL fp 4.8931 | FP STD 0.0931|
KL coef: 0.9999921805234938
Train loss (one batch): 156.41717529296875
Train CE loss (one batch): 0.0
Test MSE (raw): 0.0343
Test MSE (smoothed with alpha=0.01): 0.1841
New best smoothed test MSE: 0.1841. Saving best model to experiments/experiment_37951_best.ckpt
Test MSE group_0: 0.0321
Test MSE group_1: 0.0362
Test MSE group_2: nan
Test MSE group_3: nan
Poisson likelihood: 0.0
CE loss: 0.0
train MSE group_0: 0.0305
train MSE group_1: 0.0321
train MSE group_2: nan
train MSE group_3: nan
CE loss (TEST): 0.0
Experiment 37951
Epoch 1190 [Test seq (cond on sampled tp)] | Loss 174.780563 | Likelihood -173.920013 | KL fp 4.6511 | FP STD 0.1182|
KL coef: 0.9999929282056119
Train loss (one batch): 162.22508239746094
Train CE loss (one batch): 0.0
Test MSE (raw): 0.0355
Test MSE (smoothed with alpha=0.01): 0.1827
New best smoothed test MSE: 0.1827. Saving best model to experiments/experiment_37951_best.ckpt
Test MSE group_0: 0.0328
Test MSE group_1: 0.0378
Test MSE group_2: nan
Test MSE group_3: nan
Poisson likelihood: 0.0
CE loss: 0.0
train MSE group_0: 0.0308
train MSE group_1: 0.0346
train MSE group_2: nan
train MSE group_3: nan
CE loss (TEST): 0.0
Experiment 37951
Epoch 1200 [Test seq (cond on sampled tp)] | Loss 176.621567 | Likelihood -175.921844 | KL fp 4.6096 | FP STD 0.1288|
KL coef: 0.9999936043959172
Train loss (one batch): 165.28817749023438
Train CE loss (one batch): 0.0
Test MSE (raw): 0.0359
Test MSE (smoothed with alpha=0.01): 0.1812
New best smoothed test MSE: 0.1812. Saving best model to experiments/experiment_37951_best.ckpt
Test MSE group_0: 0.0330
Test MSE group_1: 0.0384
Test MSE group_2: nan
Test MSE group_3: nan
Poisson likelihood: 0.0
CE loss: 0.0
train MSE group_0: 0.0313
train MSE group_1: 0.0353
train MSE group_2: nan
train MSE group_3: nan
CE loss (TEST): 0.0
Experiment 37951
Epoch 1210 [Test seq (cond on sampled tp)] | Loss 175.261536 | Likelihood -174.206085 | KL fp 4.5148 | FP STD 0.1348|
KL coef: 0.9999942159303087
Train loss (one batch): 160.8418426513672
Train CE loss (one batch): 0.0
Test MSE (raw): 0.0356
Test MSE (smoothed with alpha=0.01): 0.1797
New best smoothed test MSE: 0.1797. Saving best model to experiments/experiment_37951_best.ckpt
Test MSE group_0: 0.0329
Test MSE group_1: 0.0379
Test MSE group_2: nan
Test MSE group_3: nan
Poisson likelihood: 0.0
CE loss: 0.0
train MSE group_0: 0.0312
train MSE group_1: 0.0337
train MSE group_2: nan
train MSE group_3: nan
CE loss (TEST): 0.0
Experiment 37951
Epoch 1220 [Test seq (cond on sampled tp)] | Loss 172.676437 | Likelihood -171.567596 | KL fp 4.5785 | FP STD 0.1327|
KL coef: 0.9999947689910506
Train loss (one batch): 159.8311004638672
Train CE loss (one batch): 0.0
Test MSE (raw): 0.0351
Test MSE (smoothed with alpha=0.01): 0.1783
New best smoothed test MSE: 0.1783. Saving best model to experiments/experiment_37951_best.ckpt
Test MSE group_0: 0.0324
Test MSE group_1: 0.0373
Test MSE group_2: nan
Test MSE group_3: nan
Poisson likelihood: 0.0
CE loss: 0.0
train MSE group_0: 0.0310
train MSE group_1: 0.0338
train MSE group_2: nan
train MSE group_3: nan
CE loss (TEST): 0.0
Experiment 37951
Epoch 1230 [Test seq (cond on sampled tp)] | Loss 173.141479 | Likelihood -171.305267 | KL fp 4.6164 | FP STD 0.1279|
KL coef: 0.999995269169272
Train loss (one batch): 158.3671112060547
Train CE loss (one batch): 0.0
Test MSE (raw): 0.0350
Test MSE (smoothed with alpha=0.01): 0.1769
New best smoothed test MSE: 0.1769. Saving best model to experiments/experiment_37951_best.ckpt
Test MSE group_0: 0.0327
Test MSE group_1: 0.0370
Test MSE group_2: nan
Test MSE group_3: nan
Poisson likelihood: 0.0
CE loss: 0.0
train MSE group_0: 0.0312
train MSE group_1: 0.0324
train MSE group_2: nan
train MSE group_3: nan
CE loss (TEST): 0.0
Experiment 37951
Epoch 1240 [Test seq (cond on sampled tp)] | Loss 170.715454 | Likelihood -169.085251 | KL fp 4.6704 | FP STD 0.1199|
KL coef: 0.9999957215214896
Train loss (one batch): 157.8790283203125
Train CE loss (one batch): 0.0
Test MSE (raw): 0.0346
Test MSE (smoothed with alpha=0.01): 0.1754
New best smoothed test MSE: 0.1754. Saving best model to experiments/experiment_37951_best.ckpt
Test MSE group_0: 0.0323
Test MSE group_1: 0.0364
Test MSE group_2: nan
Test MSE group_3: nan
Poisson likelihood: 0.0
CE loss: 0.0
train MSE group_0: 0.0309
train MSE group_1: 0.0325
train MSE group_2: nan
train MSE group_3: nan
CE loss (TEST): 0.0
Experiment 37951
Epoch 1250 [Test seq (cond on sampled tp)] | Loss 170.761169 | Likelihood -169.057144 | KL fp 4.6173 | FP STD 0.1193|
KL coef: 0.9999961306207269
Train loss (one batch): 155.3134307861328
Train CE loss (one batch): 0.0
Test MSE (raw): 0.0345
Test MSE (smoothed with alpha=0.01): 0.1740
New best smoothed test MSE: 0.1740. Saving best model to experiments/experiment_37951_best.ckpt
Test MSE group_0: 0.0324
Test MSE group_1: 0.0364
Test MSE group_2: nan
Test MSE group_3: nan
Poisson likelihood: 0.0
CE loss: 0.0
train MSE group_0: 0.0303
train MSE group_1: 0.0321
train MSE group_2: nan
train MSE group_3: nan
CE loss (TEST): 0.0
Experiment 37951
Epoch 1260 [Test seq (cond on sampled tp)] | Loss 170.500809 | Likelihood -168.529144 | KL fp 4.6326 | FP STD 0.1178|
KL coef: 0.999996500602744
Train loss (one batch): 155.8849639892578
Train CE loss (one batch): 0.0
Test MSE (raw): 0.0344
Test MSE (smoothed with alpha=0.01): 0.1726
New best smoothed test MSE: 0.1726. Saving best model to experiments/experiment_37951_best.ckpt
Test MSE group_0: 0.0322
Test MSE group_1: 0.0363
Test MSE group_2: nan
Test MSE group_3: nan
Poisson likelihood: 0.0
CE loss: 0.0
train MSE group_0: 0.0305
train MSE group_1: 0.0321
train MSE group_2: nan
train MSE group_3: nan
CE loss (TEST): 0.0
Experiment 37951
Epoch 1270 [Test seq (cond on sampled tp)] | Loss 170.052597 | Likelihood -168.131638 | KL fp 4.6466 | FP STD 0.1150|
KL coef: 0.9999968352078483
Train loss (one batch): 155.97955322265625
Train CE loss (one batch): 0.0
Test MSE (raw): 0.0344
Test MSE (smoothed with alpha=0.01): 0.1712
New best smoothed test MSE: 0.1712. Saving best model to experiments/experiment_37951_best.ckpt
Test MSE group_0: 0.0321
Test MSE group_1: 0.0363
Test MSE group_2: nan
Test MSE group_3: nan
Poisson likelihood: 0.0
CE loss: 0.0
train MSE group_0: 0.0304
train MSE group_1: 0.0322
train MSE group_2: nan
train MSE group_3: nan
CE loss (TEST): 0.0
Experiment 37951
Epoch 1280 [Test seq (cond on sampled tp)] | Loss 175.692444 | Likelihood -173.829376 | KL fp 4.6634 | FP STD 0.1190|
KL coef: 0.9999971378187069
Train loss (one batch): 163.04063415527344
Train CE loss (one batch): 0.0
Test MSE (raw): 0.0355
Test MSE (smoothed with alpha=0.01): 0.1699
New best smoothed test MSE: 0.1699. Saving best model to experiments/experiment_37951_best.ckpt
Test MSE group_0: 0.0337
Test MSE group_1: 0.0370
Test MSE group_2: nan
Test MSE group_3: nan
Poisson likelihood: 0.0
CE loss: 0.0
train MSE group_0: 0.0316
train MSE group_1: 0.0338
train MSE group_2: nan
train MSE group_3: nan
CE loss (TEST): 0.0
Experiment 37951
Epoch 1290 [Test seq (cond on sampled tp)] | Loss 172.249115 | Likelihood -170.479294 | KL fp 4.5754 | FP STD 0.1243|
KL coef: 0.9999974114945431
Train loss (one batch): 156.75128173828125
Train CE loss (one batch): 0.0
Test MSE (raw): 0.0348
Test MSE (smoothed with alpha=0.01): 0.1685
New best smoothed test MSE: 0.1685. Saving best model to experiments/experiment_37951_best.ckpt
Test MSE group_0: 0.0325
Test MSE group_1: 0.0368
Test MSE group_2: nan
Test MSE group_3: nan
Poisson likelihood: 0.0
CE loss: 0.0
train MSE group_0: 0.0307
train MSE group_1: 0.0324
train MSE group_2: nan
train MSE group_3: nan
CE loss (TEST): 0.0
