/Users/benjaminmaurel/Documents/Training_Sanofi/notebooks_hands_on/latent_ode/run_models.py
run_models.py --niters 3000 -n 200 -s 40 -l 10 --dataset PK_Tacro --latent-ode --noise-weight 0.01 --max-t 5. --seed 24 --experiment 23298
Experiment 23298
Epoch 1000 [Test seq (cond on sampled tp)] | Loss 169.342636 | Likelihood -166.477234 | KL fp 5.7617 | FP STD 0.2753|
KL coef: 0.9999522643707747
Train loss (one batch): 164.65530395507812
Train CE loss (one batch): 0.0
Test MSE (raw): 0.0340
Test MSE (smoothed with alpha=0.01): 0.0340
New best smoothed test MSE: 0.0340. Saving best model to experiments/experiment_23298_best.ckpt
Test MSE group_0: 0.0290
Test MSE group_1: 0.0391
Test MSE group_2: nan
Test MSE group_3: nan
Poisson likelihood: 0.0
CE loss: 0.0
train MSE group_0: 0.0311
train MSE group_1: 0.0347
train MSE group_2: nan
train MSE group_3: nan
CE loss (TEST): 0.0
Experiment 23298
Epoch 2000 [Test seq (cond on sampled tp)] | Loss 153.614151 | Likelihood -151.220703 | KL fp 5.3216 | FP STD 0.2450|
KL coef: 0.9999999979391934
Train loss (one batch): 148.90594482421875
Train CE loss (one batch): 0.0
Test MSE (raw): 0.0310
Test MSE (smoothed with alpha=0.01): 0.0340
New best smoothed test MSE: 0.0340. Saving best model to experiments/experiment_23298_best.ckpt
Test MSE group_0: 0.0276
Test MSE group_1: 0.0343
Test MSE group_2: nan
Test MSE group_3: nan
Poisson likelihood: 0.0
CE loss: 0.0
train MSE group_0: 0.0295
train MSE group_1: 0.0299
train MSE group_2: nan
train MSE group_3: nan
CE loss (TEST): 0.0
Experiment 23298
Epoch 3000 [Test seq (cond on sampled tp)] | Loss 148.806885 | Likelihood -146.185883 | KL fp 5.2851 | FP STD 0.2241|
KL coef: 0.9999999999999111
Train loss (one batch): 138.79273986816406
Train CE loss (one batch): 0.0
Test MSE (raw): 0.0300
Test MSE (smoothed with alpha=0.01): 0.0340
New best smoothed test MSE: 0.0340. Saving best model to experiments/experiment_23298_best.ckpt
Test MSE group_0: 0.0271
Test MSE group_1: 0.0328
Test MSE group_2: nan
Test MSE group_3: nan
Poisson likelihood: 0.0
CE loss: 0.0
train MSE group_0: 0.0280
train MSE group_1: 0.0276
train MSE group_2: nan
train MSE group_3: nan
CE loss (TEST): 0.0
