/Users/benjaminmaurel/Documents/Training_Sanofi/notebooks_hands_on/latent_ode/run_models.py
run_models.py --niters 3000 -n 200 -s 40 -l 10 --dataset PK_Tacro --latent-ode --noise-weight 0.01 --max-t 5. --seed 22 --experiment 23647
Experiment 23647
Epoch 1000 [Test seq (cond on sampled tp)] | Loss 155.047943 | Likelihood -152.777802 | KL fp 4.9137 | FP STD 0.0530|
KL coef: 0.9999522643707747
Train loss (one batch): 141.90345764160156
Train CE loss (one batch): 0.0
Test MSE (raw): 0.0313
Test MSE (smoothed with alpha=0.01): 0.0313
New best smoothed test MSE: 0.0313. Saving best model to experiments/experiment_23647_best.ckpt
Test MSE group_0: 0.0297
Test MSE group_1: 0.0330
Test MSE group_2: nan
Test MSE group_3: nan
Poisson likelihood: 0.0
CE loss: 0.0
train MSE group_0: 0.0250
train MSE group_1: 0.0327
train MSE group_2: nan
train MSE group_3: nan
CE loss (TEST): 0.0
Experiment 23647
Epoch 2000 [Test seq (cond on sampled tp)] | Loss 148.140945 | Likelihood -146.160614 | KL fp 4.7993 | FP STD 0.0657|
KL coef: 0.9999999979391934
Train loss (one batch): 131.5464324951172
Train CE loss (one batch): 0.0
Test MSE (raw): 0.0300
Test MSE (smoothed with alpha=0.01): 0.0313
New best smoothed test MSE: 0.0313. Saving best model to experiments/experiment_23647_best.ckpt
Test MSE group_0: 0.0291
Test MSE group_1: 0.0309
Test MSE group_2: nan
Test MSE group_3: nan
Poisson likelihood: 0.0
CE loss: 0.0
train MSE group_0: 0.0242
train MSE group_1: 0.0289
train MSE group_2: nan
train MSE group_3: nan
CE loss (TEST): 0.0
Experiment 23647
Epoch 3000 [Test seq (cond on sampled tp)] | Loss 140.841736 | Likelihood -138.833954 | KL fp 4.7447 | FP STD 0.0510|
KL coef: 0.9999999999999111
Train loss (one batch): 121.8668212890625
Train CE loss (one batch): 0.0
Test MSE (raw): 0.0285
Test MSE (smoothed with alpha=0.01): 0.0313
New best smoothed test MSE: 0.0313. Saving best model to experiments/experiment_23647_best.ckpt
Test MSE group_0: 0.0277
Test MSE group_1: 0.0294
Test MSE group_2: nan
Test MSE group_3: nan
Poisson likelihood: 0.0
CE loss: 0.0
train MSE group_0: 0.0225
train MSE group_1: 0.0267
train MSE group_2: nan
train MSE group_3: nan
CE loss (TEST): 0.0
