/Users/benjaminmaurel/Documents/Training_Sanofi/notebooks_hands_on/latent_ode/run_models.py
run_models.py --niters 3000 -n 200 -s 40 -l 10 --dataset PK_Tacro --latent-ode --noise-weight 0.01 --max-t 5. --seed 18 --experiment 27812
Experiment 27812
Epoch 1000 [Test seq (cond on sampled tp)] | Loss 143.998779 | Likelihood -142.461426 | KL fp 4.2632 | FP STD 0.0840|
KL coef: 0.9999522643707747
Train loss (one batch): 131.88055419921875
Train CE loss (one batch): 0.0
Test MSE (raw): 0.0292
Test MSE (smoothed with alpha=0.01): 0.0292
New best smoothed test MSE: 0.0292. Saving best model to experiments/experiment_27812_best.ckpt
Test MSE group_0: 0.0258
Test MSE group_1: 0.0324
Test MSE group_2: nan
Test MSE group_3: nan
Poisson likelihood: 0.0
CE loss: 0.0
train MSE group_0: 0.0241
train MSE group_1: 0.0288
train MSE group_2: nan
train MSE group_3: nan
CE loss (TEST): 0.0
Experiment 27812
Epoch 2000 [Test seq (cond on sampled tp)] | Loss 138.439117 | Likelihood -136.875458 | KL fp 4.2438 | FP STD 0.0783|
KL coef: 0.9999999979391934
Train loss (one batch): 127.4400863647461
Train CE loss (one batch): 0.0
Test MSE (raw): 0.0281
Test MSE (smoothed with alpha=0.01): 0.0292
New best smoothed test MSE: 0.0292. Saving best model to experiments/experiment_27812_best.ckpt
Test MSE group_0: 0.0251
Test MSE group_1: 0.0309
Test MSE group_2: nan
Test MSE group_3: nan
Poisson likelihood: 0.0
CE loss: 0.0
train MSE group_0: 0.0237
train MSE group_1: 0.0273
train MSE group_2: nan
train MSE group_3: nan
CE loss (TEST): 0.0
Experiment 27812
Epoch 3000 [Test seq (cond on sampled tp)] | Loss 137.035782 | Likelihood -135.683807 | KL fp 4.0558 | FP STD 0.0923|
KL coef: 0.9999999999999111
Train loss (one batch): 125.71276092529297
Train CE loss (one batch): 0.0
Test MSE (raw): 0.0279
Test MSE (smoothed with alpha=0.01): 0.0292
New best smoothed test MSE: 0.0292. Saving best model to experiments/experiment_27812_best.ckpt
Test MSE group_0: 0.0251
Test MSE group_1: 0.0304
Test MSE group_2: nan
Test MSE group_3: nan
Poisson likelihood: 0.0
CE loss: 0.0
train MSE group_0: 0.0235
train MSE group_1: 0.0270
train MSE group_2: nan
train MSE group_3: nan
CE loss (TEST): 0.0
