/Users/benjaminmaurel/Documents/Training_Sanofi/notebooks_hands_on/latent_ode/run_models.py
run_models.py --niters 3000 -n 200 -s 40 -l 10 --dataset PK_Tacro --latent-ode --noise-weight 0.01 --max-t 5. --seed 27 --experiment 25606
Experiment 25606
Epoch 1000 [Test seq (cond on sampled tp)] | Loss 165.523376 | Likelihood -164.880951 | KL fp 4.8149 | FP STD 0.2171|
KL coef: 0.9999522643707747
Train loss (one batch): 161.6011505126953
Train CE loss (one batch): 0.0
Test MSE (raw): 0.0337
Test MSE (smoothed with alpha=0.01): 0.0337
New best smoothed test MSE: 0.0337. Saving best model to experiments/experiment_25606_best.ckpt
Test MSE group_0: 0.0316
Test MSE group_1: 0.0361
Test MSE group_2: nan
Test MSE group_3: nan
Poisson likelihood: 0.0
CE loss: 0.0
train MSE group_0: 0.0311
train MSE group_1: 0.0338
train MSE group_2: nan
train MSE group_3: nan
CE loss (TEST): 0.0
Experiment 25606
Epoch 2000 [Test seq (cond on sampled tp)] | Loss 154.135757 | Likelihood -152.016083 | KL fp 5.0517 | FP STD 0.1663|
KL coef: 0.9999999979391934
Train loss (one batch): 146.3892059326172
Train CE loss (one batch): 0.0
Test MSE (raw): 0.0311
Test MSE (smoothed with alpha=0.01): 0.0337
New best smoothed test MSE: 0.0337. Saving best model to experiments/experiment_25606_best.ckpt
Test MSE group_0: 0.0295
Test MSE group_1: 0.0329
Test MSE group_2: nan
Test MSE group_3: nan
Poisson likelihood: 0.0
CE loss: 0.0
train MSE group_0: 0.0282
train MSE group_1: 0.0305
train MSE group_2: nan
train MSE group_3: nan
CE loss (TEST): 0.0
Experiment 25606
Epoch 3000 [Test seq (cond on sampled tp)] | Loss 150.269608 | Likelihood -148.704117 | KL fp 4.6033 | FP STD 0.1991|
KL coef: 0.9999999999999111
Train loss (one batch): 140.9306182861328
Train CE loss (one batch): 0.0
Test MSE (raw): 0.0305
Test MSE (smoothed with alpha=0.01): 0.0337
New best smoothed test MSE: 0.0337. Saving best model to experiments/experiment_25606_best.ckpt
Test MSE group_0: 0.0291
Test MSE group_1: 0.0320
Test MSE group_2: nan
Test MSE group_3: nan
Poisson likelihood: 0.0
CE loss: 0.0
train MSE group_0: 0.0274
train MSE group_1: 0.0292
train MSE group_2: nan
train MSE group_3: nan
CE loss (TEST): 0.0
