/Users/benjaminmaurel/Documents/Training_Sanofi/notebooks_hands_on/latent_ode/run_models.py
run_models.py --niters 3000 -n 200 -s 40 -l 10 --dataset PK_Tacro --latent-ode --noise-weight 0.01 --max-t 5. --seed 158 --experiment 31642
Experiment 31642
Epoch 1000 [Test seq (cond on sampled tp)] | Loss 171.514847 | Likelihood -167.299652 | KL fp 7.1805 | FP STD 0.1428|
KL coef: 0.9999522643707747
Train loss (one batch): 188.2679901123047
Train CE loss (one batch): 0.0
Test MSE (raw): 0.0342
Test MSE (smoothed with alpha=0.01): 0.0342
New best smoothed test MSE: 0.0342. Saving best model to experiments/experiment_31642_best.ckpt
Test MSE group_0: 0.0303
Test MSE group_1: 0.0381
Test MSE group_2: nan
Test MSE group_3: nan
Poisson likelihood: 0.0
CE loss: 0.0
train MSE group_0: 0.0337
train MSE group_1: 0.0418
train MSE group_2: nan
train MSE group_3: nan
CE loss (TEST): 0.0
Experiment 31642
Epoch 2000 [Test seq (cond on sampled tp)] | Loss 160.486252 | Likelihood -156.542053 | KL fp 6.8845 | FP STD 0.1287|
KL coef: 0.9999999979391934
Train loss (one batch): 176.61148071289062
Train CE loss (one batch): 0.0
Test MSE (raw): 0.0320
Test MSE (smoothed with alpha=0.01): 0.0342
New best smoothed test MSE: 0.0342. Saving best model to experiments/experiment_31642_best.ckpt
Test MSE group_0: 0.0293
Test MSE group_1: 0.0347
Test MSE group_2: nan
Test MSE group_3: nan
Poisson likelihood: 0.0
CE loss: 0.0
train MSE group_0: 0.0327
train MSE group_1: 0.0378
train MSE group_2: nan
train MSE group_3: nan
CE loss (TEST): 0.0
Experiment 31642
Epoch 3000 [Test seq (cond on sampled tp)] | Loss 152.050323 | Likelihood -148.385925 | KL fp 6.6864 | FP STD 0.1066|
KL coef: 0.9999999999999111
Train loss (one batch): 164.4629669189453
Train CE loss (one batch): 0.0
Test MSE (raw): 0.0304
Test MSE (smoothed with alpha=0.01): 0.0341
New best smoothed test MSE: 0.0341. Saving best model to experiments/experiment_31642_best.ckpt
Test MSE group_0: 0.0285
Test MSE group_1: 0.0323
Test MSE group_2: nan
Test MSE group_3: nan
Poisson likelihood: 0.0
CE loss: 0.0
train MSE group_0: 0.0314
train MSE group_1: 0.0338
train MSE group_2: nan
train MSE group_3: nan
CE loss (TEST): 0.0
