/Users/benjaminmaurel/Documents/Training_Sanofi/notebooks_hands_on/latent_ode/run_models.py
run_models.py --niters 3000 -n 200 -s 40 -l 10 --dataset PK_Tacro --latent-ode --noise-weight 0.01 --max-t 5. --seed 107 --experiment 17383
Experiment 17383
Epoch 1000 [Test seq (cond on sampled tp)] | Loss 230.533936 | Likelihood -227.355103 | KL fp 7.4564 | FP STD 0.3236|
KL coef: 0.9999522643707747
Train loss (one batch): 233.63088989257812
Train CE loss (one batch): 0.0
Test MSE (raw): 0.0462
Test MSE (smoothed with alpha=0.01): 0.0462
New best smoothed test MSE: 0.0462. Saving best model to experiments/experiment_17383_best.ckpt
Test MSE group_0: 0.0392
Test MSE group_1: 0.0532
Test MSE group_2: nan
Test MSE group_3: nan
Poisson likelihood: 0.0
CE loss: 0.0
train MSE group_0: 0.0374
train MSE group_1: 0.0599
train MSE group_2: nan
train MSE group_3: nan
CE loss (TEST): 0.0
Experiment 17383
Epoch 2000 [Test seq (cond on sampled tp)] | Loss 218.332550 | Likelihood -213.605286 | KL fp 7.5133 | FP STD 0.2638|
KL coef: 0.9999999979391934
Train loss (one batch): 217.74754333496094
Train CE loss (one batch): 0.0
Test MSE (raw): 0.0435
Test MSE (smoothed with alpha=0.01): 0.0462
New best smoothed test MSE: 0.0462. Saving best model to experiments/experiment_17383_best.ckpt
Test MSE group_0: 0.0395
Test MSE group_1: 0.0474
Test MSE group_2: nan
Test MSE group_3: nan
Poisson likelihood: 0.0
CE loss: 0.0
train MSE group_0: 0.0382
train MSE group_1: 0.0481
train MSE group_2: nan
train MSE group_3: nan
CE loss (TEST): 0.0
Experiment 17383
Epoch 3000 [Test seq (cond on sampled tp)] | Loss 187.933990 | Likelihood -188.180573 | KL fp 7.0343 | FP STD 0.2571|
KL coef: 0.9999999999999111
Train loss (one batch): 189.8119659423828
Train CE loss (one batch): 0.0
Test MSE (raw): 0.0384
Test MSE (smoothed with alpha=0.01): 0.0461
New best smoothed test MSE: 0.0461. Saving best model to experiments/experiment_17383_best.ckpt
Test MSE group_0: 0.0347
Test MSE group_1: 0.0420
Test MSE group_2: nan
Test MSE group_3: nan
Poisson likelihood: 0.0
CE loss: 0.0
train MSE group_0: 0.0331
train MSE group_1: 0.0435
train MSE group_2: nan
train MSE group_3: nan
CE loss (TEST): 0.0
