/Users/benjaminmaurel/Documents/Training_Sanofi/notebooks_hands_on/latent_ode/run_models.py
run_models.py --niters 3000 -n 200 -s 40 -l 10 --dataset PK_Tacro --latent-ode --noise-weight 0.01 --max-t 5. --seed 109 --experiment 16294
Experiment 16294
Epoch 1000 [Test seq (cond on sampled tp)] | Loss 163.808441 | Likelihood -160.642822 | KL fp 5.7234 | FP STD 0.1251|
KL coef: 0.9999522643707747
Train loss (one batch): 164.4910430908203
Train CE loss (one batch): 0.0
Test MSE (raw): 0.0329
Test MSE (smoothed with alpha=0.01): 0.0329
New best smoothed test MSE: 0.0329. Saving best model to experiments/experiment_16294_best.ckpt
Test MSE group_0: 0.0282
Test MSE group_1: 0.0375
Test MSE group_2: nan
Test MSE group_3: nan
Poisson likelihood: 0.0
CE loss: 0.0
train MSE group_0: 0.0305
train MSE group_1: 0.0349
train MSE group_2: nan
train MSE group_3: nan
CE loss (TEST): 0.0
Experiment 16294
Epoch 2000 [Test seq (cond on sampled tp)] | Loss 149.706299 | Likelihood -146.661423 | KL fp 5.7591 | FP STD 0.1188|
KL coef: 0.9999999979391934
Train loss (one batch): 149.3799285888672
Train CE loss (one batch): 0.0
Test MSE (raw): 0.0301
Test MSE (smoothed with alpha=0.01): 0.0328
New best smoothed test MSE: 0.0328. Saving best model to experiments/experiment_16294_best.ckpt
Test MSE group_0: 0.0275
Test MSE group_1: 0.0326
Test MSE group_2: nan
Test MSE group_3: nan
Poisson likelihood: 0.0
CE loss: 0.0
train MSE group_0: 0.0283
train MSE group_1: 0.0311
train MSE group_2: nan
train MSE group_3: nan
CE loss (TEST): 0.0
Experiment 16294
Epoch 3000 [Test seq (cond on sampled tp)] | Loss 143.318863 | Likelihood -141.079315 | KL fp 5.4172 | FP STD 0.1219|
KL coef: 0.9999999999999111
Train loss (one batch): 143.26345825195312
Train CE loss (one batch): 0.0
Test MSE (raw): 0.0290
Test MSE (smoothed with alpha=0.01): 0.0328
New best smoothed test MSE: 0.0328. Saving best model to experiments/experiment_16294_best.ckpt
Test MSE group_0: 0.0272
Test MSE group_1: 0.0307
Test MSE group_2: nan
Test MSE group_3: nan
Poisson likelihood: 0.0
CE loss: 0.0
train MSE group_0: 0.0275
train MSE group_1: 0.0297
train MSE group_2: nan
train MSE group_3: nan
CE loss (TEST): 0.0
