/Users/benjaminmaurel/Documents/Training_Sanofi/notebooks_hands_on/latent_ode/run_models.py
run_models.py --niters 3000 -n 200 -s 40 -l 10 --dataset PK_Tacro --latent-ode --noise-weight 0.01 --max-t 5. --seed 33 --experiment 13002
Experiment 13002
Epoch 1000 [Test seq (cond on sampled tp)] | Loss 248.288132 | Likelihood -245.203262 | KL fp 6.7626 | FP STD 0.2320|
KL coef: 0.9999522643707747
Train loss (one batch): 242.6792449951172
Train CE loss (one batch): 0.0
Test MSE (raw): 0.0498
Test MSE (smoothed with alpha=0.01): 0.0498
New best smoothed test MSE: 0.0498. Saving best model to experiments/experiment_13002_best.ckpt
Test MSE group_0: 0.0436
Test MSE group_1: 0.0566
Test MSE group_2: nan
Test MSE group_3: nan
Poisson likelihood: 0.0
CE loss: 0.0
train MSE group_0: 0.0447
train MSE group_1: 0.0519
train MSE group_2: nan
train MSE group_3: nan
CE loss (TEST): 0.0
Experiment 13002
Epoch 2000 [Test seq (cond on sampled tp)] | Loss 235.654785 | Likelihood -232.052231 | KL fp 6.3313 | FP STD 0.1930|
KL coef: 0.9999999979391934
Train loss (one batch): 224.2964324951172
Train CE loss (one batch): 0.0
Test MSE (raw): 0.0471
Test MSE (smoothed with alpha=0.01): 0.0498
New best smoothed test MSE: 0.0498. Saving best model to experiments/experiment_13002_best.ckpt
Test MSE group_0: 0.0410
Test MSE group_1: 0.0539
Test MSE group_2: nan
Test MSE group_3: nan
Poisson likelihood: 0.0
CE loss: 0.0
train MSE group_0: 0.0413
train MSE group_1: 0.0481
train MSE group_2: nan
train MSE group_3: nan
CE loss (TEST): 0.0
Experiment 13002
Epoch 3000 [Test seq (cond on sampled tp)] | Loss 188.498749 | Likelihood -185.593185 | KL fp 6.0219 | FP STD 0.1499|
KL coef: 0.9999999999999111
Train loss (one batch): 181.9724884033203
Train CE loss (one batch): 0.0
Test MSE (raw): 0.0379
Test MSE (smoothed with alpha=0.01): 0.0496
New best smoothed test MSE: 0.0496. Saving best model to experiments/experiment_13002_best.ckpt
Test MSE group_0: 0.0353
Test MSE group_1: 0.0408
Test MSE group_2: nan
Test MSE group_3: nan
Poisson likelihood: 0.0
CE loss: 0.0
train MSE group_0: 0.0362
train MSE group_1: 0.0362
train MSE group_2: nan
train MSE group_3: nan
CE loss (TEST): 0.0
