/Users/benjaminmaurel/Documents/Training_Sanofi/notebooks_hands_on/latent_ode/run_models.py
run_models.py --niters 3000 -n 200 -s 40 -l 10 --dataset PK_Tacro --latent-ode --noise-weight 0.01 --max-t 5. --seed 20 --experiment 13882
Experiment 13882
Epoch 1000 [Test seq (cond on sampled tp)] | Loss 229.240280 | Likelihood -227.362457 | KL fp 5.7630 | FP STD 0.3243|
KL coef: 0.9999522643707747
Train loss (one batch): 226.24131774902344
Train CE loss (one batch): 0.0
Test MSE (raw): 0.0462
Test MSE (smoothed with alpha=0.01): 0.0462
New best smoothed test MSE: 0.0462. Saving best model to experiments/experiment_13882_best.ckpt
Test MSE group_0: 0.0426
Test MSE group_1: 0.0502
Test MSE group_2: nan
Test MSE group_3: nan
Poisson likelihood: 0.0
CE loss: 0.0
train MSE group_0: 0.0400
train MSE group_1: 0.0497
train MSE group_2: nan
train MSE group_3: nan
CE loss (TEST): 0.0
Experiment 13882
Epoch 2000 [Test seq (cond on sampled tp)] | Loss 224.091553 | Likelihood -221.663116 | KL fp 5.6193 | FP STD 0.2725|
KL coef: 0.9999999979391934
Train loss (one batch): 216.8681640625
Train CE loss (one batch): 0.0
Test MSE (raw): 0.0451
Test MSE (smoothed with alpha=0.01): 0.0462
New best smoothed test MSE: 0.0462. Saving best model to experiments/experiment_13882_best.ckpt
Test MSE group_0: 0.0429
Test MSE group_1: 0.0475
Test MSE group_2: nan
Test MSE group_3: nan
Poisson likelihood: 0.0
CE loss: 0.0
train MSE group_0: 0.0398
train MSE group_1: 0.0465
train MSE group_2: nan
train MSE group_3: nan
CE loss (TEST): 0.0
Experiment 13882
Epoch 3000 [Test seq (cond on sampled tp)] | Loss 181.158127 | Likelihood -179.464874 | KL fp 5.5371 | FP STD 0.2643|
KL coef: 0.9999999999999111
Train loss (one batch): 181.0469512939453
Train CE loss (one batch): 0.0
Test MSE (raw): 0.0366
Test MSE (smoothed with alpha=0.01): 0.0461
New best smoothed test MSE: 0.0461. Saving best model to experiments/experiment_13882_best.ckpt
Test MSE group_0: 0.0340
Test MSE group_1: 0.0396
Test MSE group_2: nan
Test MSE group_3: nan
Poisson likelihood: 0.0
CE loss: 0.0
train MSE group_0: 0.0323
train MSE group_1: 0.0395
train MSE group_2: nan
train MSE group_3: nan
CE loss (TEST): 0.0
