/Users/benjaminmaurel/Documents/Training_Sanofi/notebooks_hands_on/latent_ode/run_models.py
run_models.py --niters 3000 -n 200 -s 40 -l 10 --dataset PK_Tacro --latent-ode --noise-weight 0.01 --max-t 5. --seed 36 --experiment 15473
Experiment 15473
Epoch 1000 [Test seq (cond on sampled tp)] | Loss 253.011734 | Likelihood -248.550262 | KL fp 7.1427 | FP STD 0.1457|
KL coef: 0.9999522643707747
Train loss (one batch): 245.15879821777344
Train CE loss (one batch): 0.0
Test MSE (raw): 0.0504
Test MSE (smoothed with alpha=0.01): 0.0504
New best smoothed test MSE: 0.0504. Saving best model to experiments/experiment_15473_best.ckpt
Test MSE group_0: 0.0469
Test MSE group_1: 0.0544
Test MSE group_2: nan
Test MSE group_3: nan
Poisson likelihood: 0.0
CE loss: 0.0
train MSE group_0: 0.0426
train MSE group_1: 0.0545
train MSE group_2: nan
train MSE group_3: nan
CE loss (TEST): 0.0
Experiment 15473
Epoch 2000 [Test seq (cond on sampled tp)] | Loss 207.272217 | Likelihood -203.987610 | KL fp 6.1910 | FP STD 0.1301|
KL coef: 0.9999999979391934
Train loss (one batch): 193.753662109375
Train CE loss (one batch): 0.0
Test MSE (raw): 0.0415
Test MSE (smoothed with alpha=0.01): 0.0504
New best smoothed test MSE: 0.0504. Saving best model to experiments/experiment_15473_best.ckpt
Test MSE group_0: 0.0380
Test MSE group_1: 0.0455
Test MSE group_2: nan
Test MSE group_3: nan
Poisson likelihood: 0.0
CE loss: 0.0
train MSE group_0: 0.0334
train MSE group_1: 0.0438
train MSE group_2: nan
train MSE group_3: nan
CE loss (TEST): 0.0
Experiment 15473
Epoch 3000 [Test seq (cond on sampled tp)] | Loss 180.794662 | Likelihood -177.605988 | KL fp 5.8649 | FP STD 0.1116|
KL coef: 0.9999999999999111
Train loss (one batch): 169.70347595214844
Train CE loss (one batch): 0.0
Test MSE (raw): 0.0363
Test MSE (smoothed with alpha=0.01): 0.0502
New best smoothed test MSE: 0.0502. Saving best model to experiments/experiment_15473_best.ckpt
Test MSE group_0: 0.0334
Test MSE group_1: 0.0394
Test MSE group_2: nan
Test MSE group_3: nan
Poisson likelihood: 0.0
CE loss: 0.0
train MSE group_0: 0.0296
train MSE group_1: 0.0379
train MSE group_2: nan
train MSE group_3: nan
CE loss (TEST): 0.0
