/Users/benjaminmaurel/Documents/Training_Sanofi/notebooks_hands_on/latent_ode/run_models.py
run_models.py --niters 3000 -n 200 -s 40 -l 10 --dataset PK_Tacro --latent-ode --noise-weight 0.01 --max-t 5. --seed 5 --experiment 28291
Experiment 28291
Epoch 1000 [Test seq (cond on sampled tp)] | Loss 178.064087 | Likelihood -176.986572 | KL fp 4.1048 | FP STD 0.1573|
KL coef: 0.9999522643707747
Train loss (one batch): 171.14767456054688
Train CE loss (one batch): 0.0
Test MSE (raw): 0.0361
Test MSE (smoothed with alpha=0.01): 0.0361
New best smoothed test MSE: 0.0361. Saving best model to experiments/experiment_28291_best.ckpt
Test MSE group_0: 0.0327
Test MSE group_1: 0.0399
Test MSE group_2: nan
Test MSE group_3: nan
Poisson likelihood: 0.0
CE loss: 0.0
train MSE group_0: 0.0305
train MSE group_1: 0.0383
train MSE group_2: nan
train MSE group_3: nan
CE loss (TEST): 0.0
Experiment 28291
Epoch 2000 [Test seq (cond on sampled tp)] | Loss 163.858383 | Likelihood -163.692612 | KL fp 4.2469 | FP STD 0.1456|
KL coef: 0.9999999979391934
Train loss (one batch): 156.6461181640625
Train CE loss (one batch): 0.0
Test MSE (raw): 0.0335
Test MSE (smoothed with alpha=0.01): 0.0361
New best smoothed test MSE: 0.0361. Saving best model to experiments/experiment_28291_best.ckpt
Test MSE group_0: 0.0313
Test MSE group_1: 0.0359
Test MSE group_2: nan
Test MSE group_3: nan
Poisson likelihood: 0.0
CE loss: 0.0
train MSE group_0: 0.0288
train MSE group_1: 0.0342
train MSE group_2: nan
train MSE group_3: nan
CE loss (TEST): 0.0
Experiment 28291
Epoch 3000 [Test seq (cond on sampled tp)] | Loss 152.196518 | Likelihood -150.221069 | KL fp 4.5562 | FP STD 0.1317|
KL coef: 0.9999999999999111
Train loss (one batch): 142.55661010742188
Train CE loss (one batch): 0.0
Test MSE (raw): 0.0308
Test MSE (smoothed with alpha=0.01): 0.0361
New best smoothed test MSE: 0.0361. Saving best model to experiments/experiment_28291_best.ckpt
Test MSE group_0: 0.0278
Test MSE group_1: 0.0341
Test MSE group_2: nan
Test MSE group_3: nan
Poisson likelihood: 0.0
CE loss: 0.0
train MSE group_0: 0.0255
train MSE group_1: 0.0316
train MSE group_2: nan
train MSE group_3: nan
CE loss (TEST): 0.0
