/Users/benjaminmaurel/Documents/Training_Sanofi/notebooks_hands_on/latent_ode/run_models.py
run_models.py --niters 3000 -n 200 -s 40 -l 10 --dataset PK_Tacro --latent-ode --noise-weight 0.01 --max-t 5. --seed 121 --experiment 35692
Experiment 35692
Epoch 1000 [Test seq (cond on sampled tp)] | Loss 163.753571 | Likelihood -161.792816 | KL fp 5.7218 | FP STD 0.1059|
KL coef: 0.9999522643707747
Train loss (one batch): 142.4552001953125
Train CE loss (one batch): 0.0
Test MSE (raw): 0.0331
Test MSE (smoothed with alpha=0.01): 0.0331
New best smoothed test MSE: 0.0331. Saving best model to experiments/experiment_35692_best.ckpt
Test MSE group_0: 0.0294
Test MSE group_1: 0.0368
Test MSE group_2: nan
Test MSE group_3: nan
Poisson likelihood: 0.0
CE loss: 0.0
train MSE group_0: 0.0272
train MSE group_1: 0.0296
train MSE group_2: nan
train MSE group_3: nan
CE loss (TEST): 0.0
Experiment 35692
Epoch 2000 [Test seq (cond on sampled tp)] | Loss 152.336655 | Likelihood -149.465637 | KL fp 5.7003 | FP STD 0.0808|
KL coef: 0.9999999979391934
Train loss (one batch): 127.75933074951172
Train CE loss (one batch): 0.0
Test MSE (raw): 0.0306
Test MSE (smoothed with alpha=0.01): 0.0331
New best smoothed test MSE: 0.0331. Saving best model to experiments/experiment_35692_best.ckpt
Test MSE group_0: 0.0281
Test MSE group_1: 0.0331
Test MSE group_2: nan
Test MSE group_3: nan
Poisson likelihood: 0.0
CE loss: 0.0
train MSE group_0: 0.0252
train MSE group_1: 0.0255
train MSE group_2: nan
train MSE group_3: nan
CE loss (TEST): 0.0
Experiment 35692
Epoch 3000 [Test seq (cond on sampled tp)] | Loss 148.628967 | Likelihood -145.610870 | KL fp 5.6770 | FP STD 0.0689|
KL coef: 0.9999999999999111
Train loss (one batch): 122.68363952636719
Train CE loss (one batch): 0.0
Test MSE (raw): 0.0299
Test MSE (smoothed with alpha=0.01): 0.0330
New best smoothed test MSE: 0.0330. Saving best model to experiments/experiment_35692_best.ckpt
Test MSE group_0: 0.0275
Test MSE group_1: 0.0322
Test MSE group_2: nan
Test MSE group_3: nan
Poisson likelihood: 0.0
CE loss: 0.0
train MSE group_0: 0.0244
train MSE group_1: 0.0243
train MSE group_2: nan
train MSE group_3: nan
CE loss (TEST): 0.0
