/Users/benjaminmaurel/Documents/Training_Sanofi/notebooks_hands_on/latent_ode/run_models.py
run_models.py --niters 3000 -n 200 -s 40 -l 10 --dataset PK_Tacro --latent-ode --noise-weight 0.01 --max-t 5. --seed 34 --experiment 36512
Experiment 36512
Epoch 1000 [Test seq (cond on sampled tp)] | Loss 294.917786 | Likelihood -305.048706 | KL fp 2.6354 | FP STD 0.1949|
KL coef: 0.9999522643707747
Train loss (one batch): 278.4054260253906
Train CE loss (one batch): 0.0
Test MSE (raw): 0.0617
Test MSE (smoothed with alpha=0.01): 0.0617
New best smoothed test MSE: 0.0617. Saving best model to experiments/experiment_36512_best.ckpt
Test MSE group_0: 0.0530
Test MSE group_1: 0.0694
Test MSE group_2: nan
Test MSE group_3: nan
Poisson likelihood: 0.0
CE loss: 0.0
train MSE group_0: 0.0486
train MSE group_1: 0.0653
train MSE group_2: nan
train MSE group_3: nan
CE loss (TEST): 0.0
Experiment 36512
Epoch 2000 [Test seq (cond on sampled tp)] | Loss 230.835449 | Likelihood -231.738220 | KL fp 3.4390 | FP STD 0.1001|
KL coef: 0.9999999979391934
Train loss (one batch): 208.43077087402344
Train CE loss (one batch): 0.0
Test MSE (raw): 0.0471
Test MSE (smoothed with alpha=0.01): 0.0616
New best smoothed test MSE: 0.0616. Saving best model to experiments/experiment_36512_best.ckpt
Test MSE group_0: 0.0418
Test MSE group_1: 0.0518
Test MSE group_2: nan
Test MSE group_3: nan
Poisson likelihood: 0.0
CE loss: 0.0
train MSE group_0: 0.0373
train MSE group_1: 0.0471
train MSE group_2: nan
train MSE group_3: nan
CE loss (TEST): 0.0
Experiment 36512
Epoch 3000 [Test seq (cond on sampled tp)] | Loss 207.840927 | Likelihood -207.119095 | KL fp 3.6154 | FP STD 0.0766|
KL coef: 0.9999999999999111
Train loss (one batch): 187.76255798339844
Train CE loss (one batch): 0.0
Test MSE (raw): 0.0422
Test MSE (smoothed with alpha=0.01): 0.0614
New best smoothed test MSE: 0.0614. Saving best model to experiments/experiment_36512_best.ckpt
Test MSE group_0: 0.0384
Test MSE group_1: 0.0455
Test MSE group_2: nan
Test MSE group_3: nan
Poisson likelihood: 0.0
CE loss: 0.0
train MSE group_0: 0.0343
train MSE group_1: 0.0416
train MSE group_2: nan
train MSE group_3: nan
CE loss (TEST): 0.0
