/Users/benjaminmaurel/Documents/Training_Sanofi/notebooks_hands_on/latent_ode/run_models.py
run_models.py --niters 3000 -n 200 -s 40 -l 10 --dataset PK_Tacro --latent-ode --noise-weight 0.01 --max-t 5. --seed 12 --experiment 31301
Experiment 31301
Epoch 1000 [Test seq (cond on sampled tp)] | Loss 191.157272 | Likelihood -189.369690 | KL fp 7.5247 | FP STD 0.1981|
KL coef: 0.9999522643707747
Train loss (one batch): 186.5326690673828
Train CE loss (one batch): 0.0
Test MSE (raw): 0.0386
Test MSE (smoothed with alpha=0.01): 0.0386
New best smoothed test MSE: 0.0386. Saving best model to experiments/experiment_31301_best.ckpt
Test MSE group_0: 0.0344
Test MSE group_1: 0.0433
Test MSE group_2: nan
Test MSE group_3: nan
Poisson likelihood: 0.0
CE loss: 0.0
train MSE group_0: 0.0348
train MSE group_1: 0.0392
train MSE group_2: nan
train MSE group_3: nan
CE loss (TEST): 0.0
Experiment 31301
Epoch 2000 [Test seq (cond on sampled tp)] | Loss 149.973480 | Likelihood -146.832809 | KL fp 6.8336 | FP STD 0.1464|
KL coef: 0.9999999979391934
Train loss (one batch): 155.30526733398438
Train CE loss (one batch): 0.0
Test MSE (raw): 0.0301
Test MSE (smoothed with alpha=0.01): 0.0385
New best smoothed test MSE: 0.0385. Saving best model to experiments/experiment_31301_best.ckpt
Test MSE group_0: 0.0276
Test MSE group_1: 0.0329
Test MSE group_2: nan
Test MSE group_3: nan
Poisson likelihood: 0.0
CE loss: 0.0
train MSE group_0: 0.0298
train MSE group_1: 0.0317
train MSE group_2: nan
train MSE group_3: nan
CE loss (TEST): 0.0
Experiment 31301
Epoch 3000 [Test seq (cond on sampled tp)] | Loss 130.312958 | Likelihood -126.450287 | KL fp 6.4747 | FP STD 0.0965|
KL coef: 0.9999999999999111
Train loss (one batch): 133.5693817138672
Train CE loss (one batch): 0.0
Test MSE (raw): 0.0260
Test MSE (smoothed with alpha=0.01): 0.0384
New best smoothed test MSE: 0.0384. Saving best model to experiments/experiment_31301_best.ckpt
Test MSE group_0: 0.0239
Test MSE group_1: 0.0284
Test MSE group_2: nan
Test MSE group_3: nan
Poisson likelihood: 0.0
CE loss: 0.0
train MSE group_0: 0.0256
train MSE group_1: 0.0273
train MSE group_2: nan
train MSE group_3: nan
CE loss (TEST): 0.0
