/Users/benjaminmaurel/Documents/Training_Sanofi/notebooks_hands_on/latent_ode/run_models.py
run_models.py --niters 3000 -n 200 -s 40 -l 10 --dataset PK_Tacro --latent-ode --noise-weight 0.01 --max-t 5. --seed 168 --experiment 18439
Experiment 18439
Epoch 1000 [Test seq (cond on sampled tp)] | Loss 168.199341 | Likelihood -168.659210 | KL fp 3.9901 | FP STD 0.1634|
KL coef: 0.9999522643707747
Train loss (one batch): 172.4025421142578
Train CE loss (one batch): 0.0
Test MSE (raw): 0.0345
Test MSE (smoothed with alpha=0.01): 0.0345
New best smoothed test MSE: 0.0345. Saving best model to experiments/experiment_18439_best.ckpt
Test MSE group_0: 0.0298
Test MSE group_1: 0.0391
Test MSE group_2: nan
Test MSE group_3: nan
Poisson likelihood: 0.0
CE loss: 0.0
train MSE group_0: 0.0325
train MSE group_1: 0.0373
train MSE group_2: nan
train MSE group_3: nan
CE loss (TEST): 0.0
Experiment 18439
Epoch 2000 [Test seq (cond on sampled tp)] | Loss 150.455353 | Likelihood -148.868866 | KL fp 4.5814 | FP STD 0.1520|
KL coef: 0.9999999979391934
Train loss (one batch): 152.86268615722656
Train CE loss (one batch): 0.0
Test MSE (raw): 0.0305
Test MSE (smoothed with alpha=0.01): 0.0344
New best smoothed test MSE: 0.0344. Saving best model to experiments/experiment_18439_best.ckpt
Test MSE group_0: 0.0272
Test MSE group_1: 0.0338
Test MSE group_2: nan
Test MSE group_3: nan
Poisson likelihood: 0.0
CE loss: 0.0
train MSE group_0: 0.0293
train MSE group_1: 0.0324
train MSE group_2: nan
train MSE group_3: nan
CE loss (TEST): 0.0
Experiment 18439
Epoch 3000 [Test seq (cond on sampled tp)] | Loss 144.847809 | Likelihood -142.714157 | KL fp 4.7054 | FP STD 0.1079|
KL coef: 0.9999999999999111
Train loss (one batch): 146.308349609375
Train CE loss (one batch): 0.0
Test MSE (raw): 0.0293
Test MSE (smoothed with alpha=0.01): 0.0344
New best smoothed test MSE: 0.0344. Saving best model to experiments/experiment_18439_best.ckpt
Test MSE group_0: 0.0266
Test MSE group_1: 0.0320
Test MSE group_2: nan
Test MSE group_3: nan
Poisson likelihood: 0.0
CE loss: 0.0
train MSE group_0: 0.0279
train MSE group_1: 0.0309
train MSE group_2: nan
train MSE group_3: nan
CE loss (TEST): 0.0
