/Users/benjaminmaurel/Documents/Training_Sanofi/notebooks_hands_on/latent_ode/run_models.py
run_models.py --niters 3000 -n 200 -s 40 -l 10 --dataset PK_Tacro --latent-ode --noise-weight 0.01 --max-t 5. --seed 1 --experiment 19605
Experiment 19605
Epoch 1000 [Test seq (cond on sampled tp)] | Loss 196.009033 | Likelihood -193.552551 | KL fp 6.3858 | FP STD 0.1233|
KL coef: 0.9999522643707747
Train loss (one batch): 196.35983276367188
Train CE loss (one batch): 0.0
Test MSE (raw): 0.0394
Test MSE (smoothed with alpha=0.01): 0.0394
New best smoothed test MSE: 0.0394. Saving best model to experiments/experiment_19605_best.ckpt
Test MSE group_0: 0.0375
Test MSE group_1: 0.0415
Test MSE group_2: nan
Test MSE group_3: nan
Poisson likelihood: 0.0
CE loss: 0.0
train MSE group_0: 0.0350
train MSE group_1: 0.0431
train MSE group_2: nan
train MSE group_3: nan
CE loss (TEST): 0.0
Experiment 19605
Epoch 2000 [Test seq (cond on sampled tp)] | Loss 182.688690 | Likelihood -180.393646 | KL fp 6.5162 | FP STD 0.0759|
KL coef: 0.9999999979391934
Train loss (one batch): 178.35305786132812
Train CE loss (one batch): 0.0
Test MSE (raw): 0.0368
Test MSE (smoothed with alpha=0.01): 0.0394
New best smoothed test MSE: 0.0394. Saving best model to experiments/experiment_19605_best.ckpt
Test MSE group_0: 0.0366
Test MSE group_1: 0.0371
Test MSE group_2: nan
Test MSE group_3: nan
Poisson likelihood: 0.0
CE loss: 0.0
train MSE group_0: 0.0343
train MSE group_1: 0.0365
train MSE group_2: nan
train MSE group_3: nan
CE loss (TEST): 0.0
Experiment 19605
Epoch 3000 [Test seq (cond on sampled tp)] | Loss 176.749374 | Likelihood -176.033966 | KL fp 5.9552 | FP STD 0.0946|
KL coef: 0.9999999999999111
Train loss (one batch): 171.70887756347656
Train CE loss (one batch): 0.0
Test MSE (raw): 0.0359
Test MSE (smoothed with alpha=0.01): 0.0394
New best smoothed test MSE: 0.0394. Saving best model to experiments/experiment_19605_best.ckpt
Test MSE group_0: 0.0362
Test MSE group_1: 0.0357
Test MSE group_2: nan
Test MSE group_3: nan
Poisson likelihood: 0.0
CE loss: 0.0
train MSE group_0: 0.0336
train MSE group_1: 0.0347
train MSE group_2: nan
train MSE group_3: nan
CE loss (TEST): 0.0
