/Users/benjaminmaurel/Documents/Training_Sanofi/notebooks_hands_on/latent_ode/run_models.py
run_models.py --niters 3000 -n 200 -s 40 -l 10 --dataset PK_Tacro --latent-ode --noise-weight 0.01 --max-t 5. --seed 19 --experiment 23123
Experiment 23123
Epoch 1000 [Test seq (cond on sampled tp)] | Loss 212.758301 | Likelihood -208.371002 | KL fp 7.3564 | FP STD 0.1088|
KL coef: 0.9999522643707747
Train loss (one batch): 183.447998046875
Train CE loss (one batch): 0.0
Test MSE (raw): 0.0424
Test MSE (smoothed with alpha=0.01): 0.0424
New best smoothed test MSE: 0.0424. Saving best model to experiments/experiment_23123_best.ckpt
Test MSE group_0: 0.0324
Test MSE group_1: 0.0519
Test MSE group_2: nan
Test MSE group_3: nan
Poisson likelihood: 0.0
CE loss: 0.0
train MSE group_0: 0.0299
train MSE group_1: 0.0442
train MSE group_2: nan
train MSE group_3: nan
CE loss (TEST): 0.0
Experiment 23123
Epoch 2000 [Test seq (cond on sampled tp)] | Loss 170.884186 | Likelihood -167.162140 | KL fp 7.0588 | FP STD 0.1221|
KL coef: 0.9999999979391934
Train loss (one batch): 153.05667114257812
Train CE loss (one batch): 0.0
Test MSE (raw): 0.0342
Test MSE (smoothed with alpha=0.01): 0.0423
New best smoothed test MSE: 0.0423. Saving best model to experiments/experiment_23123_best.ckpt
Test MSE group_0: 0.0303
Test MSE group_1: 0.0378
Test MSE group_2: nan
Test MSE group_3: nan
Poisson likelihood: 0.0
CE loss: 0.0
train MSE group_0: 0.0278
train MSE group_1: 0.0332
train MSE group_2: nan
train MSE group_3: nan
CE loss (TEST): 0.0
Experiment 23123
Epoch 3000 [Test seq (cond on sampled tp)] | Loss 160.777283 | Likelihood -156.527161 | KL fp 6.9419 | FP STD 0.0969|
KL coef: 0.9999999999999111
Train loss (one batch): 142.76939392089844
Train CE loss (one batch): 0.0
Test MSE (raw): 0.0320
Test MSE (smoothed with alpha=0.01): 0.0422
New best smoothed test MSE: 0.0422. Saving best model to experiments/experiment_23123_best.ckpt
Test MSE group_0: 0.0290
Test MSE group_1: 0.0349
Test MSE group_2: nan
Test MSE group_3: nan
Poisson likelihood: 0.0
CE loss: 0.0
train MSE group_0: 0.0262
train MSE group_1: 0.0306
train MSE group_2: nan
train MSE group_3: nan
CE loss (TEST): 0.0
