/Users/benjaminmaurel/Documents/Training_Sanofi/notebooks_hands_on/latent_ode/run_models.py
run_models.py --niters 3000 -n 200 -s 40 -l 10 --dataset PK_Tacro --latent-ode --noise-weight 0.01 --max-t 5. --seed 7 --experiment 35352
Experiment 35352
Epoch 1000 [Test seq (cond on sampled tp)] | Loss 176.921219 | Likelihood -175.725067 | KL fp 5.5804 | FP STD 0.1405|
KL coef: 0.9999522643707747
Train loss (one batch): 165.95425415039062
Train CE loss (one batch): 0.0
Test MSE (raw): 0.0359
Test MSE (smoothed with alpha=0.01): 0.0359
New best smoothed test MSE: 0.0359. Saving best model to experiments/experiment_35352_best.ckpt
Test MSE group_0: 0.0335
Test MSE group_1: 0.0382
Test MSE group_2: nan
Test MSE group_3: nan
Poisson likelihood: 0.0
CE loss: 0.0
train MSE group_0: 0.0319
train MSE group_1: 0.0346
train MSE group_2: nan
train MSE group_3: nan
CE loss (TEST): 0.0
Experiment 35352
Epoch 2000 [Test seq (cond on sampled tp)] | Loss 155.789154 | Likelihood -152.996765 | KL fp 5.3903 | FP STD 0.1165|
KL coef: 0.9999999979391934
Train loss (one batch): 141.77899169921875
Train CE loss (one batch): 0.0
Test MSE (raw): 0.0313
Test MSE (smoothed with alpha=0.01): 0.0358
New best smoothed test MSE: 0.0358. Saving best model to experiments/experiment_35352_best.ckpt
Test MSE group_0: 0.0294
Test MSE group_1: 0.0333
Test MSE group_2: nan
Test MSE group_3: nan
Poisson likelihood: 0.0
CE loss: 0.0
train MSE group_0: 0.0272
train MSE group_1: 0.0293
train MSE group_2: nan
train MSE group_3: nan
CE loss (TEST): 0.0
Experiment 35352
Epoch 3000 [Test seq (cond on sampled tp)] | Loss 157.134827 | Likelihood -155.270477 | KL fp 5.0479 | FP STD 0.1601|
KL coef: 0.9999999999999111
Train loss (one batch): 135.2919921875
Train CE loss (one batch): 0.0
Test MSE (raw): 0.0318
Test MSE (smoothed with alpha=0.01): 0.0358
New best smoothed test MSE: 0.0358. Saving best model to experiments/experiment_35352_best.ckpt
Test MSE group_0: 0.0298
Test MSE group_1: 0.0338
Test MSE group_2: nan
Test MSE group_3: nan
Poisson likelihood: 0.0
CE loss: 0.0
train MSE group_0: 0.0274
train MSE group_1: 0.0273
train MSE group_2: nan
train MSE group_3: nan
CE loss (TEST): 0.0
