/Users/benjaminmaurel/Documents/Training_Sanofi/notebooks_hands_on/latent_ode/run_models.py
run_models.py --niters 3000 -n 200 -s 40 -l 10 --dataset PK_Tacro --latent-ode --noise-weight 0.01 --max-t 5. --seed 8 --experiment 12723
Experiment 12723
Epoch 1000 [Test seq (cond on sampled tp)] | Loss 167.784576 | Likelihood -166.582062 | KL fp 4.3346 | FP STD 0.1607|
KL coef: 0.9999522643707747
Train loss (one batch): 179.8107452392578
Train CE loss (one batch): 0.0
Test MSE (raw): 0.0341
Test MSE (smoothed with alpha=0.01): 0.0341
New best smoothed test MSE: 0.0341. Saving best model to experiments/experiment_12723_best.ckpt
Test MSE group_0: 0.0315
Test MSE group_1: 0.0366
Test MSE group_2: nan
Test MSE group_3: nan
Poisson likelihood: 0.0
CE loss: 0.0
train MSE group_0: 0.0332
train MSE group_1: 0.0386
train MSE group_2: nan
train MSE group_3: nan
CE loss (TEST): 0.0
Experiment 12723
Epoch 2000 [Test seq (cond on sampled tp)] | Loss 156.661713 | Likelihood -155.043503 | KL fp 4.4066 | FP STD 0.1339|
KL coef: 0.9999999979391934
Train loss (one batch): 167.40496826171875
Train CE loss (one batch): 0.0
Test MSE (raw): 0.0317
Test MSE (smoothed with alpha=0.01): 0.0340
New best smoothed test MSE: 0.0340. Saving best model to experiments/experiment_12723_best.ckpt
Test MSE group_0: 0.0293
Test MSE group_1: 0.0342
Test MSE group_2: nan
Test MSE group_3: nan
Poisson likelihood: 0.0
CE loss: 0.0
train MSE group_0: 0.0308
train MSE group_1: 0.0361
train MSE group_2: nan
train MSE group_3: nan
CE loss (TEST): 0.0
Experiment 12723
Epoch 3000 [Test seq (cond on sampled tp)] | Loss 151.722076 | Likelihood -149.783234 | KL fp 4.6399 | FP STD 0.1089|
KL coef: 0.9999999999999111
Train loss (one batch): 158.78843688964844
Train CE loss (one batch): 0.0
Test MSE (raw): 0.0307
Test MSE (smoothed with alpha=0.01): 0.0340
New best smoothed test MSE: 0.0340. Saving best model to experiments/experiment_12723_best.ckpt
Test MSE group_0: 0.0288
Test MSE group_1: 0.0326
Test MSE group_2: nan
Test MSE group_3: nan
Poisson likelihood: 0.0
CE loss: 0.0
train MSE group_0: 0.0297
train MSE group_1: 0.0336
train MSE group_2: nan
train MSE group_3: nan
CE loss (TEST): 0.0
