/Users/benjaminmaurel/Documents/Training_Sanofi/notebooks_hands_on/latent_ode/run_models.py
run_models.py --niters 3000 -n 200 -s 40 -l 10 --dataset PK_Tacro --latent-ode --noise-weight 0.01 --max-t 5. --seed 11 --experiment 32661
Experiment 32661
Epoch 1000 [Test seq (cond on sampled tp)] | Loss 199.466888 | Likelihood -196.769333 | KL fp 5.7152 | FP STD 0.1389|
KL coef: 0.9999522643707747
Train loss (one batch): 198.44540405273438
Train CE loss (one batch): 0.0
Test MSE (raw): 0.0401
Test MSE (smoothed with alpha=0.01): 0.0401
New best smoothed test MSE: 0.0401. Saving best model to experiments/experiment_32661_best.ckpt
Test MSE group_0: 0.0328
Test MSE group_1: 0.0482
Test MSE group_2: nan
Test MSE group_3: nan
Poisson likelihood: 0.0
CE loss: 0.0
train MSE group_0: 0.0341
train MSE group_1: 0.0459
train MSE group_2: nan
train MSE group_3: nan
CE loss (TEST): 0.0
Experiment 32661
Epoch 2000 [Test seq (cond on sampled tp)] | Loss 180.136475 | Likelihood -176.853851 | KL fp 6.0784 | FP STD 0.0830|
KL coef: 0.9999999979391934
Train loss (one batch): 173.40887451171875
Train CE loss (one batch): 0.0
Test MSE (raw): 0.0361
Test MSE (smoothed with alpha=0.01): 0.0401
New best smoothed test MSE: 0.0401. Saving best model to experiments/experiment_32661_best.ckpt
Test MSE group_0: 0.0313
Test MSE group_1: 0.0414
Test MSE group_2: nan
Test MSE group_3: nan
Poisson likelihood: 0.0
CE loss: 0.0
train MSE group_0: 0.0313
train MSE group_1: 0.0382
train MSE group_2: nan
train MSE group_3: nan
CE loss (TEST): 0.0
Experiment 32661
Epoch 3000 [Test seq (cond on sampled tp)] | Loss 180.922043 | Likelihood -181.490509 | KL fp 5.6895 | FP STD 0.1256|
KL coef: 0.9999999999999111
Train loss (one batch): 175.54660034179688
Train CE loss (one batch): 0.0
Test MSE (raw): 0.0370
Test MSE (smoothed with alpha=0.01): 0.0400
New best smoothed test MSE: 0.0400. Saving best model to experiments/experiment_32661_best.ckpt
Test MSE group_0: 0.0364
Test MSE group_1: 0.0378
Test MSE group_2: nan
Test MSE group_3: nan
Poisson likelihood: 0.0
CE loss: 0.0
train MSE group_0: 0.0358
train MSE group_1: 0.0350
train MSE group_2: nan
train MSE group_3: nan
CE loss (TEST): 0.0
