/Users/benjaminmaurel/Documents/Training_Sanofi/notebooks_hands_on/latent_ode/run_models.py
run_models.py --niters 3000 -n 200 -s 40 -l 10 --dataset PK_Tacro --latent-ode --noise-weight 0.01 --max-t 5. --seed 137 --experiment 13217
Experiment 13217
Epoch 1000 [Test seq (cond on sampled tp)] | Loss 240.595062 | Likelihood -239.305710 | KL fp 5.8768 | FP STD 0.1146|
KL coef: 0.9999522643707747
Train loss (one batch): 235.3838653564453
Train CE loss (one batch): 0.0
Test MSE (raw): 0.0486
Test MSE (smoothed with alpha=0.01): 0.0486
New best smoothed test MSE: 0.0486. Saving best model to experiments/experiment_13217_best.ckpt
Test MSE group_0: 0.0396
Test MSE group_1: 0.0575
Test MSE group_2: nan
Test MSE group_3: nan
Poisson likelihood: 0.0
CE loss: 0.0
train MSE group_0: 0.0391
train MSE group_1: 0.0581
train MSE group_2: nan
train MSE group_3: nan
CE loss (TEST): 0.0
Experiment 13217
Epoch 2000 [Test seq (cond on sampled tp)] | Loss 223.378693 | Likelihood -219.515167 | KL fp 6.4323 | FP STD 0.0564|
KL coef: 0.9999999979391934
Train loss (one batch): 218.40255737304688
Train CE loss (one batch): 0.0
Test MSE (raw): 0.0446
Test MSE (smoothed with alpha=0.01): 0.0486
New best smoothed test MSE: 0.0486. Saving best model to experiments/experiment_13217_best.ckpt
Test MSE group_0: 0.0377
Test MSE group_1: 0.0515
Test MSE group_2: nan
Test MSE group_3: nan
Poisson likelihood: 0.0
CE loss: 0.0
train MSE group_0: 0.0364
train MSE group_1: 0.0530
train MSE group_2: nan
train MSE group_3: nan
CE loss (TEST): 0.0
Experiment 13217
Epoch 3000 [Test seq (cond on sampled tp)] | Loss 220.961243 | Likelihood -217.140594 | KL fp 6.3532 | FP STD 0.0521|
KL coef: 0.9999999999999111
Train loss (one batch): 216.6334228515625
Train CE loss (one batch): 0.0
Test MSE (raw): 0.0442
Test MSE (smoothed with alpha=0.01): 0.0485
New best smoothed test MSE: 0.0485. Saving best model to experiments/experiment_13217_best.ckpt
Test MSE group_0: 0.0378
Test MSE group_1: 0.0505
Test MSE group_2: nan
Test MSE group_3: nan
Poisson likelihood: 0.0
CE loss: 0.0
train MSE group_0: 0.0366
train MSE group_1: 0.0519
train MSE group_2: nan
train MSE group_3: nan
CE loss (TEST): 0.0
