/Users/benjaminmaurel/Documents/Training_Sanofi/notebooks_hands_on/latent_ode/run_models.py
run_models.py --niters 3000 -n 200 -s 40 -l 10 --dataset PK_Tacro --latent-ode --noise-weight 0.01 --max-t 5. --seed 162 --experiment 41397
Experiment 41397
Epoch 1000 [Test seq (cond on sampled tp)] | Loss 227.576172 | Likelihood -234.861572 | KL fp 4.6255 | FP STD 0.3166|
KL coef: 0.9999522643707747
Train loss (one batch): 258.53594970703125
Train CE loss (one batch): 0.0
Test MSE (raw): 0.0477
Test MSE (smoothed with alpha=0.01): 0.0477
New best smoothed test MSE: 0.0477. Saving best model to experiments/experiment_41397_best.ckpt
Test MSE group_0: 0.0454
Test MSE group_1: 0.0500
Test MSE group_2: nan
Test MSE group_3: nan
Poisson likelihood: 0.0
CE loss: 0.0
train MSE group_0: 0.0496
train MSE group_1: 0.0547
train MSE group_2: nan
train MSE group_3: nan
CE loss (TEST): 0.0
Experiment 41397
Epoch 2000 [Test seq (cond on sampled tp)] | Loss 164.550705 | Likelihood -161.956772 | KL fp 5.2230 | FP STD 0.0942|
KL coef: 0.9999999979391934
Train loss (one batch): 184.1525115966797
Train CE loss (one batch): 0.0
Test MSE (raw): 0.0331
Test MSE (smoothed with alpha=0.01): 0.0476
New best smoothed test MSE: 0.0476. Saving best model to experiments/experiment_41397_best.ckpt
Test MSE group_0: 0.0316
Test MSE group_1: 0.0347
Test MSE group_2: nan
Test MSE group_3: nan
Poisson likelihood: 0.0
CE loss: 0.0
train MSE group_0: 0.0356
train MSE group_1: 0.0381
train MSE group_2: nan
train MSE group_3: nan
CE loss (TEST): 0.0
Experiment 41397
Epoch 3000 [Test seq (cond on sampled tp)] | Loss 160.464966 | Likelihood -158.084518 | KL fp 5.0083 | FP STD 0.0978|
KL coef: 0.9999999999999111
Train loss (one batch): 180.01832580566406
Train CE loss (one batch): 0.0
Test MSE (raw): 0.0324
Test MSE (smoothed with alpha=0.01): 0.0474
New best smoothed test MSE: 0.0474. Saving best model to experiments/experiment_41397_best.ckpt
Test MSE group_0: 0.0310
Test MSE group_1: 0.0337
Test MSE group_2: nan
Test MSE group_3: nan
Poisson likelihood: 0.0
CE loss: 0.0
train MSE group_0: 0.0348
train MSE group_1: 0.0371
train MSE group_2: nan
train MSE group_3: nan
CE loss (TEST): 0.0
