/Users/benjaminmaurel/Documents/Training_Sanofi/notebooks_hands_on/latent_ode/run_models.py
run_models.py --niters 3000 -n 200 -s 40 -l 10 --dataset PK_Tacro --latent-ode --noise-weight 0.01 --max-t 5. --seed 169 --experiment 22605
Experiment 22605
Epoch 1000 [Test seq (cond on sampled tp)] | Loss 156.769379 | Likelihood -155.965744 | KL fp 4.1193 | FP STD 0.1292|
KL coef: 0.9999522643707747
Train loss (one batch): 160.6887664794922
Train CE loss (one batch): 0.0
Test MSE (raw): 0.0319
Test MSE (smoothed with alpha=0.01): 0.0319
New best smoothed test MSE: 0.0319. Saving best model to experiments/experiment_22605_best.ckpt
Test MSE group_0: 0.0283
Test MSE group_1: 0.0355
Test MSE group_2: nan
Test MSE group_3: nan
Poisson likelihood: 0.0
CE loss: 0.0
train MSE group_0: 0.0291
train MSE group_1: 0.0352
train MSE group_2: nan
train MSE group_3: nan
CE loss (TEST): 0.0
Experiment 22605
Epoch 2000 [Test seq (cond on sampled tp)] | Loss 148.060379 | Likelihood -146.486298 | KL fp 4.2847 | FP STD 0.0780|
KL coef: 0.9999999979391934
Train loss (one batch): 150.12269592285156
Train CE loss (one batch): 0.0
Test MSE (raw): 0.0300
Test MSE (smoothed with alpha=0.01): 0.0319
New best smoothed test MSE: 0.0319. Saving best model to experiments/experiment_22605_best.ckpt
Test MSE group_0: 0.0271
Test MSE group_1: 0.0330
Test MSE group_2: nan
Test MSE group_3: nan
Poisson likelihood: 0.0
CE loss: 0.0
train MSE group_0: 0.0268
train MSE group_1: 0.0328
train MSE group_2: nan
train MSE group_3: nan
CE loss (TEST): 0.0
Experiment 22605
Epoch 3000 [Test seq (cond on sampled tp)] | Loss 144.568130 | Likelihood -143.989502 | KL fp 3.8845 | FP STD 0.1036|
KL coef: 0.9999999999999111
Train loss (one batch): 148.38746643066406
Train CE loss (one batch): 0.0
Test MSE (raw): 0.0295
Test MSE (smoothed with alpha=0.01): 0.0319
New best smoothed test MSE: 0.0319. Saving best model to experiments/experiment_22605_best.ckpt
Test MSE group_0: 0.0275
Test MSE group_1: 0.0315
Test MSE group_2: nan
Test MSE group_3: nan
Poisson likelihood: 0.0
CE loss: 0.0
train MSE group_0: 0.0276
train MSE group_1: 0.0317
train MSE group_2: nan
train MSE group_3: nan
CE loss (TEST): 0.0
