/Users/benjaminmaurel/Documents/Training_Sanofi/notebooks_hands_on/latent_ode/run_models.py
run_models.py --niters 3000 -n 200 -s 40 -l 10 --dataset PK_Tacro --latent-ode --noise-weight 0.01 --max-t 5. --seed 1 --experiment 31736
Experiment 31736
Epoch 1000 [Test seq (cond on sampled tp)] | Loss 181.422531 | Likelihood -179.687012 | KL fp 5.7283 | FP STD 0.0996|
KL coef: 0.9999522643707747
Train loss (one batch): 176.98104858398438
Train CE loss (one batch): 0.0
Test MSE (raw): 0.0367
Test MSE (smoothed with alpha=0.01): 0.0367
New best smoothed test MSE: 0.0367. Saving best model to experiments/experiment_31736_best.ckpt
Test MSE group_0: 0.0344
Test MSE group_1: 0.0387
Test MSE group_2: nan
Test MSE group_3: nan
Poisson likelihood: 0.0
CE loss: 0.0
train MSE group_0: 0.0347
train MSE group_1: 0.0362
train MSE group_2: nan
train MSE group_3: nan
CE loss (TEST): 0.0
Experiment 31736
Epoch 2000 [Test seq (cond on sampled tp)] | Loss 169.728119 | Likelihood -166.937180 | KL fp 5.4738 | FP STD 0.0852|
KL coef: 0.9999999979391934
Train loss (one batch): 162.1581573486328
Train CE loss (one batch): 0.0
Test MSE (raw): 0.0341
Test MSE (smoothed with alpha=0.01): 0.0366
New best smoothed test MSE: 0.0366. Saving best model to experiments/experiment_31736_best.ckpt
Test MSE group_0: 0.0315
Test MSE group_1: 0.0365
Test MSE group_2: nan
Test MSE group_3: nan
Poisson likelihood: 0.0
CE loss: 0.0
train MSE group_0: 0.0313
train MSE group_1: 0.0336
train MSE group_2: nan
train MSE group_3: nan
CE loss (TEST): 0.0
Experiment 31736
Epoch 3000 [Test seq (cond on sampled tp)] | Loss 164.707947 | Likelihood -161.938324 | KL fp 5.4105 | FP STD 0.0698|
KL coef: 0.9999999999999111
Train loss (one batch): 155.9126739501953
Train CE loss (one batch): 0.0
Test MSE (raw): 0.0331
Test MSE (smoothed with alpha=0.01): 0.0366
New best smoothed test MSE: 0.0366. Saving best model to experiments/experiment_31736_best.ckpt
Test MSE group_0: 0.0304
Test MSE group_1: 0.0356
Test MSE group_2: nan
Test MSE group_3: nan
Poisson likelihood: 0.0
CE loss: 0.0
train MSE group_0: 0.0301
train MSE group_1: 0.0322
train MSE group_2: nan
train MSE group_3: nan
CE loss (TEST): 0.0
