/Users/benjaminmaurel/Documents/Training_Sanofi/notebooks_hands_on/latent_ode/run_models.py
run_models.py --niters 3000 -n 200 -s 40 -l 10 --dataset PK_Tacro --latent-ode --noise-weight 0.01 --max-t 5. --seed 19 --experiment 24415
Experiment 24415
Epoch 1000 [Test seq (cond on sampled tp)] | Loss 188.921906 | Likelihood -184.704254 | KL fp 8.5007 | FP STD 0.1471|
KL coef: 0.9999522643707747
Train loss (one batch): 189.7681427001953
Train CE loss (one batch): 0.0
Test MSE (raw): 0.0377
Test MSE (smoothed with alpha=0.01): 0.0377
New best smoothed test MSE: 0.0377. Saving best model to experiments/experiment_24415_best.ckpt
Test MSE group_0: 0.0301
Test MSE group_1: 0.0452
Test MSE group_2: nan
Test MSE group_3: nan
Poisson likelihood: 0.0
CE loss: 0.0
train MSE group_0: 0.0329
train MSE group_1: 0.0417
train MSE group_2: nan
train MSE group_3: nan
CE loss (TEST): 0.0
Experiment 24415
Epoch 2000 [Test seq (cond on sampled tp)] | Loss 166.594025 | Likelihood -163.486511 | KL fp 7.4362 | FP STD 0.1468|
KL coef: 0.9999999979391934
Train loss (one batch): 168.94224548339844
Train CE loss (one batch): 0.0
Test MSE (raw): 0.0334
Test MSE (smoothed with alpha=0.01): 0.0376
New best smoothed test MSE: 0.0376. Saving best model to experiments/experiment_24415_best.ckpt
Test MSE group_0: 0.0281
Test MSE group_1: 0.0387
Test MSE group_2: nan
Test MSE group_3: nan
Poisson likelihood: 0.0
CE loss: 0.0
train MSE group_0: 0.0303
train MSE group_1: 0.0362
train MSE group_2: nan
train MSE group_3: nan
CE loss (TEST): 0.0
Experiment 24415
Epoch 3000 [Test seq (cond on sampled tp)] | Loss 156.844925 | Likelihood -152.303833 | KL fp 7.4482 | FP STD 0.0974|
KL coef: 0.9999999999999111
Train loss (one batch): 156.77084350585938
Train CE loss (one batch): 0.0
Test MSE (raw): 0.0312
Test MSE (smoothed with alpha=0.01): 0.0376
New best smoothed test MSE: 0.0376. Saving best model to experiments/experiment_24415_best.ckpt
Test MSE group_0: 0.0278
Test MSE group_1: 0.0346
Test MSE group_2: nan
Test MSE group_3: nan
Poisson likelihood: 0.0
CE loss: 0.0
train MSE group_0: 0.0292
train MSE group_1: 0.0325
train MSE group_2: nan
train MSE group_3: nan
CE loss (TEST): 0.0
