/Users/benjaminmaurel/Documents/Training_Sanofi/notebooks_hands_on/latent_ode/run_models.py
run_models.py --niters 3000 -n 200 -s 40 -l 10 --dataset PK_Tacro --latent-ode --noise-weight 0.01 --max-t 5. --seed 20 --experiment 25226
Experiment 25226
Epoch 1000 [Test seq (cond on sampled tp)] | Loss 201.342117 | Likelihood -198.822723 | KL fp 6.0443 | FP STD 0.1037|
KL coef: 0.9999522643707747
Train loss (one batch): 204.80015563964844
Train CE loss (one batch): 0.0
Test MSE (raw): 0.0405
Test MSE (smoothed with alpha=0.01): 0.0405
New best smoothed test MSE: 0.0405. Saving best model to experiments/experiment_25226_best.ckpt
Test MSE group_0: 0.0379
Test MSE group_1: 0.0429
Test MSE group_2: nan
Test MSE group_3: nan
Poisson likelihood: 0.0
CE loss: 0.0
train MSE group_0: 0.0386
train MSE group_1: 0.0428
train MSE group_2: nan
train MSE group_3: nan
CE loss (TEST): 0.0
Experiment 25226
Epoch 2000 [Test seq (cond on sampled tp)] | Loss 190.654388 | Likelihood -187.900482 | KL fp 5.9817 | FP STD 0.0929|
KL coef: 0.9999999979391934
Train loss (one batch): 191.9366455078125
Train CE loss (one batch): 0.0
Test MSE (raw): 0.0383
Test MSE (smoothed with alpha=0.01): 0.0405
New best smoothed test MSE: 0.0405. Saving best model to experiments/experiment_25226_best.ckpt
Test MSE group_0: 0.0358
Test MSE group_1: 0.0406
Test MSE group_2: nan
Test MSE group_3: nan
Poisson likelihood: 0.0
CE loss: 0.0
train MSE group_0: 0.0365
train MSE group_1: 0.0402
train MSE group_2: nan
train MSE group_3: nan
CE loss (TEST): 0.0
Experiment 25226
Epoch 3000 [Test seq (cond on sampled tp)] | Loss 181.480560 | Likelihood -178.598297 | KL fp 5.8316 | FP STD 0.0736|
KL coef: 0.9999999999999111
Train loss (one batch): 181.05078125
Train CE loss (one batch): 0.0
Test MSE (raw): 0.0365
Test MSE (smoothed with alpha=0.01): 0.0404
New best smoothed test MSE: 0.0404. Saving best model to experiments/experiment_25226_best.ckpt
Test MSE group_0: 0.0344
Test MSE group_1: 0.0383
Test MSE group_2: nan
Test MSE group_3: nan
Poisson likelihood: 0.0
CE loss: 0.0
train MSE group_0: 0.0348
train MSE group_1: 0.0372
train MSE group_2: nan
train MSE group_3: nan
CE loss (TEST): 0.0
