/Users/benjaminmaurel/Documents/Training_Sanofi/notebooks_hands_on/latent_ode/run_models.py
run_models.py --niters 3000 -n 200 -s 40 -l 10 --dataset PK_Tacro --latent-ode --noise-weight 0.01 --max-t 5. --seed 8 --experiment 36578
Experiment 36578
Epoch 1000 [Test seq (cond on sampled tp)] | Loss 272.190765 | Likelihood -277.945251 | KL fp 3.8718 | FP STD 0.2694|
KL coef: 0.9999522643707747
Train loss (one batch): 274.39337158203125
Train CE loss (one batch): 0.0
Test MSE (raw): 0.0563
Test MSE (smoothed with alpha=0.01): 0.0563
New best smoothed test MSE: 0.0563. Saving best model to experiments/experiment_36578_best.ckpt
Test MSE group_0: 0.0491
Test MSE group_1: 0.0633
Test MSE group_2: nan
Test MSE group_3: nan
Poisson likelihood: 0.0
CE loss: 0.0
train MSE group_0: 0.0521
train MSE group_1: 0.0591
train MSE group_2: nan
train MSE group_3: nan
CE loss (TEST): 0.0
Experiment 36578
Epoch 2000 [Test seq (cond on sampled tp)] | Loss 252.568451 | Likelihood -251.855347 | KL fp 4.0340 | FP STD 0.1980|
KL coef: 0.9999999979391934
Train loss (one batch): 245.09608459472656
Train CE loss (one batch): 0.0
Test MSE (raw): 0.0511
Test MSE (smoothed with alpha=0.01): 0.0563
New best smoothed test MSE: 0.0563. Saving best model to experiments/experiment_36578_best.ckpt
Test MSE group_0: 0.0456
Test MSE group_1: 0.0564
Test MSE group_2: nan
Test MSE group_3: nan
Poisson likelihood: 0.0
CE loss: 0.0
train MSE group_0: 0.0466
train MSE group_1: 0.0517
train MSE group_2: nan
train MSE group_3: nan
CE loss (TEST): 0.0
Experiment 36578
Epoch 3000 [Test seq (cond on sampled tp)] | Loss 237.494446 | Likelihood -237.273529 | KL fp 4.1745 | FP STD 0.1717|
KL coef: 0.9999999999999111
Train loss (one batch): 230.86351013183594
Train CE loss (one batch): 0.0
Test MSE (raw): 0.0482
Test MSE (smoothed with alpha=0.01): 0.0562
New best smoothed test MSE: 0.0562. Saving best model to experiments/experiment_36578_best.ckpt
Test MSE group_0: 0.0437
Test MSE group_1: 0.0526
Test MSE group_2: nan
Test MSE group_3: nan
Poisson likelihood: 0.0
CE loss: 0.0
train MSE group_0: 0.0446
train MSE group_1: 0.0485
train MSE group_2: nan
train MSE group_3: nan
CE loss (TEST): 0.0
