/Users/benjaminmaurel/Documents/Training_Sanofi/notebooks_hands_on/latent_ode/run_models.py
run_models.py --niters 3000 -n 200 -s 40 -l 10 --dataset PK_Tacro --latent-ode --noise-weight 0.01 --max-t 5. --seed 144 --experiment 36229
Experiment 36229
Epoch 1000 [Test seq (cond on sampled tp)] | Loss 221.595749 | Likelihood -220.139725 | KL fp 5.3204 | FP STD 0.1189|
KL coef: 0.9999522643707747
Train loss (one batch): 215.70008850097656
Train CE loss (one batch): 0.0
Test MSE (raw): 0.0448
Test MSE (smoothed with alpha=0.01): 0.0448
New best smoothed test MSE: 0.0448. Saving best model to experiments/experiment_36229_best.ckpt
Test MSE group_0: 0.0383
Test MSE group_1: 0.0511
Test MSE group_2: nan
Test MSE group_3: nan
Poisson likelihood: 0.0
CE loss: 0.0
train MSE group_0: 0.0407
train MSE group_1: 0.0457
train MSE group_2: nan
train MSE group_3: nan
CE loss (TEST): 0.0
Experiment 36229
Epoch 2000 [Test seq (cond on sampled tp)] | Loss 183.760635 | Likelihood -181.890472 | KL fp 5.4191 | FP STD 0.1028|
KL coef: 0.9999999979391934
Train loss (one batch): 186.2462921142578
Train CE loss (one batch): 0.0
Test MSE (raw): 0.0371
Test MSE (smoothed with alpha=0.01): 0.0447
New best smoothed test MSE: 0.0447. Saving best model to experiments/experiment_36229_best.ckpt
Test MSE group_0: 0.0325
Test MSE group_1: 0.0417
Test MSE group_2: nan
Test MSE group_3: nan
Poisson likelihood: 0.0
CE loss: 0.0
train MSE group_0: 0.0354
train MSE group_1: 0.0430
train MSE group_2: nan
train MSE group_3: nan
CE loss (TEST): 0.0
Experiment 36229
Epoch 3000 [Test seq (cond on sampled tp)] | Loss 171.095230 | Likelihood -168.236206 | KL fp 5.5544 | FP STD 0.0907|
KL coef: 0.9999999999999111
Train loss (one batch): 170.17576599121094
Train CE loss (one batch): 0.0
Test MSE (raw): 0.0344
Test MSE (smoothed with alpha=0.01): 0.0446
New best smoothed test MSE: 0.0446. Saving best model to experiments/experiment_36229_best.ckpt
Test MSE group_0: 0.0305
Test MSE group_1: 0.0383
Test MSE group_2: nan
Test MSE group_3: nan
Poisson likelihood: 0.0
CE loss: 0.0
train MSE group_0: 0.0329
train MSE group_1: 0.0349
train MSE group_2: nan
train MSE group_3: nan
CE loss (TEST): 0.0
