/Users/benjaminmaurel/Documents/Training_Sanofi/notebooks_hands_on/latent_ode/run_models.py
run_models.py --niters 3000 -n 200 -s 40 -l 10 --dataset PK_Tacro --latent-ode --noise-weight 0.01 --max-t 5. --seed 159 --experiment 15397
Experiment 15397
Epoch 1000 [Test seq (cond on sampled tp)] | Loss 182.873474 | Likelihood -182.319199 | KL fp 3.5708 | FP STD 0.0758|
KL coef: 0.9999522643707747
Train loss (one batch): 177.5789031982422
Train CE loss (one batch): 0.0
Test MSE (raw): 0.0372
Test MSE (smoothed with alpha=0.01): 0.0372
New best smoothed test MSE: 0.0372. Saving best model to experiments/experiment_15397_best.ckpt
Test MSE group_0: 0.0319
Test MSE group_1: 0.0424
Test MSE group_2: nan
Test MSE group_3: nan
Poisson likelihood: 0.0
CE loss: 0.0
train MSE group_0: 0.0343
train MSE group_1: 0.0373
train MSE group_2: nan
train MSE group_3: nan
CE loss (TEST): 0.0
