/Users/benjaminmaurel/Documents/Training_Sanofi/notebooks_hands_on/latent_ode/run_models.py
run_models.py --niters 3000 -n 200 -s 40 -l 10 --dataset PK_Tacro --latent-ode --noise-weight 0.01 --max-t 5. --seed 2 --experiment 23421
Experiment 23421
Epoch 1000 [Test seq (cond on sampled tp)] | Loss 208.664642 | Likelihood -205.728943 | KL fp 6.0947 | FP STD 0.0817|
KL coef: 0.9999522643707747
Train loss (one batch): 211.8984832763672
Train CE loss (one batch): 0.0
Test MSE (raw): 0.0419
Test MSE (smoothed with alpha=0.01): 0.0419
New best smoothed test MSE: 0.0419. Saving best model to experiments/experiment_23421_best.ckpt
Test MSE group_0: 0.0400
Test MSE group_1: 0.0438
Test MSE group_2: nan
Test MSE group_3: nan
Poisson likelihood: 0.0
CE loss: 0.0
train MSE group_0: 0.0392
train MSE group_1: 0.0452
train MSE group_2: nan
train MSE group_3: nan
CE loss (TEST): 0.0
Experiment 23421
Epoch 2000 [Test seq (cond on sampled tp)] | Loss 203.723572 | Likelihood -204.464996 | KL fp 5.0047 | FP STD 0.2173|
KL coef: 0.9999999979391934
Train loss (one batch): 206.61219787597656
Train CE loss (one batch): 0.0
Test MSE (raw): 0.0416
Test MSE (smoothed with alpha=0.01): 0.0419
New best smoothed test MSE: 0.0419. Saving best model to experiments/experiment_23421_best.ckpt
Test MSE group_0: 0.0405
Test MSE group_1: 0.0428
Test MSE group_2: nan
Test MSE group_3: nan
Poisson likelihood: 0.0
CE loss: 0.0
train MSE group_0: 0.0407
train MSE group_1: 0.0435
train MSE group_2: nan
train MSE group_3: nan
CE loss (TEST): 0.0
Experiment 23421
Epoch 3000 [Test seq (cond on sampled tp)] | Loss 184.019653 | Likelihood -181.390869 | KL fp 5.5628 | FP STD 0.1213|
KL coef: 0.9999999999999111
Train loss (one batch): 183.45486450195312
Train CE loss (one batch): 0.0
Test MSE (raw): 0.0370
Test MSE (smoothed with alpha=0.01): 0.0418
New best smoothed test MSE: 0.0418. Saving best model to experiments/experiment_23421_best.ckpt
Test MSE group_0: 0.0364
Test MSE group_1: 0.0377
Test MSE group_2: nan
Test MSE group_3: nan
Poisson likelihood: 0.0
CE loss: 0.0
train MSE group_0: 0.0356
train MSE group_1: 0.0377
train MSE group_2: nan
train MSE group_3: nan
CE loss (TEST): 0.0
