/Users/benjaminmaurel/Documents/Training_Sanofi/notebooks_hands_on/latent_ode/run_models.py
run_models.py --niters 8000 -n 200 -s 40 -l 10 --dataset PK_Tacro --latent-ode --noise-weight 0.01 --max-t 5. --seed 15 --experiment 989
Experiment 989
Epoch 0010 [Test seq (cond on sampled tp)] | Loss 2193.480957 | Likelihood -2592.097168 | KL fp 2.5256 | FP STD 0.8949|
KL coef: 0.0
Train loss (one batch): 2488.070068359375
Train CE loss (one batch): 0.0
Test MSE (raw): 0.5192
Test MSE (smoothed with alpha=0.01): 0.5192
New best smoothed test MSE: 0.5192. Saving best model to experiments/experiment_989_best.ckpt
Test MSE group_0: 0.5785
Test MSE group_1: 0.4416
Test MSE group_2: nan
Test MSE group_3: nan
Poisson likelihood: 0.0
CE loss: 0.0
train MSE group_0: 0.6132
train MSE group_1: 0.3600
train MSE group_2: nan
train MSE group_3: nan
CE loss (TEST): 0.0
