/Users/benjaminmaurel/Documents/Training_Sanofi/notebooks_hands_on/latent_ode/run_models.py
run_models.py --niters 3000 -n 200 -s 40 -l 10 --dataset PK_Tacro --latent-ode --noise-weight 0.01 --max-t 5. --seed 199 --experiment 30116
Experiment 30116
Epoch 1000 [Test seq (cond on sampled tp)] | Loss 246.654907 | Likelihood -252.484100 | KL fp 4.7528 | FP STD 0.3068|
KL coef: 0.9999522643707747
Train loss (one batch): 251.69979858398438
Train CE loss (one batch): 0.0
Test MSE (raw): 0.0512
Test MSE (smoothed with alpha=0.01): 0.0512
New best smoothed test MSE: 0.0512. Saving best model to experiments/experiment_30116_best.ckpt
Test MSE group_0: 0.0471
Test MSE group_1: 0.0553
Test MSE group_2: nan
Test MSE group_3: nan
Poisson likelihood: 0.0
CE loss: 0.0
train MSE group_0: 0.0425
train MSE group_1: 0.0604
train MSE group_2: nan
train MSE group_3: nan
CE loss (TEST): 0.0
Experiment 30116
Epoch 2000 [Test seq (cond on sampled tp)] | Loss 162.675964 | Likelihood -160.625336 | KL fp 5.8570 | FP STD 0.1148|
KL coef: 0.9999999979391934
Train loss (one batch): 172.58035278320312
Train CE loss (one batch): 0.0
Test MSE (raw): 0.0329
Test MSE (smoothed with alpha=0.01): 0.0511
New best smoothed test MSE: 0.0511. Saving best model to experiments/experiment_30116_best.ckpt
Test MSE group_0: 0.0323
Test MSE group_1: 0.0334
Test MSE group_2: nan
Test MSE group_3: nan
Poisson likelihood: 0.0
CE loss: 0.0
train MSE group_0: 0.0323
train MSE group_1: 0.0363
train MSE group_2: nan
train MSE group_3: nan
CE loss (TEST): 0.0
Experiment 30116
Epoch 3000 [Test seq (cond on sampled tp)] | Loss 152.809326 | Likelihood -150.052261 | KL fp 5.7004 | FP STD 0.1036|
KL coef: 0.9999999999999111
Train loss (one batch): 159.53115844726562
Train CE loss (one batch): 0.0
Test MSE (raw): 0.0307
Test MSE (smoothed with alpha=0.01): 0.0508
New best smoothed test MSE: 0.0508. Saving best model to experiments/experiment_30116_best.ckpt
Test MSE group_0: 0.0290
Test MSE group_1: 0.0325
Test MSE group_2: nan
Test MSE group_3: nan
Poisson likelihood: 0.0
CE loss: 0.0
train MSE group_0: 0.0283
train MSE group_1: 0.0350
train MSE group_2: nan
train MSE group_3: nan
CE loss (TEST): 0.0
