/Users/benjaminmaurel/Documents/Training_Sanofi/notebooks_hands_on/latent_ode/run_models.py
run_models.py --niters 3000 -n 200 -s 40 -l 10 --dataset PK_Tacro --latent-ode --noise-weight 0.01 --max-t 5. --seed 28 --experiment 13145
Experiment 13145
Epoch 1000 [Test seq (cond on sampled tp)] | Loss 246.304840 | Likelihood -242.882706 | KL fp 6.8891 | FP STD 0.1887|
KL coef: 0.9999522643707747
Train loss (one batch): 231.96224975585938
Train CE loss (one batch): 0.0
Test MSE (raw): 0.0493
Test MSE (smoothed with alpha=0.01): 0.0493
New best smoothed test MSE: 0.0493. Saving best model to experiments/experiment_13145_best.ckpt
Test MSE group_0: 0.0463
Test MSE group_1: 0.0528
Test MSE group_2: nan
Test MSE group_3: nan
Poisson likelihood: 0.0
CE loss: 0.0
train MSE group_0: 0.0417
train MSE group_1: 0.0497
train MSE group_2: nan
train MSE group_3: nan
CE loss (TEST): 0.0
Experiment 13145
Epoch 2000 [Test seq (cond on sampled tp)] | Loss 184.207397 | Likelihood -182.683777 | KL fp 5.8755 | FP STD 0.2013|
KL coef: 0.9999999979391934
Train loss (one batch): 168.67063903808594
Train CE loss (one batch): 0.0
Test MSE (raw): 0.0373
Test MSE (smoothed with alpha=0.01): 0.0492
New best smoothed test MSE: 0.0492. Saving best model to experiments/experiment_13145_best.ckpt
Test MSE group_0: 0.0348
Test MSE group_1: 0.0401
Test MSE group_2: nan
Test MSE group_3: nan
Poisson likelihood: 0.0
CE loss: 0.0
train MSE group_0: 0.0297
train MSE group_1: 0.0369
train MSE group_2: nan
train MSE group_3: nan
CE loss (TEST): 0.0
Experiment 13145
Epoch 3000 [Test seq (cond on sampled tp)] | Loss 166.496613 | Likelihood -163.853653 | KL fp 5.8696 | FP STD 0.1096|
KL coef: 0.9999999999999111
Train loss (one batch): 152.35255432128906
Train CE loss (one batch): 0.0
Test MSE (raw): 0.0335
Test MSE (smoothed with alpha=0.01): 0.0490
New best smoothed test MSE: 0.0490. Saving best model to experiments/experiment_13145_best.ckpt
Test MSE group_0: 0.0312
Test MSE group_1: 0.0361
Test MSE group_2: nan
Test MSE group_3: nan
Poisson likelihood: 0.0
CE loss: 0.0
train MSE group_0: 0.0260
train MSE group_1: 0.0339
train MSE group_2: nan
train MSE group_3: nan
CE loss (TEST): 0.0
