/Users/benjaminmaurel/Documents/Training_Sanofi/notebooks_hands_on/latent_ode/run_models.py
run_models.py --niters 5000 -n 200 -s 40 -l 10 --dataset PK_Tacro --latent-ode --noise-weight 0.01 --max-t 5. --experiment 2019 --seed 1
Experiment 2019
Epoch 0001 [Test seq (cond on sampled tp)] | Loss 12173.326172 | Likelihood -14080.770508 | KL fp 2.5672 | FP STD 0.0852|
KL coef: 0.0
Train loss (one batch): 292.0129699707031
Train CE loss (one batch): 0.0
Test MSE (raw): 2.8169
Test MSE (smoothed with alpha=0.01): 2.8169
New best smoothed test MSE: 2.8169. Saving best model to experiments/experiment_2019_best.ckpt
Test MSE group_0: 2.8768
Test MSE group_1: 2.7570
Test MSE group_2: nan
Test MSE group_3: nan
Poisson likelihood: 0.0
CE loss: 0.0
train MSE group_0: 0.0521
train MSE group_1: 0.0667
train MSE group_2: nan
train MSE group_3: nan
CE loss (TEST): 0.0
Experiment 2019
Epoch 0002 [Test seq (cond on sampled tp)] | Loss 548.494263 | Likelihood -567.259705 | KL fp 2.2376 | FP STD 0.0814|
KL coef: 0.0
Train loss (one batch): 13496.333984375
Train CE loss (one batch): 0.0
Test MSE (raw): 0.1142
Test MSE (smoothed with alpha=0.01): 2.7899
New best smoothed test MSE: 2.7899. Saving best model to experiments/experiment_2019_best.ckpt
Test MSE group_0: 0.1320
Test MSE group_1: 0.0964
Test MSE group_2: nan
Test MSE group_3: nan
Poisson likelihood: 0.0
CE loss: 0.0
train MSE group_0: 2.8498
train MSE group_1: 2.6637
train MSE group_2: nan
train MSE group_3: nan
CE loss (TEST): 0.0
Experiment 2019
Epoch 0003 [Test seq (cond on sampled tp)] | Loss 200.407211 | Likelihood -217.172241 | KL fp 1.7125 | FP STD 0.1801|
KL coef: 0.0
Train loss (one batch): 633.9805297851562
Train CE loss (one batch): 0.0
Test MSE (raw): 0.0442
Test MSE (smoothed with alpha=0.01): 2.7624
New best smoothed test MSE: 2.7624. Saving best model to experiments/experiment_2019_best.ckpt
Test MSE group_0: 0.0390
Test MSE group_1: 0.0493
Test MSE group_2: nan
Test MSE group_3: nan
Poisson likelihood: 0.0
CE loss: 0.0
train MSE group_0: 0.1610
train MSE group_1: 0.1065
train MSE group_2: nan
train MSE group_3: nan
CE loss (TEST): 0.0
Experiment 2019
Epoch 0004 [Test seq (cond on sampled tp)] | Loss 158.389343 | Likelihood -160.918091 | KL fp 1.7603 | FP STD 0.2746|
KL coef: 0.0
Train loss (one batch): 281.2999572753906
Train CE loss (one batch): 0.0
Test MSE (raw): 0.0329
Test MSE (smoothed with alpha=0.01): 2.7351
New best smoothed test MSE: 2.7351. Saving best model to experiments/experiment_2019_best.ckpt
Test MSE group_0: 0.0289
Test MSE group_1: 0.0370
Test MSE group_2: nan
Test MSE group_3: nan
Poisson likelihood: 0.0
CE loss: 0.0
train MSE group_0: 0.0547
train MSE group_1: 0.0607
train MSE group_2: nan
train MSE group_3: nan
CE loss (TEST): 0.0
Experiment 2019
Epoch 0005 [Test seq (cond on sampled tp)] | Loss 99.313332 | Likelihood -113.783455 | KL fp 1.0667 | FP STD 0.3513|
KL coef: 0.0
Train loss (one batch): 240.31991577148438
Train CE loss (one batch): 0.0
Test MSE (raw): 0.0235
Test MSE (smoothed with alpha=0.01): 2.7080
New best smoothed test MSE: 2.7080. Saving best model to experiments/experiment_2019_best.ckpt
Test MSE group_0: 0.0202
Test MSE group_1: 0.0268
Test MSE group_2: nan
Test MSE group_3: nan
Poisson likelihood: 0.0
CE loss: 0.0
train MSE group_0: 0.0492
train MSE group_1: 0.0504
train MSE group_2: nan
train MSE group_3: nan
CE loss (TEST): 0.0
Experiment 2019
Epoch 0006 [Test seq (cond on sampled tp)] | Loss 100.525475 | Likelihood -106.411888 | KL fp 1.1063 | FP STD 0.3577|
KL coef: 0.0
Train loss (one batch): 173.896484375
Train CE loss (one batch): 0.0
Test MSE (raw): 0.0220
Test MSE (smoothed with alpha=0.01): 2.6811
New best smoothed test MSE: 2.6811. Saving best model to experiments/experiment_2019_best.ckpt
Test MSE group_0: 0.0211
Test MSE group_1: 0.0229
Test MSE group_2: nan
Test MSE group_3: nan
Poisson likelihood: 0.0
CE loss: 0.0
train MSE group_0: 0.0318
train MSE group_1: 0.0396
train MSE group_2: nan
train MSE group_3: nan
CE loss (TEST): 0.0
Experiment 2019
Epoch 0007 [Test seq (cond on sampled tp)] | Loss 108.931847 | Likelihood -116.364754 | KL fp 1.4662 | FP STD 0.3158|
KL coef: 0.0
Train loss (one batch): 143.51063537597656
Train CE loss (one batch): 0.0
Test MSE (raw): 0.0240
Test MSE (smoothed with alpha=0.01): 2.6546
New best smoothed test MSE: 2.6546. Saving best model to experiments/experiment_2019_best.ckpt
Test MSE group_0: 0.0223
Test MSE group_1: 0.0258
Test MSE group_2: nan
Test MSE group_3: nan
Poisson likelihood: 0.0
CE loss: 0.0
train MSE group_0: 0.0291
train MSE group_1: 0.0315
train MSE group_2: nan
train MSE group_3: nan
CE loss (TEST): 0.0
Experiment 2019
Epoch 0008 [Test seq (cond on sampled tp)] | Loss 101.729950 | Likelihood -109.457634 | KL fp 1.8190 | FP STD 0.2856|
KL coef: 0.0
Train loss (one batch): 153.4745635986328
Train CE loss (one batch): 0.0
Test MSE (raw): 0.0226
Test MSE (smoothed with alpha=0.01): 2.6282
New best smoothed test MSE: 2.6282. Saving best model to experiments/experiment_2019_best.ckpt
Test MSE group_0: 0.0236
Test MSE group_1: 0.0217
Test MSE group_2: nan
Test MSE group_3: nan
Poisson likelihood: 0.0
CE loss: 0.0
train MSE group_0: 0.0255
train MSE group_1: 0.0366
train MSE group_2: nan
train MSE group_3: nan
CE loss (TEST): 0.0
Experiment 2019
Epoch 0009 [Test seq (cond on sampled tp)] | Loss 80.971024 | Likelihood -83.719368 | KL fp 1.5401 | FP STD 0.2766|
KL coef: 0.0
Train loss (one batch): 142.0093536376953
Train CE loss (one batch): 0.0
Test MSE (raw): 0.0175
Test MSE (smoothed with alpha=0.01): 2.6021
New best smoothed test MSE: 2.6021. Saving best model to experiments/experiment_2019_best.ckpt
Test MSE group_0: 0.0180
Test MSE group_1: 0.0169
Test MSE group_2: nan
Test MSE group_3: nan
Poisson likelihood: 0.0
CE loss: 0.0
train MSE group_0: 0.0270
train MSE group_1: 0.0345
train MSE group_2: nan
train MSE group_3: nan
CE loss (TEST): 0.0
Experiment 2019
Epoch 0010 [Test seq (cond on sampled tp)] | Loss 60.719559 | Likelihood -63.935246 | KL fp 1.8086 | FP STD 0.2717|
KL coef: 0.0
Train loss (one batch): 130.1822967529297
Train CE loss (one batch): 0.0
Test MSE (raw): 0.0135
Test MSE (smoothed with alpha=0.01): 2.5763
New best smoothed test MSE: 2.5763. Saving best model to experiments/experiment_2019_best.ckpt
Test MSE group_0: 0.0141
Test MSE group_1: 0.0130
Test MSE group_2: nan
Test MSE group_3: nan
Poisson likelihood: 0.0
CE loss: 0.0
train MSE group_0: 0.0227
train MSE group_1: 0.0303
train MSE group_2: nan
train MSE group_3: nan
CE loss (TEST): 0.0
Experiment 2019
Epoch 0011 [Test seq (cond on sampled tp)] | Loss 63.372601 | Likelihood -69.202477 | KL fp 1.4792 | FP STD 0.3035|
KL coef: 0.010000000000000009
Train loss (one batch): 109.6683120727539
Train CE loss (one batch): 0.0
Test MSE (raw): 0.0146
Test MSE (smoothed with alpha=0.01): 2.5506
New best smoothed test MSE: 2.5506. Saving best model to experiments/experiment_2019_best.ckpt
Test MSE group_0: 0.0176
Test MSE group_1: 0.0116
Test MSE group_2: nan
Test MSE group_3: nan
Poisson likelihood: 0.0
CE loss: 0.0
train MSE group_0: 0.0210
train MSE group_1: 0.0255
train MSE group_2: nan
train MSE group_3: nan
CE loss (TEST): 0.0
Experiment 2019
Epoch 0012 [Test seq (cond on sampled tp)] | Loss 41.994614 | Likelihood -49.414509 | KL fp 1.1919 | FP STD 0.3420|
KL coef: 0.01990000000000003
Train loss (one batch): 100.37352752685547
Train CE loss (one batch): 0.0
Test MSE (raw): 0.0106
Test MSE (smoothed with alpha=0.01): 2.5252
New best smoothed test MSE: 2.5252. Saving best model to experiments/experiment_2019_best.ckpt
Test MSE group_0: 0.0090
Test MSE group_1: 0.0122
Test MSE group_2: nan
Test MSE group_3: nan
Poisson likelihood: 0.0
CE loss: 0.0
train MSE group_0: 0.0188
train MSE group_1: 0.0232
train MSE group_2: nan
train MSE group_3: nan
CE loss (TEST): 0.0
Experiment 2019
Epoch 0013 [Test seq (cond on sampled tp)] | Loss 43.579819 | Likelihood -50.086285 | KL fp 1.1501 | FP STD 0.3797|
KL coef: 0.029700999999999977
Train loss (one batch): 87.24600982666016
Train CE loss (one batch): 0.0
Test MSE (raw): 0.0108
Test MSE (smoothed with alpha=0.01): 2.5001
New best smoothed test MSE: 2.5001. Saving best model to experiments/experiment_2019_best.ckpt
Test MSE group_0: 0.0101
Test MSE group_1: 0.0114
Test MSE group_2: nan
Test MSE group_3: nan
Poisson likelihood: 0.0
CE loss: 0.0
train MSE group_0: 0.0191
train MSE group_1: 0.0237
train MSE group_2: nan
train MSE group_3: nan
CE loss (TEST): 0.0
Experiment 2019
Epoch 0014 [Test seq (cond on sampled tp)] | Loss 40.288441 | Likelihood -46.450851 | KL fp 1.1880 | FP STD 0.4067|
KL coef: 0.039403990000000055
Train loss (one batch): 100.05032348632812
Train CE loss (one batch): 0.0
Test MSE (raw): 0.0100
Test MSE (smoothed with alpha=0.01): 2.4752
New best smoothed test MSE: 2.4752. Saving best model to experiments/experiment_2019_best.ckpt
Test MSE group_0: 0.0074
Test MSE group_1: 0.0127
Test MSE group_2: nan
Test MSE group_3: nan
Poisson likelihood: 0.0
CE loss: 0.0
train MSE group_0: 0.0206
train MSE group_1: 0.0243
train MSE group_2: nan
train MSE group_3: nan
CE loss (TEST): 0.0
Experiment 2019
Epoch 0015 [Test seq (cond on sampled tp)] | Loss 47.404343 | Likelihood -51.254398 | KL fp 1.2643 | FP STD 0.4025|
KL coef: 0.04900995010000009
Train loss (one batch): 111.03953552246094
Train CE loss (one batch): 0.0
Test MSE (raw): 0.0110
Test MSE (smoothed with alpha=0.01): 2.4505
New best smoothed test MSE: 2.4505. Saving best model to experiments/experiment_2019_best.ckpt
Test MSE group_0: 0.0099
Test MSE group_1: 0.0121
Test MSE group_2: nan
Test MSE group_3: nan
Poisson likelihood: 0.0
CE loss: 0.0
train MSE group_0: 0.0213
train MSE group_1: 0.0284
train MSE group_2: nan
train MSE group_3: nan
CE loss (TEST): 0.0
Experiment 2019
Epoch 0016 [Test seq (cond on sampled tp)] | Loss 35.018997 | Likelihood -43.919647 | KL fp 1.3991 | FP STD 0.3766|
KL coef: 0.058519850599
Train loss (one batch): 99.9336166381836
Train CE loss (one batch): 0.0
Test MSE (raw): 0.0095
Test MSE (smoothed with alpha=0.01): 2.4261
New best smoothed test MSE: 2.4261. Saving best model to experiments/experiment_2019_best.ckpt
Test MSE group_0: 0.0068
Test MSE group_1: 0.0123
Test MSE group_2: nan
Test MSE group_3: nan
Poisson likelihood: 0.0
CE loss: 0.0
train MSE group_0: 0.0180
train MSE group_1: 0.0269
train MSE group_2: nan
train MSE group_3: nan
CE loss (TEST): 0.0
Experiment 2019
Epoch 0017 [Test seq (cond on sampled tp)] | Loss 38.824825 | Likelihood -40.596775 | KL fp 1.4208 | FP STD 0.3353|
KL coef: 0.06793465209301008
Train loss (one batch): 94.88510131835938
Train CE loss (one batch): 0.0
Test MSE (raw): 0.0089
Test MSE (smoothed with alpha=0.01): 2.4020
New best smoothed test MSE: 2.4020. Saving best model to experiments/experiment_2019_best.ckpt
Test MSE group_0: 0.0061
Test MSE group_1: 0.0116
Test MSE group_2: nan
Test MSE group_3: nan
Poisson likelihood: 0.0
CE loss: 0.0
train MSE group_0: 0.0165
train MSE group_1: 0.0254
train MSE group_2: nan
train MSE group_3: nan
CE loss (TEST): 0.0
Experiment 2019
Epoch 0018 [Test seq (cond on sampled tp)] | Loss 40.390942 | Likelihood -48.142925 | KL fp 1.5948 | FP STD 0.2965|
KL coef: 0.07725530557207994
Train loss (one batch): 77.96337890625
Train CE loss (one batch): 0.0
Test MSE (raw): 0.0104
Test MSE (smoothed with alpha=0.01): 2.3780
New best smoothed test MSE: 2.3780. Saving best model to experiments/experiment_2019_best.ckpt
Test MSE group_0: 0.0083
Test MSE group_1: 0.0124
Test MSE group_2: nan
Test MSE group_3: nan
Poisson likelihood: 0.0
CE loss: 0.0
train MSE group_0: 0.0126
train MSE group_1: 0.0204
train MSE group_2: nan
train MSE group_3: nan
CE loss (TEST): 0.0
Experiment 2019
Epoch 0019 [Test seq (cond on sampled tp)] | Loss 41.391258 | Likelihood -48.533264 | KL fp 1.9313 | FP STD 0.2568|
KL coef: 0.08648275251635917
Train loss (one batch): 91.08006286621094
Train CE loss (one batch): 0.0
Test MSE (raw): 0.0104
Test MSE (smoothed with alpha=0.01): 2.3544
New best smoothed test MSE: 2.3544. Saving best model to experiments/experiment_2019_best.ckpt
Test MSE group_0: 0.0083
Test MSE group_1: 0.0126
Test MSE group_2: nan
Test MSE group_3: nan
Poisson likelihood: 0.0
CE loss: 0.0
train MSE group_0: 0.0139
train MSE group_1: 0.0230
train MSE group_2: nan
train MSE group_3: nan
CE loss (TEST): 0.0
Experiment 2019
Epoch 0020 [Test seq (cond on sampled tp)] | Loss 43.715775 | Likelihood -45.357853 | KL fp 1.9473 | FP STD 0.2296|
KL coef: 0.09561792499119559
Train loss (one batch): 90.54248046875
Train CE loss (one batch): 0.0
Test MSE (raw): 0.0098
Test MSE (smoothed with alpha=0.01): 2.3309
New best smoothed test MSE: 2.3309. Saving best model to experiments/experiment_2019_best.ckpt
Test MSE group_0: 0.0081
Test MSE group_1: 0.0115
Test MSE group_2: nan
Test MSE group_3: nan
Poisson likelihood: 0.0
CE loss: 0.0
train MSE group_0: 0.0127
train MSE group_1: 0.0241
train MSE group_2: nan
train MSE group_3: nan
CE loss (TEST): 0.0
Experiment 2019
Epoch 0021 [Test seq (cond on sampled tp)] | Loss 32.049290 | Likelihood -34.747066 | KL fp 1.9175 | FP STD 0.2035|
KL coef: 0.10466174574128362
Train loss (one batch): 90.24224853515625
Train CE loss (one batch): 0.0
Test MSE (raw): 0.0077
Test MSE (smoothed with alpha=0.01): 2.3077
New best smoothed test MSE: 2.3077. Saving best model to experiments/experiment_2019_best.ckpt
Test MSE group_0: 0.0056
Test MSE group_1: 0.0098
Test MSE group_2: nan
Test MSE group_3: nan
Poisson likelihood: 0.0
CE loss: 0.0
train MSE group_0: 0.0126
train MSE group_1: 0.0240
train MSE group_2: nan
train MSE group_3: nan
CE loss (TEST): 0.0
Experiment 2019
Epoch 0022 [Test seq (cond on sampled tp)] | Loss 32.824680 | Likelihood -33.745686 | KL fp 2.1829 | FP STD 0.1815|
KL coef: 0.11361512828387077
Train loss (one batch): 78.52356719970703
Train CE loss (one batch): 0.0
Test MSE (raw): 0.0075
Test MSE (smoothed with alpha=0.01): 2.2847
New best smoothed test MSE: 2.2847. Saving best model to experiments/experiment_2019_best.ckpt
Test MSE group_0: 0.0054
Test MSE group_1: 0.0096
Test MSE group_2: nan
Test MSE group_3: nan
Poisson likelihood: 0.0
CE loss: 0.0
train MSE group_0: 0.0122
train MSE group_1: 0.0220
train MSE group_2: nan
train MSE group_3: nan
CE loss (TEST): 0.0
Experiment 2019
Epoch 0023 [Test seq (cond on sampled tp)] | Loss 28.076077 | Likelihood -29.848032 | KL fp 2.1197 | FP STD 0.1693|
KL coef: 0.12247897700103216
Train loss (one batch): 82.43049621582031
Train CE loss (one batch): 0.0
Test MSE (raw): 0.0067
Test MSE (smoothed with alpha=0.01): 2.2619
New best smoothed test MSE: 2.2619. Saving best model to experiments/experiment_2019_best.ckpt
Test MSE group_0: 0.0045
Test MSE group_1: 0.0089
Test MSE group_2: nan
Test MSE group_3: nan
Poisson likelihood: 0.0
CE loss: 0.0
train MSE group_0: 0.0125
train MSE group_1: 0.0212
train MSE group_2: nan
train MSE group_3: nan
CE loss (TEST): 0.0
Experiment 2019
Epoch 0024 [Test seq (cond on sampled tp)] | Loss 28.580355 | Likelihood -29.853460 | KL fp 1.9379 | FP STD 0.1631|
KL coef: 0.13125418723102178
Train loss (one batch): 80.20475769042969
Train CE loss (one batch): 0.0
Test MSE (raw): 0.0067
Test MSE (smoothed with alpha=0.01): 2.2394
New best smoothed test MSE: 2.2394. Saving best model to experiments/experiment_2019_best.ckpt
Test MSE group_0: 0.0045
Test MSE group_1: 0.0089
Test MSE group_2: nan
Test MSE group_3: nan
Poisson likelihood: 0.0
CE loss: 0.0
train MSE group_0: 0.0129
train MSE group_1: 0.0206
train MSE group_2: nan
train MSE group_3: nan
CE loss (TEST): 0.0
Experiment 2019
Epoch 0025 [Test seq (cond on sampled tp)] | Loss 29.775745 | Likelihood -31.948196 | KL fp 1.9464 | FP STD 0.1576|
KL coef: 0.13994164535871156
Train loss (one batch): 84.9329833984375
Train CE loss (one batch): 0.0
Test MSE (raw): 0.0071
Test MSE (smoothed with alpha=0.01): 2.2170
New best smoothed test MSE: 2.2170. Saving best model to experiments/experiment_2019_best.ckpt
Test MSE group_0: 0.0049
Test MSE group_1: 0.0094
Test MSE group_2: nan
Test MSE group_3: nan
Poisson likelihood: 0.0
CE loss: 0.0
train MSE group_0: 0.0142
train MSE group_1: 0.0209
train MSE group_2: nan
train MSE group_3: nan
CE loss (TEST): 0.0
Experiment 2019
Epoch 0026 [Test seq (cond on sampled tp)] | Loss 26.489649 | Likelihood -27.532038 | KL fp 1.8937 | FP STD 0.1558|
KL coef: 0.14854222890512447
Train loss (one batch): 85.59357452392578
Train CE loss (one batch): 0.0
Test MSE (raw): 0.0062
Test MSE (smoothed with alpha=0.01): 2.1949
New best smoothed test MSE: 2.1949. Saving best model to experiments/experiment_2019_best.ckpt
Test MSE group_0: 0.0045
Test MSE group_1: 0.0080
Test MSE group_2: nan
Test MSE group_3: nan
Poisson likelihood: 0.0
CE loss: 0.0
train MSE group_0: 0.0144
train MSE group_1: 0.0208
train MSE group_2: nan
train MSE group_3: nan
CE loss (TEST): 0.0
Experiment 2019
Epoch 0027 [Test seq (cond on sampled tp)] | Loss 29.131945 | Likelihood -31.120768 | KL fp 1.8934 | FP STD 0.1551|
KL coef: 0.15705680661607324
Train loss (one batch): 84.95967102050781
Train CE loss (one batch): 0.0
Test MSE (raw): 0.0070
Test MSE (smoothed with alpha=0.01): 2.1731
New best smoothed test MSE: 2.1731. Saving best model to experiments/experiment_2019_best.ckpt
Test MSE group_0: 0.0052
Test MSE group_1: 0.0087
Test MSE group_2: nan
Test MSE group_3: nan
Poisson likelihood: 0.0
CE loss: 0.0
train MSE group_0: 0.0148
train MSE group_1: 0.0202
train MSE group_2: nan
train MSE group_3: nan
CE loss (TEST): 0.0
Experiment 2019
Epoch 0028 [Test seq (cond on sampled tp)] | Loss 28.059874 | Likelihood -29.262299 | KL fp 1.9007 | FP STD 0.1589|
KL coef: 0.1654862385499125
Train loss (one batch): 81.13697052001953
Train CE loss (one batch): 0.0
Test MSE (raw): 0.0066
Test MSE (smoothed with alpha=0.01): 2.1514
New best smoothed test MSE: 2.1514. Saving best model to experiments/experiment_2019_best.ckpt
Test MSE group_0: 0.0045
Test MSE group_1: 0.0086
Test MSE group_2: nan
Test MSE group_3: nan
Poisson likelihood: 0.0
CE loss: 0.0
train MSE group_0: 0.0138
train MSE group_1: 0.0205
train MSE group_2: nan
train MSE group_3: nan
CE loss (TEST): 0.0
Experiment 2019
Epoch 0029 [Test seq (cond on sampled tp)] | Loss 25.918242 | Likelihood -31.507589 | KL fp 1.8142 | FP STD 0.1648|
KL coef: 0.17383137616441335
Train loss (one batch): 81.08843994140625
Train CE loss (one batch): 0.0
Test MSE (raw): 0.0070
Test MSE (smoothed with alpha=0.01): 2.1299
New best smoothed test MSE: 2.1299. Saving best model to experiments/experiment_2019_best.ckpt
Test MSE group_0: 0.0048
Test MSE group_1: 0.0093
Test MSE group_2: nan
Test MSE group_3: nan
Poisson likelihood: 0.0
CE loss: 0.0
train MSE group_0: 0.0135
train MSE group_1: 0.0201
train MSE group_2: nan
train MSE group_3: nan
CE loss (TEST): 0.0
Experiment 2019
Epoch 0030 [Test seq (cond on sampled tp)] | Loss 32.218605 | Likelihood -33.889778 | KL fp 1.7653 | FP STD 0.1699|
KL coef: 0.18209306240276923
Train loss (one batch): 79.17157745361328
Train CE loss (one batch): 0.0
Test MSE (raw): 0.0075
Test MSE (smoothed with alpha=0.01): 2.1087
New best smoothed test MSE: 2.1087. Saving best model to experiments/experiment_2019_best.ckpt
Test MSE group_0: 0.0063
Test MSE group_1: 0.0087
Test MSE group_2: nan
Test MSE group_3: nan
Poisson likelihood: 0.0
CE loss: 0.0
train MSE group_0: 0.0131
train MSE group_1: 0.0201
train MSE group_2: nan
train MSE group_3: nan
CE loss (TEST): 0.0
Experiment 2019
Epoch 0031 [Test seq (cond on sampled tp)] | Loss 30.990280 | Likelihood -34.106674 | KL fp 1.7695 | FP STD 0.1690|
KL coef: 0.19027213177874158
Train loss (one batch): 83.0999755859375
Train CE loss (one batch): 0.0
Test MSE (raw): 0.0076
Test MSE (smoothed with alpha=0.01): 2.0877
New best smoothed test MSE: 2.0877. Saving best model to experiments/experiment_2019_best.ckpt
Test MSE group_0: 0.0059
Test MSE group_1: 0.0092
Test MSE group_2: nan
Test MSE group_3: nan
Poisson likelihood: 0.0
CE loss: 0.0
train MSE group_0: 0.0130
train MSE group_1: 0.0209
train MSE group_2: nan
train MSE group_3: nan
CE loss (TEST): 0.0
Experiment 2019
Epoch 0032 [Test seq (cond on sampled tp)] | Loss 31.554867 | Likelihood -33.579666 | KL fp 1.7843 | FP STD 0.1629|
KL coef: 0.19836941046095413
Train loss (one batch): 82.94627380371094
Train CE loss (one batch): 0.0
Test MSE (raw): 0.0075
Test MSE (smoothed with alpha=0.01): 2.0669
New best smoothed test MSE: 2.0669. Saving best model to experiments/experiment_2019_best.ckpt
Test MSE group_0: 0.0057
Test MSE group_1: 0.0092
Test MSE group_2: nan
Test MSE group_3: nan
Poisson likelihood: 0.0
CE loss: 0.0
train MSE group_0: 0.0135
train MSE group_1: 0.0205
train MSE group_2: nan
train MSE group_3: nan
CE loss (TEST): 0.0
Experiment 2019
Epoch 0033 [Test seq (cond on sampled tp)] | Loss 30.147682 | Likelihood -33.925446 | KL fp 1.7848 | FP STD 0.1604|
KL coef: 0.20638571635634462
Train loss (one batch): 81.29084014892578
Train CE loss (one batch): 0.0
Test MSE (raw): 0.0075
Test MSE (smoothed with alpha=0.01): 2.0463
New best smoothed test MSE: 2.0463. Saving best model to experiments/experiment_2019_best.ckpt
Test MSE group_0: 0.0067
Test MSE group_1: 0.0083
Test MSE group_2: nan
Test MSE group_3: nan
Poisson likelihood: 0.0
CE loss: 0.0
train MSE group_0: 0.0131
train MSE group_1: 0.0212
train MSE group_2: nan
train MSE group_3: nan
CE loss (TEST): 0.0
Experiment 2019
Epoch 0034 [Test seq (cond on sampled tp)] | Loss 30.123377 | Likelihood -32.311253 | KL fp 1.8178 | FP STD 0.1521|
KL coef: 0.21432185919278124
Train loss (one batch): 84.07762908935547
Train CE loss (one batch): 0.0
Test MSE (raw): 0.0072
Test MSE (smoothed with alpha=0.01): 2.0259
New best smoothed test MSE: 2.0259. Saving best model to experiments/experiment_2019_best.ckpt
Test MSE group_0: 0.0054
Test MSE group_1: 0.0090
Test MSE group_2: nan
Test MSE group_3: nan
Poisson likelihood: 0.0
CE loss: 0.0
train MSE group_0: 0.0125
train MSE group_1: 0.0220
train MSE group_2: nan
train MSE group_3: nan
CE loss (TEST): 0.0
Experiment 2019
Epoch 0035 [Test seq (cond on sampled tp)] | Loss 26.537495 | Likelihood -31.461716 | KL fp 1.8853 | FP STD 0.1421|
KL coef: 0.22217864060085335
Train loss (one batch): 79.33374786376953
Train CE loss (one batch): 0.0
Test MSE (raw): 0.0070
Test MSE (smoothed with alpha=0.01): 2.0057
New best smoothed test MSE: 2.0057. Saving best model to experiments/experiment_2019_best.ckpt
Test MSE group_0: 0.0055
Test MSE group_1: 0.0086
Test MSE group_2: nan
Test MSE group_3: nan
Poisson likelihood: 0.0
CE loss: 0.0
train MSE group_0: 0.0122
train MSE group_1: 0.0212
train MSE group_2: nan
train MSE group_3: nan
CE loss (TEST): 0.0
Experiment 2019
Epoch 0036 [Test seq (cond on sampled tp)] | Loss 25.246445 | Likelihood -28.744165 | KL fp 2.0091 | FP STD 0.1300|
KL coef: 0.2299568541948449
Train loss (one batch): 80.3359603881836
Train CE loss (one batch): 0.0
Test MSE (raw): 0.0065
Test MSE (smoothed with alpha=0.01): 1.9857
New best smoothed test MSE: 1.9857. Saving best model to experiments/experiment_2019_best.ckpt
Test MSE group_0: 0.0049
Test MSE group_1: 0.0081
Test MSE group_2: nan
Test MSE group_3: nan
Poisson likelihood: 0.0
CE loss: 0.0
train MSE group_0: 0.0125
train MSE group_1: 0.0203
train MSE group_2: nan
train MSE group_3: nan
CE loss (TEST): 0.0
Experiment 2019
Epoch 0037 [Test seq (cond on sampled tp)] | Loss 28.081251 | Likelihood -29.034058 | KL fp 2.1512 | FP STD 0.1228|
KL coef: 0.23765728565289646
Train loss (one batch): 73.08848571777344
Train CE loss (one batch): 0.0
Test MSE (raw): 0.0065
Test MSE (smoothed with alpha=0.01): 1.9659
New best smoothed test MSE: 1.9659. Saving best model to experiments/experiment_2019_best.ckpt
Test MSE group_0: 0.0045
Test MSE group_1: 0.0086
Test MSE group_2: nan
Test MSE group_3: nan
Poisson likelihood: 0.0
CE loss: 0.0
train MSE group_0: 0.0123
train MSE group_1: 0.0193
train MSE group_2: nan
train MSE group_3: nan
CE loss (TEST): 0.0
Experiment 2019
Epoch 0038 [Test seq (cond on sampled tp)] | Loss 25.597525 | Likelihood -28.936018 | KL fp 2.2866 | FP STD 0.1169|
KL coef: 0.24528071279636743
Train loss (one batch): 79.97522735595703
Train CE loss (one batch): 0.0
Test MSE (raw): 0.0065
Test MSE (smoothed with alpha=0.01): 1.9464
New best smoothed test MSE: 1.9464. Saving best model to experiments/experiment_2019_best.ckpt
Test MSE group_0: 0.0049
Test MSE group_1: 0.0081
Test MSE group_2: nan
Test MSE group_3: nan
Poisson likelihood: 0.0
CE loss: 0.0
train MSE group_0: 0.0130
train MSE group_1: 0.0198
train MSE group_2: nan
train MSE group_3: nan
CE loss (TEST): 0.0
Experiment 2019
Epoch 0039 [Test seq (cond on sampled tp)] | Loss 26.553215 | Likelihood -30.888498 | KL fp 2.1365 | FP STD 0.1171|
KL coef: 0.25282790566840385
Train loss (one batch): 77.57292175292969
Train CE loss (one batch): 0.0
Test MSE (raw): 0.0069
Test MSE (smoothed with alpha=0.01): 1.9270
New best smoothed test MSE: 1.9270. Saving best model to experiments/experiment_2019_best.ckpt
Test MSE group_0: 0.0052
Test MSE group_1: 0.0086
Test MSE group_2: nan
Test MSE group_3: nan
Poisson likelihood: 0.0
CE loss: 0.0
train MSE group_0: 0.0136
train MSE group_1: 0.0186
train MSE group_2: nan
train MSE group_3: nan
CE loss (TEST): 0.0
Experiment 2019
Epoch 0040 [Test seq (cond on sampled tp)] | Loss 27.028496 | Likelihood -28.945517 | KL fp 2.1653 | FP STD 0.1178|
KL coef: 0.2602996266117198
Train loss (one batch): 75.8879623413086
Train CE loss (one batch): 0.0
Test MSE (raw): 0.0065
Test MSE (smoothed with alpha=0.01): 1.9078
New best smoothed test MSE: 1.9078. Saving best model to experiments/experiment_2019_best.ckpt
Test MSE group_0: 0.0055
Test MSE group_1: 0.0076
Test MSE group_2: nan
Test MSE group_3: nan
Poisson likelihood: 0.0
CE loss: 0.0
train MSE group_0: 0.0122
train MSE group_1: 0.0192
train MSE group_2: nan
train MSE group_3: nan
CE loss (TEST): 0.0
Experiment 2019
Epoch 0041 [Test seq (cond on sampled tp)] | Loss 26.498249 | Likelihood -29.229029 | KL fp 2.3192 | FP STD 0.1183|
KL coef: 0.26769663034560254
Train loss (one batch): 76.89984893798828
Train CE loss (one batch): 0.0
Test MSE (raw): 0.0066
Test MSE (smoothed with alpha=0.01): 1.8887
New best smoothed test MSE: 1.8887. Saving best model to experiments/experiment_2019_best.ckpt
Test MSE group_0: 0.0049
Test MSE group_1: 0.0083
Test MSE group_2: nan
Test MSE group_3: nan
Poisson likelihood: 0.0
CE loss: 0.0
train MSE group_0: 0.0120
train MSE group_1: 0.0199
train MSE group_2: nan
train MSE group_3: nan
CE loss (TEST): 0.0
Experiment 2019
Epoch 0042 [Test seq (cond on sampled tp)] | Loss 24.352526 | Likelihood -27.730078 | KL fp 2.4013 | FP STD 0.1200|
KL coef: 0.2750196640421466
Train loss (one batch): 75.42115783691406
Train CE loss (one batch): 0.0
Test MSE (raw): 0.0063
Test MSE (smoothed with alpha=0.01): 1.8699
New best smoothed test MSE: 1.8699. Saving best model to experiments/experiment_2019_best.ckpt
Test MSE group_0: 0.0041
Test MSE group_1: 0.0084
Test MSE group_2: nan
Test MSE group_3: nan
Poisson likelihood: 0.0
CE loss: 0.0
train MSE group_0: 0.0128
train MSE group_1: 0.0190
train MSE group_2: nan
train MSE group_3: nan
CE loss (TEST): 0.0
Experiment 2019
Epoch 0043 [Test seq (cond on sampled tp)] | Loss 28.361696 | Likelihood -30.925201 | KL fp 2.4682 | FP STD 0.1219|
KL coef: 0.2822694674017251
Train loss (one batch): 74.44049072265625
Train CE loss (one batch): 0.0
Test MSE (raw): 0.0069
Test MSE (smoothed with alpha=0.01): 1.8513
New best smoothed test MSE: 1.8513. Saving best model to experiments/experiment_2019_best.ckpt
Test MSE group_0: 0.0047
Test MSE group_1: 0.0091
Test MSE group_2: nan
Test MSE group_3: nan
Poisson likelihood: 0.0
CE loss: 0.0
train MSE group_0: 0.0123
train MSE group_1: 0.0186
train MSE group_2: nan
train MSE group_3: nan
CE loss (TEST): 0.0
Experiment 2019
Epoch 0044 [Test seq (cond on sampled tp)] | Loss 23.871189 | Likelihood -29.016230 | KL fp 2.5416 | FP STD 0.1242|
KL coef: 0.2894467727277079
Train loss (one batch): 76.49252319335938
Train CE loss (one batch): 0.0
Test MSE (raw): 0.0065
Test MSE (smoothed with alpha=0.01): 1.8328
New best smoothed test MSE: 1.8328. Saving best model to experiments/experiment_2019_best.ckpt
Test MSE group_0: 0.0053
Test MSE group_1: 0.0078
Test MSE group_2: nan
Test MSE group_3: nan
Poisson likelihood: 0.0
CE loss: 0.0
train MSE group_0: 0.0130
train MSE group_1: 0.0212
train MSE group_2: nan
train MSE group_3: nan
CE loss (TEST): 0.0
Experiment 2019
Epoch 0045 [Test seq (cond on sampled tp)] | Loss 26.948711 | Likelihood -28.175653 | KL fp 2.6136 | FP STD 0.1231|
KL coef: 0.29655230500043084
Train loss (one batch): 77.60912322998047
Train CE loss (one batch): 0.0
Test MSE (raw): 0.0064
Test MSE (smoothed with alpha=0.01): 1.8146
New best smoothed test MSE: 1.8146. Saving best model to experiments/experiment_2019_best.ckpt
Test MSE group_0: 0.0053
Test MSE group_1: 0.0075
Test MSE group_2: nan
Test MSE group_3: nan
Poisson likelihood: 0.0
CE loss: 0.0
train MSE group_0: 0.0120
train MSE group_1: 0.0200
train MSE group_2: nan
train MSE group_3: nan
CE loss (TEST): 0.0
Experiment 2019
Epoch 0046 [Test seq (cond on sampled tp)] | Loss 29.086313 | Likelihood -30.407053 | KL fp 2.6429 | FP STD 0.1211|
KL coef: 0.30358678195042654
Train loss (one batch): 74.78121185302734
Train CE loss (one batch): 0.0
Test MSE (raw): 0.0068
Test MSE (smoothed with alpha=0.01): 1.7965
New best smoothed test MSE: 1.7965. Saving best model to experiments/experiment_2019_best.ckpt
Test MSE group_0: 0.0051
Test MSE group_1: 0.0085
Test MSE group_2: nan
Test MSE group_3: nan
Poisson likelihood: 0.0
CE loss: 0.0
train MSE group_0: 0.0134
train MSE group_1: 0.0198
train MSE group_2: nan
train MSE group_3: nan
CE loss (TEST): 0.0
Experiment 2019
Epoch 0047 [Test seq (cond on sampled tp)] | Loss 29.461205 | Likelihood -30.623072 | KL fp 2.6756 | FP STD 0.1163|
KL coef: 0.3105509141309223
Train loss (one batch): 76.80777740478516
Train CE loss (one batch): 0.0
Test MSE (raw): 0.0069
Test MSE (smoothed with alpha=0.01): 1.7786
New best smoothed test MSE: 1.7786. Saving best model to experiments/experiment_2019_best.ckpt
Test MSE group_0: 0.0062
Test MSE group_1: 0.0075
Test MSE group_2: nan
Test MSE group_3: nan
Poisson likelihood: 0.0
CE loss: 0.0
train MSE group_0: 0.0125
train MSE group_1: 0.0192
train MSE group_2: nan
train MSE group_3: nan
CE loss (TEST): 0.0
Experiment 2019
Epoch 0048 [Test seq (cond on sampled tp)] | Loss 23.840057 | Likelihood -26.775484 | KL fp 2.7062 | FP STD 0.1188|
KL coef: 0.31744540498961304
Train loss (one batch): 71.90227508544922
Train CE loss (one batch): 0.0
Test MSE (raw): 0.0061
Test MSE (smoothed with alpha=0.01): 1.7609
New best smoothed test MSE: 1.7609. Saving best model to experiments/experiment_2019_best.ckpt
Test MSE group_0: 0.0050
Test MSE group_1: 0.0072
Test MSE group_2: nan
Test MSE group_3: nan
Poisson likelihood: 0.0
CE loss: 0.0
train MSE group_0: 0.0129
train MSE group_1: 0.0191
train MSE group_2: nan
train MSE group_3: nan
CE loss (TEST): 0.0
Experiment 2019
Epoch 0049 [Test seq (cond on sampled tp)] | Loss 28.949190 | Likelihood -29.280996 | KL fp 2.6176 | FP STD 0.1239|
KL coef: 0.3242709509397169
Train loss (one batch): 73.36219024658203
Train CE loss (one batch): 0.0
Test MSE (raw): 0.0066
Test MSE (smoothed with alpha=0.01): 1.7433
New best smoothed test MSE: 1.7433. Saving best model to experiments/experiment_2019_best.ckpt
Test MSE group_0: 0.0056
Test MSE group_1: 0.0076
Test MSE group_2: nan
Test MSE group_3: nan
Poisson likelihood: 0.0
CE loss: 0.0
train MSE group_0: 0.0111
train MSE group_1: 0.0199
train MSE group_2: nan
train MSE group_3: nan
CE loss (TEST): 0.0
Experiment 2019
Epoch 0050 [Test seq (cond on sampled tp)] | Loss 25.589027 | Likelihood -29.206406 | KL fp 2.4812 | FP STD 0.1237|
KL coef: 0.3310282414303197
Train loss (one batch): 78.33316802978516
Train CE loss (one batch): 0.0
Test MSE (raw): 0.0066
Test MSE (smoothed with alpha=0.01): 1.7260
New best smoothed test MSE: 1.7260. Saving best model to experiments/experiment_2019_best.ckpt
Test MSE group_0: 0.0049
Test MSE group_1: 0.0083
Test MSE group_2: nan
Test MSE group_3: nan
Poisson likelihood: 0.0
CE loss: 0.0
train MSE group_0: 0.0128
train MSE group_1: 0.0196
train MSE group_2: nan
train MSE group_3: nan
CE loss (TEST): 0.0
Experiment 2019
Epoch 0051 [Test seq (cond on sampled tp)] | Loss 25.639959 | Likelihood -29.752909 | KL fp 2.2797 | FP STD 0.1266|
KL coef: 0.33771795901601653
Train loss (one batch): 77.67650604248047
Train CE loss (one batch): 0.0
Test MSE (raw): 0.0067
Test MSE (smoothed with alpha=0.01): 1.7088
New best smoothed test MSE: 1.7088. Saving best model to experiments/experiment_2019_best.ckpt
Test MSE group_0: 0.0043
Test MSE group_1: 0.0090
Test MSE group_2: nan
Test MSE group_3: nan
Poisson likelihood: 0.0
CE loss: 0.0
train MSE group_0: 0.0135
train MSE group_1: 0.0192
train MSE group_2: nan
train MSE group_3: nan
CE loss (TEST): 0.0
Experiment 2019
Epoch 0052 [Test seq (cond on sampled tp)] | Loss 22.448927 | Likelihood -23.119421 | KL fp 2.1753 | FP STD 0.1308|
KL coef: 0.3443407794258564
Train loss (one batch): 76.44712829589844
Train CE loss (one batch): 0.0
Test MSE (raw): 0.0054
Test MSE (smoothed with alpha=0.01): 1.6917
New best smoothed test MSE: 1.6917. Saving best model to experiments/experiment_2019_best.ckpt
Test MSE group_0: 0.0041
Test MSE group_1: 0.0066
Test MSE group_2: nan
Test MSE group_3: nan
Poisson likelihood: 0.0
CE loss: 0.0
train MSE group_0: 0.0122
train MSE group_1: 0.0195
train MSE group_2: nan
train MSE group_3: nan
CE loss (TEST): 0.0
Experiment 2019
Epoch 0053 [Test seq (cond on sampled tp)] | Loss 22.621344 | Likelihood -24.301308 | KL fp 2.0854 | FP STD 0.1368|
KL coef: 0.35089737163159784
Train loss (one batch): 75.0099105834961
Train CE loss (one batch): 0.0
Test MSE (raw): 0.0056
Test MSE (smoothed with alpha=0.01): 1.6749
New best smoothed test MSE: 1.6749. Saving best model to experiments/experiment_2019_best.ckpt
Test MSE group_0: 0.0044
Test MSE group_1: 0.0068
Test MSE group_2: nan
Test MSE group_3: nan
Poisson likelihood: 0.0
CE loss: 0.0
train MSE group_0: 0.0125
train MSE group_1: 0.0192
train MSE group_2: nan
train MSE group_3: nan
CE loss (TEST): 0.0
Experiment 2019
Epoch 0054 [Test seq (cond on sampled tp)] | Loss 24.417383 | Likelihood -25.787903 | KL fp 2.0480 | FP STD 0.1443|
KL coef: 0.3573883979152819
Train loss (one batch): 73.17227172851562
Train CE loss (one batch): 0.0
Test MSE (raw): 0.0059
Test MSE (smoothed with alpha=0.01): 1.6582
New best smoothed test MSE: 1.6582. Saving best model to experiments/experiment_2019_best.ckpt
Test MSE group_0: 0.0044
Test MSE group_1: 0.0074
Test MSE group_2: nan
Test MSE group_3: nan
Poisson likelihood: 0.0
CE loss: 0.0
train MSE group_0: 0.0120
train MSE group_1: 0.0181
train MSE group_2: nan
train MSE group_3: nan
CE loss (TEST): 0.0
Experiment 2019
Epoch 0055 [Test seq (cond on sampled tp)] | Loss 25.145916 | Likelihood -29.279198 | KL fp 1.9455 | FP STD 0.1498|
KL coef: 0.36381451393612907
Train loss (one batch): 74.87591552734375
Train CE loss (one batch): 0.0
Test MSE (raw): 0.0066
Test MSE (smoothed with alpha=0.01): 1.6417
New best smoothed test MSE: 1.6417. Saving best model to experiments/experiment_2019_best.ckpt
Test MSE group_0: 0.0053
Test MSE group_1: 0.0079
Test MSE group_2: nan
Test MSE group_3: nan
Poisson likelihood: 0.0
CE loss: 0.0
train MSE group_0: 0.0120
train MSE group_1: 0.0186
train MSE group_2: nan
train MSE group_3: nan
CE loss (TEST): 0.0
Experiment 2019
Epoch 0056 [Test seq (cond on sampled tp)] | Loss 29.967310 | Likelihood -31.512964 | KL fp 1.9087 | FP STD 0.1588|
KL coef: 0.37017636879676774
Train loss (one batch): 67.7003402709961
Train CE loss (one batch): 0.0
Test MSE (raw): 0.0070
Test MSE (smoothed with alpha=0.01): 1.6253
New best smoothed test MSE: 1.6253. Saving best model to experiments/experiment_2019_best.ckpt
Test MSE group_0: 0.0059
Test MSE group_1: 0.0081
Test MSE group_2: nan
Test MSE group_3: nan
Poisson likelihood: 0.0
CE loss: 0.0
train MSE group_0: 0.0105
train MSE group_1: 0.0188
train MSE group_2: nan
train MSE group_3: nan
CE loss (TEST): 0.0
Experiment 2019
Epoch 0057 [Test seq (cond on sampled tp)] | Loss 19.582561 | Likelihood -24.331991 | KL fp 1.9817 | FP STD 0.1632|
KL coef: 0.37647460510880004
Train loss (one batch): 76.29721069335938
Train CE loss (one batch): 0.0
Test MSE (raw): 0.0056
Test MSE (smoothed with alpha=0.01): 1.6091
New best smoothed test MSE: 1.6091. Saving best model to experiments/experiment_2019_best.ckpt
Test MSE group_0: 0.0041
Test MSE group_1: 0.0072
Test MSE group_2: nan
Test MSE group_3: nan
Poisson likelihood: 0.0
CE loss: 0.0
train MSE group_0: 0.0125
train MSE group_1: 0.0196
train MSE group_2: nan
train MSE group_3: nan
CE loss (TEST): 0.0
Experiment 2019
Epoch 0058 [Test seq (cond on sampled tp)] | Loss 22.681023 | Likelihood -24.077353 | KL fp 1.9153 | FP STD 0.1660|
KL coef: 0.38270985905771204
Train loss (one batch): 74.8926773071289
Train CE loss (one batch): 0.0
Test MSE (raw): 0.0056
Test MSE (smoothed with alpha=0.01): 1.5931
New best smoothed test MSE: 1.5931. Saving best model to experiments/experiment_2019_best.ckpt
Test MSE group_0: 0.0038
Test MSE group_1: 0.0073
Test MSE group_2: nan
Test MSE group_3: nan
Poisson likelihood: 0.0
CE loss: 0.0
train MSE group_0: 0.0123
train MSE group_1: 0.0186
train MSE group_2: nan
train MSE group_3: nan
CE loss (TEST): 0.0
Experiment 2019
Epoch 0059 [Test seq (cond on sampled tp)] | Loss 30.275827 | Likelihood -30.912798 | KL fp 1.8023 | FP STD 0.1671|
KL coef: 0.388882760467135
Train loss (one batch): 71.88167572021484
Train CE loss (one batch): 0.0
Test MSE (raw): 0.0069
Test MSE (smoothed with alpha=0.01): 1.5772
New best smoothed test MSE: 1.5772. Saving best model to experiments/experiment_2019_best.ckpt
Test MSE group_0: 0.0044
Test MSE group_1: 0.0094
Test MSE group_2: nan
Test MSE group_3: nan
Poisson likelihood: 0.0
CE loss: 0.0
train MSE group_0: 0.0126
train MSE group_1: 0.0178
train MSE group_2: nan
train MSE group_3: nan
CE loss (TEST): 0.0
Experiment 2019
Epoch 0060 [Test seq (cond on sampled tp)] | Loss 24.443811 | Likelihood -28.069025 | KL fp 1.7986 | FP STD 0.1615|
KL coef: 0.39499393286246365
Train loss (one batch): 74.91915893554688
Train CE loss (one batch): 0.0
Test MSE (raw): 0.0064
Test MSE (smoothed with alpha=0.01): 1.5615
New best smoothed test MSE: 1.5615. Saving best model to experiments/experiment_2019_best.ckpt
Test MSE group_0: 0.0048
Test MSE group_1: 0.0079
Test MSE group_2: nan
Test MSE group_3: nan
Poisson likelihood: 0.0
CE loss: 0.0
train MSE group_0: 0.0126
train MSE group_1: 0.0187
train MSE group_2: nan
train MSE group_3: nan
CE loss (TEST): 0.0
Experiment 2019
Epoch 0061 [Test seq (cond on sampled tp)] | Loss 26.814543 | Likelihood -27.409555 | KL fp 1.8130 | FP STD 0.1530|
KL coef: 0.401043993533839
Train loss (one batch): 74.32369232177734
Train CE loss (one batch): 0.0
Test MSE (raw): 0.0062
Test MSE (smoothed with alpha=0.01): 1.5460
New best smoothed test MSE: 1.5460. Saving best model to experiments/experiment_2019_best.ckpt
Test MSE group_0: 0.0045
Test MSE group_1: 0.0080
Test MSE group_2: nan
Test MSE group_3: nan
Poisson likelihood: 0.0
CE loss: 0.0
train MSE group_0: 0.0124
train MSE group_1: 0.0188
train MSE group_2: nan
train MSE group_3: nan
CE loss (TEST): 0.0
Experiment 2019
Epoch 0062 [Test seq (cond on sampled tp)] | Loss 24.518211 | Likelihood -27.811646 | KL fp 1.8066 | FP STD 0.1465|
KL coef: 0.4070335535985006
Train loss (one batch): 74.32921600341797
Train CE loss (one batch): 0.0
Test MSE (raw): 0.0063
Test MSE (smoothed with alpha=0.01): 1.5306
New best smoothed test MSE: 1.5306. Saving best model to experiments/experiment_2019_best.ckpt
Test MSE group_0: 0.0046
Test MSE group_1: 0.0080
Test MSE group_2: nan
Test MSE group_3: nan
Poisson likelihood: 0.0
CE loss: 0.0
train MSE group_0: 0.0128
train MSE group_1: 0.0184
train MSE group_2: nan
train MSE group_3: nan
CE loss (TEST): 0.0
Experiment 2019
Epoch 0063 [Test seq (cond on sampled tp)] | Loss 23.717989 | Likelihood -24.770311 | KL fp 1.8596 | FP STD 0.1432|
KL coef: 0.41296321806251557
Train loss (one batch): 68.06082153320312
Train CE loss (one batch): 0.0
Test MSE (raw): 0.0057
Test MSE (smoothed with alpha=0.01): 1.5153
New best smoothed test MSE: 1.5153. Saving best model to experiments/experiment_2019_best.ckpt
Test MSE group_0: 0.0042
Test MSE group_1: 0.0072
Test MSE group_2: nan
Test MSE group_3: nan
Poisson likelihood: 0.0
CE loss: 0.0
train MSE group_0: 0.0110
train MSE group_1: 0.0175
train MSE group_2: nan
train MSE group_3: nan
CE loss (TEST): 0.0
Experiment 2019
Epoch 0064 [Test seq (cond on sampled tp)] | Loss 23.951767 | Likelihood -26.608597 | KL fp 1.9440 | FP STD 0.1439|
KL coef: 0.41883358588189046
Train loss (one batch): 70.2667236328125
Train CE loss (one batch): 0.0
Test MSE (raw): 0.0061
Test MSE (smoothed with alpha=0.01): 1.5002
New best smoothed test MSE: 1.5002. Saving best model to experiments/experiment_2019_best.ckpt
Test MSE group_0: 0.0039
Test MSE group_1: 0.0082
Test MSE group_2: nan
Test MSE group_3: nan
Poisson likelihood: 0.0
CE loss: 0.0
train MSE group_0: 0.0111
train MSE group_1: 0.0180
train MSE group_2: nan
train MSE group_3: nan
CE loss (TEST): 0.0
Experiment 2019
Epoch 0065 [Test seq (cond on sampled tp)] | Loss 24.359505 | Likelihood -25.605476 | KL fp 1.9422 | FP STD 0.1477|
KL coef: 0.4246452500230715
Train loss (one batch): 69.22628021240234
Train CE loss (one batch): 0.0
Test MSE (raw): 0.0059
Test MSE (smoothed with alpha=0.01): 1.4853
New best smoothed test MSE: 1.4853. Saving best model to experiments/experiment_2019_best.ckpt
Test MSE group_0: 0.0041
Test MSE group_1: 0.0076
Test MSE group_2: nan
Test MSE group_3: nan
Poisson likelihood: 0.0
CE loss: 0.0
train MSE group_0: 0.0111
train MSE group_1: 0.0173
train MSE group_2: nan
train MSE group_3: nan
CE loss (TEST): 0.0
Experiment 2019
Epoch 0066 [Test seq (cond on sampled tp)] | Loss 25.200632 | Likelihood -25.684624 | KL fp 1.7929 | FP STD 0.1571|
KL coef: 0.4303987975228408
Train loss (one batch): 68.04139709472656
Train CE loss (one batch): 0.0
Test MSE (raw): 0.0059
Test MSE (smoothed with alpha=0.01): 1.4705
New best smoothed test MSE: 1.4705. Saving best model to experiments/experiment_2019_best.ckpt
Test MSE group_0: 0.0041
Test MSE group_1: 0.0076
Test MSE group_2: nan
Test MSE group_3: nan
Poisson likelihood: 0.0
CE loss: 0.0
train MSE group_0: 0.0104
train MSE group_1: 0.0175
train MSE group_2: nan
train MSE group_3: nan
CE loss (TEST): 0.0
Experiment 2019
Epoch 0067 [Test seq (cond on sampled tp)] | Loss 27.451435 | Likelihood -28.694029 | KL fp 1.7112 | FP STD 0.1646|
KL coef: 0.4360948095476125
Train loss (one batch): 69.17230987548828
Train CE loss (one batch): 0.0
Test MSE (raw): 0.0065
Test MSE (smoothed with alpha=0.01): 1.4559
New best smoothed test MSE: 1.4559. Saving best model to experiments/experiment_2019_best.ckpt
Test MSE group_0: 0.0051
Test MSE group_1: 0.0079
Test MSE group_2: nan
Test MSE group_3: nan
Poisson likelihood: 0.0
CE loss: 0.0
train MSE group_0: 0.0104
train MSE group_1: 0.0180
train MSE group_2: nan
train MSE group_3: nan
CE loss (TEST): 0.0
Experiment 2019
Epoch 0068 [Test seq (cond on sampled tp)] | Loss 21.922434 | Likelihood -23.891455 | KL fp 1.6655 | FP STD 0.1703|
KL coef: 0.44173386145213633
Train loss (one batch): 69.62432098388672
Train CE loss (one batch): 0.0
Test MSE (raw): 0.0055
Test MSE (smoothed with alpha=0.01): 1.4413
New best smoothed test MSE: 1.4413. Saving best model to experiments/experiment_2019_best.ckpt
Test MSE group_0: 0.0037
Test MSE group_1: 0.0074
Test MSE group_2: nan
Test MSE group_3: nan
Poisson likelihood: 0.0
CE loss: 0.0
train MSE group_0: 0.0108
train MSE group_1: 0.0182
train MSE group_2: nan
train MSE group_3: nan
CE loss (TEST): 0.0
Experiment 2019
Epoch 0069 [Test seq (cond on sampled tp)] | Loss 25.606647 | Likelihood -26.102608 | KL fp 1.6386 | FP STD 0.1755|
KL coef: 0.4473165228376149
Train loss (one batch): 65.06294250488281
Train CE loss (one batch): 0.0
Test MSE (raw): 0.0060
Test MSE (smoothed with alpha=0.01): 1.4270
New best smoothed test MSE: 1.4270. Saving best model to experiments/experiment_2019_best.ckpt
Test MSE group_0: 0.0039
Test MSE group_1: 0.0080
Test MSE group_2: nan
Test MSE group_3: nan
Poisson likelihood: 0.0
CE loss: 0.0
train MSE group_0: 0.0107
train MSE group_1: 0.0171
train MSE group_2: nan
train MSE group_3: nan
CE loss (TEST): 0.0
Experiment 2019
Epoch 0070 [Test seq (cond on sampled tp)] | Loss 26.509705 | Likelihood -28.279108 | KL fp 1.6385 | FP STD 0.1754|
KL coef: 0.4528433576092388
Train loss (one batch): 73.00322723388672
Train CE loss (one batch): 0.0
Test MSE (raw): 0.0064
Test MSE (smoothed with alpha=0.01): 1.4128
New best smoothed test MSE: 1.4128. Saving best model to experiments/experiment_2019_best.ckpt
Test MSE group_0: 0.0039
Test MSE group_1: 0.0089
Test MSE group_2: nan
Test MSE group_3: nan
Poisson likelihood: 0.0
CE loss: 0.0
train MSE group_0: 0.0110
train MSE group_1: 0.0188
train MSE group_2: nan
train MSE group_3: nan
CE loss (TEST): 0.0
Experiment 2019
Epoch 0071 [Test seq (cond on sampled tp)] | Loss 27.366291 | Likelihood -28.843023 | KL fp 1.6482 | FP STD 0.1731|
KL coef: 0.45831492403314644
Train loss (one batch): 68.51250457763672
Train CE loss (one batch): 0.0
Test MSE (raw): 0.0065
Test MSE (smoothed with alpha=0.01): 1.3987
New best smoothed test MSE: 1.3987. Saving best model to experiments/experiment_2019_best.ckpt
Test MSE group_0: 0.0041
Test MSE group_1: 0.0089
Test MSE group_2: nan
Test MSE group_3: nan
Poisson likelihood: 0.0
CE loss: 0.0
train MSE group_0: 0.0120
train MSE group_1: 0.0184
train MSE group_2: nan
train MSE group_3: nan
CE loss (TEST): 0.0
Experiment 2019
Epoch 0072 [Test seq (cond on sampled tp)] | Loss 22.480692 | Likelihood -24.885010 | KL fp 1.6660 | FP STD 0.1697|
KL coef: 0.463731774792815
Train loss (one batch): 64.65625762939453
Train CE loss (one batch): 0.0
Test MSE (raw): 0.0057
Test MSE (smoothed with alpha=0.01): 1.3848
New best smoothed test MSE: 1.3848. Saving best model to experiments/experiment_2019_best.ckpt
Test MSE group_0: 0.0039
Test MSE group_1: 0.0075
Test MSE group_2: nan
Test MSE group_3: nan
Poisson likelihood: 0.0
CE loss: 0.0
train MSE group_0: 0.0108
train MSE group_1: 0.0178
train MSE group_2: nan
train MSE group_3: nan
CE loss (TEST): 0.0
Experiment 2019
Epoch 0073 [Test seq (cond on sampled tp)] | Loss 18.890326 | Likelihood -24.184698 | KL fp 1.6350 | FP STD 0.1705|
KL coef: 0.46909445704488684
Train loss (one batch): 62.338951110839844
Train CE loss (one batch): 0.0
Test MSE (raw): 0.0056
Test MSE (smoothed with alpha=0.01): 1.3710
New best smoothed test MSE: 1.3710. Saving best model to experiments/experiment_2019_best.ckpt
Test MSE group_0: 0.0032
Test MSE group_1: 0.0080
Test MSE group_2: nan
Test MSE group_3: nan
Poisson likelihood: 0.0
CE loss: 0.0
train MSE group_0: 0.0110
train MSE group_1: 0.0168
train MSE group_2: nan
train MSE group_3: nan
CE loss (TEST): 0.0
Experiment 2019
Epoch 0074 [Test seq (cond on sampled tp)] | Loss 23.299963 | Likelihood -25.971704 | KL fp 1.6090 | FP STD 0.1726|
KL coef: 0.474403512474438
Train loss (one batch): 65.29546356201172
Train CE loss (one batch): 0.0
Test MSE (raw): 0.0059
Test MSE (smoothed with alpha=0.01): 1.3574
New best smoothed test MSE: 1.3574. Saving best model to experiments/experiment_2019_best.ckpt
Test MSE group_0: 0.0033
Test MSE group_1: 0.0085
Test MSE group_2: nan
Test MSE group_3: nan
Poisson likelihood: 0.0
CE loss: 0.0
train MSE group_0: 0.0108
train MSE group_1: 0.0172
train MSE group_2: nan
train MSE group_3: nan
CE loss (TEST): 0.0
Experiment 2019
Epoch 0075 [Test seq (cond on sampled tp)] | Loss 26.540371 | Likelihood -32.442745 | KL fp 1.6004 | FP STD 0.1760|
KL coef: 0.4796594773496936
Train loss (one batch): 58.77458190917969
Train CE loss (one batch): 0.0
Test MSE (raw): 0.0072
Test MSE (smoothed with alpha=0.01): 1.3439
New best smoothed test MSE: 1.3439. Saving best model to experiments/experiment_2019_best.ckpt
Test MSE group_0: 0.0055
Test MSE group_1: 0.0090
Test MSE group_2: nan
Test MSE group_3: nan
Poisson likelihood: 0.0
CE loss: 0.0
train MSE group_0: 0.0101
train MSE group_1: 0.0170
train MSE group_2: nan
train MSE group_3: nan
CE loss (TEST): 0.0
Experiment 2019
Epoch 0076 [Test seq (cond on sampled tp)] | Loss 26.708981 | Likelihood -30.288527 | KL fp 1.6109 | FP STD 0.1763|
KL coef: 0.4848628825761967
Train loss (one batch): 66.18303680419922
Train CE loss (one batch): 0.0
Test MSE (raw): 0.0068
Test MSE (smoothed with alpha=0.01): 1.3305
New best smoothed test MSE: 1.3305. Saving best model to experiments/experiment_2019_best.ckpt
Test MSE group_0: 0.0039
Test MSE group_1: 0.0097
Test MSE group_2: nan
Test MSE group_3: nan
Poisson likelihood: 0.0
CE loss: 0.0
train MSE group_0: 0.0116
train MSE group_1: 0.0173
train MSE group_2: nan
train MSE group_3: nan
CE loss (TEST): 0.0
Experiment 2019
Epoch 0077 [Test seq (cond on sampled tp)] | Loss 24.316826 | Likelihood -28.670799 | KL fp 1.6254 | FP STD 0.1728|
KL coef: 0.4900142537504347
Train loss (one batch): 58.788848876953125
Train CE loss (one batch): 0.0
Test MSE (raw): 0.0065
Test MSE (smoothed with alpha=0.01): 1.3172
New best smoothed test MSE: 1.3172. Saving best model to experiments/experiment_2019_best.ckpt
Test MSE group_0: 0.0037
Test MSE group_1: 0.0092
Test MSE group_2: nan
Test MSE group_3: nan
Poisson likelihood: 0.0
CE loss: 0.0
train MSE group_0: 0.0098
train MSE group_1: 0.0171
train MSE group_2: nan
train MSE group_3: nan
CE loss (TEST): 0.0
Experiment 2019
Epoch 0078 [Test seq (cond on sampled tp)] | Loss 21.222679 | Likelihood -23.812510 | KL fp 1.6705 | FP STD 0.1617|
KL coef: 0.49511411121293036
Train loss (one batch): 67.72935485839844
Train CE loss (one batch): 0.0
Test MSE (raw): 0.0055
Test MSE (smoothed with alpha=0.01): 1.3041
New best smoothed test MSE: 1.3041. Saving best model to experiments/experiment_2019_best.ckpt
Test MSE group_0: 0.0031
Test MSE group_1: 0.0079
Test MSE group_2: nan
Test MSE group_3: nan
Poisson likelihood: 0.0
CE loss: 0.0
train MSE group_0: 0.0112
train MSE group_1: 0.0176
train MSE group_2: nan
train MSE group_3: nan
CE loss (TEST): 0.0
Experiment 2019
Epoch 0079 [Test seq (cond on sampled tp)] | Loss 17.721882 | Likelihood -21.958937 | KL fp 1.8071 | FP STD 0.1447|
KL coef: 0.500162970100801
Train loss (one batch): 62.67053985595703
Train CE loss (one batch): 0.0
Test MSE (raw): 0.0051
Test MSE (smoothed with alpha=0.01): 1.2911
New best smoothed test MSE: 1.2911. Saving best model to experiments/experiment_2019_best.ckpt
Test MSE group_0: 0.0029
Test MSE group_1: 0.0074
Test MSE group_2: nan
Test MSE group_3: nan
Poisson likelihood: 0.0
CE loss: 0.0
train MSE group_0: 0.0103
train MSE group_1: 0.0162
train MSE group_2: nan
train MSE group_3: nan
CE loss (TEST): 0.0
Experiment 2019
Epoch 0080 [Test seq (cond on sampled tp)] | Loss 22.403366 | Likelihood -23.613083 | KL fp 2.0539 | FP STD 0.1340|
KL coef: 0.505161340399793
Train loss (one batch): 58.801551818847656
Train CE loss (one batch): 0.0
Test MSE (raw): 0.0055
Test MSE (smoothed with alpha=0.01): 1.2783
New best smoothed test MSE: 1.2783. Saving best model to experiments/experiment_2019_best.ckpt
Test MSE group_0: 0.0029
Test MSE group_1: 0.0080
Test MSE group_2: nan
Test MSE group_3: nan
Poisson likelihood: 0.0
CE loss: 0.0
train MSE group_0: 0.0095
train MSE group_1: 0.0155
train MSE group_2: nan
train MSE group_3: nan
CE loss (TEST): 0.0
Experiment 2019
Epoch 0081 [Test seq (cond on sampled tp)] | Loss 19.489656 | Likelihood -20.693071 | KL fp 1.9847 | FP STD 0.1333|
KL coef: 0.510109726995795
Train loss (one batch): 57.80360412597656
Train CE loss (one batch): 0.0
Test MSE (raw): 0.0049
Test MSE (smoothed with alpha=0.01): 1.2655
New best smoothed test MSE: 1.2655. Saving best model to experiments/experiment_2019_best.ckpt
Test MSE group_0: 0.0021
Test MSE group_1: 0.0077
Test MSE group_2: nan
Test MSE group_3: nan
Poisson likelihood: 0.0
CE loss: 0.0
train MSE group_0: 0.0093
train MSE group_1: 0.0156
train MSE group_2: nan
train MSE group_3: nan
CE loss (TEST): 0.0
Experiment 2019
Epoch 0082 [Test seq (cond on sampled tp)] | Loss 22.268110 | Likelihood -22.453085 | KL fp 1.9564 | FP STD 0.1334|
KL coef: 0.5150086297258372
Train loss (one batch): 60.388450622558594
Train CE loss (one batch): 0.0
Test MSE (raw): 0.0052
Test MSE (smoothed with alpha=0.01): 1.2529
New best smoothed test MSE: 1.2529. Saving best model to experiments/experiment_2019_best.ckpt
Test MSE group_0: 0.0022
Test MSE group_1: 0.0083
Test MSE group_2: nan
Test MSE group_3: nan
Poisson likelihood: 0.0
CE loss: 0.0
train MSE group_0: 0.0092
train MSE group_1: 0.0158
train MSE group_2: nan
train MSE group_3: nan
CE loss (TEST): 0.0
Experiment 2019
Epoch 0083 [Test seq (cond on sampled tp)] | Loss 22.139544 | Likelihood -22.479445 | KL fp 1.9375 | FP STD 0.1328|
KL coef: 0.5198585434285787
Train loss (one batch): 56.777557373046875
Train CE loss (one batch): 0.0
Test MSE (raw): 0.0052
Test MSE (smoothed with alpha=0.01): 1.2405
New best smoothed test MSE: 1.2405. Saving best model to experiments/experiment_2019_best.ckpt
Test MSE group_0: 0.0023
Test MSE group_1: 0.0082
Test MSE group_2: nan
Test MSE group_3: nan
Poisson likelihood: 0.0
CE loss: 0.0
train MSE group_0: 0.0092
train MSE group_1: 0.0148
train MSE group_2: nan
train MSE group_3: nan
CE loss (TEST): 0.0
Experiment 2019
Epoch 0084 [Test seq (cond on sampled tp)] | Loss 22.339258 | Likelihood -22.728632 | KL fp 1.9261 | FP STD 0.1323|
KL coef: 0.524659957994293
Train loss (one batch): 55.47050094604492
Train CE loss (one batch): 0.0
Test MSE (raw): 0.0053
Test MSE (smoothed with alpha=0.01): 1.2281
New best smoothed test MSE: 1.2281. Saving best model to experiments/experiment_2019_best.ckpt
Test MSE group_0: 0.0025
Test MSE group_1: 0.0080
Test MSE group_2: nan
Test MSE group_3: nan
Poisson likelihood: 0.0
CE loss: 0.0
train MSE group_0: 0.0085
train MSE group_1: 0.0149
train MSE group_2: nan
train MSE group_3: nan
CE loss (TEST): 0.0
Experiment 2019
Epoch 0085 [Test seq (cond on sampled tp)] | Loss 21.229063 | Likelihood -21.513840 | KL fp 1.9717 | FP STD 0.1308|
KL coef: 0.5294133584143501
Train loss (one batch): 57.257713317871094
Train CE loss (one batch): 0.0
Test MSE (raw): 0.0050
Test MSE (smoothed with alpha=0.01): 1.2159
New best smoothed test MSE: 1.2159. Saving best model to experiments/experiment_2019_best.ckpt
Test MSE group_0: 0.0017
Test MSE group_1: 0.0084
Test MSE group_2: nan
Test MSE group_3: nan
Poisson likelihood: 0.0
CE loss: 0.0
train MSE group_0: 0.0083
train MSE group_1: 0.0151
train MSE group_2: nan
train MSE group_3: nan
CE loss (TEST): 0.0
Experiment 2019
Epoch 0086 [Test seq (cond on sampled tp)] | Loss 20.470583 | Likelihood -20.979872 | KL fp 2.0074 | FP STD 0.1311|
KL coef: 0.5341192248302067
Train loss (one batch): 52.06334686279297
Train CE loss (one batch): 0.0
Test MSE (raw): 0.0049
Test MSE (smoothed with alpha=0.01): 1.2038
New best smoothed test MSE: 1.2038. Saving best model to experiments/experiment_2019_best.ckpt
Test MSE group_0: 0.0016
Test MSE group_1: 0.0083
Test MSE group_2: nan
Test MSE group_3: nan
Poisson likelihood: 0.0
CE loss: 0.0
train MSE group_0: 0.0080
train MSE group_1: 0.0136
train MSE group_2: nan
train MSE group_3: nan
CE loss (TEST): 0.0
Experiment 2019
Epoch 0087 [Test seq (cond on sampled tp)] | Loss 20.459419 | Likelihood -20.520052 | KL fp 2.1234 | FP STD 0.1307|
KL coef: 0.5387780325819045
Train loss (one batch): 52.175048828125
Train CE loss (one batch): 0.0
Test MSE (raw): 0.0048
Test MSE (smoothed with alpha=0.01): 1.1918
New best smoothed test MSE: 1.1918. Saving best model to experiments/experiment_2019_best.ckpt
Test MSE group_0: 0.0018
Test MSE group_1: 0.0079
Test MSE group_2: nan
Test MSE group_3: nan
Poisson likelihood: 0.0
CE loss: 0.0
train MSE group_0: 0.0080
train MSE group_1: 0.0138
train MSE group_2: nan
train MSE group_3: nan
CE loss (TEST): 0.0
Experiment 2019
Epoch 0088 [Test seq (cond on sampled tp)] | Loss 20.205696 | Likelihood -20.490551 | KL fp 2.1594 | FP STD 0.1316|
KL coef: 0.5433902522560855
Train loss (one batch): 51.429691314697266
Train CE loss (one batch): 0.0
Test MSE (raw): 0.0048
Test MSE (smoothed with alpha=0.01): 1.1799
New best smoothed test MSE: 1.1799. Saving best model to experiments/experiment_2019_best.ckpt
Test MSE group_0: 0.0017
Test MSE group_1: 0.0080
Test MSE group_2: nan
Test MSE group_3: nan
Poisson likelihood: 0.0
CE loss: 0.0
train MSE group_0: 0.0076
train MSE group_1: 0.0141
train MSE group_2: nan
train MSE group_3: nan
CE loss (TEST): 0.0
Experiment 2019
Epoch 0089 [Test seq (cond on sampled tp)] | Loss 19.765341 | Likelihood -19.819502 | KL fp 2.1094 | FP STD 0.1323|
KL coef: 0.5479563497335247
Train loss (one batch): 48.301788330078125
Train CE loss (one batch): 0.0
Test MSE (raw): 0.0047
Test MSE (smoothed with alpha=0.01): 1.1682
New best smoothed test MSE: 1.1682. Saving best model to experiments/experiment_2019_best.ckpt
Test MSE group_0: 0.0014
Test MSE group_1: 0.0080
Test MSE group_2: nan
Test MSE group_3: nan
Poisson likelihood: 0.0
CE loss: 0.0
train MSE group_0: 0.0075
train MSE group_1: 0.0131
train MSE group_2: nan
train MSE group_3: nan
CE loss (TEST): 0.0
Experiment 2019
Epoch 0090 [Test seq (cond on sampled tp)] | Loss 22.798391 | Likelihood -22.758173 | KL fp 2.1029 | FP STD 0.1315|
KL coef: 0.5524767862361895
Train loss (one batch): 48.13524627685547
Train CE loss (one batch): 0.0
Test MSE (raw): 0.0053
Test MSE (smoothed with alpha=0.01): 1.1565
New best smoothed test MSE: 1.1565. Saving best model to experiments/experiment_2019_best.ckpt
Test MSE group_0: 0.0023
Test MSE group_1: 0.0082
Test MSE group_2: nan
Test MSE group_3: nan
Poisson likelihood: 0.0
CE loss: 0.0
train MSE group_0: 0.0078
train MSE group_1: 0.0127
train MSE group_2: nan
train MSE group_3: nan
CE loss (TEST): 0.0
Experiment 2019
Epoch 0091 [Test seq (cond on sampled tp)] | Loss 19.680561 | Likelihood -19.628424 | KL fp 2.0963 | FP STD 0.1325|
KL coef: 0.5569520183738275
Train loss (one batch): 49.641075134277344
Train CE loss (one batch): 0.0
Test MSE (raw): 0.0047
Test MSE (smoothed with alpha=0.01): 1.1450
New best smoothed test MSE: 1.1450. Saving best model to experiments/experiment_2019_best.ckpt
Test MSE group_0: 0.0011
Test MSE group_1: 0.0082
Test MSE group_2: nan
Test MSE group_3: nan
Poisson likelihood: 0.0
CE loss: 0.0
train MSE group_0: 0.0083
train MSE group_1: 0.0129
train MSE group_2: nan
train MSE group_3: nan
CE loss (TEST): 0.0
Experiment 2019
Epoch 0092 [Test seq (cond on sampled tp)] | Loss 26.524290 | Likelihood -27.520538 | KL fp 2.1409 | FP STD 0.1348|
KL coef: 0.5613824981900892
Train loss (one batch): 43.221317291259766
Train CE loss (one batch): 0.0
Test MSE (raw): 0.0062
Test MSE (smoothed with alpha=0.01): 1.1336
New best smoothed test MSE: 1.1336. Saving best model to experiments/experiment_2019_best.ckpt
Test MSE group_0: 0.0025
Test MSE group_1: 0.0100
Test MSE group_2: nan
Test MSE group_3: nan
Poisson likelihood: 0.0
CE loss: 0.0
train MSE group_0: 0.0068
train MSE group_1: 0.0120
train MSE group_2: nan
train MSE group_3: nan
CE loss (TEST): 0.0
Experiment 2019
Epoch 0093 [Test seq (cond on sampled tp)] | Loss 19.185690 | Likelihood -21.054228 | KL fp 1.9823 | FP STD 0.1334|
KL coef: 0.5657686732081884
Train loss (one batch): 52.57679748535156
Train CE loss (one batch): 0.0
Test MSE (raw): 0.0049
Test MSE (smoothed with alpha=0.01): 1.1223
New best smoothed test MSE: 1.1223. Saving best model to experiments/experiment_2019_best.ckpt
Test MSE group_0: 0.0018
Test MSE group_1: 0.0081
Test MSE group_2: nan
Test MSE group_3: nan
Poisson likelihood: 0.0
CE loss: 0.0
train MSE group_0: 0.0081
train MSE group_1: 0.0138
train MSE group_2: nan
train MSE group_3: nan
CE loss (TEST): 0.0
Experiment 2019
Epoch 0094 [Test seq (cond on sampled tp)] | Loss 20.815983 | Likelihood -21.073683 | KL fp 1.9661 | FP STD 0.1341|
KL coef: 0.5701109864761065
Train loss (one batch): 38.30226135253906
Train CE loss (one batch): 0.0
Test MSE (raw): 0.0050
Test MSE (smoothed with alpha=0.01): 1.1112
New best smoothed test MSE: 1.1112. Saving best model to experiments/experiment_2019_best.ckpt
Test MSE group_0: 0.0014
Test MSE group_1: 0.0085
Test MSE group_2: nan
Test MSE group_3: nan
Poisson likelihood: 0.0
CE loss: 0.0
train MSE group_0: 0.0068
train MSE group_1: 0.0106
train MSE group_2: nan
train MSE group_3: nan
CE loss (TEST): 0.0
Experiment 2019
Epoch 0095 [Test seq (cond on sampled tp)] | Loss 21.414036 | Likelihood -22.418869 | KL fp 2.0979 | FP STD 0.1334|
KL coef: 0.5744098766113455
Train loss (one batch): 40.34654998779297
Train CE loss (one batch): 0.0
Test MSE (raw): 0.0052
Test MSE (smoothed with alpha=0.01): 1.1001
New best smoothed test MSE: 1.1001. Saving best model to experiments/experiment_2019_best.ckpt
Test MSE group_0: 0.0018
Test MSE group_1: 0.0086
Test MSE group_2: nan
Test MSE group_3: nan
Poisson likelihood: 0.0
CE loss: 0.0
train MSE group_0: 0.0060
train MSE group_1: 0.0118
train MSE group_2: nan
train MSE group_3: nan
CE loss (TEST): 0.0
Experiment 2019
Epoch 0096 [Test seq (cond on sampled tp)] | Loss 24.787338 | Likelihood -26.321207 | KL fp 2.0355 | FP STD 0.1332|
KL coef: 0.578665777845232
Train loss (one batch): 40.07468032836914
Train CE loss (one batch): 0.0
Test MSE (raw): 0.0060
Test MSE (smoothed with alpha=0.01): 1.0892
New best smoothed test MSE: 1.0892. Saving best model to experiments/experiment_2019_best.ckpt
Test MSE group_0: 0.0022
Test MSE group_1: 0.0098
Test MSE group_2: nan
Test MSE group_3: nan
Poisson likelihood: 0.0
CE loss: 0.0
train MSE group_0: 0.0057
train MSE group_1: 0.0116
train MSE group_2: nan
train MSE group_3: nan
CE loss (TEST): 0.0
Experiment 2019
Epoch 0097 [Test seq (cond on sampled tp)] | Loss 21.132349 | Likelihood -23.625313 | KL fp 2.0390 | FP STD 0.1338|
KL coef: 0.5828791200667797
Train loss (one batch): 37.454185485839844
Train CE loss (one batch): 0.0
Test MSE (raw): 0.0055
Test MSE (smoothed with alpha=0.01): 1.0783
New best smoothed test MSE: 1.0783. Saving best model to experiments/experiment_2019_best.ckpt
Test MSE group_0: 0.0021
Test MSE group_1: 0.0088
Test MSE group_2: nan
Test MSE group_3: nan
Poisson likelihood: 0.0
CE loss: 0.0
train MSE group_0: 0.0062
train MSE group_1: 0.0101
train MSE group_2: nan
train MSE group_3: nan
CE loss (TEST): 0.0
Experiment 2019
Epoch 0098 [Test seq (cond on sampled tp)] | Loss 19.174587 | Likelihood -21.893213 | KL fp 2.1160 | FP STD 0.1325|
KL coef: 0.5870503288661119
Train loss (one batch): 38.01778793334961
Train CE loss (one batch): 0.0
Test MSE (raw): 0.0051
Test MSE (smoothed with alpha=0.01): 1.0676
New best smoothed test MSE: 1.0676. Saving best model to experiments/experiment_2019_best.ckpt
Test MSE group_0: 0.0022
Test MSE group_1: 0.0081
Test MSE group_2: nan
Test MSE group_3: nan
Poisson likelihood: 0.0
CE loss: 0.0
train MSE group_0: 0.0064
train MSE group_1: 0.0104
train MSE group_2: nan
train MSE group_3: nan
CE loss (TEST): 0.0
Experiment 2019
Epoch 0099 [Test seq (cond on sampled tp)] | Loss 23.150116 | Likelihood -24.069818 | KL fp 2.0949 | FP STD 0.1307|
KL coef: 0.5911798255774507
Train loss (one batch): 34.65083312988281
Train CE loss (one batch): 0.0
Test MSE (raw): 0.0056
Test MSE (smoothed with alpha=0.01): 1.0570
New best smoothed test MSE: 1.0570. Saving best model to experiments/experiment_2019_best.ckpt
Test MSE group_0: 0.0028
Test MSE group_1: 0.0083
Test MSE group_2: nan
Test MSE group_3: nan
Poisson likelihood: 0.0
CE loss: 0.0
train MSE group_0: 0.0057
train MSE group_1: 0.0097
train MSE group_2: nan
train MSE group_3: nan
CE loss (TEST): 0.0
Experiment 2019
Epoch 0100 [Test seq (cond on sampled tp)] | Loss 25.307470 | Likelihood -25.181391 | KL fp 2.1944 | FP STD 0.1289|
KL coef: 0.5952680273216762
Train loss (one batch): 38.093727111816406
Train CE loss (one batch): 0.0
Test MSE (raw): 0.0058
Test MSE (smoothed with alpha=0.01): 1.0465
New best smoothed test MSE: 1.0465. Saving best model to experiments/experiment_2019_best.ckpt
Test MSE group_0: 0.0024
Test MSE group_1: 0.0092
Test MSE group_2: nan
Test MSE group_3: nan
Poisson likelihood: 0.0
CE loss: 0.0
train MSE group_0: 0.0054
train MSE group_1: 0.0107
train MSE group_2: nan
train MSE group_3: nan
CE loss (TEST): 0.0
Experiment 2019
Epoch 0101 [Test seq (cond on sampled tp)] | Loss 21.745436 | Likelihood -23.074570 | KL fp 2.1798 | FP STD 0.1272|
KL coef: 0.5993153470484595
Train loss (one batch): 39.59718322753906
Train CE loss (one batch): 0.0
Test MSE (raw): 0.0054
Test MSE (smoothed with alpha=0.01): 1.0361
New best smoothed test MSE: 1.0361. Saving best model to experiments/experiment_2019_best.ckpt
Test MSE group_0: 0.0022
Test MSE group_1: 0.0085
Test MSE group_2: nan
Test MSE group_3: nan
Poisson likelihood: 0.0
CE loss: 0.0
train MSE group_0: 0.0057
train MSE group_1: 0.0114
train MSE group_2: nan
train MSE group_3: nan
CE loss (TEST): 0.0
Experiment 2019
Epoch 0102 [Test seq (cond on sampled tp)] | Loss 25.216717 | Likelihood -25.866327 | KL fp 2.1704 | FP STD 0.1420|
KL coef: 0.6033221935779749
Train loss (one batch): 30.880727767944336
Train CE loss (one batch): 0.0
Test MSE (raw): 0.0059
Test MSE (smoothed with alpha=0.01): 1.0257
New best smoothed test MSE: 1.0257. Saving best model to experiments/experiment_2019_best.ckpt
Test MSE group_0: 0.0030
Test MSE group_1: 0.0088
Test MSE group_2: nan
Test MSE group_3: nan
Poisson likelihood: 0.0
CE loss: 0.0
train MSE group_0: 0.0047
train MSE group_1: 0.0100
train MSE group_2: nan
train MSE group_3: nan
CE loss (TEST): 0.0
