/Users/benjaminmaurel/Documents/Training_Sanofi/notebooks_hands_on/latent_ode/run_models.py
run_models.py --niters 3000 -n 200 -s 40 -l 10 --dataset PK_Tacro --latent-ode --noise-weight 0.01 --max-t 5. --seed 2 --experiment 39630
Experiment 39630
Epoch 1000 [Test seq (cond on sampled tp)] | Loss 197.374359 | Likelihood -196.911285 | KL fp 5.2753 | FP STD 0.1194|
KL coef: 0.9999522643707747
Train loss (one batch): 196.58023071289062
Train CE loss (one batch): 0.0
Test MSE (raw): 0.0401
Test MSE (smoothed with alpha=0.01): 0.0401
New best smoothed test MSE: 0.0401. Saving best model to experiments/experiment_39630_best.ckpt
Test MSE group_0: 0.0345
Test MSE group_1: 0.0455
Test MSE group_2: nan
Test MSE group_3: nan
Poisson likelihood: 0.0
CE loss: 0.0
train MSE group_0: 0.0332
train MSE group_1: 0.0452
train MSE group_2: nan
train MSE group_3: nan
CE loss (TEST): 0.0
Experiment 39630
Epoch 2000 [Test seq (cond on sampled tp)] | Loss 181.893555 | Likelihood -179.377441 | KL fp 5.3549 | FP STD 0.1047|
KL coef: 0.9999999979391934
Train loss (one batch): 178.4879150390625
Train CE loss (one batch): 0.0
Test MSE (raw): 0.0366
Test MSE (smoothed with alpha=0.01): 0.0401
New best smoothed test MSE: 0.0401. Saving best model to experiments/experiment_39630_best.ckpt
Test MSE group_0: 0.0339
Test MSE group_1: 0.0392
Test MSE group_2: nan
Test MSE group_3: nan
Poisson likelihood: 0.0
CE loss: 0.0
train MSE group_0: 0.0322
train MSE group_1: 0.0385
train MSE group_2: nan
train MSE group_3: nan
CE loss (TEST): 0.0
Experiment 39630
Epoch 3000 [Test seq (cond on sampled tp)] | Loss 184.535385 | Likelihood -183.366104 | KL fp 5.1365 | FP STD 0.1151|
KL coef: 0.9999999999999111
Train loss (one batch): 180.42234802246094
Train CE loss (one batch): 0.0
Test MSE (raw): 0.0374
Test MSE (smoothed with alpha=0.01): 0.0401
New best smoothed test MSE: 0.0401. Saving best model to experiments/experiment_39630_best.ckpt
Test MSE group_0: 0.0347
Test MSE group_1: 0.0400
Test MSE group_2: nan
Test MSE group_3: nan
Poisson likelihood: 0.0
CE loss: 0.0
train MSE group_0: 0.0329
train MSE group_1: 0.0386
train MSE group_2: nan
train MSE group_3: nan
CE loss (TEST): 0.0
