/Users/benjaminmaurel/Documents/Training_Sanofi/notebooks_hands_on/latent_ode/run_models.py
run_models.py --niters 3000 -n 200 -s 40 -l 10 --dataset PK_Tacro --latent-ode --noise-weight 0.01 --max-t 5. --seed 23 --experiment 31996
Experiment 31996
Epoch 1000 [Test seq (cond on sampled tp)] | Loss 164.303116 | Likelihood -163.644684 | KL fp 4.5809 | FP STD 0.1426|
KL coef: 0.9999522643707747
Train loss (one batch): 165.19769287109375
Train CE loss (one batch): 0.0
Test MSE (raw): 0.0335
Test MSE (smoothed with alpha=0.01): 0.0335
New best smoothed test MSE: 0.0335. Saving best model to experiments/experiment_31996_best.ckpt
Test MSE group_0: 0.0291
Test MSE group_1: 0.0377
Test MSE group_2: nan
Test MSE group_3: nan
Poisson likelihood: 0.0
CE loss: 0.0
train MSE group_0: 0.0311
train MSE group_1: 0.0353
train MSE group_2: nan
train MSE group_3: nan
CE loss (TEST): 0.0
Experiment 31996
Epoch 2000 [Test seq (cond on sampled tp)] | Loss 155.547089 | Likelihood -153.944656 | KL fp 4.6596 | FP STD 0.1065|
KL coef: 0.9999999979391934
Train loss (one batch): 151.6383819580078
Train CE loss (one batch): 0.0
Test MSE (raw): 0.0315
Test MSE (smoothed with alpha=0.01): 0.0334
New best smoothed test MSE: 0.0334. Saving best model to experiments/experiment_31996_best.ckpt
Test MSE group_0: 0.0290
Test MSE group_1: 0.0340
Test MSE group_2: nan
Test MSE group_3: nan
Poisson likelihood: 0.0
CE loss: 0.0
train MSE group_0: 0.0297
train MSE group_1: 0.0310
train MSE group_2: nan
train MSE group_3: nan
CE loss (TEST): 0.0
Experiment 31996
Epoch 3000 [Test seq (cond on sampled tp)] | Loss 142.064972 | Likelihood -139.912964 | KL fp 4.7405 | FP STD 0.0827|
KL coef: 0.9999999999999111
Train loss (one batch): 136.09915161132812
Train CE loss (one batch): 0.0
Test MSE (raw): 0.0287
Test MSE (smoothed with alpha=0.01): 0.0334
New best smoothed test MSE: 0.0334. Saving best model to experiments/experiment_31996_best.ckpt
Test MSE group_0: 0.0264
Test MSE group_1: 0.0310
Test MSE group_2: nan
Test MSE group_3: nan
Poisson likelihood: 0.0
CE loss: 0.0
train MSE group_0: 0.0273
train MSE group_1: 0.0272
train MSE group_2: nan
train MSE group_3: nan
CE loss (TEST): 0.0
