/Users/benjaminmaurel/Documents/Training_Sanofi/notebooks_hands_on/latent_ode/run_models.py
run_models.py --niters 3000 -n 200 -s 40 -l 10 --dataset PK_Tacro --latent-ode --noise-weight 0.01 --max-t 5. --seed 4 --experiment 28277
Experiment 28277
Epoch 1000 [Test seq (cond on sampled tp)] | Loss 259.207397 | Likelihood -257.849976 | KL fp 4.5211 | FP STD 0.0915|
KL coef: 0.9999522643707747
Train loss (one batch): 282.38641357421875
Train CE loss (one batch): 0.0
Test MSE (raw): 0.0523
Test MSE (smoothed with alpha=0.01): 0.0523
New best smoothed test MSE: 0.0523. Saving best model to experiments/experiment_28277_best.ckpt
Test MSE group_0: 0.0464
Test MSE group_1: 0.0580
Test MSE group_2: nan
Test MSE group_3: nan
Poisson likelihood: 0.0
CE loss: 0.0
train MSE group_0: 0.0515
train MSE group_1: 0.0612
train MSE group_2: nan
train MSE group_3: nan
CE loss (TEST): 0.0
Experiment 28277
Epoch 2000 [Test seq (cond on sampled tp)] | Loss 219.792389 | Likelihood -218.488174 | KL fp 4.6661 | FP STD 0.0888|
KL coef: 0.9999999979391934
Train loss (one batch): 227.72216796875
Train CE loss (one batch): 0.0
Test MSE (raw): 0.0444
Test MSE (smoothed with alpha=0.01): 0.0522
New best smoothed test MSE: 0.0522. Saving best model to experiments/experiment_28277_best.ckpt
Test MSE group_0: 0.0408
Test MSE group_1: 0.0479
Test MSE group_2: nan
Test MSE group_3: nan
Poisson likelihood: 0.0
CE loss: 0.0
train MSE group_0: 0.0430
train MSE group_1: 0.0480
train MSE group_2: nan
train MSE group_3: nan
CE loss (TEST): 0.0
Experiment 28277
Epoch 3000 [Test seq (cond on sampled tp)] | Loss 203.069687 | Likelihood -200.743622 | KL fp 4.9306 | FP STD 0.0615|
KL coef: 0.9999999999999111
Train loss (one batch): 202.64797973632812
Train CE loss (one batch): 0.0
Test MSE (raw): 0.0409
Test MSE (smoothed with alpha=0.01): 0.0521
New best smoothed test MSE: 0.0521. Saving best model to experiments/experiment_28277_best.ckpt
Test MSE group_0: 0.0379
Test MSE group_1: 0.0437
Test MSE group_2: nan
Test MSE group_3: nan
Poisson likelihood: 0.0
CE loss: 0.0
train MSE group_0: 0.0393
train MSE group_1: 0.0418
train MSE group_2: nan
train MSE group_3: nan
CE loss (TEST): 0.0
