/Users/benjaminmaurel/Documents/Training_Sanofi/notebooks_hands_on/latent_ode/run_models.py
run_models.py --niters 3000 -n 200 -s 40 -l 10 --dataset PK_Tacro --latent-ode --noise-weight 0.01 --max-t 5. --seed 120 --experiment 21259
Experiment 21259
Epoch 1000 [Test seq (cond on sampled tp)] | Loss 160.181915 | Likelihood -158.491348 | KL fp 5.0575 | FP STD 0.1747|
KL coef: 0.9999522643707747
Train loss (one batch): 153.62307739257812
Train CE loss (one batch): 0.0
Test MSE (raw): 0.0324
Test MSE (smoothed with alpha=0.01): 0.0324
New best smoothed test MSE: 0.0324. Saving best model to experiments/experiment_21259_best.ckpt
Test MSE group_0: 0.0286
Test MSE group_1: 0.0362
Test MSE group_2: nan
Test MSE group_3: nan
Poisson likelihood: 0.0
CE loss: 0.0
train MSE group_0: 0.0287
train MSE group_1: 0.0325
train MSE group_2: nan
train MSE group_3: nan
CE loss (TEST): 0.0
Experiment 21259
Epoch 2000 [Test seq (cond on sampled tp)] | Loss 147.716980 | Likelihood -145.862991 | KL fp 4.9990 | FP STD 0.1209|
KL coef: 0.9999999979391934
Train loss (one batch): 140.63885498046875
Train CE loss (one batch): 0.0
Test MSE (raw): 0.0299
Test MSE (smoothed with alpha=0.01): 0.0324
New best smoothed test MSE: 0.0324. Saving best model to experiments/experiment_21259_best.ckpt
Test MSE group_0: 0.0274
Test MSE group_1: 0.0324
Test MSE group_2: nan
Test MSE group_3: nan
Poisson likelihood: 0.0
CE loss: 0.0
train MSE group_0: 0.0272
train MSE group_1: 0.0288
train MSE group_2: nan
train MSE group_3: nan
CE loss (TEST): 0.0
Experiment 21259
Epoch 3000 [Test seq (cond on sampled tp)] | Loss 134.533020 | Likelihood -132.503220 | KL fp 4.9985 | FP STD 0.0944|
KL coef: 0.9999999999999111
Train loss (one batch): 128.18650817871094
Train CE loss (one batch): 0.0
Test MSE (raw): 0.0272
Test MSE (smoothed with alpha=0.01): 0.0324
New best smoothed test MSE: 0.0324. Saving best model to experiments/experiment_21259_best.ckpt
Test MSE group_0: 0.0254
Test MSE group_1: 0.0291
Test MSE group_2: nan
Test MSE group_3: nan
Poisson likelihood: 0.0
CE loss: 0.0
train MSE group_0: 0.0252
train MSE group_1: 0.0260
train MSE group_2: nan
train MSE group_3: nan
CE loss (TEST): 0.0
