/Users/benjaminmaurel/Documents/Training_Sanofi/notebooks_hands_on/latent_ode/run_models.py
run_models.py --niters 3000 -n 200 -s 40 -l 10 --dataset PK_Tacro --latent-ode --noise-weight 0.01 --max-t 5. --seed 100 --experiment 32696
Experiment 32696
Epoch 1000 [Test seq (cond on sampled tp)] | Loss 165.893234 | Likelihood -165.577652 | KL fp 4.5536 | FP STD 0.1957|
KL coef: 0.9999522643707747
Train loss (one batch): 172.86790466308594
Train CE loss (one batch): 0.0
Test MSE (raw): 0.0339
Test MSE (smoothed with alpha=0.01): 0.0339
New best smoothed test MSE: 0.0339. Saving best model to experiments/experiment_32696_best.ckpt
Test MSE group_0: 0.0289
Test MSE group_1: 0.0387
Test MSE group_2: nan
Test MSE group_3: nan
Poisson likelihood: 0.0
CE loss: 0.0
train MSE group_0: 0.0292
train MSE group_1: 0.0424
train MSE group_2: nan
train MSE group_3: nan
CE loss (TEST): 0.0
Experiment 32696
Epoch 2000 [Test seq (cond on sampled tp)] | Loss 147.174484 | Likelihood -145.785583 | KL fp 4.5478 | FP STD 0.1303|
KL coef: 0.9999999979391934
Train loss (one batch): 153.15696716308594
Train CE loss (one batch): 0.0
Test MSE (raw): 0.0299
Test MSE (smoothed with alpha=0.01): 0.0338
New best smoothed test MSE: 0.0338. Saving best model to experiments/experiment_32696_best.ckpt
Test MSE group_0: 0.0273
Test MSE group_1: 0.0325
Test MSE group_2: nan
Test MSE group_3: nan
Poisson likelihood: 0.0
CE loss: 0.0
train MSE group_0: 0.0277
train MSE group_1: 0.0342
train MSE group_2: nan
train MSE group_3: nan
CE loss (TEST): 0.0
Experiment 32696
Epoch 3000 [Test seq (cond on sampled tp)] | Loss 143.717865 | Likelihood -141.734818 | KL fp 4.7437 | FP STD 0.1064|
KL coef: 0.9999999999999111
Train loss (one batch): 146.1063995361328
Train CE loss (one batch): 0.0
Test MSE (raw): 0.0291
Test MSE (smoothed with alpha=0.01): 0.0338
New best smoothed test MSE: 0.0338. Saving best model to experiments/experiment_32696_best.ckpt
Test MSE group_0: 0.0266
Test MSE group_1: 0.0315
Test MSE group_2: nan
Test MSE group_3: nan
Poisson likelihood: 0.0
CE loss: 0.0
train MSE group_0: 0.0267
train MSE group_1: 0.0326
train MSE group_2: nan
train MSE group_3: nan
CE loss (TEST): 0.0
