/Users/benjaminmaurel/Documents/Training_Sanofi/notebooks_hands_on/latent_ode/run_models.py
run_models.py --niters 3000 -n 200 -s 40 -l 10 --dataset PK_Tacro --latent-ode --noise-weight 0.01 --max-t 5. --seed 48 --experiment 13401
Experiment 13401
Epoch 1000 [Test seq (cond on sampled tp)] | Loss 215.507462 | Likelihood -212.345520 | KL fp 5.8234 | FP STD 0.0927|
KL coef: 0.9999522643707747
Train loss (one batch): 201.6513671875
Train CE loss (one batch): 0.0
Test MSE (raw): 0.0432
Test MSE (smoothed with alpha=0.01): 0.0432
New best smoothed test MSE: 0.0432. Saving best model to experiments/experiment_13401_best.ckpt
Test MSE group_0: 0.0370
Test MSE group_1: 0.0490
Test MSE group_2: nan
Test MSE group_3: nan
Poisson likelihood: 0.0
CE loss: 0.0
train MSE group_0: 0.0358
train MSE group_1: 0.0455
train MSE group_2: nan
train MSE group_3: nan
CE loss (TEST): 0.0
Experiment 13401
Epoch 2000 [Test seq (cond on sampled tp)] | Loss 210.797668 | Likelihood -209.277344 | KL fp 5.5943 | FP STD 0.1725|
KL coef: 0.9999999979391934
Train loss (one batch): 197.2382049560547
Train CE loss (one batch): 0.0
Test MSE (raw): 0.0426
Test MSE (smoothed with alpha=0.01): 0.0432
New best smoothed test MSE: 0.0432. Saving best model to experiments/experiment_13401_best.ckpt
Test MSE group_0: 0.0367
Test MSE group_1: 0.0480
Test MSE group_2: nan
Test MSE group_3: nan
Poisson likelihood: 0.0
CE loss: 0.0
train MSE group_0: 0.0355
train MSE group_1: 0.0444
train MSE group_2: nan
train MSE group_3: nan
CE loss (TEST): 0.0
Experiment 13401
Epoch 3000 [Test seq (cond on sampled tp)] | Loss 200.707947 | Likelihood -198.120453 | KL fp 5.5356 | FP STD 0.1327|
KL coef: 0.9999999999999111
Train loss (one batch): 186.97732543945312
Train CE loss (one batch): 0.0
Test MSE (raw): 0.0404
Test MSE (smoothed with alpha=0.01): 0.0432
New best smoothed test MSE: 0.0432. Saving best model to experiments/experiment_13401_best.ckpt
Test MSE group_0: 0.0355
Test MSE group_1: 0.0448
Test MSE group_2: nan
Test MSE group_3: nan
Poisson likelihood: 0.0
CE loss: 0.0
train MSE group_0: 0.0342
train MSE group_1: 0.0410
train MSE group_2: nan
train MSE group_3: nan
CE loss (TEST): 0.0
