/Users/benjaminmaurel/Documents/Training_Sanofi/notebooks_hands_on/latent_ode/run_models.py
run_models.py --niters 3000 -n 200 -s 40 -l 10 --dataset PK_Tacro --latent-ode --noise-weight 0.01 --max-t 5. --seed 36 --experiment 10145
Experiment 10145
Epoch 1000 [Test seq (cond on sampled tp)] | Loss 270.044952 | Likelihood -269.088196 | KL fp 6.1498 | FP STD 0.2139|
KL coef: 0.9999522643707747
Train loss (one batch): 246.88540649414062
Train CE loss (one batch): 0.0
Test MSE (raw): 0.0546
Test MSE (smoothed with alpha=0.01): 0.0546
New best smoothed test MSE: 0.0546. Saving best model to experiments/experiment_10145_best.ckpt
Test MSE group_0: 0.0492
Test MSE group_1: 0.0597
Test MSE group_2: nan
Test MSE group_3: nan
Poisson likelihood: 0.0
CE loss: 0.0
train MSE group_0: 0.0523
train MSE group_1: 0.0481
train MSE group_2: nan
train MSE group_3: nan
CE loss (TEST): 0.0
Experiment 10145
Epoch 2000 [Test seq (cond on sampled tp)] | Loss 248.194946 | Likelihood -244.563385 | KL fp 6.2710 | FP STD 0.1299|
KL coef: 0.9999999979391934
Train loss (one batch): 227.95742797851562
Train CE loss (one batch): 0.0
Test MSE (raw): 0.0496
Test MSE (smoothed with alpha=0.01): 0.0545
New best smoothed test MSE: 0.0545. Saving best model to experiments/experiment_10145_best.ckpt
Test MSE group_0: 0.0448
Test MSE group_1: 0.0544
Test MSE group_2: nan
Test MSE group_3: nan
Poisson likelihood: 0.0
CE loss: 0.0
train MSE group_0: 0.0468
train MSE group_1: 0.0440
train MSE group_2: nan
train MSE group_3: nan
CE loss (TEST): 0.0
Experiment 10145
Epoch 3000 [Test seq (cond on sampled tp)] | Loss 211.229019 | Likelihood -208.889160 | KL fp 6.1123 | FP STD 0.1073|
KL coef: 0.9999999999999111
Train loss (one batch): 197.21539306640625
Train CE loss (one batch): 0.0
Test MSE (raw): 0.0425
Test MSE (smoothed with alpha=0.01): 0.0544
New best smoothed test MSE: 0.0544. Saving best model to experiments/experiment_10145_best.ckpt
Test MSE group_0: 0.0385
Test MSE group_1: 0.0462
Test MSE group_2: nan
Test MSE group_3: nan
Poisson likelihood: 0.0
CE loss: 0.0
train MSE group_0: 0.0409
train MSE group_1: 0.0379
train MSE group_2: nan
train MSE group_3: nan
CE loss (TEST): 0.0
