/Users/benjaminmaurel/Documents/Training_Sanofi/notebooks_hands_on/latent_ode/run_models.py
run_models.py --niters 3000 -n 200 -s 40 -l 10 --dataset PK_Tacro --latent-ode --noise-weight 0.01 --max-t 5. --seed 113 --experiment 39113
Experiment 39113
Epoch 1000 [Test seq (cond on sampled tp)] | Loss 158.916794 | Likelihood -156.725494 | KL fp 5.8338 | FP STD 0.1250|
KL coef: 0.9999522643707747
Train loss (one batch): 168.5790557861328
Train CE loss (one batch): 0.0
Test MSE (raw): 0.0321
Test MSE (smoothed with alpha=0.01): 0.0321
New best smoothed test MSE: 0.0321. Saving best model to experiments/experiment_39113_best.ckpt
Test MSE group_0: 0.0289
Test MSE group_1: 0.0352
Test MSE group_2: nan
Test MSE group_3: nan
Poisson likelihood: 0.0
CE loss: 0.0
train MSE group_0: 0.0309
train MSE group_1: 0.0363
train MSE group_2: nan
train MSE group_3: nan
CE loss (TEST): 0.0
Experiment 39113
Epoch 2000 [Test seq (cond on sampled tp)] | Loss 155.082443 | Likelihood -152.087280 | KL fp 5.9231 | FP STD 0.0895|
KL coef: 0.9999999979391934
Train loss (one batch): 161.32827758789062
Train CE loss (one batch): 0.0
Test MSE (raw): 0.0312
Test MSE (smoothed with alpha=0.01): 0.0321
New best smoothed test MSE: 0.0321. Saving best model to experiments/experiment_39113_best.ckpt
Test MSE group_0: 0.0282
Test MSE group_1: 0.0340
Test MSE group_2: nan
Test MSE group_3: nan
Poisson likelihood: 0.0
CE loss: 0.0
train MSE group_0: 0.0299
train MSE group_1: 0.0341
train MSE group_2: nan
train MSE group_3: nan
CE loss (TEST): 0.0
Experiment 39113
Epoch 3000 [Test seq (cond on sampled tp)] | Loss 147.041656 | Likelihood -144.997177 | KL fp 5.3209 | FP STD 0.1207|
KL coef: 0.9999999999999111
Train loss (one batch): 153.94403076171875
Train CE loss (one batch): 0.0
Test MSE (raw): 0.0297
Test MSE (smoothed with alpha=0.01): 0.0320
New best smoothed test MSE: 0.0320. Saving best model to experiments/experiment_39113_best.ckpt
Test MSE group_0: 0.0279
Test MSE group_1: 0.0315
Test MSE group_2: nan
Test MSE group_3: nan
Poisson likelihood: 0.0
CE loss: 0.0
train MSE group_0: 0.0289
train MSE group_1: 0.0323
train MSE group_2: nan
train MSE group_3: nan
CE loss (TEST): 0.0
