/Users/benjaminmaurel/Documents/Training_Sanofi/notebooks_hands_on/latent_ode/run_models.py
run_models.py --niters 5000 -n 200 -s 40 -l 10 --dataset PK_Tacro --latent-ode --noise-weight 0.01 --max-t 5. --seed 3 --experiment 14818
Experiment 14818
Epoch 0010 [Test seq (cond on sampled tp)] | Loss 1038.984009 | Likelihood -1114.686401 | KL fp 4.3081 | FP STD 0.4591|
KL coef: 0.0
Train loss (one batch): 1197.9510498046875
Train CE loss (one batch): 0.0
Test MSE (raw): 0.2237
Test MSE (smoothed with alpha=0.01): 0.2237
New best smoothed test MSE: 0.2237. Saving best model to experiments/experiment_14818_best.ckpt
Test MSE group_0: 0.2393
Test MSE group_1: 0.2058
Test MSE group_2: nan
Test MSE group_3: nan
Poisson likelihood: 0.0
CE loss: 0.0
train MSE group_0: 0.2776
train MSE group_1: 0.1934
train MSE group_2: nan
train MSE group_3: nan
CE loss (TEST): 0.0
Experiment 14818
Epoch 0020 [Test seq (cond on sampled tp)] | Loss 804.700317 | Likelihood -880.673157 | KL fp 5.7615 | FP STD 0.3712|
KL coef: 0.09561792499119559
Train loss (one batch): 864.5592041015625
Train CE loss (one batch): 0.0
Test MSE (raw): 0.1769
Test MSE (smoothed with alpha=0.01): 0.2232
New best smoothed test MSE: 0.2232. Saving best model to experiments/experiment_14818_best.ckpt
Test MSE group_0: 0.1411
Test MSE group_1: 0.2178
Test MSE group_2: nan
Test MSE group_3: nan
Poisson likelihood: 0.0
CE loss: 0.0
train MSE group_0: 0.1320
train MSE group_1: 0.2298
train MSE group_2: nan
train MSE group_3: nan
CE loss (TEST): 0.0
Experiment 14818
Epoch 0030 [Test seq (cond on sampled tp)] | Loss 770.263245 | Likelihood -801.796814 | KL fp 5.5813 | FP STD 0.3210|
KL coef: 0.18209306240276923
Train loss (one batch): 779.7724609375
Train CE loss (one batch): 0.0
Test MSE (raw): 0.1611
Test MSE (smoothed with alpha=0.01): 0.2226
New best smoothed test MSE: 0.2226. Saving best model to experiments/experiment_14818_best.ckpt
Test MSE group_0: 0.1302
Test MSE group_1: 0.1964
Test MSE group_2: nan
Test MSE group_3: nan
Poisson likelihood: 0.0
CE loss: 0.0
train MSE group_0: 0.1372
train MSE group_1: 0.1954
train MSE group_2: nan
train MSE group_3: nan
CE loss (TEST): 0.0
Experiment 14818
Epoch 0040 [Test seq (cond on sampled tp)] | Loss 755.840210 | Likelihood -788.980652 | KL fp 6.0787 | FP STD 0.1911|
KL coef: 0.2602996266117198
Train loss (one batch): 742.8825073242188
Train CE loss (one batch): 0.0
Test MSE (raw): 0.1585
Test MSE (smoothed with alpha=0.01): 0.2219
New best smoothed test MSE: 0.2219. Saving best model to experiments/experiment_14818_best.ckpt
Test MSE group_0: 0.1398
Test MSE group_1: 0.1799
Test MSE group_2: nan
Test MSE group_3: nan
Poisson likelihood: 0.0
CE loss: 0.0
train MSE group_0: 0.1363
train MSE group_1: 0.1737
train MSE group_2: nan
train MSE group_3: nan
CE loss (TEST): 0.0
Experiment 14818
Epoch 0050 [Test seq (cond on sampled tp)] | Loss 724.158203 | Likelihood -767.280212 | KL fp 6.3218 | FP STD 0.1701|
KL coef: 0.3310282414303197
Train loss (one batch): 738.6287841796875
Train CE loss (one batch): 0.0
Test MSE (raw): 0.1542
Test MSE (smoothed with alpha=0.01): 0.2213
New best smoothed test MSE: 0.2213. Saving best model to experiments/experiment_14818_best.ckpt
Test MSE group_0: 0.1316
Test MSE group_1: 0.1800
Test MSE group_2: nan
Test MSE group_3: nan
Poisson likelihood: 0.0
CE loss: 0.0
train MSE group_0: 0.1323
train MSE group_1: 0.1766
train MSE group_2: nan
train MSE group_3: nan
CE loss (TEST): 0.0
Experiment 14818
Epoch 0060 [Test seq (cond on sampled tp)] | Loss 733.282043 | Likelihood -766.410278 | KL fp 6.4865 | FP STD 0.1575|
KL coef: 0.39499393286246365
Train loss (one batch): 740.6534423828125
Train CE loss (one batch): 0.0
Test MSE (raw): 0.1540
Test MSE (smoothed with alpha=0.01): 0.2206
New best smoothed test MSE: 0.2206. Saving best model to experiments/experiment_14818_best.ckpt
Test MSE group_0: 0.1332
Test MSE group_1: 0.1778
Test MSE group_2: nan
Test MSE group_3: nan
Poisson likelihood: 0.0
CE loss: 0.0
train MSE group_0: 0.1368
train MSE group_1: 0.1703
train MSE group_2: nan
train MSE group_3: nan
CE loss (TEST): 0.0
Experiment 14818
Epoch 0070 [Test seq (cond on sampled tp)] | Loss 711.108032 | Likelihood -764.427124 | KL fp 5.5048 | FP STD 0.2959|
KL coef: 0.4528433576092388
Train loss (one batch): 750.5686645507812
Train CE loss (one batch): 0.0
Test MSE (raw): 0.1536
Test MSE (smoothed with alpha=0.01): 0.2199
New best smoothed test MSE: 0.2199. Saving best model to experiments/experiment_14818_best.ckpt
Test MSE group_0: 0.1359
Test MSE group_1: 0.1739
Test MSE group_2: nan
Test MSE group_3: nan
Poisson likelihood: 0.0
CE loss: 0.0
train MSE group_0: 0.1343
train MSE group_1: 0.1734
train MSE group_2: nan
train MSE group_3: nan
CE loss (TEST): 0.0
Experiment 14818
Epoch 0080 [Test seq (cond on sampled tp)] | Loss 745.794128 | Likelihood -776.582458 | KL fp 5.3538 | FP STD 0.3807|
KL coef: 0.505161340399793
Train loss (one batch): 724.9143676757812
Train CE loss (one batch): 0.0
Test MSE (raw): 0.1561
Test MSE (smoothed with alpha=0.01): 0.2193
New best smoothed test MSE: 0.2193. Saving best model to experiments/experiment_14818_best.ckpt
Test MSE group_0: 0.1352
Test MSE group_1: 0.1799
Test MSE group_2: nan
Test MSE group_3: nan
Poisson likelihood: 0.0
CE loss: 0.0
train MSE group_0: 0.1344
train MSE group_1: 0.1723
train MSE group_2: nan
train MSE group_3: nan
CE loss (TEST): 0.0
Experiment 14818
Epoch 0090 [Test seq (cond on sampled tp)] | Loss 717.695923 | Likelihood -762.364136 | KL fp 5.2132 | FP STD 0.3608|
KL coef: 0.5524767862361895
Train loss (one batch): 730.3230590820312
Train CE loss (one batch): 0.0
Test MSE (raw): 0.1532
Test MSE (smoothed with alpha=0.01): 0.2186
New best smoothed test MSE: 0.2186. Saving best model to experiments/experiment_14818_best.ckpt
Test MSE group_0: 0.1331
Test MSE group_1: 0.1762
Test MSE group_2: nan
Test MSE group_3: nan
Poisson likelihood: 0.0
CE loss: 0.0
train MSE group_0: 0.1295
train MSE group_1: 0.1724
train MSE group_2: nan
train MSE group_3: nan
CE loss (TEST): 0.0
Experiment 14818
Epoch 0100 [Test seq (cond on sampled tp)] | Loss 698.192078 | Likelihood -738.034546 | KL fp 5.7678 | FP STD 0.2821|
KL coef: 0.5952680273216762
Train loss (one batch): 717.0664672851562
Train CE loss (one batch): 0.0
Test MSE (raw): 0.1483
Test MSE (smoothed with alpha=0.01): 0.2179
New best smoothed test MSE: 0.2179. Saving best model to experiments/experiment_14818_best.ckpt
Test MSE group_0: 0.1271
Test MSE group_1: 0.1726
Test MSE group_2: nan
Test MSE group_3: nan
Poisson likelihood: 0.0
CE loss: 0.0
train MSE group_0: 0.1305
train MSE group_1: 0.1658
train MSE group_2: nan
train MSE group_3: nan
CE loss (TEST): 0.0
Experiment 14818
Epoch 0110 [Test seq (cond on sampled tp)] | Loss 701.451904 | Likelihood -731.141968 | KL fp 5.6346 | FP STD 0.2695|
KL coef: 0.6339676587267709
Train loss (one batch): 713.8150024414062
Train CE loss (one batch): 0.0
Test MSE (raw): 0.1470
Test MSE (smoothed with alpha=0.01): 0.2172
New best smoothed test MSE: 0.2172. Saving best model to experiments/experiment_14818_best.ckpt
Test MSE group_0: 0.1260
Test MSE group_1: 0.1709
Test MSE group_2: nan
Test MSE group_3: nan
Poisson likelihood: 0.0
CE loss: 0.0
train MSE group_0: 0.1268
train MSE group_1: 0.1670
train MSE group_2: nan
train MSE group_3: nan
CE loss (TEST): 0.0
Experiment 14818
Epoch 0120 [Test seq (cond on sampled tp)] | Loss 682.039062 | Likelihood -711.631714 | KL fp 5.5992 | FP STD 0.2581|
KL coef: 0.6689669116789861
Train loss (one batch): 694.1326904296875
Train CE loss (one batch): 0.0
Test MSE (raw): 0.1431
Test MSE (smoothed with alpha=0.01): 0.2165
New best smoothed test MSE: 0.2165. Saving best model to experiments/experiment_14818_best.ckpt
Test MSE group_0: 0.1250
Test MSE group_1: 0.1638
Test MSE group_2: nan
Test MSE group_3: nan
Poisson likelihood: 0.0
CE loss: 0.0
train MSE group_0: 0.1246
train MSE group_1: 0.1604
train MSE group_2: nan
train MSE group_3: nan
CE loss (TEST): 0.0
Experiment 14818
Epoch 0130 [Test seq (cond on sampled tp)] | Loss 693.571228 | Likelihood -711.721497 | KL fp 5.7137 | FP STD 0.2426|
KL coef: 0.7006196086876687
Train loss (one batch): 692.667724609375
Train CE loss (one batch): 0.0
Test MSE (raw): 0.1431
Test MSE (smoothed with alpha=0.01): 0.2157
New best smoothed test MSE: 0.2157. Saving best model to experiments/experiment_14818_best.ckpt
Test MSE group_0: 0.1239
Test MSE group_1: 0.1650
Test MSE group_2: nan
Test MSE group_3: nan
Poisson likelihood: 0.0
CE loss: 0.0
train MSE group_0: 0.1245
train MSE group_1: 0.1600
train MSE group_2: nan
train MSE group_3: nan
CE loss (TEST): 0.0
Experiment 14818
Epoch 0140 [Test seq (cond on sampled tp)] | Loss 673.841309 | Likelihood -706.722046 | KL fp 6.0649 | FP STD 0.2170|
KL coef: 0.729245740488006
Train loss (one batch): 687.6516723632812
Train CE loss (one batch): 0.0
Test MSE (raw): 0.1421
Test MSE (smoothed with alpha=0.01): 0.2150
New best smoothed test MSE: 0.2150. Saving best model to experiments/experiment_14818_best.ckpt
Test MSE group_0: 0.1197
Test MSE group_1: 0.1677
Test MSE group_2: nan
Test MSE group_3: nan
Poisson likelihood: 0.0
CE loss: 0.0
train MSE group_0: 0.1191
train MSE group_1: 0.1632
train MSE group_2: nan
train MSE group_3: nan
CE loss (TEST): 0.0
Experiment 14818
Epoch 0150 [Test seq (cond on sampled tp)] | Loss 666.392395 | Likelihood -680.284485 | KL fp 5.8595 | FP STD 0.2239|
KL coef: 0.7551347009650705
Train loss (one batch): 674.8815307617188
Train CE loss (one batch): 0.0
Test MSE (raw): 0.1368
Test MSE (smoothed with alpha=0.01): 0.2142
New best smoothed test MSE: 0.2142. Saving best model to experiments/experiment_14818_best.ckpt
Test MSE group_0: 0.1174
Test MSE group_1: 0.1589
Test MSE group_2: nan
Test MSE group_3: nan
Poisson likelihood: 0.0
CE loss: 0.0
train MSE group_0: 0.1221
train MSE group_1: 0.1540
train MSE group_2: nan
train MSE group_3: nan
CE loss (TEST): 0.0
Experiment 14818
Epoch 0160 [Test seq (cond on sampled tp)] | Loss 635.281067 | Likelihood -651.578857 | KL fp 5.7711 | FP STD 0.2135|
KL coef: 0.7785482127611391
Train loss (one batch): 632.1847534179688
Train CE loss (one batch): 0.0
Test MSE (raw): 0.1311
Test MSE (smoothed with alpha=0.01): 0.2134
New best smoothed test MSE: 0.2134. Saving best model to experiments/experiment_14818_best.ckpt
Test MSE group_0: 0.1133
Test MSE group_1: 0.1514
Test MSE group_2: nan
Test MSE group_3: nan
Poisson likelihood: 0.0
CE loss: 0.0
train MSE group_0: 0.1110
train MSE group_1: 0.1474
train MSE group_2: nan
train MSE group_3: nan
CE loss (TEST): 0.0
Experiment 14818
Epoch 0170 [Test seq (cond on sampled tp)] | Loss 586.701965 | Likelihood -599.014771 | KL fp 5.7409 | FP STD 0.2117|
KL coef: 0.7997229731425107
Train loss (one batch): 553.2646484375
Train CE loss (one batch): 0.0
Test MSE (raw): 0.1205
Test MSE (smoothed with alpha=0.01): 0.2125
New best smoothed test MSE: 0.2125. Saving best model to experiments/experiment_14818_best.ckpt
Test MSE group_0: 0.1013
Test MSE group_1: 0.1425
Test MSE group_2: nan
Test MSE group_3: nan
Poisson likelihood: 0.0
CE loss: 0.0
train MSE group_0: 0.1012
train MSE group_1: 0.1328
train MSE group_2: nan
train MSE group_3: nan
CE loss (TEST): 0.0
Experiment 14818
Epoch 0180 [Test seq (cond on sampled tp)] | Loss 537.937256 | Likelihood -565.527710 | KL fp 5.2787 | FP STD 0.2648|
KL coef: 0.8188730468740297
Train loss (one batch): 497.38201904296875
Train CE loss (one batch): 0.0
Test MSE (raw): 0.1138
Test MSE (smoothed with alpha=0.01): 0.2115
New best smoothed test MSE: 0.2115. Saving best model to experiments/experiment_14818_best.ckpt
Test MSE group_0: 0.0956
Test MSE group_1: 0.1347
Test MSE group_2: nan
Test MSE group_3: nan
Poisson likelihood: 0.0
CE loss: 0.0
train MSE group_0: 0.0850
train MSE group_1: 0.1256
train MSE group_2: nan
train MSE group_3: nan
CE loss (TEST): 0.0
Experiment 14818
Epoch 0190 [Test seq (cond on sampled tp)] | Loss 477.093384 | Likelihood -521.222107 | KL fp 5.2516 | FP STD 0.2704|
KL coef: 0.8361920302919126
Train loss (one batch): 450.4671936035156
Train CE loss (one batch): 0.0
Test MSE (raw): 0.1050
Test MSE (smoothed with alpha=0.01): 0.2104
New best smoothed test MSE: 0.2104. Saving best model to experiments/experiment_14818_best.ckpt
Test MSE group_0: 0.0925
Test MSE group_1: 0.1192
Test MSE group_2: nan
Test MSE group_3: nan
Poisson likelihood: 0.0
CE loss: 0.0
train MSE group_0: 0.0767
train MSE group_1: 0.1081
train MSE group_2: nan
train MSE group_3: nan
CE loss (TEST): 0.0
Experiment 14818
Epoch 0200 [Test seq (cond on sampled tp)] | Loss 437.269775 | Likelihood -484.464935 | KL fp 5.5268 | FP STD 0.2585|
KL coef: 0.8518550084524206
Train loss (one batch): 407.1327209472656
Train CE loss (one batch): 0.0
Test MSE (raw): 0.0976
Test MSE (smoothed with alpha=0.01): 0.2093
New best smoothed test MSE: 0.2093. Saving best model to experiments/experiment_14818_best.ckpt
Test MSE group_0: 0.0947
Test MSE group_1: 0.1010
Test MSE group_2: nan
Test MSE group_3: nan
Poisson likelihood: 0.0
CE loss: 0.0
train MSE group_0: 0.0688
train MSE group_1: 0.1000
train MSE group_2: nan
train MSE group_3: nan
CE loss (TEST): 0.0
Experiment 14818
Epoch 0210 [Test seq (cond on sampled tp)] | Loss 404.929504 | Likelihood -457.058929 | KL fp 5.5390 | FP STD 0.2522|
KL coef: 0.8660203251420383
Train loss (one batch): 354.3121337890625
Train CE loss (one batch): 0.0
Test MSE (raw): 0.0921
Test MSE (smoothed with alpha=0.01): 0.2081
New best smoothed test MSE: 0.2081. Saving best model to experiments/experiment_14818_best.ckpt
Test MSE group_0: 0.0899
Test MSE group_1: 0.0947
Test MSE group_2: nan
Test MSE group_3: nan
Poisson likelihood: 0.0
CE loss: 0.0
train MSE group_0: 0.0541
train MSE group_1: 0.0940
train MSE group_2: nan
train MSE group_3: nan
CE loss (TEST): 0.0
Experiment 14818
Epoch 0220 [Test seq (cond on sampled tp)] | Loss 435.275146 | Likelihood -438.846375 | KL fp 5.7843 | FP STD 0.2449|
KL coef: 0.8788311836429517
Train loss (one batch): 341.3689880371094
Train CE loss (one batch): 0.0
Test MSE (raw): 0.0885
Test MSE (smoothed with alpha=0.01): 0.2069
New best smoothed test MSE: 0.2069. Saving best model to experiments/experiment_14818_best.ckpt
Test MSE group_0: 0.0856
Test MSE group_1: 0.0919
Test MSE group_2: nan
Test MSE group_3: nan
Poisson likelihood: 0.0
CE loss: 0.0
train MSE group_0: 0.0518
train MSE group_1: 0.0922
train MSE group_2: nan
train MSE group_3: nan
CE loss (TEST): 0.0
Experiment 14818
Epoch 0230 [Test seq (cond on sampled tp)] | Loss 428.134674 | Likelihood -437.152527 | KL fp 5.3953 | FP STD 0.2326|
KL coef: 0.8904170944366518
Train loss (one batch): 354.0208740234375
Train CE loss (one batch): 0.0
Test MSE (raw): 0.0882
Test MSE (smoothed with alpha=0.01): 0.2057
New best smoothed test MSE: 0.2057. Saving best model to experiments/experiment_14818_best.ckpt
Test MSE group_0: 0.0967
Test MSE group_1: 0.0785
Test MSE group_2: nan
Test MSE group_3: nan
Poisson likelihood: 0.0
CE loss: 0.0
train MSE group_0: 0.0539
train MSE group_1: 0.0956
train MSE group_2: nan
train MSE group_3: nan
CE loss (TEST): 0.0
Experiment 14818
Epoch 0240 [Test seq (cond on sampled tp)] | Loss 340.963379 | Likelihood -358.155029 | KL fp 5.5117 | FP STD 0.2240|
KL coef: 0.9008951844811254
Train loss (one batch): 297.52142333984375
Train CE loss (one batch): 0.0
Test MSE (raw): 0.0724
Test MSE (smoothed with alpha=0.01): 0.2044
New best smoothed test MSE: 0.2044. Saving best model to experiments/experiment_14818_best.ckpt
Test MSE group_0: 0.0755
Test MSE group_1: 0.0688
Test MSE group_2: nan
Test MSE group_3: nan
Poisson likelihood: 0.0
CE loss: 0.0
train MSE group_0: 0.0437
train MSE group_1: 0.0825
train MSE group_2: nan
train MSE group_3: nan
CE loss (TEST): 0.0
Experiment 14818
Epoch 0250 [Test seq (cond on sampled tp)] | Loss 310.273224 | Likelihood -328.046112 | KL fp 5.5522 | FP STD 0.2126|
KL coef: 0.9103713812976754
Train loss (one batch): 279.8000793457031
Train CE loss (one batch): 0.0
Test MSE (raw): 0.0663
Test MSE (smoothed with alpha=0.01): 0.2030
New best smoothed test MSE: 0.2030. Saving best model to experiments/experiment_14818_best.ckpt
Test MSE group_0: 0.0664
Test MSE group_1: 0.0663
Test MSE group_2: nan
Test MSE group_3: nan
Poisson likelihood: 0.0
CE loss: 0.0
train MSE group_0: 0.0404
train MSE group_1: 0.0795
train MSE group_2: nan
train MSE group_3: nan
CE loss (TEST): 0.0
Experiment 14818
Epoch 0260 [Test seq (cond on sampled tp)] | Loss 298.473785 | Likelihood -313.164368 | KL fp 5.6649 | FP STD 0.1994|
KL coef: 0.9189414838378187
Train loss (one batch): 278.5005798339844
Train CE loss (one batch): 0.0
Test MSE (raw): 0.0634
Test MSE (smoothed with alpha=0.01): 0.2016
New best smoothed test MSE: 0.2016. Saving best model to experiments/experiment_14818_best.ckpt
Test MSE group_0: 0.0603
Test MSE group_1: 0.0668
Test MSE group_2: nan
Test MSE group_3: nan
Poisson likelihood: 0.0
CE loss: 0.0
train MSE group_0: 0.0380
train MSE group_1: 0.0788
train MSE group_2: nan
train MSE group_3: nan
CE loss (TEST): 0.0
Experiment 14818
Epoch 0270 [Test seq (cond on sampled tp)] | Loss 286.049255 | Likelihood -300.804688 | KL fp 5.4838 | FP STD 0.2036|
KL coef: 0.9266921309561118
Train loss (one batch): 265.7084045410156
Train CE loss (one batch): 0.0
Test MSE (raw): 0.0609
Test MSE (smoothed with alpha=0.01): 0.2002
New best smoothed test MSE: 0.2002. Saving best model to experiments/experiment_14818_best.ckpt
Test MSE group_0: 0.0583
Test MSE group_1: 0.0639
Test MSE group_2: nan
Test MSE group_3: nan
Poisson likelihood: 0.0
CE loss: 0.0
train MSE group_0: 0.0370
train MSE group_1: 0.0755
train MSE group_2: nan
train MSE group_3: nan
CE loss (TEST): 0.0
Experiment 14818
Epoch 0280 [Test seq (cond on sampled tp)] | Loss 295.446777 | Likelihood -300.458923 | KL fp 5.7628 | FP STD 0.1827|
KL coef: 0.9337016772796147
Train loss (one batch): 272.01885986328125
Train CE loss (one batch): 0.0
Test MSE (raw): 0.0608
Test MSE (smoothed with alpha=0.01): 0.1988
New best smoothed test MSE: 0.1988. Saving best model to experiments/experiment_14818_best.ckpt
Test MSE group_0: 0.0552
Test MSE group_1: 0.0673
Test MSE group_2: nan
Test MSE group_3: nan
Poisson likelihood: 0.0
CE loss: 0.0
train MSE group_0: 0.0374
train MSE group_1: 0.0775
train MSE group_2: nan
train MSE group_3: nan
CE loss (TEST): 0.0
Experiment 14818
Epoch 0290 [Test seq (cond on sampled tp)] | Loss 334.884277 | Likelihood -347.165436 | KL fp 5.9951 | FP STD 0.1796|
KL coef: 0.9400409853285345
Train loss (one batch): 271.1624450683594
Train CE loss (one batch): 0.0
Test MSE (raw): 0.0702
Test MSE (smoothed with alpha=0.01): 0.1975
New best smoothed test MSE: 0.1975. Saving best model to experiments/experiment_14818_best.ckpt
Test MSE group_0: 0.0576
Test MSE group_1: 0.0845
Test MSE group_2: nan
Test MSE group_3: nan
Poisson likelihood: 0.0
CE loss: 0.0
train MSE group_0: 0.0373
train MSE group_1: 0.0773
train MSE group_2: nan
train MSE group_3: nan
CE loss (TEST): 0.0
Experiment 14818
Epoch 0300 [Test seq (cond on sampled tp)] | Loss 285.362427 | Likelihood -287.007172 | KL fp 5.6599 | FP STD 0.1728|
KL coef: 0.9457741418959368
Train loss (one batch): 257.27227783203125
Train CE loss (one batch): 0.0
Test MSE (raw): 0.0581
Test MSE (smoothed with alpha=0.01): 0.1961
New best smoothed test MSE: 0.1961. Saving best model to experiments/experiment_14818_best.ckpt
Test MSE group_0: 0.0543
Test MSE group_1: 0.0626
Test MSE group_2: nan
Test MSE group_3: nan
Poisson likelihood: 0.0
CE loss: 0.0
train MSE group_0: 0.0360
train MSE group_1: 0.0746
train MSE group_2: nan
train MSE group_3: nan
CE loss (TEST): 0.0
Experiment 14818
Epoch 0310 [Test seq (cond on sampled tp)] | Loss 284.107666 | Likelihood -297.288391 | KL fp 5.9390 | FP STD 0.1697|
KL coef: 0.9509591059287142
Train loss (one batch): 244.46966552734375
Train CE loss (one batch): 0.0
Test MSE (raw): 0.0602
Test MSE (smoothed with alpha=0.01): 0.1948
New best smoothed test MSE: 0.1948. Saving best model to experiments/experiment_14818_best.ckpt
Test MSE group_0: 0.0516
Test MSE group_1: 0.0700
Test MSE group_2: nan
Test MSE group_3: nan
Poisson likelihood: 0.0
CE loss: 0.0
train MSE group_0: 0.0342
train MSE group_1: 0.0689
train MSE group_2: nan
train MSE group_3: nan
CE loss (TEST): 0.0
Experiment 14818
Epoch 0320 [Test seq (cond on sampled tp)] | Loss 285.886932 | Likelihood -287.098450 | KL fp 5.5763 | FP STD 0.2158|
KL coef: 0.9556482944595236
Train loss (one batch): 248.2884979248047
Train CE loss (one batch): 0.0
Test MSE (raw): 0.0582
Test MSE (smoothed with alpha=0.01): 0.1934
New best smoothed test MSE: 0.1934. Saving best model to experiments/experiment_14818_best.ckpt
Test MSE group_0: 0.0496
Test MSE group_1: 0.0680
Test MSE group_2: nan
Test MSE group_3: nan
Poisson likelihood: 0.0
CE loss: 0.0
train MSE group_0: 0.0330
train MSE group_1: 0.0723
train MSE group_2: nan
train MSE group_3: nan
CE loss (TEST): 0.0
Experiment 14818
Epoch 0330 [Test seq (cond on sampled tp)] | Loss 280.184631 | Likelihood -311.202148 | KL fp 5.2164 | FP STD 0.2996|
KL coef: 0.9598891125131245
Train loss (one batch): 257.7247009277344
Train CE loss (one batch): 0.0
Test MSE (raw): 0.0630
Test MSE (smoothed with alpha=0.01): 0.1921
New best smoothed test MSE: 0.1921. Saving best model to experiments/experiment_14818_best.ckpt
Test MSE group_0: 0.0583
Test MSE group_1: 0.0683
Test MSE group_2: nan
Test MSE group_3: nan
Poisson likelihood: 0.0
CE loss: 0.0
train MSE group_0: 0.0344
train MSE group_1: 0.0802
train MSE group_2: nan
train MSE group_3: nan
CE loss (TEST): 0.0
Experiment 14818
Epoch 0340 [Test seq (cond on sampled tp)] | Loss 286.006561 | Likelihood -302.073547 | KL fp 5.5447 | FP STD 0.2417|
KL coef: 0.9637244323441748
Train loss (one batch): 257.6514892578125
Train CE loss (one batch): 0.0
Test MSE (raw): 0.0612
Test MSE (smoothed with alpha=0.01): 0.1908
New best smoothed test MSE: 0.1908. Saving best model to experiments/experiment_14818_best.ckpt
Test MSE group_0: 0.0507
Test MSE group_1: 0.0731
Test MSE group_2: nan
Test MSE group_3: nan
Poisson likelihood: 0.0
CE loss: 0.0
train MSE group_0: 0.0337
train MSE group_1: 0.0752
train MSE group_2: nan
train MSE group_3: nan
CE loss (TEST): 0.0
Experiment 14818
Epoch 0350 [Test seq (cond on sampled tp)] | Loss 263.882904 | Likelihood -270.596191 | KL fp 5.5239 | FP STD 0.2127|
KL coef: 0.9671930268513026
Train loss (one batch): 236.0045623779297
Train CE loss (one batch): 0.0
Test MSE (raw): 0.0549
Test MSE (smoothed with alpha=0.01): 0.1894
New best smoothed test MSE: 0.1894. Saving best model to experiments/experiment_14818_best.ckpt
Test MSE group_0: 0.0495
Test MSE group_1: 0.0610
Test MSE group_2: nan
Test MSE group_3: nan
Poisson likelihood: 0.0
CE loss: 0.0
train MSE group_0: 0.0337
train MSE group_1: 0.0667
train MSE group_2: nan
train MSE group_3: nan
CE loss (TEST): 0.0
Experiment 14818
Epoch 0360 [Test seq (cond on sampled tp)] | Loss 270.741638 | Likelihood -274.754578 | KL fp 5.3483 | FP STD 0.2080|
KL coef: 0.9703299615490228
Train loss (one batch): 238.08999633789062
Train CE loss (one batch): 0.0
Test MSE (raw): 0.0557
Test MSE (smoothed with alpha=0.01): 0.1881
New best smoothed test MSE: 0.1881. Saving best model to experiments/experiment_14818_best.ckpt
Test MSE group_0: 0.0508
Test MSE group_1: 0.0612
Test MSE group_2: nan
Test MSE group_3: nan
Poisson likelihood: 0.0
CE loss: 0.0
train MSE group_0: 0.0322
train MSE group_1: 0.0680
train MSE group_2: nan
train MSE group_3: nan
CE loss (TEST): 0.0
