/Users/benjaminmaurel/Documents/Training_Sanofi/notebooks_hands_on/latent_ode/run_models.py
run_models.py --niters 3000 -n 200 -s 40 -l 10 --dataset PK_Tacro --latent-ode --noise-weight 0.01 --max-t 5. --seed 45 --experiment 17967
Experiment 17967
Epoch 1000 [Test seq (cond on sampled tp)] | Loss 173.741760 | Likelihood -174.785492 | KL fp 4.5143 | FP STD 0.1293|
KL coef: 0.9999522643707747
Train loss (one batch): 177.46817016601562
Train CE loss (one batch): 0.0
Test MSE (raw): 0.0357
Test MSE (smoothed with alpha=0.01): 0.0357
New best smoothed test MSE: 0.0357. Saving best model to experiments/experiment_17967_best.ckpt
Test MSE group_0: 0.0331
Test MSE group_1: 0.0382
Test MSE group_2: nan
Test MSE group_3: nan
Poisson likelihood: 0.0
CE loss: 0.0
train MSE group_0: 0.0317
train MSE group_1: 0.0394
train MSE group_2: nan
train MSE group_3: nan
CE loss (TEST): 0.0
Experiment 17967
Epoch 2000 [Test seq (cond on sampled tp)] | Loss 152.315308 | Likelihood -150.877548 | KL fp 4.9557 | FP STD 0.1206|
KL coef: 0.9999999979391934
Train loss (one batch): 154.2399139404297
Train CE loss (one batch): 0.0
Test MSE (raw): 0.0309
Test MSE (smoothed with alpha=0.01): 0.0356
New best smoothed test MSE: 0.0356. Saving best model to experiments/experiment_17967_best.ckpt
Test MSE group_0: 0.0293
Test MSE group_1: 0.0325
Test MSE group_2: nan
Test MSE group_3: nan
Poisson likelihood: 0.0
CE loss: 0.0
train MSE group_0: 0.0278
train MSE group_1: 0.0337
train MSE group_2: nan
train MSE group_3: nan
CE loss (TEST): 0.0
Experiment 17967
Epoch 3000 [Test seq (cond on sampled tp)] | Loss 140.407043 | Likelihood -137.927399 | KL fp 5.2311 | FP STD 0.0921|
KL coef: 0.9999999999999111
Train loss (one batch): 139.02072143554688
Train CE loss (one batch): 0.0
Test MSE (raw): 0.0283
Test MSE (smoothed with alpha=0.01): 0.0356
New best smoothed test MSE: 0.0356. Saving best model to experiments/experiment_17967_best.ckpt
Test MSE group_0: 0.0270
Test MSE group_1: 0.0297
Test MSE group_2: nan
Test MSE group_3: nan
Poisson likelihood: 0.0
CE loss: 0.0
train MSE group_0: 0.0251
train MSE group_1: 0.0302
train MSE group_2: nan
train MSE group_3: nan
CE loss (TEST): 0.0
