/Users/benjaminmaurel/Documents/Training_Sanofi/notebooks_hands_on/latent_ode/run_models.py
run_models.py --niters 3000 -n 200 -s 40 -l 10 --dataset PK_Tacro --latent-ode --noise-weight 0.01 --max-t 5. --seed 4 --experiment 27170
Experiment 27170
Epoch 1000 [Test seq (cond on sampled tp)] | Loss 243.660507 | Likelihood -245.834595 | KL fp 4.4190 | FP STD 0.1890|
KL coef: 0.9999522643707747
Train loss (one batch): 243.5897216796875
Train CE loss (one batch): 0.0
Test MSE (raw): 0.0499
Test MSE (smoothed with alpha=0.01): 0.0499
New best smoothed test MSE: 0.0499. Saving best model to experiments/experiment_27170_best.ckpt
Test MSE group_0: 0.0437
Test MSE group_1: 0.0561
Test MSE group_2: nan
Test MSE group_3: nan
Poisson likelihood: 0.0
CE loss: 0.0
train MSE group_0: 0.0433
train MSE group_1: 0.0543
train MSE group_2: nan
train MSE group_3: nan
CE loss (TEST): 0.0
Experiment 27170
Epoch 2000 [Test seq (cond on sampled tp)] | Loss 204.143295 | Likelihood -202.782684 | KL fp 4.6421 | FP STD 0.1199|
KL coef: 0.9999999979391934
Train loss (one batch): 192.55555725097656
Train CE loss (one batch): 0.0
Test MSE (raw): 0.0413
Test MSE (smoothed with alpha=0.01): 0.0498
New best smoothed test MSE: 0.0498. Saving best model to experiments/experiment_27170_best.ckpt
Test MSE group_0: 0.0383
Test MSE group_1: 0.0443
Test MSE group_2: nan
Test MSE group_3: nan
Poisson likelihood: 0.0
CE loss: 0.0
train MSE group_0: 0.0352
train MSE group_1: 0.0427
train MSE group_2: nan
train MSE group_3: nan
CE loss (TEST): 0.0
Experiment 27170
Epoch 3000 [Test seq (cond on sampled tp)] | Loss 198.768799 | Likelihood -198.871704 | KL fp 4.5279 | FP STD 0.1496|
KL coef: 0.9999999999999111
Train loss (one batch): 187.9652862548828
Train CE loss (one batch): 0.0
Test MSE (raw): 0.0405
Test MSE (smoothed with alpha=0.01): 0.0497
New best smoothed test MSE: 0.0497. Saving best model to experiments/experiment_27170_best.ckpt
Test MSE group_0: 0.0382
Test MSE group_1: 0.0429
Test MSE group_2: nan
Test MSE group_3: nan
Poisson likelihood: 0.0
CE loss: 0.0
train MSE group_0: 0.0349
train MSE group_1: 0.0406
train MSE group_2: nan
train MSE group_3: nan
CE loss (TEST): 0.0
