/Users/benjaminmaurel/Documents/Training_Sanofi/notebooks_hands_on/latent_ode/run_models.py
run_models.py --niters 3000 -n 200 -s 40 -l 10 --dataset PK_Tacro --latent-ode --noise-weight 0.01 --max-t 5. --seed 7 --experiment 19051
Experiment 19051
Epoch 1000 [Test seq (cond on sampled tp)] | Loss 195.994446 | Likelihood -193.182785 | KL fp 6.6880 | FP STD 0.1102|
KL coef: 0.9999522643707747
Train loss (one batch): 186.2256317138672
Train CE loss (one batch): 0.0
Test MSE (raw): 0.0394
Test MSE (smoothed with alpha=0.01): 0.0394
New best smoothed test MSE: 0.0394. Saving best model to experiments/experiment_19051_best.ckpt
Test MSE group_0: 0.0383
Test MSE group_1: 0.0405
Test MSE group_2: nan
Test MSE group_3: nan
Poisson likelihood: 0.0
CE loss: 0.0
train MSE group_0: 0.0361
train MSE group_1: 0.0375
train MSE group_2: nan
train MSE group_3: nan
CE loss (TEST): 0.0
Experiment 19051
Epoch 2000 [Test seq (cond on sampled tp)] | Loss 186.249268 | Likelihood -183.531952 | KL fp 6.0259 | FP STD 0.0961|
KL coef: 0.9999999979391934
Train loss (one batch): 168.0638885498047
Train CE loss (one batch): 0.0
Test MSE (raw): 0.0374
Test MSE (smoothed with alpha=0.01): 0.0394
New best smoothed test MSE: 0.0394. Saving best model to experiments/experiment_19051_best.ckpt
Test MSE group_0: 0.0377
Test MSE group_1: 0.0372
Test MSE group_2: nan
Test MSE group_3: nan
Poisson likelihood: 0.0
CE loss: 0.0
train MSE group_0: 0.0340
train MSE group_1: 0.0331
train MSE group_2: nan
train MSE group_3: nan
CE loss (TEST): 0.0
