/Users/benjaminmaurel/Documents/Training_Sanofi/notebooks_hands_on/latent_ode/run_models.py
run_models.py --niters 3000 -n 200 -s 40 -l 10 --dataset PK_Tacro --latent-ode --noise-weight 0.01 --max-t 5. --seed 32 --experiment 21550
Experiment 21550
Epoch 1000 [Test seq (cond on sampled tp)] | Loss 169.868332 | Likelihood -168.846771 | KL fp 4.1852 | FP STD 0.1411|
KL coef: 0.9999522643707747
Train loss (one batch): 158.1937255859375
Train CE loss (one batch): 0.0
Test MSE (raw): 0.0345
Test MSE (smoothed with alpha=0.01): 0.0345
New best smoothed test MSE: 0.0345. Saving best model to experiments/experiment_21550_best.ckpt
Test MSE group_0: 0.0310
Test MSE group_1: 0.0377
Test MSE group_2: nan
Test MSE group_3: nan
Poisson likelihood: 0.0
CE loss: 0.0
train MSE group_0: 0.0304
train MSE group_1: 0.0331
train MSE group_2: nan
train MSE group_3: nan
CE loss (TEST): 0.0
Experiment 21550
Epoch 2000 [Test seq (cond on sampled tp)] | Loss 161.550751 | Likelihood -159.927155 | KL fp 4.2658 | FP STD 0.1050|
KL coef: 0.9999999979391934
Train loss (one batch): 147.9392547607422
Train CE loss (one batch): 0.0
Test MSE (raw): 0.0327
Test MSE (smoothed with alpha=0.01): 0.0345
New best smoothed test MSE: 0.0345. Saving best model to experiments/experiment_21550_best.ckpt
Test MSE group_0: 0.0299
Test MSE group_1: 0.0353
Test MSE group_2: nan
Test MSE group_3: nan
Poisson likelihood: 0.0
CE loss: 0.0
train MSE group_0: 0.0295
train MSE group_1: 0.0301
train MSE group_2: nan
train MSE group_3: nan
CE loss (TEST): 0.0
Experiment 21550
Epoch 3000 [Test seq (cond on sampled tp)] | Loss 161.177612 | Likelihood -160.535980 | KL fp 4.3003 | FP STD 0.1162|
KL coef: 0.9999999999999111
Train loss (one batch): 149.13265991210938
Train CE loss (one batch): 0.0
Test MSE (raw): 0.0328
Test MSE (smoothed with alpha=0.01): 0.0345
New best smoothed test MSE: 0.0345. Saving best model to experiments/experiment_21550_best.ckpt
Test MSE group_0: 0.0302
Test MSE group_1: 0.0353
Test MSE group_2: nan
Test MSE group_3: nan
Poisson likelihood: 0.0
CE loss: 0.0
train MSE group_0: 0.0300
train MSE group_1: 0.0302
train MSE group_2: nan
train MSE group_3: nan
CE loss (TEST): 0.0
