/Users/benjaminmaurel/Documents/Training_Sanofi/notebooks_hands_on/latent_ode/run_models.py
run_models.py --niters 3000 -n 200 -s 40 -l 10 --dataset PK_Tacro --latent-ode --noise-weight 0.01 --max-t 5. --seed 6 --experiment 21843
Experiment 21843
Epoch 1000 [Test seq (cond on sampled tp)] | Loss 170.637573 | Likelihood -165.888855 | KL fp 7.4852 | FP STD 0.1478|
KL coef: 0.9999522643707747
Train loss (one batch): 169.25868225097656
Train CE loss (one batch): 0.0
Test MSE (raw): 0.0339
Test MSE (smoothed with alpha=0.01): 0.0339
New best smoothed test MSE: 0.0339. Saving best model to experiments/experiment_21843_best.ckpt
Test MSE group_0: 0.0299
Test MSE group_1: 0.0376
Test MSE group_2: nan
Test MSE group_3: nan
Poisson likelihood: 0.0
CE loss: 0.0
train MSE group_0: 0.0280
train MSE group_1: 0.0385
train MSE group_2: nan
train MSE group_3: nan
CE loss (TEST): 0.0
Experiment 21843
Epoch 2000 [Test seq (cond on sampled tp)] | Loss 162.532562 | Likelihood -158.628586 | KL fp 6.8953 | FP STD 0.1852|
KL coef: 0.9999999979391934
Train loss (one batch): 161.75466918945312
Train CE loss (one batch): 0.0
Test MSE (raw): 0.0325
Test MSE (smoothed with alpha=0.01): 0.0339
New best smoothed test MSE: 0.0339. Saving best model to experiments/experiment_21843_best.ckpt
Test MSE group_0: 0.0298
Test MSE group_1: 0.0350
Test MSE group_2: nan
Test MSE group_3: nan
Poisson likelihood: 0.0
CE loss: 0.0
train MSE group_0: 0.0280
train MSE group_1: 0.0357
train MSE group_2: nan
train MSE group_3: nan
CE loss (TEST): 0.0
Experiment 21843
Epoch 3000 [Test seq (cond on sampled tp)] | Loss 158.581146 | Likelihood -154.541931 | KL fp 6.6656 | FP STD 0.1644|
KL coef: 0.9999999999999111
Train loss (one batch): 157.31919860839844
Train CE loss (one batch): 0.0
Test MSE (raw): 0.0316
Test MSE (smoothed with alpha=0.01): 0.0339
New best smoothed test MSE: 0.0339. Saving best model to experiments/experiment_21843_best.ckpt
Test MSE group_0: 0.0298
Test MSE group_1: 0.0334
Test MSE group_2: nan
Test MSE group_3: nan
Poisson likelihood: 0.0
CE loss: 0.0
train MSE group_0: 0.0284
train MSE group_1: 0.0337
train MSE group_2: nan
train MSE group_3: nan
CE loss (TEST): 0.0
