/Users/benjaminmaurel/Documents/Training_Sanofi/notebooks_hands_on/latent_ode/run_models.py
run_models.py --niters 3000 -n 200 -s 40 -l 10 --dataset PK_Tacro --latent-ode --noise-weight 0.01 --max-t 5. --seed 3 --experiment 15562
Experiment 15562
Epoch 0010 [Test seq (cond on sampled tp)] | Loss 1981.104858 | Likelihood -2086.558350 | KL fp 5.3034 | FP STD 1.1535|
KL coef: 0.0
Train loss (one batch): 4046.377197265625
Train CE loss (one batch): 0.0
Test MSE (raw): 0.4180
Test MSE (smoothed with alpha=0.01): 0.4180
New best smoothed test MSE: 0.4180. Saving best model to experiments/experiment_15562_best.ckpt
Test MSE group_0: 0.5417
Test MSE group_1: 0.3020
Test MSE group_2: nan
Test MSE group_3: nan
Poisson likelihood: 0.0
CE loss: 0.0
train MSE group_0: 1.0448
train MSE group_1: 0.5751
train MSE group_2: nan
train MSE group_3: nan
CE loss (TEST): 0.0
Experiment 15562
Epoch 0020 [Test seq (cond on sampled tp)] | Loss 1050.481812 | Likelihood -1082.171753 | KL fp 7.4858 | FP STD 0.8493|
KL coef: 0.09561792499119559
Train loss (one batch): 1238.7015380859375
Train CE loss (one batch): 0.0
Test MSE (raw): 0.2172
Test MSE (smoothed with alpha=0.01): 0.4160
New best smoothed test MSE: 0.4160. Saving best model to experiments/experiment_15562_best.ckpt
Test MSE group_0: 0.1413
Test MSE group_1: 0.2889
Test MSE group_2: nan
Test MSE group_3: nan
Poisson likelihood: 0.0
CE loss: 0.0
train MSE group_0: 0.2118
train MSE group_1: 0.3059
train MSE group_2: nan
train MSE group_3: nan
CE loss (TEST): 0.0
Experiment 15562
Epoch 0030 [Test seq (cond on sampled tp)] | Loss 928.601868 | Likelihood -962.540405 | KL fp 8.1599 | FP STD 0.7309|
KL coef: 0.18209306240276923
Train loss (one batch): 1041.520263671875
Train CE loss (one batch): 0.0
Test MSE (raw): 0.1932
Test MSE (smoothed with alpha=0.01): 0.4138
New best smoothed test MSE: 0.4138. Saving best model to experiments/experiment_15562_best.ckpt
Test MSE group_0: 0.1220
Test MSE group_1: 0.2605
Test MSE group_2: nan
Test MSE group_3: nan
Poisson likelihood: 0.0
CE loss: 0.0
train MSE group_0: 0.1600
train MSE group_1: 0.2642
train MSE group_2: nan
train MSE group_3: nan
CE loss (TEST): 0.0
Experiment 15562
Epoch 0040 [Test seq (cond on sampled tp)] | Loss 855.702393 | Likelihood -881.057007 | KL fp 7.4052 | FP STD 0.6604|
KL coef: 0.2602996266117198
Train loss (one batch): 981.8486938476562
Train CE loss (one batch): 0.0
Test MSE (raw): 0.1769
Test MSE (smoothed with alpha=0.01): 0.4114
New best smoothed test MSE: 0.4114. Saving best model to experiments/experiment_15562_best.ckpt
Test MSE group_0: 0.1409
Test MSE group_1: 0.2112
Test MSE group_2: nan
Test MSE group_3: nan
Poisson likelihood: 0.0
CE loss: 0.0
train MSE group_0: 0.1784
train MSE group_1: 0.2229
train MSE group_2: nan
train MSE group_3: nan
CE loss (TEST): 0.0
Experiment 15562
Epoch 0050 [Test seq (cond on sampled tp)] | Loss 840.909180 | Likelihood -849.656982 | KL fp 7.7244 | FP STD 0.5165|
KL coef: 0.3310282414303197
Train loss (one batch): 950.2584838867188
Train CE loss (one batch): 0.0
Test MSE (raw): 0.1707
Test MSE (smoothed with alpha=0.01): 0.4090
New best smoothed test MSE: 0.4090. Saving best model to experiments/experiment_15562_best.ckpt
Test MSE group_0: 0.1418
Test MSE group_1: 0.1981
Test MSE group_2: nan
Test MSE group_3: nan
Poisson likelihood: 0.0
CE loss: 0.0
train MSE group_0: 0.1794
train MSE group_1: 0.2049
train MSE group_2: nan
train MSE group_3: nan
CE loss (TEST): 0.0
Experiment 15562
Epoch 0060 [Test seq (cond on sampled tp)] | Loss 837.462463 | Likelihood -848.796204 | KL fp 8.0335 | FP STD 0.4380|
KL coef: 0.39499393286246365
Train loss (one batch): 933.8914184570312
Train CE loss (one batch): 0.0
Test MSE (raw): 0.1705
Test MSE (smoothed with alpha=0.01): 0.4067
New best smoothed test MSE: 0.4067. Saving best model to experiments/experiment_15562_best.ckpt
Test MSE group_0: 0.1313
Test MSE group_1: 0.2075
Test MSE group_2: nan
Test MSE group_3: nan
Poisson likelihood: 0.0
CE loss: 0.0
train MSE group_0: 0.1634
train MSE group_1: 0.2137
train MSE group_2: nan
train MSE group_3: nan
CE loss (TEST): 0.0
Experiment 15562
Epoch 0070 [Test seq (cond on sampled tp)] | Loss 838.503723 | Likelihood -844.789795 | KL fp 8.2623 | FP STD 0.3871|
KL coef: 0.4528433576092388
Train loss (one batch): 927.6904296875
Train CE loss (one batch): 0.0
Test MSE (raw): 0.1697
Test MSE (smoothed with alpha=0.01): 0.4043
New best smoothed test MSE: 0.4043. Saving best model to experiments/experiment_15562_best.ckpt
Test MSE group_0: 0.1263
Test MSE group_1: 0.2107
Test MSE group_2: nan
Test MSE group_3: nan
Poisson likelihood: 0.0
CE loss: 0.0
train MSE group_0: 0.1575
train MSE group_1: 0.2164
train MSE group_2: nan
train MSE group_3: nan
CE loss (TEST): 0.0
Experiment 15562
Epoch 0080 [Test seq (cond on sampled tp)] | Loss 827.284546 | Likelihood -838.220337 | KL fp 8.1428 | FP STD 0.3530|
KL coef: 0.505161340399793
Train loss (one batch): 928.1517333984375
Train CE loss (one batch): 0.0
Test MSE (raw): 0.1684
Test MSE (smoothed with alpha=0.01): 0.4019
New best smoothed test MSE: 0.4019. Saving best model to experiments/experiment_15562_best.ckpt
Test MSE group_0: 0.1268
Test MSE group_1: 0.2077
Test MSE group_2: nan
Test MSE group_3: nan
Poisson likelihood: 0.0
CE loss: 0.0
train MSE group_0: 0.1627
train MSE group_1: 0.2167
train MSE group_2: nan
train MSE group_3: nan
CE loss (TEST): 0.0
Experiment 15562
Epoch 0090 [Test seq (cond on sampled tp)] | Loss 828.879883 | Likelihood -834.887451 | KL fp 8.0338 | FP STD 0.3308|
KL coef: 0.5524767862361895
Train loss (one batch): 913.1296997070312
Train CE loss (one batch): 0.0
Test MSE (raw): 0.1677
Test MSE (smoothed with alpha=0.01): 0.3996
New best smoothed test MSE: 0.3996. Saving best model to experiments/experiment_15562_best.ckpt
Test MSE group_0: 0.1271
Test MSE group_1: 0.2061
Test MSE group_2: nan
Test MSE group_3: nan
Poisson likelihood: 0.0
CE loss: 0.0
train MSE group_0: 0.1594
train MSE group_1: 0.2123
train MSE group_2: nan
train MSE group_3: nan
CE loss (TEST): 0.0
Experiment 15562
Epoch 0100 [Test seq (cond on sampled tp)] | Loss 823.593994 | Likelihood -827.078552 | KL fp 8.2457 | FP STD 0.2830|
KL coef: 0.5952680273216762
Train loss (one batch): 931.2405395507812
Train CE loss (one batch): 0.0
Test MSE (raw): 0.1662
Test MSE (smoothed with alpha=0.01): 0.3972
New best smoothed test MSE: 0.3972. Saving best model to experiments/experiment_15562_best.ckpt
Test MSE group_0: 0.1271
Test MSE group_1: 0.2031
Test MSE group_2: nan
Test MSE group_3: nan
Poisson likelihood: 0.0
CE loss: 0.0
train MSE group_0: 0.1626
train MSE group_1: 0.2119
train MSE group_2: nan
train MSE group_3: nan
CE loss (TEST): 0.0
Experiment 15562
Epoch 0110 [Test seq (cond on sampled tp)] | Loss 820.659180 | Likelihood -823.529907 | KL fp 8.2719 | FP STD 0.2567|
KL coef: 0.6339676587267709
Train loss (one batch): 918.4849853515625
Train CE loss (one batch): 0.0
Test MSE (raw): 0.1654
Test MSE (smoothed with alpha=0.01): 0.3949
New best smoothed test MSE: 0.3949. Saving best model to experiments/experiment_15562_best.ckpt
Test MSE group_0: 0.1263
Test MSE group_1: 0.2025
Test MSE group_2: nan
Test MSE group_3: nan
Poisson likelihood: 0.0
CE loss: 0.0
train MSE group_0: 0.1599
train MSE group_1: 0.2107
train MSE group_2: nan
train MSE group_3: nan
CE loss (TEST): 0.0
Experiment 15562
Epoch 0120 [Test seq (cond on sampled tp)] | Loss 820.182861 | Likelihood -820.530212 | KL fp 8.7645 | FP STD 0.2167|
KL coef: 0.6689669116789861
Train loss (one batch): 916.888916015625
Train CE loss (one batch): 0.0
Test MSE (raw): 0.1648
Test MSE (smoothed with alpha=0.01): 0.3926
New best smoothed test MSE: 0.3926. Saving best model to experiments/experiment_15562_best.ckpt
Test MSE group_0: 0.1249
Test MSE group_1: 0.2026
Test MSE group_2: nan
Test MSE group_3: nan
Poisson likelihood: 0.0
CE loss: 0.0
train MSE group_0: 0.1586
train MSE group_1: 0.2102
train MSE group_2: nan
train MSE group_3: nan
CE loss (TEST): 0.0
Experiment 15562
Epoch 0130 [Test seq (cond on sampled tp)] | Loss 814.507874 | Likelihood -818.434326 | KL fp 8.4262 | FP STD 0.2239|
KL coef: 0.7006196086876687
Train loss (one batch): 911.6044921875
Train CE loss (one batch): 0.0
Test MSE (raw): 0.1644
Test MSE (smoothed with alpha=0.01): 0.3903
New best smoothed test MSE: 0.3903. Saving best model to experiments/experiment_15562_best.ckpt
Test MSE group_0: 0.1255
Test MSE group_1: 0.2013
Test MSE group_2: nan
Test MSE group_3: nan
Poisson likelihood: 0.0
CE loss: 0.0
train MSE group_0: 0.1596
train MSE group_1: 0.2068
train MSE group_2: nan
train MSE group_3: nan
CE loss (TEST): 0.0
Experiment 15562
Epoch 0140 [Test seq (cond on sampled tp)] | Loss 813.676086 | Likelihood -818.231079 | KL fp 8.1946 | FP STD 0.2353|
KL coef: 0.729245740488006
Train loss (one batch): 906.3187255859375
Train CE loss (one batch): 0.0
Test MSE (raw): 0.1644
Test MSE (smoothed with alpha=0.01): 0.3881
New best smoothed test MSE: 0.3881. Saving best model to experiments/experiment_15562_best.ckpt
Test MSE group_0: 0.1262
Test MSE group_1: 0.2005
Test MSE group_2: nan
Test MSE group_3: nan
Poisson likelihood: 0.0
CE loss: 0.0
train MSE group_0: 0.1615
train MSE group_1: 0.2058
train MSE group_2: nan
train MSE group_3: nan
CE loss (TEST): 0.0
Experiment 15562
Epoch 0150 [Test seq (cond on sampled tp)] | Loss 810.367859 | Likelihood -814.457153 | KL fp 8.1388 | FP STD 0.2226|
KL coef: 0.7551347009650705
Train loss (one batch): 910.3270874023438
Train CE loss (one batch): 0.0
Test MSE (raw): 0.1636
Test MSE (smoothed with alpha=0.01): 0.3858
New best smoothed test MSE: 0.3858. Saving best model to experiments/experiment_15562_best.ckpt
Test MSE group_0: 0.1261
Test MSE group_1: 0.1992
Test MSE group_2: nan
Test MSE group_3: nan
Poisson likelihood: 0.0
CE loss: 0.0
train MSE group_0: 0.1609
train MSE group_1: 0.2060
train MSE group_2: nan
train MSE group_3: nan
CE loss (TEST): 0.0
Experiment 15562
Epoch 0160 [Test seq (cond on sampled tp)] | Loss 809.161133 | Likelihood -813.305786 | KL fp 8.4104 | FP STD 0.1976|
KL coef: 0.7785482127611391
Train loss (one batch): 902.8026733398438
Train CE loss (one batch): 0.0
Test MSE (raw): 0.1634
Test MSE (smoothed with alpha=0.01): 0.3836
New best smoothed test MSE: 0.3836. Saving best model to experiments/experiment_15562_best.ckpt
Test MSE group_0: 0.1264
Test MSE group_1: 0.1984
Test MSE group_2: nan
Test MSE group_3: nan
Poisson likelihood: 0.0
CE loss: 0.0
train MSE group_0: 0.1579
train MSE group_1: 0.2075
train MSE group_2: nan
train MSE group_3: nan
CE loss (TEST): 0.0
Experiment 15562
Epoch 0170 [Test seq (cond on sampled tp)] | Loss 804.582642 | Likelihood -810.655884 | KL fp 8.2656 | FP STD 0.1903|
KL coef: 0.7997229731425107
Train loss (one batch): 911.7569580078125
Train CE loss (one batch): 0.0
Test MSE (raw): 0.1629
Test MSE (smoothed with alpha=0.01): 0.3814
New best smoothed test MSE: 0.3814. Saving best model to experiments/experiment_15562_best.ckpt
Test MSE group_0: 0.1257
Test MSE group_1: 0.1981
Test MSE group_2: nan
Test MSE group_3: nan
Poisson likelihood: 0.0
CE loss: 0.0
train MSE group_0: 0.1608
train MSE group_1: 0.2047
train MSE group_2: nan
train MSE group_3: nan
CE loss (TEST): 0.0
Experiment 15562
Epoch 0180 [Test seq (cond on sampled tp)] | Loss 803.240723 | Likelihood -809.552368 | KL fp 8.5016 | FP STD 0.1904|
KL coef: 0.8188730468740297
Train loss (one batch): 905.356689453125
Train CE loss (one batch): 0.0
Test MSE (raw): 0.1626
Test MSE (smoothed with alpha=0.01): 0.3792
New best smoothed test MSE: 0.3792. Saving best model to experiments/experiment_15562_best.ckpt
Test MSE group_0: 0.1266
Test MSE group_1: 0.1968
Test MSE group_2: nan
Test MSE group_3: nan
Poisson likelihood: 0.0
CE loss: 0.0
train MSE group_0: 0.1614
train MSE group_1: 0.2044
train MSE group_2: nan
train MSE group_3: nan
CE loss (TEST): 0.0
Experiment 15562
Epoch 0190 [Test seq (cond on sampled tp)] | Loss 800.704102 | Likelihood -805.397461 | KL fp 8.2097 | FP STD 0.1834|
KL coef: 0.8361920302919126
Train loss (one batch): 894.16796875
Train CE loss (one batch): 0.0
Test MSE (raw): 0.1618
Test MSE (smoothed with alpha=0.01): 0.3770
New best smoothed test MSE: 0.3770. Saving best model to experiments/experiment_15562_best.ckpt
Test MSE group_0: 0.1263
Test MSE group_1: 0.1954
Test MSE group_2: nan
Test MSE group_3: nan
Poisson likelihood: 0.0
CE loss: 0.0
train MSE group_0: 0.1595
train MSE group_1: 0.2041
train MSE group_2: nan
train MSE group_3: nan
CE loss (TEST): 0.0
Experiment 15562
Epoch 0200 [Test seq (cond on sampled tp)] | Loss 803.678162 | Likelihood -812.848755 | KL fp 8.1959 | FP STD 0.2205|
KL coef: 0.8518550084524206
Train loss (one batch): 904.693115234375
Train CE loss (one batch): 0.0
Test MSE (raw): 0.1633
Test MSE (smoothed with alpha=0.01): 0.3749
New best smoothed test MSE: 0.3749. Saving best model to experiments/experiment_15562_best.ckpt
Test MSE group_0: 0.1280
Test MSE group_1: 0.1967
Test MSE group_2: nan
Test MSE group_3: nan
Poisson likelihood: 0.0
CE loss: 0.0
train MSE group_0: 0.1575
train MSE group_1: 0.2062
train MSE group_2: nan
train MSE group_3: nan
CE loss (TEST): 0.0
Experiment 15562
Epoch 0210 [Test seq (cond on sampled tp)] | Loss 795.000244 | Likelihood -794.300049 | KL fp 8.6806 | FP STD 0.1218|
KL coef: 0.8660203251420383
Train loss (one batch): 893.5919799804688
Train CE loss (one batch): 0.0
Test MSE (raw): 0.1596
Test MSE (smoothed with alpha=0.01): 0.3728
New best smoothed test MSE: 0.3728. Saving best model to experiments/experiment_15562_best.ckpt
Test MSE group_0: 0.1272
Test MSE group_1: 0.1903
Test MSE group_2: nan
Test MSE group_3: nan
Poisson likelihood: 0.0
CE loss: 0.0
train MSE group_0: 0.1609
train MSE group_1: 0.1977
train MSE group_2: nan
train MSE group_3: nan
CE loss (TEST): 0.0
Experiment 15562
Epoch 0220 [Test seq (cond on sampled tp)] | Loss 792.991455 | Likelihood -802.017822 | KL fp 8.1439 | FP STD 0.2023|
KL coef: 0.8788311836429517
Train loss (one batch): 896.1561889648438
Train CE loss (one batch): 0.0
Test MSE (raw): 0.1611
Test MSE (smoothed with alpha=0.01): 0.3706
New best smoothed test MSE: 0.3706. Saving best model to experiments/experiment_15562_best.ckpt
Test MSE group_0: 0.1276
Test MSE group_1: 0.1928
Test MSE group_2: nan
Test MSE group_3: nan
Poisson likelihood: 0.0
CE loss: 0.0
train MSE group_0: 0.1629
train MSE group_1: 0.1984
train MSE group_2: nan
train MSE group_3: nan
CE loss (TEST): 0.0
Experiment 15562
Epoch 0230 [Test seq (cond on sampled tp)] | Loss 797.395264 | Likelihood -798.368042 | KL fp 8.3588 | FP STD 0.1547|
KL coef: 0.8904170944366518
Train loss (one batch): 898.4752807617188
Train CE loss (one batch): 0.0
Test MSE (raw): 0.1604
Test MSE (smoothed with alpha=0.01): 0.3685
New best smoothed test MSE: 0.3685. Saving best model to experiments/experiment_15562_best.ckpt
Test MSE group_0: 0.1220
Test MSE group_1: 0.1968
Test MSE group_2: nan
Test MSE group_3: nan
Poisson likelihood: 0.0
CE loss: 0.0
train MSE group_0: 0.1565
train MSE group_1: 0.2045
train MSE group_2: nan
train MSE group_3: nan
CE loss (TEST): 0.0
Experiment 15562
Epoch 0240 [Test seq (cond on sampled tp)] | Loss 789.195801 | Likelihood -788.695312 | KL fp 8.7513 | FP STD 0.1199|
KL coef: 0.9008951844811254
Train loss (one batch): 884.2188720703125
Train CE loss (one batch): 0.0
Test MSE (raw): 0.1585
Test MSE (smoothed with alpha=0.01): 0.3664
New best smoothed test MSE: 0.3664. Saving best model to experiments/experiment_15562_best.ckpt
Test MSE group_0: 0.1248
Test MSE group_1: 0.1904
Test MSE group_2: nan
Test MSE group_3: nan
Poisson likelihood: 0.0
CE loss: 0.0
train MSE group_0: 0.1578
train MSE group_1: 0.1963
train MSE group_2: nan
train MSE group_3: nan
CE loss (TEST): 0.0
Experiment 15562
Epoch 0250 [Test seq (cond on sampled tp)] | Loss 783.836060 | Likelihood -786.650818 | KL fp 8.2913 | FP STD 0.1673|
KL coef: 0.9103713812976754
Train loss (one batch): 882.811279296875
Train CE loss (one batch): 0.0
Test MSE (raw): 0.1581
Test MSE (smoothed with alpha=0.01): 0.3644
New best smoothed test MSE: 0.3644. Saving best model to experiments/experiment_15562_best.ckpt
Test MSE group_0: 0.1241
Test MSE group_1: 0.1902
Test MSE group_2: nan
Test MSE group_3: nan
Poisson likelihood: 0.0
CE loss: 0.0
train MSE group_0: 0.1585
train MSE group_1: 0.1991
train MSE group_2: nan
train MSE group_3: nan
CE loss (TEST): 0.0
Experiment 15562
Epoch 0260 [Test seq (cond on sampled tp)] | Loss 780.711548 | Likelihood -784.489197 | KL fp 8.4338 | FP STD 0.1538|
KL coef: 0.9189414838378187
Train loss (one batch): 882.9803466796875
Train CE loss (one batch): 0.0
Test MSE (raw): 0.1576
Test MSE (smoothed with alpha=0.01): 0.3623
New best smoothed test MSE: 0.3623. Saving best model to experiments/experiment_15562_best.ckpt
Test MSE group_0: 0.1233
Test MSE group_1: 0.1901
Test MSE group_2: nan
Test MSE group_3: nan
Poisson likelihood: 0.0
CE loss: 0.0
train MSE group_0: 0.1571
train MSE group_1: 0.1980
train MSE group_2: nan
train MSE group_3: nan
CE loss (TEST): 0.0
Experiment 15562
Epoch 0270 [Test seq (cond on sampled tp)] | Loss 771.772156 | Likelihood -776.049133 | KL fp 8.3605 | FP STD 0.1505|
KL coef: 0.9266921309561118
Train loss (one batch): 874.9085693359375
Train CE loss (one batch): 0.0
Test MSE (raw): 0.1559
Test MSE (smoothed with alpha=0.01): 0.3602
New best smoothed test MSE: 0.3602. Saving best model to experiments/experiment_15562_best.ckpt
Test MSE group_0: 0.1218
Test MSE group_1: 0.1883
Test MSE group_2: nan
Test MSE group_3: nan
Poisson likelihood: 0.0
CE loss: 0.0
train MSE group_0: 0.1556
train MSE group_1: 0.1966
train MSE group_2: nan
train MSE group_3: nan
CE loss (TEST): 0.0
Experiment 15562
Epoch 0280 [Test seq (cond on sampled tp)] | Loss 764.444763 | Likelihood -767.863525 | KL fp 8.4909 | FP STD 0.1516|
KL coef: 0.9337016772796147
Train loss (one batch): 859.4644775390625
Train CE loss (one batch): 0.0
Test MSE (raw): 0.1543
Test MSE (smoothed with alpha=0.01): 0.3582
New best smoothed test MSE: 0.3582. Saving best model to experiments/experiment_15562_best.ckpt
Test MSE group_0: 0.1208
Test MSE group_1: 0.1860
Test MSE group_2: nan
Test MSE group_3: nan
Poisson likelihood: 0.0
CE loss: 0.0
train MSE group_0: 0.1533
train MSE group_1: 0.1923
train MSE group_2: nan
train MSE group_3: nan
CE loss (TEST): 0.0
Experiment 15562
Epoch 0290 [Test seq (cond on sampled tp)] | Loss 759.548523 | Likelihood -763.089172 | KL fp 8.2959 | FP STD 0.1670|
KL coef: 0.9400409853285345
Train loss (one batch): 846.6171875
Train CE loss (one batch): 0.0
Test MSE (raw): 0.1534
Test MSE (smoothed with alpha=0.01): 0.3561
New best smoothed test MSE: 0.3561. Saving best model to experiments/experiment_15562_best.ckpt
Test MSE group_0: 0.1199
Test MSE group_1: 0.1850
Test MSE group_2: nan
Test MSE group_3: nan
Poisson likelihood: 0.0
CE loss: 0.0
train MSE group_0: 0.1512
train MSE group_1: 0.1891
train MSE group_2: nan
train MSE group_3: nan
CE loss (TEST): 0.0
Experiment 15562
Epoch 0300 [Test seq (cond on sampled tp)] | Loss 740.011292 | Likelihood -742.703003 | KL fp 8.5441 | FP STD 0.1414|
KL coef: 0.9457741418959368
Train loss (one batch): 836.7067260742188
Train CE loss (one batch): 0.0
Test MSE (raw): 0.1493
Test MSE (smoothed with alpha=0.01): 0.3540
New best smoothed test MSE: 0.3540. Saving best model to experiments/experiment_15562_best.ckpt
Test MSE group_0: 0.1179
Test MSE group_1: 0.1790
Test MSE group_2: nan
Test MSE group_3: nan
Poisson likelihood: 0.0
CE loss: 0.0
train MSE group_0: 0.1503
train MSE group_1: 0.1853
train MSE group_2: nan
train MSE group_3: nan
CE loss (TEST): 0.0
Experiment 15562
Epoch 0310 [Test seq (cond on sampled tp)] | Loss 818.247803 | Likelihood -835.329224 | KL fp 8.2557 | FP STD 0.3885|
KL coef: 0.9509591059287142
Train loss (one batch): 917.0890502929688
Train CE loss (one batch): 0.0
Test MSE (raw): 0.1678
Test MSE (smoothed with alpha=0.01): 0.3522
New best smoothed test MSE: 0.3522. Saving best model to experiments/experiment_15562_best.ckpt
Test MSE group_0: 0.1314
Test MSE group_1: 0.2022
Test MSE group_2: nan
Test MSE group_3: nan
Poisson likelihood: 0.0
CE loss: 0.0
train MSE group_0: 0.1629
train MSE group_1: 0.2115
train MSE group_2: nan
train MSE group_3: nan
CE loss (TEST): 0.0
Experiment 15562
Epoch 0320 [Test seq (cond on sampled tp)] | Loss 829.872314 | Likelihood -844.203613 | KL fp 8.1631 | FP STD 0.4074|
KL coef: 0.9556482944595236
Train loss (one batch): 935.5081176757812
Train CE loss (one batch): 0.0
Test MSE (raw): 0.1696
Test MSE (smoothed with alpha=0.01): 0.3504
New best smoothed test MSE: 0.3504. Saving best model to experiments/experiment_15562_best.ckpt
Test MSE group_0: 0.1333
Test MSE group_1: 0.2039
Test MSE group_2: nan
Test MSE group_3: nan
Poisson likelihood: 0.0
CE loss: 0.0
train MSE group_0: 0.1695
train MSE group_1: 0.2086
train MSE group_2: nan
train MSE group_3: nan
CE loss (TEST): 0.0
Experiment 15562
Epoch 0330 [Test seq (cond on sampled tp)] | Loss 818.984070 | Likelihood -839.766968 | KL fp 8.2970 | FP STD 0.3659|
KL coef: 0.9598891125131245
Train loss (one batch): 921.4124755859375
Train CE loss (one batch): 0.0
Test MSE (raw): 0.1687
Test MSE (smoothed with alpha=0.01): 0.3485
New best smoothed test MSE: 0.3485. Saving best model to experiments/experiment_15562_best.ckpt
Test MSE group_0: 0.1308
Test MSE group_1: 0.2045
Test MSE group_2: nan
Test MSE group_3: nan
Poisson likelihood: 0.0
CE loss: 0.0
train MSE group_0: 0.1629
train MSE group_1: 0.2137
train MSE group_2: nan
train MSE group_3: nan
CE loss (TEST): 0.0
Experiment 15562
Epoch 0340 [Test seq (cond on sampled tp)] | Loss 819.905579 | Likelihood -833.050171 | KL fp 8.5160 | FP STD 0.3094|
KL coef: 0.9637244323441748
Train loss (one batch): 923.3998413085938
Train CE loss (one batch): 0.0
Test MSE (raw): 0.1673
Test MSE (smoothed with alpha=0.01): 0.3467
New best smoothed test MSE: 0.3467. Saving best model to experiments/experiment_15562_best.ckpt
Test MSE group_0: 0.1292
Test MSE group_1: 0.2035
Test MSE group_2: nan
Test MSE group_3: nan
Poisson likelihood: 0.0
CE loss: 0.0
train MSE group_0: 0.1622
train MSE group_1: 0.2100
train MSE group_2: nan
train MSE group_3: nan
CE loss (TEST): 0.0
Experiment 15562
Epoch 0350 [Test seq (cond on sampled tp)] | Loss 802.394165 | Likelihood -817.207764 | KL fp 8.5430 | FP STD 0.2795|
KL coef: 0.9671930268513026
Train loss (one batch): 905.952392578125
Train CE loss (one batch): 0.0
Test MSE (raw): 0.1642
Test MSE (smoothed with alpha=0.01): 0.3449
New best smoothed test MSE: 0.3449. Saving best model to experiments/experiment_15562_best.ckpt
Test MSE group_0: 0.1296
Test MSE group_1: 0.1969
Test MSE group_2: nan
Test MSE group_3: nan
Poisson likelihood: 0.0
CE loss: 0.0
train MSE group_0: 0.1635
train MSE group_1: 0.2034
train MSE group_2: nan
train MSE group_3: nan
CE loss (TEST): 0.0
Experiment 15562
Epoch 0360 [Test seq (cond on sampled tp)] | Loss 802.445312 | Likelihood -813.095642 | KL fp 8.9543 | FP STD 0.2554|
KL coef: 0.9703299615490228
Train loss (one batch): 906.9741821289062
Train CE loss (one batch): 0.0
Test MSE (raw): 0.1634
Test MSE (smoothed with alpha=0.01): 0.3431
New best smoothed test MSE: 0.3431. Saving best model to experiments/experiment_15562_best.ckpt
Test MSE group_0: 0.1292
Test MSE group_1: 0.1957
Test MSE group_2: nan
Test MSE group_3: nan
Poisson likelihood: 0.0
CE loss: 0.0
train MSE group_0: 0.1595
train MSE group_1: 0.2051
train MSE group_2: nan
train MSE group_3: nan
CE loss (TEST): 0.0
Experiment 15562
Epoch 0370 [Test seq (cond on sampled tp)] | Loss 786.619995 | Likelihood -810.634644 | KL fp 8.1163 | FP STD 0.3301|
KL coef: 0.9731669490601144
Train loss (one batch): 891.5253295898438
Train CE loss (one batch): 0.0
Test MSE (raw): 0.1629
Test MSE (smoothed with alpha=0.01): 0.3413
New best smoothed test MSE: 0.3413. Saving best model to experiments/experiment_15562_best.ckpt
Test MSE group_0: 0.1255
Test MSE group_1: 0.1981
Test MSE group_2: nan
Test MSE group_3: nan
Poisson likelihood: 0.0
CE loss: 0.0
train MSE group_0: 0.1605
train MSE group_1: 0.2027
train MSE group_2: nan
train MSE group_3: nan
CE loss (TEST): 0.0
Experiment 15562
Epoch 0380 [Test seq (cond on sampled tp)] | Loss 794.306396 | Likelihood -802.689819 | KL fp 8.5764 | FP STD 0.2606|
KL coef: 0.9757326697121692
Train loss (one batch): 898.5770874023438
Train CE loss (one batch): 0.0
Test MSE (raw): 0.1613
Test MSE (smoothed with alpha=0.01): 0.3395
New best smoothed test MSE: 0.3395. Saving best model to experiments/experiment_15562_best.ckpt
Test MSE group_0: 0.1214
Test MSE group_1: 0.1990
Test MSE group_2: nan
Test MSE group_3: nan
Poisson likelihood: 0.0
CE loss: 0.0
train MSE group_0: 0.1575
train MSE group_1: 0.2043
train MSE group_2: nan
train MSE group_3: nan
CE loss (TEST): 0.0
Experiment 15562
Epoch 0390 [Test seq (cond on sampled tp)] | Loss 770.996826 | Likelihood -783.510254 | KL fp 8.7374 | FP STD 0.2422|
KL coef: 0.9780530614793677
Train loss (one batch): 863.9583740234375
Train CE loss (one batch): 0.0
Test MSE (raw): 0.1574
Test MSE (smoothed with alpha=0.01): 0.3377
New best smoothed test MSE: 0.3377. Saving best model to experiments/experiment_15562_best.ckpt
Test MSE group_0: 0.1233
Test MSE group_1: 0.1897
Test MSE group_2: nan
Test MSE group_3: nan
Poisson likelihood: 0.0
CE loss: 0.0
train MSE group_0: 0.1536
train MSE group_1: 0.1991
train MSE group_2: nan
train MSE group_3: nan
CE loss (TEST): 0.0
Experiment 15562
Epoch 0400 [Test seq (cond on sampled tp)] | Loss 765.924316 | Likelihood -770.975891 | KL fp 8.5707 | FP STD 0.2475|
KL coef: 0.9801515822006198
Train loss (one batch): 864.3603515625
Train CE loss (one batch): 0.0
Test MSE (raw): 0.1549
Test MSE (smoothed with alpha=0.01): 0.3358
New best smoothed test MSE: 0.3358. Saving best model to experiments/experiment_15562_best.ckpt
Test MSE group_0: 0.1230
Test MSE group_1: 0.1851
Test MSE group_2: nan
Test MSE group_3: nan
Poisson likelihood: 0.0
CE loss: 0.0
train MSE group_0: 0.1561
train MSE group_1: 0.1920
train MSE group_2: nan
train MSE group_3: nan
CE loss (TEST): 0.0
Experiment 15562
Epoch 0410 [Test seq (cond on sampled tp)] | Loss 738.874207 | Likelihood -748.438965 | KL fp 8.4912 | FP STD 0.2534|
KL coef: 0.9820494467249549
Train loss (one batch): 843.8876953125
Train CE loss (one batch): 0.0
Test MSE (raw): 0.1504
Test MSE (smoothed with alpha=0.01): 0.3340
New best smoothed test MSE: 0.3340. Saving best model to experiments/experiment_15562_best.ckpt
Test MSE group_0: 0.1191
Test MSE group_1: 0.1801
Test MSE group_2: nan
Test MSE group_3: nan
Poisson likelihood: 0.0
CE loss: 0.0
train MSE group_0: 0.1507
train MSE group_1: 0.1886
train MSE group_2: nan
train MSE group_3: nan
CE loss (TEST): 0.0
Experiment 15562
Epoch 0420 [Test seq (cond on sampled tp)] | Loss 710.875977 | Likelihood -718.453247 | KL fp 8.3859 | FP STD 0.2577|
KL coef: 0.9837658413815585
Train loss (one batch): 794.8692626953125
Train CE loss (one batch): 0.0
Test MSE (raw): 0.1444
Test MSE (smoothed with alpha=0.01): 0.3321
New best smoothed test MSE: 0.3321. Saving best model to experiments/experiment_15562_best.ckpt
Test MSE group_0: 0.1161
Test MSE group_1: 0.1712
Test MSE group_2: nan
Test MSE group_3: nan
Poisson likelihood: 0.0
CE loss: 0.0
train MSE group_0: 0.1441
train MSE group_1: 0.1756
train MSE group_2: nan
train MSE group_3: nan
CE loss (TEST): 0.0
Experiment 15562
Epoch 0430 [Test seq (cond on sampled tp)] | Loss 668.408325 | Likelihood -676.304321 | KL fp 8.4025 | FP STD 0.2618|
KL coef: 0.9853181179426319
Train loss (one batch): 753.3951416015625
Train CE loss (one batch): 0.0
Test MSE (raw): 0.1360
Test MSE (smoothed with alpha=0.01): 0.3301
New best smoothed test MSE: 0.3301. Saving best model to experiments/experiment_15562_best.ckpt
Test MSE group_0: 0.1097
Test MSE group_1: 0.1609
Test MSE group_2: nan
Test MSE group_3: nan
Poisson likelihood: 0.0
CE loss: 0.0
train MSE group_0: 0.1365
train MSE group_1: 0.1665
train MSE group_2: nan
train MSE group_3: nan
CE loss (TEST): 0.0
Experiment 15562
Epoch 0440 [Test seq (cond on sampled tp)] | Loss 603.298340 | Likelihood -608.739014 | KL fp 8.1317 | FP STD 0.2899|
KL coef: 0.9867219690399229
Train loss (one batch): 664.3724365234375
Train CE loss (one batch): 0.0
Test MSE (raw): 0.1225
Test MSE (smoothed with alpha=0.01): 0.3281
New best smoothed test MSE: 0.3281. Saving best model to experiments/experiment_15562_best.ckpt
Test MSE group_0: 0.0972
Test MSE group_1: 0.1464
Test MSE group_2: nan
Test MSE group_3: nan
Poisson likelihood: 0.0
CE loss: 0.0
train MSE group_0: 0.1182
train MSE group_1: 0.1510
train MSE group_2: nan
train MSE group_3: nan
CE loss (TEST): 0.0
Experiment 15562
Epoch 0450 [Test seq (cond on sampled tp)] | Loss 522.766785 | Likelihood -531.893921 | KL fp 7.7990 | FP STD 0.3323|
KL coef: 0.9879915868082944
Train loss (one batch): 576.4623413085938
Train CE loss (one batch): 0.0
Test MSE (raw): 0.1071
Test MSE (smoothed with alpha=0.01): 0.3258
New best smoothed test MSE: 0.3258. Saving best model to experiments/experiment_15562_best.ckpt
Test MSE group_0: 0.0848
Test MSE group_1: 0.1282
Test MSE group_2: nan
Test MSE group_3: nan
Poisson likelihood: 0.0
CE loss: 0.0
train MSE group_0: 0.1024
train MSE group_1: 0.1320
train MSE group_2: nan
train MSE group_3: nan
CE loss (TEST): 0.0
Experiment 15562
Epoch 0460 [Test seq (cond on sampled tp)] | Loss 477.625549 | Likelihood -483.330811 | KL fp 7.5996 | FP STD 0.3672|
KL coef: 0.9891398063601221
Train loss (one batch): 523.8556518554688
Train CE loss (one batch): 0.0
Test MSE (raw): 0.0974
Test MSE (smoothed with alpha=0.01): 0.3236
New best smoothed test MSE: 0.3236. Saving best model to experiments/experiment_15562_best.ckpt
Test MSE group_0: 0.0763
Test MSE group_1: 0.1173
Test MSE group_2: nan
Test MSE group_3: nan
Poisson likelihood: 0.0
CE loss: 0.0
train MSE group_0: 0.0913
train MSE group_1: 0.1203
train MSE group_2: nan
train MSE group_3: nan
CE loss (TEST): 0.0
Experiment 15562
Epoch 0470 [Test seq (cond on sampled tp)] | Loss 447.719543 | Likelihood -452.476196 | KL fp 7.4810 | FP STD 0.3607|
KL coef: 0.9901782355409698
Train loss (one batch): 475.1253967285156
Train CE loss (one batch): 0.0
Test MSE (raw): 0.0912
Test MSE (smoothed with alpha=0.01): 0.3212
New best smoothed test MSE: 0.3212. Saving best model to experiments/experiment_15562_best.ckpt
Test MSE group_0: 0.0721
Test MSE group_1: 0.1093
Test MSE group_2: nan
Test MSE group_3: nan
Poisson likelihood: 0.0
CE loss: 0.0
train MSE group_0: 0.0813
train MSE group_1: 0.1105
train MSE group_2: nan
train MSE group_3: nan
CE loss (TEST): 0.0
Experiment 15562
Epoch 0480 [Test seq (cond on sampled tp)] | Loss 431.284515 | Likelihood -439.958923 | KL fp 7.6208 | FP STD 0.3384|
KL coef: 0.9911173722782946
Train loss (one batch): 455.5894470214844
Train CE loss (one batch): 0.0
Test MSE (raw): 0.0887
Test MSE (smoothed with alpha=0.01): 0.3189
New best smoothed test MSE: 0.3189. Saving best model to experiments/experiment_15562_best.ckpt
Test MSE group_0: 0.0715
Test MSE group_1: 0.1050
Test MSE group_2: nan
Test MSE group_3: nan
Poisson likelihood: 0.0
CE loss: 0.0
train MSE group_0: 0.0810
train MSE group_1: 0.1048
train MSE group_2: nan
train MSE group_3: nan
CE loss (TEST): 0.0
Experiment 15562
Epoch 0490 [Test seq (cond on sampled tp)] | Loss 432.400757 | Likelihood -436.528259 | KL fp 7.6653 | FP STD 0.3209|
KL coef: 0.9919667107095133
Train loss (one batch): 446.072021484375
Train CE loss (one batch): 0.0
Test MSE (raw): 0.0880
Test MSE (smoothed with alpha=0.01): 0.3166
New best smoothed test MSE: 0.3166. Saving best model to experiments/experiment_15562_best.ckpt
Test MSE group_0: 0.0720
Test MSE group_1: 0.1032
Test MSE group_2: nan
Test MSE group_3: nan
Poisson likelihood: 0.0
CE loss: 0.0
train MSE group_0: 0.0779
train MSE group_1: 0.1021
train MSE group_2: nan
train MSE group_3: nan
CE loss (TEST): 0.0
Experiment 15562
Epoch 0500 [Test seq (cond on sampled tp)] | Loss 415.344421 | Likelihood -422.445374 | KL fp 7.6762 | FP STD 0.2997|
KL coef: 0.9927348371623237
Train loss (one batch): 432.4300537109375
Train CE loss (one batch): 0.0
Test MSE (raw): 0.0852
Test MSE (smoothed with alpha=0.01): 0.3143
New best smoothed test MSE: 0.3143. Saving best model to experiments/experiment_15562_best.ckpt
Test MSE group_0: 0.0698
Test MSE group_1: 0.0998
Test MSE group_2: nan
Test MSE group_3: nan
Poisson likelihood: 0.0
CE loss: 0.0
train MSE group_0: 0.0785
train MSE group_1: 0.0971
train MSE group_2: nan
train MSE group_3: nan
CE loss (TEST): 0.0
Experiment 15562
Epoch 0510 [Test seq (cond on sampled tp)] | Loss 413.775146 | Likelihood -416.725464 | KL fp 7.7781 | FP STD 0.2800|
KL coef: 0.9934295169575854
Train loss (one batch): 436.71630859375
Train CE loss (one batch): 0.0
Test MSE (raw): 0.0841
Test MSE (smoothed with alpha=0.01): 0.3120
New best smoothed test MSE: 0.3120. Saving best model to experiments/experiment_15562_best.ckpt
Test MSE group_0: 0.0697
Test MSE group_1: 0.0977
Test MSE group_2: nan
Test MSE group_3: nan
Poisson likelihood: 0.0
CE loss: 0.0
train MSE group_0: 0.0763
train MSE group_1: 0.0985
train MSE group_2: nan
train MSE group_3: nan
CE loss (TEST): 0.0
Experiment 15562
Epoch 0520 [Test seq (cond on sampled tp)] | Loss 410.182434 | Likelihood -412.779419 | KL fp 7.9536 | FP STD 0.2643|
KL coef: 0.9940577729122909
Train loss (one batch): 411.3686828613281
Train CE loss (one batch): 0.0
Test MSE (raw): 0.0833
Test MSE (smoothed with alpha=0.01): 0.3097
New best smoothed test MSE: 0.3097. Saving best model to experiments/experiment_15562_best.ckpt
Test MSE group_0: 0.0689
Test MSE group_1: 0.0969
Test MSE group_2: nan
Test MSE group_3: nan
Poisson likelihood: 0.0
CE loss: 0.0
train MSE group_0: 0.0752
train MSE group_1: 0.0918
train MSE group_2: nan
train MSE group_3: nan
CE loss (TEST): 0.0
Experiment 15562
Epoch 0530 [Test seq (cond on sampled tp)] | Loss 409.070801 | Likelihood -409.898743 | KL fp 7.8058 | FP STD 0.2669|
KL coef: 0.9946259563362442
Train loss (one batch): 418.4307861328125
Train CE loss (one batch): 0.0
Test MSE (raw): 0.0827
Test MSE (smoothed with alpha=0.01): 0.3074
New best smoothed test MSE: 0.3074. Saving best model to experiments/experiment_15562_best.ckpt
Test MSE group_0: 0.0689
Test MSE group_1: 0.0958
Test MSE group_2: nan
Test MSE group_3: nan
Poisson likelihood: 0.0
CE loss: 0.0
train MSE group_0: 0.0741
train MSE group_1: 0.0943
train MSE group_2: nan
train MSE group_3: nan
CE loss (TEST): 0.0
Experiment 15562
Epoch 0540 [Test seq (cond on sampled tp)] | Loss 404.045319 | Likelihood -407.294006 | KL fp 7.7371 | FP STD 0.2727|
KL coef: 0.9951398112401846
Train loss (one batch): 416.04217529296875
Train CE loss (one batch): 0.0
Test MSE (raw): 0.0822
Test MSE (smoothed with alpha=0.01): 0.3052
New best smoothed test MSE: 0.3052. Saving best model to experiments/experiment_15562_best.ckpt
Test MSE group_0: 0.0695
Test MSE group_1: 0.0943
Test MSE group_2: nan
Test MSE group_3: nan
Poisson likelihood: 0.0
CE loss: 0.0
train MSE group_0: 0.0750
train MSE group_1: 0.0913
train MSE group_2: nan
train MSE group_3: nan
CE loss (TEST): 0.0
Experiment 15562
Epoch 0550 [Test seq (cond on sampled tp)] | Loss 396.881439 | Likelihood -399.937805 | KL fp 7.8294 | FP STD 0.2550|
KL coef: 0.9956045324044637
Train loss (one batch): 417.584716796875
Train CE loss (one batch): 0.0
Test MSE (raw): 0.0807
Test MSE (smoothed with alpha=0.01): 0.3029
New best smoothed test MSE: 0.3029. Saving best model to experiments/experiment_15562_best.ckpt
Test MSE group_0: 0.0687
Test MSE group_1: 0.0921
Test MSE group_2: nan
Test MSE group_3: nan
Poisson likelihood: 0.0
CE loss: 0.0
train MSE group_0: 0.0742
train MSE group_1: 0.0921
train MSE group_2: nan
train MSE group_3: nan
CE loss (TEST): 0.0
Experiment 15562
Epoch 0560 [Test seq (cond on sampled tp)] | Loss 398.219360 | Likelihood -398.254517 | KL fp 7.9322 | FP STD 0.2413|
KL coef: 0.9960248178953148
Train loss (one batch): 405.1895751953125
Train CE loss (one batch): 0.0
Test MSE (raw): 0.0804
Test MSE (smoothed with alpha=0.01): 0.3007
New best smoothed test MSE: 0.3007. Saving best model to experiments/experiment_15562_best.ckpt
Test MSE group_0: 0.0685
Test MSE group_1: 0.0916
Test MSE group_2: nan
Test MSE group_3: nan
Poisson likelihood: 0.0
CE loss: 0.0
train MSE group_0: 0.0730
train MSE group_1: 0.0908
train MSE group_2: nan
train MSE group_3: nan
CE loss (TEST): 0.0
Experiment 15562
Epoch 0570 [Test seq (cond on sampled tp)] | Loss 390.736847 | Likelihood -390.698303 | KL fp 7.9263 | FP STD 0.2360|
KL coef: 0.996404916559627
Train loss (one batch): 403.83843994140625
Train CE loss (one batch): 0.0
Test MSE (raw): 0.0789
Test MSE (smoothed with alpha=0.01): 0.2985
New best smoothed test MSE: 0.2985. Saving best model to experiments/experiment_15562_best.ckpt
Test MSE group_0: 0.0670
Test MSE group_1: 0.0901
Test MSE group_2: nan
Test MSE group_3: nan
Poisson likelihood: 0.0
CE loss: 0.0
train MSE group_0: 0.0716
train MSE group_1: 0.0902
train MSE group_2: nan
train MSE group_3: nan
CE loss (TEST): 0.0
Experiment 15562
Epoch 0580 [Test seq (cond on sampled tp)] | Loss 387.020813 | Likelihood -385.968628 | KL fp 7.8836 | FP STD 0.2348|
KL coef: 0.9967486709783656
Train loss (one batch): 392.0684509277344
Train CE loss (one batch): 0.0
Test MSE (raw): 0.0779
Test MSE (smoothed with alpha=0.01): 0.2963
New best smoothed test MSE: 0.2963. Saving best model to experiments/experiment_15562_best.ckpt
Test MSE group_0: 0.0672
Test MSE group_1: 0.0881
Test MSE group_2: nan
Test MSE group_3: nan
Poisson likelihood: 0.0
CE loss: 0.0
train MSE group_0: 0.0711
train MSE group_1: 0.0870
train MSE group_2: nan
train MSE group_3: nan
CE loss (TEST): 0.0
Experiment 15562
Epoch 0590 [Test seq (cond on sampled tp)] | Loss 383.776062 | Likelihood -384.266022 | KL fp 8.0259 | FP STD 0.2203|
KL coef: 0.997059556312878
Train loss (one batch): 394.9405212402344
Train CE loss (one batch): 0.0
Test MSE (raw): 0.0776
Test MSE (smoothed with alpha=0.01): 0.2941
New best smoothed test MSE: 0.2941. Saving best model to experiments/experiment_15562_best.ckpt
Test MSE group_0: 0.0681
Test MSE group_1: 0.0865
Test MSE group_2: nan
Test MSE group_3: nan
Poisson likelihood: 0.0
CE loss: 0.0
train MSE group_0: 0.0707
train MSE group_1: 0.0869
train MSE group_2: nan
train MSE group_3: nan
CE loss (TEST): 0.0
Experiment 15562
Epoch 0600 [Test seq (cond on sampled tp)] | Loss 375.680420 | Likelihood -374.979065 | KL fp 7.8762 | FP STD 0.2246|
KL coef: 0.997340715436794
Train loss (one batch): 385.7392578125
Train CE loss (one batch): 0.0
Test MSE (raw): 0.0757
Test MSE (smoothed with alpha=0.01): 0.2919
New best smoothed test MSE: 0.2919. Saving best model to experiments/experiment_15562_best.ckpt
Test MSE group_0: 0.0659
Test MSE group_1: 0.0851
Test MSE group_2: nan
Test MSE group_3: nan
Poisson likelihood: 0.0
CE loss: 0.0
train MSE group_0: 0.0699
train MSE group_1: 0.0847
train MSE group_2: nan
train MSE group_3: nan
CE loss (TEST): 0.0
Experiment 15562
Epoch 0610 [Test seq (cond on sampled tp)] | Loss 370.530853 | Likelihood -371.113251 | KL fp 7.7909 | FP STD 0.2318|
KL coef: 0.997594990708689
Train loss (one batch): 374.78094482421875
Train CE loss (one batch): 0.0
Test MSE (raw): 0.0750
Test MSE (smoothed with alpha=0.01): 0.2897
New best smoothed test MSE: 0.2897. Saving best model to experiments/experiment_15562_best.ckpt
Test MSE group_0: 0.0651
Test MSE group_1: 0.0843
Test MSE group_2: nan
Test MSE group_3: nan
Poisson likelihood: 0.0
CE loss: 0.0
train MSE group_0: 0.0674
train MSE group_1: 0.0822
train MSE group_2: nan
train MSE group_3: nan
CE loss (TEST): 0.0
Experiment 15562
Epoch 0620 [Test seq (cond on sampled tp)] | Loss 361.917358 | Likelihood -359.863098 | KL fp 8.0048 | FP STD 0.2025|
KL coef: 0.9978249527067087
Train loss (one batch): 363.5953369140625
Train CE loss (one batch): 0.0
Test MSE (raw): 0.0727
Test MSE (smoothed with alpha=0.01): 0.2876
New best smoothed test MSE: 0.2876. Saving best model to experiments/experiment_15562_best.ckpt
Test MSE group_0: 0.0642
Test MSE group_1: 0.0807
Test MSE group_2: nan
Test MSE group_3: nan
Poisson likelihood: 0.0
CE loss: 0.0
train MSE group_0: 0.0671
train MSE group_1: 0.0791
train MSE group_2: nan
train MSE group_3: nan
CE loss (TEST): 0.0
Experiment 15562
Epoch 0630 [Test seq (cond on sampled tp)] | Loss 349.318390 | Likelihood -347.587555 | KL fp 7.7579 | FP STD 0.2157|
KL coef: 0.9980329262156509
Train loss (one batch): 363.03466796875
Train CE loss (one batch): 0.0
Test MSE (raw): 0.0703
Test MSE (smoothed with alpha=0.01): 0.2854
New best smoothed test MSE: 0.2854. Saving best model to experiments/experiment_15562_best.ckpt
Test MSE group_0: 0.0622
Test MSE group_1: 0.0779
Test MSE group_2: nan
Test MSE group_3: nan
Poisson likelihood: 0.0
CE loss: 0.0
train MSE group_0: 0.0669
train MSE group_1: 0.0791
train MSE group_2: nan
train MSE group_3: nan
CE loss (TEST): 0.0
Experiment 15562
Epoch 0640 [Test seq (cond on sampled tp)] | Loss 339.657104 | Likelihood -337.451843 | KL fp 7.8424 | FP STD 0.2038|
KL coef: 0.9982210137292149
Train loss (one batch): 350.7414855957031
Train CE loss (one batch): 0.0
Test MSE (raw): 0.0682
Test MSE (smoothed with alpha=0.01): 0.2832
New best smoothed test MSE: 0.2832. Saving best model to experiments/experiment_15562_best.ckpt
Test MSE group_0: 0.0609
Test MSE group_1: 0.0752
Test MSE group_2: nan
Test MSE group_3: nan
Poisson likelihood: 0.0
CE loss: 0.0
train MSE group_0: 0.0648
train MSE group_1: 0.0751
train MSE group_2: nan
train MSE group_3: nan
CE loss (TEST): 0.0
Experiment 15562
Epoch 0650 [Test seq (cond on sampled tp)] | Loss 326.922943 | Likelihood -325.002197 | KL fp 7.8358 | FP STD 0.2026|
KL coef: 0.9983911167050152
Train loss (one batch): 337.103271484375
Train CE loss (one batch): 0.0
Test MSE (raw): 0.0657
Test MSE (smoothed with alpha=0.01): 0.2811
New best smoothed test MSE: 0.2811. Saving best model to experiments/experiment_15562_best.ckpt
Test MSE group_0: 0.0581
Test MSE group_1: 0.0729
Test MSE group_2: nan
Test MSE group_3: nan
Poisson likelihood: 0.0
CE loss: 0.0
train MSE group_0: 0.0621
train MSE group_1: 0.0723
train MSE group_2: nan
train MSE group_3: nan
CE loss (TEST): 0.0
Experiment 15562
Epoch 0660 [Test seq (cond on sampled tp)] | Loss 319.278748 | Likelihood -316.312866 | KL fp 7.8744 | FP STD 0.1946|
KL coef: 0.9985449547872347
Train loss (one batch): 330.92535400390625
Train CE loss (one batch): 0.0
Test MSE (raw): 0.0640
Test MSE (smoothed with alpha=0.01): 0.2789
New best smoothed test MSE: 0.2789. Saving best model to experiments/experiment_15562_best.ckpt
Test MSE group_0: 0.0567
Test MSE group_1: 0.0709
Test MSE group_2: nan
Test MSE group_3: nan
Poisson likelihood: 0.0
CE loss: 0.0
train MSE group_0: 0.0616
train MSE group_1: 0.0703
train MSE group_2: nan
train MSE group_3: nan
CE loss (TEST): 0.0
Experiment 15562
Epoch 0670 [Test seq (cond on sampled tp)] | Loss 313.497925 | Likelihood -310.471039 | KL fp 7.8469 | FP STD 0.1901|
KL coef: 0.9986840831912477
Train loss (one batch): 319.8573303222656
Train CE loss (one batch): 0.0
Test MSE (raw): 0.0628
Test MSE (smoothed with alpha=0.01): 0.2767
New best smoothed test MSE: 0.2767. Saving best model to experiments/experiment_15562_best.ckpt
Test MSE group_0: 0.0554
Test MSE group_1: 0.0699
Test MSE group_2: nan
Test MSE group_3: nan
Poisson likelihood: 0.0
CE loss: 0.0
train MSE group_0: 0.0601
train MSE group_1: 0.0683
train MSE group_2: nan
train MSE group_3: nan
CE loss (TEST): 0.0
Experiment 15562
Epoch 0680 [Test seq (cond on sampled tp)] | Loss 309.485840 | Likelihood -307.308350 | KL fp 7.8231 | FP STD 0.1846|
KL coef: 0.9988099084259616
Train loss (one batch): 324.8009033203125
Train CE loss (one batch): 0.0
Test MSE (raw): 0.0622
Test MSE (smoothed with alpha=0.01): 0.2746
New best smoothed test MSE: 0.2746. Saving best model to experiments/experiment_15562_best.ckpt
Test MSE group_0: 0.0550
Test MSE group_1: 0.0690
Test MSE group_2: nan
Test MSE group_3: nan
Poisson likelihood: 0.0
CE loss: 0.0
train MSE group_0: 0.0607
train MSE group_1: 0.0685
train MSE group_2: nan
train MSE group_3: nan
CE loss (TEST): 0.0
Experiment 15562
Epoch 0690 [Test seq (cond on sampled tp)] | Loss 307.754364 | Likelihood -304.013855 | KL fp 7.9845 | FP STD 0.1742|
KL coef: 0.9989237025128207
Train loss (one batch): 316.1014099121094
Train CE loss (one batch): 0.0
Test MSE (raw): 0.0615
Test MSE (smoothed with alpha=0.01): 0.2724
New best smoothed test MSE: 0.2724. Saving best model to experiments/experiment_15562_best.ckpt
Test MSE group_0: 0.0547
Test MSE group_1: 0.0680
Test MSE group_2: nan
Test MSE group_3: nan
Poisson likelihood: 0.0
CE loss: 0.0
train MSE group_0: 0.0587
train MSE group_1: 0.0669
train MSE group_2: nan
train MSE group_3: nan
CE loss (TEST): 0.0
Experiment 15562
Epoch 0700 [Test seq (cond on sampled tp)] | Loss 303.719452 | Likelihood -299.776154 | KL fp 7.9466 | FP STD 0.1675|
KL coef: 0.999026615845218
Train loss (one batch): 315.6559753417969
Train CE loss (one batch): 0.0
Test MSE (raw): 0.0607
Test MSE (smoothed with alpha=0.01): 0.2703
New best smoothed test MSE: 0.2703. Saving best model to experiments/experiment_15562_best.ckpt
Test MSE group_0: 0.0539
Test MSE group_1: 0.0672
Test MSE group_2: nan
Test MSE group_3: nan
Poisson likelihood: 0.0
CE loss: 0.0
train MSE group_0: 0.0587
train MSE group_1: 0.0665
train MSE group_2: nan
train MSE group_3: nan
CE loss (TEST): 0.0
Experiment 15562
Epoch 0710 [Test seq (cond on sampled tp)] | Loss 300.227234 | Likelihood -296.910339 | KL fp 8.0893 | FP STD 0.1580|
KL coef: 0.9991196888183176
Train loss (one batch): 312.621826171875
Train CE loss (one batch): 0.0
Test MSE (raw): 0.0601
Test MSE (smoothed with alpha=0.01): 0.2682
New best smoothed test MSE: 0.2682. Saving best model to experiments/experiment_15562_best.ckpt
Test MSE group_0: 0.0535
Test MSE group_1: 0.0664
Test MSE group_2: nan
Test MSE group_3: nan
Poisson likelihood: 0.0
CE loss: 0.0
train MSE group_0: 0.0591
train MSE group_1: 0.0650
train MSE group_2: nan
train MSE group_3: nan
CE loss (TEST): 0.0
Experiment 15562
Epoch 0720 [Test seq (cond on sampled tp)] | Loss 323.255280 | Likelihood -320.806152 | KL fp 8.0691 | FP STD 0.1814|
KL coef: 0.9992038623468565
Train loss (one batch): 329.41192626953125
Train CE loss (one batch): 0.0
Test MSE (raw): 0.0649
Test MSE (smoothed with alpha=0.01): 0.2662
New best smoothed test MSE: 0.2662. Saving best model to experiments/experiment_15562_best.ckpt
Test MSE group_0: 0.0579
Test MSE group_1: 0.0715
Test MSE group_2: nan
Test MSE group_3: nan
Poisson likelihood: 0.0
CE loss: 0.0
train MSE group_0: 0.0607
train MSE group_1: 0.0709
train MSE group_2: nan
train MSE group_3: nan
CE loss (TEST): 0.0
Experiment 15562
Epoch 0730 [Test seq (cond on sampled tp)] | Loss 311.455322 | Likelihood -309.503998 | KL fp 8.0164 | FP STD 0.1916|
KL coef: 0.9992799873772575
Train loss (one batch): 309.52716064453125
Train CE loss (one batch): 0.0
Test MSE (raw): 0.0626
Test MSE (smoothed with alpha=0.01): 0.2642
New best smoothed test MSE: 0.2642. Saving best model to experiments/experiment_15562_best.ckpt
Test MSE group_0: 0.0554
Test MSE group_1: 0.0695
Test MSE group_2: nan
Test MSE group_3: nan
Poisson likelihood: 0.0
CE loss: 0.0
train MSE group_0: 0.0573
train MSE group_1: 0.0671
train MSE group_2: nan
train MSE group_3: nan
CE loss (TEST): 0.0
Experiment 15562
Epoch 0740 [Test seq (cond on sampled tp)] | Loss 298.722565 | Likelihood -296.143738 | KL fp 7.9721 | FP STD 0.1842|
KL coef: 0.9993488334902116
Train loss (one batch): 309.04559326171875
Train CE loss (one batch): 0.0
Test MSE (raw): 0.0600
Test MSE (smoothed with alpha=0.01): 0.2621
New best smoothed test MSE: 0.2621. Saving best model to experiments/experiment_15562_best.ckpt
Test MSE group_0: 0.0533
Test MSE group_1: 0.0663
Test MSE group_2: nan
Test MSE group_3: nan
Poisson likelihood: 0.0
CE loss: 0.0
train MSE group_0: 0.0584
train MSE group_1: 0.0653
train MSE group_2: nan
train MSE group_3: nan
CE loss (TEST): 0.0
Experiment 15562
Epoch 0750 [Test seq (cond on sampled tp)] | Loss 294.512604 | Likelihood -291.845337 | KL fp 7.7773 | FP STD 0.1863|
KL coef: 0.9994110966807014
Train loss (one batch): 305.6241149902344
Train CE loss (one batch): 0.0
Test MSE (raw): 0.0591
Test MSE (smoothed with alpha=0.01): 0.2601
New best smoothed test MSE: 0.2601. Saving best model to experiments/experiment_15562_best.ckpt
Test MSE group_0: 0.0524
Test MSE group_1: 0.0655
Test MSE group_2: nan
Test MSE group_3: nan
Poisson likelihood: 0.0
CE loss: 0.0
train MSE group_0: 0.0575
train MSE group_1: 0.0642
train MSE group_2: nan
train MSE group_3: nan
CE loss (TEST): 0.0
Experiment 15562
Epoch 0760 [Test seq (cond on sampled tp)] | Loss 294.781494 | Likelihood -290.540771 | KL fp 8.1257 | FP STD 0.1561|
KL coef: 0.9994674063941131
Train loss (one batch): 304.2918701171875
Train CE loss (one batch): 0.0
Test MSE (raw): 0.0588
Test MSE (smoothed with alpha=0.01): 0.2581
New best smoothed test MSE: 0.2581. Saving best model to experiments/experiment_15562_best.ckpt
Test MSE group_0: 0.0526
Test MSE group_1: 0.0648
Test MSE group_2: nan
Test MSE group_3: nan
Poisson likelihood: 0.0
CE loss: 0.0
train MSE group_0: 0.0574
train MSE group_1: 0.0637
train MSE group_2: nan
train MSE group_3: nan
CE loss (TEST): 0.0
Experiment 15562
Epoch 0770 [Test seq (cond on sampled tp)] | Loss 293.853851 | Likelihood -289.964111 | KL fp 7.9362 | FP STD 0.1653|
KL coef: 0.9995183318895716
Train loss (one batch): 299.8436584472656
Train CE loss (one batch): 0.0
Test MSE (raw): 0.0587
Test MSE (smoothed with alpha=0.01): 0.2561
New best smoothed test MSE: 0.2561. Saving best model to experiments/experiment_15562_best.ckpt
Test MSE group_0: 0.0523
Test MSE group_1: 0.0648
Test MSE group_2: nan
Test MSE group_3: nan
Poisson likelihood: 0.0
CE loss: 0.0
train MSE group_0: 0.0559
train MSE group_1: 0.0631
train MSE group_2: nan
train MSE group_3: nan
CE loss (TEST): 0.0
Experiment 15562
Epoch 0780 [Test seq (cond on sampled tp)] | Loss 284.089691 | Likelihood -281.188995 | KL fp 7.8422 | FP STD 0.1622|
KL coef: 0.9995643879948252
Train loss (one batch): 294.2268371582031
Train CE loss (one batch): 0.0
Test MSE (raw): 0.0570
Test MSE (smoothed with alpha=0.01): 0.2541
New best smoothed test MSE: 0.2541. Saving best model to experiments/experiment_15562_best.ckpt
Test MSE group_0: 0.0503
Test MSE group_1: 0.0633
Test MSE group_2: nan
Test MSE group_3: nan
Poisson likelihood: 0.0
CE loss: 0.0
train MSE group_0: 0.0557
train MSE group_1: 0.0628
train MSE group_2: nan
train MSE group_3: nan
CE loss (TEST): 0.0
Experiment 15562
Epoch 0790 [Test seq (cond on sampled tp)] | Loss 283.737122 | Likelihood -280.412933 | KL fp 8.0681 | FP STD 0.1469|
KL coef: 0.9996060403108612
Train loss (one batch): 293.4173889160156
Train CE loss (one batch): 0.0
Test MSE (raw): 0.0568
Test MSE (smoothed with alpha=0.01): 0.2521
New best smoothed test MSE: 0.2521. Saving best model to experiments/experiment_15562_best.ckpt
Test MSE group_0: 0.0501
Test MSE group_1: 0.0632
Test MSE group_2: nan
Test MSE group_3: nan
Poisson likelihood: 0.0
CE loss: 0.0
train MSE group_0: 0.0551
train MSE group_1: 0.0619
train MSE group_2: nan
train MSE group_3: nan
CE loss (TEST): 0.0
Experiment 15562
Epoch 0800 [Test seq (cond on sampled tp)] | Loss 280.670624 | Likelihood -277.256500 | KL fp 7.9427 | FP STD 0.1559|
KL coef: 0.9996437099188669
Train loss (one batch): 291.0371398925781
Train CE loss (one batch): 0.0
Test MSE (raw): 0.0562
Test MSE (smoothed with alpha=0.01): 0.2502
New best smoothed test MSE: 0.2502. Saving best model to experiments/experiment_15562_best.ckpt
Test MSE group_0: 0.0498
Test MSE group_1: 0.0623
Test MSE group_2: nan
Test MSE group_3: nan
Poisson likelihood: 0.0
CE loss: 0.0
train MSE group_0: 0.0546
train MSE group_1: 0.0617
train MSE group_2: nan
train MSE group_3: nan
CE loss (TEST): 0.0
Experiment 15562
Epoch 0810 [Test seq (cond on sampled tp)] | Loss 278.166016 | Likelihood -274.434753 | KL fp 7.6712 | FP STD 0.1647|
KL coef: 0.9996777776371197
Train loss (one batch): 308.9452819824219
Train CE loss (one batch): 0.0
Test MSE (raw): 0.0556
Test MSE (smoothed with alpha=0.01): 0.2482
New best smoothed test MSE: 0.2482. Saving best model to experiments/experiment_15562_best.ckpt
Test MSE group_0: 0.0498
Test MSE group_1: 0.0611
Test MSE group_2: nan
Test MSE group_3: nan
Poisson likelihood: 0.0
CE loss: 0.0
train MSE group_0: 0.0574
train MSE group_1: 0.0656
train MSE group_2: nan
train MSE group_3: nan
CE loss (TEST): 0.0
Experiment 15562
Epoch 0820 [Test seq (cond on sampled tp)] | Loss 297.830170 | Likelihood -294.468872 | KL fp 7.9367 | FP STD 0.1712|
KL coef: 0.9997085878708442
Train loss (one batch): 289.70880126953125
Train CE loss (one batch): 0.0
Test MSE (raw): 0.0596
Test MSE (smoothed with alpha=0.01): 0.2463
New best smoothed test MSE: 0.2463. Saving best model to experiments/experiment_15562_best.ckpt
Test MSE group_0: 0.0543
Test MSE group_1: 0.0647
Test MSE group_2: nan
Test MSE group_3: nan
Poisson likelihood: 0.0
CE loss: 0.0
train MSE group_0: 0.0547
train MSE group_1: 0.0612
train MSE group_2: nan
train MSE group_3: nan
CE loss (TEST): 0.0
Experiment 15562
Epoch 0830 [Test seq (cond on sampled tp)] | Loss 278.891876 | Likelihood -275.869171 | KL fp 7.6356 | FP STD 0.1777|
KL coef: 0.9997364520939512
Train loss (one batch): 295.76922607421875
Train CE loss (one batch): 0.0
Test MSE (raw): 0.0559
Test MSE (smoothed with alpha=0.01): 0.2444
New best smoothed test MSE: 0.2444. Saving best model to experiments/experiment_15562_best.ckpt
Test MSE group_0: 0.0489
Test MSE group_1: 0.0626
Test MSE group_2: nan
Test MSE group_3: nan
Poisson likelihood: 0.0
CE loss: 0.0
train MSE group_0: 0.0550
train MSE group_1: 0.0627
train MSE group_2: nan
train MSE group_3: nan
CE loss (TEST): 0.0
Experiment 15562
Epoch 0840 [Test seq (cond on sampled tp)] | Loss 273.812653 | Likelihood -270.712097 | KL fp 7.6237 | FP STD 0.1660|
KL coef: 0.9997616519978635
Train loss (one batch): 285.7486572265625
Train CE loss (one batch): 0.0
Test MSE (raw): 0.0549
Test MSE (smoothed with alpha=0.01): 0.2425
New best smoothed test MSE: 0.2425. Saving best model to experiments/experiment_15562_best.ckpt
Test MSE group_0: 0.0480
Test MSE group_1: 0.0614
Test MSE group_2: nan
Test MSE group_3: nan
Poisson likelihood: 0.0
CE loss: 0.0
train MSE group_0: 0.0532
train MSE group_1: 0.0611
train MSE group_2: nan
train MSE group_3: nan
CE loss (TEST): 0.0
Experiment 15562
Epoch 0850 [Test seq (cond on sampled tp)] | Loss 275.590607 | Likelihood -271.618744 | KL fp 7.9253 | FP STD 0.1457|
KL coef: 0.9997844423392536
Train loss (one batch): 283.3678894042969
Train CE loss (one batch): 0.0
Test MSE (raw): 0.0551
Test MSE (smoothed with alpha=0.01): 0.2407
New best smoothed test MSE: 0.2407. Saving best model to experiments/experiment_15562_best.ckpt
Test MSE group_0: 0.0489
Test MSE group_1: 0.0609
Test MSE group_2: nan
Test MSE group_3: nan
Poisson likelihood: 0.0
CE loss: 0.0
train MSE group_0: 0.0534
train MSE group_1: 0.0601
train MSE group_2: nan
train MSE group_3: nan
CE loss (TEST): 0.0
Experiment 15562
Epoch 0860 [Test seq (cond on sampled tp)] | Loss 270.143036 | Likelihood -265.838165 | KL fp 7.7838 | FP STD 0.1478|
KL coef: 0.9998050535154901
Train loss (one batch): 281.160888671875
Train CE loss (one batch): 0.0
Test MSE (raw): 0.0539
Test MSE (smoothed with alpha=0.01): 0.2388
New best smoothed test MSE: 0.2388. Saving best model to experiments/experiment_15562_best.ckpt
Test MSE group_0: 0.0472
Test MSE group_1: 0.0602
Test MSE group_2: nan
Test MSE group_3: nan
Poisson likelihood: 0.0
CE loss: 0.0
train MSE group_0: 0.0525
train MSE group_1: 0.0594
train MSE group_2: nan
train MSE group_3: nan
CE loss (TEST): 0.0
Experiment 15562
Epoch 0870 [Test seq (cond on sampled tp)] | Loss 268.832153 | Likelihood -265.097839 | KL fp 7.8267 | FP STD 0.1465|
KL coef: 0.9998236938938232
Train loss (one batch): 282.9971923828125
Train CE loss (one batch): 0.0
Test MSE (raw): 0.0538
Test MSE (smoothed with alpha=0.01): 0.2369
New best smoothed test MSE: 0.2369. Saving best model to experiments/experiment_15562_best.ckpt
Test MSE group_0: 0.0479
Test MSE group_1: 0.0593
Test MSE group_2: nan
Test MSE group_3: nan
Poisson likelihood: 0.0
CE loss: 0.0
train MSE group_0: 0.0531
train MSE group_1: 0.0591
train MSE group_2: nan
train MSE group_3: nan
CE loss (TEST): 0.0
Experiment 15562
Epoch 0880 [Test seq (cond on sampled tp)] | Loss 266.165680 | Likelihood -261.879059 | KL fp 7.9287 | FP STD 0.1322|
KL coef: 0.9998405519178591
Train loss (one batch): 278.2083740234375
Train CE loss (one batch): 0.0
Test MSE (raw): 0.0531
Test MSE (smoothed with alpha=0.01): 0.2351
New best smoothed test MSE: 0.2351. Saving best model to experiments/experiment_15562_best.ckpt
Test MSE group_0: 0.0468
Test MSE group_1: 0.0591
Test MSE group_2: nan
Test MSE group_3: nan
Poisson likelihood: 0.0
CE loss: 0.0
train MSE group_0: 0.0522
train MSE group_1: 0.0580
train MSE group_2: nan
train MSE group_3: nan
CE loss (TEST): 0.0
Experiment 15562
Epoch 0890 [Test seq (cond on sampled tp)] | Loss 265.499207 | Likelihood -260.816528 | KL fp 7.9397 | FP STD 0.1269|
KL coef: 0.9998557980126173
Train loss (one batch): 280.9185791015625
Train CE loss (one batch): 0.0
Test MSE (raw): 0.0529
Test MSE (smoothed with alpha=0.01): 0.2333
New best smoothed test MSE: 0.2333. Saving best model to experiments/experiment_15562_best.ckpt
Test MSE group_0: 0.0465
Test MSE group_1: 0.0590
Test MSE group_2: nan
Test MSE group_3: nan
Poisson likelihood: 0.0
CE loss: 0.0
train MSE group_0: 0.0522
train MSE group_1: 0.0591
train MSE group_2: nan
train MSE group_3: nan
CE loss (TEST): 0.0
Experiment 15562
Epoch 0900 [Test seq (cond on sampled tp)] | Loss 262.424316 | Likelihood -258.716003 | KL fp 7.8102 | FP STD 0.1283|
KL coef: 0.9998695863074304
Train loss (one batch): 274.83660888671875
Train CE loss (one batch): 0.0
Test MSE (raw): 0.0525
Test MSE (smoothed with alpha=0.01): 0.2315
New best smoothed test MSE: 0.2315. Saving best model to experiments/experiment_15562_best.ckpt
Test MSE group_0: 0.0458
Test MSE group_1: 0.0588
Test MSE group_2: nan
Test MSE group_3: nan
Poisson likelihood: 0.0
CE loss: 0.0
train MSE group_0: 0.0512
train MSE group_1: 0.0584
train MSE group_2: nan
train MSE group_3: nan
CE loss (TEST): 0.0
Experiment 15562
Epoch 0910 [Test seq (cond on sampled tp)] | Loss 262.604889 | Likelihood -258.398193 | KL fp 7.8877 | FP STD 0.1237|
KL coef: 0.9998820561941043
Train loss (one batch): 272.7795715332031
Train CE loss (one batch): 0.0
Test MSE (raw): 0.0524
Test MSE (smoothed with alpha=0.01): 0.2297
New best smoothed test MSE: 0.2297. Saving best model to experiments/experiment_15562_best.ckpt
Test MSE group_0: 0.0462
Test MSE group_1: 0.0583
Test MSE group_2: nan
Test MSE group_3: nan
Poisson likelihood: 0.0
CE loss: 0.0
train MSE group_0: 0.0509
train MSE group_1: 0.0574
train MSE group_2: nan
train MSE group_3: nan
CE loss (TEST): 0.0
Experiment 15562
Epoch 0920 [Test seq (cond on sampled tp)] | Loss 260.795654 | Likelihood -256.114960 | KL fp 7.9187 | FP STD 0.1172|
KL coef: 0.9998933337360897
Train loss (one batch): 272.6078796386719
Train CE loss (one batch): 0.0
Test MSE (raw): 0.0520
Test MSE (smoothed with alpha=0.01): 0.2279
New best smoothed test MSE: 0.2279. Saving best model to experiments/experiment_15562_best.ckpt
Test MSE group_0: 0.0454
Test MSE group_1: 0.0582
Test MSE group_2: nan
Test MSE group_3: nan
Poisson likelihood: 0.0
CE loss: 0.0
train MSE group_0: 0.0507
train MSE group_1: 0.0580
train MSE group_2: nan
train MSE group_3: nan
CE loss (TEST): 0.0
Experiment 15562
Epoch 0930 [Test seq (cond on sampled tp)] | Loss 260.640442 | Likelihood -256.034607 | KL fp 7.9977 | FP STD 0.1119|
KL coef: 0.9999035329429113
Train loss (one batch): 270.294189453125
Train CE loss (one batch): 0.0
Test MSE (raw): 0.0519
Test MSE (smoothed with alpha=0.01): 0.2261
New best smoothed test MSE: 0.2261. Saving best model to experiments/experiment_15562_best.ckpt
Test MSE group_0: 0.0453
Test MSE group_1: 0.0583
Test MSE group_2: nan
Test MSE group_3: nan
Poisson likelihood: 0.0
CE loss: 0.0
train MSE group_0: 0.0501
train MSE group_1: 0.0573
train MSE group_2: nan
train MSE group_3: nan
CE loss (TEST): 0.0
Experiment 15562
Epoch 0940 [Test seq (cond on sampled tp)] | Loss 258.152954 | Likelihood -253.951279 | KL fp 7.7783 | FP STD 0.1177|
KL coef: 0.9999127569227402
Train loss (one batch): 271.1358642578125
Train CE loss (one batch): 0.0
Test MSE (raw): 0.0515
Test MSE (smoothed with alpha=0.01): 0.2244
New best smoothed test MSE: 0.2244. Saving best model to experiments/experiment_15562_best.ckpt
Test MSE group_0: 0.0448
Test MSE group_1: 0.0579
Test MSE group_2: nan
Test MSE group_3: nan
Poisson likelihood: 0.0
CE loss: 0.0
train MSE group_0: 0.0503
train MSE group_1: 0.0573
train MSE group_2: nan
train MSE group_3: nan
CE loss (TEST): 0.0
Experiment 15562
Epoch 0950 [Test seq (cond on sampled tp)] | Loss 257.509949 | Likelihood -252.946716 | KL fp 7.8418 | FP STD 0.1155|
KL coef: 0.9999210989247576
Train loss (one batch): 269.63140869140625
Train CE loss (one batch): 0.0
Test MSE (raw): 0.0513
Test MSE (smoothed with alpha=0.01): 0.2227
New best smoothed test MSE: 0.2227. Saving best model to experiments/experiment_15562_best.ckpt
Test MSE group_0: 0.0449
Test MSE group_1: 0.0574
Test MSE group_2: nan
Test MSE group_3: nan
Poisson likelihood: 0.0
CE loss: 0.0
train MSE group_0: 0.0503
train MSE group_1: 0.0569
train MSE group_2: nan
train MSE group_3: nan
CE loss (TEST): 0.0
Experiment 15562
Epoch 0960 [Test seq (cond on sampled tp)] | Loss 255.863693 | Likelihood -251.681351 | KL fp 7.8918 | FP STD 0.1058|
KL coef: 0.9999286432818518
Train loss (one batch): 269.43133544921875
Train CE loss (one batch): 0.0
Test MSE (raw): 0.0511
Test MSE (smoothed with alpha=0.01): 0.2209
New best smoothed test MSE: 0.2209. Saving best model to experiments/experiment_15562_best.ckpt
Test MSE group_0: 0.0443
Test MSE group_1: 0.0575
Test MSE group_2: nan
Test MSE group_3: nan
Poisson likelihood: 0.0
CE loss: 0.0
train MSE group_0: 0.0504
train MSE group_1: 0.0564
train MSE group_2: nan
train MSE group_3: nan
CE loss (TEST): 0.0
Experiment 15562
Epoch 0970 [Test seq (cond on sampled tp)] | Loss 254.430679 | Likelihood -249.723221 | KL fp 7.9418 | FP STD 0.1039|
KL coef: 0.9999354662631753
Train loss (one batch): 265.2132873535156
Train CE loss (one batch): 0.0
Test MSE (raw): 0.0507
Test MSE (smoothed with alpha=0.01): 0.2192
New best smoothed test MSE: 0.2192. Saving best model to experiments/experiment_15562_best.ckpt
Test MSE group_0: 0.0442
Test MSE group_1: 0.0568
Test MSE group_2: nan
Test MSE group_3: nan
Poisson likelihood: 0.0
CE loss: 0.0
train MSE group_0: 0.0495
train MSE group_1: 0.0557
train MSE group_2: nan
train MSE group_3: nan
CE loss (TEST): 0.0
Experiment 15562
Epoch 0980 [Test seq (cond on sampled tp)] | Loss 254.180130 | Likelihood -249.550522 | KL fp 7.9471 | FP STD 0.1049|
KL coef: 0.9999416368451824
Train loss (one batch): 267.6802062988281
Train CE loss (one batch): 0.0
Test MSE (raw): 0.0506
Test MSE (smoothed with alpha=0.01): 0.2176
New best smoothed test MSE: 0.2176. Saving best model to experiments/experiment_15562_best.ckpt
Test MSE group_0: 0.0442
Test MSE group_1: 0.0568
Test MSE group_2: nan
Test MSE group_3: nan
Poisson likelihood: 0.0
CE loss: 0.0
train MSE group_0: 0.0497
train MSE group_1: 0.0563
train MSE group_2: nan
train MSE group_3: nan
CE loss (TEST): 0.0
Experiment 15562
Epoch 0990 [Test seq (cond on sampled tp)] | Loss 253.814499 | Likelihood -249.075867 | KL fp 7.8454 | FP STD 0.1066|
KL coef: 0.9999472174089421
Train loss (one batch): 268.860107421875
Train CE loss (one batch): 0.0
Test MSE (raw): 0.0506
Test MSE (smoothed with alpha=0.01): 0.2159
New best smoothed test MSE: 0.2159. Saving best model to experiments/experiment_15562_best.ckpt
Test MSE group_0: 0.0444
Test MSE group_1: 0.0564
Test MSE group_2: nan
Test MSE group_3: nan
Poisson likelihood: 0.0
CE loss: 0.0
train MSE group_0: 0.0502
train MSE group_1: 0.0568
train MSE group_2: nan
train MSE group_3: nan
CE loss (TEST): 0.0
Experiment 15562
Epoch 1000 [Test seq (cond on sampled tp)] | Loss 251.409271 | Likelihood -247.415283 | KL fp 7.7441 | FP STD 0.1048|
KL coef: 0.9999522643707747
Train loss (one batch): 269.5467834472656
Train CE loss (one batch): 0.0
Test MSE (raw): 0.0502
Test MSE (smoothed with alpha=0.01): 0.2142
New best smoothed test MSE: 0.2142. Saving best model to experiments/experiment_15562_best.ckpt
Test MSE group_0: 0.0437
Test MSE group_1: 0.0564
Test MSE group_2: nan
Test MSE group_3: nan
Poisson likelihood: 0.0
CE loss: 0.0
train MSE group_0: 0.0504
train MSE group_1: 0.0565
train MSE group_2: nan
train MSE group_3: nan
CE loss (TEST): 0.0
Experiment 15562
Epoch 1010 [Test seq (cond on sampled tp)] | Loss 250.914886 | Likelihood -246.487213 | KL fp 7.7462 | FP STD 0.1054|
KL coef: 0.9999568287525893
Train loss (one batch): 266.88604736328125
Train CE loss (one batch): 0.0
Test MSE (raw): 0.0500
Test MSE (smoothed with alpha=0.01): 0.2126
New best smoothed test MSE: 0.2126. Saving best model to experiments/experiment_15562_best.ckpt
Test MSE group_0: 0.0438
Test MSE group_1: 0.0559
Test MSE group_2: nan
Test MSE group_3: nan
Poisson likelihood: 0.0
CE loss: 0.0
train MSE group_0: 0.0496
train MSE group_1: 0.0564
train MSE group_2: nan
train MSE group_3: nan
CE loss (TEST): 0.0
Experiment 15562
Epoch 1020 [Test seq (cond on sampled tp)] | Loss 251.084137 | Likelihood -246.543167 | KL fp 7.8859 | FP STD 0.1019|
KL coef: 0.999960956697686
Train loss (one batch): 262.4677429199219
Train CE loss (one batch): 0.0
Test MSE (raw): 0.0500
Test MSE (smoothed with alpha=0.01): 0.2110
New best smoothed test MSE: 0.2110. Saving best model to experiments/experiment_15562_best.ckpt
Test MSE group_0: 0.0442
Test MSE group_1: 0.0556
Test MSE group_2: nan
Test MSE group_3: nan
Poisson likelihood: 0.0
CE loss: 0.0
train MSE group_0: 0.0494
train MSE group_1: 0.0549
train MSE group_2: nan
train MSE group_3: nan
CE loss (TEST): 0.0
Experiment 15562
Epoch 1030 [Test seq (cond on sampled tp)] | Loss 250.449356 | Likelihood -245.771286 | KL fp 7.8177 | FP STD 0.1062|
KL coef: 0.9999646899372381
Train loss (one batch): 264.6075744628906
Train CE loss (one batch): 0.0
Test MSE (raw): 0.0499
Test MSE (smoothed with alpha=0.01): 0.2094
New best smoothed test MSE: 0.2094. Saving best model to experiments/experiment_15562_best.ckpt
Test MSE group_0: 0.0439
Test MSE group_1: 0.0556
Test MSE group_2: nan
Test MSE group_3: nan
Poisson likelihood: 0.0
CE loss: 0.0
train MSE group_0: 0.0493
train MSE group_1: 0.0556
train MSE group_2: nan
train MSE group_3: nan
CE loss (TEST): 0.0
Experiment 15562
Epoch 1040 [Test seq (cond on sampled tp)] | Loss 249.558716 | Likelihood -245.223846 | KL fp 7.6638 | FP STD 0.1081|
KL coef: 0.9999680662121707
Train loss (one batch): 263.0546875
Train CE loss (one batch): 0.0
Test MSE (raw): 0.0498
Test MSE (smoothed with alpha=0.01): 0.2078
New best smoothed test MSE: 0.2078. Saving best model to experiments/experiment_15562_best.ckpt
Test MSE group_0: 0.0433
Test MSE group_1: 0.0559
Test MSE group_2: nan
Test MSE group_3: nan
Poisson likelihood: 0.0
CE loss: 0.0
train MSE group_0: 0.0492
train MSE group_1: 0.0554
train MSE group_2: nan
train MSE group_3: nan
CE loss (TEST): 0.0
Experiment 15562
Epoch 1050 [Test seq (cond on sampled tp)] | Loss 248.200928 | Likelihood -243.401947 | KL fp 7.7714 | FP STD 0.1064|
KL coef: 0.9999711196547001
Train loss (one batch): 262.8766784667969
Train CE loss (one batch): 0.0
Test MSE (raw): 0.0494
Test MSE (smoothed with alpha=0.01): 0.2062
New best smoothed test MSE: 0.2062. Saving best model to experiments/experiment_15562_best.ckpt
Test MSE group_0: 0.0432
Test MSE group_1: 0.0553
Test MSE group_2: nan
Test MSE group_3: nan
Poisson likelihood: 0.0
CE loss: 0.0
train MSE group_0: 0.0488
train MSE group_1: 0.0553
train MSE group_2: nan
train MSE group_3: nan
CE loss (TEST): 0.0
Experiment 15562
Epoch 1060 [Test seq (cond on sampled tp)] | Loss 247.775558 | Likelihood -243.083099 | KL fp 7.7804 | FP STD 0.0977|
KL coef: 0.9999738811333907
Train loss (one batch): 260.05126953125
Train CE loss (one batch): 0.0
Test MSE (raw): 0.0494
Test MSE (smoothed with alpha=0.01): 0.2046
New best smoothed test MSE: 0.2046. Saving best model to experiments/experiment_15562_best.ckpt
Test MSE group_0: 0.0429
Test MSE group_1: 0.0555
Test MSE group_2: nan
Test MSE group_3: nan
Poisson likelihood: 0.0
CE loss: 0.0
train MSE group_0: 0.0486
train MSE group_1: 0.0545
train MSE group_2: nan
train MSE group_3: nan
CE loss (TEST): 0.0
Experiment 15562
Epoch 1070 [Test seq (cond on sampled tp)] | Loss 248.950180 | Likelihood -244.461472 | KL fp 7.6916 | FP STD 0.1077|
KL coef: 0.9999763785652189
Train loss (one batch): 265.61126708984375
Train CE loss (one batch): 0.0
Test MSE (raw): 0.0496
Test MSE (smoothed with alpha=0.01): 0.2031
New best smoothed test MSE: 0.2031. Saving best model to experiments/experiment_15562_best.ckpt
Test MSE group_0: 0.0434
Test MSE group_1: 0.0556
Test MSE group_2: nan
Test MSE group_3: nan
Poisson likelihood: 0.0
CE loss: 0.0
train MSE group_0: 0.0496
train MSE group_1: 0.0560
train MSE group_2: nan
train MSE group_3: nan
CE loss (TEST): 0.0
Experiment 15562
Epoch 1080 [Test seq (cond on sampled tp)] | Loss 257.991333 | Likelihood -253.653778 | KL fp 7.8758 | FP STD 0.1135|
KL coef: 0.999978637197798
Train loss (one batch): 263.7109680175781
Train CE loss (one batch): 0.0
Test MSE (raw): 0.0515
Test MSE (smoothed with alpha=0.01): 0.2015
New best smoothed test MSE: 0.2015. Saving best model to experiments/experiment_15562_best.ckpt
Test MSE group_0: 0.0460
Test MSE group_1: 0.0566
Test MSE group_2: nan
Test MSE group_3: nan
Poisson likelihood: 0.0
CE loss: 0.0
train MSE group_0: 0.0498
train MSE group_1: 0.0548
train MSE group_2: nan
train MSE group_3: nan
CE loss (TEST): 0.0
Experiment 15562
Epoch 1090 [Test seq (cond on sampled tp)] | Loss 515.114868 | Likelihood -527.027893 | KL fp 5.8753 | FP STD 0.2947|
KL coef: 0.9999806798646166
Train loss (one batch): 677.3981323242188
Train CE loss (one batch): 0.0
Test MSE (raw): 0.1061
Test MSE (smoothed with alpha=0.01): 0.2006
New best smoothed test MSE: 0.2006. Saving best model to experiments/experiment_15562_best.ckpt
Test MSE group_0: 0.1318
Test MSE group_1: 0.0818
Test MSE group_2: nan
Test MSE group_3: nan
Poisson likelihood: 0.0
CE loss: 0.0
train MSE group_0: 0.1600
train MSE group_1: 0.1096
train MSE group_2: nan
train MSE group_3: nan
CE loss (TEST): 0.0
Experiment 15562
Epoch 1100 [Test seq (cond on sampled tp)] | Loss 381.663635 | Likelihood -384.873688 | KL fp 6.2932 | FP STD 0.3422|
KL coef: 0.9999825272158726
Train loss (one batch): 350.9933776855469
Train CE loss (one batch): 0.0
Test MSE (raw): 0.0777
Test MSE (smoothed with alpha=0.01): 0.1994
New best smoothed test MSE: 0.1994. Saving best model to experiments/experiment_15562_best.ckpt
Test MSE group_0: 0.0807
Test MSE group_1: 0.0748
Test MSE group_2: nan
Test MSE group_3: nan
Poisson likelihood: 0.0
CE loss: 0.0
train MSE group_0: 0.0682
train MSE group_1: 0.0728
train MSE group_2: nan
train MSE group_3: nan
CE loss (TEST): 0.0
Experiment 15562
Epoch 1110 [Test seq (cond on sampled tp)] | Loss 363.535461 | Likelihood -375.825562 | KL fp 7.2915 | FP STD 0.3107|
KL coef: 0.9999841979272346
Train loss (one batch): 362.5948181152344
Train CE loss (one batch): 0.0
Test MSE (raw): 0.0759
Test MSE (smoothed with alpha=0.01): 0.1981
New best smoothed test MSE: 0.1981. Saving best model to experiments/experiment_15562_best.ckpt
Test MSE group_0: 0.0622
Test MSE group_1: 0.0889
Test MSE group_2: nan
Test MSE group_3: nan
Poisson likelihood: 0.0
CE loss: 0.0
train MSE group_0: 0.0633
train MSE group_1: 0.0852
train MSE group_2: nan
train MSE group_3: nan
CE loss (TEST): 0.0
Experiment 15562
Epoch 1120 [Test seq (cond on sampled tp)] | Loss 309.477448 | Likelihood -314.900879 | KL fp 6.6865 | FP STD 0.2963|
KL coef: 0.999985708888643
Train loss (one batch): 328.1260681152344
Train CE loss (one batch): 0.0
Test MSE (raw): 0.0637
Test MSE (smoothed with alpha=0.01): 0.1968
New best smoothed test MSE: 0.1968. Saving best model to experiments/experiment_15562_best.ckpt
Test MSE group_0: 0.0600
Test MSE group_1: 0.0672
Test MSE group_2: nan
Test MSE group_3: nan
Poisson likelihood: 0.0
CE loss: 0.0
train MSE group_0: 0.0641
train MSE group_1: 0.0687
train MSE group_2: nan
train MSE group_3: nan
CE loss (TEST): 0.0
Experiment 15562
Epoch 1130 [Test seq (cond on sampled tp)] | Loss 295.284485 | Likelihood -297.982880 | KL fp 7.2179 | FP STD 0.2721|
KL coef: 0.9999870753750567
Train loss (one batch): 316.1668701171875
Train CE loss (one batch): 0.0
Test MSE (raw): 0.0603
Test MSE (smoothed with alpha=0.01): 0.1954
New best smoothed test MSE: 0.1954. Saving best model to experiments/experiment_15562_best.ckpt
Test MSE group_0: 0.0519
Test MSE group_1: 0.0683
Test MSE group_2: nan
Test MSE group_3: nan
Poisson likelihood: 0.0
CE loss: 0.0
train MSE group_0: 0.0568
train MSE group_1: 0.0701
train MSE group_2: nan
train MSE group_3: nan
CE loss (TEST): 0.0
Experiment 15562
Epoch 1140 [Test seq (cond on sampled tp)] | Loss 289.024658 | Likelihood -289.614380 | KL fp 7.3615 | FP STD 0.2570|
KL coef: 0.9999883112008752
Train loss (one batch): 302.23822021484375
Train CE loss (one batch): 0.0
Test MSE (raw): 0.0587
Test MSE (smoothed with alpha=0.01): 0.1940
New best smoothed test MSE: 0.1940. Saving best model to experiments/experiment_15562_best.ckpt
Test MSE group_0: 0.0500
Test MSE group_1: 0.0669
Test MSE group_2: nan
Test MSE group_3: nan
Poisson likelihood: 0.0
CE loss: 0.0
train MSE group_0: 0.0550
train MSE group_1: 0.0657
train MSE group_2: nan
train MSE group_3: nan
CE loss (TEST): 0.0
Experiment 15562
Epoch 1150 [Test seq (cond on sampled tp)] | Loss 282.432770 | Likelihood -283.446716 | KL fp 7.3149 | FP STD 0.2535|
KL coef: 0.9999894288595931
Train loss (one batch): 294.4295959472656
Train CE loss (one batch): 0.0
Test MSE (raw): 0.0574
Test MSE (smoothed with alpha=0.01): 0.1927
New best smoothed test MSE: 0.1927. Saving best model to experiments/experiment_15562_best.ckpt
Test MSE group_0: 0.0507
Test MSE group_1: 0.0638
Test MSE group_2: nan
Test MSE group_3: nan
Poisson likelihood: 0.0
CE loss: 0.0
train MSE group_0: 0.0549
train MSE group_1: 0.0638
train MSE group_2: nan
train MSE group_3: nan
CE loss (TEST): 0.0
Experiment 15562
Epoch 1160 [Test seq (cond on sampled tp)] | Loss 280.402649 | Likelihood -279.832703 | KL fp 7.3186 | FP STD 0.2525|
KL coef: 0.9999904396501036
Train loss (one batch): 289.6783447265625
Train CE loss (one batch): 0.0
Test MSE (raw): 0.0567
Test MSE (smoothed with alpha=0.01): 0.1913
New best smoothed test MSE: 0.1913. Saving best model to experiments/experiment_15562_best.ckpt
Test MSE group_0: 0.0502
Test MSE group_1: 0.0628
Test MSE group_2: nan
Test MSE group_3: nan
Poisson likelihood: 0.0
CE loss: 0.0
train MSE group_0: 0.0548
train MSE group_1: 0.0618
train MSE group_2: nan
train MSE group_3: nan
CE loss (TEST): 0.0
Experiment 15562
Epoch 1170 [Test seq (cond on sampled tp)] | Loss 274.418579 | Likelihood -273.894714 | KL fp 7.3661 | FP STD 0.2483|
KL coef: 0.9999913537909229
Train loss (one batch): 291.43218994140625
Train CE loss (one batch): 0.0
Test MSE (raw): 0.0555
Test MSE (smoothed with alpha=0.01): 0.1900
New best smoothed test MSE: 0.1900. Saving best model to experiments/experiment_15562_best.ckpt
Test MSE group_0: 0.0489
Test MSE group_1: 0.0618
Test MSE group_2: nan
Test MSE group_3: nan
Poisson likelihood: 0.0
CE loss: 0.0
train MSE group_0: 0.0539
train MSE group_1: 0.0624
train MSE group_2: nan
train MSE group_3: nan
CE loss (TEST): 0.0
Experiment 15562
Epoch 1180 [Test seq (cond on sampled tp)] | Loss 274.649231 | Likelihood -272.552856 | KL fp 7.2699 | FP STD 0.2539|
KL coef: 0.9999921805234938
Train loss (one batch): 284.2111511230469
Train CE loss (one batch): 0.0
Test MSE (raw): 0.0552
Test MSE (smoothed with alpha=0.01): 0.1886
New best smoothed test MSE: 0.1886. Saving best model to experiments/experiment_15562_best.ckpt
Test MSE group_0: 0.0487
Test MSE group_1: 0.0614
Test MSE group_2: nan
Test MSE group_3: nan
Poisson likelihood: 0.0
CE loss: 0.0
train MSE group_0: 0.0526
train MSE group_1: 0.0607
train MSE group_2: nan
train MSE group_3: nan
CE loss (TEST): 0.0
Experiment 15562
Epoch 1190 [Test seq (cond on sampled tp)] | Loss 270.522614 | Likelihood -268.636169 | KL fp 7.2775 | FP STD 0.2508|
KL coef: 0.9999929282056119
Train loss (one batch): 282.7496643066406
Train CE loss (one batch): 0.0
Test MSE (raw): 0.0545
Test MSE (smoothed with alpha=0.01): 0.1873
New best smoothed test MSE: 0.1873. Saving best model to experiments/experiment_15562_best.ckpt
Test MSE group_0: 0.0485
Test MSE group_1: 0.0601
Test MSE group_2: nan
Test MSE group_3: nan
Poisson likelihood: 0.0
CE loss: 0.0
train MSE group_0: 0.0532
train MSE group_1: 0.0593
train MSE group_2: nan
train MSE group_3: nan
CE loss (TEST): 0.0
Experiment 15562
Epoch 1200 [Test seq (cond on sampled tp)] | Loss 269.341583 | Likelihood -266.375214 | KL fp 7.4045 | FP STD 0.2430|
KL coef: 0.9999936043959172
Train loss (one batch): 280.4192199707031
Train CE loss (one batch): 0.0
Test MSE (raw): 0.0540
Test MSE (smoothed with alpha=0.01): 0.1859
New best smoothed test MSE: 0.1859. Saving best model to experiments/experiment_15562_best.ckpt
Test MSE group_0: 0.0482
Test MSE group_1: 0.0595
Test MSE group_2: nan
Test MSE group_3: nan
Poisson likelihood: 0.0
CE loss: 0.0
train MSE group_0: 0.0529
train MSE group_1: 0.0590
train MSE group_2: nan
train MSE group_3: nan
CE loss (TEST): 0.0
Experiment 15562
Epoch 1210 [Test seq (cond on sampled tp)] | Loss 267.244598 | Likelihood -264.130371 | KL fp 7.5746 | FP STD 0.2326|
KL coef: 0.9999942159303087
Train loss (one batch): 278.1265869140625
Train CE loss (one batch): 0.0
Test MSE (raw): 0.0536
Test MSE (smoothed with alpha=0.01): 0.1846
New best smoothed test MSE: 0.1846. Saving best model to experiments/experiment_15562_best.ckpt
Test MSE group_0: 0.0473
Test MSE group_1: 0.0595
Test MSE group_2: nan
Test MSE group_3: nan
Poisson likelihood: 0.0
CE loss: 0.0
train MSE group_0: 0.0521
train MSE group_1: 0.0584
train MSE group_2: nan
train MSE group_3: nan
CE loss (TEST): 0.0
