/Users/benjaminmaurel/Documents/Training_Sanofi/notebooks_hands_on/latent_ode/run_models.py
run_models.py --niters 3000 -n 200 -s 40 -l 10 --dataset PK_Tacro --latent-ode --noise-weight 0.01 --max-t 5. --seed 52 --experiment 20964
Experiment 20964
Epoch 1000 [Test seq (cond on sampled tp)] | Loss 151.514252 | Likelihood -150.559189 | KL fp 4.6307 | FP STD 0.1157|
KL coef: 0.9999522643707747
Train loss (one batch): 160.86480712890625
Train CE loss (one batch): 0.0
Test MSE (raw): 0.0308
Test MSE (smoothed with alpha=0.01): 0.0308
New best smoothed test MSE: 0.0308. Saving best model to experiments/experiment_20964_best.ckpt
Test MSE group_0: 0.0285
Test MSE group_1: 0.0332
Test MSE group_2: nan
Test MSE group_3: nan
Poisson likelihood: 0.0
CE loss: 0.0
train MSE group_0: 0.0288
train MSE group_1: 0.0364
train MSE group_2: nan
train MSE group_3: nan
CE loss (TEST): 0.0
Experiment 20964
Epoch 2000 [Test seq (cond on sampled tp)] | Loss 141.161560 | Likelihood -139.336700 | KL fp 4.6837 | FP STD 0.0814|
KL coef: 0.9999999979391934
Train loss (one batch): 144.95228576660156
Train CE loss (one batch): 0.0
Test MSE (raw): 0.0286
Test MSE (smoothed with alpha=0.01): 0.0308
New best smoothed test MSE: 0.0308. Saving best model to experiments/experiment_20964_best.ckpt
Test MSE group_0: 0.0277
Test MSE group_1: 0.0295
Test MSE group_2: nan
Test MSE group_3: nan
Poisson likelihood: 0.0
CE loss: 0.0
train MSE group_0: 0.0271
train MSE group_1: 0.0313
train MSE group_2: nan
train MSE group_3: nan
CE loss (TEST): 0.0
Experiment 20964
Epoch 3000 [Test seq (cond on sampled tp)] | Loss 144.298538 | Likelihood -143.579910 | KL fp 4.5148 | FP STD 0.0868|
KL coef: 0.9999999999999111
Train loss (one batch): 144.7262725830078
Train CE loss (one batch): 0.0
Test MSE (raw): 0.0295
Test MSE (smoothed with alpha=0.01): 0.0308
New best smoothed test MSE: 0.0308. Saving best model to experiments/experiment_20964_best.ckpt
Test MSE group_0: 0.0278
Test MSE group_1: 0.0311
Test MSE group_2: nan
Test MSE group_3: nan
Poisson likelihood: 0.0
CE loss: 0.0
train MSE group_0: 0.0267
train MSE group_1: 0.0317
train MSE group_2: nan
train MSE group_3: nan
CE loss (TEST): 0.0
