/Users/benjaminmaurel/Documents/Training_Sanofi/notebooks_hands_on/latent_ode/run_models.py
run_models.py --niters 3000 -n 200 -s 40 -l 10 --dataset PK_Tacro --latent-ode --noise-weight 0.01 --max-t 5. --seed 7 --experiment 12777
Experiment 12777
Epoch 1000 [Test seq (cond on sampled tp)] | Loss 118.889946 | Likelihood -117.954498 | KL fp 5.1692 | FP STD 0.2517|
KL coef: 0.9999522643707747
Train loss (one batch): 121.35667419433594
Train CE loss (one batch): 0.0
Test MSE (raw): 0.0243
Test MSE (smoothed with alpha=0.01): 0.0243
New best smoothed test MSE: 0.0243. Saving best model to experiments/experiment_12777_best.ckpt
Test MSE group_0: 0.0179
Test MSE group_1: 0.0314
Test MSE group_2: nan
Test MSE group_3: nan
Poisson likelihood: 0.0
CE loss: 0.0
train MSE group_0: 0.0163
train MSE group_1: 0.0316
train MSE group_2: nan
train MSE group_3: nan
CE loss (TEST): 0.0
Experiment 12777
Epoch 2000 [Test seq (cond on sampled tp)] | Loss 105.927841 | Likelihood -105.292145 | KL fp 5.1432 | FP STD 0.1778|
KL coef: 0.9999999979391934
Train loss (one batch): 107.42525482177734
Train CE loss (one batch): 0.0
Test MSE (raw): 0.0218
Test MSE (smoothed with alpha=0.01): 0.0243
New best smoothed test MSE: 0.0243. Saving best model to experiments/experiment_12777_best.ckpt
Test MSE group_0: 0.0162
Test MSE group_1: 0.0279
Test MSE group_2: nan
Test MSE group_3: nan
Poisson likelihood: 0.0
CE loss: 0.0
train MSE group_0: 0.0147
train MSE group_1: 0.0275
train MSE group_2: nan
train MSE group_3: nan
CE loss (TEST): 0.0
Experiment 12777
Epoch 3000 [Test seq (cond on sampled tp)] | Loss 77.157028 | Likelihood -75.736305 | KL fp 4.8355 | FP STD 0.2091|
KL coef: 0.9999999999999111
Train loss (one batch): 78.4649887084961
Train CE loss (one batch): 0.0
Test MSE (raw): 0.0159
Test MSE (smoothed with alpha=0.01): 0.0242
New best smoothed test MSE: 0.0242. Saving best model to experiments/experiment_12777_best.ckpt
Test MSE group_0: 0.0127
Test MSE group_1: 0.0194
Test MSE group_2: nan
Test MSE group_3: nan
Poisson likelihood: 0.0
CE loss: 0.0
train MSE group_0: 0.0109
train MSE group_1: 0.0200
train MSE group_2: nan
train MSE group_3: nan
CE loss (TEST): 0.0
