/Users/benjaminmaurel/Documents/Training_Sanofi/notebooks_hands_on/latent_ode/run_models.py
run_models.py --niters 3000 -n 200 -s 40 -l 10 --dataset PK_Tacro --latent-ode --noise-weight 0.01 --max-t 5. --seed 5 --experiment 13047
Experiment 13047
Epoch 1000 [Test seq (cond on sampled tp)] | Loss 7552.135742 | Likelihood -7579.994629 | KL fp 9.6429 | FP STD 0.1201|
KL coef: 0.9999522643707747
Train loss (one batch): 6711.0439453125
Train CE loss (one batch): 0.0
Test MSE (raw): 1.5167
Test MSE (smoothed with alpha=0.01): 1.5167
New best smoothed test MSE: 1.5167. Saving best model to experiments/experiment_13047_best.ckpt
Test MSE group_0: 1.4654
Test MSE group_1: 1.5681
Test MSE group_2: nan
Test MSE group_3: nan
Poisson likelihood: 0.0
CE loss: 0.0
train MSE group_0: 1.2362
train MSE group_1: 1.4328
train MSE group_2: nan
train MSE group_3: nan
CE loss (TEST): 0.0
