/Users/benjaminmaurel/Documents/Training_Sanofi/notebooks_hands_on/latent_ode/run_models.py
run_models.py --niters 3000 -n 200 -s 40 -l 10 --dataset PK_Tacro --latent-ode --noise-weight 0.01 --max-t 5. --seed 39 --experiment 22429
Experiment 22429
Epoch 1000 [Test seq (cond on sampled tp)] | Loss 289.071198 | Likelihood -288.543457 | KL fp 4.6568 | FP STD 0.1065|
KL coef: 0.9999522643707747
Train loss (one batch): 263.41192626953125
Train CE loss (one batch): 0.0
Test MSE (raw): 0.0584
Test MSE (smoothed with alpha=0.01): 0.0584
New best smoothed test MSE: 0.0584. Saving best model to experiments/experiment_22429_best.ckpt
Test MSE group_0: 0.0413
Test MSE group_1: 0.0747
Test MSE group_2: nan
Test MSE group_3: nan
Poisson likelihood: 0.0
CE loss: 0.0
train MSE group_0: 0.0436
train MSE group_1: 0.0658
train MSE group_2: nan
train MSE group_3: nan
CE loss (TEST): 0.0
Experiment 22429
Epoch 2000 [Test seq (cond on sampled tp)] | Loss 259.447754 | Likelihood -257.847015 | KL fp 4.5690 | FP STD 0.1056|
KL coef: 0.9999999979391934
Train loss (one batch): 232.62013244628906
Train CE loss (one batch): 0.0
Test MSE (raw): 0.0523
Test MSE (smoothed with alpha=0.01): 0.0584
New best smoothed test MSE: 0.0584. Saving best model to experiments/experiment_22429_best.ckpt
Test MSE group_0: 0.0392
Test MSE group_1: 0.0647
Test MSE group_2: nan
Test MSE group_3: nan
Poisson likelihood: 0.0
CE loss: 0.0
train MSE group_0: 0.0407
train MSE group_1: 0.0547
train MSE group_2: nan
train MSE group_3: nan
CE loss (TEST): 0.0
Experiment 22429
Epoch 3000 [Test seq (cond on sampled tp)] | Loss 223.872314 | Likelihood -221.697601 | KL fp 5.0220 | FP STD 0.0825|
KL coef: 0.9999999999999111
Train loss (one batch): 202.88282775878906
Train CE loss (one batch): 0.0
Test MSE (raw): 0.0451
Test MSE (smoothed with alpha=0.01): 0.0583
New best smoothed test MSE: 0.0583. Saving best model to experiments/experiment_22429_best.ckpt
Test MSE group_0: 0.0369
Test MSE group_1: 0.0527
Test MSE group_2: nan
Test MSE group_3: nan
Poisson likelihood: 0.0
CE loss: 0.0
train MSE group_0: 0.0385
train MSE group_1: 0.0434
train MSE group_2: nan
train MSE group_3: nan
CE loss (TEST): 0.0
