/Users/benjaminmaurel/Documents/Training_Sanofi/notebooks_hands_on/latent_ode/run_models.py
run_models.py --niters 3000 -n 200 -s 40 -l 10 --dataset PK_Tacro --latent-ode --noise-weight 0.01 --max-t 5. --seed 16 --experiment 33350
Experiment 33350
Epoch 1000 [Test seq (cond on sampled tp)] | Loss 206.151840 | Likelihood -205.261658 | KL fp 5.2760 | FP STD 0.2048|
KL coef: 0.9999522643707747
Train loss (one batch): 215.5016632080078
Train CE loss (one batch): 0.0
Test MSE (raw): 0.0418
Test MSE (smoothed with alpha=0.01): 0.0418
New best smoothed test MSE: 0.0418. Saving best model to experiments/experiment_33350_best.ckpt
Test MSE group_0: 0.0378
Test MSE group_1: 0.0456
Test MSE group_2: nan
Test MSE group_3: nan
Poisson likelihood: 0.0
CE loss: 0.0
train MSE group_0: 0.0386
train MSE group_1: 0.0478
train MSE group_2: nan
train MSE group_3: nan
CE loss (TEST): 0.0
Experiment 33350
Epoch 2000 [Test seq (cond on sampled tp)] | Loss 168.346283 | Likelihood -168.727432 | KL fp 5.0573 | FP STD 0.2236|
KL coef: 0.9999999979391934
Train loss (one batch): 173.34735107421875
Train CE loss (one batch): 0.0
Test MSE (raw): 0.0345
Test MSE (smoothed with alpha=0.01): 0.0417
New best smoothed test MSE: 0.0417. Saving best model to experiments/experiment_33350_best.ckpt
Test MSE group_0: 0.0316
Test MSE group_1: 0.0372
Test MSE group_2: nan
Test MSE group_3: nan
Poisson likelihood: 0.0
CE loss: 0.0
train MSE group_0: 0.0321
train MSE group_1: 0.0375
train MSE group_2: nan
train MSE group_3: nan
CE loss (TEST): 0.0
Experiment 33350
Epoch 3000 [Test seq (cond on sampled tp)] | Loss 163.948761 | Likelihood -162.941437 | KL fp 4.7931 | FP STD 0.2243|
KL coef: 0.9999999999999111
Train loss (one batch): 165.23672485351562
Train CE loss (one batch): 0.0
Test MSE (raw): 0.0333
Test MSE (smoothed with alpha=0.01): 0.0416
New best smoothed test MSE: 0.0416. Saving best model to experiments/experiment_33350_best.ckpt
Test MSE group_0: 0.0309
Test MSE group_1: 0.0356
Test MSE group_2: nan
Test MSE group_3: nan
Poisson likelihood: 0.0
CE loss: 0.0
train MSE group_0: 0.0312
train MSE group_1: 0.0352
train MSE group_2: nan
train MSE group_3: nan
CE loss (TEST): 0.0
