/Users/benjaminmaurel/Documents/Training_Sanofi/notebooks_hands_on/latent_ode/run_models.py
run_models.py --niters 3000 -n 200 -s 40 -l 10 --dataset PK_Tacro --latent-ode --noise-weight 0.01 --max-t 5. --seed 6 --experiment 25320
Experiment 25320
Epoch 1000 [Test seq (cond on sampled tp)] | Loss 223.092438 | Likelihood -218.017517 | KL fp 8.2572 | FP STD 0.1787|
KL coef: 0.9999522643707747
Train loss (one batch): 209.40835571289062
Train CE loss (one batch): 0.0
Test MSE (raw): 0.0443
Test MSE (smoothed with alpha=0.01): 0.0443
New best smoothed test MSE: 0.0443. Saving best model to experiments/experiment_25320_best.ckpt
Test MSE group_0: 0.0391
Test MSE group_1: 0.0501
Test MSE group_2: nan
Test MSE group_3: nan
Poisson likelihood: 0.0
CE loss: 0.0
train MSE group_0: 0.0351
train MSE group_1: 0.0466
train MSE group_2: nan
train MSE group_3: nan
CE loss (TEST): 0.0
Experiment 25320
Epoch 2000 [Test seq (cond on sampled tp)] | Loss 214.464981 | Likelihood -210.302216 | KL fp 7.7771 | FP STD 0.1892|
KL coef: 0.9999999979391934
Train loss (one batch): 205.48162841796875
Train CE loss (one batch): 0.0
Test MSE (raw): 0.0428
Test MSE (smoothed with alpha=0.01): 0.0443
New best smoothed test MSE: 0.0443. Saving best model to experiments/experiment_25320_best.ckpt
Test MSE group_0: 0.0372
Test MSE group_1: 0.0489
Test MSE group_2: nan
Test MSE group_3: nan
Poisson likelihood: 0.0
CE loss: 0.0
train MSE group_0: 0.0355
train MSE group_1: 0.0448
train MSE group_2: nan
train MSE group_3: nan
CE loss (TEST): 0.0
Experiment 25320
Epoch 3000 [Test seq (cond on sampled tp)] | Loss 180.304260 | Likelihood -175.450226 | KL fp 7.6777 | FP STD 0.1113|
KL coef: 0.9999999999999111
Train loss (one batch): 168.50526428222656
Train CE loss (one batch): 0.0
Test MSE (raw): 0.0358
Test MSE (smoothed with alpha=0.01): 0.0442
New best smoothed test MSE: 0.0442. Saving best model to experiments/experiment_25320_best.ckpt
Test MSE group_0: 0.0331
Test MSE group_1: 0.0388
Test MSE group_2: nan
Test MSE group_3: nan
Poisson likelihood: 0.0
CE loss: 0.0
train MSE group_0: 0.0326
train MSE group_1: 0.0337
train MSE group_2: nan
train MSE group_3: nan
CE loss (TEST): 0.0
