/Users/benjaminmaurel/Documents/Training_Sanofi/notebooks_hands_on/latent_ode/run_models.py
run_models.py --niters 3000 -n 200 -s 40 -l 10 --dataset PK_Tacro --latent-ode --noise-weight 0.01 --max-t 5. --seed 130 --experiment 39680
Experiment 39680
Epoch 1000 [Test seq (cond on sampled tp)] | Loss 152.578339 | Likelihood -150.669769 | KL fp 4.8499 | FP STD 0.0976|
KL coef: 0.9999522643707747
Train loss (one batch): 166.52200317382812
Train CE loss (one batch): 0.0
Test MSE (raw): 0.0309
Test MSE (smoothed with alpha=0.01): 0.0309
New best smoothed test MSE: 0.0309. Saving best model to experiments/experiment_39680_best.ckpt
Test MSE group_0: 0.0277
Test MSE group_1: 0.0340
Test MSE group_2: nan
Test MSE group_3: nan
Poisson likelihood: 0.0
CE loss: 0.0
train MSE group_0: 0.0315
train MSE group_1: 0.0353
train MSE group_2: nan
train MSE group_3: nan
CE loss (TEST): 0.0
Experiment 39680
Epoch 2000 [Test seq (cond on sampled tp)] | Loss 148.950714 | Likelihood -146.853317 | KL fp 4.8283 | FP STD 0.1196|
KL coef: 0.9999999979391934
Train loss (one batch): 161.76177978515625
Train CE loss (one batch): 0.0
Test MSE (raw): 0.0301
Test MSE (smoothed with alpha=0.01): 0.0309
New best smoothed test MSE: 0.0309. Saving best model to experiments/experiment_39680_best.ckpt
Test MSE group_0: 0.0276
Test MSE group_1: 0.0326
Test MSE group_2: nan
Test MSE group_3: nan
Poisson likelihood: 0.0
CE loss: 0.0
train MSE group_0: 0.0308
train MSE group_1: 0.0341
train MSE group_2: nan
train MSE group_3: nan
CE loss (TEST): 0.0
Experiment 39680
Epoch 3000 [Test seq (cond on sampled tp)] | Loss 143.915634 | Likelihood -141.622849 | KL fp 4.7985 | FP STD 0.0902|
KL coef: 0.9999999999999111
Train loss (one batch): 155.06614685058594
Train CE loss (one batch): 0.0
Test MSE (raw): 0.0291
Test MSE (smoothed with alpha=0.01): 0.0308
New best smoothed test MSE: 0.0308. Saving best model to experiments/experiment_39680_best.ckpt
Test MSE group_0: 0.0267
Test MSE group_1: 0.0314
Test MSE group_2: nan
Test MSE group_3: nan
Poisson likelihood: 0.0
CE loss: 0.0
train MSE group_0: 0.0296
train MSE group_1: 0.0327
train MSE group_2: nan
train MSE group_3: nan
CE loss (TEST): 0.0
