/Users/benjaminmaurel/Documents/Training_Sanofi/notebooks_hands_on/latent_ode/run_models.py
run_models.py --niters 3000 -n 200 -s 40 -l 10 --dataset PK_Tacro --latent-ode --noise-weight 0.01 --max-t 5. --seed 13 --experiment 16389
Experiment 16389
Epoch 1000 [Test seq (cond on sampled tp)] | Loss 203.647858 | Likelihood -200.128433 | KL fp 7.7154 | FP STD 0.1464|
KL coef: 0.9999522643707747
Train loss (one batch): 204.61485290527344
Train CE loss (one batch): 0.0
Test MSE (raw): 0.0408
Test MSE (smoothed with alpha=0.01): 0.0408
New best smoothed test MSE: 0.0408. Saving best model to experiments/experiment_16389_best.ckpt
Test MSE group_0: 0.0358
Test MSE group_1: 0.0463
Test MSE group_2: nan
Test MSE group_3: nan
Poisson likelihood: 0.0
CE loss: 0.0
train MSE group_0: 0.0345
train MSE group_1: 0.0475
train MSE group_2: nan
train MSE group_3: nan
CE loss (TEST): 0.0
Experiment 16389
Epoch 2000 [Test seq (cond on sampled tp)] | Loss 188.561661 | Likelihood -186.577515 | KL fp 6.8647 | FP STD 0.1146|
KL coef: 0.9999999979391934
Train loss (one batch): 179.44189453125
Train CE loss (one batch): 0.0
Test MSE (raw): 0.0381
Test MSE (smoothed with alpha=0.01): 0.0407
New best smoothed test MSE: 0.0407. Saving best model to experiments/experiment_16389_best.ckpt
Test MSE group_0: 0.0343
Test MSE group_1: 0.0422
Test MSE group_2: nan
Test MSE group_3: nan
Poisson likelihood: 0.0
CE loss: 0.0
train MSE group_0: 0.0328
train MSE group_1: 0.0397
train MSE group_2: nan
train MSE group_3: nan
CE loss (TEST): 0.0
Experiment 16389
Epoch 3000 [Test seq (cond on sampled tp)] | Loss 169.378937 | Likelihood -165.843719 | KL fp 6.5012 | FP STD 0.1022|
KL coef: 0.9999999999999111
Train loss (one batch): 162.36822509765625
Train CE loss (one batch): 0.0
Test MSE (raw): 0.0339
Test MSE (smoothed with alpha=0.01): 0.0407
New best smoothed test MSE: 0.0407. Saving best model to experiments/experiment_16389_best.ckpt
Test MSE group_0: 0.0315
Test MSE group_1: 0.0366
Test MSE group_2: nan
Test MSE group_3: nan
Poisson likelihood: 0.0
CE loss: 0.0
train MSE group_0: 0.0299
train MSE group_1: 0.0346
train MSE group_2: nan
train MSE group_3: nan
CE loss (TEST): 0.0
