/Users/benjaminmaurel/Documents/Training_Sanofi/notebooks_hands_on/latent_ode/run_models.py
run_models.py --niters 3000 -n 200 -s 40 -l 10 --dataset PK_Tacro --latent-ode --noise-weight 0.01 --max-t 5. --seed 166 --experiment 11293
Experiment 11293
Epoch 1000 [Test seq (cond on sampled tp)] | Loss 226.477158 | Likelihood -224.347290 | KL fp 5.2046 | FP STD 0.2490|
KL coef: 0.9999522643707747
Train loss (one batch): 240.3123016357422
Train CE loss (one batch): 0.0
Test MSE (raw): 0.0456
Test MSE (smoothed with alpha=0.01): 0.0456
New best smoothed test MSE: 0.0456. Saving best model to experiments/experiment_11293_best.ckpt
Test MSE group_0: 0.0386
Test MSE group_1: 0.0525
Test MSE group_2: nan
Test MSE group_3: nan
Poisson likelihood: 0.0
CE loss: 0.0
train MSE group_0: 0.0406
train MSE group_1: 0.0569
train MSE group_2: nan
train MSE group_3: nan
CE loss (TEST): 0.0
Experiment 11293
Epoch 2000 [Test seq (cond on sampled tp)] | Loss 214.721863 | Likelihood -212.978607 | KL fp 5.1833 | FP STD 0.2456|
KL coef: 0.9999999979391934
Train loss (one batch): 227.39981079101562
Train CE loss (one batch): 0.0
Test MSE (raw): 0.0433
Test MSE (smoothed with alpha=0.01): 0.0456
New best smoothed test MSE: 0.0456. Saving best model to experiments/experiment_11293_best.ckpt
Test MSE group_0: 0.0374
Test MSE group_1: 0.0492
Test MSE group_2: nan
Test MSE group_3: nan
Poisson likelihood: 0.0
CE loss: 0.0
train MSE group_0: 0.0389
train MSE group_1: 0.0533
train MSE group_2: nan
train MSE group_3: nan
CE loss (TEST): 0.0
Experiment 11293
Epoch 3000 [Test seq (cond on sampled tp)] | Loss 176.254883 | Likelihood -175.748047 | KL fp 4.8828 | FP STD 0.2271|
KL coef: 0.9999999999999111
Train loss (one batch): 196.60781860351562
Train CE loss (one batch): 0.0
Test MSE (raw): 0.0359
Test MSE (smoothed with alpha=0.01): 0.0455
New best smoothed test MSE: 0.0455. Saving best model to experiments/experiment_11293_best.ckpt
Test MSE group_0: 0.0320
Test MSE group_1: 0.0397
Test MSE group_2: nan
Test MSE group_3: nan
Poisson likelihood: 0.0
CE loss: 0.0
train MSE group_0: 0.0352
train MSE group_1: 0.0442
train MSE group_2: nan
train MSE group_3: nan
CE loss (TEST): 0.0
