/Users/benjaminmaurel/Documents/Training_Sanofi/notebooks_hands_on/latent_ode/run_models.py
run_models.py --niters 3000 -n 200 -s 40 -l 10 --dataset PK_Tacro --latent-ode --noise-weight 0.01 --max-t 5. --seed 43 --experiment 18744
Experiment 18744
Epoch 1000 [Test seq (cond on sampled tp)] | Loss 237.259399 | Likelihood -237.487885 | KL fp 4.1978 | FP STD 0.1212|
KL coef: 0.9999522643707747
Train loss (one batch): 232.34201049804688
Train CE loss (one batch): 0.0
Test MSE (raw): 0.0482
Test MSE (smoothed with alpha=0.01): 0.0482
New best smoothed test MSE: 0.0482. Saving best model to experiments/experiment_18744_best.ckpt
Test MSE group_0: 0.0386
Test MSE group_1: 0.0587
Test MSE group_2: nan
Test MSE group_3: nan
Poisson likelihood: 0.0
CE loss: 0.0
train MSE group_0: 0.0381
train MSE group_1: 0.0553
train MSE group_2: nan
train MSE group_3: nan
CE loss (TEST): 0.0
Experiment 18744
Epoch 2000 [Test seq (cond on sampled tp)] | Loss 230.076523 | Likelihood -230.502487 | KL fp 4.2009 | FP STD 0.2064|
KL coef: 0.9999999979391934
Train loss (one batch): 226.26368713378906
Train CE loss (one batch): 0.0
Test MSE (raw): 0.0468
Test MSE (smoothed with alpha=0.01): 0.0482
New best smoothed test MSE: 0.0482. Saving best model to experiments/experiment_18744_best.ckpt
Test MSE group_0: 0.0379
Test MSE group_1: 0.0566
Test MSE group_2: nan
Test MSE group_3: nan
Poisson likelihood: 0.0
CE loss: 0.0
train MSE group_0: 0.0372
train MSE group_1: 0.0545
train MSE group_2: nan
train MSE group_3: nan
CE loss (TEST): 0.0
Experiment 18744
Epoch 3000 [Test seq (cond on sampled tp)] | Loss 207.052933 | Likelihood -206.222229 | KL fp 4.4569 | FP STD 0.1592|
KL coef: 0.9999999999999111
Train loss (one batch): 205.44412231445312
Train CE loss (one batch): 0.0
Test MSE (raw): 0.0420
Test MSE (smoothed with alpha=0.01): 0.0482
New best smoothed test MSE: 0.0482. Saving best model to experiments/experiment_18744_best.ckpt
Test MSE group_0: 0.0348
Test MSE group_1: 0.0499
Test MSE group_2: nan
Test MSE group_3: nan
Poisson likelihood: 0.0
CE loss: 0.0
train MSE group_0: 0.0342
train MSE group_1: 0.0486
train MSE group_2: nan
train MSE group_3: nan
CE loss (TEST): 0.0
