/Users/benjaminmaurel/Documents/Training_Sanofi/notebooks_hands_on/latent_ode/run_models.py
run_models.py --niters 3000 -n 200 -s 40 -l 10 --dataset PK_Tacro --latent-ode --noise-weight 0.01 --max-t 5. --seed 1 --experiment 19012
Experiment 19012
Epoch 1000 [Test seq (cond on sampled tp)] | Loss 6612.252930 | Likelihood -6620.901367 | KL fp 15.7222 | FP STD 0.1630|
KL coef: 0.9999522643707747
Train loss (one batch): 6885.03759765625
Train CE loss (one batch): 0.0
Test MSE (raw): 1.3249
Test MSE (smoothed with alpha=0.01): 1.3249
New best smoothed test MSE: 1.3249. Saving best model to experiments/experiment_19012_best.ckpt
Test MSE group_0: 1.2757
Test MSE group_1: 1.3804
Test MSE group_2: nan
Test MSE group_3: nan
Poisson likelihood: 0.0
CE loss: 0.0
train MSE group_0: 1.3721
train MSE group_1: 1.3787
train MSE group_2: nan
train MSE group_3: nan
CE loss (TEST): 0.0
Experiment 19012
Epoch 2000 [Test seq (cond on sampled tp)] | Loss 7033.250977 | Likelihood -7058.345703 | KL fp 15.4668 | FP STD 0.1278|
KL coef: 0.9999999979391934
Train loss (one batch): 6251.82470703125
Train CE loss (one batch): 0.0
Test MSE (raw): 1.4124
Test MSE (smoothed with alpha=0.01): 1.3258
Smoothed Test MSE did not improve. Early stopping counter: 1/10000
Test MSE group_0: 1.3250
Test MSE group_1: 1.5096
Test MSE group_2: nan
Test MSE group_3: nan
Poisson likelihood: 0.0
CE loss: 0.0
train MSE group_0: 1.2794
train MSE group_1: 1.2216
train MSE group_2: nan
train MSE group_3: nan
CE loss (TEST): 0.0
