/Users/benjaminmaurel/Documents/Training_Sanofi/notebooks_hands_on/latent_ode/run_models.py
run_models.py --niters 3000 -n 200 -s 40 -l 10 --dataset PK_Tacro --latent-ode --noise-weight 0.01 --max-t 5. --seed 45 --experiment 34318
Experiment 34318
Epoch 1000 [Test seq (cond on sampled tp)] | Loss 205.339417 | Likelihood -204.700378 | KL fp 4.6973 | FP STD 0.1894|
KL coef: 0.9999522643707747
Train loss (one batch): 202.66078186035156
Train CE loss (one batch): 0.0
Test MSE (raw): 0.0417
Test MSE (smoothed with alpha=0.01): 0.0417
New best smoothed test MSE: 0.0417. Saving best model to experiments/experiment_34318_best.ckpt
Test MSE group_0: 0.0364
Test MSE group_1: 0.0466
Test MSE group_2: nan
Test MSE group_3: nan
Poisson likelihood: 0.0
CE loss: 0.0
train MSE group_0: 0.0396
train MSE group_1: 0.0417
train MSE group_2: nan
train MSE group_3: nan
CE loss (TEST): 0.0
Experiment 34318
Epoch 2000 [Test seq (cond on sampled tp)] | Loss 179.478333 | Likelihood -177.321716 | KL fp 5.0007 | FP STD 0.0809|
KL coef: 0.9999999979391934
Train loss (one batch): 172.07936096191406
Train CE loss (one batch): 0.0
Test MSE (raw): 0.0362
Test MSE (smoothed with alpha=0.01): 0.0416
New best smoothed test MSE: 0.0416. Saving best model to experiments/experiment_34318_best.ckpt
Test MSE group_0: 0.0328
Test MSE group_1: 0.0393
Test MSE group_2: nan
Test MSE group_3: nan
Poisson likelihood: 0.0
CE loss: 0.0
train MSE group_0: 0.0354
train MSE group_1: 0.0336
train MSE group_2: nan
train MSE group_3: nan
CE loss (TEST): 0.0
Experiment 34318
Epoch 3000 [Test seq (cond on sampled tp)] | Loss 173.118561 | Likelihood -171.197418 | KL fp 4.8646 | FP STD 0.1054|
KL coef: 0.9999999999999111
Train loss (one batch): 163.80859375
Train CE loss (one batch): 0.0
Test MSE (raw): 0.0350
Test MSE (smoothed with alpha=0.01): 0.0416
New best smoothed test MSE: 0.0416. Saving best model to experiments/experiment_34318_best.ckpt
Test MSE group_0: 0.0321
Test MSE group_1: 0.0376
Test MSE group_2: nan
Test MSE group_3: nan
Poisson likelihood: 0.0
CE loss: 0.0
train MSE group_0: 0.0339
train MSE group_1: 0.0319
train MSE group_2: nan
train MSE group_3: nan
CE loss (TEST): 0.0
