/Users/benjaminmaurel/Documents/Training_Sanofi/notebooks_hands_on/latent_ode/run_models.py
run_models.py --niters 3000 -n 200 -s 40 -l 10 --dataset PK_Tacro --latent-ode --noise-weight 0.01 --max-t 5. --seed 9 --experiment 37958
Experiment 37958
Epoch 1000 [Test seq (cond on sampled tp)] | Loss 189.185532 | Likelihood -193.749756 | KL fp 6.6853 | FP STD 0.1661|
KL coef: 0.9999522643707747
Train loss (one batch): 187.5145263671875
Train CE loss (one batch): 0.0
Test MSE (raw): 0.0395
Test MSE (smoothed with alpha=0.01): 0.0395
New best smoothed test MSE: 0.0395. Saving best model to experiments/experiment_37958_best.ckpt
Test MSE group_0: 0.0363
Test MSE group_1: 0.0424
Test MSE group_2: nan
Test MSE group_3: nan
Poisson likelihood: 0.0
CE loss: 0.0
train MSE group_0: 0.0338
train MSE group_1: 0.0464
train MSE group_2: nan
train MSE group_3: nan
CE loss (TEST): 0.0
Experiment 37958
Epoch 2000 [Test seq (cond on sampled tp)] | Loss 177.522247 | Likelihood -178.829163 | KL fp 6.1739 | FP STD 0.2063|
KL coef: 0.9999999979391934
Train loss (one batch): 168.9425048828125
Train CE loss (one batch): 0.0
Test MSE (raw): 0.0365
Test MSE (smoothed with alpha=0.01): 0.0395
New best smoothed test MSE: 0.0395. Saving best model to experiments/experiment_37958_best.ckpt
Test MSE group_0: 0.0360
Test MSE group_1: 0.0370
Test MSE group_2: nan
Test MSE group_3: nan
Poisson likelihood: 0.0
CE loss: 0.0
train MSE group_0: 0.0315
train MSE group_1: 0.0416
train MSE group_2: nan
train MSE group_3: nan
CE loss (TEST): 0.0
Experiment 37958
Epoch 3000 [Test seq (cond on sampled tp)] | Loss 153.689423 | Likelihood -150.148560 | KL fp 6.3557 | FP STD 0.1175|
KL coef: 0.9999999999999111
Train loss (one batch): 145.40110778808594
Train CE loss (one batch): 0.0
Test MSE (raw): 0.0308
Test MSE (smoothed with alpha=0.01): 0.0394
New best smoothed test MSE: 0.0394. Saving best model to experiments/experiment_37958_best.ckpt
Test MSE group_0: 0.0304
Test MSE group_1: 0.0311
Test MSE group_2: nan
Test MSE group_3: nan
Poisson likelihood: 0.0
CE loss: 0.0
train MSE group_0: 0.0270
train MSE group_1: 0.0306
train MSE group_2: nan
train MSE group_3: nan
CE loss (TEST): 0.0
