/Users/benjaminmaurel/Documents/Training_Sanofi/notebooks_hands_on/latent_ode/run_models.py
run_models.py --niters 10 -n 200 -s 40 -l 10 --dataset PK_Tacro --latent-ode --noise-weight 0.01 --max-t 5. --seed 54 --experiment 22495
Experiment 22495
Epoch 0010 [Test seq (cond on sampled tp)] | Loss 5171.415527 | Likelihood -5671.041016 | KL fp 5.2674 | FP STD 1.1959|
KL coef: 0.0
Train loss (one batch): 2676.4609375
Train CE loss (one batch): 0.0
Test MSE (raw): 1.1349
Test MSE (smoothed with alpha=0.01): 1.1349
New best smoothed test MSE: 1.1349. Saving best model to experiments/experiment_22495_best.ckpt
Test MSE group_0: 0.8487
Test MSE group_1: 1.2304
Test MSE group_2: nan
Test MSE group_3: nan
Poisson likelihood: 0.0
CE loss: 0.0
train MSE group_0: 0.8074
train MSE group_1: 0.8267
train MSE group_2: nan
train MSE group_3: nan
CE loss (TEST): 0.0
