/Users/benjaminmaurel/Documents/Training_Sanofi/notebooks_hands_on/latent_ode/run_models.py
run_models.py --niters 3000 -n 200 -s 40 -l 10 --dataset PK_Tacro --latent-ode --noise-weight 0.01 --max-t 5. --seed 30 --experiment 10149
Experiment 10149
Epoch 1000 [Test seq (cond on sampled tp)] | Loss 206.434601 | Likelihood -207.669678 | KL fp 3.8743 | FP STD 0.2355|
KL coef: 0.9999522643707747
Train loss (one batch): 205.35496520996094
Train CE loss (one batch): 0.0
Test MSE (raw): 0.0423
Test MSE (smoothed with alpha=0.01): 0.0423
New best smoothed test MSE: 0.0423. Saving best model to experiments/experiment_10149_best.ckpt
Test MSE group_0: 0.0386
Test MSE group_1: 0.0455
Test MSE group_2: nan
Test MSE group_3: nan
Poisson likelihood: 0.0
CE loss: 0.0
train MSE group_0: 0.0366
train MSE group_1: 0.0460
train MSE group_2: nan
train MSE group_3: nan
CE loss (TEST): 0.0
Experiment 10149
Epoch 2000 [Test seq (cond on sampled tp)] | Loss 179.716278 | Likelihood -178.006638 | KL fp 4.3948 | FP STD 0.1247|
KL coef: 0.9999999979391934
Train loss (one batch): 173.21719360351562
Train CE loss (one batch): 0.0
Test MSE (raw): 0.0363
Test MSE (smoothed with alpha=0.01): 0.0422
New best smoothed test MSE: 0.0422. Saving best model to experiments/experiment_10149_best.ckpt
Test MSE group_0: 0.0350
Test MSE group_1: 0.0375
Test MSE group_2: nan
Test MSE group_3: nan
Poisson likelihood: 0.0
CE loss: 0.0
train MSE group_0: 0.0323
train MSE group_1: 0.0371
train MSE group_2: nan
train MSE group_3: nan
CE loss (TEST): 0.0
Experiment 10149
Epoch 3000 [Test seq (cond on sampled tp)] | Loss 173.629776 | Likelihood -171.981262 | KL fp 4.3523 | FP STD 0.0957|
KL coef: 0.9999999999999111
Train loss (one batch): 166.30743408203125
Train CE loss (one batch): 0.0
Test MSE (raw): 0.0351
Test MSE (smoothed with alpha=0.01): 0.0421
New best smoothed test MSE: 0.0421. Saving best model to experiments/experiment_10149_best.ckpt
Test MSE group_0: 0.0341
Test MSE group_1: 0.0360
Test MSE group_2: nan
Test MSE group_3: nan
Poisson likelihood: 0.0
CE loss: 0.0
train MSE group_0: 0.0311
train MSE group_1: 0.0355
train MSE group_2: nan
train MSE group_3: nan
CE loss (TEST): 0.0
