/Users/benjaminmaurel/Documents/Training_Sanofi/notebooks_hands_on/latent_ode/run_models.py
run_models.py --niters 3000 -n 200 -s 40 -l 10 --dataset PK_Tacro --latent-ode --noise-weight 0.01 --max-t 5. --seed 36 --experiment 38219
Experiment 38219
Epoch 1000 [Test seq (cond on sampled tp)] | Loss 232.024689 | Likelihood -233.791046 | KL fp 5.4491 | FP STD 0.2547|
KL coef: 0.9999522643707747
Train loss (one batch): 213.25576782226562
Train CE loss (one batch): 0.0
Test MSE (raw): 0.0475
Test MSE (smoothed with alpha=0.01): 0.0475
New best smoothed test MSE: 0.0475. Saving best model to experiments/experiment_38219_best.ckpt
Test MSE group_0: 0.0435
Test MSE group_1: 0.0515
Test MSE group_2: nan
Test MSE group_3: nan
Poisson likelihood: 0.0
CE loss: 0.0
train MSE group_0: 0.0397
train MSE group_1: 0.0449
train MSE group_2: nan
train MSE group_3: nan
CE loss (TEST): 0.0
Experiment 38219
Epoch 2000 [Test seq (cond on sampled tp)] | Loss 161.825287 | Likelihood -158.630096 | KL fp 5.8210 | FP STD 0.0891|
KL coef: 0.9999999979391934
Train loss (one batch): 149.2262725830078
Train CE loss (one batch): 0.0
Test MSE (raw): 0.0325
Test MSE (smoothed with alpha=0.01): 0.0473
New best smoothed test MSE: 0.0473. Saving best model to experiments/experiment_38219_best.ckpt
Test MSE group_0: 0.0297
Test MSE group_1: 0.0352
Test MSE group_2: nan
Test MSE group_3: nan
Poisson likelihood: 0.0
CE loss: 0.0
train MSE group_0: 0.0285
train MSE group_1: 0.0307
train MSE group_2: nan
train MSE group_3: nan
CE loss (TEST): 0.0
Experiment 38219
Epoch 3000 [Test seq (cond on sampled tp)] | Loss 148.402039 | Likelihood -146.124680 | KL fp 5.0950 | FP STD 0.1349|
KL coef: 0.9999999999999111
Train loss (one batch): 136.26947021484375
Train CE loss (one batch): 0.0
Test MSE (raw): 0.0300
Test MSE (smoothed with alpha=0.01): 0.0472
New best smoothed test MSE: 0.0472. Saving best model to experiments/experiment_38219_best.ckpt
Test MSE group_0: 0.0282
Test MSE group_1: 0.0317
Test MSE group_2: nan
Test MSE group_3: nan
Poisson likelihood: 0.0
CE loss: 0.0
train MSE group_0: 0.0268
train MSE group_1: 0.0277
train MSE group_2: nan
train MSE group_3: nan
CE loss (TEST): 0.0
