/Users/benjaminmaurel/Documents/Training_Sanofi/notebooks_hands_on/latent_ode/run_models.py
run_models.py --niters 3000 -n 200 -s 40 -l 10 --dataset PK_Tacro --latent-ode --noise-weight 0.01 --max-t 5. --seed 118 --experiment 14948
Experiment 14948
Epoch 1000 [Test seq (cond on sampled tp)] | Loss 162.384964 | Likelihood -159.536606 | KL fp 5.9385 | FP STD 0.1577|
KL coef: 0.9999522643707747
Train loss (one batch): 155.4531707763672
Train CE loss (one batch): 0.0
Test MSE (raw): 0.0326
Test MSE (smoothed with alpha=0.01): 0.0326
New best smoothed test MSE: 0.0326. Saving best model to experiments/experiment_14948_best.ckpt
Test MSE group_0: 0.0297
Test MSE group_1: 0.0355
Test MSE group_2: nan
Test MSE group_3: nan
Poisson likelihood: 0.0
CE loss: 0.0
train MSE group_0: 0.0302
train MSE group_1: 0.0317
train MSE group_2: nan
train MSE group_3: nan
CE loss (TEST): 0.0
Experiment 14948
Epoch 2000 [Test seq (cond on sampled tp)] | Loss 158.412231 | Likelihood -157.790619 | KL fp 5.0954 | FP STD 0.1395|
KL coef: 0.9999999979391934
Train loss (one batch): 149.56980895996094
Train CE loss (one batch): 0.0
Test MSE (raw): 0.0323
Test MSE (smoothed with alpha=0.01): 0.0326
New best smoothed test MSE: 0.0326. Saving best model to experiments/experiment_14948_best.ckpt
Test MSE group_0: 0.0314
Test MSE group_1: 0.0332
Test MSE group_2: nan
Test MSE group_3: nan
Poisson likelihood: 0.0
CE loss: 0.0
train MSE group_0: 0.0303
train MSE group_1: 0.0298
train MSE group_2: nan
train MSE group_3: nan
CE loss (TEST): 0.0
Experiment 14948
Epoch 3000 [Test seq (cond on sampled tp)] | Loss 143.493484 | Likelihood -141.383179 | KL fp 4.8004 | FP STD 0.1322|
KL coef: 0.9999999999999111
Train loss (one batch): 134.0552520751953
Train CE loss (one batch): 0.0
Test MSE (raw): 0.0290
Test MSE (smoothed with alpha=0.01): 0.0326
New best smoothed test MSE: 0.0326. Saving best model to experiments/experiment_14948_best.ckpt
Test MSE group_0: 0.0279
Test MSE group_1: 0.0301
Test MSE group_2: nan
Test MSE group_3: nan
Poisson likelihood: 0.0
CE loss: 0.0
train MSE group_0: 0.0274
train MSE group_1: 0.0263
train MSE group_2: nan
train MSE group_3: nan
CE loss (TEST): 0.0
