/Users/benjaminmaurel/Documents/Training_Sanofi/notebooks_hands_on/latent_ode/run_models.py
run_models.py --niters 3000 -n 200 -s 40 -l 10 --dataset PK_Tacro --latent-ode --noise-weight 0.01 --max-t 5. --seed 6 --experiment 29385
Experiment 29385
Epoch 1000 [Test seq (cond on sampled tp)] | Loss 193.779221 | Likelihood -189.845093 | KL fp 6.7397 | FP STD 0.1912|
KL coef: 0.9999522643707747
Train loss (one batch): 179.756103515625
Train CE loss (one batch): 0.0
Test MSE (raw): 0.0387
Test MSE (smoothed with alpha=0.01): 0.0387
New best smoothed test MSE: 0.0387. Saving best model to experiments/experiment_29385_best.ckpt
Test MSE group_0: 0.0357
Test MSE group_1: 0.0415
Test MSE group_2: nan
Test MSE group_3: nan
Poisson likelihood: 0.0
CE loss: 0.0
train MSE group_0: 0.0328
train MSE group_1: 0.0380
train MSE group_2: nan
train MSE group_3: nan
CE loss (TEST): 0.0
Experiment 29385
Epoch 2000 [Test seq (cond on sampled tp)] | Loss 187.091599 | Likelihood -183.558563 | KL fp 6.3753 | FP STD 0.2362|
KL coef: 0.9999999979391934
Train loss (one batch): 174.01173400878906
Train CE loss (one batch): 0.0
Test MSE (raw): 0.0374
Test MSE (smoothed with alpha=0.01): 0.0387
New best smoothed test MSE: 0.0387. Saving best model to experiments/experiment_29385_best.ckpt
Test MSE group_0: 0.0352
Test MSE group_1: 0.0395
Test MSE group_2: nan
Test MSE group_3: nan
Poisson likelihood: 0.0
CE loss: 0.0
train MSE group_0: 0.0329
train MSE group_1: 0.0360
train MSE group_2: nan
train MSE group_3: nan
CE loss (TEST): 0.0
Experiment 29385
Epoch 3000 [Test seq (cond on sampled tp)] | Loss 178.688522 | Likelihood -174.830536 | KL fp 6.3820 | FP STD 0.1809|
KL coef: 0.9999999999999111
Train loss (one batch): 166.7857666015625
Train CE loss (one batch): 0.0
Test MSE (raw): 0.0357
Test MSE (smoothed with alpha=0.01): 0.0387
New best smoothed test MSE: 0.0387. Saving best model to experiments/experiment_29385_best.ckpt
Test MSE group_0: 0.0340
Test MSE group_1: 0.0373
Test MSE group_2: nan
Test MSE group_3: nan
Poisson likelihood: 0.0
CE loss: 0.0
train MSE group_0: 0.0318
train MSE group_1: 0.0341
train MSE group_2: nan
train MSE group_3: nan
CE loss (TEST): 0.0
