/Users/benjaminmaurel/Documents/Training_Sanofi/notebooks_hands_on/latent_ode/run_models.py
run_models.py --niters 3000 -n 200 -s 40 -l 10 --dataset PK_Tacro --latent-ode --noise-weight 0.01 --max-t 5. --seed 12 --experiment 23590
Experiment 23590
Epoch 1000 [Test seq (cond on sampled tp)] | Loss 224.775436 | Likelihood -220.851456 | KL fp 7.2487 | FP STD 0.1080|
KL coef: 0.9999522643707747
Train loss (one batch): 235.1396942138672
Train CE loss (one batch): 0.0
Test MSE (raw): 0.0449
Test MSE (smoothed with alpha=0.01): 0.0449
New best smoothed test MSE: 0.0449. Saving best model to experiments/experiment_23590_best.ckpt
Test MSE group_0: 0.0394
Test MSE group_1: 0.0501
Test MSE group_2: nan
Test MSE group_3: nan
Poisson likelihood: 0.0
CE loss: 0.0
train MSE group_0: 0.0443
train MSE group_1: 0.0494
train MSE group_2: nan
train MSE group_3: nan
CE loss (TEST): 0.0
