/Users/benjaminmaurel/Documents/Training_Sanofi/notebooks_hands_on/latent_ode/run_models.py
run_models.py --niters 3000 -n 200 -s 40 -l 10 --dataset PK_Tacro --latent-ode --noise-weight 0.01 --max-t 5. --seed 111 --experiment 25677
Experiment 25677
Epoch 1000 [Test seq (cond on sampled tp)] | Loss 160.428558 | Likelihood -159.222565 | KL fp 4.7079 | FP STD 0.1127|
KL coef: 0.9999522643707747
Train loss (one batch): 177.16212463378906
Train CE loss (one batch): 0.0
Test MSE (raw): 0.0326
Test MSE (smoothed with alpha=0.01): 0.0326
New best smoothed test MSE: 0.0326. Saving best model to experiments/experiment_25677_best.ckpt
Test MSE group_0: 0.0293
Test MSE group_1: 0.0358
Test MSE group_2: nan
Test MSE group_3: nan
Poisson likelihood: 0.0
CE loss: 0.0
train MSE group_0: 0.0277
train MSE group_1: 0.0414
train MSE group_2: nan
train MSE group_3: nan
CE loss (TEST): 0.0
Experiment 25677
Epoch 2000 [Test seq (cond on sampled tp)] | Loss 140.686340 | Likelihood -138.828903 | KL fp 4.6632 | FP STD 0.1093|
KL coef: 0.9999999979391934
Train loss (one batch): 147.9817657470703
Train CE loss (one batch): 0.0
Test MSE (raw): 0.0285
Test MSE (smoothed with alpha=0.01): 0.0325
New best smoothed test MSE: 0.0325. Saving best model to experiments/experiment_25677_best.ckpt
Test MSE group_0: 0.0263
Test MSE group_1: 0.0307
Test MSE group_2: nan
Test MSE group_3: nan
Poisson likelihood: 0.0
CE loss: 0.0
train MSE group_0: 0.0237
train MSE group_1: 0.0342
train MSE group_2: nan
train MSE group_3: nan
CE loss (TEST): 0.0
Experiment 25677
Epoch 3000 [Test seq (cond on sampled tp)] | Loss 140.218750 | Likelihood -138.619385 | KL fp 4.6205 | FP STD 0.1340|
KL coef: 0.9999999999999111
Train loss (one batch): 145.45298767089844
Train CE loss (one batch): 0.0
Test MSE (raw): 0.0285
Test MSE (smoothed with alpha=0.01): 0.0325
New best smoothed test MSE: 0.0325. Saving best model to experiments/experiment_25677_best.ckpt
Test MSE group_0: 0.0260
Test MSE group_1: 0.0309
Test MSE group_2: nan
Test MSE group_3: nan
Poisson likelihood: 0.0
CE loss: 0.0
train MSE group_0: 0.0235
train MSE group_1: 0.0334
train MSE group_2: nan
train MSE group_3: nan
CE loss (TEST): 0.0
