/Users/benjaminmaurel/Documents/Training_Sanofi/notebooks_hands_on/latent_ode/run_models.py
run_models.py --niters 3000 -n 200 -s 40 -l 10 --dataset PK_Tacro --latent-ode --noise-weight 0.01 --max-t 5. --seed 1 --experiment 11933
Experiment 11933
Epoch 1000 [Test seq (cond on sampled tp)] | Loss 232.358170 | Likelihood -231.718750 | KL fp 7.0182 | FP STD 0.1367|
KL coef: 0.9999522643707747
Train loss (one batch): 249.240478515625
Train CE loss (one batch): 0.0
Test MSE (raw): 0.0471
Test MSE (smoothed with alpha=0.01): 0.0471
New best smoothed test MSE: 0.0471. Saving best model to experiments/experiment_11933_best.ckpt
Test MSE group_0: 0.0440
Test MSE group_1: 0.0507
Test MSE group_2: nan
Test MSE group_3: nan
Poisson likelihood: 0.0
CE loss: 0.0
train MSE group_0: 0.0492
train MSE group_1: 0.0500
train MSE group_2: nan
train MSE group_3: nan
CE loss (TEST): 0.0
Experiment 11933
Epoch 2000 [Test seq (cond on sampled tp)] | Loss 174.028107 | Likelihood -171.044708 | KL fp 6.3663 | FP STD 0.1390|
KL coef: 0.9999999979391934
Train loss (one batch): 175.1424560546875
Train CE loss (one batch): 0.0
Test MSE (raw): 0.0349
Test MSE (smoothed with alpha=0.01): 0.0470
New best smoothed test MSE: 0.0470. Saving best model to experiments/experiment_11933_best.ckpt
Test MSE group_0: 0.0314
Test MSE group_1: 0.0391
Test MSE group_2: nan
Test MSE group_3: nan
Poisson likelihood: 0.0
CE loss: 0.0
train MSE group_0: 0.0352
train MSE group_1: 0.0344
train MSE group_2: nan
train MSE group_3: nan
CE loss (TEST): 0.0
Experiment 11933
Epoch 3000 [Test seq (cond on sampled tp)] | Loss 166.627762 | Likelihood -164.455490 | KL fp 5.7865 | FP STD 0.1384|
KL coef: 0.9999999999999111
Train loss (one batch): 158.95423889160156
Train CE loss (one batch): 0.0
Test MSE (raw): 0.0336
Test MSE (smoothed with alpha=0.01): 0.0468
New best smoothed test MSE: 0.0468. Saving best model to experiments/experiment_11933_best.ckpt
Test MSE group_0: 0.0314
Test MSE group_1: 0.0362
Test MSE group_2: nan
Test MSE group_3: nan
Poisson likelihood: 0.0
CE loss: 0.0
train MSE group_0: 0.0339
train MSE group_1: 0.0298
train MSE group_2: nan
train MSE group_3: nan
CE loss (TEST): 0.0
