/Users/benjaminmaurel/Documents/Training_Sanofi/notebooks_hands_on/latent_ode/run_models.py
run_models.py --niters 3000 -n 200 -s 40 -l 10 --dataset PK_Tacro --latent-ode --noise-weight 0.01 --max-t 5. --seed 176 --experiment 11245
Experiment 11245
Epoch 1000 [Test seq (cond on sampled tp)] | Loss 205.144928 | Likelihood -201.052917 | KL fp 7.0158 | FP STD 0.1426|
KL coef: 0.9999522643707747
Train loss (one batch): 219.18768310546875
Train CE loss (one batch): 0.0
Test MSE (raw): 0.0409
Test MSE (smoothed with alpha=0.01): 0.0409
New best smoothed test MSE: 0.0409. Saving best model to experiments/experiment_11245_best.ckpt
Test MSE group_0: 0.0386
Test MSE group_1: 0.0433
Test MSE group_2: nan
Test MSE group_3: nan
Poisson likelihood: 0.0
CE loss: 0.0
train MSE group_0: 0.0411
train MSE group_1: 0.0457
train MSE group_2: nan
train MSE group_3: nan
CE loss (TEST): 0.0
Experiment 11245
Epoch 2000 [Test seq (cond on sampled tp)] | Loss 157.168884 | Likelihood -153.894363 | KL fp 6.3137 | FP STD 0.1477|
KL coef: 0.9999999979391934
Train loss (one batch): 168.21804809570312
Train CE loss (one batch): 0.0
Test MSE (raw): 0.0315
Test MSE (smoothed with alpha=0.01): 0.0409
New best smoothed test MSE: 0.0409. Saving best model to experiments/experiment_11245_best.ckpt
Test MSE group_0: 0.0301
Test MSE group_1: 0.0329
Test MSE group_2: nan
Test MSE group_3: nan
Poisson likelihood: 0.0
CE loss: 0.0
train MSE group_0: 0.0316
train MSE group_1: 0.0351
train MSE group_2: nan
train MSE group_3: nan
CE loss (TEST): 0.0
Experiment 11245
Epoch 3000 [Test seq (cond on sampled tp)] | Loss 150.666641 | Likelihood -147.226761 | KL fp 6.2038 | FP STD 0.1089|
KL coef: 0.9999999999999111
Train loss (one batch): 158.34255981445312
Train CE loss (one batch): 0.0
Test MSE (raw): 0.0302
Test MSE (smoothed with alpha=0.01): 0.0407
New best smoothed test MSE: 0.0407. Saving best model to experiments/experiment_11245_best.ckpt
Test MSE group_0: 0.0290
Test MSE group_1: 0.0314
Test MSE group_2: nan
Test MSE group_3: nan
Poisson likelihood: 0.0
CE loss: 0.0
train MSE group_0: 0.0296
train MSE group_1: 0.0331
train MSE group_2: nan
train MSE group_3: nan
CE loss (TEST): 0.0
