/Users/benjaminmaurel/Documents/Training_Sanofi/notebooks_hands_on/latent_ode/run_models.py
run_models.py --niters 3000 -n 200 -s 40 -l 10 --dataset PK_Tacro --latent-ode --noise-weight 0.01 --max-t 5. --seed 13 --experiment 13100
Experiment 13100
Epoch 1000 [Test seq (cond on sampled tp)] | Loss 261.737946 | Likelihood -257.608093 | KL fp 7.4293 | FP STD 0.2686|
KL coef: 0.9999522643707747
Train loss (one batch): 246.9636688232422
Train CE loss (one batch): 0.0
Test MSE (raw): 0.0523
Test MSE (smoothed with alpha=0.01): 0.0523
New best smoothed test MSE: 0.0523. Saving best model to experiments/experiment_13100_best.ckpt
Test MSE group_0: 0.0464
Test MSE group_1: 0.0579
Test MSE group_2: nan
Test MSE group_3: nan
Poisson likelihood: 0.0
CE loss: 0.0
train MSE group_0: 0.0446
train MSE group_1: 0.0530
train MSE group_2: nan
train MSE group_3: nan
CE loss (TEST): 0.0
Experiment 13100
Epoch 2000 [Test seq (cond on sampled tp)] | Loss 207.284256 | Likelihood -203.406860 | KL fp 6.9908 | FP STD 0.2258|
KL coef: 0.9999999979391934
Train loss (one batch): 185.32005310058594
Train CE loss (one batch): 0.0
Test MSE (raw): 0.0414
Test MSE (smoothed with alpha=0.01): 0.0522
New best smoothed test MSE: 0.0522. Saving best model to experiments/experiment_13100_best.ckpt
Test MSE group_0: 0.0375
Test MSE group_1: 0.0450
Test MSE group_2: nan
Test MSE group_3: nan
Poisson likelihood: 0.0
CE loss: 0.0
train MSE group_0: 0.0351
train MSE group_1: 0.0383
train MSE group_2: nan
train MSE group_3: nan
CE loss (TEST): 0.0
Experiment 13100
Epoch 3000 [Test seq (cond on sampled tp)] | Loss 203.915375 | Likelihood -201.757065 | KL fp 5.4059 | FP STD 0.3097|
KL coef: 0.9999999999999111
Train loss (one batch): 175.57371520996094
Train CE loss (one batch): 0.0
Test MSE (raw): 0.0411
Test MSE (smoothed with alpha=0.01): 0.0520
New best smoothed test MSE: 0.0520. Saving best model to experiments/experiment_13100_best.ckpt
Test MSE group_0: 0.0375
Test MSE group_1: 0.0444
Test MSE group_2: nan
Test MSE group_3: nan
Poisson likelihood: 0.0
CE loss: 0.0
train MSE group_0: 0.0342
train MSE group_1: 0.0358
train MSE group_2: nan
train MSE group_3: nan
CE loss (TEST): 0.0
