/Users/benjaminmaurel/Documents/Training_Sanofi/notebooks_hands_on/latent_ode/run_models.py
run_models.py --niters 3000 -n 200 -s 40 -l 10 --dataset PK_Tacro --latent-ode --noise-weight 0.01 --max-t 5. --seed 55 --experiment 38881
Experiment 38881
Epoch 1000 [Test seq (cond on sampled tp)] | Loss 252.995117 | Likelihood -249.030640 | KL fp 6.6684 | FP STD 0.0814|
KL coef: 0.9999522643707747
Train loss (one batch): 245.4113311767578
Train CE loss (one batch): 0.0
Test MSE (raw): 0.0505
Test MSE (smoothed with alpha=0.01): 0.0505
New best smoothed test MSE: 0.0505. Saving best model to experiments/experiment_38881_best.ckpt
Test MSE group_0: 0.0426
Test MSE group_1: 0.0581
Test MSE group_2: nan
Test MSE group_3: nan
Poisson likelihood: 0.0
CE loss: 0.0
train MSE group_0: 0.0419
train MSE group_1: 0.0565
train MSE group_2: nan
train MSE group_3: nan
CE loss (TEST): 0.0
Experiment 38881
Epoch 2000 [Test seq (cond on sampled tp)] | Loss 247.262436 | Likelihood -243.413651 | KL fp 6.5562 | FP STD 0.0790|
KL coef: 0.9999999979391934
Train loss (one batch): 241.1854248046875
Train CE loss (one batch): 0.0
Test MSE (raw): 0.0494
Test MSE (smoothed with alpha=0.01): 0.0505
New best smoothed test MSE: 0.0505. Saving best model to experiments/experiment_38881_best.ckpt
Test MSE group_0: 0.0434
Test MSE group_1: 0.0552
Test MSE group_2: nan
Test MSE group_3: nan
Poisson likelihood: 0.0
CE loss: 0.0
train MSE group_0: 0.0428
train MSE group_1: 0.0533
train MSE group_2: nan
train MSE group_3: nan
CE loss (TEST): 0.0
Experiment 38881
Epoch 3000 [Test seq (cond on sampled tp)] | Loss 233.567780 | Likelihood -231.349274 | KL fp 6.5496 | FP STD 0.1040|
KL coef: 0.9999999999999111
Train loss (one batch): 230.01654052734375
Train CE loss (one batch): 0.0
Test MSE (raw): 0.0470
Test MSE (smoothed with alpha=0.01): 0.0505
New best smoothed test MSE: 0.0505. Saving best model to experiments/experiment_38881_best.ckpt
Test MSE group_0: 0.0430
Test MSE group_1: 0.0508
Test MSE group_2: nan
Test MSE group_3: nan
Poisson likelihood: 0.0
CE loss: 0.0
train MSE group_0: 0.0430
train MSE group_1: 0.0495
train MSE group_2: nan
train MSE group_3: nan
CE loss (TEST): 0.0
