/Users/benjaminmaurel/Documents/Training_Sanofi/notebooks_hands_on/latent_ode/run_models.py
run_models.py --niters 3000 -n 200 -s 40 -l 10 --dataset PK_Tacro --latent-ode --noise-weight 0.01 --max-t 5. --seed 7 --experiment 36502
Experiment 36502
Epoch 1000 [Test seq (cond on sampled tp)] | Loss 188.468353 | Likelihood -185.663544 | KL fp 5.4091 | FP STD 0.0664|
KL coef: 0.9999522643707747
Train loss (one batch): 180.1582794189453
Train CE loss (one batch): 0.0
Test MSE (raw): 0.0379
Test MSE (smoothed with alpha=0.01): 0.0379
New best smoothed test MSE: 0.0379. Saving best model to experiments/experiment_36502_best.ckpt
Test MSE group_0: 0.0359
Test MSE group_1: 0.0397
Test MSE group_2: nan
Test MSE group_3: nan
Poisson likelihood: 0.0
CE loss: 0.0
train MSE group_0: 0.0342
train MSE group_1: 0.0376
train MSE group_2: nan
train MSE group_3: nan
CE loss (TEST): 0.0
Experiment 36502
Epoch 2000 [Test seq (cond on sampled tp)] | Loss 178.528046 | Likelihood -176.228333 | KL fp 5.2948 | FP STD 0.0838|
KL coef: 0.9999999979391934
Train loss (one batch): 170.6286163330078
Train CE loss (one batch): 0.0
Test MSE (raw): 0.0360
Test MSE (smoothed with alpha=0.01): 0.0379
New best smoothed test MSE: 0.0379. Saving best model to experiments/experiment_36502_best.ckpt
Test MSE group_0: 0.0351
Test MSE group_1: 0.0368
Test MSE group_2: nan
Test MSE group_3: nan
Poisson likelihood: 0.0
CE loss: 0.0
train MSE group_0: 0.0330
train MSE group_1: 0.0352
train MSE group_2: nan
train MSE group_3: nan
CE loss (TEST): 0.0
Experiment 36502
Epoch 3000 [Test seq (cond on sampled tp)] | Loss 172.208466 | Likelihood -169.692993 | KL fp 5.2343 | FP STD 0.0761|
KL coef: 0.9999999999999111
Train loss (one batch): 162.53416442871094
Train CE loss (one batch): 0.0
Test MSE (raw): 0.0347
Test MSE (smoothed with alpha=0.01): 0.0378
New best smoothed test MSE: 0.0378. Saving best model to experiments/experiment_36502_best.ckpt
Test MSE group_0: 0.0344
Test MSE group_1: 0.0350
Test MSE group_2: nan
Test MSE group_3: nan
Poisson likelihood: 0.0
CE loss: 0.0
train MSE group_0: 0.0322
train MSE group_1: 0.0327
train MSE group_2: nan
train MSE group_3: nan
CE loss (TEST): 0.0
