/Users/benjaminmaurel/Documents/Training_Sanofi/notebooks_hands_on/latent_ode/run_models.py
run_models.py --niters 3000 -n 200 -s 40 -l 10 --dataset PK_Tacro --latent-ode --noise-weight 0.01 --max-t 5. --seed 21 --experiment 14216
Experiment 14216
Epoch 1000 [Test seq (cond on sampled tp)] | Loss 191.238617 | Likelihood -192.485596 | KL fp 4.0187 | FP STD 0.0920|
KL coef: 0.9999522643707747
Train loss (one batch): 203.4734649658203
Train CE loss (one batch): 0.0
Test MSE (raw): 0.0392
Test MSE (smoothed with alpha=0.01): 0.0392
New best smoothed test MSE: 0.0392. Saving best model to experiments/experiment_14216_best.ckpt
Test MSE group_0: 0.0343
Test MSE group_1: 0.0441
Test MSE group_2: nan
Test MSE group_3: nan
Poisson likelihood: 0.0
CE loss: 0.0
train MSE group_0: 0.0362
train MSE group_1: 0.0459
train MSE group_2: nan
train MSE group_3: nan
CE loss (TEST): 0.0
Experiment 14216
Epoch 2000 [Test seq (cond on sampled tp)] | Loss 165.772308 | Likelihood -165.444031 | KL fp 4.2057 | FP STD 0.1031|
KL coef: 0.9999999979391934
Train loss (one batch): 168.2030029296875
Train CE loss (one batch): 0.0
Test MSE (raw): 0.0338
Test MSE (smoothed with alpha=0.01): 0.0392
New best smoothed test MSE: 0.0392. Saving best model to experiments/experiment_14216_best.ckpt
Test MSE group_0: 0.0310
Test MSE group_1: 0.0367
Test MSE group_2: nan
Test MSE group_3: nan
Poisson likelihood: 0.0
CE loss: 0.0
train MSE group_0: 0.0296
train MSE group_1: 0.0379
train MSE group_2: nan
train MSE group_3: nan
CE loss (TEST): 0.0
Experiment 14216
Epoch 3000 [Test seq (cond on sampled tp)] | Loss 158.693222 | Likelihood -157.470734 | KL fp 4.2789 | FP STD 0.0963|
KL coef: 0.9999999999999111
Train loss (one batch): 158.68235778808594
Train CE loss (one batch): 0.0
Test MSE (raw): 0.0322
Test MSE (smoothed with alpha=0.01): 0.0391
New best smoothed test MSE: 0.0391. Saving best model to experiments/experiment_14216_best.ckpt
Test MSE group_0: 0.0298
Test MSE group_1: 0.0347
Test MSE group_2: nan
Test MSE group_3: nan
Poisson likelihood: 0.0
CE loss: 0.0
train MSE group_0: 0.0285
train MSE group_1: 0.0351
train MSE group_2: nan
train MSE group_3: nan
CE loss (TEST): 0.0
