/Users/benjaminmaurel/Documents/Training_Sanofi/notebooks_hands_on/latent_ode/run_models.py
run_models.py --niters 3000 -n 200 -s 40 -l 10 --dataset PK_Tacro --latent-ode --noise-weight 0.01 --max-t 5. --seed 155 --experiment 23097
Experiment 23097
Epoch 1000 [Test seq (cond on sampled tp)] | Loss 208.101608 | Likelihood -206.365845 | KL fp 5.2283 | FP STD 0.0952|
KL coef: 0.9999522643707747
Train loss (one batch): 213.24859619140625
Train CE loss (one batch): 0.0
Test MSE (raw): 0.0420
Test MSE (smoothed with alpha=0.01): 0.0420
New best smoothed test MSE: 0.0420. Saving best model to experiments/experiment_23097_best.ckpt
Test MSE group_0: 0.0373
Test MSE group_1: 0.0466
Test MSE group_2: nan
Test MSE group_3: nan
Poisson likelihood: 0.0
CE loss: 0.0
train MSE group_0: 0.0375
train MSE group_1: 0.0479
train MSE group_2: nan
train MSE group_3: nan
CE loss (TEST): 0.0
Experiment 23097
Epoch 2000 [Test seq (cond on sampled tp)] | Loss 154.346497 | Likelihood -153.038239 | KL fp 4.5718 | FP STD 0.1497|
KL coef: 0.9999999979391934
Train loss (one batch): 158.72059631347656
Train CE loss (one batch): 0.0
Test MSE (raw): 0.0313
Test MSE (smoothed with alpha=0.01): 0.0419
New best smoothed test MSE: 0.0419. Saving best model to experiments/experiment_23097_best.ckpt
Test MSE group_0: 0.0283
Test MSE group_1: 0.0343
Test MSE group_2: nan
Test MSE group_3: nan
Poisson likelihood: 0.0
CE loss: 0.0
train MSE group_0: 0.0283
train MSE group_1: 0.0357
train MSE group_2: nan
train MSE group_3: nan
CE loss (TEST): 0.0
Experiment 23097
Epoch 3000 [Test seq (cond on sampled tp)] | Loss 141.245483 | Likelihood -139.039581 | KL fp 4.8427 | FP STD 0.1054|
KL coef: 0.9999999999999111
Train loss (one batch): 147.02984619140625
Train CE loss (one batch): 0.0
Test MSE (raw): 0.0285
Test MSE (smoothed with alpha=0.01): 0.0418
New best smoothed test MSE: 0.0418. Saving best model to experiments/experiment_23097_best.ckpt
Test MSE group_0: 0.0261
Test MSE group_1: 0.0310
Test MSE group_2: nan
Test MSE group_3: nan
Poisson likelihood: 0.0
CE loss: 0.0
train MSE group_0: 0.0261
train MSE group_1: 0.0328
train MSE group_2: nan
train MSE group_3: nan
CE loss (TEST): 0.0
