/Users/benjaminmaurel/Documents/Training_Sanofi/notebooks_hands_on/latent_ode/run_models.py
run_models.py --niters 3000 -n 200 -s 40 -l 10 --dataset PK_Tacro --latent-ode --noise-weight 0.01 --max-t 5. --seed 11 --experiment 37055
Experiment 37055
Epoch 1000 [Test seq (cond on sampled tp)] | Loss 219.036102 | Likelihood -215.540909 | KL fp 6.4356 | FP STD 0.1521|
KL coef: 0.9999522643707747
Train loss (one batch): 201.69094848632812
Train CE loss (one batch): 0.0
Test MSE (raw): 0.0438
Test MSE (smoothed with alpha=0.01): 0.0438
New best smoothed test MSE: 0.0438. Saving best model to experiments/experiment_37055_best.ckpt
Test MSE group_0: 0.0355
Test MSE group_1: 0.0517
Test MSE group_2: nan
Test MSE group_3: nan
Poisson likelihood: 0.0
CE loss: 0.0
train MSE group_0: 0.0327
train MSE group_1: 0.0480
train MSE group_2: nan
train MSE group_3: nan
CE loss (TEST): 0.0
Experiment 37055
Epoch 2000 [Test seq (cond on sampled tp)] | Loss 170.730194 | Likelihood -166.962814 | KL fp 6.3023 | FP STD 0.1137|
KL coef: 0.9999999979391934
Train loss (one batch): 159.59201049804688
Train CE loss (one batch): 0.0
Test MSE (raw): 0.0341
Test MSE (smoothed with alpha=0.01): 0.0437
New best smoothed test MSE: 0.0437. Saving best model to experiments/experiment_37055_best.ckpt
Test MSE group_0: 0.0297
Test MSE group_1: 0.0383
Test MSE group_2: nan
Test MSE group_3: nan
Poisson likelihood: 0.0
CE loss: 0.0
train MSE group_0: 0.0277
train MSE group_1: 0.0359
train MSE group_2: nan
train MSE group_3: nan
CE loss (TEST): 0.0
Experiment 37055
Epoch 3000 [Test seq (cond on sampled tp)] | Loss 167.598114 | Likelihood -164.451706 | KL fp 5.9914 | FP STD 0.1412|
KL coef: 0.9999999999999111
Train loss (one batch): 158.36741638183594
Train CE loss (one batch): 0.0
Test MSE (raw): 0.0336
Test MSE (smoothed with alpha=0.01): 0.0436
New best smoothed test MSE: 0.0436. Saving best model to experiments/experiment_37055_best.ckpt
Test MSE group_0: 0.0306
Test MSE group_1: 0.0364
Test MSE group_2: nan
Test MSE group_3: nan
Poisson likelihood: 0.0
CE loss: 0.0
train MSE group_0: 0.0285
train MSE group_1: 0.0346
train MSE group_2: nan
train MSE group_3: nan
CE loss (TEST): 0.0
