/Users/benjaminmaurel/Documents/Training_Sanofi/notebooks_hands_on/latent_ode/run_models.py
run_models.py --niters 3000 -n 200 -s 40 -l 10 --dataset PK_Tacro --latent-ode --noise-weight 0.01 --max-t 5. --seed 35 --experiment 31546
Experiment 31546
Epoch 1000 [Test seq (cond on sampled tp)] | Loss 213.721695 | Likelihood -217.387665 | KL fp 7.1686 | FP STD 0.2381|
KL coef: 0.9999522643707747
Train loss (one batch): 232.02890014648438
Train CE loss (one batch): 0.0
Test MSE (raw): 0.0442
Test MSE (smoothed with alpha=0.01): 0.0442
New best smoothed test MSE: 0.0442. Saving best model to experiments/experiment_31546_best.ckpt
Test MSE group_0: 0.0397
Test MSE group_1: 0.0487
Test MSE group_2: nan
Test MSE group_3: nan
Poisson likelihood: 0.0
CE loss: 0.0
train MSE group_0: 0.0415
train MSE group_1: 0.0517
train MSE group_2: nan
train MSE group_3: nan
CE loss (TEST): 0.0
Experiment 31546
Epoch 2000 [Test seq (cond on sampled tp)] | Loss 159.018280 | Likelihood -156.350800 | KL fp 6.4263 | FP STD 0.2331|
KL coef: 0.9999999979391934
Train loss (one batch): 166.14962768554688
Train CE loss (one batch): 0.0
Test MSE (raw): 0.0320
Test MSE (smoothed with alpha=0.01): 0.0441
New best smoothed test MSE: 0.0441. Saving best model to experiments/experiment_31546_best.ckpt
Test MSE group_0: 0.0288
Test MSE group_1: 0.0352
Test MSE group_2: nan
Test MSE group_3: nan
Poisson likelihood: 0.0
CE loss: 0.0
train MSE group_0: 0.0298
train MSE group_1: 0.0360
train MSE group_2: nan
train MSE group_3: nan
CE loss (TEST): 0.0
Experiment 31546
Epoch 3000 [Test seq (cond on sampled tp)] | Loss 153.392029 | Likelihood -149.791168 | KL fp 6.6690 | FP STD 0.1884|
KL coef: 0.9999999999999111
Train loss (one batch): 159.77391052246094
Train CE loss (one batch): 0.0
Test MSE (raw): 0.0307
Test MSE (smoothed with alpha=0.01): 0.0440
New best smoothed test MSE: 0.0440. Saving best model to experiments/experiment_31546_best.ckpt
Test MSE group_0: 0.0276
Test MSE group_1: 0.0337
Test MSE group_2: nan
Test MSE group_3: nan
Poisson likelihood: 0.0
CE loss: 0.0
train MSE group_0: 0.0284
train MSE group_1: 0.0343
train MSE group_2: nan
train MSE group_3: nan
CE loss (TEST): 0.0
