/Users/benjaminmaurel/Documents/Training_Sanofi/notebooks_hands_on/latent_ode/run_models.py
run_models.py --niters 3000 -n 200 -s 40 -l 10 --dataset PK_Tacro --latent-ode --noise-weight 0.01 --max-t 5. --seed 9 --experiment 35882
Experiment 35882
Epoch 1000 [Test seq (cond on sampled tp)] | Loss 273.021545 | Likelihood -270.958740 | KL fp 7.8493 | FP STD 0.0849|
KL coef: 0.9999522643707747
Train loss (one batch): 254.64122009277344
Train CE loss (one batch): 0.0
Test MSE (raw): 0.0549
Test MSE (smoothed with alpha=0.01): 0.0549
New best smoothed test MSE: 0.0549. Saving best model to experiments/experiment_35882_best.ckpt
Test MSE group_0: 0.0440
Test MSE group_1: 0.0655
Test MSE group_2: nan
Test MSE group_3: nan
Poisson likelihood: 0.0
CE loss: 0.0
train MSE group_0: 0.0419
train MSE group_1: 0.0599
train MSE group_2: nan
train MSE group_3: nan
CE loss (TEST): 0.0
Experiment 35882
Epoch 2000 [Test seq (cond on sampled tp)] | Loss 227.806427 | Likelihood -223.809189 | KL fp 7.4176 | FP STD 0.1216|
KL coef: 0.9999999979391934
Train loss (one batch): 202.9502410888672
Train CE loss (one batch): 0.0
Test MSE (raw): 0.0455
Test MSE (smoothed with alpha=0.01): 0.0548
New best smoothed test MSE: 0.0548. Saving best model to experiments/experiment_35882_best.ckpt
Test MSE group_0: 0.0405
Test MSE group_1: 0.0503
Test MSE group_2: nan
Test MSE group_3: nan
Poisson likelihood: 0.0
CE loss: 0.0
train MSE group_0: 0.0357
train MSE group_1: 0.0456
train MSE group_2: nan
train MSE group_3: nan
CE loss (TEST): 0.0
Experiment 35882
Epoch 3000 [Test seq (cond on sampled tp)] | Loss 213.162674 | Likelihood -208.795227 | KL fp 7.3451 | FP STD 0.0942|
KL coef: 0.9999999999999111
Train loss (one batch): 185.06646728515625
Train CE loss (one batch): 0.0
Test MSE (raw): 0.0425
Test MSE (smoothed with alpha=0.01): 0.0547
New best smoothed test MSE: 0.0547. Saving best model to experiments/experiment_35882_best.ckpt
Test MSE group_0: 0.0390
Test MSE group_1: 0.0459
Test MSE group_2: nan
Test MSE group_3: nan
Poisson likelihood: 0.0
CE loss: 0.0
train MSE group_0: 0.0331
train MSE group_1: 0.0404
train MSE group_2: nan
train MSE group_3: nan
CE loss (TEST): 0.0
