/Users/benjaminmaurel/Documents/Training_Sanofi/notebooks_hands_on/latent_ode/run_models.py
run_models.py --niters 3000 -n 200 -s 40 -l 10 --dataset PK_Tacro --latent-ode --noise-weight 0.01 --max-t 5. --seed 136 --experiment 40008
Experiment 40008
Epoch 1000 [Test seq (cond on sampled tp)] | Loss 165.244904 | Likelihood -160.492950 | KL fp 7.4729 | FP STD 0.1006|
KL coef: 0.9999522643707747
Train loss (one batch): 155.92190551757812
Train CE loss (one batch): 0.0
Test MSE (raw): 0.0328
Test MSE (smoothed with alpha=0.01): 0.0328
New best smoothed test MSE: 0.0328. Saving best model to experiments/experiment_40008_best.ckpt
Test MSE group_0: 0.0295
Test MSE group_1: 0.0361
Test MSE group_2: nan
Test MSE group_3: nan
Poisson likelihood: 0.0
CE loss: 0.0
train MSE group_0: 0.0270
train MSE group_1: 0.0337
train MSE group_2: nan
train MSE group_3: nan
CE loss (TEST): 0.0
Experiment 40008
Epoch 2000 [Test seq (cond on sampled tp)] | Loss 159.892883 | Likelihood -157.091873 | KL fp 6.7612 | FP STD 0.1438|
KL coef: 0.9999999979391934
Train loss (one batch): 152.7413787841797
Train CE loss (one batch): 0.0
Test MSE (raw): 0.0322
Test MSE (smoothed with alpha=0.01): 0.0328
New best smoothed test MSE: 0.0328. Saving best model to experiments/experiment_40008_best.ckpt
Test MSE group_0: 0.0285
Test MSE group_1: 0.0357
Test MSE group_2: nan
Test MSE group_3: nan
Poisson likelihood: 0.0
CE loss: 0.0
train MSE group_0: 0.0265
train MSE group_1: 0.0332
train MSE group_2: nan
train MSE group_3: nan
CE loss (TEST): 0.0
Experiment 40008
Epoch 3000 [Test seq (cond on sampled tp)] | Loss 151.537079 | Likelihood -147.609100 | KL fp 6.5847 | FP STD 0.1000|
KL coef: 0.9999999999999111
Train loss (one batch): 141.8428192138672
Train CE loss (one batch): 0.0
Test MSE (raw): 0.0303
Test MSE (smoothed with alpha=0.01): 0.0328
New best smoothed test MSE: 0.0328. Saving best model to experiments/experiment_40008_best.ckpt
Test MSE group_0: 0.0276
Test MSE group_1: 0.0329
Test MSE group_2: nan
Test MSE group_3: nan
Poisson likelihood: 0.0
CE loss: 0.0
train MSE group_0: 0.0253
train MSE group_1: 0.0303
train MSE group_2: nan
train MSE group_3: nan
CE loss (TEST): 0.0
