/Users/benjaminmaurel/Documents/Training_Sanofi/notebooks_hands_on/latent_ode/run_models.py
run_models.py --niters 3000 -n 200 -s 40 -l 10 --dataset PK_Tacro --latent-ode --noise-weight 0.01 --max-t 5. --seed 10 --experiment 23221
Experiment 23221
Epoch 1000 [Test seq (cond on sampled tp)] | Loss 216.907013 | Likelihood -214.559082 | KL fp 6.6351 | FP STD 0.2943|
KL coef: 0.9999522643707747
Train loss (one batch): 209.43490600585938
Train CE loss (one batch): 0.0
Test MSE (raw): 0.0436
Test MSE (smoothed with alpha=0.01): 0.0436
New best smoothed test MSE: 0.0436. Saving best model to experiments/experiment_23221_best.ckpt
Test MSE group_0: 0.0334
Test MSE group_1: 0.0538
Test MSE group_2: nan
Test MSE group_3: nan
Poisson likelihood: 0.0
CE loss: 0.0
train MSE group_0: 0.0343
train MSE group_1: 0.0497
train MSE group_2: nan
train MSE group_3: nan
CE loss (TEST): 0.0
Experiment 23221
Epoch 2000 [Test seq (cond on sampled tp)] | Loss 159.377747 | Likelihood -157.819611 | KL fp 6.5559 | FP STD 0.1423|
KL coef: 0.9999999979391934
Train loss (one batch): 160.92613220214844
Train CE loss (one batch): 0.0
Test MSE (raw): 0.0323
Test MSE (smoothed with alpha=0.01): 0.0435
New best smoothed test MSE: 0.0435. Saving best model to experiments/experiment_23221_best.ckpt
Test MSE group_0: 0.0279
Test MSE group_1: 0.0367
Test MSE group_2: nan
Test MSE group_3: nan
Poisson likelihood: 0.0
CE loss: 0.0
train MSE group_0: 0.0284
train MSE group_1: 0.0357
train MSE group_2: nan
train MSE group_3: nan
CE loss (TEST): 0.0
Experiment 23221
Epoch 3000 [Test seq (cond on sampled tp)] | Loss 154.172028 | Likelihood -150.299438 | KL fp 6.5281 | FP STD 0.1182|
KL coef: 0.9999999999999111
Train loss (one batch): 149.6937713623047
Train CE loss (one batch): 0.0
Test MSE (raw): 0.0308
Test MSE (smoothed with alpha=0.01): 0.0434
New best smoothed test MSE: 0.0434. Saving best model to experiments/experiment_23221_best.ckpt
Test MSE group_0: 0.0273
Test MSE group_1: 0.0343
Test MSE group_2: nan
Test MSE group_3: nan
Poisson likelihood: 0.0
CE loss: 0.0
train MSE group_0: 0.0271
train MSE group_1: 0.0325
train MSE group_2: nan
train MSE group_3: nan
CE loss (TEST): 0.0
