/Users/benjaminmaurel/Documents/Training_Sanofi/notebooks_hands_on/latent_ode/run_models.py
run_models.py --niters 3000 -n 200 -s 40 -l 10 --dataset PK_Tacro --latent-ode --noise-weight 0.01 --max-t 5. --seed 137 --experiment 38277
Experiment 38277
Epoch 1000 [Test seq (cond on sampled tp)] | Loss 229.196167 | Likelihood -230.514374 | KL fp 3.9283 | FP STD 0.2439|
KL coef: 0.9999522643707747
Train loss (one batch): 232.76820373535156
Train CE loss (one batch): 0.0
Test MSE (raw): 0.0468
Test MSE (smoothed with alpha=0.01): 0.0468
New best smoothed test MSE: 0.0468. Saving best model to experiments/experiment_38277_best.ckpt
Test MSE group_0: 0.0367
Test MSE group_1: 0.0569
Test MSE group_2: nan
Test MSE group_3: nan
Poisson likelihood: 0.0
CE loss: 0.0
train MSE group_0: 0.0398
train MSE group_1: 0.0540
train MSE group_2: nan
train MSE group_3: nan
CE loss (TEST): 0.0
Experiment 38277
Epoch 2000 [Test seq (cond on sampled tp)] | Loss 213.704666 | Likelihood -213.342224 | KL fp 4.0733 | FP STD 0.1632|
KL coef: 0.9999999979391934
Train loss (one batch): 216.06973266601562
Train CE loss (one batch): 0.0
Test MSE (raw): 0.0434
Test MSE (smoothed with alpha=0.01): 0.0468
New best smoothed test MSE: 0.0468. Saving best model to experiments/experiment_38277_best.ckpt
Test MSE group_0: 0.0354
Test MSE group_1: 0.0513
Test MSE group_2: nan
Test MSE group_3: nan
Poisson likelihood: 0.0
CE loss: 0.0
train MSE group_0: 0.0381
train MSE group_1: 0.0485
train MSE group_2: nan
train MSE group_3: nan
CE loss (TEST): 0.0
Experiment 38277
Epoch 3000 [Test seq (cond on sampled tp)] | Loss 197.539627 | Likelihood -196.114578 | KL fp 4.3672 | FP STD 0.1093|
KL coef: 0.9999999999999111
Train loss (one batch): 198.84951782226562
Train CE loss (one batch): 0.0
Test MSE (raw): 0.0400
Test MSE (smoothed with alpha=0.01): 0.0467
New best smoothed test MSE: 0.0467. Saving best model to experiments/experiment_38277_best.ckpt
Test MSE group_0: 0.0345
Test MSE group_1: 0.0454
Test MSE group_2: nan
Test MSE group_3: nan
Poisson likelihood: 0.0
CE loss: 0.0
train MSE group_0: 0.0367
train MSE group_1: 0.0429
train MSE group_2: nan
train MSE group_3: nan
CE loss (TEST): 0.0
