/Users/benjaminmaurel/Documents/Training_Sanofi/notebooks_hands_on/latent_ode/run_models.py
run_models.py --niters 3000 -n 200 -s 40 -l 10 --dataset PK_Tacro --latent-ode --noise-weight 0.01 --max-t 5. --seed 1 --experiment 38016
Experiment 38016
Epoch 1000 [Test seq (cond on sampled tp)] | Loss 169.840637 | Likelihood -167.976013 | KL fp 5.1174 | FP STD 0.0820|
KL coef: 0.9999522643707747
Train loss (one batch): 168.9971160888672
Train CE loss (one batch): 0.0
Test MSE (raw): 0.0343
Test MSE (smoothed with alpha=0.01): 0.0343
New best smoothed test MSE: 0.0343. Saving best model to experiments/experiment_38016_best.ckpt
Test MSE group_0: 0.0325
Test MSE group_1: 0.0364
Test MSE group_2: nan
Test MSE group_3: nan
Poisson likelihood: 0.0
CE loss: 0.0
train MSE group_0: 0.0336
train MSE group_1: 0.0350
train MSE group_2: nan
train MSE group_3: nan
CE loss (TEST): 0.0
Experiment 38016
Epoch 2000 [Test seq (cond on sampled tp)] | Loss 158.547302 | Likelihood -156.758438 | KL fp 4.7736 | FP STD 0.0768|
KL coef: 0.9999999979391934
Train loss (one batch): 157.6765899658203
Train CE loss (one batch): 0.0
Test MSE (raw): 0.0321
Test MSE (smoothed with alpha=0.01): 0.0343
New best smoothed test MSE: 0.0343. Saving best model to experiments/experiment_38016_best.ckpt
Test MSE group_0: 0.0299
Test MSE group_1: 0.0345
Test MSE group_2: nan
Test MSE group_3: nan
Poisson likelihood: 0.0
CE loss: 0.0
train MSE group_0: 0.0306
train MSE group_1: 0.0325
train MSE group_2: nan
train MSE group_3: nan
CE loss (TEST): 0.0
Experiment 38016
Epoch 3000 [Test seq (cond on sampled tp)] | Loss 150.185028 | Likelihood -148.574234 | KL fp 4.7635 | FP STD 0.0680|
KL coef: 0.9999999999999111
Train loss (one batch): 146.3502655029297
Train CE loss (one batch): 0.0
Test MSE (raw): 0.0305
Test MSE (smoothed with alpha=0.01): 0.0343
New best smoothed test MSE: 0.0343. Saving best model to experiments/experiment_38016_best.ckpt
Test MSE group_0: 0.0291
Test MSE group_1: 0.0320
Test MSE group_2: nan
Test MSE group_3: nan
Poisson likelihood: 0.0
CE loss: 0.0
train MSE group_0: 0.0293
train MSE group_1: 0.0294
train MSE group_2: nan
train MSE group_3: nan
CE loss (TEST): 0.0
