/Users/benjaminmaurel/Documents/Training_Sanofi/notebooks_hands_on/latent_ode/run_models.py
run_models.py --niters 3000 -n 200 -s 40 -l 10 --dataset PK_Tacro --latent-ode --noise-weight 0.01 --max-t 5. --seed 173 --experiment 37694
Experiment 37694
Epoch 1000 [Test seq (cond on sampled tp)] | Loss 216.765808 | Likelihood -214.734238 | KL fp 4.7121 | FP STD 0.1735|
KL coef: 0.9999522643707747
Train loss (one batch): 213.96539306640625
Train CE loss (one batch): 0.0
Test MSE (raw): 0.0437
Test MSE (smoothed with alpha=0.01): 0.0437
New best smoothed test MSE: 0.0437. Saving best model to experiments/experiment_37694_best.ckpt
Test MSE group_0: 0.0357
Test MSE group_1: 0.0516
Test MSE group_2: nan
Test MSE group_3: nan
Poisson likelihood: 0.0
CE loss: 0.0
train MSE group_0: 0.0364
train MSE group_1: 0.0511
train MSE group_2: nan
train MSE group_3: nan
CE loss (TEST): 0.0
Experiment 37694
Epoch 2000 [Test seq (cond on sampled tp)] | Loss 172.450928 | Likelihood -174.032074 | KL fp 4.8781 | FP STD 0.1390|
KL coef: 0.9999999979391934
Train loss (one batch): 178.88613891601562
Train CE loss (one batch): 0.0
Test MSE (raw): 0.0355
Test MSE (smoothed with alpha=0.01): 0.0436
New best smoothed test MSE: 0.0436. Saving best model to experiments/experiment_37694_best.ckpt
Test MSE group_0: 0.0303
Test MSE group_1: 0.0407
Test MSE group_2: nan
Test MSE group_3: nan
Poisson likelihood: 0.0
CE loss: 0.0
train MSE group_0: 0.0315
train MSE group_1: 0.0415
train MSE group_2: nan
train MSE group_3: nan
CE loss (TEST): 0.0
Experiment 37694
Epoch 3000 [Test seq (cond on sampled tp)] | Loss 159.442184 | Likelihood -158.756531 | KL fp 4.7785 | FP STD 0.1010|
KL coef: 0.9999999999999111
Train loss (one batch): 166.0110321044922
Train CE loss (one batch): 0.0
Test MSE (raw): 0.0325
Test MSE (smoothed with alpha=0.01): 0.0435
New best smoothed test MSE: 0.0435. Saving best model to experiments/experiment_37694_best.ckpt
Test MSE group_0: 0.0304
Test MSE group_1: 0.0345
Test MSE group_2: nan
Test MSE group_3: nan
Poisson likelihood: 0.0
CE loss: 0.0
train MSE group_0: 0.0314
train MSE group_1: 0.0359
train MSE group_2: nan
train MSE group_3: nan
CE loss (TEST): 0.0
