/Users/benjaminmaurel/Documents/Training_Sanofi/notebooks_hands_on/latent_ode/run_models.py
run_models.py --niters 3000 -n 200 -s 40 -l 10 --dataset PK_Tacro --latent-ode --noise-weight 0.01 --max-t 5. --seed 37 --experiment 16220
Experiment 16220
Epoch 1000 [Test seq (cond on sampled tp)] | Loss 173.056076 | Likelihood -172.437073 | KL fp 4.5254 | FP STD 0.1184|
KL coef: 0.9999522643707747
Train loss (one batch): 176.65603637695312
Train CE loss (one batch): 0.0
Test MSE (raw): 0.0352
Test MSE (smoothed with alpha=0.01): 0.0352
New best smoothed test MSE: 0.0352. Saving best model to experiments/experiment_16220_best.ckpt
Test MSE group_0: 0.0298
Test MSE group_1: 0.0406
Test MSE group_2: nan
Test MSE group_3: nan
Poisson likelihood: 0.0
CE loss: 0.0
train MSE group_0: 0.0317
train MSE group_1: 0.0396
train MSE group_2: nan
train MSE group_3: nan
CE loss (TEST): 0.0
Experiment 16220
Epoch 2000 [Test seq (cond on sampled tp)] | Loss 171.842697 | Likelihood -173.204529 | KL fp 4.0334 | FP STD 0.1918|
KL coef: 0.9999999979391934
Train loss (one batch): 171.41639709472656
Train CE loss (one batch): 0.0
Test MSE (raw): 0.0354
Test MSE (smoothed with alpha=0.01): 0.0352
Smoothed Test MSE did not improve. Early stopping counter: 1/10000
Test MSE group_0: 0.0292
Test MSE group_1: 0.0415
Test MSE group_2: nan
Test MSE group_3: nan
Poisson likelihood: 0.0
CE loss: 0.0
train MSE group_0: 0.0294
train MSE group_1: 0.0410
train MSE group_2: nan
train MSE group_3: nan
CE loss (TEST): 0.0
Experiment 16220
Epoch 3000 [Test seq (cond on sampled tp)] | Loss 155.627258 | Likelihood -154.277222 | KL fp 4.6093 | FP STD 0.1338|
KL coef: 0.9999999999999111
Train loss (one batch): 150.1291046142578
Train CE loss (one batch): 0.0
Test MSE (raw): 0.0316
Test MSE (smoothed with alpha=0.01): 0.0352
New best smoothed test MSE: 0.0352. Saving best model to experiments/experiment_16220_best.ckpt
Test MSE group_0: 0.0289
Test MSE group_1: 0.0343
Test MSE group_2: nan
Test MSE group_3: nan
Poisson likelihood: 0.0
CE loss: 0.0
train MSE group_0: 0.0282
train MSE group_1: 0.0322
train MSE group_2: nan
train MSE group_3: nan
CE loss (TEST): 0.0
