/Users/benjaminmaurel/Documents/Training_Sanofi/notebooks_hands_on/latent_ode/run_models.py
run_models.py --niters 3000 -n 200 -s 40 -l 10 --dataset PK_Tacro --latent-ode --noise-weight 0.01 --max-t 5. --seed 108 --experiment 27415
Experiment 27415
Epoch 1000 [Test seq (cond on sampled tp)] | Loss 153.402344 | Likelihood -148.711792 | KL fp 7.5293 | FP STD 0.1816|
KL coef: 0.9999522643707747
Train loss (one batch): 155.62860107421875
Train CE loss (one batch): 0.0
Test MSE (raw): 0.0305
Test MSE (smoothed with alpha=0.01): 0.0305
New best smoothed test MSE: 0.0305. Saving best model to experiments/experiment_27415_best.ckpt
Test MSE group_0: 0.0265
Test MSE group_1: 0.0344
Test MSE group_2: nan
Test MSE group_3: nan
Poisson likelihood: 0.0
CE loss: 0.0
train MSE group_0: 0.0288
train MSE group_1: 0.0328
train MSE group_2: nan
train MSE group_3: nan
CE loss (TEST): 0.0
Experiment 27415
Epoch 2000 [Test seq (cond on sampled tp)] | Loss 142.863892 | Likelihood -139.323944 | KL fp 7.0281 | FP STD 0.1319|
KL coef: 0.9999999979391934
Train loss (one batch): 144.1792755126953
Train CE loss (one batch): 0.0
Test MSE (raw): 0.0286
Test MSE (smoothed with alpha=0.01): 0.0305
New best smoothed test MSE: 0.0305. Saving best model to experiments/experiment_27415_best.ckpt
Test MSE group_0: 0.0259
Test MSE group_1: 0.0313
Test MSE group_2: nan
Test MSE group_3: nan
Poisson likelihood: 0.0
CE loss: 0.0
train MSE group_0: 0.0278
train MSE group_1: 0.0300
train MSE group_2: nan
train MSE group_3: nan
CE loss (TEST): 0.0
Experiment 27415
Epoch 3000 [Test seq (cond on sampled tp)] | Loss 134.210571 | Likelihood -130.227768 | KL fp 6.7274 | FP STD 0.1082|
KL coef: 0.9999999999999111
Train loss (one batch): 135.08505249023438
Train CE loss (one batch): 0.0
Test MSE (raw): 0.0268
Test MSE (smoothed with alpha=0.01): 0.0304
New best smoothed test MSE: 0.0304. Saving best model to experiments/experiment_27415_best.ckpt
Test MSE group_0: 0.0245
Test MSE group_1: 0.0290
Test MSE group_2: nan
Test MSE group_3: nan
Poisson likelihood: 0.0
CE loss: 0.0
train MSE group_0: 0.0264
train MSE group_1: 0.0270
train MSE group_2: nan
train MSE group_3: nan
CE loss (TEST): 0.0
