/Users/benjaminmaurel/Documents/Training_Sanofi/notebooks_hands_on/latent_ode/run_models.py
run_models.py --niters 3000 -n 200 -s 40 -l 10 --dataset PK_Tacro --latent-ode --noise-weight 0.01 --max-t 5. --seed 33 --experiment 17506
Experiment 17506
Epoch 1000 [Test seq (cond on sampled tp)] | Loss 163.015350 | Likelihood -160.302887 | KL fp 5.5918 | FP STD 0.1325|
KL coef: 0.9999522643707747
Train loss (one batch): 159.01419067382812
Train CE loss (one batch): 0.0
Test MSE (raw): 0.0328
Test MSE (smoothed with alpha=0.01): 0.0328
New best smoothed test MSE: 0.0328. Saving best model to experiments/experiment_17506_best.ckpt
Test MSE group_0: 0.0300
Test MSE group_1: 0.0355
Test MSE group_2: nan
Test MSE group_3: nan
Poisson likelihood: 0.0
CE loss: 0.0
train MSE group_0: 0.0304
train MSE group_1: 0.0327
train MSE group_2: nan
train MSE group_3: nan
CE loss (TEST): 0.0
Experiment 17506
Epoch 2000 [Test seq (cond on sampled tp)] | Loss 147.998108 | Likelihood -146.278671 | KL fp 4.8498 | FP STD 0.1211|
KL coef: 0.9999999979391934
Train loss (one batch): 139.57435607910156
Train CE loss (one batch): 0.0
Test MSE (raw): 0.0300
Test MSE (smoothed with alpha=0.01): 0.0328
New best smoothed test MSE: 0.0328. Saving best model to experiments/experiment_17506_best.ckpt
Test MSE group_0: 0.0279
Test MSE group_1: 0.0321
Test MSE group_2: nan
Test MSE group_3: nan
Poisson likelihood: 0.0
CE loss: 0.0
train MSE group_0: 0.0263
train MSE group_1: 0.0293
train MSE group_2: nan
train MSE group_3: nan
CE loss (TEST): 0.0
Experiment 17506
Epoch 3000 [Test seq (cond on sampled tp)] | Loss 141.578842 | Likelihood -139.836166 | KL fp 4.5243 | FP STD 0.1021|
KL coef: 0.9999999999999111
Train loss (one batch): 128.5943603515625
Train CE loss (one batch): 0.0
Test MSE (raw): 0.0287
Test MSE (smoothed with alpha=0.01): 0.0327
New best smoothed test MSE: 0.0327. Saving best model to experiments/experiment_17506_best.ckpt
Test MSE group_0: 0.0277
Test MSE group_1: 0.0297
Test MSE group_2: nan
Test MSE group_3: nan
Poisson likelihood: 0.0
CE loss: 0.0
train MSE group_0: 0.0246
train MSE group_1: 0.0267
train MSE group_2: nan
train MSE group_3: nan
CE loss (TEST): 0.0
