/Users/benjaminmaurel/Documents/Training_Sanofi/notebooks_hands_on/latent_ode/run_models.py
run_models.py --niters 3000 -n 200 -s 40 -l 10 --dataset PK_Tacro --latent-ode --noise-weight 0.01 --max-t 5. --seed 134 --experiment 32380
Experiment 32380
Epoch 1000 [Test seq (cond on sampled tp)] | Loss 153.367889 | Likelihood -152.139099 | KL fp 4.4282 | FP STD 0.1080|
KL coef: 0.9999522643707747
Train loss (one batch): 148.21170043945312
Train CE loss (one batch): 0.0
Test MSE (raw): 0.0312
Test MSE (smoothed with alpha=0.01): 0.0312
New best smoothed test MSE: 0.0312. Saving best model to experiments/experiment_32380_best.ckpt
Test MSE group_0: 0.0283
Test MSE group_1: 0.0340
Test MSE group_2: nan
Test MSE group_3: nan
Poisson likelihood: 0.0
CE loss: 0.0
train MSE group_0: 0.0294
train MSE group_1: 0.0300
train MSE group_2: nan
train MSE group_3: nan
CE loss (TEST): 0.0
Experiment 32380
Epoch 2000 [Test seq (cond on sampled tp)] | Loss 142.837372 | Likelihood -140.977859 | KL fp 4.7333 | FP STD 0.0782|
KL coef: 0.9999999979391934
Train loss (one batch): 136.21363830566406
Train CE loss (one batch): 0.0
Test MSE (raw): 0.0289
Test MSE (smoothed with alpha=0.01): 0.0311
New best smoothed test MSE: 0.0311. Saving best model to experiments/experiment_32380_best.ckpt
Test MSE group_0: 0.0265
Test MSE group_1: 0.0314
Test MSE group_2: nan
Test MSE group_3: nan
Poisson likelihood: 0.0
CE loss: 0.0
train MSE group_0: 0.0275
train MSE group_1: 0.0271
train MSE group_2: nan
train MSE group_3: nan
CE loss (TEST): 0.0
Experiment 32380
Epoch 3000 [Test seq (cond on sampled tp)] | Loss 139.668121 | Likelihood -138.081696 | KL fp 4.4470 | FP STD 0.0995|
KL coef: 0.9999999999999111
Train loss (one batch): 132.7242889404297
Train CE loss (one batch): 0.0
Test MSE (raw): 0.0284
Test MSE (smoothed with alpha=0.01): 0.0311
New best smoothed test MSE: 0.0311. Saving best model to experiments/experiment_32380_best.ckpt
Test MSE group_0: 0.0264
Test MSE group_1: 0.0303
Test MSE group_2: nan
Test MSE group_3: nan
Poisson likelihood: 0.0
CE loss: 0.0
train MSE group_0: 0.0273
train MSE group_1: 0.0259
train MSE group_2: nan
train MSE group_3: nan
CE loss (TEST): 0.0
