/Users/benjaminmaurel/Documents/Training_Sanofi/notebooks_hands_on/latent_ode/run_models.py
run_models.py --niters 3000 -n 200 -s 40 -l 10 --dataset PK_Tacro --latent-ode --noise-weight 0.01 --max-t 5. --seed 197 --experiment 27668
Experiment 27668
Epoch 1000 [Test seq (cond on sampled tp)] | Loss 168.227463 | Likelihood -167.305740 | KL fp 4.5501 | FP STD 0.1008|
KL coef: 0.9999522643707747
Train loss (one batch): 178.49905395507812
Train CE loss (one batch): 0.0
Test MSE (raw): 0.0342
Test MSE (smoothed with alpha=0.01): 0.0342
New best smoothed test MSE: 0.0342. Saving best model to experiments/experiment_27668_best.ckpt
Test MSE group_0: 0.0294
Test MSE group_1: 0.0390
Test MSE group_2: nan
Test MSE group_3: nan
Poisson likelihood: 0.0
CE loss: 0.0
train MSE group_0: 0.0312
train MSE group_1: 0.0411
train MSE group_2: nan
train MSE group_3: nan
CE loss (TEST): 0.0
Experiment 27668
Epoch 2000 [Test seq (cond on sampled tp)] | Loss 147.512466 | Likelihood -146.487915 | KL fp 4.6414 | FP STD 0.0789|
KL coef: 0.9999999979391934
Train loss (one batch): 157.56727600097656
Train CE loss (one batch): 0.0
Test MSE (raw): 0.0300
Test MSE (smoothed with alpha=0.01): 0.0342
New best smoothed test MSE: 0.0342. Saving best model to experiments/experiment_27668_best.ckpt
Test MSE group_0: 0.0277
Test MSE group_1: 0.0323
Test MSE group_2: nan
Test MSE group_3: nan
Poisson likelihood: 0.0
CE loss: 0.0
train MSE group_0: 0.0294
train MSE group_1: 0.0339
train MSE group_2: nan
train MSE group_3: nan
CE loss (TEST): 0.0
Experiment 27668
Epoch 3000 [Test seq (cond on sampled tp)] | Loss 138.278229 | Likelihood -136.670578 | KL fp 4.5885 | FP STD 0.0752|
KL coef: 0.9999999999999111
Train loss (one batch): 146.1066436767578
Train CE loss (one batch): 0.0
Test MSE (raw): 0.0281
Test MSE (smoothed with alpha=0.01): 0.0341
New best smoothed test MSE: 0.0341. Saving best model to experiments/experiment_27668_best.ckpt
Test MSE group_0: 0.0267
Test MSE group_1: 0.0294
Test MSE group_2: nan
Test MSE group_3: nan
Poisson likelihood: 0.0
CE loss: 0.0
train MSE group_0: 0.0277
train MSE group_1: 0.0310
train MSE group_2: nan
train MSE group_3: nan
CE loss (TEST): 0.0
