/Users/benjaminmaurel/Documents/Training_Sanofi/notebooks_hands_on/latent_ode/run_models.py
run_models.py --niters 3000 -n 200 -s 40 -l 10 --dataset PK_Tacro --latent-ode --noise-weight 0.01 --max-t 5. --seed 2 --experiment 39891
Experiment 39891
Epoch 1000 [Test seq (cond on sampled tp)] | Loss 185.827515 | Likelihood -182.882309 | KL fp 5.6351 | FP STD 0.1001|
KL coef: 0.9999522643707747
Train loss (one batch): 175.19129943847656
Train CE loss (one batch): 0.0
Test MSE (raw): 0.0373
Test MSE (smoothed with alpha=0.01): 0.0373
New best smoothed test MSE: 0.0373. Saving best model to experiments/experiment_39891_best.ckpt
Test MSE group_0: 0.0347
Test MSE group_1: 0.0396
Test MSE group_2: nan
Test MSE group_3: nan
Poisson likelihood: 0.0
CE loss: 0.0
train MSE group_0: 0.0308
train MSE group_1: 0.0384
train MSE group_2: nan
train MSE group_3: nan
CE loss (TEST): 0.0
Experiment 39891
Epoch 2000 [Test seq (cond on sampled tp)] | Loss 176.219574 | Likelihood -174.242096 | KL fp 5.4581 | FP STD 0.1306|
KL coef: 0.9999999979391934
Train loss (one batch): 165.14454650878906
Train CE loss (one batch): 0.0
Test MSE (raw): 0.0356
Test MSE (smoothed with alpha=0.01): 0.0373
New best smoothed test MSE: 0.0373. Saving best model to experiments/experiment_39891_best.ckpt
Test MSE group_0: 0.0341
Test MSE group_1: 0.0369
Test MSE group_2: nan
Test MSE group_3: nan
Poisson likelihood: 0.0
CE loss: 0.0
train MSE group_0: 0.0300
train MSE group_1: 0.0358
train MSE group_2: nan
train MSE group_3: nan
CE loss (TEST): 0.0
Experiment 39891
Epoch 3000 [Test seq (cond on sampled tp)] | Loss 167.258484 | Likelihood -164.773743 | KL fp 5.2880 | FP STD 0.1040|
KL coef: 0.9999999999999111
Train loss (one batch): 154.60250854492188
Train CE loss (one batch): 0.0
Test MSE (raw): 0.0337
Test MSE (smoothed with alpha=0.01): 0.0373
New best smoothed test MSE: 0.0373. Saving best model to experiments/experiment_39891_best.ckpt
Test MSE group_0: 0.0328
Test MSE group_1: 0.0346
Test MSE group_2: nan
Test MSE group_3: nan
Poisson likelihood: 0.0
CE loss: 0.0
train MSE group_0: 0.0278
train MSE group_1: 0.0334
train MSE group_2: nan
train MSE group_3: nan
CE loss (TEST): 0.0
