/Users/benjaminmaurel/Documents/Training_Sanofi/notebooks_hands_on/latent_ode/run_models.py
run_models.py --niters 3000 -n 200 -s 40 -l 10 --dataset PK_Tacro --latent-ode --noise-weight 0.01 --max-t 5. --seed 31 --experiment 11258
Experiment 11258
Epoch 1000 [Test seq (cond on sampled tp)] | Loss 246.315460 | Likelihood -243.548355 | KL fp 5.8285 | FP STD 0.1176|
KL coef: 0.9999522643707747
Train loss (one batch): 250.01715087890625
Train CE loss (one batch): 0.0
Test MSE (raw): 0.0494
Test MSE (smoothed with alpha=0.01): 0.0494
New best smoothed test MSE: 0.0494. Saving best model to experiments/experiment_11258_best.ckpt
Test MSE group_0: 0.0444
Test MSE group_1: 0.0543
Test MSE group_2: nan
Test MSE group_3: nan
Poisson likelihood: 0.0
CE loss: 0.0
train MSE group_0: 0.0446
train MSE group_1: 0.0553
train MSE group_2: nan
train MSE group_3: nan
CE loss (TEST): 0.0
Experiment 11258
Epoch 2000 [Test seq (cond on sampled tp)] | Loss 200.545914 | Likelihood -200.722473 | KL fp 5.3566 | FP STD 0.1150|
KL coef: 0.9999999979391934
Train loss (one batch): 202.9123077392578
Train CE loss (one batch): 0.0
Test MSE (raw): 0.0409
Test MSE (smoothed with alpha=0.01): 0.0494
New best smoothed test MSE: 0.0494. Saving best model to experiments/experiment_11258_best.ckpt
Test MSE group_0: 0.0371
Test MSE group_1: 0.0444
Test MSE group_2: nan
Test MSE group_3: nan
Poisson likelihood: 0.0
CE loss: 0.0
train MSE group_0: 0.0377
train MSE group_1: 0.0435
train MSE group_2: nan
train MSE group_3: nan
CE loss (TEST): 0.0
Experiment 11258
Epoch 3000 [Test seq (cond on sampled tp)] | Loss 196.784561 | Likelihood -194.242310 | KL fp 5.2288 | FP STD 0.0902|
KL coef: 0.9999999999999111
Train loss (one batch): 191.85406494140625
Train CE loss (one batch): 0.0
Test MSE (raw): 0.0396
Test MSE (smoothed with alpha=0.01): 0.0493
New best smoothed test MSE: 0.0493. Saving best model to experiments/experiment_11258_best.ckpt
Test MSE group_0: 0.0358
Test MSE group_1: 0.0430
Test MSE group_2: nan
Test MSE group_3: nan
Poisson likelihood: 0.0
CE loss: 0.0
train MSE group_0: 0.0363
train MSE group_1: 0.0404
train MSE group_2: nan
train MSE group_3: nan
CE loss (TEST): 0.0
