/Users/benjaminmaurel/Documents/Training_Sanofi/notebooks_hands_on/latent_ode/run_models.py
run_models.py --niters 3000 -n 200 -s 40 -l 10 --dataset PK_Tacro --latent-ode --noise-weight 0.01 --max-t 5. --seed 190 --experiment 15731
Experiment 15731
Epoch 1000 [Test seq (cond on sampled tp)] | Loss 231.421722 | Likelihood -232.116119 | KL fp 3.9144 | FP STD 0.1377|
KL coef: 0.9999522643707747
Train loss (one batch): 230.2395477294922
Train CE loss (one batch): 0.0
Test MSE (raw): 0.0472
Test MSE (smoothed with alpha=0.01): 0.0472
New best smoothed test MSE: 0.0472. Saving best model to experiments/experiment_15731_best.ckpt
Test MSE group_0: 0.0400
Test MSE group_1: 0.0542
Test MSE group_2: nan
Test MSE group_3: nan
Poisson likelihood: 0.0
CE loss: 0.0
train MSE group_0: 0.0410
train MSE group_1: 0.0528
train MSE group_2: nan
train MSE group_3: nan
CE loss (TEST): 0.0
Experiment 15731
Epoch 2000 [Test seq (cond on sampled tp)] | Loss 213.309067 | Likelihood -211.504013 | KL fp 4.3893 | FP STD 0.0686|
KL coef: 0.9999999979391934
Train loss (one batch): 212.86024475097656
Train CE loss (one batch): 0.0
Test MSE (raw): 0.0430
Test MSE (smoothed with alpha=0.01): 0.0471
New best smoothed test MSE: 0.0471. Saving best model to experiments/experiment_15731_best.ckpt
Test MSE group_0: 0.0375
Test MSE group_1: 0.0485
Test MSE group_2: nan
Test MSE group_3: nan
Poisson likelihood: 0.0
CE loss: 0.0
train MSE group_0: 0.0388
train MSE group_1: 0.0472
train MSE group_2: nan
train MSE group_3: nan
CE loss (TEST): 0.0
Experiment 15731
Epoch 3000 [Test seq (cond on sampled tp)] | Loss 178.601471 | Likelihood -177.194443 | KL fp 4.1819 | FP STD 0.0876|
KL coef: 0.9999999999999111
Train loss (one batch): 185.01937866210938
Train CE loss (one batch): 0.0
Test MSE (raw): 0.0362
Test MSE (smoothed with alpha=0.01): 0.0470
New best smoothed test MSE: 0.0470. Saving best model to experiments/experiment_15731_best.ckpt
Test MSE group_0: 0.0319
Test MSE group_1: 0.0404
Test MSE group_2: nan
Test MSE group_3: nan
Poisson likelihood: 0.0
CE loss: 0.0
train MSE group_0: 0.0353
train MSE group_1: 0.0394
train MSE group_2: nan
train MSE group_3: nan
CE loss (TEST): 0.0
