/Users/benjaminmaurel/Documents/Training_Sanofi/notebooks_hands_on/latent_ode/run_models.py
run_models.py --niters 3000 -n 200 -s 40 -l 10 --dataset PK_Tacro --latent-ode --noise-weight 0.01 --max-t 5. --seed 50 --experiment 40253
Experiment 40253
Epoch 1000 [Test seq (cond on sampled tp)] | Loss 259.019226 | Likelihood -259.419556 | KL fp 3.8720 | FP STD 0.2170|
KL coef: 0.9999522643707747
Train loss (one batch): 259.56982421875
Train CE loss (one batch): 0.0
Test MSE (raw): 0.0526
Test MSE (smoothed with alpha=0.01): 0.0526
New best smoothed test MSE: 0.0526. Saving best model to experiments/experiment_40253_best.ckpt
Test MSE group_0: 0.0462
Test MSE group_1: 0.0588
Test MSE group_2: nan
Test MSE group_3: nan
Poisson likelihood: 0.0
CE loss: 0.0
train MSE group_0: 0.0500
train MSE group_1: 0.0547
train MSE group_2: nan
train MSE group_3: nan
CE loss (TEST): 0.0
Experiment 40253
Epoch 2000 [Test seq (cond on sampled tp)] | Loss 230.576843 | Likelihood -230.578400 | KL fp 3.9117 | FP STD 0.1528|
KL coef: 0.9999999979391934
Train loss (one batch): 229.66741943359375
Train CE loss (one batch): 0.0
Test MSE (raw): 0.0469
Test MSE (smoothed with alpha=0.01): 0.0526
New best smoothed test MSE: 0.0526. Saving best model to experiments/experiment_40253_best.ckpt
Test MSE group_0: 0.0422
Test MSE group_1: 0.0513
Test MSE group_2: nan
Test MSE group_3: nan
Poisson likelihood: 0.0
CE loss: 0.0
train MSE group_0: 0.0460
train MSE group_1: 0.0465
train MSE group_2: nan
train MSE group_3: nan
CE loss (TEST): 0.0
Experiment 40253
Epoch 3000 [Test seq (cond on sampled tp)] | Loss 191.099213 | Likelihood -189.662308 | KL fp 4.3096 | FP STD 0.0778|
KL coef: 0.9999999999999111
Train loss (one batch): 185.0965576171875
Train CE loss (one batch): 0.0
Test MSE (raw): 0.0387
Test MSE (smoothed with alpha=0.01): 0.0524
New best smoothed test MSE: 0.0524. Saving best model to experiments/experiment_40253_best.ckpt
Test MSE group_0: 0.0355
Test MSE group_1: 0.0416
Test MSE group_2: nan
Test MSE group_3: nan
Poisson likelihood: 0.0
CE loss: 0.0
train MSE group_0: 0.0388
train MSE group_1: 0.0353
train MSE group_2: nan
train MSE group_3: nan
CE loss (TEST): 0.0
