/Users/benjaminmaurel/Documents/Training_Sanofi/notebooks_hands_on/latent_ode/run_models.py
run_models.py --niters 3000 -n 200 -s 40 -l 10 --dataset PK_Tacro --latent-ode --noise-weight 0.01 --max-t 5. --seed 41 --experiment 25298
Experiment 25298
Epoch 1000 [Test seq (cond on sampled tp)] | Loss 168.375305 | Likelihood -168.821533 | KL fp 3.6518 | FP STD 0.2227|
KL coef: 0.9999522643707747
Train loss (one batch): 174.89157104492188
Train CE loss (one batch): 0.0
Test MSE (raw): 0.0345
Test MSE (smoothed with alpha=0.01): 0.0345
New best smoothed test MSE: 0.0345. Saving best model to experiments/experiment_25298_best.ckpt
Test MSE group_0: 0.0321
Test MSE group_1: 0.0369
Test MSE group_2: nan
Test MSE group_3: nan
Poisson likelihood: 0.0
CE loss: 0.0
train MSE group_0: 0.0335
train MSE group_1: 0.0379
train MSE group_2: nan
train MSE group_3: nan
CE loss (TEST): 0.0
Experiment 25298
Epoch 2000 [Test seq (cond on sampled tp)] | Loss 148.706467 | Likelihood -148.396744 | KL fp 3.8173 | FP STD 0.1533|
KL coef: 0.9999999979391934
Train loss (one batch): 147.66770935058594
Train CE loss (one batch): 0.0
Test MSE (raw): 0.0304
Test MSE (smoothed with alpha=0.01): 0.0345
New best smoothed test MSE: 0.0345. Saving best model to experiments/experiment_25298_best.ckpt
Test MSE group_0: 0.0293
Test MSE group_1: 0.0315
Test MSE group_2: nan
Test MSE group_3: nan
Poisson likelihood: 0.0
CE loss: 0.0
train MSE group_0: 0.0305
train MSE group_1: 0.0297
train MSE group_2: nan
train MSE group_3: nan
CE loss (TEST): 0.0
Experiment 25298
Epoch 3000 [Test seq (cond on sampled tp)] | Loss 141.741180 | Likelihood -140.531311 | KL fp 4.0313 | FP STD 0.1094|
KL coef: 0.9999999999999111
Train loss (one batch): 139.8227996826172
Train CE loss (one batch): 0.0
Test MSE (raw): 0.0288
Test MSE (smoothed with alpha=0.01): 0.0344
New best smoothed test MSE: 0.0344. Saving best model to experiments/experiment_25298_best.ckpt
Test MSE group_0: 0.0271
Test MSE group_1: 0.0305
Test MSE group_2: nan
Test MSE group_3: nan
Poisson likelihood: 0.0
CE loss: 0.0
train MSE group_0: 0.0284
train MSE group_1: 0.0281
train MSE group_2: nan
train MSE group_3: nan
CE loss (TEST): 0.0
