/Users/benjaminmaurel/Documents/Training_Sanofi/notebooks_hands_on/latent_ode/run_models.py
run_models.py --niters 3000 -n 200 -s 40 -l 10 --dataset PK_Tacro --latent-ode --noise-weight 0.01 --max-t 5. --seed 21 --experiment 23657
Experiment 23657
Epoch 1000 [Test seq (cond on sampled tp)] | Loss 237.638367 | Likelihood -237.554413 | KL fp 4.1079 | FP STD 0.1363|
KL coef: 0.9999522643707747
Train loss (one batch): 236.8931121826172
Train CE loss (one batch): 0.0
Test MSE (raw): 0.0482
Test MSE (smoothed with alpha=0.01): 0.0482
New best smoothed test MSE: 0.0482. Saving best model to experiments/experiment_23657_best.ckpt
Test MSE group_0: 0.0414
Test MSE group_1: 0.0547
Test MSE group_2: nan
Test MSE group_3: nan
Poisson likelihood: 0.0
CE loss: 0.0
train MSE group_0: 0.0393
train MSE group_1: 0.0574
train MSE group_2: nan
train MSE group_3: nan
CE loss (TEST): 0.0
Experiment 23657
Epoch 2000 [Test seq (cond on sampled tp)] | Loss 194.939636 | Likelihood -193.577408 | KL fp 4.2678 | FP STD 0.0786|
KL coef: 0.9999999979391934
Train loss (one batch): 187.5607452392578
Train CE loss (one batch): 0.0
Test MSE (raw): 0.0395
Test MSE (smoothed with alpha=0.01): 0.0482
New best smoothed test MSE: 0.0482. Saving best model to experiments/experiment_23657_best.ckpt
Test MSE group_0: 0.0353
Test MSE group_1: 0.0433
Test MSE group_2: nan
Test MSE group_3: nan
Poisson likelihood: 0.0
CE loss: 0.0
train MSE group_0: 0.0324
train MSE group_1: 0.0439
train MSE group_2: nan
train MSE group_3: nan
CE loss (TEST): 0.0
Experiment 23657
Epoch 3000 [Test seq (cond on sampled tp)] | Loss 185.613647 | Likelihood -184.543793 | KL fp 4.3853 | FP STD 0.0887|
KL coef: 0.9999999999999111
Train loss (one batch): 176.7394256591797
Train CE loss (one batch): 0.0
Test MSE (raw): 0.0376
Test MSE (smoothed with alpha=0.01): 0.0481
New best smoothed test MSE: 0.0481. Saving best model to experiments/experiment_23657_best.ckpt
Test MSE group_0: 0.0340
Test MSE group_1: 0.0411
Test MSE group_2: nan
Test MSE group_3: nan
Poisson likelihood: 0.0
CE loss: 0.0
train MSE group_0: 0.0310
train MSE group_1: 0.0409
train MSE group_2: nan
train MSE group_3: nan
CE loss (TEST): 0.0
