/Users/benjaminmaurel/Documents/Training_Sanofi/notebooks_hands_on/latent_ode/run_models.py
run_models.py --niters 3000 -n 200 -s 40 -l 10 --dataset PK_Tacro --latent-ode --noise-weight 0.01 --max-t 5. --seed 105 --experiment 42557
Experiment 42557
Epoch 1000 [Test seq (cond on sampled tp)] | Loss 165.707840 | Likelihood -164.574768 | KL fp 5.1329 | FP STD 0.1944|
KL coef: 0.9999522643707747
Train loss (one batch): 183.0049285888672
Train CE loss (one batch): 0.0
Test MSE (raw): 0.0337
Test MSE (smoothed with alpha=0.01): 0.0337
New best smoothed test MSE: 0.0337. Saving best model to experiments/experiment_42557_best.ckpt
Test MSE group_0: 0.0313
Test MSE group_1: 0.0360
Test MSE group_2: nan
Test MSE group_3: nan
Poisson likelihood: 0.0
CE loss: 0.0
train MSE group_0: 0.0314
train MSE group_1: 0.0422
train MSE group_2: nan
train MSE group_3: nan
CE loss (TEST): 0.0
Experiment 42557
Epoch 2000 [Test seq (cond on sampled tp)] | Loss 146.557297 | Likelihood -143.509888 | KL fp 5.9377 | FP STD 0.0907|
KL coef: 0.9999999979391934
Train loss (one batch): 160.1490020751953
Train CE loss (one batch): 0.0
Test MSE (raw): 0.0294
Test MSE (smoothed with alpha=0.01): 0.0336
New best smoothed test MSE: 0.0336. Saving best model to experiments/experiment_42557_best.ckpt
Test MSE group_0: 0.0286
Test MSE group_1: 0.0303
Test MSE group_2: nan
Test MSE group_3: nan
Poisson likelihood: 0.0
CE loss: 0.0
train MSE group_0: 0.0288
train MSE group_1: 0.0347
train MSE group_2: nan
train MSE group_3: nan
CE loss (TEST): 0.0
Experiment 42557
Epoch 3000 [Test seq (cond on sampled tp)] | Loss 144.172455 | Likelihood -142.711853 | KL fp 5.6733 | FP STD 0.1205|
KL coef: 0.9999999999999111
Train loss (one batch): 156.7060546875
Train CE loss (one batch): 0.0
Test MSE (raw): 0.0293
Test MSE (smoothed with alpha=0.01): 0.0336
New best smoothed test MSE: 0.0336. Saving best model to experiments/experiment_42557_best.ckpt
Test MSE group_0: 0.0278
Test MSE group_1: 0.0308
Test MSE group_2: nan
Test MSE group_3: nan
Poisson likelihood: 0.0
CE loss: 0.0
train MSE group_0: 0.0281
train MSE group_1: 0.0343
train MSE group_2: nan
train MSE group_3: nan
CE loss (TEST): 0.0
