/Users/benjaminmaurel/Documents/Training_Sanofi/notebooks_hands_on/latent_ode/run_models.py
run_models.py --niters 3000 -n 200 -s 40 -l 10 --dataset PK_Tacro --latent-ode --noise-weight 0.01 --max-t 5. --seed 6 --experiment 11165
Experiment 11165
Epoch 1000 [Test seq (cond on sampled tp)] | Loss 183.180374 | Likelihood -178.536255 | KL fp 7.6776 | FP STD 0.1946|
KL coef: 0.9999522643707747
Train loss (one batch): 182.40025329589844
Train CE loss (one batch): 0.0
Test MSE (raw): 0.0364
Test MSE (smoothed with alpha=0.01): 0.0364
New best smoothed test MSE: 0.0364. Saving best model to experiments/experiment_11165_best.ckpt
Test MSE group_0: 0.0315
Test MSE group_1: 0.0419
Test MSE group_2: nan
Test MSE group_3: nan
Poisson likelihood: 0.0
CE loss: 0.0
train MSE group_0: 0.0333
train MSE group_1: 0.0382
train MSE group_2: nan
train MSE group_3: nan
CE loss (TEST): 0.0
Experiment 11165
Epoch 2000 [Test seq (cond on sampled tp)] | Loss 164.840240 | Likelihood -159.917816 | KL fp 7.5610 | FP STD 0.2041|
KL coef: 0.9999999979391934
Train loss (one batch): 161.83001708984375
Train CE loss (one batch): 0.0
Test MSE (raw): 0.0327
Test MSE (smoothed with alpha=0.01): 0.0364
New best smoothed test MSE: 0.0364. Saving best model to experiments/experiment_11165_best.ckpt
Test MSE group_0: 0.0305
Test MSE group_1: 0.0352
Test MSE group_2: nan
Test MSE group_3: nan
Poisson likelihood: 0.0
CE loss: 0.0
train MSE group_0: 0.0315
train MSE group_1: 0.0321
train MSE group_2: nan
train MSE group_3: nan
CE loss (TEST): 0.0
Experiment 11165
Epoch 3000 [Test seq (cond on sampled tp)] | Loss 158.416153 | Likelihood -153.956223 | KL fp 7.0898 | FP STD 0.1740|
KL coef: 0.9999999999999111
Train loss (one batch): 154.08421325683594
Train CE loss (one batch): 0.0
Test MSE (raw): 0.0315
Test MSE (smoothed with alpha=0.01): 0.0364
New best smoothed test MSE: 0.0364. Saving best model to experiments/experiment_11165_best.ckpt
Test MSE group_0: 0.0302
Test MSE group_1: 0.0330
Test MSE group_2: nan
Test MSE group_3: nan
Poisson likelihood: 0.0
CE loss: 0.0
train MSE group_0: 0.0310
train MSE group_1: 0.0298
train MSE group_2: nan
train MSE group_3: nan
CE loss (TEST): 0.0
