/Users/benjaminmaurel/Documents/Training_Sanofi/notebooks_hands_on/latent_ode/run_models.py
run_models.py --niters 3000 -n 200 -s 40 -l 10 --dataset PK_Tacro --latent-ode --noise-weight 0.01 --max-t 5. --seed 157 --experiment 42438
Experiment 42438
Epoch 1000 [Test seq (cond on sampled tp)] | Loss 177.138641 | Likelihood -178.072296 | KL fp 5.0161 | FP STD 0.1928|
KL coef: 0.9999522643707747
Train loss (one batch): 175.57046508789062
Train CE loss (one batch): 0.0
Test MSE (raw): 0.0364
Test MSE (smoothed with alpha=0.01): 0.0364
New best smoothed test MSE: 0.0364. Saving best model to experiments/experiment_42438_best.ckpt
Test MSE group_0: 0.0316
Test MSE group_1: 0.0411
Test MSE group_2: nan
Test MSE group_3: nan
Poisson likelihood: 0.0
CE loss: 0.0
train MSE group_0: 0.0338
train MSE group_1: 0.0372
train MSE group_2: nan
train MSE group_3: nan
CE loss (TEST): 0.0
Experiment 42438
Epoch 2000 [Test seq (cond on sampled tp)] | Loss 152.279251 | Likelihood -150.773926 | KL fp 4.7423 | FP STD 0.1451|
KL coef: 0.9999999979391934
Train loss (one batch): 153.76333618164062
Train CE loss (one batch): 0.0
Test MSE (raw): 0.0309
Test MSE (smoothed with alpha=0.01): 0.0363
New best smoothed test MSE: 0.0363. Saving best model to experiments/experiment_42438_best.ckpt
Test MSE group_0: 0.0289
Test MSE group_1: 0.0328
Test MSE group_2: nan
Test MSE group_3: nan
Poisson likelihood: 0.0
CE loss: 0.0
train MSE group_0: 0.0316
train MSE group_1: 0.0301
train MSE group_2: nan
train MSE group_3: nan
CE loss (TEST): 0.0
Experiment 42438
Epoch 3000 [Test seq (cond on sampled tp)] | Loss 140.275162 | Likelihood -137.773804 | KL fp 5.0366 | FP STD 0.0908|
KL coef: 0.9999999999999111
Train loss (one batch): 141.15464782714844
Train CE loss (one batch): 0.0
Test MSE (raw): 0.0283
Test MSE (smoothed with alpha=0.01): 0.0362
New best smoothed test MSE: 0.0362. Saving best model to experiments/experiment_42438_best.ckpt
Test MSE group_0: 0.0258
Test MSE group_1: 0.0307
Test MSE group_2: nan
Test MSE group_3: nan
Poisson likelihood: 0.0
CE loss: 0.0
train MSE group_0: 0.0285
train MSE group_1: 0.0278
train MSE group_2: nan
train MSE group_3: nan
CE loss (TEST): 0.0
