/Users/benjaminmaurel/Documents/Training_Sanofi/notebooks_hands_on/latent_ode/run_models.py
run_models.py --niters 3000 -n 200 -s 40 -l 10 --dataset PK_Tacro --latent-ode --noise-weight 0.01 --max-t 5. --seed 1 --experiment 19802
Experiment 19802
Epoch 1000 [Test seq (cond on sampled tp)] | Loss 191.856522 | Likelihood -189.316620 | KL fp 5.5518 | FP STD 0.0872|
KL coef: 0.9999522643707747
Train loss (one batch): 190.45059204101562
Train CE loss (one batch): 0.0
Test MSE (raw): 0.0386
Test MSE (smoothed with alpha=0.01): 0.0386
New best smoothed test MSE: 0.0386. Saving best model to experiments/experiment_19802_best.ckpt
Test MSE group_0: 0.0352
Test MSE group_1: 0.0417
Test MSE group_2: nan
Test MSE group_3: nan
Poisson likelihood: 0.0
CE loss: 0.0
train MSE group_0: 0.0338
train MSE group_1: 0.0422
train MSE group_2: nan
train MSE group_3: nan
CE loss (TEST): 0.0
Experiment 19802
Epoch 2000 [Test seq (cond on sampled tp)] | Loss 181.894730 | Likelihood -180.096680 | KL fp 5.1959 | FP STD 0.1150|
KL coef: 0.9999999979391934
Train loss (one batch): 180.86424255371094
Train CE loss (one batch): 0.0
Test MSE (raw): 0.0368
Test MSE (smoothed with alpha=0.01): 0.0386
New best smoothed test MSE: 0.0386. Saving best model to experiments/experiment_19802_best.ckpt
Test MSE group_0: 0.0338
Test MSE group_1: 0.0395
Test MSE group_2: nan
Test MSE group_3: nan
Poisson likelihood: 0.0
CE loss: 0.0
train MSE group_0: 0.0329
train MSE group_1: 0.0395
train MSE group_2: nan
train MSE group_3: nan
CE loss (TEST): 0.0
Experiment 19802
Epoch 3000 [Test seq (cond on sampled tp)] | Loss 178.957703 | Likelihood -177.379242 | KL fp 5.1073 | FP STD 0.1110|
KL coef: 0.9999999999999111
Train loss (one batch): 176.65330505371094
Train CE loss (one batch): 0.0
Test MSE (raw): 0.0362
Test MSE (smoothed with alpha=0.01): 0.0386
New best smoothed test MSE: 0.0386. Saving best model to experiments/experiment_19802_best.ckpt
Test MSE group_0: 0.0344
Test MSE group_1: 0.0379
Test MSE group_2: nan
Test MSE group_3: nan
Poisson likelihood: 0.0
CE loss: 0.0
train MSE group_0: 0.0336
train MSE group_1: 0.0374
train MSE group_2: nan
train MSE group_3: nan
CE loss (TEST): 0.0
