/Users/benjaminmaurel/Documents/Training_Sanofi/notebooks_hands_on/latent_ode/run_models.py
run_models.py --niters 3000 -n 200 -s 40 -l 10 --dataset PK_Tacro --latent-ode --noise-weight 0.01 --max-t 5. --seed 187 --experiment 13572
Experiment 13572
Epoch 1000 [Test seq (cond on sampled tp)] | Loss 159.634827 | Likelihood -155.879456 | KL fp 6.4435 | FP STD 0.1019|
KL coef: 0.9999522643707747
Train loss (one batch): 161.60430908203125
Train CE loss (one batch): 0.0
Test MSE (raw): 0.0319
Test MSE (smoothed with alpha=0.01): 0.0319
New best smoothed test MSE: 0.0319. Saving best model to experiments/experiment_13572_best.ckpt
Test MSE group_0: 0.0291
Test MSE group_1: 0.0347
Test MSE group_2: nan
Test MSE group_3: nan
Poisson likelihood: 0.0
CE loss: 0.0
train MSE group_0: 0.0309
train MSE group_1: 0.0331
train MSE group_2: nan
train MSE group_3: nan
CE loss (TEST): 0.0
Experiment 13572
Epoch 2000 [Test seq (cond on sampled tp)] | Loss 151.858856 | Likelihood -148.922791 | KL fp 5.9729 | FP STD 0.1480|
KL coef: 0.9999999979391934
Train loss (one batch): 151.27239990234375
Train CE loss (one batch): 0.0
Test MSE (raw): 0.0305
Test MSE (smoothed with alpha=0.01): 0.0319
New best smoothed test MSE: 0.0319. Saving best model to experiments/experiment_13572_best.ckpt
Test MSE group_0: 0.0283
Test MSE group_1: 0.0327
Test MSE group_2: nan
Test MSE group_3: nan
Poisson likelihood: 0.0
CE loss: 0.0
train MSE group_0: 0.0300
train MSE group_1: 0.0300
train MSE group_2: nan
train MSE group_3: nan
CE loss (TEST): 0.0
Experiment 13572
Epoch 3000 [Test seq (cond on sampled tp)] | Loss 143.315079 | Likelihood -140.173615 | KL fp 5.7386 | FP STD 0.1202|
KL coef: 0.9999999999999111
Train loss (one batch): 141.87330627441406
Train CE loss (one batch): 0.0
Test MSE (raw): 0.0288
Test MSE (smoothed with alpha=0.01): 0.0319
New best smoothed test MSE: 0.0319. Saving best model to experiments/experiment_13572_best.ckpt
Test MSE group_0: 0.0271
Test MSE group_1: 0.0304
Test MSE group_2: nan
Test MSE group_3: nan
Poisson likelihood: 0.0
CE loss: 0.0
train MSE group_0: 0.0285
train MSE group_1: 0.0279
train MSE group_2: nan
train MSE group_3: nan
CE loss (TEST): 0.0
