/Users/benjaminmaurel/Documents/Training_Sanofi/notebooks_hands_on/latent_ode/run_models.py
run_models.py --niters 3000 -n 200 -s 40 -l 10 --dataset PK_Tacro --latent-ode --noise-weight 0.01 --max-t 5. --seed 129 --experiment 12583
Experiment 12583
Epoch 1000 [Test seq (cond on sampled tp)] | Loss 149.425827 | Likelihood -147.473358 | KL fp 5.5940 | FP STD 0.1157|
KL coef: 0.9999522643707747
Train loss (one batch): 170.24322509765625
Train CE loss (one batch): 0.0
Test MSE (raw): 0.0302
Test MSE (smoothed with alpha=0.01): 0.0302
New best smoothed test MSE: 0.0302. Saving best model to experiments/experiment_12583_best.ckpt
Test MSE group_0: 0.0275
Test MSE group_1: 0.0330
Test MSE group_2: nan
Test MSE group_3: nan
Poisson likelihood: 0.0
CE loss: 0.0
train MSE group_0: 0.0299
train MSE group_1: 0.0385
train MSE group_2: nan
train MSE group_3: nan
CE loss (TEST): 0.0
Experiment 12583
Epoch 2000 [Test seq (cond on sampled tp)] | Loss 134.792191 | Likelihood -131.888123 | KL fp 5.5363 | FP STD 0.0876|
KL coef: 0.9999999979391934
Train loss (one batch): 148.9205780029297
Train CE loss (one batch): 0.0
Test MSE (raw): 0.0271
Test MSE (smoothed with alpha=0.01): 0.0302
New best smoothed test MSE: 0.0302. Saving best model to experiments/experiment_12583_best.ckpt
Test MSE group_0: 0.0255
Test MSE group_1: 0.0288
Test MSE group_2: nan
Test MSE group_3: nan
Poisson likelihood: 0.0
CE loss: 0.0
train MSE group_0: 0.0273
train MSE group_1: 0.0323
train MSE group_2: nan
train MSE group_3: nan
CE loss (TEST): 0.0
Experiment 12583
Epoch 3000 [Test seq (cond on sampled tp)] | Loss 125.723068 | Likelihood -122.889404 | KL fp 5.5562 | FP STD 0.0865|
KL coef: 0.9999999999999111
Train loss (one batch): 135.14007568359375
Train CE loss (one batch): 0.0
Test MSE (raw): 0.0253
Test MSE (smoothed with alpha=0.01): 0.0302
New best smoothed test MSE: 0.0302. Saving best model to experiments/experiment_12583_best.ckpt
Test MSE group_0: 0.0242
Test MSE group_1: 0.0264
Test MSE group_2: nan
Test MSE group_3: nan
Poisson likelihood: 0.0
CE loss: 0.0
train MSE group_0: 0.0254
train MSE group_1: 0.0286
train MSE group_2: nan
train MSE group_3: nan
CE loss (TEST): 0.0
