/Users/benjaminmaurel/Documents/Training_Sanofi/notebooks_hands_on/latent_ode/run_models.py
run_models.py --niters 3000 -n 200 -s 40 -l 10 --dataset PK_Tacro --latent-ode --noise-weight 0.01 --max-t 5. --seed 15 --experiment 39128
Experiment 39128
Epoch 1000 [Test seq (cond on sampled tp)] | Loss 204.579254 | Likelihood -199.713196 | KL fp 8.8168 | FP STD 0.1602|
KL coef: 0.9999522643707747
Train loss (one batch): 182.47804260253906
Train CE loss (one batch): 0.0
Test MSE (raw): 0.0407
Test MSE (smoothed with alpha=0.01): 0.0407
New best smoothed test MSE: 0.0407. Saving best model to experiments/experiment_39128_best.ckpt
Test MSE group_0: 0.0346
Test MSE group_1: 0.0464
Test MSE group_2: nan
Test MSE group_3: nan
Poisson likelihood: 0.0
CE loss: 0.0
train MSE group_0: 0.0282
train MSE group_1: 0.0437
train MSE group_2: nan
train MSE group_3: nan
CE loss (TEST): 0.0
Experiment 39128
Epoch 2000 [Test seq (cond on sampled tp)] | Loss 185.144119 | Likelihood -182.879730 | KL fp 8.3851 | FP STD 0.1149|
KL coef: 0.9999999979391934
Train loss (one batch): 164.29400634765625
Train CE loss (one batch): 0.0
Test MSE (raw): 0.0373
Test MSE (smoothed with alpha=0.01): 0.0406
New best smoothed test MSE: 0.0406. Saving best model to experiments/experiment_39128_best.ckpt
Test MSE group_0: 0.0333
Test MSE group_1: 0.0410
Test MSE group_2: nan
Test MSE group_3: nan
Poisson likelihood: 0.0
CE loss: 0.0
train MSE group_0: 0.0256
train MSE group_1: 0.0393
train MSE group_2: nan
train MSE group_3: nan
CE loss (TEST): 0.0
Experiment 39128
Epoch 3000 [Test seq (cond on sampled tp)] | Loss 173.045853 | Likelihood -167.992828 | KL fp 7.9821 | FP STD 0.0909|
KL coef: 0.9999999999999111
Train loss (one batch): 151.65869140625
Train CE loss (one batch): 0.0
Test MSE (raw): 0.0343
Test MSE (smoothed with alpha=0.01): 0.0406
New best smoothed test MSE: 0.0406. Saving best model to experiments/experiment_39128_best.ckpt
Test MSE group_0: 0.0323
Test MSE group_1: 0.0362
Test MSE group_2: nan
Test MSE group_3: nan
Poisson likelihood: 0.0
CE loss: 0.0
train MSE group_0: 0.0252
train MSE group_1: 0.0343
train MSE group_2: nan
train MSE group_3: nan
CE loss (TEST): 0.0
