/Users/benjaminmaurel/Documents/Training_Sanofi/notebooks_hands_on/latent_ode/run_models.py
run_models.py --niters 3000 -n 200 -s 40 -l 10 --dataset PK_Tacro --latent-ode --noise-weight 0.01 --max-t 5. --seed 198 --experiment 17536
Experiment 17536
Epoch 1000 [Test seq (cond on sampled tp)] | Loss 190.396484 | Likelihood -191.063568 | KL fp 5.2048 | FP STD 0.1472|
KL coef: 0.9999522643707747
Train loss (one batch): 194.91091918945312
Train CE loss (one batch): 0.0
Test MSE (raw): 0.0389
Test MSE (smoothed with alpha=0.01): 0.0389
New best smoothed test MSE: 0.0389. Saving best model to experiments/experiment_17536_best.ckpt
Test MSE group_0: 0.0366
Test MSE group_1: 0.0412
Test MSE group_2: nan
Test MSE group_3: nan
Poisson likelihood: 0.0
CE loss: 0.0
train MSE group_0: 0.0366
train MSE group_1: 0.0426
train MSE group_2: nan
train MSE group_3: nan
CE loss (TEST): 0.0
Experiment 17536
Epoch 2000 [Test seq (cond on sampled tp)] | Loss 153.459686 | Likelihood -151.475388 | KL fp 4.9847 | FP STD 0.1016|
KL coef: 0.9999999979391934
Train loss (one batch): 157.21139526367188
Train CE loss (one batch): 0.0
Test MSE (raw): 0.0310
Test MSE (smoothed with alpha=0.01): 0.0389
New best smoothed test MSE: 0.0389. Saving best model to experiments/experiment_17536_best.ckpt
Test MSE group_0: 0.0280
Test MSE group_1: 0.0340
Test MSE group_2: nan
Test MSE group_3: nan
Poisson likelihood: 0.0
CE loss: 0.0
train MSE group_0: 0.0278
train MSE group_1: 0.0357
train MSE group_2: nan
train MSE group_3: nan
CE loss (TEST): 0.0
Experiment 17536
Epoch 3000 [Test seq (cond on sampled tp)] | Loss 146.493896 | Likelihood -144.590424 | KL fp 4.8962 | FP STD 0.1038|
KL coef: 0.9999999999999111
Train loss (one batch): 149.93972778320312
Train CE loss (one batch): 0.0
Test MSE (raw): 0.0297
Test MSE (smoothed with alpha=0.01): 0.0388
New best smoothed test MSE: 0.0388. Saving best model to experiments/experiment_17536_best.ckpt
Test MSE group_0: 0.0274
Test MSE group_1: 0.0319
Test MSE group_2: nan
Test MSE group_3: nan
Poisson likelihood: 0.0
CE loss: 0.0
train MSE group_0: 0.0268
train MSE group_1: 0.0338
train MSE group_2: nan
train MSE group_3: nan
CE loss (TEST): 0.0
