/Users/benjaminmaurel/Documents/Training_Sanofi/notebooks_hands_on/latent_ode/run_models.py
run_models.py --niters 3000 -n 200 -s 40 -l 10 --dataset PK_Tacro --latent-ode --noise-weight 0.01 --max-t 5. --seed 5 --experiment 11013
Experiment 11013
Epoch 1000 [Test seq (cond on sampled tp)] | Loss 114.991913 | Likelihood -115.494385 | KL fp 4.5655 | FP STD 0.0950|
KL coef: 0.9999522643707747
Train loss (one batch): 108.89271545410156
Train CE loss (one batch): 0.0
Test MSE (raw): 0.0238
Test MSE (smoothed with alpha=0.01): 0.0238
New best smoothed test MSE: 0.0238. Saving best model to experiments/experiment_11013_best.ckpt
Test MSE group_0: 0.0164
Test MSE group_1: 0.0319
Test MSE group_2: nan
Test MSE group_3: nan
Poisson likelihood: 0.0
CE loss: 0.0
train MSE group_0: 0.0176
train MSE group_1: 0.0264
train MSE group_2: nan
train MSE group_3: nan
CE loss (TEST): 0.0
Experiment 11013
Epoch 2000 [Test seq (cond on sampled tp)] | Loss 101.880211 | Likelihood -99.782608 | KL fp 4.7970 | FP STD 0.0678|
KL coef: 0.9999999979391934
Train loss (one batch): 91.79647827148438
Train CE loss (one batch): 0.0
Test MSE (raw): 0.0207
Test MSE (smoothed with alpha=0.01): 0.0238
New best smoothed test MSE: 0.0238. Saving best model to experiments/experiment_11013_best.ckpt
Test MSE group_0: 0.0153
Test MSE group_1: 0.0266
Test MSE group_2: nan
Test MSE group_3: nan
Poisson likelihood: 0.0
CE loss: 0.0
train MSE group_0: 0.0153
train MSE group_1: 0.0215
train MSE group_2: nan
train MSE group_3: nan
CE loss (TEST): 0.0
Experiment 11013
Epoch 3000 [Test seq (cond on sampled tp)] | Loss 96.354233 | Likelihood -94.491714 | KL fp 4.6844 | FP STD 0.0961|
KL coef: 0.9999999999999111
Train loss (one batch): 86.57953643798828
Train CE loss (one batch): 0.0
Test MSE (raw): 0.0196
Test MSE (smoothed with alpha=0.01): 0.0238
New best smoothed test MSE: 0.0238. Saving best model to experiments/experiment_11013_best.ckpt
Test MSE group_0: 0.0150
Test MSE group_1: 0.0246
Test MSE group_2: nan
Test MSE group_3: nan
Poisson likelihood: 0.0
CE loss: 0.0
train MSE group_0: 0.0149
train MSE group_1: 0.0197
train MSE group_2: nan
train MSE group_3: nan
CE loss (TEST): 0.0
