/Users/benjaminmaurel/Documents/Training_Sanofi/notebooks_hands_on/latent_ode/run_models.py
run_models.py --niters 3000 -n 200 -s 40 -l 10 --dataset PK_Tacro --latent-ode --noise-weight 0.01 --max-t 5. --seed 38 --experiment 19380
Experiment 19380
Epoch 1000 [Test seq (cond on sampled tp)] | Loss 189.108780 | Likelihood -186.987228 | KL fp 5.0752 | FP STD 0.0660|
KL coef: 0.9999522643707747
Train loss (one batch): 190.3326873779297
Train CE loss (one batch): 0.0
Test MSE (raw): 0.0381
Test MSE (smoothed with alpha=0.01): 0.0381
New best smoothed test MSE: 0.0381. Saving best model to experiments/experiment_19380_best.ckpt
Test MSE group_0: 0.0365
Test MSE group_1: 0.0396
Test MSE group_2: nan
Test MSE group_3: nan
Poisson likelihood: 0.0
CE loss: 0.0
train MSE group_0: 0.0352
train MSE group_1: 0.0413
train MSE group_2: nan
train MSE group_3: nan
CE loss (TEST): 0.0
Experiment 19380
Epoch 2000 [Test seq (cond on sampled tp)] | Loss 207.850708 | Likelihood -211.353714 | KL fp 4.0190 | FP STD 0.1832|
KL coef: 0.9999999979391934
Train loss (one batch): 203.36163330078125
Train CE loss (one batch): 0.0
Test MSE (raw): 0.0430
Test MSE (smoothed with alpha=0.01): 0.0382
Smoothed Test MSE did not improve. Early stopping counter: 1/10000
Test MSE group_0: 0.0397
Test MSE group_1: 0.0460
Test MSE group_2: nan
Test MSE group_3: nan
Poisson likelihood: 0.0
CE loss: 0.0
train MSE group_0: 0.0385
train MSE group_1: 0.0443
train MSE group_2: nan
train MSE group_3: nan
CE loss (TEST): 0.0
Experiment 19380
Epoch 3000 [Test seq (cond on sampled tp)] | Loss 177.070053 | Likelihood -175.444962 | KL fp 4.5362 | FP STD 0.0701|
KL coef: 0.9999999999999111
Train loss (one batch): 170.61253356933594
Train CE loss (one batch): 0.0
Test MSE (raw): 0.0358
Test MSE (smoothed with alpha=0.01): 0.0382
Smoothed Test MSE did not improve. Early stopping counter: 2/10000
Test MSE group_0: 0.0343
Test MSE group_1: 0.0372
Test MSE group_2: nan
Test MSE group_3: nan
Poisson likelihood: 0.0
CE loss: 0.0
train MSE group_0: 0.0324
train MSE group_1: 0.0362
train MSE group_2: nan
train MSE group_3: nan
CE loss (TEST): 0.0
