/Users/benjaminmaurel/Documents/Training_Sanofi/notebooks_hands_on/latent_ode/run_models.py
run_models.py --niters 3000 -n 200 -s 40 -l 10 --dataset PK_Tacro --latent-ode --noise-weight 0.01 --max-t 5. --seed 33 --experiment 32135
Experiment 32135
Epoch 0010 [Test seq (cond on sampled tp)] | Loss 912.374329 | Likelihood -938.668335 | KL fp 4.4804 | FP STD 1.0566|
KL coef: 0.0
Train loss (one batch): 1310.994384765625
Train CE loss (one batch): 0.0
Test MSE (raw): 0.1885
Test MSE (smoothed with alpha=0.01): 0.1885
New best smoothed test MSE: 0.1885. Saving best model to experiments/experiment_32135_best.ckpt
Test MSE group_0: 0.1422
Test MSE group_1: 0.2395
Test MSE group_2: nan
Test MSE group_3: nan
Poisson likelihood: 0.0
CE loss: 0.0
train MSE group_0: 0.2346
train MSE group_1: 0.3097
train MSE group_2: nan
train MSE group_3: nan
CE loss (TEST): 0.0
Experiment 32135
Epoch 0020 [Test seq (cond on sampled tp)] | Loss 713.887329 | Likelihood -729.636353 | KL fp 5.7543 | FP STD 0.6475|
KL coef: 0.09561792499119559
Train loss (one batch): 721.3587646484375
Train CE loss (one batch): 0.0
Test MSE (raw): 0.1467
Test MSE (smoothed with alpha=0.01): 0.1881
New best smoothed test MSE: 0.1881. Saving best model to experiments/experiment_32135_best.ckpt
Test MSE group_0: 0.1030
Test MSE group_1: 0.1948
Test MSE group_2: nan
Test MSE group_3: nan
Poisson likelihood: 0.0
CE loss: 0.0
train MSE group_0: 0.1216
train MSE group_1: 0.1751
train MSE group_2: nan
train MSE group_3: nan
CE loss (TEST): 0.0
Experiment 32135
Epoch 0030 [Test seq (cond on sampled tp)] | Loss 698.830078 | Likelihood -719.092651 | KL fp 6.3376 | FP STD 0.5294|
KL coef: 0.18209306240276923
Train loss (one batch): 648.6599731445312
Train CE loss (one batch): 0.0
Test MSE (raw): 0.1446
Test MSE (smoothed with alpha=0.01): 0.1876
New best smoothed test MSE: 0.1876. Saving best model to experiments/experiment_32135_best.ckpt
Test MSE group_0: 0.1286
Test MSE group_1: 0.1623
Test MSE group_2: nan
Test MSE group_3: nan
Poisson likelihood: 0.0
CE loss: 0.0
train MSE group_0: 0.1348
train MSE group_1: 0.1331
train MSE group_2: nan
train MSE group_3: nan
CE loss (TEST): 0.0
Experiment 32135
Epoch 0040 [Test seq (cond on sampled tp)] | Loss 687.371277 | Likelihood -697.911804 | KL fp 7.0690 | FP STD 0.3501|
KL coef: 0.2602996266117198
Train loss (one batch): 640.3043823242188
Train CE loss (one batch): 0.0
Test MSE (raw): 0.1403
Test MSE (smoothed with alpha=0.01): 0.1871
New best smoothed test MSE: 0.1871. Saving best model to experiments/experiment_32135_best.ckpt
Test MSE group_0: 0.1091
Test MSE group_1: 0.1748
Test MSE group_2: nan
Test MSE group_3: nan
Poisson likelihood: 0.0
CE loss: 0.0
train MSE group_0: 0.1184
train MSE group_1: 0.1435
train MSE group_2: nan
train MSE group_3: nan
CE loss (TEST): 0.0
Experiment 32135
Epoch 0050 [Test seq (cond on sampled tp)] | Loss 690.332214 | Likelihood -692.454834 | KL fp 7.2827 | FP STD 0.2776|
KL coef: 0.3310282414303197
Train loss (one batch): 638.065673828125
Train CE loss (one batch): 0.0
Test MSE (raw): 0.1392
Test MSE (smoothed with alpha=0.01): 0.1867
New best smoothed test MSE: 0.1867. Saving best model to experiments/experiment_32135_best.ckpt
Test MSE group_0: 0.1043
Test MSE group_1: 0.1777
Test MSE group_2: nan
Test MSE group_3: nan
Poisson likelihood: 0.0
CE loss: 0.0
train MSE group_0: 0.1107
train MSE group_1: 0.1499
train MSE group_2: nan
train MSE group_3: nan
CE loss (TEST): 0.0
Experiment 32135
Epoch 0060 [Test seq (cond on sampled tp)] | Loss 682.561340 | Likelihood -691.252197 | KL fp 7.0420 | FP STD 0.2854|
KL coef: 0.39499393286246365
Train loss (one batch): 633.2443237304688
Train CE loss (one batch): 0.0
Test MSE (raw): 0.1390
Test MSE (smoothed with alpha=0.01): 0.1862
New best smoothed test MSE: 0.1862. Saving best model to experiments/experiment_32135_best.ckpt
Test MSE group_0: 0.1111
Test MSE group_1: 0.1699
Test MSE group_2: nan
Test MSE group_3: nan
Poisson likelihood: 0.0
CE loss: 0.0
train MSE group_0: 0.1187
train MSE group_1: 0.1406
train MSE group_2: nan
train MSE group_3: nan
CE loss (TEST): 0.0
Experiment 32135
Epoch 0070 [Test seq (cond on sampled tp)] | Loss 682.090088 | Likelihood -686.382507 | KL fp 7.1302 | FP STD 0.2418|
KL coef: 0.4528433576092388
Train loss (one batch): 625.87744140625
Train CE loss (one batch): 0.0
Test MSE (raw): 0.1380
Test MSE (smoothed with alpha=0.01): 0.1857
New best smoothed test MSE: 0.1857. Saving best model to experiments/experiment_32135_best.ckpt
Test MSE group_0: 0.1087
Test MSE group_1: 0.1705
Test MSE group_2: nan
Test MSE group_3: nan
Poisson likelihood: 0.0
CE loss: 0.0
train MSE group_0: 0.1145
train MSE group_1: 0.1418
train MSE group_2: nan
train MSE group_3: nan
CE loss (TEST): 0.0
Experiment 32135
Epoch 0080 [Test seq (cond on sampled tp)] | Loss 682.080933 | Likelihood -684.735840 | KL fp 7.0574 | FP STD 0.2276|
KL coef: 0.505161340399793
Train loss (one batch): 638.017822265625
Train CE loss (one batch): 0.0
Test MSE (raw): 0.1377
Test MSE (smoothed with alpha=0.01): 0.1852
New best smoothed test MSE: 0.1852. Saving best model to experiments/experiment_32135_best.ckpt
Test MSE group_0: 0.1089
Test MSE group_1: 0.1695
Test MSE group_2: nan
Test MSE group_3: nan
Poisson likelihood: 0.0
CE loss: 0.0
train MSE group_0: 0.1157
train MSE group_1: 0.1435
train MSE group_2: nan
train MSE group_3: nan
CE loss (TEST): 0.0
Experiment 32135
Epoch 0090 [Test seq (cond on sampled tp)] | Loss 681.741150 | Likelihood -681.588013 | KL fp 7.4325 | FP STD 0.1909|
KL coef: 0.5524767862361895
Train loss (one batch): 636.68505859375
Train CE loss (one batch): 0.0
Test MSE (raw): 0.1371
Test MSE (smoothed with alpha=0.01): 0.1847
New best smoothed test MSE: 0.1847. Saving best model to experiments/experiment_32135_best.ckpt
Test MSE group_0: 0.1087
Test MSE group_1: 0.1684
Test MSE group_2: nan
Test MSE group_3: nan
Poisson likelihood: 0.0
CE loss: 0.0
train MSE group_0: 0.1155
train MSE group_1: 0.1426
train MSE group_2: nan
train MSE group_3: nan
CE loss (TEST): 0.0
Experiment 32135
Epoch 0100 [Test seq (cond on sampled tp)] | Loss 680.408142 | Likelihood -685.436157 | KL fp 6.9478 | FP STD 0.2285|
KL coef: 0.5952680273216762
Train loss (one batch): 624.48681640625
Train CE loss (one batch): 0.0
Test MSE (raw): 0.1378
Test MSE (smoothed with alpha=0.01): 0.1843
New best smoothed test MSE: 0.1843. Saving best model to experiments/experiment_32135_best.ckpt
Test MSE group_0: 0.1100
Test MSE group_1: 0.1686
Test MSE group_2: nan
Test MSE group_3: nan
Poisson likelihood: 0.0
CE loss: 0.0
train MSE group_0: 0.1156
train MSE group_1: 0.1416
train MSE group_2: nan
train MSE group_3: nan
CE loss (TEST): 0.0
Experiment 32135
Epoch 0110 [Test seq (cond on sampled tp)] | Loss 675.524780 | Likelihood -681.247253 | KL fp 7.1015 | FP STD 0.2038|
KL coef: 0.6339676587267709
Train loss (one batch): 642.6654663085938
Train CE loss (one batch): 0.0
Test MSE (raw): 0.1370
Test MSE (smoothed with alpha=0.01): 0.1838
New best smoothed test MSE: 0.1838. Saving best model to experiments/experiment_32135_best.ckpt
Test MSE group_0: 0.1101
Test MSE group_1: 0.1668
Test MSE group_2: nan
Test MSE group_3: nan
Poisson likelihood: 0.0
CE loss: 0.0
train MSE group_0: 0.1187
train MSE group_1: 0.1414
train MSE group_2: nan
train MSE group_3: nan
CE loss (TEST): 0.0
Experiment 32135
Epoch 0120 [Test seq (cond on sampled tp)] | Loss 679.143494 | Likelihood -678.061096 | KL fp 7.2529 | FP STD 0.1711|
KL coef: 0.6689669116789861
Train loss (one batch): 632.3245239257812
Train CE loss (one batch): 0.0
Test MSE (raw): 0.1363
Test MSE (smoothed with alpha=0.01): 0.1833
New best smoothed test MSE: 0.1833. Saving best model to experiments/experiment_32135_best.ckpt
Test MSE group_0: 0.1090
Test MSE group_1: 0.1666
Test MSE group_2: nan
Test MSE group_3: nan
Poisson likelihood: 0.0
CE loss: 0.0
train MSE group_0: 0.1156
train MSE group_1: 0.1400
train MSE group_2: nan
train MSE group_3: nan
CE loss (TEST): 0.0
Experiment 32135
Epoch 0130 [Test seq (cond on sampled tp)] | Loss 678.609619 | Likelihood -677.465698 | KL fp 7.1599 | FP STD 0.1881|
KL coef: 0.7006196086876687
Train loss (one batch): 631.1882934570312
Train CE loss (one batch): 0.0
Test MSE (raw): 0.1362
Test MSE (smoothed with alpha=0.01): 0.1829
New best smoothed test MSE: 0.1829. Saving best model to experiments/experiment_32135_best.ckpt
Test MSE group_0: 0.1090
Test MSE group_1: 0.1664
Test MSE group_2: nan
Test MSE group_3: nan
Poisson likelihood: 0.0
CE loss: 0.0
train MSE group_0: 0.1151
train MSE group_1: 0.1398
train MSE group_2: nan
train MSE group_3: nan
CE loss (TEST): 0.0
Experiment 32135
Epoch 0140 [Test seq (cond on sampled tp)] | Loss 673.681458 | Likelihood -680.783997 | KL fp 6.8112 | FP STD 0.2380|
KL coef: 0.729245740488006
Train loss (one batch): 628.7333984375
Train CE loss (one batch): 0.0
Test MSE (raw): 0.1369
Test MSE (smoothed with alpha=0.01): 0.1824
New best smoothed test MSE: 0.1824. Saving best model to experiments/experiment_32135_best.ckpt
Test MSE group_0: 0.1102
Test MSE group_1: 0.1664
Test MSE group_2: nan
Test MSE group_3: nan
Poisson likelihood: 0.0
CE loss: 0.0
train MSE group_0: 0.1170
train MSE group_1: 0.1391
train MSE group_2: nan
train MSE group_3: nan
CE loss (TEST): 0.0
Experiment 32135
Epoch 0150 [Test seq (cond on sampled tp)] | Loss 676.167908 | Likelihood -675.605225 | KL fp 7.2346 | FP STD 0.1734|
KL coef: 0.7551347009650705
Train loss (one batch): 634.4154663085938
Train CE loss (one batch): 0.0
Test MSE (raw): 0.1359
Test MSE (smoothed with alpha=0.01): 0.1819
New best smoothed test MSE: 0.1819. Saving best model to experiments/experiment_32135_best.ckpt
Test MSE group_0: 0.1090
Test MSE group_1: 0.1656
Test MSE group_2: nan
Test MSE group_3: nan
Poisson likelihood: 0.0
CE loss: 0.0
train MSE group_0: 0.1167
train MSE group_1: 0.1404
train MSE group_2: nan
train MSE group_3: nan
CE loss (TEST): 0.0
Experiment 32135
Epoch 0160 [Test seq (cond on sampled tp)] | Loss 676.504211 | Likelihood -675.778076 | KL fp 7.3004 | FP STD 0.1610|
KL coef: 0.7785482127611391
Train loss (one batch): 629.1163940429688
Train CE loss (one batch): 0.0
Test MSE (raw): 0.1359
Test MSE (smoothed with alpha=0.01): 0.1815
New best smoothed test MSE: 0.1815. Saving best model to experiments/experiment_32135_best.ckpt
Test MSE group_0: 0.1082
Test MSE group_1: 0.1665
Test MSE group_2: nan
Test MSE group_3: nan
Poisson likelihood: 0.0
CE loss: 0.0
train MSE group_0: 0.1150
train MSE group_1: 0.1397
train MSE group_2: nan
train MSE group_3: nan
CE loss (TEST): 0.0
Experiment 32135
Epoch 0170 [Test seq (cond on sampled tp)] | Loss 674.815186 | Likelihood -676.972656 | KL fp 6.9777 | FP STD 0.1976|
KL coef: 0.7997229731425107
Train loss (one batch): 629.8348388671875
Train CE loss (one batch): 0.0
Test MSE (raw): 0.1361
Test MSE (smoothed with alpha=0.01): 0.1810
New best smoothed test MSE: 0.1810. Saving best model to experiments/experiment_32135_best.ckpt
Test MSE group_0: 0.1090
Test MSE group_1: 0.1662
Test MSE group_2: nan
Test MSE group_3: nan
Poisson likelihood: 0.0
CE loss: 0.0
train MSE group_0: 0.1151
train MSE group_1: 0.1390
train MSE group_2: nan
train MSE group_3: nan
CE loss (TEST): 0.0
Experiment 32135
Epoch 0180 [Test seq (cond on sampled tp)] | Loss 675.225464 | Likelihood -676.070618 | KL fp 6.8648 | FP STD 0.2097|
KL coef: 0.8188730468740297
Train loss (one batch): 625.3446655273438
Train CE loss (one batch): 0.0
Test MSE (raw): 0.1360
Test MSE (smoothed with alpha=0.01): 0.1806
New best smoothed test MSE: 0.1806. Saving best model to experiments/experiment_32135_best.ckpt
Test MSE group_0: 0.1091
Test MSE group_1: 0.1656
Test MSE group_2: nan
Test MSE group_3: nan
Poisson likelihood: 0.0
CE loss: 0.0
train MSE group_0: 0.1140
train MSE group_1: 0.1400
train MSE group_2: nan
train MSE group_3: nan
CE loss (TEST): 0.0
Experiment 32135
Epoch 0190 [Test seq (cond on sampled tp)] | Loss 675.096680 | Likelihood -677.513306 | KL fp 6.7410 | FP STD 0.2184|
KL coef: 0.8361920302919126
Train loss (one batch): 634.8238525390625
Train CE loss (one batch): 0.0
Test MSE (raw): 0.1362
Test MSE (smoothed with alpha=0.01): 0.1801
New best smoothed test MSE: 0.1801. Saving best model to experiments/experiment_32135_best.ckpt
Test MSE group_0: 0.1091
Test MSE group_1: 0.1663
Test MSE group_2: nan
Test MSE group_3: nan
Poisson likelihood: 0.0
CE loss: 0.0
train MSE group_0: 0.1163
train MSE group_1: 0.1411
train MSE group_2: nan
train MSE group_3: nan
CE loss (TEST): 0.0
Experiment 32135
Epoch 0200 [Test seq (cond on sampled tp)] | Loss 673.672485 | Likelihood -671.025024 | KL fp 7.2273 | FP STD 0.1703|
KL coef: 0.8518550084524206
Train loss (one batch): 628.028076171875
Train CE loss (one batch): 0.0
Test MSE (raw): 0.1349
Test MSE (smoothed with alpha=0.01): 0.1797
New best smoothed test MSE: 0.1797. Saving best model to experiments/experiment_32135_best.ckpt
Test MSE group_0: 0.1103
Test MSE group_1: 0.1622
Test MSE group_2: nan
Test MSE group_3: nan
Poisson likelihood: 0.0
CE loss: 0.0
train MSE group_0: 0.1171
train MSE group_1: 0.1355
train MSE group_2: nan
train MSE group_3: nan
CE loss (TEST): 0.0
Experiment 32135
Epoch 0210 [Test seq (cond on sampled tp)] | Loss 670.936768 | Likelihood -673.844299 | KL fp 6.6664 | FP STD 0.2152|
KL coef: 0.8660203251420383
Train loss (one batch): 628.3621826171875
Train CE loss (one batch): 0.0
Test MSE (raw): 0.1355
Test MSE (smoothed with alpha=0.01): 0.1792
New best smoothed test MSE: 0.1792. Saving best model to experiments/experiment_32135_best.ckpt
Test MSE group_0: 0.1082
Test MSE group_1: 0.1657
Test MSE group_2: nan
Test MSE group_3: nan
Poisson likelihood: 0.0
CE loss: 0.0
train MSE group_0: 0.1149
train MSE group_1: 0.1402
train MSE group_2: nan
train MSE group_3: nan
CE loss (TEST): 0.0
Experiment 32135
Epoch 0220 [Test seq (cond on sampled tp)] | Loss 670.141235 | Likelihood -669.229248 | KL fp 7.0249 | FP STD 0.1574|
KL coef: 0.8788311836429517
Train loss (one batch): 625.7594604492188
Train CE loss (one batch): 0.0
Test MSE (raw): 0.1346
Test MSE (smoothed with alpha=0.01): 0.1788
New best smoothed test MSE: 0.1788. Saving best model to experiments/experiment_32135_best.ckpt
Test MSE group_0: 0.1090
Test MSE group_1: 0.1629
Test MSE group_2: nan
Test MSE group_3: nan
Poisson likelihood: 0.0
CE loss: 0.0
train MSE group_0: 0.1152
train MSE group_1: 0.1367
train MSE group_2: nan
train MSE group_3: nan
CE loss (TEST): 0.0
Experiment 32135
Epoch 0230 [Test seq (cond on sampled tp)] | Loss 670.101562 | Likelihood -667.602661 | KL fp 7.0224 | FP STD 0.1586|
KL coef: 0.8904170944366518
Train loss (one batch): 623.9805908203125
Train CE loss (one batch): 0.0
Test MSE (raw): 0.1343
Test MSE (smoothed with alpha=0.01): 0.1783
New best smoothed test MSE: 0.1783. Saving best model to experiments/experiment_32135_best.ckpt
Test MSE group_0: 0.1073
Test MSE group_1: 0.1641
Test MSE group_2: nan
Test MSE group_3: nan
Poisson likelihood: 0.0
CE loss: 0.0
train MSE group_0: 0.1139
train MSE group_1: 0.1376
train MSE group_2: nan
train MSE group_3: nan
CE loss (TEST): 0.0
Experiment 32135
Epoch 0240 [Test seq (cond on sampled tp)] | Loss 668.302856 | Likelihood -667.476440 | KL fp 6.6666 | FP STD 0.1938|
KL coef: 0.9008951844811254
Train loss (one batch): 621.4564819335938
Train CE loss (one batch): 0.0
Test MSE (raw): 0.1342
Test MSE (smoothed with alpha=0.01): 0.1779
New best smoothed test MSE: 0.1779. Saving best model to experiments/experiment_32135_best.ckpt
Test MSE group_0: 0.1077
Test MSE group_1: 0.1636
Test MSE group_2: nan
Test MSE group_3: nan
Poisson likelihood: 0.0
CE loss: 0.0
train MSE group_0: 0.1147
train MSE group_1: 0.1361
train MSE group_2: nan
train MSE group_3: nan
CE loss (TEST): 0.0
Experiment 32135
Epoch 0250 [Test seq (cond on sampled tp)] | Loss 666.130615 | Likelihood -669.031433 | KL fp 6.4982 | FP STD 0.2173|
KL coef: 0.9103713812976754
Train loss (one batch): 618.0071411132812
Train CE loss (one batch): 0.0
Test MSE (raw): 0.1345
Test MSE (smoothed with alpha=0.01): 0.1775
New best smoothed test MSE: 0.1775. Saving best model to experiments/experiment_32135_best.ckpt
Test MSE group_0: 0.1089
Test MSE group_1: 0.1629
Test MSE group_2: nan
Test MSE group_3: nan
Poisson likelihood: 0.0
CE loss: 0.0
train MSE group_0: 0.1157
train MSE group_1: 0.1347
train MSE group_2: nan
train MSE group_3: nan
CE loss (TEST): 0.0
Experiment 32135
Epoch 0260 [Test seq (cond on sampled tp)] | Loss 664.095337 | Likelihood -663.557678 | KL fp 6.6210 | FP STD 0.1795|
KL coef: 0.9189414838378187
Train loss (one batch): 619.2601318359375
Train CE loss (one batch): 0.0
Test MSE (raw): 0.1334
Test MSE (smoothed with alpha=0.01): 0.1770
New best smoothed test MSE: 0.1770. Saving best model to experiments/experiment_32135_best.ckpt
Test MSE group_0: 0.1079
Test MSE group_1: 0.1617
Test MSE group_2: nan
Test MSE group_3: nan
Poisson likelihood: 0.0
CE loss: 0.0
train MSE group_0: 0.1141
train MSE group_1: 0.1366
train MSE group_2: nan
train MSE group_3: nan
CE loss (TEST): 0.0
Experiment 32135
Epoch 0270 [Test seq (cond on sampled tp)] | Loss 660.970093 | Likelihood -666.161316 | KL fp 6.5011 | FP STD 0.2085|
KL coef: 0.9266921309561118
Train loss (one batch): 619.9440307617188
Train CE loss (one batch): 0.0
Test MSE (raw): 0.1340
Test MSE (smoothed with alpha=0.01): 0.1766
New best smoothed test MSE: 0.1766. Saving best model to experiments/experiment_32135_best.ckpt
Test MSE group_0: 0.1071
Test MSE group_1: 0.1637
Test MSE group_2: nan
Test MSE group_3: nan
Poisson likelihood: 0.0
CE loss: 0.0
train MSE group_0: 0.1148
train MSE group_1: 0.1369
train MSE group_2: nan
train MSE group_3: nan
CE loss (TEST): 0.0
Experiment 32135
Epoch 0280 [Test seq (cond on sampled tp)] | Loss 657.573242 | Likelihood -656.664978 | KL fp 6.7894 | FP STD 0.1743|
KL coef: 0.9337016772796147
Train loss (one batch): 612.3629760742188
Train CE loss (one batch): 0.0
Test MSE (raw): 0.1321
Test MSE (smoothed with alpha=0.01): 0.1761
New best smoothed test MSE: 0.1761. Saving best model to experiments/experiment_32135_best.ckpt
Test MSE group_0: 0.1065
Test MSE group_1: 0.1604
Test MSE group_2: nan
Test MSE group_3: nan
Poisson likelihood: 0.0
CE loss: 0.0
train MSE group_0: 0.1127
train MSE group_1: 0.1348
train MSE group_2: nan
train MSE group_3: nan
CE loss (TEST): 0.0
Experiment 32135
Epoch 0290 [Test seq (cond on sampled tp)] | Loss 654.710022 | Likelihood -653.778259 | KL fp 6.6955 | FP STD 0.1924|
KL coef: 0.9400409853285345
Train loss (one batch): 609.1428833007812
Train CE loss (one batch): 0.0
Test MSE (raw): 0.1315
Test MSE (smoothed with alpha=0.01): 0.1757
New best smoothed test MSE: 0.1757. Saving best model to experiments/experiment_32135_best.ckpt
Test MSE group_0: 0.1040
Test MSE group_1: 0.1619
Test MSE group_2: nan
Test MSE group_3: nan
Poisson likelihood: 0.0
CE loss: 0.0
train MSE group_0: 0.1104
train MSE group_1: 0.1355
train MSE group_2: nan
train MSE group_3: nan
CE loss (TEST): 0.0
Experiment 32135
Epoch 0300 [Test seq (cond on sampled tp)] | Loss 644.974365 | Likelihood -647.593994 | KL fp 6.3082 | FP STD 0.2220|
KL coef: 0.9457741418959368
Train loss (one batch): 604.5178833007812
Train CE loss (one batch): 0.0
Test MSE (raw): 0.1303
Test MSE (smoothed with alpha=0.01): 0.1752
New best smoothed test MSE: 0.1752. Saving best model to experiments/experiment_32135_best.ckpt
Test MSE group_0: 0.1049
Test MSE group_1: 0.1584
Test MSE group_2: nan
Test MSE group_3: nan
Poisson likelihood: 0.0
CE loss: 0.0
train MSE group_0: 0.1120
train MSE group_1: 0.1328
train MSE group_2: nan
train MSE group_3: nan
CE loss (TEST): 0.0
Experiment 32135
Epoch 0310 [Test seq (cond on sampled tp)] | Loss 630.891357 | Likelihood -633.558472 | KL fp 6.3861 | FP STD 0.2128|
KL coef: 0.9509591059287142
Train loss (one batch): 592.1641235351562
Train CE loss (one batch): 0.0
Test MSE (raw): 0.1274
Test MSE (smoothed with alpha=0.01): 0.1748
New best smoothed test MSE: 0.1748. Saving best model to experiments/experiment_32135_best.ckpt
Test MSE group_0: 0.1027
Test MSE group_1: 0.1548
Test MSE group_2: nan
Test MSE group_3: nan
Poisson likelihood: 0.0
CE loss: 0.0
train MSE group_0: 0.1102
train MSE group_1: 0.1301
train MSE group_2: nan
train MSE group_3: nan
CE loss (TEST): 0.0
Experiment 32135
Epoch 0320 [Test seq (cond on sampled tp)] | Loss 608.901367 | Likelihood -607.974487 | KL fp 6.5198 | FP STD 0.2082|
KL coef: 0.9556482944595236
Train loss (one batch): 572.7213745117188
Train CE loss (one batch): 0.0
Test MSE (raw): 0.1223
Test MSE (smoothed with alpha=0.01): 0.1742
New best smoothed test MSE: 0.1742. Saving best model to experiments/experiment_32135_best.ckpt
Test MSE group_0: 0.0962
Test MSE group_1: 0.1512
Test MSE group_2: nan
Test MSE group_3: nan
Poisson likelihood: 0.0
CE loss: 0.0
train MSE group_0: 0.1038
train MSE group_1: 0.1276
train MSE group_2: nan
train MSE group_3: nan
CE loss (TEST): 0.0
Experiment 32135
Epoch 0330 [Test seq (cond on sampled tp)] | Loss 558.955688 | Likelihood -556.548828 | KL fp 6.6798 | FP STD 0.2014|
KL coef: 0.9598891125131245
Train loss (one batch): 522.576171875
Train CE loss (one batch): 0.0
Test MSE (raw): 0.1120
Test MSE (smoothed with alpha=0.01): 0.1736
New best smoothed test MSE: 0.1736. Saving best model to experiments/experiment_32135_best.ckpt
Test MSE group_0: 0.0886
Test MSE group_1: 0.1380
Test MSE group_2: nan
Test MSE group_3: nan
Poisson likelihood: 0.0
CE loss: 0.0
train MSE group_0: 0.0957
train MSE group_1: 0.1156
train MSE group_2: nan
train MSE group_3: nan
CE loss (TEST): 0.0
Experiment 32135
Epoch 0340 [Test seq (cond on sampled tp)] | Loss 470.315399 | Likelihood -470.965759 | KL fp 6.5572 | FP STD 0.1977|
KL coef: 0.9637244323441748
Train loss (one batch): 450.4914855957031
Train CE loss (one batch): 0.0
Test MSE (raw): 0.0949
Test MSE (smoothed with alpha=0.01): 0.1728
New best smoothed test MSE: 0.1728. Saving best model to experiments/experiment_32135_best.ckpt
Test MSE group_0: 0.0735
Test MSE group_1: 0.1187
Test MSE group_2: nan
Test MSE group_3: nan
Poisson likelihood: 0.0
CE loss: 0.0
train MSE group_0: 0.0812
train MSE group_1: 0.1019
train MSE group_2: nan
train MSE group_3: nan
CE loss (TEST): 0.0
Experiment 32135
Epoch 0350 [Test seq (cond on sampled tp)] | Loss 408.241211 | Likelihood -411.315277 | KL fp 5.7645 | FP STD 0.3511|
KL coef: 0.9671930268513026
Train loss (one batch): 409.8459167480469
Train CE loss (one batch): 0.0
Test MSE (raw): 0.0830
Test MSE (smoothed with alpha=0.01): 0.1719
New best smoothed test MSE: 0.1719. Saving best model to experiments/experiment_32135_best.ckpt
Test MSE group_0: 0.0552
Test MSE group_1: 0.1138
Test MSE group_2: nan
Test MSE group_3: nan
Poisson likelihood: 0.0
CE loss: 0.0
train MSE group_0: 0.0690
train MSE group_1: 0.1019
train MSE group_2: nan
train MSE group_3: nan
CE loss (TEST): 0.0
Experiment 32135
Epoch 0360 [Test seq (cond on sampled tp)] | Loss 424.104462 | Likelihood -425.625916 | KL fp 6.0953 | FP STD 0.3604|
KL coef: 0.9703299615490228
Train loss (one batch): 338.94854736328125
Train CE loss (one batch): 0.0
Test MSE (raw): 0.0859
Test MSE (smoothed with alpha=0.01): 0.1711
New best smoothed test MSE: 0.1711. Saving best model to experiments/experiment_32135_best.ckpt
Test MSE group_0: 0.0618
Test MSE group_1: 0.1127
Test MSE group_2: nan
Test MSE group_3: nan
Poisson likelihood: 0.0
CE loss: 0.0
train MSE group_0: 0.0442
train MSE group_1: 0.0972
train MSE group_2: nan
train MSE group_3: nan
CE loss (TEST): 0.0
Experiment 32135
Epoch 0370 [Test seq (cond on sampled tp)] | Loss 380.874176 | Likelihood -381.853577 | KL fp 5.8613 | FP STD 0.3714|
KL coef: 0.9731669490601144
Train loss (one batch): 325.3594055175781
Train CE loss (one batch): 0.0
Test MSE (raw): 0.0771
Test MSE (smoothed with alpha=0.01): 0.1701
New best smoothed test MSE: 0.1701. Saving best model to experiments/experiment_32135_best.ckpt
Test MSE group_0: 0.0507
Test MSE group_1: 0.1063
Test MSE group_2: nan
Test MSE group_3: nan
Poisson likelihood: 0.0
CE loss: 0.0
train MSE group_0: 0.0448
train MSE group_1: 0.0903
train MSE group_2: nan
train MSE group_3: nan
CE loss (TEST): 0.0
Experiment 32135
Epoch 0380 [Test seq (cond on sampled tp)] | Loss 359.981842 | Likelihood -360.879456 | KL fp 5.8802 | FP STD 0.3556|
KL coef: 0.9757326697121692
Train loss (one batch): 307.7184143066406
Train CE loss (one batch): 0.0
Test MSE (raw): 0.0729
Test MSE (smoothed with alpha=0.01): 0.1692
New best smoothed test MSE: 0.1692. Saving best model to experiments/experiment_32135_best.ckpt
Test MSE group_0: 0.0460
Test MSE group_1: 0.1026
Test MSE group_2: nan
Test MSE group_3: nan
Poisson likelihood: 0.0
CE loss: 0.0
train MSE group_0: 0.0409
train MSE group_1: 0.0866
train MSE group_2: nan
train MSE group_3: nan
CE loss (TEST): 0.0
Experiment 32135
Epoch 0390 [Test seq (cond on sampled tp)] | Loss 344.817261 | Likelihood -344.898743 | KL fp 5.8026 | FP STD 0.3524|
KL coef: 0.9780530614793677
Train loss (one batch): 296.7889404296875
Train CE loss (one batch): 0.0
Test MSE (raw): 0.0697
Test MSE (smoothed with alpha=0.01): 0.1682
New best smoothed test MSE: 0.1682. Saving best model to experiments/experiment_32135_best.ckpt
Test MSE group_0: 0.0452
Test MSE group_1: 0.0967
Test MSE group_2: nan
Test MSE group_3: nan
Poisson likelihood: 0.0
CE loss: 0.0
train MSE group_0: 0.0402
train MSE group_1: 0.0835
train MSE group_2: nan
train MSE group_3: nan
CE loss (TEST): 0.0
Experiment 32135
Epoch 0400 [Test seq (cond on sampled tp)] | Loss 321.406921 | Likelihood -321.235687 | KL fp 5.8560 | FP STD 0.3345|
KL coef: 0.9801515822006198
Train loss (one batch): 281.6055908203125
Train CE loss (one batch): 0.0
Test MSE (raw): 0.0650
Test MSE (smoothed with alpha=0.01): 0.1671
New best smoothed test MSE: 0.1671. Saving best model to experiments/experiment_32135_best.ckpt
Test MSE group_0: 0.0427
Test MSE group_1: 0.0894
Test MSE group_2: nan
Test MSE group_3: nan
Poisson likelihood: 0.0
CE loss: 0.0
train MSE group_0: 0.0396
train MSE group_1: 0.0767
train MSE group_2: nan
train MSE group_3: nan
CE loss (TEST): 0.0
Experiment 32135
Epoch 0410 [Test seq (cond on sampled tp)] | Loss 302.355774 | Likelihood -302.194824 | KL fp 5.7856 | FP STD 0.3264|
KL coef: 0.9820494467249549
Train loss (one batch): 269.14385986328125
Train CE loss (one batch): 0.0
Test MSE (raw): 0.0612
Test MSE (smoothed with alpha=0.01): 0.1661
New best smoothed test MSE: 0.1661. Saving best model to experiments/experiment_32135_best.ckpt
Test MSE group_0: 0.0403
Test MSE group_1: 0.0842
Test MSE group_2: nan
Test MSE group_3: nan
Poisson likelihood: 0.0
CE loss: 0.0
train MSE group_0: 0.0377
train MSE group_1: 0.0735
train MSE group_2: nan
train MSE group_3: nan
CE loss (TEST): 0.0
Experiment 32135
Epoch 0420 [Test seq (cond on sampled tp)] | Loss 277.252319 | Likelihood -278.357361 | KL fp 5.7498 | FP STD 0.2921|
KL coef: 0.9837658413815585
Train loss (one batch): 251.80653381347656
Train CE loss (one batch): 0.0
Test MSE (raw): 0.0564
Test MSE (smoothed with alpha=0.01): 0.1650
New best smoothed test MSE: 0.1650. Saving best model to experiments/experiment_32135_best.ckpt
Test MSE group_0: 0.0367
Test MSE group_1: 0.0780
Test MSE group_2: nan
Test MSE group_3: nan
Poisson likelihood: 0.0
CE loss: 0.0
train MSE group_0: 0.0354
train MSE group_1: 0.0685
train MSE group_2: nan
train MSE group_3: nan
CE loss (TEST): 0.0
Experiment 32135
Epoch 0430 [Test seq (cond on sampled tp)] | Loss 258.125427 | Likelihood -258.464569 | KL fp 5.4946 | FP STD 0.2908|
KL coef: 0.9853181179426319
Train loss (one batch): 257.2410583496094
Train CE loss (one batch): 0.0
Test MSE (raw): 0.0524
Test MSE (smoothed with alpha=0.01): 0.1639
New best smoothed test MSE: 0.1639. Saving best model to experiments/experiment_32135_best.ckpt
Test MSE group_0: 0.0335
Test MSE group_1: 0.0732
Test MSE group_2: nan
Test MSE group_3: nan
Poisson likelihood: 0.0
CE loss: 0.0
train MSE group_0: 0.0403
train MSE group_1: 0.0645
train MSE group_2: nan
train MSE group_3: nan
CE loss (TEST): 0.0
Experiment 32135
Epoch 0440 [Test seq (cond on sampled tp)] | Loss 238.736481 | Likelihood -236.988251 | KL fp 5.8879 | FP STD 0.2558|
KL coef: 0.9867219690399229
Train loss (one batch): 215.08883666992188
Train CE loss (one batch): 0.0
Test MSE (raw): 0.0481
Test MSE (smoothed with alpha=0.01): 0.1627
New best smoothed test MSE: 0.1627. Saving best model to experiments/experiment_32135_best.ckpt
Test MSE group_0: 0.0328
Test MSE group_1: 0.0650
Test MSE group_2: nan
Test MSE group_3: nan
Poisson likelihood: 0.0
CE loss: 0.0
train MSE group_0: 0.0314
train MSE group_1: 0.0570
train MSE group_2: nan
train MSE group_3: nan
CE loss (TEST): 0.0
Experiment 32135
Epoch 0450 [Test seq (cond on sampled tp)] | Loss 252.319611 | Likelihood -252.211761 | KL fp 5.2545 | FP STD 0.2794|
KL coef: 0.9879915868082944
Train loss (one batch): 240.0658416748047
Train CE loss (one batch): 0.0
Test MSE (raw): 0.0512
Test MSE (smoothed with alpha=0.01): 0.1616
New best smoothed test MSE: 0.1616. Saving best model to experiments/experiment_32135_best.ckpt
Test MSE group_0: 0.0338
Test MSE group_1: 0.0703
Test MSE group_2: nan
Test MSE group_3: nan
Poisson likelihood: 0.0
CE loss: 0.0
train MSE group_0: 0.0370
train MSE group_1: 0.0623
train MSE group_2: nan
train MSE group_3: nan
CE loss (TEST): 0.0
Experiment 32135
Epoch 0460 [Test seq (cond on sampled tp)] | Loss 225.379089 | Likelihood -223.569031 | KL fp 5.6437 | FP STD 0.2375|
KL coef: 0.9891398063601221
Train loss (one batch): 218.03892517089844
Train CE loss (one batch): 0.0
Test MSE (raw): 0.0455
Test MSE (smoothed with alpha=0.01): 0.1604
New best smoothed test MSE: 0.1604. Saving best model to experiments/experiment_32135_best.ckpt
Test MSE group_0: 0.0312
Test MSE group_1: 0.0611
Test MSE group_2: nan
Test MSE group_3: nan
Poisson likelihood: 0.0
CE loss: 0.0
train MSE group_0: 0.0326
train MSE group_1: 0.0576
train MSE group_2: nan
train MSE group_3: nan
CE loss (TEST): 0.0
Experiment 32135
Epoch 0470 [Test seq (cond on sampled tp)] | Loss 217.200760 | Likelihood -215.666794 | KL fp 5.4104 | FP STD 0.2332|
KL coef: 0.9901782355409698
Train loss (one batch): 201.53843688964844
Train CE loss (one batch): 0.0
Test MSE (raw): 0.0439
Test MSE (smoothed with alpha=0.01): 0.1593
New best smoothed test MSE: 0.1593. Saving best model to experiments/experiment_32135_best.ckpt
Test MSE group_0: 0.0294
Test MSE group_1: 0.0597
Test MSE group_2: nan
Test MSE group_3: nan
Poisson likelihood: 0.0
CE loss: 0.0
train MSE group_0: 0.0303
train MSE group_1: 0.0522
train MSE group_2: nan
train MSE group_3: nan
CE loss (TEST): 0.0
Experiment 32135
Epoch 0480 [Test seq (cond on sampled tp)] | Loss 212.147858 | Likelihood -210.634552 | KL fp 5.4085 | FP STD 0.2352|
KL coef: 0.9911173722782946
Train loss (one batch): 203.7247314453125
Train CE loss (one batch): 0.0
Test MSE (raw): 0.0429
Test MSE (smoothed with alpha=0.01): 0.1581
New best smoothed test MSE: 0.1581. Saving best model to experiments/experiment_32135_best.ckpt
Test MSE group_0: 0.0291
Test MSE group_1: 0.0580
Test MSE group_2: nan
Test MSE group_3: nan
Poisson likelihood: 0.0
CE loss: 0.0
train MSE group_0: 0.0304
train MSE group_1: 0.0545
train MSE group_2: nan
train MSE group_3: nan
CE loss (TEST): 0.0
Experiment 32135
Epoch 0490 [Test seq (cond on sampled tp)] | Loss 206.380402 | Likelihood -205.023911 | KL fp 5.3765 | FP STD 0.2657|
KL coef: 0.9919667107095133
Train loss (one batch): 190.61363220214844
Train CE loss (one batch): 0.0
Test MSE (raw): 0.0417
Test MSE (smoothed with alpha=0.01): 0.1569
New best smoothed test MSE: 0.1569. Saving best model to experiments/experiment_32135_best.ckpt
Test MSE group_0: 0.0270
Test MSE group_1: 0.0579
Test MSE group_2: nan
Test MSE group_3: nan
Poisson likelihood: 0.0
CE loss: 0.0
train MSE group_0: 0.0270
train MSE group_1: 0.0521
train MSE group_2: nan
train MSE group_3: nan
CE loss (TEST): 0.0
Experiment 32135
Epoch 0500 [Test seq (cond on sampled tp)] | Loss 204.237122 | Likelihood -202.566833 | KL fp 5.3777 | FP STD 0.2732|
KL coef: 0.9927348371623237
Train loss (one batch): 190.27774047851562
Train CE loss (one batch): 0.0
Test MSE (raw): 0.0413
Test MSE (smoothed with alpha=0.01): 0.1558
New best smoothed test MSE: 0.1558. Saving best model to experiments/experiment_32135_best.ckpt
Test MSE group_0: 0.0282
Test MSE group_1: 0.0555
Test MSE group_2: nan
Test MSE group_3: nan
Poisson likelihood: 0.0
CE loss: 0.0
train MSE group_0: 0.0274
train MSE group_1: 0.0511
train MSE group_2: nan
train MSE group_3: nan
CE loss (TEST): 0.0
