/Users/benjaminmaurel/Documents/Training_Sanofi/notebooks_hands_on/latent_ode/run_models.py
run_models.py --niters 3000 -n 200 -s 40 -l 10 --dataset PK_Tacro --latent-ode --noise-weight 0.01 --max-t 5. --seed 14 --experiment 29083
Experiment 29083
Epoch 1000 [Test seq (cond on sampled tp)] | Loss 246.903442 | Likelihood -244.866257 | KL fp 7.0440 | FP STD 0.1905|
KL coef: 0.9999522643707747
Train loss (one batch): 225.7749786376953
Train CE loss (one batch): 0.0
Test MSE (raw): 0.0497
Test MSE (smoothed with alpha=0.01): 0.0497
New best smoothed test MSE: 0.0497. Saving best model to experiments/experiment_29083_best.ckpt
Test MSE group_0: 0.0429
Test MSE group_1: 0.0562
Test MSE group_2: nan
Test MSE group_3: nan
Poisson likelihood: 0.0
CE loss: 0.0
train MSE group_0: 0.0442
train MSE group_1: 0.0455
train MSE group_2: nan
train MSE group_3: nan
CE loss (TEST): 0.0
Experiment 29083
Epoch 2000 [Test seq (cond on sampled tp)] | Loss 196.671021 | Likelihood -193.283325 | KL fp 6.8751 | FP STD 0.1250|
KL coef: 0.9999999979391934
Train loss (one batch): 175.6420440673828
Train CE loss (one batch): 0.0
Test MSE (raw): 0.0394
Test MSE (smoothed with alpha=0.01): 0.0496
New best smoothed test MSE: 0.0496. Saving best model to experiments/experiment_29083_best.ckpt
Test MSE group_0: 0.0357
Test MSE group_1: 0.0429
Test MSE group_2: nan
Test MSE group_3: nan
Poisson likelihood: 0.0
CE loss: 0.0
train MSE group_0: 0.0348
train MSE group_1: 0.0350
train MSE group_2: nan
train MSE group_3: nan
CE loss (TEST): 0.0
Experiment 29083
Epoch 3000 [Test seq (cond on sampled tp)] | Loss 186.104935 | Likelihood -182.298798 | KL fp 6.7410 | FP STD 0.1472|
KL coef: 0.9999999999999111
Train loss (one batch): 164.3083953857422
Train CE loss (one batch): 0.0
Test MSE (raw): 0.0372
Test MSE (smoothed with alpha=0.01): 0.0495
New best smoothed test MSE: 0.0495. Saving best model to experiments/experiment_29083_best.ckpt
Test MSE group_0: 0.0336
Test MSE group_1: 0.0406
Test MSE group_2: nan
Test MSE group_3: nan
Poisson likelihood: 0.0
CE loss: 0.0
train MSE group_0: 0.0322
train MSE group_1: 0.0330
train MSE group_2: nan
train MSE group_3: nan
CE loss (TEST): 0.0
