/Users/benjaminmaurel/Documents/Training_Sanofi/notebooks_hands_on/latent_ode/run_models.py
run_models.py --niters 3000 -n 200 -s 40 -l 10 --dataset PK_Tacro --latent-ode --noise-weight 0.01 --max-t 5. --seed 17 --experiment 36127
Experiment 36127
Epoch 1000 [Test seq (cond on sampled tp)] | Loss 164.167480 | Likelihood -161.122437 | KL fp 5.9186 | FP STD 0.1318|
KL coef: 0.9999522643707747
Train loss (one batch): 188.20643615722656
Train CE loss (one batch): 0.0
Test MSE (raw): 0.0330
Test MSE (smoothed with alpha=0.01): 0.0330
New best smoothed test MSE: 0.0330. Saving best model to experiments/experiment_36127_best.ckpt
Test MSE group_0: 0.0292
Test MSE group_1: 0.0367
Test MSE group_2: nan
Test MSE group_3: nan
Poisson likelihood: 0.0
CE loss: 0.0
train MSE group_0: 0.0339
train MSE group_1: 0.0408
train MSE group_2: nan
train MSE group_3: nan
CE loss (TEST): 0.0
Experiment 36127
Epoch 2000 [Test seq (cond on sampled tp)] | Loss 147.627594 | Likelihood -144.175278 | KL fp 5.9327 | FP STD 0.0859|
KL coef: 0.9999999979391934
Train loss (one batch): 166.9198760986328
Train CE loss (one batch): 0.0
Test MSE (raw): 0.0296
Test MSE (smoothed with alpha=0.01): 0.0329
New best smoothed test MSE: 0.0329. Saving best model to experiments/experiment_36127_best.ckpt
Test MSE group_0: 0.0278
Test MSE group_1: 0.0313
Test MSE group_2: nan
Test MSE group_3: nan
Poisson likelihood: 0.0
CE loss: 0.0
train MSE group_0: 0.0326
train MSE group_1: 0.0337
train MSE group_2: nan
train MSE group_3: nan
CE loss (TEST): 0.0
Experiment 36127
Epoch 3000 [Test seq (cond on sampled tp)] | Loss 137.479980 | Likelihood -134.010483 | KL fp 5.9545 | FP STD 0.0655|
KL coef: 0.9999999999999111
Train loss (one batch): 150.82899475097656
Train CE loss (one batch): 0.0
Test MSE (raw): 0.0275
Test MSE (smoothed with alpha=0.01): 0.0329
New best smoothed test MSE: 0.0329. Saving best model to experiments/experiment_36127_best.ckpt
Test MSE group_0: 0.0264
Test MSE group_1: 0.0287
Test MSE group_2: nan
Test MSE group_3: nan
Poisson likelihood: 0.0
CE loss: 0.0
train MSE group_0: 0.0300
train MSE group_1: 0.0299
train MSE group_2: nan
train MSE group_3: nan
CE loss (TEST): 0.0
