/Users/benjaminmaurel/Documents/Training_Sanofi/notebooks_hands_on/latent_ode/run_models.py
run_models.py --niters 3000 -n 200 -s 40 -l 10 --dataset PK_Tacro --latent-ode --noise-weight 0.01 --max-t 5. --seed 181 --experiment 39784
Experiment 39784
Epoch 1000 [Test seq (cond on sampled tp)] | Loss 195.882904 | Likelihood -193.947479 | KL fp 5.7912 | FP STD 0.1998|
KL coef: 0.9999522643707747
Train loss (one batch): 205.17686462402344
Train CE loss (one batch): 0.0
Test MSE (raw): 0.0395
Test MSE (smoothed with alpha=0.01): 0.0395
New best smoothed test MSE: 0.0395. Saving best model to experiments/experiment_39784_best.ckpt
Test MSE group_0: 0.0340
Test MSE group_1: 0.0450
Test MSE group_2: nan
Test MSE group_3: nan
Poisson likelihood: 0.0
CE loss: 0.0
train MSE group_0: 0.0369
train MSE group_1: 0.0457
train MSE group_2: nan
train MSE group_3: nan
CE loss (TEST): 0.0
Experiment 39784
Epoch 2000 [Test seq (cond on sampled tp)] | Loss 159.199432 | Likelihood -156.536835 | KL fp 5.8183 | FP STD 0.2115|
KL coef: 0.9999999979391934
Train loss (one batch): 170.872314453125
Train CE loss (one batch): 0.0
Test MSE (raw): 0.0320
Test MSE (smoothed with alpha=0.01): 0.0395
New best smoothed test MSE: 0.0395. Saving best model to experiments/experiment_39784_best.ckpt
Test MSE group_0: 0.0293
Test MSE group_1: 0.0348
Test MSE group_2: nan
Test MSE group_3: nan
Poisson likelihood: 0.0
CE loss: 0.0
train MSE group_0: 0.0322
train MSE group_1: 0.0364
train MSE group_2: nan
train MSE group_3: nan
CE loss (TEST): 0.0
Experiment 39784
Epoch 3000 [Test seq (cond on sampled tp)] | Loss 149.670395 | Likelihood -146.519302 | KL fp 5.8906 | FP STD 0.1813|
KL coef: 0.9999999999999111
Train loss (one batch): 160.85792541503906
Train CE loss (one batch): 0.0
Test MSE (raw): 0.0300
Test MSE (smoothed with alpha=0.01): 0.0394
New best smoothed test MSE: 0.0394. Saving best model to experiments/experiment_39784_best.ckpt
Test MSE group_0: 0.0279
Test MSE group_1: 0.0322
Test MSE group_2: nan
Test MSE group_3: nan
Poisson likelihood: 0.0
CE loss: 0.0
train MSE group_0: 0.0305
train MSE group_1: 0.0341
train MSE group_2: nan
train MSE group_3: nan
CE loss (TEST): 0.0
