/opt/miniconda3/envs/NODE_test/lib/python3.12/site-packages/torchvision/io/image.py:14: UserWarning: Failed to load image Python extension: 'dlopen(/opt/miniconda3/envs/NODE_test/lib/python3.12/site-packages/torchvision/image.so, 0x0006): Library not loaded: @rpath/libjpeg.9.dylib
  Referenced from: <367D4265-B20F-34BD-94EB-4F3EE47C385B> /opt/miniconda3/envs/NODE_test/lib/python3.12/site-packages/torchvision/image.so
  Reason: tried: '/opt/miniconda3/envs/NODE_test/lib/python3.12/site-packages/torchvision/../../../libjpeg.9.dylib' (no such file), '/opt/miniconda3/envs/NODE_test/lib/python3.12/site-packages/torchvision/../../../libjpeg.9.dylib' (no such file), '/opt/miniconda3/envs/NODE_test/lib/python3.12/lib-dynload/../../libjpeg.9.dylib' (no such file), '/opt/miniconda3/envs/NODE_test/bin/../lib/libjpeg.9.dylib' (no such file)'If you don't plan on using image functionality from `torchvision.io`, you can ignore this warning. Otherwise, there might be something wrong with your environment. Did you have `libjpeg` or `libpng` installed before building `torchvision` from source?
  warn(
/Users/benjaminmaurel/Documents/Training_Sanofi/notebooks_hands_on/latent_ode/lib/read_tacro.py:342: FutureWarning: DataFrame.applymap has been deprecated. Use DataFrame.map instead.
  df = df.applymap(lambda x: str(x).replace(",", ".") if isinstance(x, str) else x)
/Users/benjaminmaurel/Documents/Training_Sanofi/notebooks_hands_on/latent_ode/lib/read_tacro.py:342: FutureWarning: DataFrame.applymap has been deprecated. Use DataFrame.map instead.
  df = df.applymap(lambda x: str(x).replace(",", ".") if isinstance(x, str) else x)
/Users/benjaminmaurel/Documents/Training_Sanofi/notebooks_hands_on/latent_ode/run_models.py
run_models.py --niters 5000 -n 200 -s 40 -l 10 --dataset PK_Tacro --latent-ode --noise-weight 0.01 --max-t 5. --seed 51 --experiment 33785
Experiment 33785
Epoch 0001 [Test seq (cond on sampled tp)] | Loss 156.693878 | Likelihood -161.631760 | KL fp 1.9316 | FP STD 0.1071|
KL coef: 0.0
Train loss (one batch): 238.10305786132812
Train CE loss (one batch): 0.0
Test MSE (raw): 0.0331
Test MSE (smoothed with alpha=0.01): 0.0331
New best smoothed test MSE: 0.0331. Saving best model to experiments/experiment_33785_best.ckpt
Test MSE group_0: 0.0086
Test MSE group_1: 0.0479
Test MSE group_2: nan
Test MSE group_3: nan
Poisson likelihood: 0.0
CE loss: 0.0
train MSE group_0: 0.0191
train MSE group_1: 0.0685
train MSE group_2: nan
train MSE group_3: nan
CE loss (TEST): 0.0
Experiment 33785
Epoch 0002 [Test seq (cond on sampled tp)] | Loss 22096.878906 | Likelihood -22682.626953 | KL fp 1.6704 | FP STD 0.5809|
KL coef: 0.0
Train loss (one batch): 142.69448852539062
Train CE loss (one batch): 0.0
Test MSE (raw): 4.5373
Test MSE (smoothed with alpha=0.01): 0.0781
Smoothed Test MSE did not improve. Early stopping counter: 1/10000
Test MSE group_0: 4.0316
Test MSE group_1: 7.3130
Test MSE group_2: nan
Test MSE group_3: nan
Poisson likelihood: 0.0
CE loss: 0.0
train MSE group_0: 0.0084
train MSE group_1: 0.0461
train MSE group_2: nan
train MSE group_3: nan
CE loss (TEST): 0.0
Experiment 33785
Epoch 0003 [Test seq (cond on sampled tp)] | Loss 2035.955078 | Likelihood -2129.888916 | KL fp 1.6345 | FP STD 0.1607|
KL coef: 0.0
Train loss (one batch): 19507.751953125
Train CE loss (one batch): 0.0
Test MSE (raw): 0.4267
Test MSE (smoothed with alpha=0.01): 0.0816
Smoothed Test MSE did not improve. Early stopping counter: 2/10000
Test MSE group_0: 0.1806
Test MSE group_1: 0.8332
Test MSE group_2: nan
Test MSE group_3: nan
Poisson likelihood: 0.0
CE loss: 0.0
train MSE group_0: 3.5767
train MSE group_1: 7.2738
train MSE group_2: nan
train MSE group_3: nan
CE loss (TEST): 0.0
Experiment 33785
Epoch 0004 [Test seq (cond on sampled tp)] | Loss 208.856918 | Likelihood -219.109924 | KL fp 2.4426 | FP STD 0.0777|
KL coef: 0.0
Train loss (one batch): 1823.15234375
Train CE loss (one batch): 0.0
Test MSE (raw): 0.0446
Test MSE (smoothed with alpha=0.01): 0.0812
Smoothed Test MSE did not improve. Early stopping counter: 3/10000
Test MSE group_0: 0.0159
Test MSE group_1: 0.0613
Test MSE group_2: nan
Test MSE group_3: nan
Poisson likelihood: 0.0
CE loss: 0.0
train MSE group_0: 0.1465
train MSE group_1: 0.9123
train MSE group_2: nan
train MSE group_3: nan
CE loss (TEST): 0.0
Experiment 33785
Epoch 0005 [Test seq (cond on sampled tp)] | Loss 186.428879 | Likelihood -188.418747 | KL fp 2.3230 | FP STD 0.1000|
KL coef: 0.0
Train loss (one batch): 198.0439910888672
Train CE loss (one batch): 0.0
Test MSE (raw): 0.0384
Test MSE (smoothed with alpha=0.01): 0.0808
Smoothed Test MSE did not improve. Early stopping counter: 4/10000
Test MSE group_0: 0.0119
Test MSE group_1: 0.0448
Test MSE group_2: nan
Test MSE group_3: nan
Poisson likelihood: 0.0
CE loss: 0.0
train MSE group_0: 0.0171
train MSE group_1: 0.0588
train MSE group_2: nan
train MSE group_3: nan
CE loss (TEST): 0.0
Experiment 33785
Epoch 0006 [Test seq (cond on sampled tp)] | Loss 188.736526 | Likelihood -190.885880 | KL fp 2.1816 | FP STD 0.1169|
KL coef: 0.0
Train loss (one batch): 175.1147918701172
Train CE loss (one batch): 0.0
Test MSE (raw): 0.0389
Test MSE (smoothed with alpha=0.01): 0.0804
Smoothed Test MSE did not improve. Early stopping counter: 5/10000
Test MSE group_0: 0.0113
Test MSE group_1: 0.0457
Test MSE group_2: nan
Test MSE group_3: nan
Poisson likelihood: 0.0
CE loss: 0.0
train MSE group_0: 0.0132
train MSE group_1: 0.0403
train MSE group_2: nan
train MSE group_3: nan
CE loss (TEST): 0.0
Experiment 33785
Epoch 0007 [Test seq (cond on sampled tp)] | Loss 184.372025 | Likelihood -188.036209 | KL fp 2.1568 | FP STD 0.1261|
KL coef: 0.0
Train loss (one batch): 176.13621520996094
Train CE loss (one batch): 0.0
Test MSE (raw): 0.0383
Test MSE (smoothed with alpha=0.01): 0.0800
Smoothed Test MSE did not improve. Early stopping counter: 6/10000
Test MSE group_0: 0.0109
Test MSE group_1: 0.0451
Test MSE group_2: nan
Test MSE group_3: nan
Poisson likelihood: 0.0
CE loss: 0.0
train MSE group_0: 0.0131
train MSE group_1: 0.0410
train MSE group_2: nan
train MSE group_3: nan
CE loss (TEST): 0.0
Experiment 33785
Epoch 0008 [Test seq (cond on sampled tp)] | Loss 180.773071 | Likelihood -182.970322 | KL fp 2.0717 | FP STD 0.1319|
KL coef: 0.0
Train loss (one batch): 173.5610809326172
Train CE loss (one batch): 0.0
Test MSE (raw): 0.0373
Test MSE (smoothed with alpha=0.01): 0.0795
Smoothed Test MSE did not improve. Early stopping counter: 7/10000
Test MSE group_0: 0.0106
Test MSE group_1: 0.0439
Test MSE group_2: nan
Test MSE group_3: nan
Poisson likelihood: 0.0
CE loss: 0.0
train MSE group_0: 0.0123
train MSE group_1: 0.0406
train MSE group_2: nan
train MSE group_3: nan
CE loss (TEST): 0.0
Experiment 33785
Epoch 0009 [Test seq (cond on sampled tp)] | Loss 171.769180 | Likelihood -174.834518 | KL fp 2.0183 | FP STD 0.1349|
KL coef: 0.0
Train loss (one batch): 169.43846130371094
Train CE loss (one batch): 0.0
Test MSE (raw): 0.0357
Test MSE (smoothed with alpha=0.01): 0.0791
Smoothed Test MSE did not improve. Early stopping counter: 8/10000
Test MSE group_0: 0.0092
Test MSE group_1: 0.0424
Test MSE group_2: nan
Test MSE group_3: nan
Poisson likelihood: 0.0
CE loss: 0.0
train MSE group_0: 0.0114
train MSE group_1: 0.0395
train MSE group_2: nan
train MSE group_3: nan
CE loss (TEST): 0.0
Experiment 33785
Epoch 0010 [Test seq (cond on sampled tp)] | Loss 160.011292 | Likelihood -162.125565 | KL fp 1.9636 | FP STD 0.1367|
KL coef: 0.0
Train loss (one batch): 158.7922821044922
Train CE loss (one batch): 0.0
Test MSE (raw): 0.0332
Test MSE (smoothed with alpha=0.01): 0.0786
Smoothed Test MSE did not improve. Early stopping counter: 9/10000
Test MSE group_0: 0.0080
Test MSE group_1: 0.0395
Test MSE group_2: nan
Test MSE group_3: nan
Poisson likelihood: 0.0
CE loss: 0.0
train MSE group_0: 0.0107
train MSE group_1: 0.0373
train MSE group_2: nan
train MSE group_3: nan
CE loss (TEST): 0.0
Experiment 33785
Epoch 0011 [Test seq (cond on sampled tp)] | Loss 144.740997 | Likelihood -148.280869 | KL fp 1.9008 | FP STD 0.1379|
KL coef: 0.010000000000000009
Train loss (one batch): 149.85684204101562
Train CE loss (one batch): 0.0
Test MSE (raw): 0.0304
Test MSE (smoothed with alpha=0.01): 0.0781
Smoothed Test MSE did not improve. Early stopping counter: 10/10000
Test MSE group_0: 0.0069
Test MSE group_1: 0.0364
Test MSE group_2: nan
Test MSE group_3: nan
Poisson likelihood: 0.0
CE loss: 0.0
train MSE group_0: 0.0095
train MSE group_1: 0.0355
train MSE group_2: nan
train MSE group_3: nan
CE loss (TEST): 0.0
Experiment 33785
Epoch 0012 [Test seq (cond on sampled tp)] | Loss 132.552719 | Likelihood -134.378433 | KL fp 1.8652 | FP STD 0.1392|
KL coef: 0.01990000000000003
Train loss (one batch): 135.67860412597656
Train CE loss (one batch): 0.0
Test MSE (raw): 0.0276
Test MSE (smoothed with alpha=0.01): 0.0776
Smoothed Test MSE did not improve. Early stopping counter: 11/10000
Test MSE group_0: 0.0057
Test MSE group_1: 0.0333
Test MSE group_2: nan
Test MSE group_3: nan
Poisson likelihood: 0.0
CE loss: 0.0
train MSE group_0: 0.0083
train MSE group_1: 0.0324
train MSE group_2: nan
train MSE group_3: nan
CE loss (TEST): 0.0
Experiment 33785
Epoch 0013 [Test seq (cond on sampled tp)] | Loss 120.871521 | Likelihood -123.441505 | KL fp 1.8693 | FP STD 0.1411|
KL coef: 0.029700999999999977
Train loss (one batch): 123.89252471923828
Train CE loss (one batch): 0.0
Test MSE (raw): 0.0254
Test MSE (smoothed with alpha=0.01): 0.0771
Smoothed Test MSE did not improve. Early stopping counter: 12/10000
Test MSE group_0: 0.0051
Test MSE group_1: 0.0308
Test MSE group_2: nan
Test MSE group_3: nan
Poisson likelihood: 0.0
CE loss: 0.0
train MSE group_0: 0.0072
train MSE group_1: 0.0298
train MSE group_2: nan
train MSE group_3: nan
CE loss (TEST): 0.0
Experiment 33785
Epoch 0014 [Test seq (cond on sampled tp)] | Loss 103.581039 | Likelihood -107.783424 | KL fp 1.7083 | FP STD 0.1442|
KL coef: 0.039403990000000055
Train loss (one batch): 112.01653289794922
Train CE loss (one batch): 0.0
Test MSE (raw): 0.0223
Test MSE (smoothed with alpha=0.01): 0.0766
Smoothed Test MSE did not improve. Early stopping counter: 13/10000
Test MSE group_0: 0.0038
Test MSE group_1: 0.0273
Test MSE group_2: nan
Test MSE group_3: nan
Poisson likelihood: 0.0
CE loss: 0.0
train MSE group_0: 0.0063
train MSE group_1: 0.0272
train MSE group_2: nan
train MSE group_3: nan
CE loss (TEST): 0.0
Experiment 33785
Epoch 0015 [Test seq (cond on sampled tp)] | Loss 92.601479 | Likelihood -95.142792 | KL fp 1.6603 | FP STD 0.1477|
KL coef: 0.04900995010000009
Train loss (one batch): 96.20305633544922
Train CE loss (one batch): 0.0
Test MSE (raw): 0.0198
Test MSE (smoothed with alpha=0.01): 0.0760
Smoothed Test MSE did not improve. Early stopping counter: 14/10000
Test MSE group_0: 0.0035
Test MSE group_1: 0.0242
Test MSE group_2: nan
Test MSE group_3: nan
Poisson likelihood: 0.0
CE loss: 0.0
train MSE group_0: 0.0051
train MSE group_1: 0.0239
train MSE group_2: nan
train MSE group_3: nan
CE loss (TEST): 0.0
Experiment 33785
Epoch 0016 [Test seq (cond on sampled tp)] | Loss 83.684212 | Likelihood -84.990486 | KL fp 1.6597 | FP STD 0.1512|
KL coef: 0.058519850599
Train loss (one batch): 84.73750305175781
Train CE loss (one batch): 0.0
Test MSE (raw): 0.0177
Test MSE (smoothed with alpha=0.01): 0.0754
Smoothed Test MSE did not improve. Early stopping counter: 15/10000
Test MSE group_0: 0.0033
Test MSE group_1: 0.0218
Test MSE group_2: nan
Test MSE group_3: nan
Poisson likelihood: 0.0
CE loss: 0.0
train MSE group_0: 0.0046
train MSE group_1: 0.0213
train MSE group_2: nan
train MSE group_3: nan
CE loss (TEST): 0.0
Experiment 33785
Epoch 0017 [Test seq (cond on sampled tp)] | Loss 70.098938 | Likelihood -71.103401 | KL fp 1.7226 | FP STD 0.1543|
KL coef: 0.06793465209301008
Train loss (one batch): 74.11859130859375
Train CE loss (one batch): 0.0
Test MSE (raw): 0.0150
Test MSE (smoothed with alpha=0.01): 0.0748
Smoothed Test MSE did not improve. Early stopping counter: 16/10000
Test MSE group_0: 0.0035
Test MSE group_1: 0.0182
Test MSE group_2: nan
Test MSE group_3: nan
Poisson likelihood: 0.0
CE loss: 0.0
train MSE group_0: 0.0039
train MSE group_1: 0.0187
train MSE group_2: nan
train MSE group_3: nan
CE loss (TEST): 0.0
Experiment 33785
Epoch 0018 [Test seq (cond on sampled tp)] | Loss 63.895557 | Likelihood -66.333008 | KL fp 1.8581 | FP STD 0.1567|
KL coef: 0.07725530557207994
Train loss (one batch): 64.49495697021484
Train CE loss (one batch): 0.0
Test MSE (raw): 0.0140
Test MSE (smoothed with alpha=0.01): 0.0742
Smoothed Test MSE did not improve. Early stopping counter: 17/10000
Test MSE group_0: 0.0035
Test MSE group_1: 0.0170
Test MSE group_2: nan
Test MSE group_3: nan
Poisson likelihood: 0.0
CE loss: 0.0
train MSE group_0: 0.0036
train MSE group_1: 0.0165
train MSE group_2: nan
train MSE group_3: nan
CE loss (TEST): 0.0
Experiment 33785
Epoch 0019 [Test seq (cond on sampled tp)] | Loss 55.126053 | Likelihood -58.021942 | KL fp 1.9063 | FP STD 0.1601|
KL coef: 0.08648275251635917
Train loss (one batch): 56.35602951049805
Train CE loss (one batch): 0.0
Test MSE (raw): 0.0123
Test MSE (smoothed with alpha=0.01): 0.0736
Smoothed Test MSE did not improve. Early stopping counter: 18/10000
Test MSE group_0: 0.0044
Test MSE group_1: 0.0147
Test MSE group_2: nan
Test MSE group_3: nan
Poisson likelihood: 0.0
CE loss: 0.0
train MSE group_0: 0.0042
train MSE group_1: 0.0143
train MSE group_2: nan
train MSE group_3: nan
CE loss (TEST): 0.0
Experiment 33785
Epoch 0020 [Test seq (cond on sampled tp)] | Loss 50.434933 | Likelihood -52.357914 | KL fp 1.8719 | FP STD 0.1640|
KL coef: 0.09561792499119559
Train loss (one batch): 49.825782775878906
Train CE loss (one batch): 0.0
Test MSE (raw): 0.0112
Test MSE (smoothed with alpha=0.01): 0.0730
Smoothed Test MSE did not improve. Early stopping counter: 19/10000
Test MSE group_0: 0.0050
Test MSE group_1: 0.0131
Test MSE group_2: nan
Test MSE group_3: nan
Poisson likelihood: 0.0
CE loss: 0.0
train MSE group_0: 0.0042
train MSE group_1: 0.0129
train MSE group_2: nan
train MSE group_3: nan
CE loss (TEST): 0.0
Experiment 33785
Epoch 0021 [Test seq (cond on sampled tp)] | Loss 48.032406 | Likelihood -50.620255 | KL fp 1.9532 | FP STD 0.1647|
KL coef: 0.10466174574128362
Train loss (one batch): 47.562103271484375
Train CE loss (one batch): 0.0
Test MSE (raw): 0.0109
Test MSE (smoothed with alpha=0.01): 0.0723
Smoothed Test MSE did not improve. Early stopping counter: 20/10000
Test MSE group_0: 0.0063
Test MSE group_1: 0.0122
Test MSE group_2: nan
Test MSE group_3: nan
Poisson likelihood: 0.0
CE loss: 0.0
train MSE group_0: 0.0051
train MSE group_1: 0.0119
train MSE group_2: nan
train MSE group_3: nan
CE loss (TEST): 0.0
Experiment 33785
Epoch 0022 [Test seq (cond on sampled tp)] | Loss 50.614983 | Likelihood -52.970722 | KL fp 1.9416 | FP STD 0.1628|
KL coef: 0.11361512828387077
Train loss (one batch): 47.67806625366211
Train CE loss (one batch): 0.0
Test MSE (raw): 0.0113
Test MSE (smoothed with alpha=0.01): 0.0717
Smoothed Test MSE did not improve. Early stopping counter: 21/10000
Test MSE group_0: 0.0075
Test MSE group_1: 0.0124
Test MSE group_2: nan
Test MSE group_3: nan
Poisson likelihood: 0.0
CE loss: 0.0
train MSE group_0: 0.0067
train MSE group_1: 0.0115
train MSE group_2: nan
train MSE group_3: nan
CE loss (TEST): 0.0
Experiment 33785
Epoch 0023 [Test seq (cond on sampled tp)] | Loss 49.619305 | Likelihood -51.198410 | KL fp 1.8529 | FP STD 0.1575|
KL coef: 0.12247897700103216
Train loss (one batch): 46.18367004394531
Train CE loss (one batch): 0.0
Test MSE (raw): 0.0110
Test MSE (smoothed with alpha=0.01): 0.0711
Smoothed Test MSE did not improve. Early stopping counter: 22/10000
Test MSE group_0: 0.0091
Test MSE group_1: 0.0114
Test MSE group_2: nan
Test MSE group_3: nan
Poisson likelihood: 0.0
CE loss: 0.0
train MSE group_0: 0.0074
train MSE group_1: 0.0110
train MSE group_2: nan
train MSE group_3: nan
CE loss (TEST): 0.0
Experiment 33785
Epoch 0024 [Test seq (cond on sampled tp)] | Loss 49.568264 | Likelihood -52.302464 | KL fp 1.8628 | FP STD 0.1481|
KL coef: 0.13125418723102178
Train loss (one batch): 47.28959655761719
Train CE loss (one batch): 0.0
Test MSE (raw): 0.0112
Test MSE (smoothed with alpha=0.01): 0.0705
Smoothed Test MSE did not improve. Early stopping counter: 23/10000
Test MSE group_0: 0.0094
Test MSE group_1: 0.0116
Test MSE group_2: nan
Test MSE group_3: nan
Poisson likelihood: 0.0
CE loss: 0.0
train MSE group_0: 0.0083
train MSE group_1: 0.0111
train MSE group_2: nan
train MSE group_3: nan
CE loss (TEST): 0.0
Experiment 33785
Epoch 0025 [Test seq (cond on sampled tp)] | Loss 49.781368 | Likelihood -51.312801 | KL fp 1.9174 | FP STD 0.1344|
KL coef: 0.13994164535871156
Train loss (one batch): 49.19607925415039
Train CE loss (one batch): 0.0
Test MSE (raw): 0.0110
Test MSE (smoothed with alpha=0.01): 0.0699
Smoothed Test MSE did not improve. Early stopping counter: 24/10000
Test MSE group_0: 0.0101
Test MSE group_1: 0.0112
Test MSE group_2: nan
Test MSE group_3: nan
Poisson likelihood: 0.0
CE loss: 0.0
train MSE group_0: 0.0092
train MSE group_1: 0.0111
train MSE group_2: nan
train MSE group_3: nan
CE loss (TEST): 0.0
Experiment 33785
Epoch 0026 [Test seq (cond on sampled tp)] | Loss 48.763355 | Likelihood -49.564270 | KL fp 2.0355 | FP STD 0.1187|
KL coef: 0.14854222890512447
Train loss (one batch): 46.77025604248047
Train CE loss (one batch): 0.0
Test MSE (raw): 0.0107
Test MSE (smoothed with alpha=0.01): 0.0693
Smoothed Test MSE did not improve. Early stopping counter: 25/10000
Test MSE group_0: 0.0087
Test MSE group_1: 0.0112
Test MSE group_2: nan
Test MSE group_3: nan
Poisson likelihood: 0.0
CE loss: 0.0
train MSE group_0: 0.0092
train MSE group_1: 0.0105
train MSE group_2: nan
train MSE group_3: nan
CE loss (TEST): 0.0
Experiment 33785
Epoch 0027 [Test seq (cond on sampled tp)] | Loss 46.340309 | Likelihood -47.283634 | KL fp 2.4047 | FP STD 0.1018|
KL coef: 0.15705680661607324
Train loss (one batch): 45.70800018310547
Train CE loss (one batch): 0.0
Test MSE (raw): 0.0102
Test MSE (smoothed with alpha=0.01): 0.0687
Smoothed Test MSE did not improve. Early stopping counter: 26/10000
Test MSE group_0: 0.0081
Test MSE group_1: 0.0108
Test MSE group_2: nan
Test MSE group_3: nan
Poisson likelihood: 0.0
CE loss: 0.0
train MSE group_0: 0.0089
train MSE group_1: 0.0103
train MSE group_2: nan
train MSE group_3: nan
CE loss (TEST): 0.0
Experiment 33785
Epoch 0028 [Test seq (cond on sampled tp)] | Loss 44.107151 | Likelihood -45.346954 | KL fp 2.3703 | FP STD 0.0950|
KL coef: 0.1654862385499125
Train loss (one batch): 43.59836959838867
Train CE loss (one batch): 0.0
Test MSE (raw): 0.0098
Test MSE (smoothed with alpha=0.01): 0.0682
Smoothed Test MSE did not improve. Early stopping counter: 27/10000
Test MSE group_0: 0.0069
Test MSE group_1: 0.0107
Test MSE group_2: nan
Test MSE group_3: nan
Poisson likelihood: 0.0
CE loss: 0.0
train MSE group_0: 0.0079
train MSE group_1: 0.0100
train MSE group_2: nan
train MSE group_3: nan
CE loss (TEST): 0.0
Experiment 33785
Epoch 0029 [Test seq (cond on sampled tp)] | Loss 43.908245 | Likelihood -45.309799 | KL fp 2.5395 | FP STD 0.0932|
KL coef: 0.17383137616441335
Train loss (one batch): 41.43480682373047
Train CE loss (one batch): 0.0
Test MSE (raw): 0.0098
Test MSE (smoothed with alpha=0.01): 0.0676
Smoothed Test MSE did not improve. Early stopping counter: 28/10000
Test MSE group_0: 0.0064
Test MSE group_1: 0.0109
Test MSE group_2: nan
Test MSE group_3: nan
Poisson likelihood: 0.0
CE loss: 0.0
train MSE group_0: 0.0071
train MSE group_1: 0.0098
train MSE group_2: nan
train MSE group_3: nan
CE loss (TEST): 0.0
Experiment 33785
Epoch 0030 [Test seq (cond on sampled tp)] | Loss 40.501831 | Likelihood -42.451305 | KL fp 2.2010 | FP STD 0.0993|
KL coef: 0.18209306240276923
Train loss (one batch): 39.89641571044922
Train CE loss (one batch): 0.0
Test MSE (raw): 0.0092
Test MSE (smoothed with alpha=0.01): 0.0670
Smoothed Test MSE did not improve. Early stopping counter: 29/10000
Test MSE group_0: 0.0052
Test MSE group_1: 0.0105
Test MSE group_2: nan
Test MSE group_3: nan
Poisson likelihood: 0.0
CE loss: 0.0
train MSE group_0: 0.0061
train MSE group_1: 0.0097
train MSE group_2: nan
train MSE group_3: nan
CE loss (TEST): 0.0
Experiment 33785
Epoch 0031 [Test seq (cond on sampled tp)] | Loss 43.064327 | Likelihood -43.893810 | KL fp 2.0860 | FP STD 0.1051|
KL coef: 0.19027213177874158
Train loss (one batch): 39.54991912841797
Train CE loss (one batch): 0.0
Test MSE (raw): 0.0095
Test MSE (smoothed with alpha=0.01): 0.0664
Smoothed Test MSE did not improve. Early stopping counter: 30/10000
Test MSE group_0: 0.0042
Test MSE group_1: 0.0112
Test MSE group_2: nan
Test MSE group_3: nan
Poisson likelihood: 0.0
CE loss: 0.0
train MSE group_0: 0.0052
train MSE group_1: 0.0099
train MSE group_2: nan
train MSE group_3: nan
CE loss (TEST): 0.0
Experiment 33785
Epoch 0032 [Test seq (cond on sampled tp)] | Loss 44.367008 | Likelihood -45.276886 | KL fp 1.9675 | FP STD 0.1096|
KL coef: 0.19836941046095413
Train loss (one batch): 39.83250427246094
Train CE loss (one batch): 0.0
Test MSE (raw): 0.0098
Test MSE (smoothed with alpha=0.01): 0.0659
Smoothed Test MSE did not improve. Early stopping counter: 31/10000
Test MSE group_0: 0.0038
Test MSE group_1: 0.0118
Test MSE group_2: nan
Test MSE group_3: nan
Poisson likelihood: 0.0
CE loss: 0.0
train MSE group_0: 0.0046
train MSE group_1: 0.0102
train MSE group_2: nan
train MSE group_3: nan
CE loss (TEST): 0.0
Experiment 33785
Epoch 0033 [Test seq (cond on sampled tp)] | Loss 44.928833 | Likelihood -46.084026 | KL fp 1.9163 | FP STD 0.1122|
KL coef: 0.20638571635634462
Train loss (one batch): 40.215023040771484
Train CE loss (one batch): 0.0
Test MSE (raw): 0.0100
Test MSE (smoothed with alpha=0.01): 0.0653
Smoothed Test MSE did not improve. Early stopping counter: 32/10000
Test MSE group_0: 0.0030
Test MSE group_1: 0.0122
Test MSE group_2: nan
Test MSE group_3: nan
Poisson likelihood: 0.0
CE loss: 0.0
train MSE group_0: 0.0041
train MSE group_1: 0.0104
train MSE group_2: nan
train MSE group_3: nan
CE loss (TEST): 0.0
Experiment 33785
Epoch 0034 [Test seq (cond on sampled tp)] | Loss 47.005013 | Likelihood -47.960155 | KL fp 1.8944 | FP STD 0.1130|
KL coef: 0.21432185919278124
Train loss (one batch): 40.50896453857422
Train CE loss (one batch): 0.0
Test MSE (raw): 0.0103
Test MSE (smoothed with alpha=0.01): 0.0647
Smoothed Test MSE did not improve. Early stopping counter: 33/10000
Test MSE group_0: 0.0034
Test MSE group_1: 0.0125
Test MSE group_2: nan
Test MSE group_3: nan
Poisson likelihood: 0.0
CE loss: 0.0
train MSE group_0: 0.0037
train MSE group_1: 0.0107
train MSE group_2: nan
train MSE group_3: nan
CE loss (TEST): 0.0
Experiment 33785
Epoch 0035 [Test seq (cond on sampled tp)] | Loss 43.190861 | Likelihood -44.239502 | KL fp 1.8915 | FP STD 0.1124|
KL coef: 0.22217864060085335
Train loss (one batch): 41.51808166503906
Train CE loss (one batch): 0.0
Test MSE (raw): 0.0096
Test MSE (smoothed with alpha=0.01): 0.0642
Smoothed Test MSE did not improve. Early stopping counter: 34/10000
Test MSE group_0: 0.0029
Test MSE group_1: 0.0118
Test MSE group_2: nan
Test MSE group_3: nan
Poisson likelihood: 0.0
CE loss: 0.0
train MSE group_0: 0.0034
train MSE group_1: 0.0110
train MSE group_2: nan
train MSE group_3: nan
CE loss (TEST): 0.0
Experiment 33785
Epoch 0036 [Test seq (cond on sampled tp)] | Loss 45.643898 | Likelihood -46.997768 | KL fp 1.9054 | FP STD 0.1106|
KL coef: 0.2299568541948449
Train loss (one batch): 41.350894927978516
Train CE loss (one batch): 0.0
Test MSE (raw): 0.0101
Test MSE (smoothed with alpha=0.01): 0.0637
Smoothed Test MSE did not improve. Early stopping counter: 35/10000
Test MSE group_0: 0.0028
Test MSE group_1: 0.0125
Test MSE group_2: nan
Test MSE group_3: nan
Poisson likelihood: 0.0
CE loss: 0.0
train MSE group_0: 0.0032
train MSE group_1: 0.0110
train MSE group_2: nan
train MSE group_3: nan
CE loss (TEST): 0.0
Experiment 33785
Epoch 0037 [Test seq (cond on sampled tp)] | Loss 44.693680 | Likelihood -46.151012 | KL fp 1.9352 | FP STD 0.1077|
KL coef: 0.23765728565289646
Train loss (one batch): 41.8353157043457
Train CE loss (one batch): 0.0
Test MSE (raw): 0.0100
Test MSE (smoothed with alpha=0.01): 0.0631
Smoothed Test MSE did not improve. Early stopping counter: 36/10000
Test MSE group_0: 0.0026
Test MSE group_1: 0.0123
Test MSE group_2: nan
Test MSE group_3: nan
Poisson likelihood: 0.0
CE loss: 0.0
train MSE group_0: 0.0031
train MSE group_1: 0.0111
train MSE group_2: nan
train MSE group_3: nan
CE loss (TEST): 0.0
Experiment 33785
Epoch 0038 [Test seq (cond on sampled tp)] | Loss 43.671440 | Likelihood -44.768749 | KL fp 1.9683 | FP STD 0.1047|
KL coef: 0.24528071279636743
Train loss (one batch): 40.277915954589844
Train CE loss (one batch): 0.0
Test MSE (raw): 0.0097
Test MSE (smoothed with alpha=0.01): 0.0626
Smoothed Test MSE did not improve. Early stopping counter: 37/10000
Test MSE group_0: 0.0029
Test MSE group_1: 0.0119
Test MSE group_2: nan
Test MSE group_3: nan
Poisson likelihood: 0.0
CE loss: 0.0
train MSE group_0: 0.0031
train MSE group_1: 0.0108
train MSE group_2: nan
train MSE group_3: nan
CE loss (TEST): 0.0
Experiment 33785
Epoch 0039 [Test seq (cond on sampled tp)] | Loss 44.773857 | Likelihood -46.314602 | KL fp 2.0185 | FP STD 0.1010|
KL coef: 0.25282790566840385
Train loss (one batch): 40.406402587890625
Train CE loss (one batch): 0.0
Test MSE (raw): 0.0100
Test MSE (smoothed with alpha=0.01): 0.0621
Smoothed Test MSE did not improve. Early stopping counter: 38/10000
Test MSE group_0: 0.0030
Test MSE group_1: 0.0122
Test MSE group_2: nan
Test MSE group_3: nan
Poisson likelihood: 0.0
CE loss: 0.0
train MSE group_0: 0.0031
train MSE group_1: 0.0107
train MSE group_2: nan
train MSE group_3: nan
CE loss (TEST): 0.0
Experiment 33785
Epoch 0040 [Test seq (cond on sampled tp)] | Loss 42.302490 | Likelihood -43.938843 | KL fp 2.0893 | FP STD 0.0967|
KL coef: 0.2602996266117198
Train loss (one batch): 40.11248779296875
Train CE loss (one batch): 0.0
Test MSE (raw): 0.0095
Test MSE (smoothed with alpha=0.01): 0.0615
Smoothed Test MSE did not improve. Early stopping counter: 39/10000
Test MSE group_0: 0.0032
Test MSE group_1: 0.0115
Test MSE group_2: nan
Test MSE group_3: nan
Poisson likelihood: 0.0
CE loss: 0.0
train MSE group_0: 0.0032
train MSE group_1: 0.0106
train MSE group_2: nan
train MSE group_3: nan
CE loss (TEST): 0.0
Experiment 33785
Epoch 0041 [Test seq (cond on sampled tp)] | Loss 43.314449 | Likelihood -43.917591 | KL fp 2.1976 | FP STD 0.0918|
KL coef: 0.26769663034560254
Train loss (one batch): 39.49363327026367
Train CE loss (one batch): 0.0
Test MSE (raw): 0.0095
Test MSE (smoothed with alpha=0.01): 0.0610
Smoothed Test MSE did not improve. Early stopping counter: 40/10000
Test MSE group_0: 0.0034
Test MSE group_1: 0.0115
Test MSE group_2: nan
Test MSE group_3: nan
Poisson likelihood: 0.0
CE loss: 0.0
train MSE group_0: 0.0034
train MSE group_1: 0.0104
train MSE group_2: nan
train MSE group_3: nan
CE loss (TEST): 0.0
Experiment 33785
Epoch 0042 [Test seq (cond on sampled tp)] | Loss 42.061932 | Likelihood -42.514923 | KL fp 2.3578 | FP STD 0.0871|
KL coef: 0.2750196640421466
Train loss (one batch): 38.12653350830078
Train CE loss (one batch): 0.0
Test MSE (raw): 0.0092
Test MSE (smoothed with alpha=0.01): 0.0605
Smoothed Test MSE did not improve. Early stopping counter: 41/10000
Test MSE group_0: 0.0037
Test MSE group_1: 0.0110
Test MSE group_2: nan
Test MSE group_3: nan
Poisson likelihood: 0.0
CE loss: 0.0
train MSE group_0: 0.0038
train MSE group_1: 0.0099
train MSE group_2: nan
train MSE group_3: nan
CE loss (TEST): 0.0
Experiment 33785
Epoch 0043 [Test seq (cond on sampled tp)] | Loss 42.066944 | Likelihood -42.652401 | KL fp 2.5026 | FP STD 0.0834|
KL coef: 0.2822694674017251
Train loss (one batch): 37.776275634765625
Train CE loss (one batch): 0.0
Test MSE (raw): 0.0093
Test MSE (smoothed with alpha=0.01): 0.0600
Smoothed Test MSE did not improve. Early stopping counter: 42/10000
Test MSE group_0: 0.0041
Test MSE group_1: 0.0109
Test MSE group_2: nan
Test MSE group_3: nan
Poisson likelihood: 0.0
CE loss: 0.0
train MSE group_0: 0.0040
train MSE group_1: 0.0097
train MSE group_2: nan
train MSE group_3: nan
CE loss (TEST): 0.0
Experiment 33785
Epoch 0044 [Test seq (cond on sampled tp)] | Loss 41.084953 | Likelihood -41.563492 | KL fp 2.6636 | FP STD 0.0809|
KL coef: 0.2894467727277079
Train loss (one batch): 37.68363952636719
Train CE loss (one batch): 0.0
Test MSE (raw): 0.0090
Test MSE (smoothed with alpha=0.01): 0.0595
Smoothed Test MSE did not improve. Early stopping counter: 43/10000
Test MSE group_0: 0.0045
Test MSE group_1: 0.0105
Test MSE group_2: nan
Test MSE group_3: nan
Poisson likelihood: 0.0
CE loss: 0.0
train MSE group_0: 0.0042
train MSE group_1: 0.0096
train MSE group_2: nan
train MSE group_3: nan
CE loss (TEST): 0.0
Experiment 33785
Epoch 0045 [Test seq (cond on sampled tp)] | Loss 40.966145 | Likelihood -41.413967 | KL fp 2.5582 | FP STD 0.0805|
KL coef: 0.29655230500043084
Train loss (one batch): 37.19450759887695
Train CE loss (one batch): 0.0
Test MSE (raw): 0.0090
Test MSE (smoothed with alpha=0.01): 0.0590
Smoothed Test MSE did not improve. Early stopping counter: 44/10000
Test MSE group_0: 0.0047
Test MSE group_1: 0.0104
Test MSE group_2: nan
Test MSE group_3: nan
Poisson likelihood: 0.0
CE loss: 0.0
train MSE group_0: 0.0045
train MSE group_1: 0.0094
train MSE group_2: nan
train MSE group_3: nan
CE loss (TEST): 0.0
Experiment 33785
Epoch 0046 [Test seq (cond on sampled tp)] | Loss 41.053074 | Likelihood -41.477650 | KL fp 2.5834 | FP STD 0.0801|
KL coef: 0.30358678195042654
Train loss (one batch): 37.18780517578125
Train CE loss (one batch): 0.0
Test MSE (raw): 0.0090
Test MSE (smoothed with alpha=0.01): 0.0585
Smoothed Test MSE did not improve. Early stopping counter: 45/10000
Test MSE group_0: 0.0053
Test MSE group_1: 0.0102
Test MSE group_2: nan
Test MSE group_3: nan
Poisson likelihood: 0.0
CE loss: 0.0
train MSE group_0: 0.0049
train MSE group_1: 0.0093
train MSE group_2: nan
train MSE group_3: nan
CE loss (TEST): 0.0
Experiment 33785
Epoch 0047 [Test seq (cond on sampled tp)] | Loss 40.825001 | Likelihood -41.186893 | KL fp 2.6143 | FP STD 0.0798|
KL coef: 0.3105509141309223
Train loss (one batch): 37.30241394042969
Train CE loss (one batch): 0.0
Test MSE (raw): 0.0090
Test MSE (smoothed with alpha=0.01): 0.0580
Smoothed Test MSE did not improve. Early stopping counter: 46/10000
Test MSE group_0: 0.0053
Test MSE group_1: 0.0101
Test MSE group_2: nan
Test MSE group_3: nan
Poisson likelihood: 0.0
CE loss: 0.0
train MSE group_0: 0.0051
train MSE group_1: 0.0092
train MSE group_2: nan
train MSE group_3: nan
CE loss (TEST): 0.0
Experiment 33785
Epoch 0048 [Test seq (cond on sampled tp)] | Loss 39.543900 | Likelihood -39.858261 | KL fp 2.6618 | FP STD 0.0793|
KL coef: 0.31744540498961304
Train loss (one batch): 37.5712890625
Train CE loss (one batch): 0.0
Test MSE (raw): 0.0087
Test MSE (smoothed with alpha=0.01): 0.0575
Smoothed Test MSE did not improve. Early stopping counter: 47/10000
Test MSE group_0: 0.0051
Test MSE group_1: 0.0099
Test MSE group_2: nan
Test MSE group_3: nan
Poisson likelihood: 0.0
CE loss: 0.0
train MSE group_0: 0.0052
train MSE group_1: 0.0092
train MSE group_2: nan
train MSE group_3: nan
CE loss (TEST): 0.0
Experiment 33785
Epoch 0049 [Test seq (cond on sampled tp)] | Loss 39.292515 | Likelihood -39.665852 | KL fp 2.7300 | FP STD 0.0789|
KL coef: 0.3242709509397169
Train loss (one batch): 37.15352249145508
Train CE loss (one batch): 0.0
Test MSE (raw): 0.0087
Test MSE (smoothed with alpha=0.01): 0.0570
Smoothed Test MSE did not improve. Early stopping counter: 48/10000
Test MSE group_0: 0.0054
Test MSE group_1: 0.0097
Test MSE group_2: nan
Test MSE group_3: nan
Poisson likelihood: 0.0
CE loss: 0.0
train MSE group_0: 0.0054
train MSE group_1: 0.0091
train MSE group_2: nan
train MSE group_3: nan
CE loss (TEST): 0.0
Experiment 33785
Epoch 0050 [Test seq (cond on sampled tp)] | Loss 40.962769 | Likelihood -41.790119 | KL fp 2.5633 | FP STD 0.0796|
KL coef: 0.3310282414303197
Train loss (one batch): 37.87169647216797
Train CE loss (one batch): 0.0
Test MSE (raw): 0.0091
Test MSE (smoothed with alpha=0.01): 0.0565
Smoothed Test MSE did not improve. Early stopping counter: 49/10000
Test MSE group_0: 0.0055
Test MSE group_1: 0.0102
Test MSE group_2: nan
Test MSE group_3: nan
Poisson likelihood: 0.0
CE loss: 0.0
train MSE group_0: 0.0055
train MSE group_1: 0.0092
train MSE group_2: nan
train MSE group_3: nan
CE loss (TEST): 0.0
Experiment 33785
Epoch 0051 [Test seq (cond on sampled tp)] | Loss 40.512348 | Likelihood -40.817326 | KL fp 2.5241 | FP STD 0.0800|
KL coef: 0.33771795901601653
Train loss (one batch): 37.69786071777344
Train CE loss (one batch): 0.0
Test MSE (raw): 0.0089
Test MSE (smoothed with alpha=0.01): 0.0560
Smoothed Test MSE did not improve. Early stopping counter: 50/10000
Test MSE group_0: 0.0052
Test MSE group_1: 0.0101
Test MSE group_2: nan
Test MSE group_3: nan
Poisson likelihood: 0.0
CE loss: 0.0
train MSE group_0: 0.0054
train MSE group_1: 0.0092
train MSE group_2: nan
train MSE group_3: nan
CE loss (TEST): 0.0
Experiment 33785
Epoch 0052 [Test seq (cond on sampled tp)] | Loss 39.434036 | Likelihood -40.117813 | KL fp 2.4948 | FP STD 0.0807|
KL coef: 0.3443407794258564
Train loss (one batch): 36.62392807006836
Train CE loss (one batch): 0.0
Test MSE (raw): 0.0088
Test MSE (smoothed with alpha=0.01): 0.0556
Smoothed Test MSE did not improve. Early stopping counter: 51/10000
Test MSE group_0: 0.0050
Test MSE group_1: 0.0099
Test MSE group_2: nan
Test MSE group_3: nan
Poisson likelihood: 0.0
CE loss: 0.0
train MSE group_0: 0.0052
train MSE group_1: 0.0090
train MSE group_2: nan
train MSE group_3: nan
CE loss (TEST): 0.0
Experiment 33785
Epoch 0053 [Test seq (cond on sampled tp)] | Loss 39.689110 | Likelihood -39.931641 | KL fp 2.4730 | FP STD 0.0814|
KL coef: 0.35089737163159784
Train loss (one batch): 36.83573532104492
Train CE loss (one batch): 0.0
Test MSE (raw): 0.0087
Test MSE (smoothed with alpha=0.01): 0.0551
Smoothed Test MSE did not improve. Early stopping counter: 52/10000
Test MSE group_0: 0.0050
Test MSE group_1: 0.0099
Test MSE group_2: nan
Test MSE group_3: nan
Poisson likelihood: 0.0
CE loss: 0.0
train MSE group_0: 0.0050
train MSE group_1: 0.0091
train MSE group_2: nan
train MSE group_3: nan
CE loss (TEST): 0.0
Experiment 33785
Epoch 0054 [Test seq (cond on sampled tp)] | Loss 39.469387 | Likelihood -39.896942 | KL fp 2.4766 | FP STD 0.0812|
KL coef: 0.3573883979152819
Train loss (one batch): 37.2017707824707
Train CE loss (one batch): 0.0
Test MSE (raw): 0.0087
Test MSE (smoothed with alpha=0.01): 0.0546
Smoothed Test MSE did not improve. Early stopping counter: 53/10000
Test MSE group_0: 0.0048
Test MSE group_1: 0.0099
Test MSE group_2: nan
Test MSE group_3: nan
Poisson likelihood: 0.0
CE loss: 0.0
train MSE group_0: 0.0050
train MSE group_1: 0.0092
train MSE group_2: nan
train MSE group_3: nan
CE loss (TEST): 0.0
Experiment 33785
Epoch 0055 [Test seq (cond on sampled tp)] | Loss 38.593624 | Likelihood -39.214260 | KL fp 2.4767 | FP STD 0.0812|
KL coef: 0.36381451393612907
Train loss (one batch): 36.475318908691406
Train CE loss (one batch): 0.0
Test MSE (raw): 0.0086
Test MSE (smoothed with alpha=0.01): 0.0542
Smoothed Test MSE did not improve. Early stopping counter: 54/10000
Test MSE group_0: 0.0046
Test MSE group_1: 0.0098
Test MSE group_2: nan
Test MSE group_3: nan
Poisson likelihood: 0.0
CE loss: 0.0
train MSE group_0: 0.0047
train MSE group_1: 0.0091
train MSE group_2: nan
train MSE group_3: nan
CE loss (TEST): 0.0
Experiment 33785
Epoch 0056 [Test seq (cond on sampled tp)] | Loss 39.347591 | Likelihood -39.944279 | KL fp 2.4638 | FP STD 0.0818|
KL coef: 0.37017636879676774
Train loss (one batch): 35.86418533325195
Train CE loss (one batch): 0.0
Test MSE (raw): 0.0087
Test MSE (smoothed with alpha=0.01): 0.0537
Smoothed Test MSE did not improve. Early stopping counter: 55/10000
Test MSE group_0: 0.0042
Test MSE group_1: 0.0101
Test MSE group_2: nan
Test MSE group_3: nan
Poisson likelihood: 0.0
CE loss: 0.0
train MSE group_0: 0.0045
train MSE group_1: 0.0090
train MSE group_2: nan
train MSE group_3: nan
CE loss (TEST): 0.0
Experiment 33785
Epoch 0057 [Test seq (cond on sampled tp)] | Loss 40.381706 | Likelihood -40.741581 | KL fp 2.4584 | FP STD 0.0822|
KL coef: 0.37647460510880004
Train loss (one batch): 36.50644302368164
Train CE loss (one batch): 0.0
Test MSE (raw): 0.0089
Test MSE (smoothed with alpha=0.01): 0.0533
Smoothed Test MSE did not improve. Early stopping counter: 56/10000
Test MSE group_0: 0.0041
Test MSE group_1: 0.0103
Test MSE group_2: nan
Test MSE group_3: nan
Poisson likelihood: 0.0
CE loss: 0.0
train MSE group_0: 0.0043
train MSE group_1: 0.0091
train MSE group_2: nan
train MSE group_3: nan
CE loss (TEST): 0.0
Experiment 33785
Epoch 0058 [Test seq (cond on sampled tp)] | Loss 39.364326 | Likelihood -39.709141 | KL fp 2.4416 | FP STD 0.0829|
KL coef: 0.38270985905771204
Train loss (one batch): 36.3065185546875
Train CE loss (one batch): 0.0
Test MSE (raw): 0.0087
Test MSE (smoothed with alpha=0.01): 0.0528
Smoothed Test MSE did not improve. Early stopping counter: 57/10000
Test MSE group_0: 0.0039
Test MSE group_1: 0.0101
Test MSE group_2: nan
Test MSE group_3: nan
Poisson likelihood: 0.0
CE loss: 0.0
train MSE group_0: 0.0042
train MSE group_1: 0.0092
train MSE group_2: nan
train MSE group_3: nan
CE loss (TEST): 0.0
Experiment 33785
Epoch 0059 [Test seq (cond on sampled tp)] | Loss 40.242996 | Likelihood -40.541920 | KL fp 2.4065 | FP STD 0.0836|
KL coef: 0.388882760467135
Train loss (one batch): 36.0353889465332
Train CE loss (one batch): 0.0
Test MSE (raw): 0.0088
Test MSE (smoothed with alpha=0.01): 0.0524
Smoothed Test MSE did not improve. Early stopping counter: 58/10000
Test MSE group_0: 0.0041
Test MSE group_1: 0.0103
Test MSE group_2: nan
Test MSE group_3: nan
Poisson likelihood: 0.0
CE loss: 0.0
train MSE group_0: 0.0040
train MSE group_1: 0.0091
train MSE group_2: nan
train MSE group_3: nan
CE loss (TEST): 0.0
Experiment 33785
Epoch 0060 [Test seq (cond on sampled tp)] | Loss 38.871201 | Likelihood -39.307240 | KL fp 2.3758 | FP STD 0.0847|
KL coef: 0.39499393286246365
Train loss (one batch): 36.135841369628906
Train CE loss (one batch): 0.0
Test MSE (raw): 0.0086
Test MSE (smoothed with alpha=0.01): 0.0519
Smoothed Test MSE did not improve. Early stopping counter: 59/10000
Test MSE group_0: 0.0036
Test MSE group_1: 0.0101
Test MSE group_2: nan
Test MSE group_3: nan
Poisson likelihood: 0.0
CE loss: 0.0
train MSE group_0: 0.0039
train MSE group_1: 0.0092
train MSE group_2: nan
train MSE group_3: nan
CE loss (TEST): 0.0
Experiment 33785
Epoch 0061 [Test seq (cond on sampled tp)] | Loss 38.171967 | Likelihood -38.792114 | KL fp 2.3564 | FP STD 0.0857|
KL coef: 0.401043993533839
Train loss (one batch): 36.27048873901367
Train CE loss (one batch): 0.0
Test MSE (raw): 0.0085
Test MSE (smoothed with alpha=0.01): 0.0515
Smoothed Test MSE did not improve. Early stopping counter: 60/10000
Test MSE group_0: 0.0035
Test MSE group_1: 0.0100
Test MSE group_2: nan
Test MSE group_3: nan
Poisson likelihood: 0.0
CE loss: 0.0
train MSE group_0: 0.0039
train MSE group_1: 0.0092
train MSE group_2: nan
train MSE group_3: nan
CE loss (TEST): 0.0
Experiment 33785
Epoch 0062 [Test seq (cond on sampled tp)] | Loss 39.980343 | Likelihood -40.801380 | KL fp 2.3414 | FP STD 0.0870|
KL coef: 0.4070335535985006
Train loss (one batch): 36.527870178222656
Train CE loss (one batch): 0.0
Test MSE (raw): 0.0089
Test MSE (smoothed with alpha=0.01): 0.0511
Smoothed Test MSE did not improve. Early stopping counter: 61/10000
Test MSE group_0: 0.0036
Test MSE group_1: 0.0105
Test MSE group_2: nan
Test MSE group_3: nan
Poisson likelihood: 0.0
CE loss: 0.0
train MSE group_0: 0.0038
train MSE group_1: 0.0093
train MSE group_2: nan
train MSE group_3: nan
CE loss (TEST): 0.0
Experiment 33785
Epoch 0063 [Test seq (cond on sampled tp)] | Loss 38.722137 | Likelihood -39.000973 | KL fp 2.3396 | FP STD 0.0880|
KL coef: 0.41296321806251557
Train loss (one batch): 36.22188949584961
Train CE loss (one batch): 0.0
Test MSE (raw): 0.0085
Test MSE (smoothed with alpha=0.01): 0.0507
Smoothed Test MSE did not improve. Early stopping counter: 62/10000
Test MSE group_0: 0.0036
Test MSE group_1: 0.0101
Test MSE group_2: nan
Test MSE group_3: nan
Poisson likelihood: 0.0
CE loss: 0.0
train MSE group_0: 0.0037
train MSE group_1: 0.0092
train MSE group_2: nan
train MSE group_3: nan
CE loss (TEST): 0.0
Experiment 33785
Epoch 0064 [Test seq (cond on sampled tp)] | Loss 39.399342 | Likelihood -39.889339 | KL fp 2.3398 | FP STD 0.0888|
KL coef: 0.41883358588189046
Train loss (one batch): 36.35066223144531
Train CE loss (one batch): 0.0
Test MSE (raw): 0.0087
Test MSE (smoothed with alpha=0.01): 0.0502
Smoothed Test MSE did not improve. Early stopping counter: 63/10000
Test MSE group_0: 0.0036
Test MSE group_1: 0.0103
Test MSE group_2: nan
Test MSE group_3: nan
Poisson likelihood: 0.0
CE loss: 0.0
train MSE group_0: 0.0037
train MSE group_1: 0.0092
train MSE group_2: nan
train MSE group_3: nan
CE loss (TEST): 0.0
Experiment 33785
Epoch 0065 [Test seq (cond on sampled tp)] | Loss 39.258492 | Likelihood -40.854645 | KL fp 2.3303 | FP STD 0.0900|
KL coef: 0.4246452500230715
Train loss (one batch): 35.70915222167969
Train CE loss (one batch): 0.0
Test MSE (raw): 0.0089
Test MSE (smoothed with alpha=0.01): 0.0498
Smoothed Test MSE did not improve. Early stopping counter: 64/10000
Test MSE group_0: 0.0039
Test MSE group_1: 0.0104
Test MSE group_2: nan
Test MSE group_3: nan
Poisson likelihood: 0.0
CE loss: 0.0
train MSE group_0: 0.0039
train MSE group_1: 0.0090
train MSE group_2: nan
train MSE group_3: nan
CE loss (TEST): 0.0
Experiment 33785
Epoch 0066 [Test seq (cond on sampled tp)] | Loss 39.406033 | Likelihood -39.572056 | KL fp 2.3223 | FP STD 0.0912|
KL coef: 0.4303987975228408
Train loss (one batch): 36.02705001831055
Train CE loss (one batch): 0.0
Test MSE (raw): 0.0087
Test MSE (smoothed with alpha=0.01): 0.0494
Smoothed Test MSE did not improve. Early stopping counter: 65/10000
Test MSE group_0: 0.0037
Test MSE group_1: 0.0101
Test MSE group_2: nan
Test MSE group_3: nan
Poisson likelihood: 0.0
CE loss: 0.0
train MSE group_0: 0.0038
train MSE group_1: 0.0091
train MSE group_2: nan
train MSE group_3: nan
CE loss (TEST): 0.0
Experiment 33785
Epoch 0067 [Test seq (cond on sampled tp)] | Loss 39.166443 | Likelihood -39.913017 | KL fp 2.3109 | FP STD 0.0925|
KL coef: 0.4360948095476125
Train loss (one batch): 35.634552001953125
Train CE loss (one batch): 0.0
Test MSE (raw): 0.0087
Test MSE (smoothed with alpha=0.01): 0.0490
Smoothed Test MSE did not improve. Early stopping counter: 66/10000
Test MSE group_0: 0.0039
Test MSE group_1: 0.0102
Test MSE group_2: nan
Test MSE group_3: nan
Poisson likelihood: 0.0
CE loss: 0.0
train MSE group_0: 0.0039
train MSE group_1: 0.0090
train MSE group_2: nan
train MSE group_3: nan
CE loss (TEST): 0.0
Experiment 33785
Epoch 0068 [Test seq (cond on sampled tp)] | Loss 39.332417 | Likelihood -39.610840 | KL fp 2.2905 | FP STD 0.0937|
KL coef: 0.44173386145213633
Train loss (one batch): 35.68693923950195
Train CE loss (one batch): 0.0
Test MSE (raw): 0.0087
Test MSE (smoothed with alpha=0.01): 0.0486
Smoothed Test MSE did not improve. Early stopping counter: 67/10000
Test MSE group_0: 0.0038
Test MSE group_1: 0.0101
Test MSE group_2: nan
Test MSE group_3: nan
Poisson likelihood: 0.0
CE loss: 0.0
train MSE group_0: 0.0039
train MSE group_1: 0.0090
train MSE group_2: nan
train MSE group_3: nan
CE loss (TEST): 0.0
Experiment 33785
Epoch 0069 [Test seq (cond on sampled tp)] | Loss 39.207047 | Likelihood -39.665165 | KL fp 2.2743 | FP STD 0.0947|
KL coef: 0.4473165228376149
Train loss (one batch): 35.78013610839844
Train CE loss (one batch): 0.0
Test MSE (raw): 0.0087
Test MSE (smoothed with alpha=0.01): 0.0482
Smoothed Test MSE did not improve. Early stopping counter: 68/10000
Test MSE group_0: 0.0037
Test MSE group_1: 0.0101
Test MSE group_2: nan
Test MSE group_3: nan
Poisson likelihood: 0.0
CE loss: 0.0
train MSE group_0: 0.0040
train MSE group_1: 0.0090
train MSE group_2: nan
train MSE group_3: nan
CE loss (TEST): 0.0
Experiment 33785
Epoch 0070 [Test seq (cond on sampled tp)] | Loss 38.201012 | Likelihood -38.797462 | KL fp 2.2605 | FP STD 0.0955|
KL coef: 0.4528433576092388
Train loss (one batch): 35.574466705322266
Train CE loss (one batch): 0.0
Test MSE (raw): 0.0085
Test MSE (smoothed with alpha=0.01): 0.0478
Smoothed Test MSE did not improve. Early stopping counter: 69/10000
Test MSE group_0: 0.0042
Test MSE group_1: 0.0098
Test MSE group_2: nan
Test MSE group_3: nan
Poisson likelihood: 0.0
CE loss: 0.0
train MSE group_0: 0.0039
train MSE group_1: 0.0090
train MSE group_2: nan
train MSE group_3: nan
CE loss (TEST): 0.0
Experiment 33785
Epoch 0071 [Test seq (cond on sampled tp)] | Loss 38.042450 | Likelihood -38.997128 | KL fp 2.2483 | FP STD 0.0961|
KL coef: 0.45831492403314644
Train loss (one batch): 35.649776458740234
Train CE loss (one batch): 0.0
Test MSE (raw): 0.0085
Test MSE (smoothed with alpha=0.01): 0.0474
Smoothed Test MSE did not improve. Early stopping counter: 70/10000
Test MSE group_0: 0.0040
Test MSE group_1: 0.0099
Test MSE group_2: nan
Test MSE group_3: nan
Poisson likelihood: 0.0
CE loss: 0.0
train MSE group_0: 0.0042
train MSE group_1: 0.0089
train MSE group_2: nan
train MSE group_3: nan
CE loss (TEST): 0.0
Experiment 33785
Epoch 0072 [Test seq (cond on sampled tp)] | Loss 38.855354 | Likelihood -38.948620 | KL fp 2.2383 | FP STD 0.0968|
KL coef: 0.463731774792815
Train loss (one batch): 35.612300872802734
Train CE loss (one batch): 0.0
Test MSE (raw): 0.0085
Test MSE (smoothed with alpha=0.01): 0.0470
Smoothed Test MSE did not improve. Early stopping counter: 71/10000
Test MSE group_0: 0.0038
Test MSE group_1: 0.0099
Test MSE group_2: nan
Test MSE group_3: nan
Poisson likelihood: 0.0
CE loss: 0.0
train MSE group_0: 0.0043
train MSE group_1: 0.0088
train MSE group_2: nan
train MSE group_3: nan
CE loss (TEST): 0.0
Experiment 33785
Epoch 0073 [Test seq (cond on sampled tp)] | Loss 39.272797 | Likelihood -39.528316 | KL fp 2.2239 | FP STD 0.0969|
KL coef: 0.46909445704488684
Train loss (one batch): 35.879188537597656
Train CE loss (one batch): 0.0
Test MSE (raw): 0.0086
Test MSE (smoothed with alpha=0.01): 0.0466
Smoothed Test MSE did not improve. Early stopping counter: 72/10000
Test MSE group_0: 0.0041
Test MSE group_1: 0.0099
Test MSE group_2: nan
Test MSE group_3: nan
Poisson likelihood: 0.0
CE loss: 0.0
train MSE group_0: 0.0043
train MSE group_1: 0.0089
train MSE group_2: nan
train MSE group_3: nan
CE loss (TEST): 0.0
Experiment 33785
Epoch 0074 [Test seq (cond on sampled tp)] | Loss 39.322552 | Likelihood -39.557713 | KL fp 2.2099 | FP STD 0.0971|
KL coef: 0.474403512474438
Train loss (one batch): 35.17214584350586
Train CE loss (one batch): 0.0
Test MSE (raw): 0.0086
Test MSE (smoothed with alpha=0.01): 0.0463
Smoothed Test MSE did not improve. Early stopping counter: 73/10000
Test MSE group_0: 0.0039
Test MSE group_1: 0.0100
Test MSE group_2: nan
Test MSE group_3: nan
Poisson likelihood: 0.0
CE loss: 0.0
train MSE group_0: 0.0041
train MSE group_1: 0.0088
train MSE group_2: nan
train MSE group_3: nan
CE loss (TEST): 0.0
Experiment 33785
Epoch 0075 [Test seq (cond on sampled tp)] | Loss 39.690277 | Likelihood -39.758335 | KL fp 2.1710 | FP STD 0.0988|
KL coef: 0.4796594773496936
Train loss (one batch): 35.568389892578125
Train CE loss (one batch): 0.0
Test MSE (raw): 0.0087
Test MSE (smoothed with alpha=0.01): 0.0459
Smoothed Test MSE did not improve. Early stopping counter: 74/10000
Test MSE group_0: 0.0042
Test MSE group_1: 0.0100
Test MSE group_2: nan
Test MSE group_3: nan
Poisson likelihood: 0.0
CE loss: 0.0
train MSE group_0: 0.0043
train MSE group_1: 0.0088
train MSE group_2: nan
train MSE group_3: nan
CE loss (TEST): 0.0
Experiment 33785
Epoch 0076 [Test seq (cond on sampled tp)] | Loss 36.699448 | Likelihood -37.474575 | KL fp 2.1412 | FP STD 0.1005|
KL coef: 0.4848628825761967
Train loss (one batch): 35.45387649536133
Train CE loss (one batch): 0.0
Test MSE (raw): 0.0082
Test MSE (smoothed with alpha=0.01): 0.0455
Smoothed Test MSE did not improve. Early stopping counter: 75/10000
Test MSE group_0: 0.0040
Test MSE group_1: 0.0095
Test MSE group_2: nan
Test MSE group_3: nan
Poisson likelihood: 0.0
CE loss: 0.0
train MSE group_0: 0.0043
train MSE group_1: 0.0088
train MSE group_2: nan
train MSE group_3: nan
CE loss (TEST): 0.0
Experiment 33785
Epoch 0077 [Test seq (cond on sampled tp)] | Loss 37.642151 | Likelihood -37.869267 | KL fp 2.1124 | FP STD 0.1024|
KL coef: 0.4900142537504347
Train loss (one batch): 34.67601776123047
Train CE loss (one batch): 0.0
Test MSE (raw): 0.0083
Test MSE (smoothed with alpha=0.01): 0.0451
Smoothed Test MSE did not improve. Early stopping counter: 76/10000
Test MSE group_0: 0.0037
Test MSE group_1: 0.0096
Test MSE group_2: nan
Test MSE group_3: nan
Poisson likelihood: 0.0
CE loss: 0.0
train MSE group_0: 0.0041
train MSE group_1: 0.0086
train MSE group_2: nan
train MSE group_3: nan
CE loss (TEST): 0.0
Experiment 33785
Epoch 0078 [Test seq (cond on sampled tp)] | Loss 37.583466 | Likelihood -37.820858 | KL fp 2.0975 | FP STD 0.1037|
KL coef: 0.49511411121293036
Train loss (one batch): 35.46556091308594
Train CE loss (one batch): 0.0
Test MSE (raw): 0.0083
Test MSE (smoothed with alpha=0.01): 0.0448
Smoothed Test MSE did not improve. Early stopping counter: 77/10000
Test MSE group_0: 0.0039
Test MSE group_1: 0.0096
Test MSE group_2: nan
Test MSE group_3: nan
Poisson likelihood: 0.0
CE loss: 0.0
train MSE group_0: 0.0042
train MSE group_1: 0.0088
train MSE group_2: nan
train MSE group_3: nan
CE loss (TEST): 0.0
Experiment 33785
Epoch 0079 [Test seq (cond on sampled tp)] | Loss 37.474018 | Likelihood -37.786434 | KL fp 2.1043 | FP STD 0.1045|
KL coef: 0.500162970100801
Train loss (one batch): 35.21013641357422
Train CE loss (one batch): 0.0
Test MSE (raw): 0.0083
Test MSE (smoothed with alpha=0.01): 0.0444
Smoothed Test MSE did not improve. Early stopping counter: 78/10000
Test MSE group_0: 0.0038
Test MSE group_1: 0.0096
Test MSE group_2: nan
Test MSE group_3: nan
Poisson likelihood: 0.0
CE loss: 0.0
train MSE group_0: 0.0041
train MSE group_1: 0.0088
train MSE group_2: nan
train MSE group_3: nan
CE loss (TEST): 0.0
Experiment 33785
Epoch 0080 [Test seq (cond on sampled tp)] | Loss 37.364822 | Likelihood -38.323666 | KL fp 2.1027 | FP STD 0.1052|
KL coef: 0.505161340399793
Train loss (one batch): 34.9655647277832
Train CE loss (one batch): 0.0
Test MSE (raw): 0.0084
Test MSE (smoothed with alpha=0.01): 0.0440
Smoothed Test MSE did not improve. Early stopping counter: 79/10000
Test MSE group_0: 0.0039
Test MSE group_1: 0.0097
Test MSE group_2: nan
Test MSE group_3: nan
Poisson likelihood: 0.0
CE loss: 0.0
train MSE group_0: 0.0041
train MSE group_1: 0.0087
train MSE group_2: nan
train MSE group_3: nan
CE loss (TEST): 0.0
Experiment 33785
Epoch 0081 [Test seq (cond on sampled tp)] | Loss 39.033237 | Likelihood -39.056950 | KL fp 2.1096 | FP STD 0.1054|
KL coef: 0.510109726995795
Train loss (one batch): 35.66838073730469
Train CE loss (one batch): 0.0
Test MSE (raw): 0.0085
Test MSE (smoothed with alpha=0.01): 0.0437
Smoothed Test MSE did not improve. Early stopping counter: 80/10000
Test MSE group_0: 0.0039
Test MSE group_1: 0.0099
Test MSE group_2: nan
Test MSE group_3: nan
Poisson likelihood: 0.0
CE loss: 0.0
train MSE group_0: 0.0040
train MSE group_1: 0.0089
train MSE group_2: nan
train MSE group_3: nan
CE loss (TEST): 0.0
Experiment 33785
Epoch 0082 [Test seq (cond on sampled tp)] | Loss 37.154076 | Likelihood -37.578552 | KL fp 2.1192 | FP STD 0.1050|
KL coef: 0.5150086297258372
Train loss (one batch): 35.9674072265625
Train CE loss (one batch): 0.0
Test MSE (raw): 0.0083
Test MSE (smoothed with alpha=0.01): 0.0433
Smoothed Test MSE did not improve. Early stopping counter: 81/10000
Test MSE group_0: 0.0040
Test MSE group_1: 0.0095
Test MSE group_2: nan
Test MSE group_3: nan
Poisson likelihood: 0.0
CE loss: 0.0
train MSE group_0: 0.0041
train MSE group_1: 0.0089
train MSE group_2: nan
train MSE group_3: nan
CE loss (TEST): 0.0
Experiment 33785
Epoch 0083 [Test seq (cond on sampled tp)] | Loss 37.790081 | Likelihood -37.984646 | KL fp 2.1154 | FP STD 0.1048|
KL coef: 0.5198585434285787
Train loss (one batch): 35.112152099609375
Train CE loss (one batch): 0.0
Test MSE (raw): 0.0083
Test MSE (smoothed with alpha=0.01): 0.0430
Smoothed Test MSE did not improve. Early stopping counter: 82/10000
Test MSE group_0: 0.0035
Test MSE group_1: 0.0098
Test MSE group_2: nan
Test MSE group_3: nan
Poisson likelihood: 0.0
CE loss: 0.0
train MSE group_0: 0.0039
train MSE group_1: 0.0088
train MSE group_2: nan
train MSE group_3: nan
CE loss (TEST): 0.0
Experiment 33785
Epoch 0084 [Test seq (cond on sampled tp)] | Loss 37.715107 | Likelihood -38.648697 | KL fp 2.0815 | FP STD 0.1052|
KL coef: 0.524659957994293
Train loss (one batch): 34.8032341003418
Train CE loss (one batch): 0.0
Test MSE (raw): 0.0085
Test MSE (smoothed with alpha=0.01): 0.0426
Smoothed Test MSE did not improve. Early stopping counter: 83/10000
Test MSE group_0: 0.0036
Test MSE group_1: 0.0098
Test MSE group_2: nan
Test MSE group_3: nan
Poisson likelihood: 0.0
CE loss: 0.0
train MSE group_0: 0.0039
train MSE group_1: 0.0087
train MSE group_2: nan
train MSE group_3: nan
CE loss (TEST): 0.0
Experiment 33785
Epoch 0085 [Test seq (cond on sampled tp)] | Loss 38.359169 | Likelihood -38.554485 | KL fp 2.0517 | FP STD 0.1058|
KL coef: 0.5294133584143501
Train loss (one batch): 34.992374420166016
Train CE loss (one batch): 0.0
Test MSE (raw): 0.0084
Test MSE (smoothed with alpha=0.01): 0.0423
Smoothed Test MSE did not improve. Early stopping counter: 84/10000
Test MSE group_0: 0.0038
Test MSE group_1: 0.0098
Test MSE group_2: nan
Test MSE group_3: nan
Poisson likelihood: 0.0
CE loss: 0.0
train MSE group_0: 0.0038
train MSE group_1: 0.0088
train MSE group_2: nan
train MSE group_3: nan
CE loss (TEST): 0.0
Experiment 33785
Epoch 0086 [Test seq (cond on sampled tp)] | Loss 38.317730 | Likelihood -38.736423 | KL fp 2.0362 | FP STD 0.1060|
KL coef: 0.5341192248302067
Train loss (one batch): 34.84324264526367
Train CE loss (one batch): 0.0
Test MSE (raw): 0.0085
Test MSE (smoothed with alpha=0.01): 0.0420
Smoothed Test MSE did not improve. Early stopping counter: 85/10000
Test MSE group_0: 0.0037
Test MSE group_1: 0.0099
Test MSE group_2: nan
Test MSE group_3: nan
Poisson likelihood: 0.0
CE loss: 0.0
train MSE group_0: 0.0037
train MSE group_1: 0.0087
train MSE group_2: nan
train MSE group_3: nan
CE loss (TEST): 0.0
Experiment 33785
Epoch 0087 [Test seq (cond on sampled tp)] | Loss 37.506886 | Likelihood -37.869099 | KL fp 2.0238 | FP STD 0.1063|
KL coef: 0.5387780325819045
Train loss (one batch): 34.491825103759766
Train CE loss (one batch): 0.0
Test MSE (raw): 0.0083
Test MSE (smoothed with alpha=0.01): 0.0416
Smoothed Test MSE did not improve. Early stopping counter: 86/10000
Test MSE group_0: 0.0037
Test MSE group_1: 0.0096
Test MSE group_2: nan
Test MSE group_3: nan
Poisson likelihood: 0.0
CE loss: 0.0
train MSE group_0: 0.0037
train MSE group_1: 0.0087
train MSE group_2: nan
train MSE group_3: nan
CE loss (TEST): 0.0
Experiment 33785
Epoch 0088 [Test seq (cond on sampled tp)] | Loss 38.478397 | Likelihood -38.492298 | KL fp 2.0123 | FP STD 0.1068|
KL coef: 0.5433902522560855
Train loss (one batch): 34.61487579345703
Train CE loss (one batch): 0.0
Test MSE (raw): 0.0084
Test MSE (smoothed with alpha=0.01): 0.0413
Smoothed Test MSE did not improve. Early stopping counter: 87/10000
Test MSE group_0: 0.0036
Test MSE group_1: 0.0098
Test MSE group_2: nan
Test MSE group_3: nan
Poisson likelihood: 0.0
CE loss: 0.0
train MSE group_0: 0.0035
train MSE group_1: 0.0087
train MSE group_2: nan
train MSE group_3: nan
CE loss (TEST): 0.0
Experiment 33785
Epoch 0089 [Test seq (cond on sampled tp)] | Loss 36.386833 | Likelihood -36.855434 | KL fp 2.0060 | FP STD 0.1071|
KL coef: 0.5479563497335247
Train loss (one batch): 34.38274002075195
Train CE loss (one batch): 0.0
Test MSE (raw): 0.0081
Test MSE (smoothed with alpha=0.01): 0.0410
Smoothed Test MSE did not improve. Early stopping counter: 88/10000
Test MSE group_0: 0.0036
Test MSE group_1: 0.0094
Test MSE group_2: nan
Test MSE group_3: nan
Poisson likelihood: 0.0
CE loss: 0.0
train MSE group_0: 0.0037
train MSE group_1: 0.0087
train MSE group_2: nan
train MSE group_3: nan
CE loss (TEST): 0.0
Experiment 33785
Epoch 0090 [Test seq (cond on sampled tp)] | Loss 36.717304 | Likelihood -37.324966 | KL fp 2.0072 | FP STD 0.1070|
KL coef: 0.5524767862361895
Train loss (one batch): 34.804744720458984
Train CE loss (one batch): 0.0
Test MSE (raw): 0.0082
Test MSE (smoothed with alpha=0.01): 0.0406
Smoothed Test MSE did not improve. Early stopping counter: 89/10000
Test MSE group_0: 0.0034
Test MSE group_1: 0.0096
Test MSE group_2: nan
Test MSE group_3: nan
Poisson likelihood: 0.0
CE loss: 0.0
train MSE group_0: 0.0036
train MSE group_1: 0.0088
train MSE group_2: nan
train MSE group_3: nan
CE loss (TEST): 0.0
Experiment 33785
Epoch 0091 [Test seq (cond on sampled tp)] | Loss 36.444767 | Likelihood -36.915192 | KL fp 2.0045 | FP STD 0.1073|
KL coef: 0.5569520183738275
Train loss (one batch): 33.87199401855469
Train CE loss (one batch): 0.0
Test MSE (raw): 0.0081
Test MSE (smoothed with alpha=0.01): 0.0403
Smoothed Test MSE did not improve. Early stopping counter: 90/10000
Test MSE group_0: 0.0034
Test MSE group_1: 0.0095
Test MSE group_2: nan
Test MSE group_3: nan
Poisson likelihood: 0.0
CE loss: 0.0
train MSE group_0: 0.0037
train MSE group_1: 0.0086
train MSE group_2: nan
train MSE group_3: nan
CE loss (TEST): 0.0
Experiment 33785
Epoch 0092 [Test seq (cond on sampled tp)] | Loss 37.721230 | Likelihood -38.017776 | KL fp 2.0066 | FP STD 0.1074|
KL coef: 0.5613824981900892
Train loss (one batch): 34.500980377197266
Train CE loss (one batch): 0.0
Test MSE (raw): 0.0083
Test MSE (smoothed with alpha=0.01): 0.0400
Smoothed Test MSE did not improve. Early stopping counter: 91/10000
Test MSE group_0: 0.0036
Test MSE group_1: 0.0097
Test MSE group_2: nan
Test MSE group_3: nan
Poisson likelihood: 0.0
CE loss: 0.0
train MSE group_0: 0.0038
train MSE group_1: 0.0087
train MSE group_2: nan
train MSE group_3: nan
CE loss (TEST): 0.0
Experiment 33785
Epoch 0093 [Test seq (cond on sampled tp)] | Loss 35.154869 | Likelihood -36.088959 | KL fp 2.0106 | FP STD 0.1074|
KL coef: 0.5657686732081884
Train loss (one batch): 34.094146728515625
Train CE loss (one batch): 0.0
Test MSE (raw): 0.0080
Test MSE (smoothed with alpha=0.01): 0.0397
Smoothed Test MSE did not improve. Early stopping counter: 92/10000
Test MSE group_0: 0.0034
Test MSE group_1: 0.0093
Test MSE group_2: nan
Test MSE group_3: nan
Poisson likelihood: 0.0
CE loss: 0.0
train MSE group_0: 0.0036
train MSE group_1: 0.0086
train MSE group_2: nan
train MSE group_3: nan
CE loss (TEST): 0.0
Experiment 33785
Epoch 0094 [Test seq (cond on sampled tp)] | Loss 37.899055 | Likelihood -38.287628 | KL fp 2.0190 | FP STD 0.1071|
KL coef: 0.5701109864761065
Train loss (one batch): 34.24777603149414
Train CE loss (one batch): 0.0
Test MSE (raw): 0.0084
Test MSE (smoothed with alpha=0.01): 0.0394
Smoothed Test MSE did not improve. Early stopping counter: 93/10000
Test MSE group_0: 0.0035
Test MSE group_1: 0.0098
Test MSE group_2: nan
Test MSE group_3: nan
Poisson likelihood: 0.0
CE loss: 0.0
train MSE group_0: 0.0038
train MSE group_1: 0.0086
train MSE group_2: nan
train MSE group_3: nan
CE loss (TEST): 0.0
Experiment 33785
Epoch 0095 [Test seq (cond on sampled tp)] | Loss 36.070496 | Likelihood -36.783657 | KL fp 2.0280 | FP STD 0.1068|
KL coef: 0.5744098766113455
Train loss (one batch): 33.75558090209961
Train CE loss (one batch): 0.0
Test MSE (raw): 0.0081
Test MSE (smoothed with alpha=0.01): 0.0390
Smoothed Test MSE did not improve. Early stopping counter: 94/10000
Test MSE group_0: 0.0035
Test MSE group_1: 0.0094
Test MSE group_2: nan
Test MSE group_3: nan
Poisson likelihood: 0.0
CE loss: 0.0
train MSE group_0: 0.0035
train MSE group_1: 0.0085
train MSE group_2: nan
train MSE group_3: nan
CE loss (TEST): 0.0
Experiment 33785
Epoch 0096 [Test seq (cond on sampled tp)] | Loss 37.124474 | Likelihood -37.582973 | KL fp 2.0392 | FP STD 0.1064|
KL coef: 0.578665777845232
Train loss (one batch): 34.01137161254883
Train CE loss (one batch): 0.0
Test MSE (raw): 0.0083
Test MSE (smoothed with alpha=0.01): 0.0387
Smoothed Test MSE did not improve. Early stopping counter: 95/10000
Test MSE group_0: 0.0037
Test MSE group_1: 0.0096
Test MSE group_2: nan
Test MSE group_3: nan
Poisson likelihood: 0.0
CE loss: 0.0
train MSE group_0: 0.0036
train MSE group_1: 0.0085
train MSE group_2: nan
train MSE group_3: nan
CE loss (TEST): 0.0
Experiment 33785
Epoch 0097 [Test seq (cond on sampled tp)] | Loss 37.689327 | Likelihood -38.100460 | KL fp 2.0520 | FP STD 0.1057|
KL coef: 0.5828791200667797
Train loss (one batch): 34.13005447387695
Train CE loss (one batch): 0.0
Test MSE (raw): 0.0084
Test MSE (smoothed with alpha=0.01): 0.0384
Smoothed Test MSE did not improve. Early stopping counter: 96/10000
Test MSE group_0: 0.0037
Test MSE group_1: 0.0097
Test MSE group_2: nan
Test MSE group_3: nan
Poisson likelihood: 0.0
CE loss: 0.0
train MSE group_0: 0.0037
train MSE group_1: 0.0085
train MSE group_2: nan
train MSE group_3: nan
CE loss (TEST): 0.0
Experiment 33785
Epoch 0098 [Test seq (cond on sampled tp)] | Loss 36.929951 | Likelihood -37.146030 | KL fp 2.0663 | FP STD 0.1049|
KL coef: 0.5870503288661119
Train loss (one batch): 34.22068405151367
Train CE loss (one batch): 0.0
Test MSE (raw): 0.0082
Test MSE (smoothed with alpha=0.01): 0.0381
Smoothed Test MSE did not improve. Early stopping counter: 97/10000
Test MSE group_0: 0.0034
Test MSE group_1: 0.0095
Test MSE group_2: nan
Test MSE group_3: nan
Poisson likelihood: 0.0
CE loss: 0.0
train MSE group_0: 0.0036
train MSE group_1: 0.0086
train MSE group_2: nan
train MSE group_3: nan
CE loss (TEST): 0.0
Experiment 33785
Epoch 0099 [Test seq (cond on sampled tp)] | Loss 37.102825 | Likelihood -37.013432 | KL fp 2.0899 | FP STD 0.1031|
KL coef: 0.5911798255774507
Train loss (one batch): 35.49882125854492
Train CE loss (one batch): 0.0
Test MSE (raw): 0.0081
Test MSE (smoothed with alpha=0.01): 0.0378
Smoothed Test MSE did not improve. Early stopping counter: 98/10000
Test MSE group_0: 0.0037
Test MSE group_1: 0.0094
Test MSE group_2: nan
Test MSE group_3: nan
Poisson likelihood: 0.0
CE loss: 0.0
train MSE group_0: 0.0037
train MSE group_1: 0.0088
train MSE group_2: nan
train MSE group_3: nan
CE loss (TEST): 0.0
Experiment 33785
Epoch 0100 [Test seq (cond on sampled tp)] | Loss 36.730217 | Likelihood -36.767193 | KL fp 2.1150 | FP STD 0.1014|
KL coef: 0.5952680273216762
Train loss (one batch): 33.85675811767578
Train CE loss (one batch): 0.0
Test MSE (raw): 0.0081
Test MSE (smoothed with alpha=0.01): 0.0375
Smoothed Test MSE did not improve. Early stopping counter: 99/10000
Test MSE group_0: 0.0031
Test MSE group_1: 0.0095
Test MSE group_2: nan
Test MSE group_3: nan
Poisson likelihood: 0.0
CE loss: 0.0
train MSE group_0: 0.0036
train MSE group_1: 0.0085
train MSE group_2: nan
train MSE group_3: nan
CE loss (TEST): 0.0
Experiment 33785
Epoch 0101 [Test seq (cond on sampled tp)] | Loss 34.797310 | Likelihood -35.101593 | KL fp 2.1383 | FP STD 0.1000|
KL coef: 0.5993153470484595
Train loss (one batch): 33.811058044433594
Train CE loss (one batch): 0.0
Test MSE (raw): 0.0078
Test MSE (smoothed with alpha=0.01): 0.0372
Smoothed Test MSE did not improve. Early stopping counter: 100/10000
Test MSE group_0: 0.0034
Test MSE group_1: 0.0090
Test MSE group_2: nan
Test MSE group_3: nan
Poisson likelihood: 0.0
CE loss: 0.0
train MSE group_0: 0.0036
train MSE group_1: 0.0085
train MSE group_2: nan
train MSE group_3: nan
CE loss (TEST): 0.0
Couldn't import umap
Sampling dataset of 200 training examples
############## ['31031', '1211', '2551', '3741', '1321', '2750', '2250', '1841', '2150', '1231', '31051', '11121', '1651', '3341', '11111', '1151', '11011', '2441', '1750', '2350', '2231', '3611', '2141', '3751', '3311', '3950', '31011', '3411', '2421', '1650', '750', '1541', '950', '11741', '3421', '3151', '1611']
182
TensorBoard logs will be saved to: experiments/runs/33785
Traceback (most recent call last):
  File "/Users/benjaminmaurel/Documents/Training_Sanofi/notebooks_hands_on/latent_ode/run_models.py", line 288, in <module>
    train_res["loss"].backward()
  File "/opt/miniconda3/envs/NODE_test/lib/python3.12/site-packages/torch/_tensor.py", line 581, in backward
    torch.autograd.backward(
  File "/opt/miniconda3/envs/NODE_test/lib/python3.12/site-packages/torch/autograd/__init__.py", line 347, in backward
    _engine_run_backward(
  File "/opt/miniconda3/envs/NODE_test/lib/python3.12/site-packages/torch/autograd/graph.py", line 825, in _engine_run_backward
    return Variable._execution_engine.run_backward(  # Calls into the C++ engine to run the backward pass
           ^^^^^^^^^^^^^^^^^^^^^^^^^^^^^^^^^^^^^^^^^^^^^^^^^^^^^^^^^^^^^^^^^^^^^^^^^^^^^^^^^^^^^^^^^^^^^^
KeyboardInterrupt
