/opt/miniconda3/envs/NODE_test/lib/python3.12/site-packages/torchvision/io/image.py:14: UserWarning: Failed to load image Python extension: 'dlopen(/opt/miniconda3/envs/NODE_test/lib/python3.12/site-packages/torchvision/image.so, 0x0006): Library not loaded: @rpath/libjpeg.9.dylib
  Referenced from: <367D4265-B20F-34BD-94EB-4F3EE47C385B> /opt/miniconda3/envs/NODE_test/lib/python3.12/site-packages/torchvision/image.so
  Reason: tried: '/opt/miniconda3/envs/NODE_test/lib/python3.12/site-packages/torchvision/../../../libjpeg.9.dylib' (no such file), '/opt/miniconda3/envs/NODE_test/lib/python3.12/site-packages/torchvision/../../../libjpeg.9.dylib' (no such file), '/opt/miniconda3/envs/NODE_test/lib/python3.12/lib-dynload/../../libjpeg.9.dylib' (no such file), '/opt/miniconda3/envs/NODE_test/bin/../lib/libjpeg.9.dylib' (no such file)'If you don't plan on using image functionality from `torchvision.io`, you can ignore this warning. Otherwise, there might be something wrong with your environment. Did you have `libjpeg` or `libpng` installed before building `torchvision` from source?
  warn(
/Users/benjaminmaurel/Documents/Training_Sanofi/notebooks_hands_on/latent_ode/lib/read_tacro.py:159: FutureWarning: DataFrame.applymap has been deprecated. Use DataFrame.map instead.
  df = df.applymap(lambda x: str(x).replace(",", ".") if isinstance(x, str) else x)
/Users/benjaminmaurel/Documents/Training_Sanofi/notebooks_hands_on/latent_ode/lib/read_tacro.py:267: UserWarning: Creating a tensor from a list of numpy.ndarrays is extremely slow. Please consider converting the list to a single numpy.ndarray with numpy.array() before converting to a tensor. (Triggered internally at /Users/runner/miniforge3/conda-bld/libtorch_1744320385493/work/torch/csrc/utils/tensor_new.cpp:281.)
  'auc_be': torch.tensor(auc_be),
/Users/benjaminmaurel/Documents/Training_Sanofi/notebooks_hands_on/latent_ode/lib/read_tacro.py:391: FutureWarning: DataFrame.applymap has been deprecated. Use DataFrame.map instead.
  df = df.applymap(lambda x: str(x).replace(",", ".") if isinstance(x, str) else x)
/Users/benjaminmaurel/Documents/Training_Sanofi/notebooks_hands_on/latent_ode/lib/read_tacro.py:391: FutureWarning: DataFrame.applymap has been deprecated. Use DataFrame.map instead.
  df = df.applymap(lambda x: str(x).replace(",", ".") if isinstance(x, str) else x)
/Users/benjaminmaurel/Documents/Training_Sanofi/notebooks_hands_on/latent_ode/run_models.py
run_models.py --niters 10 -n 200 -s 40 -l 10 --dataset PK_Tacro --latent-ode --noise-weight 0.01 --max-t 5. --seed 51 --experiment 33836
Experiment 33836
Epoch 0010 [Test seq (cond on sampled tp)] | Loss 7505.381348 | Likelihood -7650.835938 | KL fp 2.6214 | FP STD 0.7523|
KL coef: 0.0
Train loss (one batch): 7447.23583984375
Train CE loss (one batch): 0.0
Test MSE (raw): 1.5309
Test MSE (smoothed with alpha=0.01): 1.5309
New best smoothed test MSE: 1.5309. Saving best model to experiments/experiment_33836_best.ckpt
Test MSE group_0: 2.4183
Test MSE group_1: 1.2246
Test MSE group_2: nan
Test MSE group_3: nan
Poisson likelihood: 0.0
CE loss: 0.0
train MSE group_0: 2.2806
train MSE group_1: 1.4231
train MSE group_2: nan
train MSE group_3: nan
CE loss (TEST): 0.0
Couldn't import umap
Sampling dataset of 200 training examples
############## ['3351', '550', '1141', '11541', '2141', '2451', '3550', '11341', '1921', '3250', '2231', '3711', '1131', '3531', '11431', '11531', '3321', '2150', '31051', '3241', '1821', '3631', '3621', '1321', '1350', '1831', '3211', '3331', '1250', '11451', '4250', '11141', '2411', '1211', '1050', '1311', '2050', '2131', '1931', '11721', '11231', '3911', '150', '11311', '2950', '11611', '11711', '3931', '3151', '11441', '3551', '3141', '2550', '450', '2321', '1111', '3811', '3411', '1611', '3121', '2650', '850', '11641', '3821', '1441', '2241', '1841', '11151', '3951', '1450', '650', '350', '3851', '1541', '1741', '11731', '1731', '1121', '2551', '2111', '4050', '1551', '11051', '2441', '1750', '3311', '1511', '3751', '2121', '1521', '2350', '3721', '3450', '1650', '1531', '3650', '1850', '11411', '3831', '1751', '3221', '31011', '3150', '1151', '3611', '1421', '2531', '2750', '11041', '3941', '1231', '3731', '1150', '11241', '11031', '3111', '1221', '2850', '3741', '1331', '3050', '2311', '1911', '2211', '1241', '3131', '11121', '1721', '3421', '11111', '11511', '11011', '250', '1811', '2421', '2250', '3651', '2151', '3850', '3350', '3950', '31041', '3511', '2450', '1711', '750', '1550', '950', '11751', '3521', '3231', '1641']
177
TensorBoard logs will be saved to: experiments/runs/33836
Training complete. TensorBoard writer closed.
Best model (based on smoothed MSE) saved to experiments/experiment_33836_best.ckpt with smoothed Test MSE: 1.5309
