/opt/miniconda3/envs/NODE_test/lib/python3.12/site-packages/torchvision/io/image.py:14: UserWarning: Failed to load image Python extension: 'dlopen(/opt/miniconda3/envs/NODE_test/lib/python3.12/site-packages/torchvision/image.so, 0x0006): Library not loaded: @rpath/libjpeg.9.dylib
  Referenced from: <367D4265-B20F-34BD-94EB-4F3EE47C385B> /opt/miniconda3/envs/NODE_test/lib/python3.12/site-packages/torchvision/image.so
  Reason: tried: '/opt/miniconda3/envs/NODE_test/lib/python3.12/site-packages/torchvision/../../../libjpeg.9.dylib' (no such file), '/opt/miniconda3/envs/NODE_test/lib/python3.12/site-packages/torchvision/../../../libjpeg.9.dylib' (no such file), '/opt/miniconda3/envs/NODE_test/lib/python3.12/lib-dynload/../../libjpeg.9.dylib' (no such file), '/opt/miniconda3/envs/NODE_test/bin/../lib/libjpeg.9.dylib' (no such file)'If you don't plan on using image functionality from `torchvision.io`, you can ignore this warning. Otherwise, there might be something wrong with your environment. Did you have `libjpeg` or `libpng` installed before building `torchvision` from source?
  warn(
/Users/benjaminmaurel/Documents/Training_Sanofi/notebooks_hands_on/latent_ode/run_models.py
run_models.py --niters 5000 -n 200 -s 40 -l 10 --dataset PK_Tacro --latent-ode --noise-weight 0.01 --max-t 5. --seed 16 --experiment 32867
Experiment 32867
Epoch 0010 [Test seq (cond on sampled tp)] | Loss 1251.996460 | Likelihood -1362.104492 | KL fp 2.9361 | FP STD 0.5183|
KL coef: 0.0
Train loss (one batch): 1880.521484375
Train CE loss (one batch): 0.0
Test MSE (raw): 0.2732
Test MSE (smoothed with alpha=0.01): 0.2732
New best smoothed test MSE: 0.2732. Saving best model to experiments/experiment_32867_best.ckpt
Test MSE group_0: 0.3491
Test MSE group_1: 0.1885
Test MSE group_2: nan
Test MSE group_3: nan
Poisson likelihood: 0.0
CE loss: 0.0
train MSE group_0: 0.4584
train MSE group_1: 0.2798
train MSE group_2: nan
train MSE group_3: nan
CE loss (TEST): 0.0
Experiment 32867
Epoch 0020 [Test seq (cond on sampled tp)] | Loss 878.830017 | Likelihood -929.348389 | KL fp 5.0320 | FP STD 0.4265|
KL coef: 0.09561792499119559
Train loss (one batch): 867.0636596679688
Train CE loss (one batch): 0.0
Test MSE (raw): 0.1866
Test MSE (smoothed with alpha=0.01): 0.2723
New best smoothed test MSE: 0.2723. Saving best model to experiments/experiment_32867_best.ckpt
Test MSE group_0: 0.1692
Test MSE group_1: 0.2117
Test MSE group_2: nan
Test MSE group_3: nan
Poisson likelihood: 0.0
CE loss: 0.0
train MSE group_0: 0.1340
train MSE group_1: 0.2305
train MSE group_2: nan
train MSE group_3: nan
CE loss (TEST): 0.0
Experiment 32867
Epoch 0030 [Test seq (cond on sampled tp)] | Loss 826.701416 | Likelihood -872.222290 | KL fp 5.4309 | FP STD 0.2259|
KL coef: 0.18209306240276923
Train loss (one batch): 795.9520263671875
Train CE loss (one batch): 0.0
Test MSE (raw): 0.1752
Test MSE (smoothed with alpha=0.01): 0.2713
New best smoothed test MSE: 0.2713. Saving best model to experiments/experiment_32867_best.ckpt
Test MSE group_0: 0.1701
Test MSE group_1: 0.1858
Test MSE group_2: nan
Test MSE group_3: nan
Poisson likelihood: 0.0
CE loss: 0.0
train MSE group_0: 0.1521
train MSE group_1: 0.1765
train MSE group_2: nan
train MSE group_3: nan
CE loss (TEST): 0.0
Experiment 32867
Epoch 0040 [Test seq (cond on sampled tp)] | Loss 794.055237 | Likelihood -814.925476 | KL fp 6.0497 | FP STD 0.1800|
KL coef: 0.2602996266117198
Train loss (one batch): 729.967041015625
Train CE loss (one batch): 0.0
Test MSE (raw): 0.1637
Test MSE (smoothed with alpha=0.01): 0.2702
New best smoothed test MSE: 0.2702. Saving best model to experiments/experiment_32867_best.ckpt
Test MSE group_0: 0.1523
Test MSE group_1: 0.1814
Test MSE group_2: nan
Test MSE group_3: nan
Poisson likelihood: 0.0
CE loss: 0.0
train MSE group_0: 0.1251
train MSE group_1: 0.1836
train MSE group_2: nan
train MSE group_3: nan
CE loss (TEST): 0.0
Experiment 32867
Epoch 0050 [Test seq (cond on sampled tp)] | Loss 745.773376 | Likelihood -766.555969 | KL fp 5.1430 | FP STD 0.2078|
KL coef: 0.3310282414303197
Train loss (one batch): 709.6127319335938
Train CE loss (one batch): 0.0
Test MSE (raw): 0.1540
Test MSE (smoothed with alpha=0.01): 0.2691
New best smoothed test MSE: 0.2691. Saving best model to experiments/experiment_32867_best.ckpt
Test MSE group_0: 0.1496
Test MSE group_1: 0.1633
Test MSE group_2: nan
Test MSE group_3: nan
Poisson likelihood: 0.0
CE loss: 0.0
train MSE group_0: 0.1255
train MSE group_1: 0.1649
train MSE group_2: nan
train MSE group_3: nan
CE loss (TEST): 0.0
Experiment 32867
Epoch 0060 [Test seq (cond on sampled tp)] | Loss 628.713562 | Likelihood -638.786804 | KL fp 4.6107 | FP STD 0.1982|
KL coef: 0.39499393286246365
Train loss (one batch): 587.8760986328125
Train CE loss (one batch): 0.0
Test MSE (raw): 0.1285
Test MSE (smoothed with alpha=0.01): 0.2677
New best smoothed test MSE: 0.2677. Saving best model to experiments/experiment_32867_best.ckpt
Test MSE group_0: 0.1293
Test MSE group_1: 0.1307
Test MSE group_2: nan
Test MSE group_3: nan
Poisson likelihood: 0.0
CE loss: 0.0
train MSE group_0: 0.1082
train MSE group_1: 0.1358
train MSE group_2: nan
train MSE group_3: nan
CE loss (TEST): 0.0
Experiment 32867
Epoch 0070 [Test seq (cond on sampled tp)] | Loss 416.437408 | Likelihood -426.775177 | KL fp 4.5506 | FP STD 0.1720|
KL coef: 0.4528433576092388
Train loss (one batch): 400.7305908203125
Train CE loss (one batch): 0.0
Test MSE (raw): 0.0861
Test MSE (smoothed with alpha=0.01): 0.2659
New best smoothed test MSE: 0.2659. Saving best model to experiments/experiment_32867_best.ckpt
Test MSE group_0: 0.0874
Test MSE group_1: 0.0863
Test MSE group_2: nan
Test MSE group_3: nan
Poisson likelihood: 0.0
CE loss: 0.0
train MSE group_0: 0.0768
train MSE group_1: 0.0894
train MSE group_2: nan
train MSE group_3: nan
CE loss (TEST): 0.0
Experiment 32867
Epoch 0080 [Test seq (cond on sampled tp)] | Loss 312.859924 | Likelihood -316.320129 | KL fp 4.5073 | FP STD 0.1755|
KL coef: 0.505161340399793
Train loss (one batch): 317.7677917480469
Train CE loss (one batch): 0.0
Test MSE (raw): 0.0640
Test MSE (smoothed with alpha=0.01): 0.2638
New best smoothed test MSE: 0.2638. Saving best model to experiments/experiment_32867_best.ckpt
Test MSE group_0: 0.0586
Test MSE group_1: 0.0712
Test MSE group_2: nan
Test MSE group_3: nan
Poisson likelihood: 0.0
CE loss: 0.0
train MSE group_0: 0.0563
train MSE group_1: 0.0742
train MSE group_2: nan
train MSE group_3: nan
CE loss (TEST): 0.0
Experiment 32867
Epoch 0090 [Test seq (cond on sampled tp)] | Loss 235.089355 | Likelihood -237.027573 | KL fp 4.6659 | FP STD 0.1427|
KL coef: 0.5524767862361895
Train loss (one batch): 239.17608642578125
Train CE loss (one batch): 0.0
Test MSE (raw): 0.0481
Test MSE (smoothed with alpha=0.01): 0.2617
New best smoothed test MSE: 0.2617. Saving best model to experiments/experiment_32867_best.ckpt
Test MSE group_0: 0.0414
Test MSE group_1: 0.0572
Test MSE group_2: nan
Test MSE group_3: nan
Poisson likelihood: 0.0
CE loss: 0.0
train MSE group_0: 0.0382
train MSE group_1: 0.0619
train MSE group_2: nan
train MSE group_3: nan
CE loss (TEST): 0.0
Experiment 32867
Epoch 0100 [Test seq (cond on sampled tp)] | Loss 191.739944 | Likelihood -192.054382 | KL fp 5.1171 | FP STD 0.1008|
KL coef: 0.5952680273216762
Train loss (one batch): 196.53677368164062
Train CE loss (one batch): 0.0
Test MSE (raw): 0.0391
Test MSE (smoothed with alpha=0.01): 0.2595
New best smoothed test MSE: 0.2595. Saving best model to experiments/experiment_32867_best.ckpt
Test MSE group_0: 0.0315
Test MSE group_1: 0.0488
Test MSE group_2: nan
Test MSE group_3: nan
Poisson likelihood: 0.0
CE loss: 0.0
train MSE group_0: 0.0292
train MSE group_1: 0.0533
train MSE group_2: nan
train MSE group_3: nan
CE loss (TEST): 0.0
Experiment 32867
Epoch 0110 [Test seq (cond on sampled tp)] | Loss 190.657135 | Likelihood -190.758484 | KL fp 5.1726 | FP STD 0.0958|
KL coef: 0.6339676587267709
Train loss (one batch): 190.45997619628906
Train CE loss (one batch): 0.0
Test MSE (raw): 0.0389
Test MSE (smoothed with alpha=0.01): 0.2573
New best smoothed test MSE: 0.2573. Saving best model to experiments/experiment_32867_best.ckpt
Test MSE group_0: 0.0289
Test MSE group_1: 0.0512
Test MSE group_2: nan
Test MSE group_3: nan
Poisson likelihood: 0.0
CE loss: 0.0
train MSE group_0: 0.0258
train MSE group_1: 0.0549
train MSE group_2: nan
train MSE group_3: nan
CE loss (TEST): 0.0
Experiment 32867
Epoch 0120 [Test seq (cond on sampled tp)] | Loss 187.792542 | Likelihood -188.196289 | KL fp 4.9413 | FP STD 0.1131|
KL coef: 0.6689669116789861
Train loss (one batch): 190.2512969970703
Train CE loss (one batch): 0.0
Test MSE (raw): 0.0384
Test MSE (smoothed with alpha=0.01): 0.2551
New best smoothed test MSE: 0.2551. Saving best model to experiments/experiment_32867_best.ckpt
Test MSE group_0: 0.0288
Test MSE group_1: 0.0502
Test MSE group_2: nan
Test MSE group_3: nan
Poisson likelihood: 0.0
CE loss: 0.0
train MSE group_0: 0.0266
train MSE group_1: 0.0538
train MSE group_2: nan
train MSE group_3: nan
CE loss (TEST): 0.0
Experiment 32867
Epoch 0130 [Test seq (cond on sampled tp)] | Loss 186.090012 | Likelihood -186.861588 | KL fp 4.8362 | FP STD 0.1251|
KL coef: 0.7006196086876687
Train loss (one batch): 186.3017120361328
Train CE loss (one batch): 0.0
Test MSE (raw): 0.0381
Test MSE (smoothed with alpha=0.01): 0.2529
New best smoothed test MSE: 0.2529. Saving best model to experiments/experiment_32867_best.ckpt
Test MSE group_0: 0.0284
Test MSE group_1: 0.0500
Test MSE group_2: nan
Test MSE group_3: nan
Poisson likelihood: 0.0
CE loss: 0.0
train MSE group_0: 0.0256
train MSE group_1: 0.0538
train MSE group_2: nan
train MSE group_3: nan
CE loss (TEST): 0.0
Experiment 32867
Epoch 0140 [Test seq (cond on sampled tp)] | Loss 183.800217 | Likelihood -183.720520 | KL fp 4.9229 | FP STD 0.1137|
KL coef: 0.729245740488006
Train loss (one batch): 185.7240753173828
Train CE loss (one batch): 0.0
Test MSE (raw): 0.0375
Test MSE (smoothed with alpha=0.01): 0.2507
New best smoothed test MSE: 0.2507. Saving best model to experiments/experiment_32867_best.ckpt
Test MSE group_0: 0.0281
Test MSE group_1: 0.0490
Test MSE group_2: nan
Test MSE group_3: nan
Poisson likelihood: 0.0
CE loss: 0.0
train MSE group_0: 0.0252
train MSE group_1: 0.0538
train MSE group_2: nan
train MSE group_3: nan
CE loss (TEST): 0.0
Experiment 32867
Epoch 0150 [Test seq (cond on sampled tp)] | Loss 182.046753 | Likelihood -181.679230 | KL fp 4.9595 | FP STD 0.1030|
KL coef: 0.7551347009650705
Train loss (one batch): 184.23367309570312
Train CE loss (one batch): 0.0
Test MSE (raw): 0.0371
Test MSE (smoothed with alpha=0.01): 0.2486
New best smoothed test MSE: 0.2486. Saving best model to experiments/experiment_32867_best.ckpt
Test MSE group_0: 0.0278
Test MSE group_1: 0.0486
Test MSE group_2: nan
Test MSE group_3: nan
Poisson likelihood: 0.0
CE loss: 0.0
train MSE group_0: 0.0255
train MSE group_1: 0.0526
train MSE group_2: nan
train MSE group_3: nan
CE loss (TEST): 0.0
Experiment 32867
Epoch 0160 [Test seq (cond on sampled tp)] | Loss 181.541077 | Likelihood -181.198761 | KL fp 4.8065 | FP STD 0.1079|
KL coef: 0.7785482127611391
Train loss (one batch): 186.3968963623047
Train CE loss (one batch): 0.0
Test MSE (raw): 0.0370
Test MSE (smoothed with alpha=0.01): 0.2465
New best smoothed test MSE: 0.2465. Saving best model to experiments/experiment_32867_best.ckpt
Test MSE group_0: 0.0279
Test MSE group_1: 0.0482
Test MSE group_2: nan
Test MSE group_3: nan
Poisson likelihood: 0.0
CE loss: 0.0
train MSE group_0: 0.0257
train MSE group_1: 0.0534
train MSE group_2: nan
train MSE group_3: nan
CE loss (TEST): 0.0
Experiment 32867
Epoch 0170 [Test seq (cond on sampled tp)] | Loss 181.517487 | Likelihood -181.523499 | KL fp 4.8136 | FP STD 0.1106|
KL coef: 0.7997229731425107
Train loss (one batch): 184.3450927734375
Train CE loss (one batch): 0.0
Test MSE (raw): 0.0370
Test MSE (smoothed with alpha=0.01): 0.2444
New best smoothed test MSE: 0.2444. Saving best model to experiments/experiment_32867_best.ckpt
Test MSE group_0: 0.0275
Test MSE group_1: 0.0488
Test MSE group_2: nan
Test MSE group_3: nan
Poisson likelihood: 0.0
CE loss: 0.0
train MSE group_0: 0.0257
train MSE group_1: 0.0525
train MSE group_2: nan
train MSE group_3: nan
CE loss (TEST): 0.0
Experiment 32867
Epoch 0180 [Test seq (cond on sampled tp)] | Loss 179.277130 | Likelihood -180.214783 | KL fp 4.6079 | FP STD 0.1232|
KL coef: 0.8188730468740297
Train loss (one batch): 184.5268096923828
Train CE loss (one batch): 0.0
Test MSE (raw): 0.0368
Test MSE (smoothed with alpha=0.01): 0.2423
New best smoothed test MSE: 0.2423. Saving best model to experiments/experiment_32867_best.ckpt
Test MSE group_0: 0.0270
Test MSE group_1: 0.0488
Test MSE group_2: nan
Test MSE group_3: nan
Poisson likelihood: 0.0
CE loss: 0.0
train MSE group_0: 0.0250
train MSE group_1: 0.0530
train MSE group_2: nan
train MSE group_3: nan
CE loss (TEST): 0.0
Experiment 32867
Epoch 0190 [Test seq (cond on sampled tp)] | Loss 178.765717 | Likelihood -178.285294 | KL fp 4.7696 | FP STD 0.1118|
KL coef: 0.8361920302919126
Train loss (one batch): 180.7841033935547
Train CE loss (one batch): 0.0
Test MSE (raw): 0.0364
Test MSE (smoothed with alpha=0.01): 0.2403
New best smoothed test MSE: 0.2403. Saving best model to experiments/experiment_32867_best.ckpt
Test MSE group_0: 0.0269
Test MSE group_1: 0.0481
Test MSE group_2: nan
Test MSE group_3: nan
Poisson likelihood: 0.0
CE loss: 0.0
train MSE group_0: 0.0250
train MSE group_1: 0.0517
train MSE group_2: nan
train MSE group_3: nan
CE loss (TEST): 0.0
Experiment 32867
Epoch 0200 [Test seq (cond on sampled tp)] | Loss 176.894424 | Likelihood -175.934799 | KL fp 4.9084 | FP STD 0.0986|
KL coef: 0.8518550084524206
Train loss (one batch): 183.365966796875
Train CE loss (one batch): 0.0
Test MSE (raw): 0.0359
Test MSE (smoothed with alpha=0.01): 0.2382
New best smoothed test MSE: 0.2382. Saving best model to experiments/experiment_32867_best.ckpt
Test MSE group_0: 0.0266
Test MSE group_1: 0.0474
Test MSE group_2: nan
Test MSE group_3: nan
Poisson likelihood: 0.0
CE loss: 0.0
train MSE group_0: 0.0251
train MSE group_1: 0.0520
train MSE group_2: nan
train MSE group_3: nan
CE loss (TEST): 0.0
Experiment 32867
Epoch 0210 [Test seq (cond on sampled tp)] | Loss 199.515961 | Likelihood -202.647461 | KL fp 4.1208 | FP STD 0.1485|
KL coef: 0.8660203251420383
Train loss (one batch): 181.11004638671875
Train CE loss (one batch): 0.0
Test MSE (raw): 0.0413
Test MSE (smoothed with alpha=0.01): 0.2362
New best smoothed test MSE: 0.2362. Saving best model to experiments/experiment_32867_best.ckpt
Test MSE group_0: 0.0340
Test MSE group_1: 0.0504
Test MSE group_2: nan
Test MSE group_3: nan
Poisson likelihood: 0.0
CE loss: 0.0
train MSE group_0: 0.0251
train MSE group_1: 0.0512
train MSE group_2: nan
train MSE group_3: nan
CE loss (TEST): 0.0
Experiment 32867
Epoch 0220 [Test seq (cond on sampled tp)] | Loss 258.284973 | Likelihood -282.216827 | KL fp 3.8702 | FP STD 0.3551|
KL coef: 0.8788311836429517
Train loss (one batch): 266.4729309082031
Train CE loss (one batch): 0.0
Test MSE (raw): 0.0572
Test MSE (smoothed with alpha=0.01): 0.2345
New best smoothed test MSE: 0.2345. Saving best model to experiments/experiment_32867_best.ckpt
Test MSE group_0: 0.0535
Test MSE group_1: 0.0621
Test MSE group_2: nan
Test MSE group_3: nan
Poisson likelihood: 0.0
CE loss: 0.0
train MSE group_0: 0.0510
train MSE group_1: 0.0623
train MSE group_2: nan
train MSE group_3: nan
CE loss (TEST): 0.0
Experiment 32867
Epoch 0230 [Test seq (cond on sampled tp)] | Loss 207.561432 | Likelihood -219.748978 | KL fp 4.1643 | FP STD 0.3172|
KL coef: 0.8904170944366518
Train loss (one batch): 220.01846313476562
Train CE loss (one batch): 0.0
Test MSE (raw): 0.0447
Test MSE (smoothed with alpha=0.01): 0.2326
New best smoothed test MSE: 0.2326. Saving best model to experiments/experiment_32867_best.ckpt
Test MSE group_0: 0.0375
Test MSE group_1: 0.0537
Test MSE group_2: nan
Test MSE group_3: nan
Poisson likelihood: 0.0
CE loss: 0.0
train MSE group_0: 0.0339
train MSE group_1: 0.0622
train MSE group_2: nan
train MSE group_3: nan
CE loss (TEST): 0.0
Experiment 32867
Epoch 0240 [Test seq (cond on sampled tp)] | Loss 200.350525 | Likelihood -205.724030 | KL fp 4.0747 | FP STD 0.3037|
KL coef: 0.9008951844811254
Train loss (one batch): 202.57272338867188
Train CE loss (one batch): 0.0
Test MSE (raw): 0.0419
Test MSE (smoothed with alpha=0.01): 0.2307
New best smoothed test MSE: 0.2307. Saving best model to experiments/experiment_32867_best.ckpt
Test MSE group_0: 0.0335
Test MSE group_1: 0.0521
Test MSE group_2: nan
Test MSE group_3: nan
Poisson likelihood: 0.0
CE loss: 0.0
train MSE group_0: 0.0305
train MSE group_1: 0.0550
train MSE group_2: nan
train MSE group_3: nan
CE loss (TEST): 0.0
Experiment 32867
Epoch 0250 [Test seq (cond on sampled tp)] | Loss 192.392899 | Likelihood -192.758652 | KL fp 4.4007 | FP STD 0.2244|
KL coef: 0.9103713812976754
Train loss (one batch): 198.06912231445312
Train CE loss (one batch): 0.0
Test MSE (raw): 0.0393
Test MSE (smoothed with alpha=0.01): 0.2287
New best smoothed test MSE: 0.2287. Saving best model to experiments/experiment_32867_best.ckpt
Test MSE group_0: 0.0297
Test MSE group_1: 0.0512
Test MSE group_2: nan
Test MSE group_3: nan
Poisson likelihood: 0.0
CE loss: 0.0
train MSE group_0: 0.0286
train MSE group_1: 0.0553
train MSE group_2: nan
train MSE group_3: nan
CE loss (TEST): 0.0
Experiment 32867
Epoch 0260 [Test seq (cond on sampled tp)] | Loss 188.060867 | Likelihood -188.079651 | KL fp 4.7435 | FP STD 0.1978|
KL coef: 0.9189414838378187
Train loss (one batch): 187.87359619140625
Train CE loss (one batch): 0.0
Test MSE (raw): 0.0384
Test MSE (smoothed with alpha=0.01): 0.2268
New best smoothed test MSE: 0.2268. Saving best model to experiments/experiment_32867_best.ckpt
Test MSE group_0: 0.0290
Test MSE group_1: 0.0500
Test MSE group_2: nan
Test MSE group_3: nan
Poisson likelihood: 0.0
CE loss: 0.0
train MSE group_0: 0.0265
train MSE group_1: 0.0527
train MSE group_2: nan
train MSE group_3: nan
CE loss (TEST): 0.0
Experiment 32867
Epoch 0270 [Test seq (cond on sampled tp)] | Loss 182.077835 | Likelihood -181.477600 | KL fp 4.9167 | FP STD 0.1896|
KL coef: 0.9266921309561118
Train loss (one batch): 184.2913818359375
Train CE loss (one batch): 0.0
Test MSE (raw): 0.0370
Test MSE (smoothed with alpha=0.01): 0.2249
New best smoothed test MSE: 0.2249. Saving best model to experiments/experiment_32867_best.ckpt
Test MSE group_0: 0.0277
Test MSE group_1: 0.0486
Test MSE group_2: nan
Test MSE group_3: nan
Poisson likelihood: 0.0
CE loss: 0.0
train MSE group_0: 0.0252
train MSE group_1: 0.0525
train MSE group_2: nan
train MSE group_3: nan
CE loss (TEST): 0.0
Experiment 32867
Epoch 0280 [Test seq (cond on sampled tp)] | Loss 179.950470 | Likelihood -182.123123 | KL fp 4.5445 | FP STD 0.2260|
KL coef: 0.9337016772796147
Train loss (one batch): 185.5908660888672
Train CE loss (one batch): 0.0
Test MSE (raw): 0.0372
Test MSE (smoothed with alpha=0.01): 0.2231
New best smoothed test MSE: 0.2231. Saving best model to experiments/experiment_32867_best.ckpt
Test MSE group_0: 0.0280
Test MSE group_1: 0.0484
Test MSE group_2: nan
Test MSE group_3: nan
Poisson likelihood: 0.0
CE loss: 0.0
train MSE group_0: 0.0269
train MSE group_1: 0.0512
train MSE group_2: nan
train MSE group_3: nan
CE loss (TEST): 0.0
Experiment 32867
Epoch 0290 [Test seq (cond on sampled tp)] | Loss 181.269379 | Likelihood -181.264542 | KL fp 4.4580 | FP STD 0.2255|
KL coef: 0.9400409853285345
Train loss (one batch): 184.2252960205078
Train CE loss (one batch): 0.0
Test MSE (raw): 0.0370
Test MSE (smoothed with alpha=0.01): 0.2212
New best smoothed test MSE: 0.2212. Saving best model to experiments/experiment_32867_best.ckpt
Test MSE group_0: 0.0284
Test MSE group_1: 0.0477
Test MSE group_2: nan
Test MSE group_3: nan
Poisson likelihood: 0.0
CE loss: 0.0
train MSE group_0: 0.0257
train MSE group_1: 0.0521
train MSE group_2: nan
train MSE group_3: nan
CE loss (TEST): 0.0
Experiment 32867
Epoch 0300 [Test seq (cond on sampled tp)] | Loss 179.496857 | Likelihood -179.126038 | KL fp 4.5807 | FP STD 0.1975|
KL coef: 0.9457741418959368
Train loss (one batch): 181.8632354736328
Train CE loss (one batch): 0.0
Test MSE (raw): 0.0366
Test MSE (smoothed with alpha=0.01): 0.2194
New best smoothed test MSE: 0.2194. Saving best model to experiments/experiment_32867_best.ckpt
Test MSE group_0: 0.0281
Test MSE group_1: 0.0471
Test MSE group_2: nan
Test MSE group_3: nan
Poisson likelihood: 0.0
CE loss: 0.0
train MSE group_0: 0.0256
train MSE group_1: 0.0511
train MSE group_2: nan
train MSE group_3: nan
CE loss (TEST): 0.0
Experiment 32867
Epoch 0310 [Test seq (cond on sampled tp)] | Loss 177.423279 | Likelihood -176.404572 | KL fp 4.7619 | FP STD 0.1817|
KL coef: 0.9509591059287142
Train loss (one batch): 178.20326232910156
Train CE loss (one batch): 0.0
Test MSE (raw): 0.0360
Test MSE (smoothed with alpha=0.01): 0.2175
New best smoothed test MSE: 0.2175. Saving best model to experiments/experiment_32867_best.ckpt
Test MSE group_0: 0.0270
Test MSE group_1: 0.0471
Test MSE group_2: nan
Test MSE group_3: nan
Poisson likelihood: 0.0
CE loss: 0.0
train MSE group_0: 0.0259
train MSE group_1: 0.0494
train MSE group_2: nan
train MSE group_3: nan
CE loss (TEST): 0.0
Experiment 32867
Epoch 0320 [Test seq (cond on sampled tp)] | Loss 176.439575 | Likelihood -175.331131 | KL fp 4.8336 | FP STD 0.1764|
KL coef: 0.9556482944595236
Train loss (one batch): 177.7242431640625
Train CE loss (one batch): 0.0
Test MSE (raw): 0.0358
Test MSE (smoothed with alpha=0.01): 0.2157
New best smoothed test MSE: 0.2157. Saving best model to experiments/experiment_32867_best.ckpt
Test MSE group_0: 0.0263
Test MSE group_1: 0.0474
Test MSE group_2: nan
Test MSE group_3: nan
Poisson likelihood: 0.0
CE loss: 0.0
train MSE group_0: 0.0243
train MSE group_1: 0.0508
train MSE group_2: nan
train MSE group_3: nan
CE loss (TEST): 0.0
Experiment 32867
Epoch 0330 [Test seq (cond on sampled tp)] | Loss 173.884796 | Likelihood -172.608017 | KL fp 4.7698 | FP STD 0.1760|
KL coef: 0.9598891125131245
Train loss (one batch): 178.56948852539062
Train CE loss (one batch): 0.0
Test MSE (raw): 0.0353
Test MSE (smoothed with alpha=0.01): 0.2139
New best smoothed test MSE: 0.2139. Saving best model to experiments/experiment_32867_best.ckpt
Test MSE group_0: 0.0265
Test MSE group_1: 0.0460
Test MSE group_2: nan
Test MSE group_3: nan
Poisson likelihood: 0.0
CE loss: 0.0
train MSE group_0: 0.0248
train MSE group_1: 0.0503
train MSE group_2: nan
train MSE group_3: nan
CE loss (TEST): 0.0
Experiment 32867
Epoch 0340 [Test seq (cond on sampled tp)] | Loss 172.979156 | Likelihood -172.653976 | KL fp 4.7675 | FP STD 0.1740|
KL coef: 0.9637244323441748
Train loss (one batch): 177.2775115966797
Train CE loss (one batch): 0.0
Test MSE (raw): 0.0353
Test MSE (smoothed with alpha=0.01): 0.2121
New best smoothed test MSE: 0.2121. Saving best model to experiments/experiment_32867_best.ckpt
Test MSE group_0: 0.0267
Test MSE group_1: 0.0459
Test MSE group_2: nan
Test MSE group_3: nan
Poisson likelihood: 0.0
CE loss: 0.0
train MSE group_0: 0.0253
train MSE group_1: 0.0489
train MSE group_2: nan
train MSE group_3: nan
CE loss (TEST): 0.0
Experiment 32867
Epoch 0350 [Test seq (cond on sampled tp)] | Loss 176.216843 | Likelihood -175.500061 | KL fp 4.6608 | FP STD 0.1862|
KL coef: 0.9671930268513026
Train loss (one batch): 176.8405303955078
Train CE loss (one batch): 0.0
Test MSE (raw): 0.0358
Test MSE (smoothed with alpha=0.01): 0.2103
New best smoothed test MSE: 0.2103. Saving best model to experiments/experiment_32867_best.ckpt
Test MSE group_0: 0.0270
Test MSE group_1: 0.0468
Test MSE group_2: nan
Test MSE group_3: nan
Poisson likelihood: 0.0
CE loss: 0.0
train MSE group_0: 0.0246
train MSE group_1: 0.0498
train MSE group_2: nan
train MSE group_3: nan
CE loss (TEST): 0.0
Experiment 32867
Epoch 0360 [Test seq (cond on sampled tp)] | Loss 173.635300 | Likelihood -173.368561 | KL fp 4.5000 | FP STD 0.1947|
KL coef: 0.9703299615490228
Train loss (one batch): 177.92355346679688
Train CE loss (one batch): 0.0
Test MSE (raw): 0.0354
Test MSE (smoothed with alpha=0.01): 0.2086
New best smoothed test MSE: 0.2086. Saving best model to experiments/experiment_32867_best.ckpt
Test MSE group_0: 0.0270
Test MSE group_1: 0.0458
Test MSE group_2: nan
Test MSE group_3: nan
Poisson likelihood: 0.0
CE loss: 0.0
train MSE group_0: 0.0255
train MSE group_1: 0.0493
train MSE group_2: nan
train MSE group_3: nan
CE loss (TEST): 0.0
Experiment 32867
Epoch 0370 [Test seq (cond on sampled tp)] | Loss 215.263824 | Likelihood -222.279526 | KL fp 3.9511 | FP STD 0.2702|
KL coef: 0.9731669490601144
Train loss (one batch): 187.32763671875
Train CE loss (one batch): 0.0
Test MSE (raw): 0.0452
Test MSE (smoothed with alpha=0.01): 0.2070
New best smoothed test MSE: 0.2070. Saving best model to experiments/experiment_32867_best.ckpt
Test MSE group_0: 0.0359
Test MSE group_1: 0.0568
Test MSE group_2: nan
Test MSE group_3: nan
Poisson likelihood: 0.0
CE loss: 0.0
train MSE group_0: 0.0263
train MSE group_1: 0.0546
train MSE group_2: nan
train MSE group_3: nan
CE loss (TEST): 0.0
Experiment 32867
Epoch 0380 [Test seq (cond on sampled tp)] | Loss 205.167221 | Likelihood -220.559372 | KL fp 4.1566 | FP STD 0.2928|
KL coef: 0.9757326697121692
Train loss (one batch): 213.56288146972656
Train CE loss (one batch): 0.0
Test MSE (raw): 0.0448
Test MSE (smoothed with alpha=0.01): 0.2053
New best smoothed test MSE: 0.2053. Saving best model to experiments/experiment_32867_best.ckpt
Test MSE group_0: 0.0362
Test MSE group_1: 0.0555
Test MSE group_2: nan
Test MSE group_3: nan
Poisson likelihood: 0.0
CE loss: 0.0
train MSE group_0: 0.0328
train MSE group_1: 0.0616
train MSE group_2: nan
train MSE group_3: nan
CE loss (TEST): 0.0
Experiment 32867
Epoch 0390 [Test seq (cond on sampled tp)] | Loss 180.778931 | Likelihood -182.997025 | KL fp 4.4303 | FP STD 0.2211|
KL coef: 0.9780530614793677
Train loss (one batch): 182.028564453125
Train CE loss (one batch): 0.0
Test MSE (raw): 0.0373
Test MSE (smoothed with alpha=0.01): 0.2037
New best smoothed test MSE: 0.2037. Saving best model to experiments/experiment_32867_best.ckpt
Test MSE group_0: 0.0289
Test MSE group_1: 0.0477
Test MSE group_2: nan
Test MSE group_3: nan
Poisson likelihood: 0.0
CE loss: 0.0
train MSE group_0: 0.0273
train MSE group_1: 0.0504
train MSE group_2: nan
train MSE group_3: nan
CE loss (TEST): 0.0
Experiment 32867
Epoch 0400 [Test seq (cond on sampled tp)] | Loss 172.657135 | Likelihood -172.333359 | KL fp 4.5910 | FP STD 0.1915|
KL coef: 0.9801515822006198
Train loss (one batch): 177.34739685058594
Train CE loss (one batch): 0.0
Test MSE (raw): 0.0352
Test MSE (smoothed with alpha=0.01): 0.2020
New best smoothed test MSE: 0.2020. Saving best model to experiments/experiment_32867_best.ckpt
Test MSE group_0: 0.0265
Test MSE group_1: 0.0459
Test MSE group_2: nan
Test MSE group_3: nan
Poisson likelihood: 0.0
CE loss: 0.0
train MSE group_0: 0.0259
train MSE group_1: 0.0487
train MSE group_2: nan
train MSE group_3: nan
CE loss (TEST): 0.0
Experiment 32867
Epoch 0410 [Test seq (cond on sampled tp)] | Loss 171.031235 | Likelihood -169.789261 | KL fp 4.7395 | FP STD 0.1797|
KL coef: 0.9820494467249549
Train loss (one batch): 170.1768798828125
Train CE loss (one batch): 0.0
Test MSE (raw): 0.0347
Test MSE (smoothed with alpha=0.01): 0.2003
New best smoothed test MSE: 0.2003. Saving best model to experiments/experiment_32867_best.ckpt
Test MSE group_0: 0.0263
Test MSE group_1: 0.0451
Test MSE group_2: nan
Test MSE group_3: nan
Poisson likelihood: 0.0
CE loss: 0.0
train MSE group_0: 0.0241
train MSE group_1: 0.0477
train MSE group_2: nan
train MSE group_3: nan
CE loss (TEST): 0.0
Experiment 32867
Epoch 0420 [Test seq (cond on sampled tp)] | Loss 168.318878 | Likelihood -166.919617 | KL fp 4.7134 | FP STD 0.1787|
KL coef: 0.9837658413815585
Train loss (one batch): 168.88815307617188
Train CE loss (one batch): 0.0
Test MSE (raw): 0.0341
Test MSE (smoothed with alpha=0.01): 0.1986
New best smoothed test MSE: 0.1986. Saving best model to experiments/experiment_32867_best.ckpt
Test MSE group_0: 0.0259
Test MSE group_1: 0.0443
Test MSE group_2: nan
Test MSE group_3: nan
Poisson likelihood: 0.0
CE loss: 0.0
train MSE group_0: 0.0236
train MSE group_1: 0.0474
train MSE group_2: nan
train MSE group_3: nan
CE loss (TEST): 0.0
Experiment 32867
Epoch 0430 [Test seq (cond on sampled tp)] | Loss 165.107391 | Likelihood -164.881805 | KL fp 4.5073 | FP STD 0.1886|
KL coef: 0.9853181179426319
Train loss (one batch): 167.90899658203125
Train CE loss (one batch): 0.0
Test MSE (raw): 0.0337
Test MSE (smoothed with alpha=0.01): 0.1970
New best smoothed test MSE: 0.1970. Saving best model to experiments/experiment_32867_best.ckpt
Test MSE group_0: 0.0255
Test MSE group_1: 0.0439
Test MSE group_2: nan
Test MSE group_3: nan
Poisson likelihood: 0.0
CE loss: 0.0
train MSE group_0: 0.0234
train MSE group_1: 0.0474
train MSE group_2: nan
train MSE group_3: nan
CE loss (TEST): 0.0
Experiment 32867
Epoch 0440 [Test seq (cond on sampled tp)] | Loss 165.279434 | Likelihood -164.291382 | KL fp 4.3979 | FP STD 0.1956|
KL coef: 0.9867219690399229
Train loss (one batch): 166.0994110107422
Train CE loss (one batch): 0.0
Test MSE (raw): 0.0336
Test MSE (smoothed with alpha=0.01): 0.1954
New best smoothed test MSE: 0.1954. Saving best model to experiments/experiment_32867_best.ckpt
Test MSE group_0: 0.0257
Test MSE group_1: 0.0433
Test MSE group_2: nan
Test MSE group_3: nan
Poisson likelihood: 0.0
CE loss: 0.0
train MSE group_0: 0.0237
train MSE group_1: 0.0464
train MSE group_2: nan
train MSE group_3: nan
CE loss (TEST): 0.0
Experiment 32867
Epoch 0450 [Test seq (cond on sampled tp)] | Loss 179.727661 | Likelihood -182.374023 | KL fp 4.2054 | FP STD 0.2633|
KL coef: 0.9879915868082944
Train loss (one batch): 174.90464782714844
Train CE loss (one batch): 0.0
Test MSE (raw): 0.0372
Test MSE (smoothed with alpha=0.01): 0.1938
New best smoothed test MSE: 0.1938. Saving best model to experiments/experiment_32867_best.ckpt
Test MSE group_0: 0.0266
Test MSE group_1: 0.0502
Test MSE group_2: nan
Test MSE group_3: nan
Poisson likelihood: 0.0
CE loss: 0.0
train MSE group_0: 0.0247
train MSE group_1: 0.0490
train MSE group_2: nan
train MSE group_3: nan
CE loss (TEST): 0.0
Experiment 32867
Epoch 0460 [Test seq (cond on sampled tp)] | Loss 201.204865 | Likelihood -207.356674 | KL fp 3.8492 | FP STD 0.3686|
KL coef: 0.9891398063601221
Train loss (one batch): 213.1909637451172
Train CE loss (one batch): 0.0
Test MSE (raw): 0.0422
Test MSE (smoothed with alpha=0.01): 0.1923
New best smoothed test MSE: 0.1923. Saving best model to experiments/experiment_32867_best.ckpt
Test MSE group_0: 0.0326
Test MSE group_1: 0.0543
Test MSE group_2: nan
Test MSE group_3: nan
Poisson likelihood: 0.0
CE loss: 0.0
train MSE group_0: 0.0325
train MSE group_1: 0.0579
train MSE group_2: nan
train MSE group_3: nan
CE loss (TEST): 0.0
Experiment 32867
Epoch 0470 [Test seq (cond on sampled tp)] | Loss 188.945358 | Likelihood -194.844101 | KL fp 3.9932 | FP STD 0.3469|
KL coef: 0.9901782355409698
Train loss (one batch): 192.7322235107422
Train CE loss (one batch): 0.0
Test MSE (raw): 0.0397
Test MSE (smoothed with alpha=0.01): 0.1907
New best smoothed test MSE: 0.1907. Saving best model to experiments/experiment_32867_best.ckpt
Test MSE group_0: 0.0316
Test MSE group_1: 0.0495
Test MSE group_2: nan
Test MSE group_3: nan
Poisson likelihood: 0.0
CE loss: 0.0
train MSE group_0: 0.0315
train MSE group_1: 0.0496
train MSE group_2: nan
train MSE group_3: nan
CE loss (TEST): 0.0
Experiment 32867
Epoch 0480 [Test seq (cond on sampled tp)] | Loss 178.002548 | Likelihood -180.653244 | KL fp 4.0998 | FP STD 0.3137|
KL coef: 0.9911173722782946
Train loss (one batch): 185.5104217529297
Train CE loss (one batch): 0.0
Test MSE (raw): 0.0369
Test MSE (smoothed with alpha=0.01): 0.1892
New best smoothed test MSE: 0.1892. Saving best model to experiments/experiment_32867_best.ckpt
Test MSE group_0: 0.0294
Test MSE group_1: 0.0462
Test MSE group_2: nan
Test MSE group_3: nan
Poisson likelihood: 0.0
CE loss: 0.0
train MSE group_0: 0.0276
train MSE group_1: 0.0503
train MSE group_2: nan
train MSE group_3: nan
CE loss (TEST): 0.0
Experiment 32867
Epoch 0490 [Test seq (cond on sampled tp)] | Loss 173.621475 | Likelihood -174.576385 | KL fp 4.2358 | FP STD 0.2823|
KL coef: 0.9919667107095133
Train loss (one batch): 175.24481201171875
Train CE loss (one batch): 0.0
Test MSE (raw): 0.0357
Test MSE (smoothed with alpha=0.01): 0.1877
New best smoothed test MSE: 0.1877. Saving best model to experiments/experiment_32867_best.ckpt
Test MSE group_0: 0.0276
Test MSE group_1: 0.0456
Test MSE group_2: nan
Test MSE group_3: nan
Poisson likelihood: 0.0
CE loss: 0.0
train MSE group_0: 0.0259
train MSE group_1: 0.0481
train MSE group_2: nan
train MSE group_3: nan
CE loss (TEST): 0.0
Experiment 32867
Epoch 0500 [Test seq (cond on sampled tp)] | Loss 168.041931 | Likelihood -169.471497 | KL fp 4.3798 | FP STD 0.2600|
KL coef: 0.9927348371623237
Train loss (one batch): 168.0516357421875
Train CE loss (one batch): 0.0
Test MSE (raw): 0.0346
Test MSE (smoothed with alpha=0.01): 0.1861
New best smoothed test MSE: 0.1861. Saving best model to experiments/experiment_32867_best.ckpt
Test MSE group_0: 0.0264
Test MSE group_1: 0.0447
Test MSE group_2: nan
Test MSE group_3: nan
Poisson likelihood: 0.0
CE loss: 0.0
train MSE group_0: 0.0252
train MSE group_1: 0.0462
train MSE group_2: nan
train MSE group_3: nan
CE loss (TEST): 0.0
Experiment 32867
Epoch 0510 [Test seq (cond on sampled tp)] | Loss 166.416794 | Likelihood -167.230072 | KL fp 4.4256 | FP STD 0.2473|
KL coef: 0.9934295169575854
Train loss (one batch): 165.4213104248047
Train CE loss (one batch): 0.0
Test MSE (raw): 0.0342
Test MSE (smoothed with alpha=0.01): 0.1846
New best smoothed test MSE: 0.1846. Saving best model to experiments/experiment_32867_best.ckpt
Test MSE group_0: 0.0264
Test MSE group_1: 0.0438
Test MSE group_2: nan
Test MSE group_3: nan
Poisson likelihood: 0.0
CE loss: 0.0
train MSE group_0: 0.0235
train MSE group_1: 0.0458
train MSE group_2: nan
train MSE group_3: nan
CE loss (TEST): 0.0
Experiment 32867
Epoch 0520 [Test seq (cond on sampled tp)] | Loss 161.316452 | Likelihood -162.318329 | KL fp 4.3765 | FP STD 0.2551|
KL coef: 0.9940577729122909
Train loss (one batch): 164.16802978515625
Train CE loss (one batch): 0.0
Test MSE (raw): 0.0332
Test MSE (smoothed with alpha=0.01): 0.1831
New best smoothed test MSE: 0.1831. Saving best model to experiments/experiment_32867_best.ckpt
Test MSE group_0: 0.0262
Test MSE group_1: 0.0418
Test MSE group_2: nan
Test MSE group_3: nan
Poisson likelihood: 0.0
CE loss: 0.0
train MSE group_0: 0.0238
train MSE group_1: 0.0448
train MSE group_2: nan
train MSE group_3: nan
CE loss (TEST): 0.0
Experiment 32867
Epoch 0530 [Test seq (cond on sampled tp)] | Loss 158.366760 | Likelihood -161.174973 | KL fp 4.4052 | FP STD 0.2480|
KL coef: 0.9946259563362442
Train loss (one batch): 157.4470672607422
Train CE loss (one batch): 0.0
Test MSE (raw): 0.0330
Test MSE (smoothed with alpha=0.01): 0.1816
New best smoothed test MSE: 0.1816. Saving best model to experiments/experiment_32867_best.ckpt
Test MSE group_0: 0.0263
Test MSE group_1: 0.0413
Test MSE group_2: nan
Test MSE group_3: nan
Poisson likelihood: 0.0
CE loss: 0.0
train MSE group_0: 0.0236
train MSE group_1: 0.0420
train MSE group_2: nan
train MSE group_3: nan
CE loss (TEST): 0.0
Experiment 32867
Epoch 0540 [Test seq (cond on sampled tp)] | Loss 160.106842 | Likelihood -160.230072 | KL fp 4.3594 | FP STD 0.2467|
KL coef: 0.9951398112401846
Train loss (one batch): 154.35328674316406
Train CE loss (one batch): 0.0
Test MSE (raw): 0.0328
Test MSE (smoothed with alpha=0.01): 0.1801
New best smoothed test MSE: 0.1801. Saving best model to experiments/experiment_32867_best.ckpt
Test MSE group_0: 0.0258
Test MSE group_1: 0.0415
Test MSE group_2: nan
Test MSE group_3: nan
Poisson likelihood: 0.0
CE loss: 0.0
train MSE group_0: 0.0228
train MSE group_1: 0.0421
train MSE group_2: nan
train MSE group_3: nan
CE loss (TEST): 0.0
Experiment 32867
Epoch 0550 [Test seq (cond on sampled tp)] | Loss 158.897919 | Likelihood -159.600189 | KL fp 4.1847 | FP STD 0.2552|
KL coef: 0.9956045324044637
Train loss (one batch): 149.23715209960938
Train CE loss (one batch): 0.0
Test MSE (raw): 0.0327
Test MSE (smoothed with alpha=0.01): 0.1786
New best smoothed test MSE: 0.1786. Saving best model to experiments/experiment_32867_best.ckpt
Test MSE group_0: 0.0257
Test MSE group_1: 0.0413
Test MSE group_2: nan
Test MSE group_3: nan
Poisson likelihood: 0.0
CE loss: 0.0
train MSE group_0: 0.0226
train MSE group_1: 0.0406
train MSE group_2: nan
train MSE group_3: nan
CE loss (TEST): 0.0
Experiment 32867
Epoch 0560 [Test seq (cond on sampled tp)] | Loss 157.452332 | Likelihood -158.070496 | KL fp 4.2097 | FP STD 0.2473|
KL coef: 0.9960248178953148
Train loss (one batch): 146.88844299316406
Train CE loss (one batch): 0.0
Test MSE (raw): 0.0324
Test MSE (smoothed with alpha=0.01): 0.1772
New best smoothed test MSE: 0.1772. Saving best model to experiments/experiment_32867_best.ckpt
Test MSE group_0: 0.0258
Test MSE group_1: 0.0405
Test MSE group_2: nan
Test MSE group_3: nan
Poisson likelihood: 0.0
CE loss: 0.0
train MSE group_0: 0.0225
train MSE group_1: 0.0395
train MSE group_2: nan
train MSE group_3: nan
CE loss (TEST): 0.0
Experiment 32867
Epoch 0570 [Test seq (cond on sampled tp)] | Loss 156.551865 | Likelihood -157.668076 | KL fp 4.2692 | FP STD 0.2417|
KL coef: 0.996404916559627
Train loss (one batch): 148.40530395507812
Train CE loss (one batch): 0.0
Test MSE (raw): 0.0323
Test MSE (smoothed with alpha=0.01): 0.1757
New best smoothed test MSE: 0.1757. Saving best model to experiments/experiment_32867_best.ckpt
Test MSE group_0: 0.0258
Test MSE group_1: 0.0402
Test MSE group_2: nan
Test MSE group_3: nan
Poisson likelihood: 0.0
CE loss: 0.0
train MSE group_0: 0.0224
train MSE group_1: 0.0402
train MSE group_2: nan
train MSE group_3: nan
CE loss (TEST): 0.0
Experiment 32867
Epoch 0580 [Test seq (cond on sampled tp)] | Loss 154.970886 | Likelihood -154.843994 | KL fp 4.2351 | FP STD 0.2501|
KL coef: 0.9967486709783656
Train loss (one batch): 147.48333740234375
Train CE loss (one batch): 0.0
Test MSE (raw): 0.0317
Test MSE (smoothed with alpha=0.01): 0.1743
New best smoothed test MSE: 0.1743. Saving best model to experiments/experiment_32867_best.ckpt
Test MSE group_0: 0.0254
Test MSE group_1: 0.0395
Test MSE group_2: nan
Test MSE group_3: nan
Poisson likelihood: 0.0
CE loss: 0.0
train MSE group_0: 0.0223
train MSE group_1: 0.0394
train MSE group_2: nan
train MSE group_3: nan
CE loss (TEST): 0.0
Experiment 32867
Epoch 0590 [Test seq (cond on sampled tp)] | Loss 156.919556 | Likelihood -157.314438 | KL fp 4.1982 | FP STD 0.2496|
KL coef: 0.997059556312878
Train loss (one batch): 147.39073181152344
Train CE loss (one batch): 0.0
Test MSE (raw): 0.0322
Test MSE (smoothed with alpha=0.01): 0.1729
New best smoothed test MSE: 0.1729. Saving best model to experiments/experiment_32867_best.ckpt
Test MSE group_0: 0.0257
Test MSE group_1: 0.0403
Test MSE group_2: nan
Test MSE group_3: nan
Poisson likelihood: 0.0
CE loss: 0.0
train MSE group_0: 0.0224
train MSE group_1: 0.0396
train MSE group_2: nan
train MSE group_3: nan
CE loss (TEST): 0.0
Experiment 32867
Epoch 0600 [Test seq (cond on sampled tp)] | Loss 153.996582 | Likelihood -156.080566 | KL fp 4.1782 | FP STD 0.2493|
KL coef: 0.997340715436794
Train loss (one batch): 148.7053985595703
Train CE loss (one batch): 0.0
Test MSE (raw): 0.0320
Test MSE (smoothed with alpha=0.01): 0.1715
New best smoothed test MSE: 0.1715. Saving best model to experiments/experiment_32867_best.ckpt
Test MSE group_0: 0.0250
Test MSE group_1: 0.0406
Test MSE group_2: nan
Test MSE group_3: nan
Poisson likelihood: 0.0
CE loss: 0.0
train MSE group_0: 0.0224
train MSE group_1: 0.0401
train MSE group_2: nan
train MSE group_3: nan
CE loss (TEST): 0.0
Experiment 32867
Epoch 0610 [Test seq (cond on sampled tp)] | Loss 154.052475 | Likelihood -156.006134 | KL fp 4.1983 | FP STD 0.2434|
KL coef: 0.997594990708689
Train loss (one batch): 149.09979248046875
Train CE loss (one batch): 0.0
Test MSE (raw): 0.0319
Test MSE (smoothed with alpha=0.01): 0.1701
New best smoothed test MSE: 0.1701. Saving best model to experiments/experiment_32867_best.ckpt
Test MSE group_0: 0.0254
Test MSE group_1: 0.0400
Test MSE group_2: nan
Test MSE group_3: nan
Poisson likelihood: 0.0
CE loss: 0.0
train MSE group_0: 0.0226
train MSE group_1: 0.0399
train MSE group_2: nan
train MSE group_3: nan
CE loss (TEST): 0.0
Experiment 32867
Epoch 0620 [Test seq (cond on sampled tp)] | Loss 153.762390 | Likelihood -153.943665 | KL fp 4.2335 | FP STD 0.2292|
KL coef: 0.9978249527067087
Train loss (one batch): 143.71755981445312
Train CE loss (one batch): 0.0
Test MSE (raw): 0.0315
Test MSE (smoothed with alpha=0.01): 0.1687
New best smoothed test MSE: 0.1687. Saving best model to experiments/experiment_32867_best.ckpt
Test MSE group_0: 0.0249
Test MSE group_1: 0.0397
Test MSE group_2: nan
Test MSE group_3: nan
Poisson likelihood: 0.0
CE loss: 0.0
train MSE group_0: 0.0222
train MSE group_1: 0.0376
train MSE group_2: nan
train MSE group_3: nan
CE loss (TEST): 0.0
Experiment 32867
Epoch 0630 [Test seq (cond on sampled tp)] | Loss 151.029053 | Likelihood -151.424759 | KL fp 4.3599 | FP STD 0.2124|
KL coef: 0.9980329262156509
Train loss (one batch): 141.34173583984375
Train CE loss (one batch): 0.0
Test MSE (raw): 0.0310
Test MSE (smoothed with alpha=0.01): 0.1673
New best smoothed test MSE: 0.1673. Saving best model to experiments/experiment_32867_best.ckpt
Test MSE group_0: 0.0246
Test MSE group_1: 0.0390
Test MSE group_2: nan
Test MSE group_3: nan
Poisson likelihood: 0.0
CE loss: 0.0
train MSE group_0: 0.0214
train MSE group_1: 0.0386
train MSE group_2: nan
train MSE group_3: nan
CE loss (TEST): 0.0
Experiment 32867
Epoch 0640 [Test seq (cond on sampled tp)] | Loss 150.966644 | Likelihood -150.922989 | KL fp 4.4468 | FP STD 0.2023|
KL coef: 0.9982210137292149
Train loss (one batch): 141.69833374023438
Train CE loss (one batch): 0.0
Test MSE (raw): 0.0309
Test MSE (smoothed with alpha=0.01): 0.1659
New best smoothed test MSE: 0.1659. Saving best model to experiments/experiment_32867_best.ckpt
Test MSE group_0: 0.0246
Test MSE group_1: 0.0388
Test MSE group_2: nan
Test MSE group_3: nan
Poisson likelihood: 0.0
CE loss: 0.0
train MSE group_0: 0.0222
train MSE group_1: 0.0368
train MSE group_2: nan
train MSE group_3: nan
CE loss (TEST): 0.0
Experiment 32867
Epoch 0650 [Test seq (cond on sampled tp)] | Loss 151.143280 | Likelihood -151.034286 | KL fp 4.4354 | FP STD 0.1966|
KL coef: 0.9983911167050152
Train loss (one batch): 139.41363525390625
Train CE loss (one batch): 0.0
Test MSE (raw): 0.0309
Test MSE (smoothed with alpha=0.01): 0.1646
New best smoothed test MSE: 0.1646. Saving best model to experiments/experiment_32867_best.ckpt
Test MSE group_0: 0.0246
Test MSE group_1: 0.0388
Test MSE group_2: nan
Test MSE group_3: nan
Poisson likelihood: 0.0
CE loss: 0.0
train MSE group_0: 0.0216
train MSE group_1: 0.0364
train MSE group_2: nan
train MSE group_3: nan
CE loss (TEST): 0.0
Experiment 32867
Epoch 0660 [Test seq (cond on sampled tp)] | Loss 150.065659 | Likelihood -150.746628 | KL fp 4.4159 | FP STD 0.1943|
KL coef: 0.9985449547872347
Train loss (one batch): 135.74783325195312
Train CE loss (one batch): 0.0
Test MSE (raw): 0.0309
Test MSE (smoothed with alpha=0.01): 0.1632
New best smoothed test MSE: 0.1632. Saving best model to experiments/experiment_32867_best.ckpt
Test MSE group_0: 0.0246
Test MSE group_1: 0.0387
Test MSE group_2: nan
Test MSE group_3: nan
Poisson likelihood: 0.0
CE loss: 0.0
train MSE group_0: 0.0214
train MSE group_1: 0.0364
train MSE group_2: nan
train MSE group_3: nan
CE loss (TEST): 0.0
Experiment 32867
Epoch 0670 [Test seq (cond on sampled tp)] | Loss 150.845169 | Likelihood -150.178925 | KL fp 4.2561 | FP STD 0.2027|
KL coef: 0.9986840831912477
Train loss (one batch): 140.33863830566406
Train CE loss (one batch): 0.0
Test MSE (raw): 0.0308
Test MSE (smoothed with alpha=0.01): 0.1619
New best smoothed test MSE: 0.1619. Saving best model to experiments/experiment_32867_best.ckpt
Test MSE group_0: 0.0245
Test MSE group_1: 0.0385
Test MSE group_2: nan
Test MSE group_3: nan
Poisson likelihood: 0.0
CE loss: 0.0
train MSE group_0: 0.0216
train MSE group_1: 0.0368
train MSE group_2: nan
train MSE group_3: nan
CE loss (TEST): 0.0
Experiment 32867
Epoch 0680 [Test seq (cond on sampled tp)] | Loss 149.242004 | Likelihood -150.477753 | KL fp 4.2228 | FP STD 0.2002|
KL coef: 0.9988099084259616
Train loss (one batch): 138.27926635742188
Train CE loss (one batch): 0.0
Test MSE (raw): 0.0308
Test MSE (smoothed with alpha=0.01): 0.1606
New best smoothed test MSE: 0.1606. Saving best model to experiments/experiment_32867_best.ckpt
Test MSE group_0: 0.0244
Test MSE group_1: 0.0387
Test MSE group_2: nan
Test MSE group_3: nan
Poisson likelihood: 0.0
CE loss: 0.0
train MSE group_0: 0.0215
train MSE group_1: 0.0363
train MSE group_2: nan
train MSE group_3: nan
CE loss (TEST): 0.0
Experiment 32867
Epoch 0690 [Test seq (cond on sampled tp)] | Loss 148.397079 | Likelihood -147.948654 | KL fp 4.4410 | FP STD 0.1813|
KL coef: 0.9989237025128207
Train loss (one batch): 134.1792449951172
Train CE loss (one batch): 0.0
Test MSE (raw): 0.0303
Test MSE (smoothed with alpha=0.01): 0.1593
New best smoothed test MSE: 0.1593. Saving best model to experiments/experiment_32867_best.ckpt
Test MSE group_0: 0.0240
Test MSE group_1: 0.0381
Test MSE group_2: nan
Test MSE group_3: nan
Poisson likelihood: 0.0
CE loss: 0.0
train MSE group_0: 0.0211
train MSE group_1: 0.0347
train MSE group_2: nan
train MSE group_3: nan
CE loss (TEST): 0.0
Experiment 32867
Epoch 0700 [Test seq (cond on sampled tp)] | Loss 147.972244 | Likelihood -147.534760 | KL fp 4.5383 | FP STD 0.1718|
KL coef: 0.999026615845218
Train loss (one batch): 136.97604370117188
Train CE loss (one batch): 0.0
Test MSE (raw): 0.0302
Test MSE (smoothed with alpha=0.01): 0.1580
New best smoothed test MSE: 0.1580. Saving best model to experiments/experiment_32867_best.ckpt
Test MSE group_0: 0.0241
Test MSE group_1: 0.0378
Test MSE group_2: nan
Test MSE group_3: nan
Poisson likelihood: 0.0
CE loss: 0.0
train MSE group_0: 0.0216
train MSE group_1: 0.0351
train MSE group_2: nan
train MSE group_3: nan
CE loss (TEST): 0.0
Experiment 32867
Epoch 0710 [Test seq (cond on sampled tp)] | Loss 147.341812 | Likelihood -146.542938 | KL fp 4.5314 | FP STD 0.1674|
KL coef: 0.9991196888183176
Train loss (one batch): 136.75506591796875
Train CE loss (one batch): 0.0
Test MSE (raw): 0.0300
Test MSE (smoothed with alpha=0.01): 0.1567
New best smoothed test MSE: 0.1567. Saving best model to experiments/experiment_32867_best.ckpt
Test MSE group_0: 0.0240
Test MSE group_1: 0.0374
Test MSE group_2: nan
Test MSE group_3: nan
Poisson likelihood: 0.0
CE loss: 0.0
train MSE group_0: 0.0215
train MSE group_1: 0.0352
train MSE group_2: nan
train MSE group_3: nan
CE loss (TEST): 0.0
Experiment 32867
Epoch 0720 [Test seq (cond on sampled tp)] | Loss 147.278046 | Likelihood -146.560196 | KL fp 4.5326 | FP STD 0.1635|
KL coef: 0.9992038623468565
Train loss (one batch): 132.83624267578125
Train CE loss (one batch): 0.0
Test MSE (raw): 0.0300
Test MSE (smoothed with alpha=0.01): 0.1555
New best smoothed test MSE: 0.1555. Saving best model to experiments/experiment_32867_best.ckpt
Test MSE group_0: 0.0240
Test MSE group_1: 0.0374
Test MSE group_2: nan
Test MSE group_3: nan
Poisson likelihood: 0.0
CE loss: 0.0
train MSE group_0: 0.0218
train MSE group_1: 0.0347
train MSE group_2: nan
train MSE group_3: nan
CE loss (TEST): 0.0
Experiment 32867
Epoch 0730 [Test seq (cond on sampled tp)] | Loss 148.429596 | Likelihood -147.915283 | KL fp 4.5467 | FP STD 0.1583|
KL coef: 0.9992799873772575
Train loss (one batch): 132.59121704101562
Train CE loss (one batch): 0.0
Test MSE (raw): 0.0303
Test MSE (smoothed with alpha=0.01): 0.1542
New best smoothed test MSE: 0.1542. Saving best model to experiments/experiment_32867_best.ckpt
Test MSE group_0: 0.0245
Test MSE group_1: 0.0375
Test MSE group_2: nan
Test MSE group_3: nan
Poisson likelihood: 0.0
CE loss: 0.0
train MSE group_0: 0.0213
train MSE group_1: 0.0347
train MSE group_2: nan
train MSE group_3: nan
CE loss (TEST): 0.0
Experiment 32867
Epoch 0740 [Test seq (cond on sampled tp)] | Loss 147.540085 | Likelihood -146.356140 | KL fp 4.5623 | FP STD 0.1565|
KL coef: 0.9993488334902116
Train loss (one batch): 134.818359375
Train CE loss (one batch): 0.0
Test MSE (raw): 0.0300
Test MSE (smoothed with alpha=0.01): 0.1530
New best smoothed test MSE: 0.1530. Saving best model to experiments/experiment_32867_best.ckpt
Test MSE group_0: 0.0243
Test MSE group_1: 0.0371
Test MSE group_2: nan
Test MSE group_3: nan
Poisson likelihood: 0.0
CE loss: 0.0
train MSE group_0: 0.0214
train MSE group_1: 0.0345
train MSE group_2: nan
train MSE group_3: nan
CE loss (TEST): 0.0
Experiment 32867
Epoch 0750 [Test seq (cond on sampled tp)] | Loss 147.748566 | Likelihood -147.083496 | KL fp 4.5700 | FP STD 0.1533|
KL coef: 0.9994110966807014
Train loss (one batch): 134.07518005371094
Train CE loss (one batch): 0.0
Test MSE (raw): 0.0302
Test MSE (smoothed with alpha=0.01): 0.1517
New best smoothed test MSE: 0.1517. Saving best model to experiments/experiment_32867_best.ckpt
Test MSE group_0: 0.0244
Test MSE group_1: 0.0372
Test MSE group_2: nan
Test MSE group_3: nan
Poisson likelihood: 0.0
CE loss: 0.0
train MSE group_0: 0.0211
train MSE group_1: 0.0350
train MSE group_2: nan
train MSE group_3: nan
CE loss (TEST): 0.0
Experiment 32867
Epoch 0760 [Test seq (cond on sampled tp)] | Loss 145.600677 | Likelihood -145.203125 | KL fp 4.5718 | FP STD 0.1518|
KL coef: 0.9994674063941131
Train loss (one batch): 131.4278106689453
Train CE loss (one batch): 0.0
Test MSE (raw): 0.0298
Test MSE (smoothed with alpha=0.01): 0.1505
New best smoothed test MSE: 0.1505. Saving best model to experiments/experiment_32867_best.ckpt
Test MSE group_0: 0.0238
Test MSE group_1: 0.0372
Test MSE group_2: nan
Test MSE group_3: nan
Poisson likelihood: 0.0
CE loss: 0.0
train MSE group_0: 0.0213
train MSE group_1: 0.0333
train MSE group_2: nan
train MSE group_3: nan
CE loss (TEST): 0.0
Experiment 32867
Epoch 0770 [Test seq (cond on sampled tp)] | Loss 146.952515 | Likelihood -146.105255 | KL fp 4.5884 | FP STD 0.1476|
KL coef: 0.9995183318895716
Train loss (one batch): 131.93580627441406
Train CE loss (one batch): 0.0
Test MSE (raw): 0.0300
Test MSE (smoothed with alpha=0.01): 0.1493
New best smoothed test MSE: 0.1493. Saving best model to experiments/experiment_32867_best.ckpt
Test MSE group_0: 0.0240
Test MSE group_1: 0.0373
Test MSE group_2: nan
Test MSE group_3: nan
Poisson likelihood: 0.0
CE loss: 0.0
train MSE group_0: 0.0211
train MSE group_1: 0.0337
train MSE group_2: nan
train MSE group_3: nan
CE loss (TEST): 0.0
Experiment 32867
Epoch 0780 [Test seq (cond on sampled tp)] | Loss 146.039291 | Likelihood -145.422897 | KL fp 4.5652 | FP STD 0.1479|
KL coef: 0.9995643879948252
Train loss (one batch): 129.88792419433594
Train CE loss (one batch): 0.0
Test MSE (raw): 0.0298
Test MSE (smoothed with alpha=0.01): 0.1481
New best smoothed test MSE: 0.1481. Saving best model to experiments/experiment_32867_best.ckpt
Test MSE group_0: 0.0239
Test MSE group_1: 0.0371
Test MSE group_2: nan
Test MSE group_3: nan
Poisson likelihood: 0.0
CE loss: 0.0
train MSE group_0: 0.0209
train MSE group_1: 0.0335
train MSE group_2: nan
train MSE group_3: nan
CE loss (TEST): 0.0
Experiment 32867
Epoch 0790 [Test seq (cond on sampled tp)] | Loss 147.093735 | Likelihood -146.672180 | KL fp 4.3660 | FP STD 0.1622|
KL coef: 0.9996060403108612
Train loss (one batch): 137.78379821777344
Train CE loss (one batch): 0.0
Test MSE (raw): 0.0301
Test MSE (smoothed with alpha=0.01): 0.1469
New best smoothed test MSE: 0.1469. Saving best model to experiments/experiment_32867_best.ckpt
Test MSE group_0: 0.0240
Test MSE group_1: 0.0375
Test MSE group_2: nan
Test MSE group_3: nan
Poisson likelihood: 0.0
CE loss: 0.0
train MSE group_0: 0.0219
train MSE group_1: 0.0357
train MSE group_2: nan
train MSE group_3: nan
CE loss (TEST): 0.0
Experiment 32867
Epoch 0800 [Test seq (cond on sampled tp)] | Loss 146.271530 | Likelihood -145.560745 | KL fp 4.5123 | FP STD 0.1514|
KL coef: 0.9996437099188669
Train loss (one batch): 129.7694854736328
Train CE loss (one batch): 0.0
Test MSE (raw): 0.0298
Test MSE (smoothed with alpha=0.01): 0.1458
New best smoothed test MSE: 0.1458. Saving best model to experiments/experiment_32867_best.ckpt
Test MSE group_0: 0.0240
Test MSE group_1: 0.0371
Test MSE group_2: nan
Test MSE group_3: nan
Poisson likelihood: 0.0
CE loss: 0.0
train MSE group_0: 0.0212
train MSE group_1: 0.0339
train MSE group_2: nan
train MSE group_3: nan
CE loss (TEST): 0.0
Experiment 32867
Epoch 0810 [Test seq (cond on sampled tp)] | Loss 146.845734 | Likelihood -145.784256 | KL fp 4.6189 | FP STD 0.1403|
KL coef: 0.9996777776371197
Train loss (one batch): 129.90982055664062
Train CE loss (one batch): 0.0
Test MSE (raw): 0.0299
Test MSE (smoothed with alpha=0.01): 0.1446
New best smoothed test MSE: 0.1446. Saving best model to experiments/experiment_32867_best.ckpt
Test MSE group_0: 0.0240
Test MSE group_1: 0.0372
Test MSE group_2: nan
Test MSE group_3: nan
Poisson likelihood: 0.0
CE loss: 0.0
train MSE group_0: 0.0209
train MSE group_1: 0.0328
train MSE group_2: nan
train MSE group_3: nan
CE loss (TEST): 0.0
Experiment 32867
Epoch 0820 [Test seq (cond on sampled tp)] | Loss 144.483398 | Likelihood -143.935654 | KL fp 4.6905 | FP STD 0.1345|
KL coef: 0.9997085878708442
Train loss (one batch): 129.94908142089844
Train CE loss (one batch): 0.0
Test MSE (raw): 0.0295
Test MSE (smoothed with alpha=0.01): 0.1435
New best smoothed test MSE: 0.1435. Saving best model to experiments/experiment_32867_best.ckpt
Test MSE group_0: 0.0236
Test MSE group_1: 0.0367
Test MSE group_2: nan
Test MSE group_3: nan
Poisson likelihood: 0.0
CE loss: 0.0
train MSE group_0: 0.0211
train MSE group_1: 0.0326
train MSE group_2: nan
train MSE group_3: nan
CE loss (TEST): 0.0
Experiment 32867
Epoch 0830 [Test seq (cond on sampled tp)] | Loss 145.410950 | Likelihood -144.660706 | KL fp 4.6337 | FP STD 0.1326|
KL coef: 0.9997364520939512
Train loss (one batch): 129.64813232421875
Train CE loss (one batch): 0.0
Test MSE (raw): 0.0297
Test MSE (smoothed with alpha=0.01): 0.1423
New best smoothed test MSE: 0.1423. Saving best model to experiments/experiment_32867_best.ckpt
Test MSE group_0: 0.0239
Test MSE group_1: 0.0367
Test MSE group_2: nan
Test MSE group_3: nan
Poisson likelihood: 0.0
CE loss: 0.0
train MSE group_0: 0.0211
train MSE group_1: 0.0325
train MSE group_2: nan
train MSE group_3: nan
CE loss (TEST): 0.0
Experiment 32867
Epoch 0840 [Test seq (cond on sampled tp)] | Loss 144.666489 | Likelihood -143.379227 | KL fp 4.6463 | FP STD 0.1311|
KL coef: 0.9997616519978635
Train loss (one batch): 131.5965576171875
Train CE loss (one batch): 0.0
Test MSE (raw): 0.0294
Test MSE (smoothed with alpha=0.01): 0.1412
New best smoothed test MSE: 0.1412. Saving best model to experiments/experiment_32867_best.ckpt
Test MSE group_0: 0.0236
Test MSE group_1: 0.0365
Test MSE group_2: nan
Test MSE group_3: nan
Poisson likelihood: 0.0
CE loss: 0.0
train MSE group_0: 0.0210
train MSE group_1: 0.0334
train MSE group_2: nan
train MSE group_3: nan
CE loss (TEST): 0.0
Experiment 32867
Epoch 0850 [Test seq (cond on sampled tp)] | Loss 144.645264 | Likelihood -143.479248 | KL fp 4.6844 | FP STD 0.1274|
KL coef: 0.9997844423392536
Train loss (one batch): 129.13262939453125
Train CE loss (one batch): 0.0
Test MSE (raw): 0.0294
Test MSE (smoothed with alpha=0.01): 0.1401
New best smoothed test MSE: 0.1401. Saving best model to experiments/experiment_32867_best.ckpt
Test MSE group_0: 0.0236
Test MSE group_1: 0.0365
Test MSE group_2: nan
Test MSE group_3: nan
Poisson likelihood: 0.0
CE loss: 0.0
train MSE group_0: 0.0208
train MSE group_1: 0.0327
train MSE group_2: nan
train MSE group_3: nan
CE loss (TEST): 0.0
Experiment 32867
Epoch 0860 [Test seq (cond on sampled tp)] | Loss 145.016968 | Likelihood -143.833038 | KL fp 4.7143 | FP STD 0.1243|
KL coef: 0.9998050535154901
Train loss (one batch): 129.3263397216797
Train CE loss (one batch): 0.0
Test MSE (raw): 0.0295
Test MSE (smoothed with alpha=0.01): 0.1390
New best smoothed test MSE: 0.1390. Saving best model to experiments/experiment_32867_best.ckpt
Test MSE group_0: 0.0238
Test MSE group_1: 0.0364
Test MSE group_2: nan
Test MSE group_3: nan
Poisson likelihood: 0.0
CE loss: 0.0
train MSE group_0: 0.0209
train MSE group_1: 0.0330
train MSE group_2: nan
train MSE group_3: nan
CE loss (TEST): 0.0
Experiment 32867
Epoch 0870 [Test seq (cond on sampled tp)] | Loss 144.301712 | Likelihood -143.195068 | KL fp 4.7071 | FP STD 0.1243|
KL coef: 0.9998236938938232
Train loss (one batch): 128.37222290039062
Train CE loss (one batch): 0.0
Test MSE (raw): 0.0294
Test MSE (smoothed with alpha=0.01): 0.1379
New best smoothed test MSE: 0.1379. Saving best model to experiments/experiment_32867_best.ckpt
Test MSE group_0: 0.0234
Test MSE group_1: 0.0367
Test MSE group_2: nan
Test MSE group_3: nan
Poisson likelihood: 0.0
CE loss: 0.0
train MSE group_0: 0.0210
train MSE group_1: 0.0319
train MSE group_2: nan
train MSE group_3: nan
CE loss (TEST): 0.0
Experiment 32867
Epoch 0880 [Test seq (cond on sampled tp)] | Loss 144.323578 | Likelihood -143.254913 | KL fp 4.6141 | FP STD 0.1255|
KL coef: 0.9998405519178591
Train loss (one batch): 128.22354125976562
Train CE loss (one batch): 0.0
Test MSE (raw): 0.0294
Test MSE (smoothed with alpha=0.01): 0.1368
New best smoothed test MSE: 0.1368. Saving best model to experiments/experiment_32867_best.ckpt
Test MSE group_0: 0.0236
Test MSE group_1: 0.0365
Test MSE group_2: nan
Test MSE group_3: nan
Poisson likelihood: 0.0
CE loss: 0.0
train MSE group_0: 0.0207
train MSE group_1: 0.0326
train MSE group_2: nan
train MSE group_3: nan
CE loss (TEST): 0.0
Experiment 32867
Epoch 0890 [Test seq (cond on sampled tp)] | Loss 143.297531 | Likelihood -142.125519 | KL fp 4.7030 | FP STD 0.1224|
KL coef: 0.9998557980126173
Train loss (one batch): 130.12847900390625
Train CE loss (one batch): 0.0
Test MSE (raw): 0.0292
Test MSE (smoothed with alpha=0.01): 0.1357
New best smoothed test MSE: 0.1357. Saving best model to experiments/experiment_32867_best.ckpt
Test MSE group_0: 0.0233
Test MSE group_1: 0.0363
Test MSE group_2: nan
Test MSE group_3: nan
Poisson likelihood: 0.0
CE loss: 0.0
train MSE group_0: 0.0212
train MSE group_1: 0.0324
train MSE group_2: nan
train MSE group_3: nan
CE loss (TEST): 0.0
Experiment 32867
Epoch 0900 [Test seq (cond on sampled tp)] | Loss 144.578232 | Likelihood -143.334732 | KL fp 4.7025 | FP STD 0.1237|
KL coef: 0.9998695863074304
Train loss (one batch): 127.02880096435547
Train CE loss (one batch): 0.0
Test MSE (raw): 0.0294
Test MSE (smoothed with alpha=0.01): 0.1347
New best smoothed test MSE: 0.1347. Saving best model to experiments/experiment_32867_best.ckpt
Test MSE group_0: 0.0236
Test MSE group_1: 0.0365
Test MSE group_2: nan
Test MSE group_3: nan
Poisson likelihood: 0.0
CE loss: 0.0
train MSE group_0: 0.0207
train MSE group_1: 0.0317
train MSE group_2: nan
train MSE group_3: nan
CE loss (TEST): 0.0
Experiment 32867
Epoch 0910 [Test seq (cond on sampled tp)] | Loss 144.030701 | Likelihood -142.683151 | KL fp 4.7016 | FP STD 0.1225|
KL coef: 0.9998820561941043
Train loss (one batch): 128.6152801513672
Train CE loss (one batch): 0.0
Test MSE (raw): 0.0293
Test MSE (smoothed with alpha=0.01): 0.1336
New best smoothed test MSE: 0.1336. Saving best model to experiments/experiment_32867_best.ckpt
Test MSE group_0: 0.0235
Test MSE group_1: 0.0363
Test MSE group_2: nan
Test MSE group_3: nan
Poisson likelihood: 0.0
CE loss: 0.0
train MSE group_0: 0.0207
train MSE group_1: 0.0324
train MSE group_2: nan
train MSE group_3: nan
CE loss (TEST): 0.0
Experiment 32867
Epoch 0920 [Test seq (cond on sampled tp)] | Loss 145.241547 | Likelihood -143.763687 | KL fp 4.6875 | FP STD 0.1205|
KL coef: 0.9998933337360897
Train loss (one batch): 125.92144775390625
Train CE loss (one batch): 0.0
Test MSE (raw): 0.0295
Test MSE (smoothed with alpha=0.01): 0.1326
New best smoothed test MSE: 0.1326. Saving best model to experiments/experiment_32867_best.ckpt
Test MSE group_0: 0.0239
Test MSE group_1: 0.0363
Test MSE group_2: nan
Test MSE group_3: nan
Poisson likelihood: 0.0
CE loss: 0.0
train MSE group_0: 0.0211
train MSE group_1: 0.0311
train MSE group_2: nan
train MSE group_3: nan
CE loss (TEST): 0.0
Experiment 32867
Epoch 0930 [Test seq (cond on sampled tp)] | Loss 142.887283 | Likelihood -142.270691 | KL fp 4.7025 | FP STD 0.1171|
KL coef: 0.9999035329429113
Train loss (one batch): 127.50111389160156
Train CE loss (one batch): 0.0
Test MSE (raw): 0.0292
Test MSE (smoothed with alpha=0.01): 0.1315
New best smoothed test MSE: 0.1315. Saving best model to experiments/experiment_32867_best.ckpt
Test MSE group_0: 0.0236
Test MSE group_1: 0.0360
Test MSE group_2: nan
Test MSE group_3: nan
Poisson likelihood: 0.0
CE loss: 0.0
train MSE group_0: 0.0207
train MSE group_1: 0.0319
train MSE group_2: nan
train MSE group_3: nan
CE loss (TEST): 0.0
Experiment 32867
Epoch 0940 [Test seq (cond on sampled tp)] | Loss 144.415573 | Likelihood -143.509155 | KL fp 4.6540 | FP STD 0.1180|
KL coef: 0.9999127569227402
Train loss (one batch): 126.72726440429688
Train CE loss (one batch): 0.0
Test MSE (raw): 0.0294
Test MSE (smoothed with alpha=0.01): 0.1305
New best smoothed test MSE: 0.1305. Saving best model to experiments/experiment_32867_best.ckpt
Test MSE group_0: 0.0237
Test MSE group_1: 0.0364
Test MSE group_2: nan
Test MSE group_3: nan
Poisson likelihood: 0.0
CE loss: 0.0
train MSE group_0: 0.0207
train MSE group_1: 0.0316
train MSE group_2: nan
train MSE group_3: nan
CE loss (TEST): 0.0
Experiment 32867
Epoch 0950 [Test seq (cond on sampled tp)] | Loss 142.680603 | Likelihood -141.547272 | KL fp 4.6556 | FP STD 0.1174|
KL coef: 0.9999210989247576
Train loss (one batch): 125.30531311035156
Train CE loss (one batch): 0.0
Test MSE (raw): 0.0290
Test MSE (smoothed with alpha=0.01): 0.1295
New best smoothed test MSE: 0.1295. Saving best model to experiments/experiment_32867_best.ckpt
Test MSE group_0: 0.0233
Test MSE group_1: 0.0360
Test MSE group_2: nan
Test MSE group_3: nan
Poisson likelihood: 0.0
CE loss: 0.0
train MSE group_0: 0.0208
train MSE group_1: 0.0307
train MSE group_2: nan
train MSE group_3: nan
CE loss (TEST): 0.0
Experiment 32867
Epoch 0960 [Test seq (cond on sampled tp)] | Loss 143.734146 | Likelihood -142.823624 | KL fp 4.6392 | FP STD 0.1175|
KL coef: 0.9999286432818518
Train loss (one batch): 125.43067169189453
Train CE loss (one batch): 0.0
Test MSE (raw): 0.0293
Test MSE (smoothed with alpha=0.01): 0.1285
New best smoothed test MSE: 0.1285. Saving best model to experiments/experiment_32867_best.ckpt
Test MSE group_0: 0.0237
Test MSE group_1: 0.0361
Test MSE group_2: nan
Test MSE group_3: nan
Poisson likelihood: 0.0
CE loss: 0.0
train MSE group_0: 0.0209
train MSE group_1: 0.0310
train MSE group_2: nan
train MSE group_3: nan
CE loss (TEST): 0.0
Experiment 32867
Epoch 0970 [Test seq (cond on sampled tp)] | Loss 142.093201 | Likelihood -141.585388 | KL fp 4.6358 | FP STD 0.1163|
KL coef: 0.9999354662631753
Train loss (one batch): 124.82805633544922
Train CE loss (one batch): 0.0
Test MSE (raw): 0.0291
Test MSE (smoothed with alpha=0.01): 0.1275
New best smoothed test MSE: 0.1275. Saving best model to experiments/experiment_32867_best.ckpt
Test MSE group_0: 0.0234
Test MSE group_1: 0.0360
Test MSE group_2: nan
Test MSE group_3: nan
Poisson likelihood: 0.0
CE loss: 0.0
train MSE group_0: 0.0206
train MSE group_1: 0.0310
train MSE group_2: nan
train MSE group_3: nan
CE loss (TEST): 0.0
Experiment 32867
Epoch 0980 [Test seq (cond on sampled tp)] | Loss 143.246628 | Likelihood -142.182541 | KL fp 4.6756 | FP STD 0.1133|
KL coef: 0.9999416368451824
Train loss (one batch): 124.58843231201172
Train CE loss (one batch): 0.0
Test MSE (raw): 0.0292
Test MSE (smoothed with alpha=0.01): 0.1265
New best smoothed test MSE: 0.1265. Saving best model to experiments/experiment_32867_best.ckpt
Test MSE group_0: 0.0235
Test MSE group_1: 0.0361
Test MSE group_2: nan
Test MSE group_3: nan
Poisson likelihood: 0.0
CE loss: 0.0
train MSE group_0: 0.0206
train MSE group_1: 0.0308
train MSE group_2: nan
train MSE group_3: nan
CE loss (TEST): 0.0
Experiment 32867
Epoch 0990 [Test seq (cond on sampled tp)] | Loss 141.929504 | Likelihood -140.714371 | KL fp 4.7118 | FP STD 0.1128|
KL coef: 0.9999472174089421
Train loss (one batch): 124.59033203125
Train CE loss (one batch): 0.0
Test MSE (raw): 0.0289
Test MSE (smoothed with alpha=0.01): 0.1255
New best smoothed test MSE: 0.1255. Saving best model to experiments/experiment_32867_best.ckpt
Test MSE group_0: 0.0233
Test MSE group_1: 0.0357
Test MSE group_2: nan
Test MSE group_3: nan
Poisson likelihood: 0.0
CE loss: 0.0
train MSE group_0: 0.0208
train MSE group_1: 0.0305
train MSE group_2: nan
train MSE group_3: nan
CE loss (TEST): 0.0
Experiment 32867
Epoch 1000 [Test seq (cond on sampled tp)] | Loss 144.756393 | Likelihood -143.314270 | KL fp 4.6462 | FP STD 0.1130|
KL coef: 0.9999522643707747
Train loss (one batch): 124.64864349365234
Train CE loss (one batch): 0.0
Test MSE (raw): 0.0294
Test MSE (smoothed with alpha=0.01): 0.1246
New best smoothed test MSE: 0.1246. Saving best model to experiments/experiment_32867_best.ckpt
Test MSE group_0: 0.0238
Test MSE group_1: 0.0362
Test MSE group_2: nan
Test MSE group_3: nan
Poisson likelihood: 0.0
CE loss: 0.0
train MSE group_0: 0.0206
train MSE group_1: 0.0307
train MSE group_2: nan
train MSE group_3: nan
CE loss (TEST): 0.0
Experiment 32867
Epoch 1010 [Test seq (cond on sampled tp)] | Loss 142.093567 | Likelihood -140.724854 | KL fp 4.6454 | FP STD 0.1127|
KL coef: 0.9999568287525893
Train loss (one batch): 122.52320861816406
Train CE loss (one batch): 0.0
Test MSE (raw): 0.0289
Test MSE (smoothed with alpha=0.01): 0.1236
New best smoothed test MSE: 0.1236. Saving best model to experiments/experiment_32867_best.ckpt
Test MSE group_0: 0.0233
Test MSE group_1: 0.0356
Test MSE group_2: nan
Test MSE group_3: nan
Poisson likelihood: 0.0
CE loss: 0.0
train MSE group_0: 0.0203
train MSE group_1: 0.0304
train MSE group_2: nan
train MSE group_3: nan
CE loss (TEST): 0.0
Experiment 32867
Epoch 1020 [Test seq (cond on sampled tp)] | Loss 142.829376 | Likelihood -141.148254 | KL fp 4.6504 | FP STD 0.1122|
KL coef: 0.999960956697686
Train loss (one batch): 125.93598937988281
Train CE loss (one batch): 0.0
Test MSE (raw): 0.0290
Test MSE (smoothed with alpha=0.01): 0.1227
New best smoothed test MSE: 0.1227. Saving best model to experiments/experiment_32867_best.ckpt
Test MSE group_0: 0.0235
Test MSE group_1: 0.0356
Test MSE group_2: nan
Test MSE group_3: nan
Poisson likelihood: 0.0
CE loss: 0.0
train MSE group_0: 0.0209
train MSE group_1: 0.0309
train MSE group_2: nan
train MSE group_3: nan
CE loss (TEST): 0.0
Experiment 32867
Epoch 1030 [Test seq (cond on sampled tp)] | Loss 142.043472 | Likelihood -140.866577 | KL fp 4.6559 | FP STD 0.1115|
KL coef: 0.9999646899372381
Train loss (one batch): 122.6693344116211
Train CE loss (one batch): 0.0
Test MSE (raw): 0.0289
Test MSE (smoothed with alpha=0.01): 0.1217
New best smoothed test MSE: 0.1217. Saving best model to experiments/experiment_32867_best.ckpt
Test MSE group_0: 0.0233
Test MSE group_1: 0.0357
Test MSE group_2: nan
Test MSE group_3: nan
Poisson likelihood: 0.0
CE loss: 0.0
train MSE group_0: 0.0208
train MSE group_1: 0.0304
train MSE group_2: nan
train MSE group_3: nan
CE loss (TEST): 0.0
Experiment 32867
Epoch 1040 [Test seq (cond on sampled tp)] | Loss 143.161987 | Likelihood -141.838287 | KL fp 4.6707 | FP STD 0.1100|
KL coef: 0.9999680662121707
Train loss (one batch): 122.6650619506836
Train CE loss (one batch): 0.0
Test MSE (raw): 0.0291
Test MSE (smoothed with alpha=0.01): 0.1208
New best smoothed test MSE: 0.1208. Saving best model to experiments/experiment_32867_best.ckpt
Test MSE group_0: 0.0237
Test MSE group_1: 0.0358
Test MSE group_2: nan
Test MSE group_3: nan
Poisson likelihood: 0.0
CE loss: 0.0
train MSE group_0: 0.0205
train MSE group_1: 0.0306
train MSE group_2: nan
train MSE group_3: nan
CE loss (TEST): 0.0
Experiment 32867
Epoch 1050 [Test seq (cond on sampled tp)] | Loss 142.428177 | Likelihood -141.281784 | KL fp 4.6806 | FP STD 0.1109|
KL coef: 0.9999711196547001
Train loss (one batch): 121.92740631103516
Train CE loss (one batch): 0.0
Test MSE (raw): 0.0290
Test MSE (smoothed with alpha=0.01): 0.1199
New best smoothed test MSE: 0.1199. Saving best model to experiments/experiment_32867_best.ckpt
Test MSE group_0: 0.0235
Test MSE group_1: 0.0357
Test MSE group_2: nan
Test MSE group_3: nan
Poisson likelihood: 0.0
CE loss: 0.0
train MSE group_0: 0.0205
train MSE group_1: 0.0298
train MSE group_2: nan
train MSE group_3: nan
CE loss (TEST): 0.0
Experiment 32867
Epoch 1060 [Test seq (cond on sampled tp)] | Loss 143.747940 | Likelihood -142.261963 | KL fp 4.6328 | FP STD 0.1125|
KL coef: 0.9999738811333907
Train loss (one batch): 122.05976104736328
Train CE loss (one batch): 0.0
Test MSE (raw): 0.0292
Test MSE (smoothed with alpha=0.01): 0.1190
New best smoothed test MSE: 0.1190. Saving best model to experiments/experiment_32867_best.ckpt
Test MSE group_0: 0.0234
Test MSE group_1: 0.0362
Test MSE group_2: nan
Test MSE group_3: nan
Poisson likelihood: 0.0
CE loss: 0.0
train MSE group_0: 0.0205
train MSE group_1: 0.0298
train MSE group_2: nan
train MSE group_3: nan
CE loss (TEST): 0.0
Experiment 32867
Epoch 1070 [Test seq (cond on sampled tp)] | Loss 142.455780 | Likelihood -141.839874 | KL fp 4.6187 | FP STD 0.1131|
KL coef: 0.9999763785652189
Train loss (one batch): 124.51570129394531
Train CE loss (one batch): 0.0
Test MSE (raw): 0.0291
Test MSE (smoothed with alpha=0.01): 0.1181
New best smoothed test MSE: 0.1181. Saving best model to experiments/experiment_32867_best.ckpt
Test MSE group_0: 0.0237
Test MSE group_1: 0.0357
Test MSE group_2: nan
Test MSE group_3: nan
Poisson likelihood: 0.0
CE loss: 0.0
train MSE group_0: 0.0208
train MSE group_1: 0.0307
train MSE group_2: nan
train MSE group_3: nan
CE loss (TEST): 0.0
Experiment 32867
Epoch 1080 [Test seq (cond on sampled tp)] | Loss 141.524139 | Likelihood -140.496445 | KL fp 4.6072 | FP STD 0.1158|
KL coef: 0.999978637197798
Train loss (one batch): 123.7648696899414
Train CE loss (one batch): 0.0
Test MSE (raw): 0.0288
Test MSE (smoothed with alpha=0.01): 0.1172
New best smoothed test MSE: 0.1172. Saving best model to experiments/experiment_32867_best.ckpt
Test MSE group_0: 0.0233
Test MSE group_1: 0.0356
Test MSE group_2: nan
Test MSE group_3: nan
Poisson likelihood: 0.0
CE loss: 0.0
train MSE group_0: 0.0207
train MSE group_1: 0.0303
train MSE group_2: nan
train MSE group_3: nan
CE loss (TEST): 0.0
Experiment 32867
Epoch 1090 [Test seq (cond on sampled tp)] | Loss 142.605347 | Likelihood -141.280518 | KL fp 4.6318 | FP STD 0.1117|
KL coef: 0.9999806798646166
Train loss (one batch): 122.74544525146484
Train CE loss (one batch): 0.0
Test MSE (raw): 0.0290
Test MSE (smoothed with alpha=0.01): 0.1163
New best smoothed test MSE: 0.1163. Saving best model to experiments/experiment_32867_best.ckpt
Test MSE group_0: 0.0235
Test MSE group_1: 0.0357
Test MSE group_2: nan
Test MSE group_3: nan
Poisson likelihood: 0.0
CE loss: 0.0
train MSE group_0: 0.0206
train MSE group_1: 0.0300
train MSE group_2: nan
train MSE group_3: nan
CE loss (TEST): 0.0
Experiment 32867
Epoch 1100 [Test seq (cond on sampled tp)] | Loss 142.619751 | Likelihood -143.160919 | KL fp 4.6573 | FP STD 0.1174|
KL coef: 0.9999825272158726
Train loss (one batch): 124.84156799316406
Train CE loss (one batch): 0.0
Test MSE (raw): 0.0294
Test MSE (smoothed with alpha=0.01): 0.1154
New best smoothed test MSE: 0.1154. Saving best model to experiments/experiment_32867_best.ckpt
Test MSE group_0: 0.0241
Test MSE group_1: 0.0358
Test MSE group_2: nan
Test MSE group_3: nan
Poisson likelihood: 0.0
CE loss: 0.0
train MSE group_0: 0.0212
train MSE group_1: 0.0303
train MSE group_2: nan
train MSE group_3: nan
CE loss (TEST): 0.0
Experiment 32867
Epoch 1110 [Test seq (cond on sampled tp)] | Loss 150.627472 | Likelihood -151.464600 | KL fp 4.5384 | FP STD 0.1290|
KL coef: 0.9999841979272346
Train loss (one batch): 132.69544982910156
Train CE loss (one batch): 0.0
Test MSE (raw): 0.0310
Test MSE (smoothed with alpha=0.01): 0.1146
New best smoothed test MSE: 0.1146. Saving best model to experiments/experiment_32867_best.ckpt
Test MSE group_0: 0.0259
Test MSE group_1: 0.0374
Test MSE group_2: nan
Test MSE group_3: nan
Poisson likelihood: 0.0
CE loss: 0.0
train MSE group_0: 0.0226
train MSE group_1: 0.0318
train MSE group_2: nan
train MSE group_3: nan
CE loss (TEST): 0.0
Experiment 32867
Epoch 1120 [Test seq (cond on sampled tp)] | Loss 145.660492 | Likelihood -146.226151 | KL fp 4.5045 | FP STD 0.1246|
KL coef: 0.999985708888643
Train loss (one batch): 128.00437927246094
Train CE loss (one batch): 0.0
Test MSE (raw): 0.0300
Test MSE (smoothed with alpha=0.01): 0.1137
New best smoothed test MSE: 0.1137. Saving best model to experiments/experiment_32867_best.ckpt
Test MSE group_0: 0.0249
Test MSE group_1: 0.0362
Test MSE group_2: nan
Test MSE group_3: nan
Poisson likelihood: 0.0
CE loss: 0.0
train MSE group_0: 0.0223
train MSE group_1: 0.0304
train MSE group_2: nan
train MSE group_3: nan
CE loss (TEST): 0.0
Experiment 32867
Epoch 1130 [Test seq (cond on sampled tp)] | Loss 143.809143 | Likelihood -143.123749 | KL fp 4.5414 | FP STD 0.1178|
KL coef: 0.9999870753750567
Train loss (one batch): 124.20147705078125
Train CE loss (one batch): 0.0
Test MSE (raw): 0.0294
Test MSE (smoothed with alpha=0.01): 0.1129
New best smoothed test MSE: 0.1129. Saving best model to experiments/experiment_32867_best.ckpt
Test MSE group_0: 0.0242
Test MSE group_1: 0.0358
Test MSE group_2: nan
Test MSE group_3: nan
Poisson likelihood: 0.0
CE loss: 0.0
train MSE group_0: 0.0213
train MSE group_1: 0.0297
train MSE group_2: nan
train MSE group_3: nan
CE loss (TEST): 0.0
Couldn't import umap
Sampling dataset of 200 training examples
############## ['196', '197', '198', '199', '200', '202', '203', '204', '205', '207', '208', '209', '210', '211', '212', '213', '214', '215', '216', '217', '218', '219', '220', '221', '222', '224', '225', '226', '227', '228', '230', '231', '233', '234', '235', '236', '237', '238', '239', '240', '243', '244', '245', '246', '247', '248', '249', '250', '251', '252', '253', '254', '255', '256', '257', '258', '260', '261', '262', '264', '266', '267', '270', '271', '272', '275', '277', '278', '279', '280', '281', '282', '285', '286', '287', '288', '291', '294', '296', '297', '298', '301', '302', '303', '304', '305', '307', '308', '309', '310', '311', '312', '313', '314', '315', '316', '317', '318', '319', '320', '321', '322', '323', '324', '325', '326', '327', '328', '330', '331', '332', '333', '334', '336', '337', '339', '340', '341', '342', '344', '345', '346', '347', '348', '349', '351', '353', '354', '355', '356', '357', '358', '359', '360', '361', '362', '364', '365', '367', '369', '370', '373', '374', '375', '376', '377', '378', '379', '381', '382', '383', '384', '385', '386', '387', '390', '391', '392', '393', '394', '396', '397', '398', '400', '401', '402', '403', '404', '405', '406', '407', '408', '410', '412', '413', '414', '415', '416', '417', '418', '419', '420', '422', '423', '424', '425', '426', '427', '428', '429', '430', '431', '432', '433', '434', '435', '437', '440', '442', '443', '444', '447', '448', '452', '454', '455', '457', '459', '461', '462', '464', '465', '466', '467', '468', '469', '470', '472', '473', '474', '475', '476', '477', '478', '479', '480', '481', '482', '483', '484', '485', '486', '488', '489', '491', '492', '493', '494', '495', '500', '501', '502', '503', '504', '506', '508', '509', '510', '512', '514', '515', '516', '517', '518', '519', '522', '523', '525', '526', '527', '529', '530', '532', '534', '535', '536', '537', '538', '540', '541', '542', '544', '545', '546', '547', '549', '550', '551', '552', '553', '555', '557', '558', '559', '561', '562', '563', '564', '565', '566', '567', '569', '571', '572', '573', '574', '575', '576', '577', '578', '579', '580', '581', '582', '583', '584', '585', '586', '587', '588', '589', '590', '591', '592', '593', '596', '598', '599', '600', '601', '602', '603', '604', '605', '606', '607', '608', '610', '611', '612', '614', '615', '617', '618', '620', '622', '623', '624', '625', '626', '627', '628', '630', '631', '632', '633', '634', '635', '636', '637', '638', '641', '642', '643', '644', '645', '646', '647', '649', '650', '652', '654', '655', '656', '658', '659', '660', '661', '662', '663', '664', '665', '667', '668', '669', '672', '673', '674', '676', '677', '678', '679', '680', '681', '682', '684', '686', '687', '688', '689', '690', '691', '693', '694', '695', '696', '697', '699', '700', '702', '704', '705', '706', '707', '709', '711', '712', '713', '714', '718', '719', '720', '721', '722', '723', '724', '725', '726', '728', '729', '730', '732', '733', '735', '737', '738', '739', '740', '741', '742', '745', '746', '747', '749', '750', '752', '753', '754', '755', '756', '758', '759', '760', '761', '762', '764', '765', '766', '767', '768', '769', '770', '771', '772', '775', '776', '777', '778', '779', '780', '781', '784', '786', '787', '788', '789', '790', '791', '792', '793', '794', '795', '796', '797', '799', '800', '801', '804', '805', '806', '807', '808', '809', '810', '811', '812', '813', '814', '815', '817', '818', '819', '820', '822', '823', '825', '826', '827', '828', '829', '830', '831', '832', '833', '834', '835', '836', '837', '838', '839', '840', '841', '842', '843', '844', '845', '846', '849', '850', '851', '853', '855', '856', '857', '858', '859', '860', '862', '863', '864', '866', '867', '868', '869', '870', '871', '872', '873', '874', '875', '876', '877', '878', '879', '880', '881', '882', '884', '885', '886', '888', '891', '892', '894', '895', '896', '897', '898', '899', '900', '901', '903', '904', '905', '906', '907', '908', '910', '911', '912', '913', '914', '915', '916', '918', '919', '920', '921', '922', '923', '925', '926', '927', '930', '931', '932', '933', '934', '936', '937', '938', '939', '940', '941', '942', '945', '947', '948', '949', '951', '952', '953', '954', '955', '956', '957', '958', '959', '960', '962', '963', '965', '966', '967', '968', '969', '970', '971', '972', '973', '974', '975', '976', '977', '979', '981', '982', '983', '984', '985', '986', '987', '988', '989', '990', '991', '992', '993', '994', '995', '996', '997', '999', '1000']
805
TensorBoard logs will be saved to: experiments/runs/32867
Traceback (most recent call last):
  File "/Users/benjaminmaurel/Documents/Training_Sanofi/notebooks_hands_on/latent_ode/run_models.py", line 289, in <module>
    train_res["loss"].backward()
  File "/opt/miniconda3/envs/NODE_test/lib/python3.12/site-packages/torch/_tensor.py", line 581, in backward
    torch.autograd.backward(
  File "/opt/miniconda3/envs/NODE_test/lib/python3.12/site-packages/torch/autograd/__init__.py", line 347, in backward
    _engine_run_backward(
  File "/opt/miniconda3/envs/NODE_test/lib/python3.12/site-packages/torch/autograd/graph.py", line 825, in _engine_run_backward
    return Variable._execution_engine.run_backward(  # Calls into the C++ engine to run the backward pass
           ^^^^^^^^^^^^^^^^^^^^^^^^^^^^^^^^^^^^^^^^^^^^^^^^^^^^^^^^^^^^^^^^^^^^^^^^^^^^^^^^^^^^^^^^^^^^^^
  File "/opt/miniconda3/envs/NODE_test/lib/python3.12/site-packages/torch/autograd/function.py", line 292, in apply
    def apply(self, *args):

KeyboardInterrupt
