/opt/miniconda3/envs/NODE_test/lib/python3.12/site-packages/torchvision/io/image.py:14: UserWarning: Failed to load image Python extension: 'dlopen(/opt/miniconda3/envs/NODE_test/lib/python3.12/site-packages/torchvision/image.so, 0x0006): Library not loaded: @rpath/libjpeg.9.dylib
  Referenced from: <367D4265-B20F-34BD-94EB-4F3EE47C385B> /opt/miniconda3/envs/NODE_test/lib/python3.12/site-packages/torchvision/image.so
  Reason: tried: '/opt/miniconda3/envs/NODE_test/lib/python3.12/site-packages/torchvision/../../../libjpeg.9.dylib' (no such file), '/opt/miniconda3/envs/NODE_test/lib/python3.12/site-packages/torchvision/../../../libjpeg.9.dylib' (no such file), '/opt/miniconda3/envs/NODE_test/lib/python3.12/lib-dynload/../../libjpeg.9.dylib' (no such file), '/opt/miniconda3/envs/NODE_test/bin/../lib/libjpeg.9.dylib' (no such file)'If you don't plan on using image functionality from `torchvision.io`, you can ignore this warning. Otherwise, there might be something wrong with your environment. Did you have `libjpeg` or `libpng` installed before building `torchvision` from source?
  warn(
/Users/benjaminmaurel/Documents/Training_Sanofi/notebooks_hands_on/latent_ode/lib/read_tacro.py:199: FutureWarning: DataFrame.applymap has been deprecated. Use DataFrame.map instead.
  df = df.applymap(lambda x: str(x).replace(",", ".") if isinstance(x, str) else x)
/Users/benjaminmaurel/Documents/Training_Sanofi/notebooks_hands_on/latent_ode/lib/read_tacro.py:199: FutureWarning: DataFrame.applymap has been deprecated. Use DataFrame.map instead.
  df = df.applymap(lambda x: str(x).replace(",", ".") if isinstance(x, str) else x)
/Users/benjaminmaurel/Documents/Training_Sanofi/notebooks_hands_on/latent_ode/lib/read_tacro.py:109: FutureWarning: DataFrame.applymap has been deprecated. Use DataFrame.map instead.
  df = df.applymap(lambda x: str(x).replace(",", ".") if isinstance(x, str) else x)
/Users/benjaminmaurel/Documents/Training_Sanofi/notebooks_hands_on/latent_ode/lib/plotting.py:295: UserWarning: FigureCanvasAgg is non-interactive, and thus cannot be shown
  plt.show(block=False)
/Users/benjaminmaurel/Documents/Training_Sanofi/notebooks_hands_on/latent_ode/run_models.py
run_models.py --niters 200 -n 200 -s 40 -l 10 --dataset PK_Tacro --latent-ode --viz --noise-weight 0.01 --max-t 5. --seed 53 --experiment 27842
Experiment 27842
Epoch 0001 [Test seq (cond on sampled tp)] | Loss 37340.781250 | Likelihood -39472.964844 | KL fp 2.3467 | FP STD 0.1510|
KL coef: 0.0
Train loss (one batch): 391.5952453613281
Train CE loss (one batch): 0.0
Test MSE (raw): 7.8953
Test MSE (smoothed with alpha=0.01): 7.8953
New best smoothed test MSE: 7.8953. Saving best model to experiments/experiment_27842_best.ckpt
Test MSE group_0: nan
Test MSE group_1: 7.8953
Test MSE group_2: nan
Test MSE group_3: nan
Poisson likelihood: 0.0
CE loss: 0.0
train MSE group_0: nan
train MSE group_1: 0.0794
train MSE group_2: nan
train MSE group_3: nan
CE loss (TEST): 0.0
Experiment 27842
Epoch 0002 [Test seq (cond on sampled tp)] | Loss 843.870361 | Likelihood -851.254395 | KL fp 3.0754 | FP STD 0.0415|
KL coef: 0.0
Train loss (one batch): 37783.56640625
Train CE loss (one batch): 0.0
Test MSE (raw): 0.1710
Test MSE (smoothed with alpha=0.01): 7.8181
New best smoothed test MSE: 7.8181. Saving best model to experiments/experiment_27842_best.ckpt
Test MSE group_0: nan
Test MSE group_1: 0.1710
Test MSE group_2: nan
Test MSE group_3: nan
Poisson likelihood: 0.0
CE loss: 0.0
train MSE group_0: nan
train MSE group_1: 7.9434
train MSE group_2: nan
train MSE group_3: nan
CE loss (TEST): 0.0
Experiment 27842
Epoch 0003 [Test seq (cond on sampled tp)] | Loss 873.663696 | Likelihood -878.612610 | KL fp 2.7644 | FP STD 0.0481|
KL coef: 0.0
Train loss (one batch): 588.8858642578125
Train CE loss (one batch): 0.0
Test MSE (raw): 0.1765
Test MSE (smoothed with alpha=0.01): 7.7417
New best smoothed test MSE: 7.7417. Saving best model to experiments/experiment_27842_best.ckpt
Test MSE group_0: nan
Test MSE group_1: 0.1765
Test MSE group_2: nan
Test MSE group_3: nan
Poisson likelihood: 0.0
CE loss: 0.0
train MSE group_0: nan
train MSE group_1: 0.1194
train MSE group_2: nan
train MSE group_3: nan
CE loss (TEST): 0.0
Experiment 27842
Epoch 0004 [Test seq (cond on sampled tp)] | Loss 817.833923 | Likelihood -827.236145 | KL fp 2.8095 | FP STD 0.0539|
KL coef: 0.0
Train loss (one batch): 637.5867309570312
Train CE loss (one batch): 0.0
Test MSE (raw): 0.1662
Test MSE (smoothed with alpha=0.01): 7.6659
New best smoothed test MSE: 7.6659. Saving best model to experiments/experiment_27842_best.ckpt
Test MSE group_0: nan
Test MSE group_1: 0.1662
Test MSE group_2: nan
Test MSE group_3: nan
Poisson likelihood: 0.0
CE loss: 0.0
train MSE group_0: nan
train MSE group_1: 0.1287
train MSE group_2: nan
train MSE group_3: nan
CE loss (TEST): 0.0
Experiment 27842
Epoch 0005 [Test seq (cond on sampled tp)] | Loss 776.869812 | Likelihood -779.902100 | KL fp 3.0089 | FP STD 0.0494|
KL coef: 0.0
Train loss (one batch): 623.3901977539062
Train CE loss (one batch): 0.0
Test MSE (raw): 0.1567
Test MSE (smoothed with alpha=0.01): 7.5908
New best smoothed test MSE: 7.5908. Saving best model to experiments/experiment_27842_best.ckpt
Test MSE group_0: nan
Test MSE group_1: 0.1567
Test MSE group_2: nan
Test MSE group_3: nan
Poisson likelihood: 0.0
CE loss: 0.0
train MSE group_0: nan
train MSE group_1: 0.1259
train MSE group_2: nan
train MSE group_3: nan
CE loss (TEST): 0.0
Experiment 27842
Epoch 0006 [Test seq (cond on sampled tp)] | Loss 716.488831 | Likelihood -720.991760 | KL fp 3.0344 | FP STD 0.0440|
KL coef: 0.0
Train loss (one batch): 584.80810546875
Train CE loss (one batch): 0.0
Test MSE (raw): 0.1449
Test MSE (smoothed with alpha=0.01): 7.5164
New best smoothed test MSE: 7.5164. Saving best model to experiments/experiment_27842_best.ckpt
Test MSE group_0: nan
Test MSE group_1: 0.1449
Test MSE group_2: nan
Test MSE group_3: nan
Poisson likelihood: 0.0
CE loss: 0.0
train MSE group_0: nan
train MSE group_1: 0.1184
train MSE group_2: nan
train MSE group_3: nan
CE loss (TEST): 0.0
Experiment 27842
Epoch 0007 [Test seq (cond on sampled tp)] | Loss 671.372131 | Likelihood -673.590454 | KL fp 3.1651 | FP STD 0.0404|
KL coef: 0.0
Train loss (one batch): 537.294677734375
Train CE loss (one batch): 0.0
Test MSE (raw): 0.1355
Test MSE (smoothed with alpha=0.01): 7.4426
New best smoothed test MSE: 7.4426. Saving best model to experiments/experiment_27842_best.ckpt
Test MSE group_0: nan
Test MSE group_1: 0.1355
Test MSE group_2: nan
Test MSE group_3: nan
Poisson likelihood: 0.0
CE loss: 0.0
train MSE group_0: nan
train MSE group_1: 0.1087
train MSE group_2: nan
train MSE group_3: nan
CE loss (TEST): 0.0
Experiment 27842
Epoch 0008 [Test seq (cond on sampled tp)] | Loss 609.667480 | Likelihood -618.829285 | KL fp 3.3533 | FP STD 0.0407|
KL coef: 0.0
Train loss (one batch): 495.532958984375
Train CE loss (one batch): 0.0
Test MSE (raw): 0.1245
Test MSE (smoothed with alpha=0.01): 7.3694
New best smoothed test MSE: 7.3694. Saving best model to experiments/experiment_27842_best.ckpt
Test MSE group_0: nan
Test MSE group_1: 0.1245
Test MSE group_2: nan
Test MSE group_3: nan
Poisson likelihood: 0.0
CE loss: 0.0
train MSE group_0: nan
train MSE group_1: 0.1002
train MSE group_2: nan
train MSE group_3: nan
CE loss (TEST): 0.0
Experiment 27842
Epoch 0009 [Test seq (cond on sampled tp)] | Loss 554.881104 | Likelihood -562.172546 | KL fp 2.8377 | FP STD 0.0512|
KL coef: 0.0
Train loss (one batch): 451.83203125
Train CE loss (one batch): 0.0
Test MSE (raw): 0.1132
Test MSE (smoothed with alpha=0.01): 7.2968
New best smoothed test MSE: 7.2968. Saving best model to experiments/experiment_27842_best.ckpt
Test MSE group_0: nan
Test MSE group_1: 0.1132
Test MSE group_2: nan
Test MSE group_3: nan
Poisson likelihood: 0.0
CE loss: 0.0
train MSE group_0: nan
train MSE group_1: 0.0916
train MSE group_2: nan
train MSE group_3: nan
CE loss (TEST): 0.0
Experiment 27842
Epoch 0010 [Test seq (cond on sampled tp)] | Loss 514.708191 | Likelihood -516.605713 | KL fp 2.5124 | FP STD 0.0681|
KL coef: 0.0
Train loss (one batch): 402.6693420410156
Train CE loss (one batch): 0.0
Test MSE (raw): 0.1041
Test MSE (smoothed with alpha=0.01): 7.2249
New best smoothed test MSE: 7.2249. Saving best model to experiments/experiment_27842_best.ckpt
Test MSE group_0: nan
Test MSE group_1: 0.1041
Test MSE group_2: nan
Test MSE group_3: nan
Poisson likelihood: 0.0
CE loss: 0.0
train MSE group_0: nan
train MSE group_1: 0.0827
train MSE group_2: nan
train MSE group_3: nan
CE loss (TEST): 0.0
Experiment 27842
Epoch 0011 [Test seq (cond on sampled tp)] | Loss 468.186981 | Likelihood -470.405396 | KL fp 2.1839 | FP STD 0.0910|
KL coef: 0.010000000000000009
Train loss (one batch): 368.6233215332031
Train CE loss (one batch): 0.0
Test MSE (raw): 0.0948
Test MSE (smoothed with alpha=0.01): 7.1536
New best smoothed test MSE: 7.1536. Saving best model to experiments/experiment_27842_best.ckpt
Test MSE group_0: nan
Test MSE group_1: 0.0948
Test MSE group_2: nan
Test MSE group_3: nan
Poisson likelihood: 0.0
CE loss: 0.0
train MSE group_0: nan
train MSE group_1: 0.0749
train MSE group_2: nan
train MSE group_3: nan
CE loss (TEST): 0.0
Experiment 27842
Epoch 0012 [Test seq (cond on sampled tp)] | Loss 392.790009 | Likelihood -419.274933 | KL fp 1.9200 | FP STD 0.1202|
KL coef: 0.01990000000000003
Train loss (one batch): 319.6038513183594
Train CE loss (one batch): 0.0
Test MSE (raw): 0.0846
Test MSE (smoothed with alpha=0.01): 7.0829
New best smoothed test MSE: 7.0829. Saving best model to experiments/experiment_27842_best.ckpt
Test MSE group_0: nan
Test MSE group_1: 0.0846
Test MSE group_2: nan
Test MSE group_3: nan
Poisson likelihood: 0.0
CE loss: 0.0
train MSE group_0: nan
train MSE group_1: 0.0656
train MSE group_2: nan
train MSE group_3: nan
CE loss (TEST): 0.0
Experiment 27842
Epoch 0013 [Test seq (cond on sampled tp)] | Loss 349.213654 | Likelihood -357.506012 | KL fp 1.7249 | FP STD 0.1542|
KL coef: 0.029700999999999977
Train loss (one batch): 285.20269775390625
Train CE loss (one batch): 0.0
Test MSE (raw): 0.0722
Test MSE (smoothed with alpha=0.01): 7.0128
New best smoothed test MSE: 7.0128. Saving best model to experiments/experiment_27842_best.ckpt
Test MSE group_0: nan
Test MSE group_1: 0.0722
Test MSE group_2: nan
Test MSE group_3: nan
Poisson likelihood: 0.0
CE loss: 0.0
train MSE group_0: nan
train MSE group_1: 0.0583
train MSE group_2: nan
train MSE group_3: nan
CE loss (TEST): 0.0
Experiment 27842
Epoch 0014 [Test seq (cond on sampled tp)] | Loss 328.300568 | Likelihood -334.868896 | KL fp 1.6722 | FP STD 0.1906|
KL coef: 0.039403990000000055
Train loss (one batch): 248.2447509765625
Train CE loss (one batch): 0.0
Test MSE (raw): 0.0677
Test MSE (smoothed with alpha=0.01): 6.9433
New best smoothed test MSE: 6.9433. Saving best model to experiments/experiment_27842_best.ckpt
Test MSE group_0: nan
Test MSE group_1: 0.0677
Test MSE group_2: nan
Test MSE group_3: nan
Poisson likelihood: 0.0
CE loss: 0.0
train MSE group_0: nan
train MSE group_1: 0.0523
train MSE group_2: nan
train MSE group_3: nan
CE loss (TEST): 0.0
Experiment 27842
Epoch 0015 [Test seq (cond on sampled tp)] | Loss 279.306122 | Likelihood -297.740204 | KL fp 1.7753 | FP STD 0.2277|
KL coef: 0.04900995010000009
Train loss (one batch): 228.21353149414062
Train CE loss (one batch): 0.0
Test MSE (raw): 0.0603
Test MSE (smoothed with alpha=0.01): 6.8745
New best smoothed test MSE: 6.8745. Saving best model to experiments/experiment_27842_best.ckpt
Test MSE group_0: nan
Test MSE group_1: 0.0603
Test MSE group_2: nan
Test MSE group_3: nan
Poisson likelihood: 0.0
CE loss: 0.0
train MSE group_0: nan
train MSE group_1: 0.0472
train MSE group_2: nan
train MSE group_3: nan
CE loss (TEST): 0.0
Experiment 27842
Epoch 0016 [Test seq (cond on sampled tp)] | Loss 243.853378 | Likelihood -249.871933 | KL fp 1.5210 | FP STD 0.2603|
KL coef: 0.058519850599
Train loss (one batch): 215.53282165527344
Train CE loss (one batch): 0.0
Test MSE (raw): 0.0507
Test MSE (smoothed with alpha=0.01): 6.8063
New best smoothed test MSE: 6.8063. Saving best model to experiments/experiment_27842_best.ckpt
Test MSE group_0: nan
Test MSE group_1: 0.0507
Test MSE group_2: nan
Test MSE group_3: nan
Poisson likelihood: 0.0
CE loss: 0.0
train MSE group_0: nan
train MSE group_1: 0.0445
train MSE group_2: nan
train MSE group_3: nan
CE loss (TEST): 0.0
Experiment 27842
Epoch 0017 [Test seq (cond on sampled tp)] | Loss 213.607971 | Likelihood -220.475113 | KL fp 1.3558 | FP STD 0.2826|
KL coef: 0.06793465209301008
Train loss (one batch): 186.99017333984375
Train CE loss (one batch): 0.0
Test MSE (raw): 0.0448
Test MSE (smoothed with alpha=0.01): 6.7387
New best smoothed test MSE: 6.7387. Saving best model to experiments/experiment_27842_best.ckpt
Test MSE group_0: nan
Test MSE group_1: 0.0448
Test MSE group_2: nan
Test MSE group_3: nan
Poisson likelihood: 0.0
CE loss: 0.0
train MSE group_0: nan
train MSE group_1: 0.0385
train MSE group_2: nan
train MSE group_3: nan
CE loss (TEST): 0.0
Experiment 27842
Epoch 0018 [Test seq (cond on sampled tp)] | Loss 177.100677 | Likelihood -185.839157 | KL fp 1.2819 | FP STD 0.2913|
KL coef: 0.07725530557207994
Train loss (one batch): 163.74118041992188
Train CE loss (one batch): 0.0
Test MSE (raw): 0.0379
Test MSE (smoothed with alpha=0.01): 6.6716
New best smoothed test MSE: 6.6716. Saving best model to experiments/experiment_27842_best.ckpt
Test MSE group_0: nan
Test MSE group_1: 0.0379
Test MSE group_2: nan
Test MSE group_3: nan
Poisson likelihood: 0.0
CE loss: 0.0
train MSE group_0: nan
train MSE group_1: 0.0344
train MSE group_2: nan
train MSE group_3: nan
CE loss (TEST): 0.0
Experiment 27842
Epoch 0019 [Test seq (cond on sampled tp)] | Loss 155.423264 | Likelihood -166.734634 | KL fp 1.2835 | FP STD 0.2874|
KL coef: 0.08648275251635917
Train loss (one batch): 123.93440246582031
Train CE loss (one batch): 0.0
Test MSE (raw): 0.0341
Test MSE (smoothed with alpha=0.01): 6.6053
New best smoothed test MSE: 6.6053. Saving best model to experiments/experiment_27842_best.ckpt
Test MSE group_0: nan
Test MSE group_1: 0.0341
Test MSE group_2: nan
Test MSE group_3: nan
Poisson likelihood: 0.0
CE loss: 0.0
train MSE group_0: nan
train MSE group_1: 0.0271
train MSE group_2: nan
train MSE group_3: nan
CE loss (TEST): 0.0
Experiment 27842
Epoch 0020 [Test seq (cond on sampled tp)] | Loss 131.431839 | Likelihood -134.745071 | KL fp 1.3778 | FP STD 0.2711|
KL coef: 0.09561792499119559
Train loss (one batch): 106.99909973144531
Train CE loss (one batch): 0.0
Test MSE (raw): 0.0277
Test MSE (smoothed with alpha=0.01): 6.5395
New best smoothed test MSE: 6.5395. Saving best model to experiments/experiment_27842_best.ckpt
Test MSE group_0: nan
Test MSE group_1: 0.0277
Test MSE group_2: nan
Test MSE group_3: nan
Poisson likelihood: 0.0
CE loss: 0.0
train MSE group_0: nan
train MSE group_1: 0.0228
train MSE group_2: nan
train MSE group_3: nan
CE loss (TEST): 0.0
Experiment 27842
Epoch 0021 [Test seq (cond on sampled tp)] | Loss 101.404907 | Likelihood -106.691353 | KL fp 1.6013 | FP STD 0.2442|
KL coef: 0.10466174574128362
Train loss (one batch): 100.53977966308594
Train CE loss (one batch): 0.0
Test MSE (raw): 0.0221
Test MSE (smoothed with alpha=0.01): 6.4743
New best smoothed test MSE: 6.4743. Saving best model to experiments/experiment_27842_best.ckpt
Test MSE group_0: nan
Test MSE group_1: 0.0221
Test MSE group_2: nan
Test MSE group_3: nan
Poisson likelihood: 0.0
CE loss: 0.0
train MSE group_0: nan
train MSE group_1: 0.0212
train MSE group_2: nan
train MSE group_3: nan
CE loss (TEST): 0.0
Experiment 27842
Epoch 0022 [Test seq (cond on sampled tp)] | Loss 101.284904 | Likelihood -113.597923 | KL fp 1.9488 | FP STD 0.2189|
KL coef: 0.11361512828387077
Train loss (one batch): 83.7262954711914
Train CE loss (one batch): 0.0
Test MSE (raw): 0.0235
Test MSE (smoothed with alpha=0.01): 6.4098
New best smoothed test MSE: 6.4098. Saving best model to experiments/experiment_27842_best.ckpt
Test MSE group_0: nan
Test MSE group_1: 0.0235
Test MSE group_2: nan
Test MSE group_3: nan
Poisson likelihood: 0.0
CE loss: 0.0
train MSE group_0: nan
train MSE group_1: 0.0179
train MSE group_2: nan
train MSE group_3: nan
CE loss (TEST): 0.0
Experiment 27842
Epoch 0023 [Test seq (cond on sampled tp)] | Loss 109.390198 | Likelihood -110.609108 | KL fp 1.6994 | FP STD 0.2097|
KL coef: 0.12247897700103216
Train loss (one batch): 77.197509765625
Train CE loss (one batch): 0.0
Test MSE (raw): 0.0229
Test MSE (smoothed with alpha=0.01): 6.3459
New best smoothed test MSE: 6.3459. Saving best model to experiments/experiment_27842_best.ckpt
Test MSE group_0: nan
Test MSE group_1: 0.0229
Test MSE group_2: nan
Test MSE group_3: nan
Poisson likelihood: 0.0
CE loss: 0.0
train MSE group_0: nan
train MSE group_1: 0.0166
train MSE group_2: nan
train MSE group_3: nan
CE loss (TEST): 0.0
Experiment 27842
Epoch 0024 [Test seq (cond on sampled tp)] | Loss 115.596138 | Likelihood -126.170158 | KL fp 1.6432 | FP STD 0.1971|
KL coef: 0.13125418723102178
Train loss (one batch): 77.32440185546875
Train CE loss (one batch): 0.0
Test MSE (raw): 0.0260
Test MSE (smoothed with alpha=0.01): 6.2827
New best smoothed test MSE: 6.2827. Saving best model to experiments/experiment_27842_best.ckpt
Test MSE group_0: nan
Test MSE group_1: 0.0260
Test MSE group_2: nan
Test MSE group_3: nan
Poisson likelihood: 0.0
CE loss: 0.0
train MSE group_0: nan
train MSE group_1: 0.0166
train MSE group_2: nan
train MSE group_3: nan
CE loss (TEST): 0.0
Experiment 27842
Epoch 0025 [Test seq (cond on sampled tp)] | Loss 117.119164 | Likelihood -124.844933 | KL fp 1.6815 | FP STD 0.1798|
KL coef: 0.13994164535871156
Train loss (one batch): 80.73664855957031
Train CE loss (one batch): 0.0
Test MSE (raw): 0.0257
Test MSE (smoothed with alpha=0.01): 6.2202
New best smoothed test MSE: 6.2202. Saving best model to experiments/experiment_27842_best.ckpt
Test MSE group_0: nan
Test MSE group_1: 0.0257
Test MSE group_2: nan
Test MSE group_3: nan
Poisson likelihood: 0.0
CE loss: 0.0
train MSE group_0: nan
train MSE group_1: 0.0172
train MSE group_2: nan
train MSE group_3: nan
CE loss (TEST): 0.0
Experiment 27842
Epoch 0026 [Test seq (cond on sampled tp)] | Loss 126.015511 | Likelihood -128.723083 | KL fp 1.7741 | FP STD 0.1588|
KL coef: 0.14854222890512447
Train loss (one batch): 82.45149993896484
Train CE loss (one batch): 0.0
Test MSE (raw): 0.0265
Test MSE (smoothed with alpha=0.01): 6.1582
New best smoothed test MSE: 6.1582. Saving best model to experiments/experiment_27842_best.ckpt
Test MSE group_0: nan
Test MSE group_1: 0.0265
Test MSE group_2: nan
Test MSE group_3: nan
Poisson likelihood: 0.0
CE loss: 0.0
train MSE group_0: nan
train MSE group_1: 0.0174
train MSE group_2: nan
train MSE group_3: nan
CE loss (TEST): 0.0
Experiment 27842
Epoch 0027 [Test seq (cond on sampled tp)] | Loss 121.280434 | Likelihood -125.026894 | KL fp 1.9619 | FP STD 0.1356|
KL coef: 0.15705680661607324
Train loss (one batch): 80.65091705322266
Train CE loss (one batch): 0.0
Test MSE (raw): 0.0257
Test MSE (smoothed with alpha=0.01): 6.0969
New best smoothed test MSE: 6.0969. Saving best model to experiments/experiment_27842_best.ckpt
Test MSE group_0: nan
Test MSE group_1: 0.0257
Test MSE group_2: nan
Test MSE group_3: nan
Poisson likelihood: 0.0
CE loss: 0.0
train MSE group_0: nan
train MSE group_1: 0.0172
train MSE group_2: nan
train MSE group_3: nan
CE loss (TEST): 0.0
Experiment 27842
Epoch 0028 [Test seq (cond on sampled tp)] | Loss 120.119621 | Likelihood -124.066650 | KL fp 2.2395 | FP STD 0.1118|
KL coef: 0.1654862385499125
Train loss (one batch): 81.3250503540039
Train CE loss (one batch): 0.0
Test MSE (raw): 0.0256
Test MSE (smoothed with alpha=0.01): 6.0362
New best smoothed test MSE: 6.0362. Saving best model to experiments/experiment_27842_best.ckpt
Test MSE group_0: nan
Test MSE group_1: 0.0256
Test MSE group_2: nan
Test MSE group_3: nan
Poisson likelihood: 0.0
CE loss: 0.0
train MSE group_0: nan
train MSE group_1: 0.0177
train MSE group_2: nan
train MSE group_3: nan
CE loss (TEST): 0.0
Experiment 27842
Epoch 0029 [Test seq (cond on sampled tp)] | Loss 115.799263 | Likelihood -124.216850 | KL fp 3.0013 | FP STD 0.0897|
KL coef: 0.17383137616441335
Train loss (one batch): 79.12589263916016
Train CE loss (one batch): 0.0
Test MSE (raw): 0.0256
Test MSE (smoothed with alpha=0.01): 5.9761
New best smoothed test MSE: 5.9761. Saving best model to experiments/experiment_27842_best.ckpt
Test MSE group_0: nan
Test MSE group_1: 0.0256
Test MSE group_2: nan
Test MSE group_3: nan
Poisson likelihood: 0.0
CE loss: 0.0
train MSE group_0: nan
train MSE group_1: 0.0173
train MSE group_2: nan
train MSE group_3: nan
CE loss (TEST): 0.0
Experiment 27842
Epoch 0030 [Test seq (cond on sampled tp)] | Loss 126.184059 | Likelihood -128.946091 | KL fp 2.6025 | FP STD 0.0852|
KL coef: 0.18209306240276923
Train loss (one batch): 83.74562072753906
Train CE loss (one batch): 0.0
Test MSE (raw): 0.0265
Test MSE (smoothed with alpha=0.01): 5.9166
New best smoothed test MSE: 5.9166. Saving best model to experiments/experiment_27842_best.ckpt
Test MSE group_0: nan
Test MSE group_1: 0.0265
Test MSE group_2: nan
Test MSE group_3: nan
Poisson likelihood: 0.0
CE loss: 0.0
train MSE group_0: nan
train MSE group_1: 0.0179
train MSE group_2: nan
train MSE group_3: nan
CE loss (TEST): 0.0
Experiment 27842
Epoch 0031 [Test seq (cond on sampled tp)] | Loss 121.260612 | Likelihood -127.150330 | KL fp 2.5355 | FP STD 0.0848|
KL coef: 0.19027213177874158
Train loss (one batch): 79.18336486816406
Train CE loss (one batch): 0.0
Test MSE (raw): 0.0262
Test MSE (smoothed with alpha=0.01): 5.8577
New best smoothed test MSE: 5.8577. Saving best model to experiments/experiment_27842_best.ckpt
Test MSE group_0: nan
Test MSE group_1: 0.0262
Test MSE group_2: nan
Test MSE group_3: nan
Poisson likelihood: 0.0
CE loss: 0.0
train MSE group_0: nan
train MSE group_1: 0.0169
train MSE group_2: nan
train MSE group_3: nan
CE loss (TEST): 0.0
Experiment 27842
Epoch 0032 [Test seq (cond on sampled tp)] | Loss 120.624611 | Likelihood -121.445282 | KL fp 2.5293 | FP STD 0.0827|
KL coef: 0.19836941046095413
Train loss (one batch): 79.77669525146484
Train CE loss (one batch): 0.0
Test MSE (raw): 0.0250
Test MSE (smoothed with alpha=0.01): 5.7994
New best smoothed test MSE: 5.7994. Saving best model to experiments/experiment_27842_best.ckpt
Test MSE group_0: nan
Test MSE group_1: 0.0250
Test MSE group_2: nan
Test MSE group_3: nan
Poisson likelihood: 0.0
CE loss: 0.0
train MSE group_0: nan
train MSE group_1: 0.0169
train MSE group_2: nan
train MSE group_3: nan
CE loss (TEST): 0.0
Experiment 27842
Epoch 0033 [Test seq (cond on sampled tp)] | Loss 118.821808 | Likelihood -120.457664 | KL fp 2.4595 | FP STD 0.0802|
KL coef: 0.20638571635634462
Train loss (one batch): 75.23285675048828
Train CE loss (one batch): 0.0
Test MSE (raw): 0.0248
Test MSE (smoothed with alpha=0.01): 5.7416
New best smoothed test MSE: 5.7416. Saving best model to experiments/experiment_27842_best.ckpt
Test MSE group_0: nan
Test MSE group_1: 0.0248
Test MSE group_2: nan
Test MSE group_3: nan
Poisson likelihood: 0.0
CE loss: 0.0
train MSE group_0: nan
train MSE group_1: 0.0159
train MSE group_2: nan
train MSE group_3: nan
CE loss (TEST): 0.0
Experiment 27842
Epoch 0034 [Test seq (cond on sampled tp)] | Loss 108.211082 | Likelihood -113.085991 | KL fp 2.5624 | FP STD 0.0764|
KL coef: 0.21432185919278124
Train loss (one batch): 73.73263549804688
Train CE loss (one batch): 0.0
Test MSE (raw): 0.0234
Test MSE (smoothed with alpha=0.01): 5.6844
New best smoothed test MSE: 5.6844. Saving best model to experiments/experiment_27842_best.ckpt
Test MSE group_0: nan
Test MSE group_1: 0.0234
Test MSE group_2: nan
Test MSE group_3: nan
Poisson likelihood: 0.0
CE loss: 0.0
train MSE group_0: nan
train MSE group_1: 0.0157
train MSE group_2: nan
train MSE group_3: nan
CE loss (TEST): 0.0
Experiment 27842
Epoch 0035 [Test seq (cond on sampled tp)] | Loss 103.628311 | Likelihood -106.175232 | KL fp 2.7248 | FP STD 0.0737|
KL coef: 0.22217864060085335
Train loss (one batch): 71.73824310302734
Train CE loss (one batch): 0.0
Test MSE (raw): 0.0220
Test MSE (smoothed with alpha=0.01): 5.6278
New best smoothed test MSE: 5.6278. Saving best model to experiments/experiment_27842_best.ckpt
Test MSE group_0: nan
Test MSE group_1: 0.0220
Test MSE group_2: nan
Test MSE group_3: nan
Poisson likelihood: 0.0
CE loss: 0.0
train MSE group_0: nan
train MSE group_1: 0.0152
train MSE group_2: nan
train MSE group_3: nan
CE loss (TEST): 0.0
Experiment 27842
Epoch 0036 [Test seq (cond on sampled tp)] | Loss 107.382095 | Likelihood -109.399109 | KL fp 2.6232 | FP STD 0.0776|
KL coef: 0.2299568541948449
Train loss (one batch): 70.23391723632812
Train CE loss (one batch): 0.0
Test MSE (raw): 0.0226
Test MSE (smoothed with alpha=0.01): 5.5718
New best smoothed test MSE: 5.5718. Saving best model to experiments/experiment_27842_best.ckpt
Test MSE group_0: nan
Test MSE group_1: 0.0226
Test MSE group_2: nan
Test MSE group_3: nan
Poisson likelihood: 0.0
CE loss: 0.0
train MSE group_0: nan
train MSE group_1: 0.0149
train MSE group_2: nan
train MSE group_3: nan
CE loss (TEST): 0.0
Experiment 27842
Epoch 0037 [Test seq (cond on sampled tp)] | Loss 101.884224 | Likelihood -104.083527 | KL fp 2.6139 | FP STD 0.0825|
KL coef: 0.23765728565289646
Train loss (one batch): 70.36754608154297
Train CE loss (one batch): 0.0
Test MSE (raw): 0.0216
Test MSE (smoothed with alpha=0.01): 5.5163
New best smoothed test MSE: 5.5163. Saving best model to experiments/experiment_27842_best.ckpt
Test MSE group_0: nan
Test MSE group_1: 0.0216
Test MSE group_2: nan
Test MSE group_3: nan
Poisson likelihood: 0.0
CE loss: 0.0
train MSE group_0: nan
train MSE group_1: 0.0152
train MSE group_2: nan
train MSE group_3: nan
CE loss (TEST): 0.0
Experiment 27842
Epoch 0038 [Test seq (cond on sampled tp)] | Loss 100.765160 | Likelihood -103.560204 | KL fp 2.5914 | FP STD 0.0867|
KL coef: 0.24528071279636743
Train loss (one batch): 69.7525405883789
Train CE loss (one batch): 0.0
Test MSE (raw): 0.0214
Test MSE (smoothed with alpha=0.01): 5.4613
New best smoothed test MSE: 5.4613. Saving best model to experiments/experiment_27842_best.ckpt
Test MSE group_0: nan
Test MSE group_1: 0.0214
Test MSE group_2: nan
Test MSE group_3: nan
Poisson likelihood: 0.0
CE loss: 0.0
train MSE group_0: nan
train MSE group_1: 0.0148
train MSE group_2: nan
train MSE group_3: nan
CE loss (TEST): 0.0
Experiment 27842
Epoch 0039 [Test seq (cond on sampled tp)] | Loss 105.047203 | Likelihood -106.140480 | KL fp 2.5489 | FP STD 0.0897|
KL coef: 0.25282790566840385
Train loss (one batch): 70.19242858886719
Train CE loss (one batch): 0.0
Test MSE (raw): 0.0220
Test MSE (smoothed with alpha=0.01): 5.4069
New best smoothed test MSE: 5.4069. Saving best model to experiments/experiment_27842_best.ckpt
Test MSE group_0: nan
Test MSE group_1: 0.0220
Test MSE group_2: nan
Test MSE group_3: nan
Poisson likelihood: 0.0
CE loss: 0.0
train MSE group_0: nan
train MSE group_1: 0.0151
train MSE group_2: nan
train MSE group_3: nan
CE loss (TEST): 0.0
Experiment 27842
Epoch 0040 [Test seq (cond on sampled tp)] | Loss 96.628365 | Likelihood -99.314178 | KL fp 2.4574 | FP STD 0.0912|
KL coef: 0.2602996266117198
Train loss (one batch): 72.39765930175781
Train CE loss (one batch): 0.0
Test MSE (raw): 0.0206
Test MSE (smoothed with alpha=0.01): 5.3531
New best smoothed test MSE: 5.3531. Saving best model to experiments/experiment_27842_best.ckpt
Test MSE group_0: nan
Test MSE group_1: 0.0206
Test MSE group_2: nan
Test MSE group_3: nan
Poisson likelihood: 0.0
CE loss: 0.0
train MSE group_0: nan
train MSE group_1: 0.0153
train MSE group_2: nan
train MSE group_3: nan
CE loss (TEST): 0.0
Experiment 27842
Epoch 0041 [Test seq (cond on sampled tp)] | Loss 100.382454 | Likelihood -102.796783 | KL fp 2.3822 | FP STD 0.0925|
KL coef: 0.26769663034560254
Train loss (one batch): 69.72325897216797
Train CE loss (one batch): 0.0
Test MSE (raw): 0.0213
Test MSE (smoothed with alpha=0.01): 5.2997
New best smoothed test MSE: 5.2997. Saving best model to experiments/experiment_27842_best.ckpt
Test MSE group_0: nan
Test MSE group_1: 0.0213
Test MSE group_2: nan
Test MSE group_3: nan
Poisson likelihood: 0.0
CE loss: 0.0
train MSE group_0: nan
train MSE group_1: 0.0151
train MSE group_2: nan
train MSE group_3: nan
CE loss (TEST): 0.0
Experiment 27842
Epoch 0042 [Test seq (cond on sampled tp)] | Loss 94.217812 | Likelihood -98.655579 | KL fp 2.3508 | FP STD 0.0920|
KL coef: 0.2750196640421466
Train loss (one batch): 71.38188934326172
Train CE loss (one batch): 0.0
Test MSE (raw): 0.0205
Test MSE (smoothed with alpha=0.01): 5.2469
New best smoothed test MSE: 5.2469. Saving best model to experiments/experiment_27842_best.ckpt
Test MSE group_0: nan
Test MSE group_1: 0.0205
Test MSE group_2: nan
Test MSE group_3: nan
Poisson likelihood: 0.0
CE loss: 0.0
train MSE group_0: nan
train MSE group_1: 0.0152
train MSE group_2: nan
train MSE group_3: nan
CE loss (TEST): 0.0
Experiment 27842
Epoch 0043 [Test seq (cond on sampled tp)] | Loss 102.240860 | Likelihood -104.468628 | KL fp 2.3272 | FP STD 0.0901|
KL coef: 0.2822694674017251
Train loss (one batch): 70.4753189086914
Train CE loss (one batch): 0.0
Test MSE (raw): 0.0216
Test MSE (smoothed with alpha=0.01): 5.1947
New best smoothed test MSE: 5.1947. Saving best model to experiments/experiment_27842_best.ckpt
Test MSE group_0: nan
Test MSE group_1: 0.0216
Test MSE group_2: nan
Test MSE group_3: nan
Poisson likelihood: 0.0
CE loss: 0.0
train MSE group_0: nan
train MSE group_1: 0.0152
train MSE group_2: nan
train MSE group_3: nan
CE loss (TEST): 0.0
Experiment 27842
Epoch 0044 [Test seq (cond on sampled tp)] | Loss 101.623390 | Likelihood -106.875420 | KL fp 2.3101 | FP STD 0.0884|
KL coef: 0.2894467727277079
Train loss (one batch): 69.41519927978516
Train CE loss (one batch): 0.0
Test MSE (raw): 0.0221
Test MSE (smoothed with alpha=0.01): 5.1430
New best smoothed test MSE: 5.1430. Saving best model to experiments/experiment_27842_best.ckpt
Test MSE group_0: nan
Test MSE group_1: 0.0221
Test MSE group_2: nan
Test MSE group_3: nan
Poisson likelihood: 0.0
CE loss: 0.0
train MSE group_0: nan
train MSE group_1: 0.0151
train MSE group_2: nan
train MSE group_3: nan
CE loss (TEST): 0.0
Experiment 27842
Epoch 0045 [Test seq (cond on sampled tp)] | Loss 101.331787 | Likelihood -102.534248 | KL fp 2.3209 | FP STD 0.0858|
KL coef: 0.29655230500043084
Train loss (one batch): 69.07270812988281
Train CE loss (one batch): 0.0
Test MSE (raw): 0.0212
Test MSE (smoothed with alpha=0.01): 5.0917
New best smoothed test MSE: 5.0917. Saving best model to experiments/experiment_27842_best.ckpt
Test MSE group_0: nan
Test MSE group_1: 0.0212
Test MSE group_2: nan
Test MSE group_3: nan
Poisson likelihood: 0.0
CE loss: 0.0
train MSE group_0: nan
train MSE group_1: 0.0148
train MSE group_2: nan
train MSE group_3: nan
CE loss (TEST): 0.0
Experiment 27842
Epoch 0046 [Test seq (cond on sampled tp)] | Loss 97.060150 | Likelihood -99.298096 | KL fp 2.3538 | FP STD 0.0826|
KL coef: 0.30358678195042654
Train loss (one batch): 70.68250274658203
Train CE loss (one batch): 0.0
Test MSE (raw): 0.0206
Test MSE (smoothed with alpha=0.01): 5.0410
New best smoothed test MSE: 5.0410. Saving best model to experiments/experiment_27842_best.ckpt
Test MSE group_0: nan
Test MSE group_1: 0.0206
Test MSE group_2: nan
Test MSE group_3: nan
Poisson likelihood: 0.0
CE loss: 0.0
train MSE group_0: nan
train MSE group_1: 0.0150
train MSE group_2: nan
train MSE group_3: nan
CE loss (TEST): 0.0
Experiment 27842
Epoch 0047 [Test seq (cond on sampled tp)] | Loss 103.360306 | Likelihood -105.847481 | KL fp 2.4114 | FP STD 0.0789|
KL coef: 0.3105509141309223
Train loss (one batch): 68.52867889404297
Train CE loss (one batch): 0.0
Test MSE (raw): 0.0219
Test MSE (smoothed with alpha=0.01): 4.9908
New best smoothed test MSE: 4.9908. Saving best model to experiments/experiment_27842_best.ckpt
Test MSE group_0: nan
Test MSE group_1: 0.0219
Test MSE group_2: nan
Test MSE group_3: nan
Poisson likelihood: 0.0
CE loss: 0.0
train MSE group_0: nan
train MSE group_1: 0.0149
train MSE group_2: nan
train MSE group_3: nan
CE loss (TEST): 0.0
Experiment 27842
Epoch 0048 [Test seq (cond on sampled tp)] | Loss 104.721542 | Likelihood -107.490761 | KL fp 2.4752 | FP STD 0.0747|
KL coef: 0.31744540498961304
Train loss (one batch): 69.28683471679688
Train CE loss (one batch): 0.0
Test MSE (raw): 0.0222
Test MSE (smoothed with alpha=0.01): 4.9412
New best smoothed test MSE: 4.9412. Saving best model to experiments/experiment_27842_best.ckpt
Test MSE group_0: nan
Test MSE group_1: 0.0222
Test MSE group_2: nan
Test MSE group_3: nan
Poisson likelihood: 0.0
CE loss: 0.0
train MSE group_0: nan
train MSE group_1: 0.0148
train MSE group_2: nan
train MSE group_3: nan
CE loss (TEST): 0.0
Experiment 27842
Epoch 0049 [Test seq (cond on sampled tp)] | Loss 109.183250 | Likelihood -110.961830 | KL fp 2.5518 | FP STD 0.0710|
KL coef: 0.3242709509397169
Train loss (one batch): 67.91398620605469
Train CE loss (one batch): 0.0
Test MSE (raw): 0.0229
Test MSE (smoothed with alpha=0.01): 4.8920
New best smoothed test MSE: 4.8920. Saving best model to experiments/experiment_27842_best.ckpt
Test MSE group_0: nan
Test MSE group_1: 0.0229
Test MSE group_2: nan
Test MSE group_3: nan
Poisson likelihood: 0.0
CE loss: 0.0
train MSE group_0: nan
train MSE group_1: 0.0146
train MSE group_2: nan
train MSE group_3: nan
CE loss (TEST): 0.0
Experiment 27842
Epoch 0050 [Test seq (cond on sampled tp)] | Loss 105.861214 | Likelihood -107.876404 | KL fp 2.5990 | FP STD 0.0687|
KL coef: 0.3310282414303197
Train loss (one batch): 66.59698486328125
Train CE loss (one batch): 0.0
Test MSE (raw): 0.0223
Test MSE (smoothed with alpha=0.01): 4.8433
New best smoothed test MSE: 4.8433. Saving best model to experiments/experiment_27842_best.ckpt
Test MSE group_0: nan
Test MSE group_1: 0.0223
Test MSE group_2: nan
Test MSE group_3: nan
Poisson likelihood: 0.0
CE loss: 0.0
train MSE group_0: nan
train MSE group_1: 0.0143
train MSE group_2: nan
train MSE group_3: nan
CE loss (TEST): 0.0
Experiment 27842
Epoch 0051 [Test seq (cond on sampled tp)] | Loss 108.053589 | Likelihood -109.500710 | KL fp 2.6820 | FP STD 0.0654|
KL coef: 0.33771795901601653
Train loss (one batch): 68.87506103515625
Train CE loss (one batch): 0.0
Test MSE (raw): 0.0226
Test MSE (smoothed with alpha=0.01): 4.7951
New best smoothed test MSE: 4.7951. Saving best model to experiments/experiment_27842_best.ckpt
Test MSE group_0: nan
Test MSE group_1: 0.0226
Test MSE group_2: nan
Test MSE group_3: nan
Poisson likelihood: 0.0
CE loss: 0.0
train MSE group_0: nan
train MSE group_1: 0.0146
train MSE group_2: nan
train MSE group_3: nan
CE loss (TEST): 0.0
Experiment 27842
Epoch 0052 [Test seq (cond on sampled tp)] | Loss 108.392952 | Likelihood -109.362885 | KL fp 2.7530 | FP STD 0.0633|
KL coef: 0.3443407794258564
Train loss (one batch): 67.04486083984375
Train CE loss (one batch): 0.0
Test MSE (raw): 0.0226
Test MSE (smoothed with alpha=0.01): 4.7473
New best smoothed test MSE: 4.7473. Saving best model to experiments/experiment_27842_best.ckpt
Test MSE group_0: nan
Test MSE group_1: 0.0226
Test MSE group_2: nan
Test MSE group_3: nan
Poisson likelihood: 0.0
CE loss: 0.0
train MSE group_0: nan
train MSE group_1: 0.0143
train MSE group_2: nan
train MSE group_3: nan
CE loss (TEST): 0.0
Experiment 27842
Epoch 0053 [Test seq (cond on sampled tp)] | Loss 108.584915 | Likelihood -108.810028 | KL fp 2.7236 | FP STD 0.0616|
KL coef: 0.35089737163159784
Train loss (one batch): 68.24038696289062
Train CE loss (one batch): 0.0
Test MSE (raw): 0.0225
Test MSE (smoothed with alpha=0.01): 4.7001
New best smoothed test MSE: 4.7001. Saving best model to experiments/experiment_27842_best.ckpt
Test MSE group_0: nan
Test MSE group_1: 0.0225
Test MSE group_2: nan
Test MSE group_3: nan
Poisson likelihood: 0.0
CE loss: 0.0
train MSE group_0: nan
train MSE group_1: 0.0145
train MSE group_2: nan
train MSE group_3: nan
CE loss (TEST): 0.0
Experiment 27842
Epoch 0054 [Test seq (cond on sampled tp)] | Loss 105.626007 | Likelihood -105.929291 | KL fp 2.7484 | FP STD 0.0601|
KL coef: 0.3573883979152819
Train loss (one batch): 67.3159408569336
Train CE loss (one batch): 0.0
Test MSE (raw): 0.0219
Test MSE (smoothed with alpha=0.01): 4.6533
New best smoothed test MSE: 4.6533. Saving best model to experiments/experiment_27842_best.ckpt
Test MSE group_0: nan
Test MSE group_1: 0.0219
Test MSE group_2: nan
Test MSE group_3: nan
Poisson likelihood: 0.0
CE loss: 0.0
train MSE group_0: nan
train MSE group_1: 0.0143
train MSE group_2: nan
train MSE group_3: nan
CE loss (TEST): 0.0
Experiment 27842
Epoch 0055 [Test seq (cond on sampled tp)] | Loss 104.307571 | Likelihood -105.891296 | KL fp 2.7081 | FP STD 0.0586|
KL coef: 0.36381451393612907
Train loss (one batch): 67.00089263916016
Train CE loss (one batch): 0.0
Test MSE (raw): 0.0219
Test MSE (smoothed with alpha=0.01): 4.6070
New best smoothed test MSE: 4.6070. Saving best model to experiments/experiment_27842_best.ckpt
Test MSE group_0: nan
Test MSE group_1: 0.0219
Test MSE group_2: nan
Test MSE group_3: nan
Poisson likelihood: 0.0
CE loss: 0.0
train MSE group_0: nan
train MSE group_1: 0.0142
train MSE group_2: nan
train MSE group_3: nan
CE loss (TEST): 0.0
Experiment 27842
Epoch 0056 [Test seq (cond on sampled tp)] | Loss 102.887329 | Likelihood -103.781364 | KL fp 2.7107 | FP STD 0.0571|
KL coef: 0.37017636879676774
Train loss (one batch): 67.05024719238281
Train CE loss (one batch): 0.0
Test MSE (raw): 0.0215
Test MSE (smoothed with alpha=0.01): 4.5611
New best smoothed test MSE: 4.5611. Saving best model to experiments/experiment_27842_best.ckpt
Test MSE group_0: nan
Test MSE group_1: 0.0215
Test MSE group_2: nan
Test MSE group_3: nan
Poisson likelihood: 0.0
CE loss: 0.0
train MSE group_0: nan
train MSE group_1: 0.0142
train MSE group_2: nan
train MSE group_3: nan
CE loss (TEST): 0.0
Experiment 27842
Epoch 0057 [Test seq (cond on sampled tp)] | Loss 102.540184 | Likelihood -103.032257 | KL fp 2.7584 | FP STD 0.0556|
KL coef: 0.37647460510880004
Train loss (one batch): 67.36600494384766
Train CE loss (one batch): 0.0
Test MSE (raw): 0.0213
Test MSE (smoothed with alpha=0.01): 4.5158
New best smoothed test MSE: 4.5158. Saving best model to experiments/experiment_27842_best.ckpt
Test MSE group_0: nan
Test MSE group_1: 0.0213
Test MSE group_2: nan
Test MSE group_3: nan
Poisson likelihood: 0.0
CE loss: 0.0
train MSE group_0: nan
train MSE group_1: 0.0143
train MSE group_2: nan
train MSE group_3: nan
CE loss (TEST): 0.0
Experiment 27842
Epoch 0058 [Test seq (cond on sampled tp)] | Loss 101.620079 | Likelihood -102.174919 | KL fp 2.8243 | FP STD 0.0537|
KL coef: 0.38270985905771204
Train loss (one batch): 66.90387725830078
Train CE loss (one batch): 0.0
Test MSE (raw): 0.0212
Test MSE (smoothed with alpha=0.01): 4.4708
New best smoothed test MSE: 4.4708. Saving best model to experiments/experiment_27842_best.ckpt
Test MSE group_0: nan
Test MSE group_1: 0.0212
Test MSE group_2: nan
Test MSE group_3: nan
Poisson likelihood: 0.0
CE loss: 0.0
train MSE group_0: nan
train MSE group_1: 0.0141
train MSE group_2: nan
train MSE group_3: nan
CE loss (TEST): 0.0
Experiment 27842
Epoch 0059 [Test seq (cond on sampled tp)] | Loss 101.269600 | Likelihood -101.660667 | KL fp 2.9683 | FP STD 0.0512|
KL coef: 0.388882760467135
Train loss (one batch): 67.085693359375
Train CE loss (one batch): 0.0
Test MSE (raw): 0.0211
Test MSE (smoothed with alpha=0.01): 4.4263
New best smoothed test MSE: 4.4263. Saving best model to experiments/experiment_27842_best.ckpt
Test MSE group_0: nan
Test MSE group_1: 0.0211
Test MSE group_2: nan
Test MSE group_3: nan
Poisson likelihood: 0.0
CE loss: 0.0
train MSE group_0: nan
train MSE group_1: 0.0142
train MSE group_2: nan
train MSE group_3: nan
CE loss (TEST): 0.0
Experiment 27842
Epoch 0060 [Test seq (cond on sampled tp)] | Loss 99.342018 | Likelihood -99.671776 | KL fp 3.1340 | FP STD 0.0485|
KL coef: 0.39499393286246365
Train loss (one batch): 66.66024017333984
Train CE loss (one batch): 0.0
Test MSE (raw): 0.0207
Test MSE (smoothed with alpha=0.01): 4.3823
New best smoothed test MSE: 4.3823. Saving best model to experiments/experiment_27842_best.ckpt
Test MSE group_0: nan
Test MSE group_1: 0.0207
Test MSE group_2: nan
Test MSE group_3: nan
Poisson likelihood: 0.0
CE loss: 0.0
train MSE group_0: nan
train MSE group_1: 0.0141
train MSE group_2: nan
train MSE group_3: nan
CE loss (TEST): 0.0
Experiment 27842
Epoch 0061 [Test seq (cond on sampled tp)] | Loss 99.968628 | Likelihood -100.263702 | KL fp 3.3297 | FP STD 0.0461|
KL coef: 0.401043993533839
Train loss (one batch): 66.9819107055664
Train CE loss (one batch): 0.0
Test MSE (raw): 0.0208
Test MSE (smoothed with alpha=0.01): 4.3386
New best smoothed test MSE: 4.3386. Saving best model to experiments/experiment_27842_best.ckpt
Test MSE group_0: nan
Test MSE group_1: 0.0208
Test MSE group_2: nan
Test MSE group_3: nan
Poisson likelihood: 0.0
CE loss: 0.0
train MSE group_0: nan
train MSE group_1: 0.0141
train MSE group_2: nan
train MSE group_3: nan
CE loss (TEST): 0.0
Experiment 27842
Epoch 0062 [Test seq (cond on sampled tp)] | Loss 100.100815 | Likelihood -100.054466 | KL fp 3.1950 | FP STD 0.0458|
KL coef: 0.4070335535985006
Train loss (one batch): 66.21763610839844
Train CE loss (one batch): 0.0
Test MSE (raw): 0.0207
Test MSE (smoothed with alpha=0.01): 4.2955
New best smoothed test MSE: 4.2955. Saving best model to experiments/experiment_27842_best.ckpt
Test MSE group_0: nan
Test MSE group_1: 0.0207
Test MSE group_2: nan
Test MSE group_3: nan
Poisson likelihood: 0.0
CE loss: 0.0
train MSE group_0: nan
train MSE group_1: 0.0140
train MSE group_2: nan
train MSE group_3: nan
CE loss (TEST): 0.0
Experiment 27842
Epoch 0063 [Test seq (cond on sampled tp)] | Loss 98.761383 | Likelihood -99.050575 | KL fp 3.1042 | FP STD 0.0462|
KL coef: 0.41296321806251557
Train loss (one batch): 66.75634002685547
Train CE loss (one batch): 0.0
Test MSE (raw): 0.0205
Test MSE (smoothed with alpha=0.01): 4.2527
New best smoothed test MSE: 4.2527. Saving best model to experiments/experiment_27842_best.ckpt
Test MSE group_0: nan
Test MSE group_1: 0.0205
Test MSE group_2: nan
Test MSE group_3: nan
Poisson likelihood: 0.0
CE loss: 0.0
train MSE group_0: nan
train MSE group_1: 0.0141
train MSE group_2: nan
train MSE group_3: nan
CE loss (TEST): 0.0
Experiment 27842
Epoch 0064 [Test seq (cond on sampled tp)] | Loss 99.434334 | Likelihood -99.938042 | KL fp 3.0272 | FP STD 0.0470|
KL coef: 0.41883358588189046
Train loss (one batch): 65.88261413574219
Train CE loss (one batch): 0.0
Test MSE (raw): 0.0207
Test MSE (smoothed with alpha=0.01): 4.2104
New best smoothed test MSE: 4.2104. Saving best model to experiments/experiment_27842_best.ckpt
Test MSE group_0: nan
Test MSE group_1: 0.0207
Test MSE group_2: nan
Test MSE group_3: nan
Poisson likelihood: 0.0
CE loss: 0.0
train MSE group_0: nan
train MSE group_1: 0.0139
train MSE group_2: nan
train MSE group_3: nan
CE loss (TEST): 0.0
Experiment 27842
Epoch 0065 [Test seq (cond on sampled tp)] | Loss 100.427528 | Likelihood -100.655327 | KL fp 3.0163 | FP STD 0.0479|
KL coef: 0.4246452500230715
Train loss (one batch): 66.20863342285156
Train CE loss (one batch): 0.0
Test MSE (raw): 0.0209
Test MSE (smoothed with alpha=0.01): 4.1685
New best smoothed test MSE: 4.1685. Saving best model to experiments/experiment_27842_best.ckpt
Test MSE group_0: nan
Test MSE group_1: 0.0209
Test MSE group_2: nan
Test MSE group_3: nan
Poisson likelihood: 0.0
CE loss: 0.0
train MSE group_0: nan
train MSE group_1: 0.0140
train MSE group_2: nan
train MSE group_3: nan
CE loss (TEST): 0.0
Experiment 27842
Epoch 0066 [Test seq (cond on sampled tp)] | Loss 101.536484 | Likelihood -101.375801 | KL fp 2.9428 | FP STD 0.0501|
KL coef: 0.4303987975228408
Train loss (one batch): 66.24361419677734
Train CE loss (one batch): 0.0
Test MSE (raw): 0.0210
Test MSE (smoothed with alpha=0.01): 4.1270
New best smoothed test MSE: 4.1270. Saving best model to experiments/experiment_27842_best.ckpt
Test MSE group_0: nan
Test MSE group_1: 0.0210
Test MSE group_2: nan
Test MSE group_3: nan
Poisson likelihood: 0.0
CE loss: 0.0
train MSE group_0: nan
train MSE group_1: 0.0140
train MSE group_2: nan
train MSE group_3: nan
CE loss (TEST): 0.0
Experiment 27842
Epoch 0067 [Test seq (cond on sampled tp)] | Loss 101.347221 | Likelihood -101.655235 | KL fp 2.9779 | FP STD 0.0494|
KL coef: 0.4360948095476125
Train loss (one batch): 65.42552947998047
Train CE loss (one batch): 0.0
Test MSE (raw): 0.0211
Test MSE (smoothed with alpha=0.01): 4.0860
New best smoothed test MSE: 4.0860. Saving best model to experiments/experiment_27842_best.ckpt
Test MSE group_0: nan
Test MSE group_1: 0.0211
Test MSE group_2: nan
Test MSE group_3: nan
Poisson likelihood: 0.0
CE loss: 0.0
train MSE group_0: nan
train MSE group_1: 0.0138
train MSE group_2: nan
train MSE group_3: nan
CE loss (TEST): 0.0
Experiment 27842
Epoch 0068 [Test seq (cond on sampled tp)] | Loss 99.817131 | Likelihood -99.626396 | KL fp 2.9603 | FP STD 0.0499|
KL coef: 0.44173386145213633
Train loss (one batch): 65.7431640625
Train CE loss (one batch): 0.0
Test MSE (raw): 0.0207
Test MSE (smoothed with alpha=0.01): 4.0453
New best smoothed test MSE: 4.0453. Saving best model to experiments/experiment_27842_best.ckpt
Test MSE group_0: nan
Test MSE group_1: 0.0207
Test MSE group_2: nan
Test MSE group_3: nan
Poisson likelihood: 0.0
CE loss: 0.0
train MSE group_0: nan
train MSE group_1: 0.0139
train MSE group_2: nan
train MSE group_3: nan
CE loss (TEST): 0.0
Experiment 27842
Epoch 0069 [Test seq (cond on sampled tp)] | Loss 100.725754 | Likelihood -100.651123 | KL fp 2.9466 | FP STD 0.0509|
KL coef: 0.4473165228376149
Train loss (one batch): 65.95435333251953
Train CE loss (one batch): 0.0
Test MSE (raw): 0.0209
Test MSE (smoothed with alpha=0.01): 4.0051
New best smoothed test MSE: 4.0051. Saving best model to experiments/experiment_27842_best.ckpt
Test MSE group_0: nan
Test MSE group_1: 0.0209
Test MSE group_2: nan
Test MSE group_3: nan
Poisson likelihood: 0.0
CE loss: 0.0
train MSE group_0: nan
train MSE group_1: 0.0139
train MSE group_2: nan
train MSE group_3: nan
CE loss (TEST): 0.0
Experiment 27842
Epoch 0070 [Test seq (cond on sampled tp)] | Loss 100.520508 | Likelihood -100.747498 | KL fp 2.9286 | FP STD 0.0517|
KL coef: 0.4528433576092388
Train loss (one batch): 66.38200378417969
Train CE loss (one batch): 0.0
Test MSE (raw): 0.0209
Test MSE (smoothed with alpha=0.01): 3.9652
New best smoothed test MSE: 3.9652. Saving best model to experiments/experiment_27842_best.ckpt
Test MSE group_0: nan
Test MSE group_1: 0.0209
Test MSE group_2: nan
Test MSE group_3: nan
Poisson likelihood: 0.0
CE loss: 0.0
train MSE group_0: nan
train MSE group_1: 0.0140
train MSE group_2: nan
train MSE group_3: nan
CE loss (TEST): 0.0
Experiment 27842
Epoch 0071 [Test seq (cond on sampled tp)] | Loss 102.664276 | Likelihood -102.792389 | KL fp 2.8776 | FP STD 0.0528|
KL coef: 0.45831492403314644
Train loss (one batch): 65.50489044189453
Train CE loss (one batch): 0.0
Test MSE (raw): 0.0213
Test MSE (smoothed with alpha=0.01): 3.9258
New best smoothed test MSE: 3.9258. Saving best model to experiments/experiment_27842_best.ckpt
Test MSE group_0: nan
Test MSE group_1: 0.0213
Test MSE group_2: nan
Test MSE group_3: nan
Poisson likelihood: 0.0
CE loss: 0.0
train MSE group_0: nan
train MSE group_1: 0.0138
train MSE group_2: nan
train MSE group_3: nan
CE loss (TEST): 0.0
Experiment 27842
Epoch 0072 [Test seq (cond on sampled tp)] | Loss 102.177460 | Likelihood -102.732430 | KL fp 2.8222 | FP STD 0.0545|
KL coef: 0.463731774792815
Train loss (one batch): 65.11425018310547
Train CE loss (one batch): 0.0
Test MSE (raw): 0.0213
Test MSE (smoothed with alpha=0.01): 3.8867
New best smoothed test MSE: 3.8867. Saving best model to experiments/experiment_27842_best.ckpt
Test MSE group_0: nan
Test MSE group_1: 0.0213
Test MSE group_2: nan
Test MSE group_3: nan
Poisson likelihood: 0.0
CE loss: 0.0
train MSE group_0: nan
train MSE group_1: 0.0137
train MSE group_2: nan
train MSE group_3: nan
CE loss (TEST): 0.0
Experiment 27842
Epoch 0073 [Test seq (cond on sampled tp)] | Loss 102.535118 | Likelihood -103.195312 | KL fp 2.7830 | FP STD 0.0564|
KL coef: 0.46909445704488684
Train loss (one batch): 65.44160461425781
Train CE loss (one batch): 0.0
Test MSE (raw): 0.0214
Test MSE (smoothed with alpha=0.01): 3.8481
New best smoothed test MSE: 3.8481. Saving best model to experiments/experiment_27842_best.ckpt
Test MSE group_0: nan
Test MSE group_1: 0.0214
Test MSE group_2: nan
Test MSE group_3: nan
Poisson likelihood: 0.0
CE loss: 0.0
train MSE group_0: nan
train MSE group_1: 0.0138
train MSE group_2: nan
train MSE group_3: nan
CE loss (TEST): 0.0
Experiment 27842
Epoch 0074 [Test seq (cond on sampled tp)] | Loss 100.802322 | Likelihood -101.609505 | KL fp 2.7259 | FP STD 0.0578|
KL coef: 0.474403512474438
Train loss (one batch): 65.83576202392578
Train CE loss (one batch): 0.0
Test MSE (raw): 0.0211
Test MSE (smoothed with alpha=0.01): 3.8098
New best smoothed test MSE: 3.8098. Saving best model to experiments/experiment_27842_best.ckpt
Test MSE group_0: nan
Test MSE group_1: 0.0211
Test MSE group_2: nan
Test MSE group_3: nan
Poisson likelihood: 0.0
CE loss: 0.0
train MSE group_0: nan
train MSE group_1: 0.0139
train MSE group_2: nan
train MSE group_3: nan
CE loss (TEST): 0.0
Experiment 27842
Epoch 0075 [Test seq (cond on sampled tp)] | Loss 101.518456 | Likelihood -101.988945 | KL fp 2.6834 | FP STD 0.0593|
KL coef: 0.4796594773496936
Train loss (one batch): 65.53987884521484
Train CE loss (one batch): 0.0
Test MSE (raw): 0.0211
Test MSE (smoothed with alpha=0.01): 3.7719
New best smoothed test MSE: 3.7719. Saving best model to experiments/experiment_27842_best.ckpt
Test MSE group_0: nan
Test MSE group_1: 0.0211
Test MSE group_2: nan
Test MSE group_3: nan
Poisson likelihood: 0.0
CE loss: 0.0
train MSE group_0: nan
train MSE group_1: 0.0138
train MSE group_2: nan
train MSE group_3: nan
CE loss (TEST): 0.0
Experiment 27842
Epoch 0076 [Test seq (cond on sampled tp)] | Loss 98.923515 | Likelihood -100.343163 | KL fp 2.6401 | FP STD 0.0606|
KL coef: 0.4848628825761967
Train loss (one batch): 65.51245880126953
Train CE loss (one batch): 0.0
Test MSE (raw): 0.0208
Test MSE (smoothed with alpha=0.01): 3.7344
New best smoothed test MSE: 3.7344. Saving best model to experiments/experiment_27842_best.ckpt
Test MSE group_0: nan
Test MSE group_1: 0.0208
Test MSE group_2: nan
Test MSE group_3: nan
Poisson likelihood: 0.0
CE loss: 0.0
train MSE group_0: nan
train MSE group_1: 0.0138
train MSE group_2: nan
train MSE group_3: nan
CE loss (TEST): 0.0
Experiment 27842
Epoch 0077 [Test seq (cond on sampled tp)] | Loss 98.873848 | Likelihood -100.458626 | KL fp 2.6114 | FP STD 0.0618|
KL coef: 0.4900142537504347
Train loss (one batch): 64.8614273071289
Train CE loss (one batch): 0.0
Test MSE (raw): 0.0208
Test MSE (smoothed with alpha=0.01): 3.6973
New best smoothed test MSE: 3.6973. Saving best model to experiments/experiment_27842_best.ckpt
Test MSE group_0: nan
Test MSE group_1: 0.0208
Test MSE group_2: nan
Test MSE group_3: nan
Poisson likelihood: 0.0
CE loss: 0.0
train MSE group_0: nan
train MSE group_1: 0.0137
train MSE group_2: nan
train MSE group_3: nan
CE loss (TEST): 0.0
Experiment 27842
Epoch 0078 [Test seq (cond on sampled tp)] | Loss 101.022995 | Likelihood -100.901711 | KL fp 2.5859 | FP STD 0.0630|
KL coef: 0.49511411121293036
Train loss (one batch): 64.72924041748047
Train CE loss (one batch): 0.0
Test MSE (raw): 0.0209
Test MSE (smoothed with alpha=0.01): 3.6605
New best smoothed test MSE: 3.6605. Saving best model to experiments/experiment_27842_best.ckpt
Test MSE group_0: nan
Test MSE group_1: 0.0209
Test MSE group_2: nan
Test MSE group_3: nan
Poisson likelihood: 0.0
CE loss: 0.0
train MSE group_0: nan
train MSE group_1: 0.0137
train MSE group_2: nan
train MSE group_3: nan
CE loss (TEST): 0.0
Experiment 27842
Epoch 0079 [Test seq (cond on sampled tp)] | Loss 100.949127 | Likelihood -101.585381 | KL fp 2.5826 | FP STD 0.0639|
KL coef: 0.500162970100801
Train loss (one batch): 64.9383316040039
Train CE loss (one batch): 0.0
Test MSE (raw): 0.0211
Test MSE (smoothed with alpha=0.01): 3.6241
New best smoothed test MSE: 3.6241. Saving best model to experiments/experiment_27842_best.ckpt
Test MSE group_0: nan
Test MSE group_1: 0.0211
Test MSE group_2: nan
Test MSE group_3: nan
Poisson likelihood: 0.0
CE loss: 0.0
train MSE group_0: nan
train MSE group_1: 0.0138
train MSE group_2: nan
train MSE group_3: nan
CE loss (TEST): 0.0
Experiment 27842
Epoch 0080 [Test seq (cond on sampled tp)] | Loss 100.284027 | Likelihood -100.810616 | KL fp 2.5366 | FP STD 0.0646|
KL coef: 0.505161340399793
Train loss (one batch): 64.91356658935547
Train CE loss (one batch): 0.0
Test MSE (raw): 0.0209
Test MSE (smoothed with alpha=0.01): 3.5881
New best smoothed test MSE: 3.5881. Saving best model to experiments/experiment_27842_best.ckpt
Test MSE group_0: nan
Test MSE group_1: 0.0209
Test MSE group_2: nan
Test MSE group_3: nan
Poisson likelihood: 0.0
CE loss: 0.0
train MSE group_0: nan
train MSE group_1: 0.0137
train MSE group_2: nan
train MSE group_3: nan
CE loss (TEST): 0.0
Experiment 27842
Epoch 0081 [Test seq (cond on sampled tp)] | Loss 99.549644 | Likelihood -99.536842 | KL fp 2.5275 | FP STD 0.0649|
KL coef: 0.510109726995795
Train loss (one batch): 65.10700988769531
Train CE loss (one batch): 0.0
Test MSE (raw): 0.0206
Test MSE (smoothed with alpha=0.01): 3.5524
New best smoothed test MSE: 3.5524. Saving best model to experiments/experiment_27842_best.ckpt
Test MSE group_0: nan
Test MSE group_1: 0.0206
Test MSE group_2: nan
Test MSE group_3: nan
Poisson likelihood: 0.0
CE loss: 0.0
train MSE group_0: nan
train MSE group_1: 0.0137
train MSE group_2: nan
train MSE group_3: nan
CE loss (TEST): 0.0
Experiment 27842
Epoch 0082 [Test seq (cond on sampled tp)] | Loss 98.750237 | Likelihood -99.284515 | KL fp 2.5271 | FP STD 0.0651|
KL coef: 0.5150086297258372
Train loss (one batch): 64.31598663330078
Train CE loss (one batch): 0.0
Test MSE (raw): 0.0206
Test MSE (smoothed with alpha=0.01): 3.5171
New best smoothed test MSE: 3.5171. Saving best model to experiments/experiment_27842_best.ckpt
Test MSE group_0: nan
Test MSE group_1: 0.0206
Test MSE group_2: nan
Test MSE group_3: nan
Poisson likelihood: 0.0
CE loss: 0.0
train MSE group_0: nan
train MSE group_1: 0.0136
train MSE group_2: nan
train MSE group_3: nan
CE loss (TEST): 0.0
Experiment 27842
Epoch 0083 [Test seq (cond on sampled tp)] | Loss 100.558784 | Likelihood -100.657501 | KL fp 2.5250 | FP STD 0.0648|
KL coef: 0.5198585434285787
Train loss (one batch): 64.88837432861328
Train CE loss (one batch): 0.0
Test MSE (raw): 0.0209
Test MSE (smoothed with alpha=0.01): 3.4821
New best smoothed test MSE: 3.4821. Saving best model to experiments/experiment_27842_best.ckpt
Test MSE group_0: nan
Test MSE group_1: 0.0209
Test MSE group_2: nan
Test MSE group_3: nan
Poisson likelihood: 0.0
CE loss: 0.0
train MSE group_0: nan
train MSE group_1: 0.0137
train MSE group_2: nan
train MSE group_3: nan
CE loss (TEST): 0.0
Experiment 27842
Epoch 0084 [Test seq (cond on sampled tp)] | Loss 97.448944 | Likelihood -99.362877 | KL fp 2.5268 | FP STD 0.0643|
KL coef: 0.524659957994293
Train loss (one batch): 64.93098449707031
Train CE loss (one batch): 0.0
Test MSE (raw): 0.0206
Test MSE (smoothed with alpha=0.01): 3.4475
New best smoothed test MSE: 3.4475. Saving best model to experiments/experiment_27842_best.ckpt
Test MSE group_0: nan
Test MSE group_1: 0.0206
Test MSE group_2: nan
Test MSE group_3: nan
Poisson likelihood: 0.0
CE loss: 0.0
train MSE group_0: nan
train MSE group_1: 0.0137
train MSE group_2: nan
train MSE group_3: nan
CE loss (TEST): 0.0
Experiment 27842
Epoch 0085 [Test seq (cond on sampled tp)] | Loss 96.688698 | Likelihood -99.977470 | KL fp 2.5346 | FP STD 0.0634|
KL coef: 0.5294133584143501
Train loss (one batch): 65.08954620361328
Train CE loss (one batch): 0.0
Test MSE (raw): 0.0207
Test MSE (smoothed with alpha=0.01): 3.4132
New best smoothed test MSE: 3.4132. Saving best model to experiments/experiment_27842_best.ckpt
Test MSE group_0: nan
Test MSE group_1: 0.0207
Test MSE group_2: nan
Test MSE group_3: nan
Poisson likelihood: 0.0
CE loss: 0.0
train MSE group_0: nan
train MSE group_1: 0.0137
train MSE group_2: nan
train MSE group_3: nan
CE loss (TEST): 0.0
Experiment 27842
Epoch 0086 [Test seq (cond on sampled tp)] | Loss 97.449097 | Likelihood -98.885651 | KL fp 2.5602 | FP STD 0.0618|
KL coef: 0.5341192248302067
Train loss (one batch): 65.10145568847656
Train CE loss (one batch): 0.0
Test MSE (raw): 0.0205
Test MSE (smoothed with alpha=0.01): 3.3793
New best smoothed test MSE: 3.3793. Saving best model to experiments/experiment_27842_best.ckpt
Test MSE group_0: nan
Test MSE group_1: 0.0205
Test MSE group_2: nan
Test MSE group_3: nan
Poisson likelihood: 0.0
CE loss: 0.0
train MSE group_0: nan
train MSE group_1: 0.0137
train MSE group_2: nan
train MSE group_3: nan
CE loss (TEST): 0.0
Experiment 27842
Epoch 0087 [Test seq (cond on sampled tp)] | Loss 100.344017 | Likelihood -100.212959 | KL fp 2.5916 | FP STD 0.0603|
KL coef: 0.5387780325819045
Train loss (one batch): 64.52092742919922
Train CE loss (one batch): 0.0
Test MSE (raw): 0.0208
Test MSE (smoothed with alpha=0.01): 3.3457
New best smoothed test MSE: 3.3457. Saving best model to experiments/experiment_27842_best.ckpt
Test MSE group_0: nan
Test MSE group_1: 0.0208
Test MSE group_2: nan
Test MSE group_3: nan
Poisson likelihood: 0.0
CE loss: 0.0
train MSE group_0: nan
train MSE group_1: 0.0136
train MSE group_2: nan
train MSE group_3: nan
CE loss (TEST): 0.0
Experiment 27842
Epoch 0088 [Test seq (cond on sampled tp)] | Loss 97.849228 | Likelihood -98.014740 | KL fp 2.6304 | FP STD 0.0592|
KL coef: 0.5433902522560855
Train loss (one batch): 63.737403869628906
Train CE loss (one batch): 0.0
Test MSE (raw): 0.0203
Test MSE (smoothed with alpha=0.01): 3.3125
New best smoothed test MSE: 3.3125. Saving best model to experiments/experiment_27842_best.ckpt
Test MSE group_0: nan
Test MSE group_1: 0.0203
Test MSE group_2: nan
Test MSE group_3: nan
Poisson likelihood: 0.0
CE loss: 0.0
train MSE group_0: nan
train MSE group_1: 0.0135
train MSE group_2: nan
train MSE group_3: nan
CE loss (TEST): 0.0
Experiment 27842
Epoch 0089 [Test seq (cond on sampled tp)] | Loss 99.142616 | Likelihood -99.000305 | KL fp 2.6837 | FP STD 0.0583|
KL coef: 0.5479563497335247
Train loss (one batch): 64.0186996459961
Train CE loss (one batch): 0.0
Test MSE (raw): 0.0205
Test MSE (smoothed with alpha=0.01): 3.2796
New best smoothed test MSE: 3.2796. Saving best model to experiments/experiment_27842_best.ckpt
Test MSE group_0: nan
Test MSE group_1: 0.0205
Test MSE group_2: nan
Test MSE group_3: nan
Poisson likelihood: 0.0
CE loss: 0.0
train MSE group_0: nan
train MSE group_1: 0.0135
train MSE group_2: nan
train MSE group_3: nan
CE loss (TEST): 0.0
Experiment 27842
Epoch 0090 [Test seq (cond on sampled tp)] | Loss 95.834641 | Likelihood -96.922974 | KL fp 2.7492 | FP STD 0.0574|
KL coef: 0.5524767862361895
Train loss (one batch): 64.57063293457031
Train CE loss (one batch): 0.0
Test MSE (raw): 0.0201
Test MSE (smoothed with alpha=0.01): 3.2470
New best smoothed test MSE: 3.2470. Saving best model to experiments/experiment_27842_best.ckpt
Test MSE group_0: nan
Test MSE group_1: 0.0201
Test MSE group_2: nan
Test MSE group_3: nan
Poisson likelihood: 0.0
CE loss: 0.0
train MSE group_0: nan
train MSE group_1: 0.0136
train MSE group_2: nan
train MSE group_3: nan
CE loss (TEST): 0.0
Experiment 27842
Epoch 0091 [Test seq (cond on sampled tp)] | Loss 98.899681 | Likelihood -99.695496 | KL fp 2.8391 | FP STD 0.0564|
KL coef: 0.5569520183738275
Train loss (one batch): 64.36849212646484
Train CE loss (one batch): 0.0
Test MSE (raw): 0.0207
Test MSE (smoothed with alpha=0.01): 3.2147
New best smoothed test MSE: 3.2147. Saving best model to experiments/experiment_27842_best.ckpt
Test MSE group_0: nan
Test MSE group_1: 0.0207
Test MSE group_2: nan
Test MSE group_3: nan
Poisson likelihood: 0.0
CE loss: 0.0
train MSE group_0: nan
train MSE group_1: 0.0135
train MSE group_2: nan
train MSE group_3: nan
CE loss (TEST): 0.0
Experiment 27842
Epoch 0092 [Test seq (cond on sampled tp)] | Loss 98.172318 | Likelihood -97.743034 | KL fp 2.8742 | FP STD 0.0558|
KL coef: 0.5613824981900892
Train loss (one batch): 63.979270935058594
Train CE loss (one batch): 0.0
Test MSE (raw): 0.0203
Test MSE (smoothed with alpha=0.01): 3.1828
New best smoothed test MSE: 3.1828. Saving best model to experiments/experiment_27842_best.ckpt
Test MSE group_0: nan
Test MSE group_1: 0.0203
Test MSE group_2: nan
Test MSE group_3: nan
Poisson likelihood: 0.0
CE loss: 0.0
train MSE group_0: nan
train MSE group_1: 0.0135
train MSE group_2: nan
train MSE group_3: nan
CE loss (TEST): 0.0
Experiment 27842
Epoch 0093 [Test seq (cond on sampled tp)] | Loss 97.146706 | Likelihood -97.282494 | KL fp 2.7982 | FP STD 0.0570|
KL coef: 0.5657686732081884
Train loss (one batch): 63.90470504760742
Train CE loss (one batch): 0.0
Test MSE (raw): 0.0202
Test MSE (smoothed with alpha=0.01): 3.1511
New best smoothed test MSE: 3.1511. Saving best model to experiments/experiment_27842_best.ckpt
Test MSE group_0: nan
Test MSE group_1: 0.0202
Test MSE group_2: nan
Test MSE group_3: nan
Poisson likelihood: 0.0
CE loss: 0.0
train MSE group_0: nan
train MSE group_1: 0.0134
train MSE group_2: nan
train MSE group_3: nan
CE loss (TEST): 0.0
Experiment 27842
Epoch 0094 [Test seq (cond on sampled tp)] | Loss 98.124855 | Likelihood -98.014900 | KL fp 2.6959 | FP STD 0.0583|
KL coef: 0.5701109864761065
Train loss (one batch): 63.8199577331543
Train CE loss (one batch): 0.0
Test MSE (raw): 0.0203
Test MSE (smoothed with alpha=0.01): 3.1198
New best smoothed test MSE: 3.1198. Saving best model to experiments/experiment_27842_best.ckpt
Test MSE group_0: nan
Test MSE group_1: 0.0203
Test MSE group_2: nan
Test MSE group_3: nan
Poisson likelihood: 0.0
CE loss: 0.0
train MSE group_0: nan
train MSE group_1: 0.0134
train MSE group_2: nan
train MSE group_3: nan
CE loss (TEST): 0.0
Experiment 27842
Epoch 0095 [Test seq (cond on sampled tp)] | Loss 96.425461 | Likelihood -97.317200 | KL fp 2.5931 | FP STD 0.0601|
KL coef: 0.5744098766113455
Train loss (one batch): 64.44393157958984
Train CE loss (one batch): 0.0
Test MSE (raw): 0.0202
Test MSE (smoothed with alpha=0.01): 3.0888
New best smoothed test MSE: 3.0888. Saving best model to experiments/experiment_27842_best.ckpt
Test MSE group_0: nan
Test MSE group_1: 0.0202
Test MSE group_2: nan
Test MSE group_3: nan
Poisson likelihood: 0.0
CE loss: 0.0
train MSE group_0: nan
train MSE group_1: 0.0136
train MSE group_2: nan
train MSE group_3: nan
CE loss (TEST): 0.0
Experiment 27842
Epoch 0096 [Test seq (cond on sampled tp)] | Loss 96.833038 | Likelihood -98.858803 | KL fp 2.5498 | FP STD 0.0616|
KL coef: 0.578665777845232
Train loss (one batch): 63.6818733215332
Train CE loss (one batch): 0.0
Test MSE (raw): 0.0205
Test MSE (smoothed with alpha=0.01): 3.0581
New best smoothed test MSE: 3.0581. Saving best model to experiments/experiment_27842_best.ckpt
Test MSE group_0: nan
Test MSE group_1: 0.0205
Test MSE group_2: nan
Test MSE group_3: nan
Poisson likelihood: 0.0
CE loss: 0.0
train MSE group_0: nan
train MSE group_1: 0.0134
train MSE group_2: nan
train MSE group_3: nan
CE loss (TEST): 0.0
Experiment 27842
Epoch 0097 [Test seq (cond on sampled tp)] | Loss 95.108421 | Likelihood -95.218086 | KL fp 2.5327 | FP STD 0.0626|
KL coef: 0.5828791200667797
Train loss (one batch): 64.02106475830078
Train CE loss (one batch): 0.0
Test MSE (raw): 0.0198
Test MSE (smoothed with alpha=0.01): 3.0278
New best smoothed test MSE: 3.0278. Saving best model to experiments/experiment_27842_best.ckpt
Test MSE group_0: nan
Test MSE group_1: 0.0198
Test MSE group_2: nan
Test MSE group_3: nan
Poisson likelihood: 0.0
CE loss: 0.0
train MSE group_0: nan
train MSE group_1: 0.0135
train MSE group_2: nan
train MSE group_3: nan
CE loss (TEST): 0.0
Experiment 27842
Epoch 0098 [Test seq (cond on sampled tp)] | Loss 94.746704 | Likelihood -95.745949 | KL fp 2.5173 | FP STD 0.0636|
KL coef: 0.5870503288661119
Train loss (one batch): 62.78804397583008
Train CE loss (one batch): 0.0
Test MSE (raw): 0.0199
Test MSE (smoothed with alpha=0.01): 2.9977
New best smoothed test MSE: 2.9977. Saving best model to experiments/experiment_27842_best.ckpt
Test MSE group_0: nan
Test MSE group_1: 0.0199
Test MSE group_2: nan
Test MSE group_3: nan
Poisson likelihood: 0.0
CE loss: 0.0
train MSE group_0: nan
train MSE group_1: 0.0133
train MSE group_2: nan
train MSE group_3: nan
CE loss (TEST): 0.0
Experiment 27842
Epoch 0099 [Test seq (cond on sampled tp)] | Loss 99.063049 | Likelihood -99.056335 | KL fp 2.5039 | FP STD 0.0645|
KL coef: 0.5911798255774507
Train loss (one batch): 63.75279998779297
Train CE loss (one batch): 0.0
Test MSE (raw): 0.0205
Test MSE (smoothed with alpha=0.01): 2.9679
New best smoothed test MSE: 2.9679. Saving best model to experiments/experiment_27842_best.ckpt
Test MSE group_0: nan
Test MSE group_1: 0.0205
Test MSE group_2: nan
Test MSE group_3: nan
Poisson likelihood: 0.0
CE loss: 0.0
train MSE group_0: nan
train MSE group_1: 0.0134
train MSE group_2: nan
train MSE group_3: nan
CE loss (TEST): 0.0
Experiment 27842
Epoch 0100 [Test seq (cond on sampled tp)] | Loss 93.600464 | Likelihood -96.294708 | KL fp 2.5017 | FP STD 0.0649|
KL coef: 0.5952680273216762
Train loss (one batch): 63.703575134277344
Train CE loss (one batch): 0.0
Test MSE (raw): 0.0200
Test MSE (smoothed with alpha=0.01): 2.9384
New best smoothed test MSE: 2.9384. Saving best model to experiments/experiment_27842_best.ckpt
Test MSE group_0: nan
Test MSE group_1: 0.0200
Test MSE group_2: nan
Test MSE group_3: nan
Poisson likelihood: 0.0
CE loss: 0.0
train MSE group_0: nan
train MSE group_1: 0.0134
train MSE group_2: nan
train MSE group_3: nan
CE loss (TEST): 0.0
Couldn't import umap
Sampling dataset of 200 training examples
03BA-82M3
17DM-84M3
16BM-7J7
16BM-86M3
############## ['08AA-89M3', '05JM-88M3', '10MJ-7J7', '17DM-8J7', '05JM-8J7', '13SA-7J7', '18ZD-8J7', '09MP-90M3', '13SA-87M3', '10MJ-86M3', '07LB-7J7', '07LB-87M3', '06VS-84M3', '08AA-8J7', '11RM-8J7', '02JD-373M3', '09MP-8J7', '08GJ-84M3', '18ZD-86M3', '02JD-94M3', '03BA-8J7', '08GJ-6J7', '11RM-86M3', '06VS-7J7']
161
TensorBoard logs will be saved to: experiments/runs/27842
plotting....
Traceback (most recent call last):
  File "/Users/benjaminmaurel/Documents/Training_Sanofi/notebooks_hands_on/latent_ode/run_models.py", line 402, in <module>
    viz.draw_all_plots_one_dim(test_dict, model, 
    ^^^^^^^^^^^^^^^^^^^^^^^^^^^^^^^^^^^^^^^^^^^^
  File "/Users/benjaminmaurel/Documents/Training_Sanofi/notebooks_hands_on/latent_ode/lib/plotting.py", line 547, in draw_all_plots_one_dim
    error = plot_auc(self.ax_vector_field, data, reconstructions, time_steps, time_steps_to_predict)
            ^^^^^^^^^^^^^^^^^^^^^^^^^^^^^^^^^^^^^^^^^^^^^^^^^^^^^^^^^^^^^^^^^^^^^^^^^^^^^^^^^^^^^^^^
  File "/Users/benjaminmaurel/Documents/Training_Sanofi/notebooks_hands_on/latent_ode/lib/plotting.py", line 141, in plot_auc
    rec_mean = np.mean(reconstructions, axis = 0)
               ^^^^^^^^^^^^^^^^^^^^^^^^^^^^^^^^^^
  File "/opt/miniconda3/envs/NODE_test/lib/python3.12/site-packages/numpy/_core/fromnumeric.py", line 3594, in mean
    return mean(axis=axis, dtype=dtype, out=out, **kwargs)
           ^^^^^^^^^^^^^^^^^^^^^^^^^^^^^^^^^^^^^^^^^^^^^^^
TypeError: mean() received an invalid combination of arguments - got (out=NoneType, dtype=NoneType, axis=int, ), but expected one of:
 * (*, torch.dtype dtype = None)
 * (tuple of ints dim, bool keepdim = False, *, torch.dtype dtype = None)
 * (tuple of names dim, bool keepdim = False, *, torch.dtype dtype = None)

