/opt/miniconda3/envs/NODE_test/lib/python3.12/site-packages/torchvision/io/image.py:14: UserWarning: Failed to load image Python extension: 'dlopen(/opt/miniconda3/envs/NODE_test/lib/python3.12/site-packages/torchvision/image.so, 0x0006): Library not loaded: @rpath/libjpeg.9.dylib
  Referenced from: <367D4265-B20F-34BD-94EB-4F3EE47C385B> /opt/miniconda3/envs/NODE_test/lib/python3.12/site-packages/torchvision/image.so
  Reason: tried: '/opt/miniconda3/envs/NODE_test/lib/python3.12/site-packages/torchvision/../../../libjpeg.9.dylib' (no such file), '/opt/miniconda3/envs/NODE_test/lib/python3.12/site-packages/torchvision/../../../libjpeg.9.dylib' (no such file), '/opt/miniconda3/envs/NODE_test/lib/python3.12/lib-dynload/../../libjpeg.9.dylib' (no such file), '/opt/miniconda3/envs/NODE_test/bin/../lib/libjpeg.9.dylib' (no such file)'If you don't plan on using image functionality from `torchvision.io`, you can ignore this warning. Otherwise, there might be something wrong with your environment. Did you have `libjpeg` or `libpng` installed before building `torchvision` from source?
  warn(
/Users/benjaminmaurel/Documents/Training_Sanofi/notebooks_hands_on/latent_ode/lib/read_tacro.py:159: FutureWarning: DataFrame.applymap has been deprecated. Use DataFrame.map instead.
  df = df.applymap(lambda x: str(x).replace(",", ".") if isinstance(x, str) else x)
/Users/benjaminmaurel/Documents/Training_Sanofi/notebooks_hands_on/latent_ode/lib/read_tacro.py:267: UserWarning: Creating a tensor from a list of numpy.ndarrays is extremely slow. Please consider converting the list to a single numpy.ndarray with numpy.array() before converting to a tensor. (Triggered internally at /Users/runner/miniforge3/conda-bld/libtorch_1744320385493/work/torch/csrc/utils/tensor_new.cpp:281.)
  'auc_be': torch.tensor(auc_be),
/Users/benjaminmaurel/Documents/Training_Sanofi/notebooks_hands_on/latent_ode/lib/read_tacro.py:391: FutureWarning: DataFrame.applymap has been deprecated. Use DataFrame.map instead.
  df = df.applymap(lambda x: str(x).replace(",", ".") if isinstance(x, str) else x)
/Users/benjaminmaurel/Documents/Training_Sanofi/notebooks_hands_on/latent_ode/lib/read_tacro.py:391: FutureWarning: DataFrame.applymap has been deprecated. Use DataFrame.map instead.
  df = df.applymap(lambda x: str(x).replace(",", ".") if isinstance(x, str) else x)
/Users/benjaminmaurel/Documents/Training_Sanofi/notebooks_hands_on/latent_ode/run_models.py
run_models.py --niters 10 -n 200 -s 40 -l 10 --dataset PK_Tacro --latent-ode --noise-weight 0.01 --max-t 5. --seed 50 --experiment 38226
Experiment 38226
Epoch 0010 [Test seq (cond on sampled tp)] | Loss 6903.745117 | Likelihood -7296.572754 | KL fp 1.8544 | FP STD 0.7982|
KL coef: 0.0
Train loss (one batch): 7854.29443359375
Train CE loss (one batch): 0.0
Test MSE (raw): 1.4601
Test MSE (smoothed with alpha=0.01): 1.4601
New best smoothed test MSE: 1.4601. Saving best model to experiments/experiment_38226_best.ckpt
Test MSE group_0: 1.8477
Test MSE group_1: 1.3398
Test MSE group_2: nan
Test MSE group_3: nan
Poisson likelihood: 0.0
CE loss: 0.0
train MSE group_0: 2.8014
train MSE group_1: 1.3278
train MSE group_2: nan
train MSE group_3: nan
CE loss (TEST): 0.0
Couldn't import umap
Sampling dataset of 200 training examples
############## ['1841', '1651', '11451', '2221', '11751', '3711', '1811', '11231', '1711', '2441', '3541', '3850', '2421', '3750', '1331', '1611', '2331', '11711', '1941', '150', '3521', '3211', '31041', '3721', '3151', '2411', '3131', '3651', '11131', '11031', '350', '750', '450', '11051', '1211', '11111', '3611', '250', '1511', '3650', '11721', '3831', '1650', '2321', '1231', '11741', '650', '31051', '1821', '3821', '11121', '11021', '2311', '1250', '11241', '3931', '11151', '3050', '1350', '2231', '2511', '1550', '3411', '1731', '11621', '31021', '3331', '2111', '11141', '1111', '3141', '1950', '11041', '1221', '3351', '3811', '3250', '3751', '1121', '1831', '2250', '11341', '1151', '2451', '3551', '2531', '2121', '2550', '2450', '1551', '1441', '2151', '1850', '31011', '3631', '1241', '1050', '11331', '1721', '2350', '1311', '3311', '11421', '1911', '3321', '3450', '3731', '950', '11531', '2521', '11541', '1450', '3511', '11611', '31031', '1750', '2950', '1421', '1150', '2750', '850', '2150', '1541', '11011', '2650', '2141', '11251', '11411', '2551', '3741', '4250', '1131', '1321', '1521', '3950', '3851', '11441', '2211', '11731', '4050', '3531', '1531', '2050', '3421', '1141', '2131', '3121', '1641', '3911', '2251', '1741', '3221']
177
TensorBoard logs will be saved to: experiments/runs/38226
Training complete. TensorBoard writer closed.
Best model (based on smoothed MSE) saved to experiments/experiment_38226_best.ckpt with smoothed Test MSE: 1.4601
