/opt/miniconda3/envs/NODE_test/lib/python3.12/site-packages/torchvision/io/image.py:14: UserWarning: Failed to load image Python extension: 'dlopen(/opt/miniconda3/envs/NODE_test/lib/python3.12/site-packages/torchvision/image.so, 0x0006): Library not loaded: @rpath/libjpeg.9.dylib
  Referenced from: <367D4265-B20F-34BD-94EB-4F3EE47C385B> /opt/miniconda3/envs/NODE_test/lib/python3.12/site-packages/torchvision/image.so
  Reason: tried: '/opt/miniconda3/envs/NODE_test/lib/python3.12/site-packages/torchvision/../../../libjpeg.9.dylib' (no such file), '/opt/miniconda3/envs/NODE_test/lib/python3.12/site-packages/torchvision/../../../libjpeg.9.dylib' (no such file), '/opt/miniconda3/envs/NODE_test/lib/python3.12/lib-dynload/../../libjpeg.9.dylib' (no such file), '/opt/miniconda3/envs/NODE_test/bin/../lib/libjpeg.9.dylib' (no such file)'If you don't plan on using image functionality from `torchvision.io`, you can ignore this warning. Otherwise, there might be something wrong with your environment. Did you have `libjpeg` or `libpng` installed before building `torchvision` from source?
  warn(
/Users/benjaminmaurel/Documents/Training_Sanofi/notebooks_hands_on/latent_ode/lib/read_tacro.py:159: FutureWarning: DataFrame.applymap has been deprecated. Use DataFrame.map instead.
  df = df.applymap(lambda x: str(x).replace(",", ".") if isinstance(x, str) else x)
/Users/benjaminmaurel/Documents/Training_Sanofi/notebooks_hands_on/latent_ode/lib/read_tacro.py:392: FutureWarning: DataFrame.applymap has been deprecated. Use DataFrame.map instead.
  df = df.applymap(lambda x: str(x).replace(",", ".") if isinstance(x, str) else x)
/Users/benjaminmaurel/Documents/Training_Sanofi/notebooks_hands_on/latent_ode/lib/read_tacro.py:392: FutureWarning: DataFrame.applymap has been deprecated. Use DataFrame.map instead.
  df = df.applymap(lambda x: str(x).replace(",", ".") if isinstance(x, str) else x)
/Users/benjaminmaurel/Documents/Training_Sanofi/notebooks_hands_on/latent_ode/run_models.py
run_models.py --niters 2000 -n 200 -s 40 -l 10 --dataset PK_Tacro --latent-ode --noise-weight 0.01 --max-t 5. --seed 50 --experiment 23757
Experiment 23757
Epoch 0010 [Test seq (cond on sampled tp)] | Loss 3443.963867 | Likelihood -3559.412842 | KL fp 3.9293 | FP STD 0.8577|
KL coef: 0.0
Train loss (one batch): 4775.5078125
Train CE loss (one batch): 0.0
Test MSE (raw): 0.7126
Test MSE (smoothed with alpha=0.01): 0.7126
New best smoothed test MSE: 0.7126. Saving best model to experiments/experiment_23757_best.ckpt
Test MSE group_0: 0.6591
Test MSE group_1: 0.7332
Test MSE group_2: nan
Test MSE group_3: nan
Poisson likelihood: 0.0
CE loss: 0.0
train MSE group_0: 0.8012
train MSE group_1: 1.0449
train MSE group_2: nan
train MSE group_3: nan
CE loss (TEST): 0.0
Experiment 23757
Epoch 0020 [Test seq (cond on sampled tp)] | Loss 1927.194092 | Likelihood -1996.881836 | KL fp 4.6336 | FP STD 0.5733|
KL coef: 0.09561792499119559
Train loss (one batch): 2382.7822265625
Train CE loss (one batch): 0.0
Test MSE (raw): 0.4001
Test MSE (smoothed with alpha=0.01): 0.7095
New best smoothed test MSE: 0.7095. Saving best model to experiments/experiment_23757_best.ckpt
Test MSE group_0: 0.3362
Test MSE group_1: 0.4247
Test MSE group_2: nan
Test MSE group_3: nan
Poisson likelihood: 0.0
CE loss: 0.0
train MSE group_0: 0.2902
train MSE group_1: 0.5430
train MSE group_2: nan
train MSE group_3: nan
CE loss (TEST): 0.0
Experiment 23757
Epoch 0030 [Test seq (cond on sampled tp)] | Loss 1750.901978 | Likelihood -1880.041016 | KL fp 4.7503 | FP STD 0.4125|
KL coef: 0.18209306240276923
Train loss (one batch): 2033.5777587890625
Train CE loss (one batch): 0.0
Test MSE (raw): 0.3767
Test MSE (smoothed with alpha=0.01): 0.7062
New best smoothed test MSE: 0.7062. Saving best model to experiments/experiment_23757_best.ckpt
Test MSE group_0: 0.5012
Test MSE group_1: 0.3289
Test MSE group_2: nan
Test MSE group_3: nan
Poisson likelihood: 0.0
CE loss: 0.0
train MSE group_0: 0.4862
train MSE group_1: 0.3915
train MSE group_2: nan
train MSE group_3: nan
CE loss (TEST): 0.0
Experiment 23757
Epoch 0040 [Test seq (cond on sampled tp)] | Loss 1665.692017 | Likelihood -1722.313843 | KL fp 5.1932 | FP STD 0.3185|
KL coef: 0.2602996266117198
Train loss (one batch): 1845.44287109375
Train CE loss (one batch): 0.0
Test MSE (raw): 0.3452
Test MSE (smoothed with alpha=0.01): 0.7026
New best smoothed test MSE: 0.7026. Saving best model to experiments/experiment_23757_best.ckpt
Test MSE group_0: 0.4718
Test MSE group_1: 0.2965
Test MSE group_2: nan
Test MSE group_3: nan
Poisson likelihood: 0.0
CE loss: 0.0
train MSE group_0: 0.4512
train MSE group_1: 0.3522
train MSE group_2: nan
train MSE group_3: nan
CE loss (TEST): 0.0
Experiment 23757
Epoch 0050 [Test seq (cond on sampled tp)] | Loss 1503.483643 | Likelihood -1525.456421 | KL fp 5.0136 | FP STD 0.3034|
KL coef: 0.3310282414303197
Train loss (one batch): 1796.3857421875
Train CE loss (one batch): 0.0
Test MSE (raw): 0.3058
Test MSE (smoothed with alpha=0.01): 0.6986
New best smoothed test MSE: 0.6986. Saving best model to experiments/experiment_23757_best.ckpt
Test MSE group_0: 0.3794
Test MSE group_1: 0.2775
Test MSE group_2: nan
Test MSE group_3: nan
Poisson likelihood: 0.0
CE loss: 0.0
train MSE group_0: 0.3588
train MSE group_1: 0.3653
train MSE group_2: nan
train MSE group_3: nan
CE loss (TEST): 0.0
Experiment 23757
Epoch 0060 [Test seq (cond on sampled tp)] | Loss 1535.658447 | Likelihood -1572.032593 | KL fp 5.1712 | FP STD 0.2662|
KL coef: 0.39499393286246365
Train loss (one batch): 1745.7347412109375
Train CE loss (one batch): 0.0
Test MSE (raw): 0.3151
Test MSE (smoothed with alpha=0.01): 0.6948
New best smoothed test MSE: 0.6948. Saving best model to experiments/experiment_23757_best.ckpt
Test MSE group_0: 0.4185
Test MSE group_1: 0.2754
Test MSE group_2: nan
Test MSE group_3: nan
Poisson likelihood: 0.0
CE loss: 0.0
train MSE group_0: 0.4035
train MSE group_1: 0.3433
train MSE group_2: nan
train MSE group_3: nan
CE loss (TEST): 0.0
Experiment 23757
Epoch 0070 [Test seq (cond on sampled tp)] | Loss 1492.905884 | Likelihood -1567.003662 | KL fp 5.0381 | FP STD 0.2628|
KL coef: 0.4528433576092388
Train loss (one batch): 1756.5318603515625
Train CE loss (one batch): 0.0
Test MSE (raw): 0.3141
Test MSE (smoothed with alpha=0.01): 0.6909
New best smoothed test MSE: 0.6909. Saving best model to experiments/experiment_23757_best.ckpt
Test MSE group_0: 0.4237
Test MSE group_1: 0.2720
Test MSE group_2: nan
Test MSE group_3: nan
Poisson likelihood: 0.0
CE loss: 0.0
train MSE group_0: 0.4066
train MSE group_1: 0.3398
train MSE group_2: nan
train MSE group_3: nan
CE loss (TEST): 0.0
Experiment 23757
Epoch 0080 [Test seq (cond on sampled tp)] | Loss 1507.965454 | Likelihood -1547.293701 | KL fp 5.4992 | FP STD 0.2140|
KL coef: 0.505161340399793
Train loss (one batch): 1739.1983642578125
Train CE loss (one batch): 0.0
Test MSE (raw): 0.3102
Test MSE (smoothed with alpha=0.01): 0.6871
New best smoothed test MSE: 0.6871. Saving best model to experiments/experiment_23757_best.ckpt
Test MSE group_0: 0.4167
Test MSE group_1: 0.2692
Test MSE group_2: nan
Test MSE group_3: nan
Poisson likelihood: 0.0
CE loss: 0.0
train MSE group_0: 0.3969
train MSE group_1: 0.3360
train MSE group_2: nan
train MSE group_3: nan
CE loss (TEST): 0.0
Experiment 23757
Epoch 0090 [Test seq (cond on sampled tp)] | Loss 1482.509766 | Likelihood -1516.719971 | KL fp 5.2419 | FP STD 0.2379|
KL coef: 0.5524767862361895
Train loss (one batch): 1711.334228515625
Train CE loss (one batch): 0.0
Test MSE (raw): 0.3041
Test MSE (smoothed with alpha=0.01): 0.6833
New best smoothed test MSE: 0.6833. Saving best model to experiments/experiment_23757_best.ckpt
Test MSE group_0: 0.4105
Test MSE group_1: 0.2632
Test MSE group_2: nan
Test MSE group_3: nan
Poisson likelihood: 0.0
CE loss: 0.0
train MSE group_0: 0.3884
train MSE group_1: 0.3327
train MSE group_2: nan
train MSE group_3: nan
CE loss (TEST): 0.0
Experiment 23757
Epoch 0100 [Test seq (cond on sampled tp)] | Loss 1484.595093 | Likelihood -1529.307739 | KL fp 4.7577 | FP STD 0.2986|
KL coef: 0.5952680273216762
Train loss (one batch): 1697.7977294921875
Train CE loss (one batch): 0.0
Test MSE (raw): 0.3066
Test MSE (smoothed with alpha=0.01): 0.6795
New best smoothed test MSE: 0.6795. Saving best model to experiments/experiment_23757_best.ckpt
Test MSE group_0: 0.4163
Test MSE group_1: 0.2644
Test MSE group_2: nan
Test MSE group_3: nan
Poisson likelihood: 0.0
CE loss: 0.0
train MSE group_0: 0.3862
train MSE group_1: 0.3320
train MSE group_2: nan
train MSE group_3: nan
CE loss (TEST): 0.0
Experiment 23757
Epoch 0110 [Test seq (cond on sampled tp)] | Loss 1426.806641 | Likelihood -1490.979858 | KL fp 4.8912 | FP STD 0.2688|
KL coef: 0.6339676587267709
Train loss (one batch): 1677.6812744140625
Train CE loss (one batch): 0.0
Test MSE (raw): 0.2989
Test MSE (smoothed with alpha=0.01): 0.6757
New best smoothed test MSE: 0.6757. Saving best model to experiments/experiment_23757_best.ckpt
Test MSE group_0: 0.3952
Test MSE group_1: 0.2619
Test MSE group_2: nan
Test MSE group_3: nan
Poisson likelihood: 0.0
CE loss: 0.0
train MSE group_0: 0.3781
train MSE group_1: 0.3250
train MSE group_2: nan
train MSE group_3: nan
CE loss (TEST): 0.0
Experiment 23757
Epoch 0120 [Test seq (cond on sampled tp)] | Loss 1368.219238 | Likelihood -1425.517334 | KL fp 5.1865 | FP STD 0.2289|
KL coef: 0.6689669116789861
Train loss (one batch): 1593.9228515625
Train CE loss (one batch): 0.0
Test MSE (raw): 0.2858
Test MSE (smoothed with alpha=0.01): 0.6718
New best smoothed test MSE: 0.6718. Saving best model to experiments/experiment_23757_best.ckpt
Test MSE group_0: 0.3716
Test MSE group_1: 0.2529
Test MSE group_2: nan
Test MSE group_3: nan
Poisson likelihood: 0.0
CE loss: 0.0
train MSE group_0: 0.3661
train MSE group_1: 0.3129
train MSE group_2: nan
train MSE group_3: nan
CE loss (TEST): 0.0
Experiment 23757
Epoch 0130 [Test seq (cond on sampled tp)] | Loss 1298.661743 | Likelihood -1397.431641 | KL fp 5.0519 | FP STD 0.2758|
KL coef: 0.7006196086876687
Train loss (one batch): 1546.0977783203125
Train CE loss (one batch): 0.0
Test MSE (raw): 0.2802
Test MSE (smoothed with alpha=0.01): 0.6679
New best smoothed test MSE: 0.6679. Saving best model to experiments/experiment_23757_best.ckpt
Test MSE group_0: 0.3504
Test MSE group_1: 0.2532
Test MSE group_2: nan
Test MSE group_3: nan
Poisson likelihood: 0.0
CE loss: 0.0
train MSE group_0: 0.3291
train MSE group_1: 0.3085
train MSE group_2: nan
train MSE group_3: nan
CE loss (TEST): 0.0
Experiment 23757
Epoch 0140 [Test seq (cond on sampled tp)] | Loss 1204.035767 | Likelihood -1234.294189 | KL fp 5.2537 | FP STD 0.2133|
KL coef: 0.729245740488006
Train loss (one batch): 1412.8043212890625
Train CE loss (one batch): 0.0
Test MSE (raw): 0.2476
Test MSE (smoothed with alpha=0.01): 0.6637
New best smoothed test MSE: 0.6637. Saving best model to experiments/experiment_23757_best.ckpt
Test MSE group_0: 0.2996
Test MSE group_1: 0.2276
Test MSE group_2: nan
Test MSE group_3: nan
Poisson likelihood: 0.0
CE loss: 0.0
train MSE group_0: 0.2774
train MSE group_1: 0.2870
train MSE group_2: nan
train MSE group_3: nan
CE loss (TEST): 0.0
Experiment 23757
Epoch 0150 [Test seq (cond on sampled tp)] | Loss 1070.450317 | Likelihood -1081.062622 | KL fp 5.5962 | FP STD 0.1942|
KL coef: 0.7551347009650705
Train loss (one batch): 1229.8255615234375
Train CE loss (one batch): 0.0
Test MSE (raw): 0.2169
Test MSE (smoothed with alpha=0.01): 0.6593
New best smoothed test MSE: 0.6593. Saving best model to experiments/experiment_23757_best.ckpt
Test MSE group_0: 0.2664
Test MSE group_1: 0.1979
Test MSE group_2: nan
Test MSE group_3: nan
Poisson likelihood: 0.0
CE loss: 0.0
train MSE group_0: 0.2402
train MSE group_1: 0.2502
train MSE group_2: nan
train MSE group_3: nan
CE loss (TEST): 0.0
Experiment 23757
Epoch 0160 [Test seq (cond on sampled tp)] | Loss 881.002075 | Likelihood -936.299622 | KL fp 5.2542 | FP STD 0.2268|
KL coef: 0.7785482127611391
Train loss (one batch): 1153.832763671875
Train CE loss (one batch): 0.0
Test MSE (raw): 0.1880
Test MSE (smoothed with alpha=0.01): 0.6545
New best smoothed test MSE: 0.6545. Saving best model to experiments/experiment_23757_best.ckpt
Test MSE group_0: 0.2491
Test MSE group_1: 0.1645
Test MSE group_2: nan
Test MSE group_3: nan
Poisson likelihood: 0.0
CE loss: 0.0
train MSE group_0: 0.2368
train MSE group_1: 0.2303
train MSE group_2: nan
train MSE group_3: nan
CE loss (TEST): 0.0
Experiment 23757
Epoch 0170 [Test seq (cond on sampled tp)] | Loss 791.796997 | Likelihood -837.417786 | KL fp 5.5370 | FP STD 0.2460|
KL coef: 0.7997229731425107
Train loss (one batch): 920.353271484375
Train CE loss (one batch): 0.0
Test MSE (raw): 0.1682
Test MSE (smoothed with alpha=0.01): 0.6497
New best smoothed test MSE: 0.6497. Saving best model to experiments/experiment_23757_best.ckpt
Test MSE group_0: 0.2322
Test MSE group_1: 0.1436
Test MSE group_2: nan
Test MSE group_3: nan
Poisson likelihood: 0.0
CE loss: 0.0
train MSE group_0: 0.2042
train MSE group_1: 0.1842
train MSE group_2: nan
train MSE group_3: nan
CE loss (TEST): 0.0
Experiment 23757
Epoch 0180 [Test seq (cond on sampled tp)] | Loss 772.585022 | Likelihood -800.002625 | KL fp 5.1912 | FP STD 0.2857|
KL coef: 0.8188730468740297
Train loss (one batch): 774.493896484375
Train CE loss (one batch): 0.0
Test MSE (raw): 0.1607
Test MSE (smoothed with alpha=0.01): 0.6448
New best smoothed test MSE: 0.6448. Saving best model to experiments/experiment_23757_best.ckpt
Test MSE group_0: 0.2363
Test MSE group_1: 0.1317
Test MSE group_2: nan
Test MSE group_3: nan
Poisson likelihood: 0.0
CE loss: 0.0
train MSE group_0: 0.1997
train MSE group_1: 0.1467
train MSE group_2: nan
train MSE group_3: nan
CE loss (TEST): 0.0
Experiment 23757
Epoch 0190 [Test seq (cond on sampled tp)] | Loss 731.955078 | Likelihood -761.636780 | KL fp 5.4153 | FP STD 0.2607|
KL coef: 0.8361920302919126
Train loss (one batch): 741.5285034179688
Train CE loss (one batch): 0.0
Test MSE (raw): 0.1531
Test MSE (smoothed with alpha=0.01): 0.6399
New best smoothed test MSE: 0.6399. Saving best model to experiments/experiment_23757_best.ckpt
Test MSE group_0: 0.2134
Test MSE group_1: 0.1298
Test MSE group_2: nan
Test MSE group_3: nan
Poisson likelihood: 0.0
CE loss: 0.0
train MSE group_0: 0.1508
train MSE group_1: 0.1495
train MSE group_2: nan
train MSE group_3: nan
CE loss (TEST): 0.0
Experiment 23757
Epoch 0200 [Test seq (cond on sampled tp)] | Loss 625.959045 | Likelihood -661.301025 | KL fp 5.2313 | FP STD 0.2105|
KL coef: 0.8518550084524206
Train loss (one batch): 605.7832641601562
Train CE loss (one batch): 0.0
Test MSE (raw): 0.1330
Test MSE (smoothed with alpha=0.01): 0.6348
New best smoothed test MSE: 0.6348. Saving best model to experiments/experiment_23757_best.ckpt
Test MSE group_0: 0.1751
Test MSE group_1: 0.1168
Test MSE group_2: nan
Test MSE group_3: nan
Poisson likelihood: 0.0
CE loss: 0.0
train MSE group_0: 0.1418
train MSE group_1: 0.1177
train MSE group_2: nan
train MSE group_3: nan
CE loss (TEST): 0.0
Experiment 23757
Epoch 0210 [Test seq (cond on sampled tp)] | Loss 619.089233 | Likelihood -635.615112 | KL fp 5.5876 | FP STD 0.1790|
KL coef: 0.8660203251420383
Train loss (one batch): 547.6212158203125
Train CE loss (one batch): 0.0
Test MSE (raw): 0.1279
Test MSE (smoothed with alpha=0.01): 0.6297
New best smoothed test MSE: 0.6297. Saving best model to experiments/experiment_23757_best.ckpt
Test MSE group_0: 0.1583
Test MSE group_1: 0.1162
Test MSE group_2: nan
Test MSE group_3: nan
Poisson likelihood: 0.0
CE loss: 0.0
train MSE group_0: 0.1241
train MSE group_1: 0.1097
train MSE group_2: nan
train MSE group_3: nan
CE loss (TEST): 0.0
Experiment 23757
Epoch 0220 [Test seq (cond on sampled tp)] | Loss 675.226135 | Likelihood -687.519348 | KL fp 5.6638 | FP STD 0.1826|
KL coef: 0.8788311836429517
Train loss (one batch): 562.930908203125
Train CE loss (one batch): 0.0
Test MSE (raw): 0.1382
Test MSE (smoothed with alpha=0.01): 0.6248
New best smoothed test MSE: 0.6248. Saving best model to experiments/experiment_23757_best.ckpt
Test MSE group_0: 0.1539
Test MSE group_1: 0.1322
Test MSE group_2: nan
Test MSE group_3: nan
Poisson likelihood: 0.0
CE loss: 0.0
train MSE group_0: 0.1198
train MSE group_1: 0.1123
train MSE group_2: nan
train MSE group_3: nan
CE loss (TEST): 0.0
Experiment 23757
Epoch 0230 [Test seq (cond on sampled tp)] | Loss 555.698242 | Likelihood -570.227661 | KL fp 5.3056 | FP STD 0.1775|
KL coef: 0.8904170944366518
Train loss (one batch): 529.3983764648438
Train CE loss (one batch): 0.0
Test MSE (raw): 0.1148
Test MSE (smoothed with alpha=0.01): 0.6197
New best smoothed test MSE: 0.6197. Saving best model to experiments/experiment_23757_best.ckpt
Test MSE group_0: 0.1381
Test MSE group_1: 0.1058
Test MSE group_2: nan
Test MSE group_3: nan
Poisson likelihood: 0.0
CE loss: 0.0
train MSE group_0: 0.1107
train MSE group_1: 0.1063
train MSE group_2: nan
train MSE group_3: nan
CE loss (TEST): 0.0
Experiment 23757
Epoch 0240 [Test seq (cond on sampled tp)] | Loss 547.905212 | Likelihood -554.118774 | KL fp 5.3484 | FP STD 0.1708|
KL coef: 0.9008951844811254
Train loss (one batch): 506.153564453125
Train CE loss (one batch): 0.0
Test MSE (raw): 0.1116
Test MSE (smoothed with alpha=0.01): 0.6146
New best smoothed test MSE: 0.6146. Saving best model to experiments/experiment_23757_best.ckpt
Test MSE group_0: 0.1343
Test MSE group_1: 0.1028
Test MSE group_2: nan
Test MSE group_3: nan
Poisson likelihood: 0.0
CE loss: 0.0
train MSE group_0: 0.1000
train MSE group_1: 0.1025
train MSE group_2: nan
train MSE group_3: nan
CE loss (TEST): 0.0
Experiment 23757
Epoch 0250 [Test seq (cond on sampled tp)] | Loss 544.831482 | Likelihood -554.765503 | KL fp 5.5992 | FP STD 0.1548|
KL coef: 0.9103713812976754
Train loss (one batch): 482.9889831542969
Train CE loss (one batch): 0.0
Test MSE (raw): 0.1117
Test MSE (smoothed with alpha=0.01): 0.6096
New best smoothed test MSE: 0.6096. Saving best model to experiments/experiment_23757_best.ckpt
Test MSE group_0: 0.1338
Test MSE group_1: 0.1032
Test MSE group_2: nan
Test MSE group_3: nan
Poisson likelihood: 0.0
CE loss: 0.0
train MSE group_0: 0.0978
train MSE group_1: 0.0989
train MSE group_2: nan
train MSE group_3: nan
CE loss (TEST): 0.0
Experiment 23757
Epoch 0260 [Test seq (cond on sampled tp)] | Loss 525.973633 | Likelihood -546.268250 | KL fp 5.3507 | FP STD 0.1657|
KL coef: 0.9189414838378187
Train loss (one batch): 472.6837158203125
Train CE loss (one batch): 0.0
Test MSE (raw): 0.1100
Test MSE (smoothed with alpha=0.01): 0.6046
New best smoothed test MSE: 0.6046. Saving best model to experiments/experiment_23757_best.ckpt
Test MSE group_0: 0.1334
Test MSE group_1: 0.1010
Test MSE group_2: nan
Test MSE group_3: nan
Poisson likelihood: 0.0
CE loss: 0.0
train MSE group_0: 0.0937
train MSE group_1: 0.0967
train MSE group_2: nan
train MSE group_3: nan
CE loss (TEST): 0.0
Experiment 23757
Epoch 0270 [Test seq (cond on sampled tp)] | Loss 527.508789 | Likelihood -534.702271 | KL fp 5.2050 | FP STD 0.1695|
KL coef: 0.9266921309561118
Train loss (one batch): 461.62432861328125
Train CE loss (one batch): 0.0
Test MSE (raw): 0.1077
Test MSE (smoothed with alpha=0.01): 0.5996
New best smoothed test MSE: 0.5996. Saving best model to experiments/experiment_23757_best.ckpt
Test MSE group_0: 0.1306
Test MSE group_1: 0.0989
Test MSE group_2: nan
Test MSE group_3: nan
Poisson likelihood: 0.0
CE loss: 0.0
train MSE group_0: 0.0914
train MSE group_1: 0.0944
train MSE group_2: nan
train MSE group_3: nan
CE loss (TEST): 0.0
Experiment 23757
Epoch 0280 [Test seq (cond on sampled tp)] | Loss 524.486816 | Likelihood -539.145020 | KL fp 5.0668 | FP STD 0.2045|
KL coef: 0.9337016772796147
Train loss (one batch): 476.7159729003906
Train CE loss (one batch): 0.0
Test MSE (raw): 0.1086
Test MSE (smoothed with alpha=0.01): 0.5947
New best smoothed test MSE: 0.5947. Saving best model to experiments/experiment_23757_best.ckpt
Test MSE group_0: 0.1326
Test MSE group_1: 0.0993
Test MSE group_2: nan
Test MSE group_3: nan
Poisson likelihood: 0.0
CE loss: 0.0
train MSE group_0: 0.0950
train MSE group_1: 0.0970
train MSE group_2: nan
train MSE group_3: nan
CE loss (TEST): 0.0
Experiment 23757
Epoch 0290 [Test seq (cond on sampled tp)] | Loss 553.845459 | Likelihood -559.019165 | KL fp 5.5462 | FP STD 0.1615|
KL coef: 0.9400409853285345
Train loss (one batch): 454.6614685058594
Train CE loss (one batch): 0.0
Test MSE (raw): 0.1125
Test MSE (smoothed with alpha=0.01): 0.5899
New best smoothed test MSE: 0.5899. Saving best model to experiments/experiment_23757_best.ckpt
Test MSE group_0: 0.1300
Test MSE group_1: 0.1058
Test MSE group_2: nan
Test MSE group_3: nan
Poisson likelihood: 0.0
CE loss: 0.0
train MSE group_0: 0.0890
train MSE group_1: 0.0944
train MSE group_2: nan
train MSE group_3: nan
CE loss (TEST): 0.0
Experiment 23757
Epoch 0300 [Test seq (cond on sampled tp)] | Loss 513.673218 | Likelihood -518.051758 | KL fp 5.5120 | FP STD 0.1330|
KL coef: 0.9457741418959368
Train loss (one batch): 449.8719482421875
Train CE loss (one batch): 0.0
Test MSE (raw): 0.1043
Test MSE (smoothed with alpha=0.01): 0.5851
New best smoothed test MSE: 0.5851. Saving best model to experiments/experiment_23757_best.ckpt
Test MSE group_0: 0.1279
Test MSE group_1: 0.0953
Test MSE group_2: nan
Test MSE group_3: nan
Poisson likelihood: 0.0
CE loss: 0.0
train MSE group_0: 0.0883
train MSE group_1: 0.0910
train MSE group_2: nan
train MSE group_3: nan
CE loss (TEST): 0.0
Experiment 23757
Epoch 0310 [Test seq (cond on sampled tp)] | Loss 502.820190 | Likelihood -515.762207 | KL fp 5.1719 | FP STD 0.1487|
KL coef: 0.9509591059287142
Train loss (one batch): 448.3037414550781
Train CE loss (one batch): 0.0
Test MSE (raw): 0.1039
Test MSE (smoothed with alpha=0.01): 0.5802
New best smoothed test MSE: 0.5802. Saving best model to experiments/experiment_23757_best.ckpt
Test MSE group_0: 0.1245
Test MSE group_1: 0.0960
Test MSE group_2: nan
Test MSE group_3: nan
Poisson likelihood: 0.0
CE loss: 0.0
train MSE group_0: 0.0913
train MSE group_1: 0.0901
train MSE group_2: nan
train MSE group_3: nan
CE loss (TEST): 0.0
Experiment 23757
Epoch 0320 [Test seq (cond on sampled tp)] | Loss 514.925781 | Likelihood -516.140320 | KL fp 5.5093 | FP STD 0.1301|
KL coef: 0.9556482944595236
Train loss (one batch): 433.6298828125
Train CE loss (one batch): 0.0
Test MSE (raw): 0.1040
Test MSE (smoothed with alpha=0.01): 0.5755
New best smoothed test MSE: 0.5755. Saving best model to experiments/experiment_23757_best.ckpt
Test MSE group_0: 0.1219
Test MSE group_1: 0.0971
Test MSE group_2: nan
Test MSE group_3: nan
Poisson likelihood: 0.0
CE loss: 0.0
train MSE group_0: 0.0831
train MSE group_1: 0.0883
train MSE group_2: nan
train MSE group_3: nan
CE loss (TEST): 0.0
Experiment 23757
Epoch 0330 [Test seq (cond on sampled tp)] | Loss 505.182678 | Likelihood -511.420349 | KL fp 5.3953 | FP STD 0.1273|
KL coef: 0.9598891125131245
Train loss (one batch): 428.511474609375
Train CE loss (one batch): 0.0
Test MSE (raw): 0.1030
Test MSE (smoothed with alpha=0.01): 0.5708
New best smoothed test MSE: 0.5708. Saving best model to experiments/experiment_23757_best.ckpt
Test MSE group_0: 0.1228
Test MSE group_1: 0.0954
Test MSE group_2: nan
Test MSE group_3: nan
Poisson likelihood: 0.0
CE loss: 0.0
train MSE group_0: 0.0826
train MSE group_1: 0.0880
train MSE group_2: nan
train MSE group_3: nan
CE loss (TEST): 0.0
Experiment 23757
Epoch 0340 [Test seq (cond on sampled tp)] | Loss 495.672180 | Likelihood -497.738678 | KL fp 5.5356 | FP STD 0.1227|
KL coef: 0.9637244323441748
Train loss (one batch): 428.08648681640625
Train CE loss (one batch): 0.0
Test MSE (raw): 0.1003
Test MSE (smoothed with alpha=0.01): 0.5660
New best smoothed test MSE: 0.5660. Saving best model to experiments/experiment_23757_best.ckpt
Test MSE group_0: 0.1215
Test MSE group_1: 0.0921
Test MSE group_2: nan
Test MSE group_3: nan
Poisson likelihood: 0.0
CE loss: 0.0
train MSE group_0: 0.0838
train MSE group_1: 0.0871
train MSE group_2: nan
train MSE group_3: nan
CE loss (TEST): 0.0
Experiment 23757
Epoch 0350 [Test seq (cond on sampled tp)] | Loss 493.307617 | Likelihood -497.757721 | KL fp 5.4756 | FP STD 0.1371|
KL coef: 0.9671930268513026
Train loss (one batch): 429.52764892578125
Train CE loss (one batch): 0.0
Test MSE (raw): 0.1003
Test MSE (smoothed with alpha=0.01): 0.5614
New best smoothed test MSE: 0.5614. Saving best model to experiments/experiment_23757_best.ckpt
Test MSE group_0: 0.1190
Test MSE group_1: 0.0931
Test MSE group_2: nan
Test MSE group_3: nan
Poisson likelihood: 0.0
CE loss: 0.0
train MSE group_0: 0.0811
train MSE group_1: 0.0873
train MSE group_2: nan
train MSE group_3: nan
CE loss (TEST): 0.0
Experiment 23757
Epoch 0360 [Test seq (cond on sampled tp)] | Loss 488.482758 | Likelihood -497.119629 | KL fp 5.1704 | FP STD 0.1393|
KL coef: 0.9703299615490228
Train loss (one batch): 416.82916259765625
Train CE loss (one batch): 0.0
Test MSE (raw): 0.1002
Test MSE (smoothed with alpha=0.01): 0.5568
New best smoothed test MSE: 0.5568. Saving best model to experiments/experiment_23757_best.ckpt
Test MSE group_0: 0.1201
Test MSE group_1: 0.0925
Test MSE group_2: nan
Test MSE group_3: nan
Poisson likelihood: 0.0
CE loss: 0.0
train MSE group_0: 0.0807
train MSE group_1: 0.0850
train MSE group_2: nan
train MSE group_3: nan
CE loss (TEST): 0.0
Experiment 23757
Epoch 0370 [Test seq (cond on sampled tp)] | Loss 479.784698 | Likelihood -488.983490 | KL fp 5.2337 | FP STD 0.1282|
KL coef: 0.9731669490601144
Train loss (one batch): 413.58831787109375
Train CE loss (one batch): 0.0
Test MSE (raw): 0.0985
Test MSE (smoothed with alpha=0.01): 0.5522
New best smoothed test MSE: 0.5522. Saving best model to experiments/experiment_23757_best.ckpt
Test MSE group_0: 0.1176
Test MSE group_1: 0.0912
Test MSE group_2: nan
Test MSE group_3: nan
Poisson likelihood: 0.0
CE loss: 0.0
train MSE group_0: 0.0775
train MSE group_1: 0.0844
train MSE group_2: nan
train MSE group_3: nan
CE loss (TEST): 0.0
Experiment 23757
Epoch 0380 [Test seq (cond on sampled tp)] | Loss 484.510132 | Likelihood -491.649323 | KL fp 5.4294 | FP STD 0.1206|
KL coef: 0.9757326697121692
Train loss (one batch): 415.0240783691406
Train CE loss (one batch): 0.0
Test MSE (raw): 0.0991
Test MSE (smoothed with alpha=0.01): 0.5477
New best smoothed test MSE: 0.5477. Saving best model to experiments/experiment_23757_best.ckpt
Test MSE group_0: 0.1172
Test MSE group_1: 0.0921
Test MSE group_2: nan
Test MSE group_3: nan
Poisson likelihood: 0.0
CE loss: 0.0
train MSE group_0: 0.0762
train MSE group_1: 0.0851
train MSE group_2: nan
train MSE group_3: nan
CE loss (TEST): 0.0
Experiment 23757
Epoch 0390 [Test seq (cond on sampled tp)] | Loss 573.141602 | Likelihood -618.443359 | KL fp 4.7021 | FP STD 0.3075|
KL coef: 0.9780530614793677
Train loss (one batch): 520.4207763671875
Train CE loss (one batch): 0.0
Test MSE (raw): 0.1244
Test MSE (smoothed with alpha=0.01): 0.5434
New best smoothed test MSE: 0.5434. Saving best model to experiments/experiment_23757_best.ckpt
Test MSE group_0: 0.1383
Test MSE group_1: 0.1191
Test MSE group_2: nan
Test MSE group_3: nan
Poisson likelihood: 0.0
CE loss: 0.0
train MSE group_0: 0.1018
train MSE group_1: 0.1078
train MSE group_2: nan
train MSE group_3: nan
CE loss (TEST): 0.0
Experiment 23757
Epoch 0400 [Test seq (cond on sampled tp)] | Loss 597.200439 | Likelihood -629.399231 | KL fp 4.7889 | FP STD 0.2992|
KL coef: 0.9801515822006198
Train loss (one batch): 521.9896240234375
Train CE loss (one batch): 0.0
Test MSE (raw): 0.1266
Test MSE (smoothed with alpha=0.01): 0.5393
New best smoothed test MSE: 0.5393. Saving best model to experiments/experiment_23757_best.ckpt
Test MSE group_0: 0.1236
Test MSE group_1: 0.1278
Test MSE group_2: nan
Test MSE group_3: nan
Poisson likelihood: 0.0
CE loss: 0.0
train MSE group_0: 0.0902
train MSE group_1: 0.1108
train MSE group_2: nan
train MSE group_3: nan
CE loss (TEST): 0.0
Experiment 23757
Epoch 0410 [Test seq (cond on sampled tp)] | Loss 548.467346 | Likelihood -571.912476 | KL fp 4.8493 | FP STD 0.2527|
KL coef: 0.9820494467249549
Train loss (one batch): 527.7238159179688
Train CE loss (one batch): 0.0
Test MSE (raw): 0.1151
Test MSE (smoothed with alpha=0.01): 0.5350
New best smoothed test MSE: 0.5350. Saving best model to experiments/experiment_23757_best.ckpt
Test MSE group_0: 0.1264
Test MSE group_1: 0.1108
Test MSE group_2: nan
Test MSE group_3: nan
Poisson likelihood: 0.0
CE loss: 0.0
train MSE group_0: 0.0880
train MSE group_1: 0.1116
train MSE group_2: nan
train MSE group_3: nan
CE loss (TEST): 0.0
Experiment 23757
Epoch 0420 [Test seq (cond on sampled tp)] | Loss 538.473938 | Likelihood -546.968567 | KL fp 5.0649 | FP STD 0.2693|
KL coef: 0.9837658413815585
Train loss (one batch): 492.9253845214844
Train CE loss (one batch): 0.0
Test MSE (raw): 0.1101
Test MSE (smoothed with alpha=0.01): 0.5308
New best smoothed test MSE: 0.5308. Saving best model to experiments/experiment_23757_best.ckpt
Test MSE group_0: 0.1259
Test MSE group_1: 0.1041
Test MSE group_2: nan
Test MSE group_3: nan
Poisson likelihood: 0.0
CE loss: 0.0
train MSE group_0: 0.0923
train MSE group_1: 0.1016
train MSE group_2: nan
train MSE group_3: nan
CE loss (TEST): 0.0
Experiment 23757
Epoch 0430 [Test seq (cond on sampled tp)] | Loss 543.212097 | Likelihood -556.472351 | KL fp 4.7088 | FP STD 0.3722|
KL coef: 0.9853181179426319
Train loss (one batch): 478.5567321777344
Train CE loss (one batch): 0.0
Test MSE (raw): 0.1120
Test MSE (smoothed with alpha=0.01): 0.5266
New best smoothed test MSE: 0.5266. Saving best model to experiments/experiment_23757_best.ckpt
Test MSE group_0: 0.1181
Test MSE group_1: 0.1097
Test MSE group_2: nan
Test MSE group_3: nan
Poisson likelihood: 0.0
CE loss: 0.0
train MSE group_0: 0.0837
train MSE group_1: 0.1011
train MSE group_2: nan
train MSE group_3: nan
CE loss (TEST): 0.0
Experiment 23757
Epoch 0440 [Test seq (cond on sampled tp)] | Loss 517.234558 | Likelihood -539.014465 | KL fp 4.7926 | FP STD 0.3287|
KL coef: 0.9867219690399229
Train loss (one batch): 447.16461181640625
Train CE loss (one batch): 0.0
Test MSE (raw): 0.1085
Test MSE (smoothed with alpha=0.01): 0.5224
New best smoothed test MSE: 0.5224. Saving best model to experiments/experiment_23757_best.ckpt
Test MSE group_0: 0.1183
Test MSE group_1: 0.1048
Test MSE group_2: nan
Test MSE group_3: nan
Poisson likelihood: 0.0
CE loss: 0.0
train MSE group_0: 0.0764
train MSE group_1: 0.0945
train MSE group_2: nan
train MSE group_3: nan
CE loss (TEST): 0.0
Experiment 23757
Epoch 0450 [Test seq (cond on sampled tp)] | Loss 534.252075 | Likelihood -552.260010 | KL fp 4.9519 | FP STD 0.3119|
KL coef: 0.9879915868082944
Train loss (one batch): 442.819091796875
Train CE loss (one batch): 0.0
Test MSE (raw): 0.1112
Test MSE (smoothed with alpha=0.01): 0.5183
New best smoothed test MSE: 0.5183. Saving best model to experiments/experiment_23757_best.ckpt
Test MSE group_0: 0.1209
Test MSE group_1: 0.1075
Test MSE group_2: nan
Test MSE group_3: nan
Poisson likelihood: 0.0
CE loss: 0.0
train MSE group_0: 0.0790
train MSE group_1: 0.0928
train MSE group_2: nan
train MSE group_3: nan
CE loss (TEST): 0.0
Experiment 23757
Epoch 0460 [Test seq (cond on sampled tp)] | Loss 502.710785 | Likelihood -506.411560 | KL fp 4.9717 | FP STD 0.2755|
KL coef: 0.9891398063601221
Train loss (one batch): 434.4921875
Train CE loss (one batch): 0.0
Test MSE (raw): 0.1020
Test MSE (smoothed with alpha=0.01): 0.5141
New best smoothed test MSE: 0.5141. Saving best model to experiments/experiment_23757_best.ckpt
Test MSE group_0: 0.1185
Test MSE group_1: 0.0957
Test MSE group_2: nan
Test MSE group_3: nan
Poisson likelihood: 0.0
CE loss: 0.0
train MSE group_0: 0.0790
train MSE group_1: 0.0903
train MSE group_2: nan
train MSE group_3: nan
CE loss (TEST): 0.0
Experiment 23757
Epoch 0470 [Test seq (cond on sampled tp)] | Loss 479.590820 | Likelihood -492.804199 | KL fp 5.0494 | FP STD 0.2409|
KL coef: 0.9901782355409698
Train loss (one batch): 424.7513122558594
Train CE loss (one batch): 0.0
Test MSE (raw): 0.0993
Test MSE (smoothed with alpha=0.01): 0.5100
New best smoothed test MSE: 0.5100. Saving best model to experiments/experiment_23757_best.ckpt
Test MSE group_0: 0.1126
Test MSE group_1: 0.0942
Test MSE group_2: nan
Test MSE group_3: nan
Poisson likelihood: 0.0
CE loss: 0.0
train MSE group_0: 0.0762
train MSE group_1: 0.0888
train MSE group_2: nan
train MSE group_3: nan
CE loss (TEST): 0.0
Experiment 23757
Epoch 0480 [Test seq (cond on sampled tp)] | Loss 491.275360 | Likelihood -511.126404 | KL fp 4.9842 | FP STD 0.2388|
KL coef: 0.9911173722782946
Train loss (one batch): 417.1194152832031
Train CE loss (one batch): 0.0
Test MSE (raw): 0.1030
Test MSE (smoothed with alpha=0.01): 0.5059
New best smoothed test MSE: 0.5059. Saving best model to experiments/experiment_23757_best.ckpt
Test MSE group_0: 0.1169
Test MSE group_1: 0.0976
Test MSE group_2: nan
Test MSE group_3: nan
Poisson likelihood: 0.0
CE loss: 0.0
train MSE group_0: 0.0743
train MSE group_1: 0.0866
train MSE group_2: nan
train MSE group_3: nan
CE loss (TEST): 0.0
Experiment 23757
Epoch 0490 [Test seq (cond on sampled tp)] | Loss 475.035858 | Likelihood -481.513855 | KL fp 5.1135 | FP STD 0.1996|
KL coef: 0.9919667107095133
Train loss (one batch): 410.5587158203125
Train CE loss (one batch): 0.0
Test MSE (raw): 0.0970
Test MSE (smoothed with alpha=0.01): 0.5018
New best smoothed test MSE: 0.5018. Saving best model to experiments/experiment_23757_best.ckpt
Test MSE group_0: 0.1121
Test MSE group_1: 0.0912
Test MSE group_2: nan
Test MSE group_3: nan
Poisson likelihood: 0.0
CE loss: 0.0
train MSE group_0: 0.0758
train MSE group_1: 0.0848
train MSE group_2: nan
train MSE group_3: nan
CE loss (TEST): 0.0
Experiment 23757
Epoch 0500 [Test seq (cond on sampled tp)] | Loss 470.393097 | Likelihood -476.689026 | KL fp 5.2327 | FP STD 0.1958|
KL coef: 0.9927348371623237
Train loss (one batch): 409.6583251953125
Train CE loss (one batch): 0.0
Test MSE (raw): 0.0961
Test MSE (smoothed with alpha=0.01): 0.4978
New best smoothed test MSE: 0.4978. Saving best model to experiments/experiment_23757_best.ckpt
Test MSE group_0: 0.1105
Test MSE group_1: 0.0905
Test MSE group_2: nan
Test MSE group_3: nan
Poisson likelihood: 0.0
CE loss: 0.0
train MSE group_0: 0.0748
train MSE group_1: 0.0848
train MSE group_2: nan
train MSE group_3: nan
CE loss (TEST): 0.0
Experiment 23757
Epoch 0510 [Test seq (cond on sampled tp)] | Loss 475.341339 | Likelihood -475.342712 | KL fp 5.2148 | FP STD 0.1845|
KL coef: 0.9934295169575854
Train loss (one batch): 403.51153564453125
Train CE loss (one batch): 0.0
Test MSE (raw): 0.0958
Test MSE (smoothed with alpha=0.01): 0.4937
New best smoothed test MSE: 0.4937. Saving best model to experiments/experiment_23757_best.ckpt
Test MSE group_0: 0.1099
Test MSE group_1: 0.0904
Test MSE group_2: nan
Test MSE group_3: nan
Poisson likelihood: 0.0
CE loss: 0.0
train MSE group_0: 0.0708
train MSE group_1: 0.0844
train MSE group_2: nan
train MSE group_3: nan
CE loss (TEST): 0.0
Experiment 23757
Epoch 0520 [Test seq (cond on sampled tp)] | Loss 470.187927 | Likelihood -476.562744 | KL fp 5.2658 | FP STD 0.1653|
KL coef: 0.9940577729122909
Train loss (one batch): 394.4071350097656
Train CE loss (one batch): 0.0
Test MSE (raw): 0.0960
Test MSE (smoothed with alpha=0.01): 0.4898
New best smoothed test MSE: 0.4898. Saving best model to experiments/experiment_23757_best.ckpt
Test MSE group_0: 0.1094
Test MSE group_1: 0.0909
Test MSE group_2: nan
Test MSE group_3: nan
Poisson likelihood: 0.0
CE loss: 0.0
train MSE group_0: 0.0710
train MSE group_1: 0.0824
train MSE group_2: nan
train MSE group_3: nan
CE loss (TEST): 0.0
Experiment 23757
Epoch 0530 [Test seq (cond on sampled tp)] | Loss 468.777069 | Likelihood -475.589905 | KL fp 5.2611 | FP STD 0.1563|
KL coef: 0.9946259563362442
Train loss (one batch): 392.27313232421875
Train CE loss (one batch): 0.0
Test MSE (raw): 0.0959
Test MSE (smoothed with alpha=0.01): 0.4858
New best smoothed test MSE: 0.4858. Saving best model to experiments/experiment_23757_best.ckpt
Test MSE group_0: 0.1081
Test MSE group_1: 0.0911
Test MSE group_2: nan
Test MSE group_3: nan
Poisson likelihood: 0.0
CE loss: 0.0
train MSE group_0: 0.0704
train MSE group_1: 0.0814
train MSE group_2: nan
train MSE group_3: nan
CE loss (TEST): 0.0
Experiment 23757
Epoch 0540 [Test seq (cond on sampled tp)] | Loss 464.204559 | Likelihood -468.769714 | KL fp 5.1730 | FP STD 0.1553|
KL coef: 0.9951398112401846
Train loss (one batch): 389.7257385253906
Train CE loss (one batch): 0.0
Test MSE (raw): 0.0945
Test MSE (smoothed with alpha=0.01): 0.4819
New best smoothed test MSE: 0.4819. Saving best model to experiments/experiment_23757_best.ckpt
Test MSE group_0: 0.1055
Test MSE group_1: 0.0902
Test MSE group_2: nan
Test MSE group_3: nan
Poisson likelihood: 0.0
CE loss: 0.0
train MSE group_0: 0.0693
train MSE group_1: 0.0820
train MSE group_2: nan
train MSE group_3: nan
CE loss (TEST): 0.0
Experiment 23757
Epoch 0550 [Test seq (cond on sampled tp)] | Loss 451.438293 | Likelihood -454.836823 | KL fp 5.2015 | FP STD 0.1492|
KL coef: 0.9956045324044637
Train loss (one batch): 385.389404296875
Train CE loss (one batch): 0.0
Test MSE (raw): 0.0917
Test MSE (smoothed with alpha=0.01): 0.4780
New best smoothed test MSE: 0.4780. Saving best model to experiments/experiment_23757_best.ckpt
Test MSE group_0: 0.1041
Test MSE group_1: 0.0870
Test MSE group_2: nan
Test MSE group_3: nan
Poisson likelihood: 0.0
CE loss: 0.0
train MSE group_0: 0.0682
train MSE group_1: 0.0797
train MSE group_2: nan
train MSE group_3: nan
CE loss (TEST): 0.0
Experiment 23757
Epoch 0560 [Test seq (cond on sampled tp)] | Loss 447.026520 | Likelihood -452.424377 | KL fp 5.2461 | FP STD 0.1412|
KL coef: 0.9960248178953148
Train loss (one batch): 383.084716796875
Train CE loss (one batch): 0.0
Test MSE (raw): 0.0912
Test MSE (smoothed with alpha=0.01): 0.4741
New best smoothed test MSE: 0.4741. Saving best model to experiments/experiment_23757_best.ckpt
Test MSE group_0: 0.1028
Test MSE group_1: 0.0868
Test MSE group_2: nan
Test MSE group_3: nan
Poisson likelihood: 0.0
CE loss: 0.0
train MSE group_0: 0.0667
train MSE group_1: 0.0798
train MSE group_2: nan
train MSE group_3: nan
CE loss (TEST): 0.0
Experiment 23757
Epoch 0570 [Test seq (cond on sampled tp)] | Loss 446.981720 | Likelihood -448.222748 | KL fp 5.1407 | FP STD 0.1375|
KL coef: 0.996404916559627
Train loss (one batch): 380.188232421875
Train CE loss (one batch): 0.0
Test MSE (raw): 0.0904
Test MSE (smoothed with alpha=0.01): 0.4703
New best smoothed test MSE: 0.4703. Saving best model to experiments/experiment_23757_best.ckpt
Test MSE group_0: 0.0990
Test MSE group_1: 0.0871
Test MSE group_2: nan
Test MSE group_3: nan
Poisson likelihood: 0.0
CE loss: 0.0
train MSE group_0: 0.0653
train MSE group_1: 0.0794
train MSE group_2: nan
train MSE group_3: nan
CE loss (TEST): 0.0
Experiment 23757
Epoch 0580 [Test seq (cond on sampled tp)] | Loss 441.052917 | Likelihood -445.111145 | KL fp 5.2265 | FP STD 0.1321|
KL coef: 0.9967486709783656
Train loss (one batch): 378.5426025390625
Train CE loss (one batch): 0.0
Test MSE (raw): 0.0898
Test MSE (smoothed with alpha=0.01): 0.4665
New best smoothed test MSE: 0.4665. Saving best model to experiments/experiment_23757_best.ckpt
Test MSE group_0: 0.0978
Test MSE group_1: 0.0867
Test MSE group_2: nan
Test MSE group_3: nan
Poisson likelihood: 0.0
CE loss: 0.0
train MSE group_0: 0.0638
train MSE group_1: 0.0797
train MSE group_2: nan
train MSE group_3: nan
CE loss (TEST): 0.0
Experiment 23757
Epoch 0590 [Test seq (cond on sampled tp)] | Loss 438.131439 | Likelihood -445.343414 | KL fp 5.2216 | FP STD 0.1279|
KL coef: 0.997059556312878
Train loss (one batch): 370.6044921875
Train CE loss (one batch): 0.0
Test MSE (raw): 0.0898
Test MSE (smoothed with alpha=0.01): 0.4627
New best smoothed test MSE: 0.4627. Saving best model to experiments/experiment_23757_best.ckpt
Test MSE group_0: 0.0971
Test MSE group_1: 0.0870
Test MSE group_2: nan
Test MSE group_3: nan
Poisson likelihood: 0.0
CE loss: 0.0
train MSE group_0: 0.0608
train MSE group_1: 0.0784
train MSE group_2: nan
train MSE group_3: nan
CE loss (TEST): 0.0
Experiment 23757
Epoch 0600 [Test seq (cond on sampled tp)] | Loss 435.669586 | Likelihood -438.037506 | KL fp 5.1279 | FP STD 0.1281|
KL coef: 0.997340715436794
Train loss (one batch): 366.5934753417969
Train CE loss (one batch): 0.0
Test MSE (raw): 0.0883
Test MSE (smoothed with alpha=0.01): 0.4590
New best smoothed test MSE: 0.4590. Saving best model to experiments/experiment_23757_best.ckpt
Test MSE group_0: 0.0958
Test MSE group_1: 0.0855
Test MSE group_2: nan
Test MSE group_3: nan
Poisson likelihood: 0.0
CE loss: 0.0
train MSE group_0: 0.0601
train MSE group_1: 0.0775
train MSE group_2: nan
train MSE group_3: nan
CE loss (TEST): 0.0
Experiment 23757
Epoch 0610 [Test seq (cond on sampled tp)] | Loss 436.951996 | Likelihood -438.432312 | KL fp 5.1623 | FP STD 0.1262|
KL coef: 0.997594990708689
Train loss (one batch): 368.5069580078125
Train CE loss (one batch): 0.0
Test MSE (raw): 0.0884
Test MSE (smoothed with alpha=0.01): 0.4553
New best smoothed test MSE: 0.4553. Saving best model to experiments/experiment_23757_best.ckpt
Test MSE group_0: 0.0933
Test MSE group_1: 0.0866
Test MSE group_2: nan
Test MSE group_3: nan
Poisson likelihood: 0.0
CE loss: 0.0
train MSE group_0: 0.0619
train MSE group_1: 0.0774
train MSE group_2: nan
train MSE group_3: nan
CE loss (TEST): 0.0
Experiment 23757
Epoch 0620 [Test seq (cond on sampled tp)] | Loss 429.712585 | Likelihood -436.349548 | KL fp 5.1791 | FP STD 0.1242|
KL coef: 0.9978249527067087
Train loss (one batch): 364.5211486816406
Train CE loss (one batch): 0.0
Test MSE (raw): 0.0880
Test MSE (smoothed with alpha=0.01): 0.4516
New best smoothed test MSE: 0.4516. Saving best model to experiments/experiment_23757_best.ckpt
Test MSE group_0: 0.0944
Test MSE group_1: 0.0855
Test MSE group_2: nan
Test MSE group_3: nan
Poisson likelihood: 0.0
CE loss: 0.0
train MSE group_0: 0.0591
train MSE group_1: 0.0784
train MSE group_2: nan
train MSE group_3: nan
CE loss (TEST): 0.0
Experiment 23757
Epoch 0630 [Test seq (cond on sampled tp)] | Loss 453.544403 | Likelihood -454.662109 | KL fp 5.1526 | FP STD 0.1235|
KL coef: 0.9980329262156509
Train loss (one batch): 363.53436279296875
Train CE loss (one batch): 0.0
Test MSE (raw): 0.0917
Test MSE (smoothed with alpha=0.01): 0.4480
New best smoothed test MSE: 0.4480. Saving best model to experiments/experiment_23757_best.ckpt
Test MSE group_0: 0.0969
Test MSE group_1: 0.0897
Test MSE group_2: nan
Test MSE group_3: nan
Poisson likelihood: 0.0
CE loss: 0.0
train MSE group_0: 0.0592
train MSE group_1: 0.0768
train MSE group_2: nan
train MSE group_3: nan
CE loss (TEST): 0.0
Experiment 23757
Epoch 0640 [Test seq (cond on sampled tp)] | Loss 425.521179 | Likelihood -430.918640 | KL fp 5.1720 | FP STD 0.1305|
KL coef: 0.9982210137292149
Train loss (one batch): 365.47430419921875
Train CE loss (one batch): 0.0
Test MSE (raw): 0.0869
Test MSE (smoothed with alpha=0.01): 0.4444
New best smoothed test MSE: 0.4444. Saving best model to experiments/experiment_23757_best.ckpt
Test MSE group_0: 0.0910
Test MSE group_1: 0.0853
Test MSE group_2: nan
Test MSE group_3: nan
Poisson likelihood: 0.0
CE loss: 0.0
train MSE group_0: 0.0596
train MSE group_1: 0.0774
train MSE group_2: nan
train MSE group_3: nan
CE loss (TEST): 0.0
Experiment 23757
Epoch 0650 [Test seq (cond on sampled tp)] | Loss 428.647614 | Likelihood -432.692230 | KL fp 5.2507 | FP STD 0.1237|
KL coef: 0.9983911167050152
Train loss (one batch): 361.66351318359375
Train CE loss (one batch): 0.0
Test MSE (raw): 0.0873
Test MSE (smoothed with alpha=0.01): 0.4408
New best smoothed test MSE: 0.4408. Saving best model to experiments/experiment_23757_best.ckpt
Test MSE group_0: 0.0906
Test MSE group_1: 0.0860
Test MSE group_2: nan
Test MSE group_3: nan
Poisson likelihood: 0.0
CE loss: 0.0
train MSE group_0: 0.0560
train MSE group_1: 0.0770
train MSE group_2: nan
train MSE group_3: nan
CE loss (TEST): 0.0
Experiment 23757
Epoch 0660 [Test seq (cond on sampled tp)] | Loss 432.224335 | Likelihood -434.784180 | KL fp 5.0651 | FP STD 0.1421|
KL coef: 0.9985449547872347
Train loss (one batch): 361.24969482421875
Train CE loss (one batch): 0.0
Test MSE (raw): 0.0877
Test MSE (smoothed with alpha=0.01): 0.4373
New best smoothed test MSE: 0.4373. Saving best model to experiments/experiment_23757_best.ckpt
Test MSE group_0: 0.0896
Test MSE group_1: 0.0870
Test MSE group_2: nan
Test MSE group_3: nan
Poisson likelihood: 0.0
CE loss: 0.0
train MSE group_0: 0.0570
train MSE group_1: 0.0770
train MSE group_2: nan
train MSE group_3: nan
CE loss (TEST): 0.0
Experiment 23757
Epoch 0670 [Test seq (cond on sampled tp)] | Loss 424.129913 | Likelihood -428.565857 | KL fp 5.1480 | FP STD 0.1280|
KL coef: 0.9986840831912477
Train loss (one batch): 362.607421875
Train CE loss (one batch): 0.0
Test MSE (raw): 0.0865
Test MSE (smoothed with alpha=0.01): 0.4338
New best smoothed test MSE: 0.4338. Saving best model to experiments/experiment_23757_best.ckpt
Test MSE group_0: 0.0909
Test MSE group_1: 0.0848
Test MSE group_2: nan
Test MSE group_3: nan
Poisson likelihood: 0.0
CE loss: 0.0
train MSE group_0: 0.0585
train MSE group_1: 0.0765
train MSE group_2: nan
train MSE group_3: nan
CE loss (TEST): 0.0
Experiment 23757
Epoch 0680 [Test seq (cond on sampled tp)] | Loss 426.432526 | Likelihood -431.771484 | KL fp 5.2205 | FP STD 0.1214|
KL coef: 0.9988099084259616
Train loss (one batch): 359.6769104003906
Train CE loss (one batch): 0.0
Test MSE (raw): 0.0871
Test MSE (smoothed with alpha=0.01): 0.4303
New best smoothed test MSE: 0.4303. Saving best model to experiments/experiment_23757_best.ckpt
Test MSE group_0: 0.0904
Test MSE group_1: 0.0858
Test MSE group_2: nan
Test MSE group_3: nan
Poisson likelihood: 0.0
CE loss: 0.0
train MSE group_0: 0.0584
train MSE group_1: 0.0768
train MSE group_2: nan
train MSE group_3: nan
CE loss (TEST): 0.0
Experiment 23757
Epoch 0690 [Test seq (cond on sampled tp)] | Loss 423.118408 | Likelihood -431.930359 | KL fp 5.0701 | FP STD 0.1310|
KL coef: 0.9989237025128207
Train loss (one batch): 363.8466491699219
Train CE loss (one batch): 0.0
Test MSE (raw): 0.0871
Test MSE (smoothed with alpha=0.01): 0.4269
New best smoothed test MSE: 0.4269. Saving best model to experiments/experiment_23757_best.ckpt
Test MSE group_0: 0.0916
Test MSE group_1: 0.0854
Test MSE group_2: nan
Test MSE group_3: nan
Poisson likelihood: 0.0
CE loss: 0.0
train MSE group_0: 0.0600
train MSE group_1: 0.0770
train MSE group_2: nan
train MSE group_3: nan
CE loss (TEST): 0.0
Experiment 23757
Epoch 0700 [Test seq (cond on sampled tp)] | Loss 432.799103 | Likelihood -439.838287 | KL fp 5.1861 | FP STD 0.1237|
KL coef: 0.999026615845218
Train loss (one batch): 361.5114440917969
Train CE loss (one batch): 0.0
Test MSE (raw): 0.0887
Test MSE (smoothed with alpha=0.01): 0.4235
New best smoothed test MSE: 0.4235. Saving best model to experiments/experiment_23757_best.ckpt
Test MSE group_0: 0.0913
Test MSE group_1: 0.0877
Test MSE group_2: nan
Test MSE group_3: nan
Poisson likelihood: 0.0
CE loss: 0.0
train MSE group_0: 0.0571
train MSE group_1: 0.0767
train MSE group_2: nan
train MSE group_3: nan
CE loss (TEST): 0.0
Experiment 23757
Epoch 0710 [Test seq (cond on sampled tp)] | Loss 417.905731 | Likelihood -419.861023 | KL fp 5.2347 | FP STD 0.1128|
KL coef: 0.9991196888183176
Train loss (one batch): 353.93017578125
Train CE loss (one batch): 0.0
Test MSE (raw): 0.0847
Test MSE (smoothed with alpha=0.01): 0.4201
New best smoothed test MSE: 0.4201. Saving best model to experiments/experiment_23757_best.ckpt
Test MSE group_0: 0.0878
Test MSE group_1: 0.0835
Test MSE group_2: nan
Test MSE group_3: nan
Poisson likelihood: 0.0
CE loss: 0.0
train MSE group_0: 0.0540
train MSE group_1: 0.0760
train MSE group_2: nan
train MSE group_3: nan
CE loss (TEST): 0.0
Experiment 23757
Epoch 0720 [Test seq (cond on sampled tp)] | Loss 416.840698 | Likelihood -422.488586 | KL fp 5.2707 | FP STD 0.1012|
KL coef: 0.9992038623468565
Train loss (one batch): 351.955078125
Train CE loss (one batch): 0.0
Test MSE (raw): 0.0852
Test MSE (smoothed with alpha=0.01): 0.4168
New best smoothed test MSE: 0.4168. Saving best model to experiments/experiment_23757_best.ckpt
Test MSE group_0: 0.0884
Test MSE group_1: 0.0840
Test MSE group_2: nan
Test MSE group_3: nan
Poisson likelihood: 0.0
CE loss: 0.0
train MSE group_0: 0.0563
train MSE group_1: 0.0752
train MSE group_2: nan
train MSE group_3: nan
CE loss (TEST): 0.0
Experiment 23757
Epoch 0730 [Test seq (cond on sampled tp)] | Loss 422.430450 | Likelihood -425.311768 | KL fp 5.3053 | FP STD 0.0989|
KL coef: 0.9992799873772575
Train loss (one batch): 351.7395324707031
Train CE loss (one batch): 0.0
Test MSE (raw): 0.0858
Test MSE (smoothed with alpha=0.01): 0.4135
New best smoothed test MSE: 0.4135. Saving best model to experiments/experiment_23757_best.ckpt
Test MSE group_0: 0.0886
Test MSE group_1: 0.0847
Test MSE group_2: nan
Test MSE group_3: nan
Poisson likelihood: 0.0
CE loss: 0.0
train MSE group_0: 0.0556
train MSE group_1: 0.0749
train MSE group_2: nan
train MSE group_3: nan
CE loss (TEST): 0.0
Experiment 23757
Epoch 0740 [Test seq (cond on sampled tp)] | Loss 529.744751 | Likelihood -530.987366 | KL fp 5.2222 | FP STD 0.1098|
KL coef: 0.9993488334902116
Train loss (one batch): 417.3252868652344
Train CE loss (one batch): 0.0
Test MSE (raw): 0.1069
Test MSE (smoothed with alpha=0.01): 0.4104
New best smoothed test MSE: 0.4104. Saving best model to experiments/experiment_23757_best.ckpt
Test MSE group_0: 0.0961
Test MSE group_1: 0.1111
Test MSE group_2: nan
Test MSE group_3: nan
Poisson likelihood: 0.0
CE loss: 0.0
train MSE group_0: 0.0780
train MSE group_1: 0.0855
train MSE group_2: nan
train MSE group_3: nan
CE loss (TEST): 0.0
Experiment 23757
Epoch 0750 [Test seq (cond on sampled tp)] | Loss 457.472504 | Likelihood -468.158112 | KL fp 5.1791 | FP STD 0.1590|
KL coef: 0.9994110966807014
Train loss (one batch): 370.8439636230469
Train CE loss (one batch): 0.0
Test MSE (raw): 0.0944
Test MSE (smoothed with alpha=0.01): 0.4072
New best smoothed test MSE: 0.4072. Saving best model to experiments/experiment_23757_best.ckpt
Test MSE group_0: 0.1033
Test MSE group_1: 0.0910
Test MSE group_2: nan
Test MSE group_3: nan
Poisson likelihood: 0.0
CE loss: 0.0
train MSE group_0: 0.0597
train MSE group_1: 0.0786
train MSE group_2: nan
train MSE group_3: nan
CE loss (TEST): 0.0
Experiment 23757
Epoch 0760 [Test seq (cond on sampled tp)] | Loss 428.923096 | Likelihood -441.403748 | KL fp 5.1622 | FP STD 0.1522|
KL coef: 0.9994674063941131
Train loss (one batch): 359.5979309082031
Train CE loss (one batch): 0.0
Test MSE (raw): 0.0890
Test MSE (smoothed with alpha=0.01): 0.4041
New best smoothed test MSE: 0.4041. Saving best model to experiments/experiment_23757_best.ckpt
Test MSE group_0: 0.0931
Test MSE group_1: 0.0875
Test MSE group_2: nan
Test MSE group_3: nan
Poisson likelihood: 0.0
CE loss: 0.0
train MSE group_0: 0.0555
train MSE group_1: 0.0773
train MSE group_2: nan
train MSE group_3: nan
CE loss (TEST): 0.0
Experiment 23757
Epoch 0770 [Test seq (cond on sampled tp)] | Loss 429.090302 | Likelihood -430.436829 | KL fp 5.2360 | FP STD 0.1434|
KL coef: 0.9995183318895716
Train loss (one batch): 351.3157043457031
Train CE loss (one batch): 0.0
Test MSE (raw): 0.0868
Test MSE (smoothed with alpha=0.01): 0.4009
New best smoothed test MSE: 0.4009. Saving best model to experiments/experiment_23757_best.ckpt
Test MSE group_0: 0.0879
Test MSE group_1: 0.0864
Test MSE group_2: nan
Test MSE group_3: nan
Poisson likelihood: 0.0
CE loss: 0.0
train MSE group_0: 0.0560
train MSE group_1: 0.0759
train MSE group_2: nan
train MSE group_3: nan
CE loss (TEST): 0.0
Experiment 23757
Epoch 0780 [Test seq (cond on sampled tp)] | Loss 421.680389 | Likelihood -428.783386 | KL fp 5.3710 | FP STD 0.1289|
KL coef: 0.9995643879948252
Train loss (one batch): 350.9425354003906
Train CE loss (one batch): 0.0
Test MSE (raw): 0.0865
Test MSE (smoothed with alpha=0.01): 0.3977
New best smoothed test MSE: 0.3977. Saving best model to experiments/experiment_23757_best.ckpt
Test MSE group_0: 0.0873
Test MSE group_1: 0.0862
Test MSE group_2: nan
Test MSE group_3: nan
Poisson likelihood: 0.0
CE loss: 0.0
train MSE group_0: 0.0557
train MSE group_1: 0.0744
train MSE group_2: nan
train MSE group_3: nan
CE loss (TEST): 0.0
Experiment 23757
Epoch 0790 [Test seq (cond on sampled tp)] | Loss 431.009186 | Likelihood -436.567474 | KL fp 5.4210 | FP STD 0.1202|
KL coef: 0.9996060403108612
Train loss (one batch): 349.263671875
Train CE loss (one batch): 0.0
Test MSE (raw): 0.0881
Test MSE (smoothed with alpha=0.01): 0.3946
New best smoothed test MSE: 0.3946. Saving best model to experiments/experiment_23757_best.ckpt
Test MSE group_0: 0.0886
Test MSE group_1: 0.0878
Test MSE group_2: nan
Test MSE group_3: nan
Poisson likelihood: 0.0
CE loss: 0.0
train MSE group_0: 0.0528
train MSE group_1: 0.0746
train MSE group_2: nan
train MSE group_3: nan
CE loss (TEST): 0.0
Experiment 23757
Epoch 0800 [Test seq (cond on sampled tp)] | Loss 419.367004 | Likelihood -423.581787 | KL fp 5.3813 | FP STD 0.1141|
KL coef: 0.9996437099188669
Train loss (one batch): 344.4165954589844
Train CE loss (one batch): 0.0
Test MSE (raw): 0.0855
Test MSE (smoothed with alpha=0.01): 0.3916
New best smoothed test MSE: 0.3916. Saving best model to experiments/experiment_23757_best.ckpt
Test MSE group_0: 0.0870
Test MSE group_1: 0.0849
Test MSE group_2: nan
Test MSE group_3: nan
Poisson likelihood: 0.0
CE loss: 0.0
train MSE group_0: 0.0536
train MSE group_1: 0.0738
train MSE group_2: nan
train MSE group_3: nan
CE loss (TEST): 0.0
Experiment 23757
Epoch 0810 [Test seq (cond on sampled tp)] | Loss 414.602203 | Likelihood -419.587097 | KL fp 5.3577 | FP STD 0.1102|
KL coef: 0.9996777776371197
Train loss (one batch): 347.263916015625
Train CE loss (one batch): 0.0
Test MSE (raw): 0.0847
Test MSE (smoothed with alpha=0.01): 0.3885
New best smoothed test MSE: 0.3885. Saving best model to experiments/experiment_23757_best.ckpt
Test MSE group_0: 0.0856
Test MSE group_1: 0.0843
Test MSE group_2: nan
Test MSE group_3: nan
Poisson likelihood: 0.0
CE loss: 0.0
train MSE group_0: 0.0540
train MSE group_1: 0.0738
train MSE group_2: nan
train MSE group_3: nan
CE loss (TEST): 0.0
Experiment 23757
Epoch 0820 [Test seq (cond on sampled tp)] | Loss 415.451630 | Likelihood -417.362793 | KL fp 5.2900 | FP STD 0.1127|
KL coef: 0.9997085878708442
Train loss (one batch): 348.32525634765625
Train CE loss (one batch): 0.0
Test MSE (raw): 0.0842
Test MSE (smoothed with alpha=0.01): 0.3854
New best smoothed test MSE: 0.3854. Saving best model to experiments/experiment_23757_best.ckpt
Test MSE group_0: 0.0856
Test MSE group_1: 0.0837
Test MSE group_2: nan
Test MSE group_3: nan
Poisson likelihood: 0.0
CE loss: 0.0
train MSE group_0: 0.0534
train MSE group_1: 0.0745
train MSE group_2: nan
train MSE group_3: nan
CE loss (TEST): 0.0
Experiment 23757
Epoch 0830 [Test seq (cond on sampled tp)] | Loss 419.658661 | Likelihood -420.909027 | KL fp 5.2932 | FP STD 0.1100|
KL coef: 0.9997364520939512
Train loss (one batch): 342.3446350097656
Train CE loss (one batch): 0.0
Test MSE (raw): 0.0849
Test MSE (smoothed with alpha=0.01): 0.3824
New best smoothed test MSE: 0.3824. Saving best model to experiments/experiment_23757_best.ckpt
Test MSE group_0: 0.0854
Test MSE group_1: 0.0847
Test MSE group_2: nan
Test MSE group_3: nan
Poisson likelihood: 0.0
CE loss: 0.0
train MSE group_0: 0.0519
train MSE group_1: 0.0743
train MSE group_2: nan
train MSE group_3: nan
CE loss (TEST): 0.0
Experiment 23757
Epoch 0840 [Test seq (cond on sampled tp)] | Loss 414.122498 | Likelihood -417.775940 | KL fp 5.2848 | FP STD 0.1037|
KL coef: 0.9997616519978635
Train loss (one batch): 343.031982421875
Train CE loss (one batch): 0.0
Test MSE (raw): 0.0843
Test MSE (smoothed with alpha=0.01): 0.3795
New best smoothed test MSE: 0.3795. Saving best model to experiments/experiment_23757_best.ckpt
Test MSE group_0: 0.0866
Test MSE group_1: 0.0834
Test MSE group_2: nan
Test MSE group_3: nan
Poisson likelihood: 0.0
CE loss: 0.0
train MSE group_0: 0.0534
train MSE group_1: 0.0731
train MSE group_2: nan
train MSE group_3: nan
CE loss (TEST): 0.0
Experiment 23757
Epoch 0850 [Test seq (cond on sampled tp)] | Loss 412.921478 | Likelihood -419.849274 | KL fp 5.1588 | FP STD 0.1107|
KL coef: 0.9997844423392536
Train loss (one batch): 346.1902770996094
Train CE loss (one batch): 0.0
Test MSE (raw): 0.0847
Test MSE (smoothed with alpha=0.01): 0.3765
New best smoothed test MSE: 0.3765. Saving best model to experiments/experiment_23757_best.ckpt
Test MSE group_0: 0.0860
Test MSE group_1: 0.0842
Test MSE group_2: nan
Test MSE group_3: nan
Poisson likelihood: 0.0
CE loss: 0.0
train MSE group_0: 0.0539
train MSE group_1: 0.0737
train MSE group_2: nan
train MSE group_3: nan
CE loss (TEST): 0.0
Experiment 23757
Epoch 0860 [Test seq (cond on sampled tp)] | Loss 408.668457 | Likelihood -409.243073 | KL fp 5.1555 | FP STD 0.1077|
KL coef: 0.9998050535154901
Train loss (one batch): 345.4084167480469
Train CE loss (one batch): 0.0
Test MSE (raw): 0.0826
Test MSE (smoothed with alpha=0.01): 0.3736
New best smoothed test MSE: 0.3736. Saving best model to experiments/experiment_23757_best.ckpt
Test MSE group_0: 0.0833
Test MSE group_1: 0.0823
Test MSE group_2: nan
Test MSE group_3: nan
Poisson likelihood: 0.0
CE loss: 0.0
train MSE group_0: 0.0524
train MSE group_1: 0.0741
train MSE group_2: nan
train MSE group_3: nan
CE loss (TEST): 0.0
Experiment 23757
Epoch 0870 [Test seq (cond on sampled tp)] | Loss 407.031799 | Likelihood -407.590668 | KL fp 5.4330 | FP STD 0.0840|
KL coef: 0.9998236938938232
Train loss (one batch): 341.37933349609375
Train CE loss (one batch): 0.0
Test MSE (raw): 0.0823
Test MSE (smoothed with alpha=0.01): 0.3707
New best smoothed test MSE: 0.3707. Saving best model to experiments/experiment_23757_best.ckpt
Test MSE group_0: 0.0836
Test MSE group_1: 0.0817
Test MSE group_2: nan
Test MSE group_3: nan
Poisson likelihood: 0.0
CE loss: 0.0
train MSE group_0: 0.0512
train MSE group_1: 0.0731
train MSE group_2: nan
train MSE group_3: nan
CE loss (TEST): 0.0
Experiment 23757
Epoch 0880 [Test seq (cond on sampled tp)] | Loss 406.320618 | Likelihood -408.508698 | KL fp 5.4648 | FP STD 0.0840|
KL coef: 0.9998405519178591
Train loss (one batch): 340.25714111328125
Train CE loss (one batch): 0.0
Test MSE (raw): 0.0824
Test MSE (smoothed with alpha=0.01): 0.3678
New best smoothed test MSE: 0.3678. Saving best model to experiments/experiment_23757_best.ckpt
Test MSE group_0: 0.0845
Test MSE group_1: 0.0817
Test MSE group_2: nan
Test MSE group_3: nan
Poisson likelihood: 0.0
CE loss: 0.0
train MSE group_0: 0.0523
train MSE group_1: 0.0731
train MSE group_2: nan
train MSE group_3: nan
CE loss (TEST): 0.0
Experiment 23757
Epoch 0890 [Test seq (cond on sampled tp)] | Loss 404.091583 | Likelihood -405.509613 | KL fp 5.4595 | FP STD 0.0820|
KL coef: 0.9998557980126173
Train loss (one batch): 339.7237243652344
Train CE loss (one batch): 0.0
Test MSE (raw): 0.0818
Test MSE (smoothed with alpha=0.01): 0.3649
New best smoothed test MSE: 0.3649. Saving best model to experiments/experiment_23757_best.ckpt
Test MSE group_0: 0.0825
Test MSE group_1: 0.0816
Test MSE group_2: nan
Test MSE group_3: nan
Poisson likelihood: 0.0
CE loss: 0.0
train MSE group_0: 0.0522
train MSE group_1: 0.0723
train MSE group_2: nan
train MSE group_3: nan
CE loss (TEST): 0.0
Experiment 23757
Epoch 0900 [Test seq (cond on sampled tp)] | Loss 409.737732 | Likelihood -413.116852 | KL fp 5.3686 | FP STD 0.0886|
KL coef: 0.9998695863074304
Train loss (one batch): 341.73760986328125
Train CE loss (one batch): 0.0
Test MSE (raw): 0.0834
Test MSE (smoothed with alpha=0.01): 0.3621
New best smoothed test MSE: 0.3621. Saving best model to experiments/experiment_23757_best.ckpt
Test MSE group_0: 0.0856
Test MSE group_1: 0.0825
Test MSE group_2: nan
Test MSE group_3: nan
Poisson likelihood: 0.0
CE loss: 0.0
train MSE group_0: 0.0522
train MSE group_1: 0.0728
train MSE group_2: nan
train MSE group_3: nan
CE loss (TEST): 0.0
Experiment 23757
Epoch 0910 [Test seq (cond on sampled tp)] | Loss 406.602173 | Likelihood -407.966431 | KL fp 5.4488 | FP STD 0.0848|
KL coef: 0.9998820561941043
Train loss (one batch): 336.92437744140625
Train CE loss (one batch): 0.0
Test MSE (raw): 0.0823
Test MSE (smoothed with alpha=0.01): 0.3593
New best smoothed test MSE: 0.3593. Saving best model to experiments/experiment_23757_best.ckpt
Test MSE group_0: 0.0835
Test MSE group_1: 0.0819
Test MSE group_2: nan
Test MSE group_3: nan
Poisson likelihood: 0.0
CE loss: 0.0
train MSE group_0: 0.0514
train MSE group_1: 0.0718
train MSE group_2: nan
train MSE group_3: nan
CE loss (TEST): 0.0
Experiment 23757
Epoch 0920 [Test seq (cond on sampled tp)] | Loss 404.873352 | Likelihood -407.271149 | KL fp 5.2505 | FP STD 0.0974|
KL coef: 0.9998933337360897
Train loss (one batch): 353.44366455078125
Train CE loss (one batch): 0.0
Test MSE (raw): 0.0822
Test MSE (smoothed with alpha=0.01): 0.3565
New best smoothed test MSE: 0.3565. Saving best model to experiments/experiment_23757_best.ckpt
Test MSE group_0: 0.0832
Test MSE group_1: 0.0818
Test MSE group_2: nan
Test MSE group_3: nan
Poisson likelihood: 0.0
CE loss: 0.0
train MSE group_0: 0.0553
train MSE group_1: 0.0759
train MSE group_2: nan
train MSE group_3: nan
CE loss (TEST): 0.0
Experiment 23757
Epoch 0930 [Test seq (cond on sampled tp)] | Loss 415.525604 | Likelihood -420.898621 | KL fp 5.2208 | FP STD 0.1048|
KL coef: 0.9999035329429113
Train loss (one batch): 348.11773681640625
Train CE loss (one batch): 0.0
Test MSE (raw): 0.0849
Test MSE (smoothed with alpha=0.01): 0.3538
New best smoothed test MSE: 0.3538. Saving best model to experiments/experiment_23757_best.ckpt
Test MSE group_0: 0.0808
Test MSE group_1: 0.0865
Test MSE group_2: nan
Test MSE group_3: nan
Poisson likelihood: 0.0
CE loss: 0.0
train MSE group_0: 0.0494
train MSE group_1: 0.0754
train MSE group_2: nan
train MSE group_3: nan
CE loss (TEST): 0.0
Couldn't import umap
Sampling dataset of 200 training examples
############## ['2950', '1421', '1150', '2750', '850', '2150', '1541', '11011', '2650', '2141', '11251', '11411', '2551', '3741', '4250', '1131', '1321', '1521', '3950', '3851', '11441', '2211', '11731', '4050', '3531', '1531', '2050', '3421', '1141', '2131', '3121', '1641', '3911', '2251', '1741', '3221']
177
TensorBoard logs will be saved to: experiments/runs/23757
Traceback (most recent call last):
  File "/Users/benjaminmaurel/Documents/Training_Sanofi/notebooks_hands_on/latent_ode/run_models.py", line 288, in <module>
    train_res["loss"].backward()
  File "/opt/miniconda3/envs/NODE_test/lib/python3.12/site-packages/torch/_tensor.py", line 581, in backward
    torch.autograd.backward(
  File "/opt/miniconda3/envs/NODE_test/lib/python3.12/site-packages/torch/autograd/__init__.py", line 347, in backward
    _engine_run_backward(
  File "/opt/miniconda3/envs/NODE_test/lib/python3.12/site-packages/torch/autograd/graph.py", line 825, in _engine_run_backward
    return Variable._execution_engine.run_backward(  # Calls into the C++ engine to run the backward pass
           ^^^^^^^^^^^^^^^^^^^^^^^^^^^^^^^^^^^^^^^^^^^^^^^^^^^^^^^^^^^^^^^^^^^^^^^^^^^^^^^^^^^^^^^^^^^^^^
KeyboardInterrupt
