/opt/miniconda3/envs/NODE_test/lib/python3.12/site-packages/torchvision/io/image.py:14: UserWarning: Failed to load image Python extension: 'dlopen(/opt/miniconda3/envs/NODE_test/lib/python3.12/site-packages/torchvision/image.so, 0x0006): Library not loaded: @rpath/libjpeg.9.dylib
  Referenced from: <367D4265-B20F-34BD-94EB-4F3EE47C385B> /opt/miniconda3/envs/NODE_test/lib/python3.12/site-packages/torchvision/image.so
  Reason: tried: '/opt/miniconda3/envs/NODE_test/lib/python3.12/site-packages/torchvision/../../../libjpeg.9.dylib' (no such file), '/opt/miniconda3/envs/NODE_test/lib/python3.12/site-packages/torchvision/../../../libjpeg.9.dylib' (no such file), '/opt/miniconda3/envs/NODE_test/lib/python3.12/lib-dynload/../../libjpeg.9.dylib' (no such file), '/opt/miniconda3/envs/NODE_test/bin/../lib/libjpeg.9.dylib' (no such file)'If you don't plan on using image functionality from `torchvision.io`, you can ignore this warning. Otherwise, there might be something wrong with your environment. Did you have `libjpeg` or `libpng` installed before building `torchvision` from source?
  warn(
/Users/benjaminmaurel/Documents/Training_Sanofi/notebooks_hands_on/latent_ode/lib/read_tacro.py:199: FutureWarning: DataFrame.applymap has been deprecated. Use DataFrame.map instead.
  df = df.applymap(lambda x: str(x).replace(",", ".") if isinstance(x, str) else x)
/Users/benjaminmaurel/Documents/Training_Sanofi/notebooks_hands_on/latent_ode/lib/read_tacro.py:199: FutureWarning: DataFrame.applymap has been deprecated. Use DataFrame.map instead.
  df = df.applymap(lambda x: str(x).replace(",", ".") if isinstance(x, str) else x)
/Users/benjaminmaurel/Documents/Training_Sanofi/notebooks_hands_on/latent_ode/lib/read_tacro.py:109: FutureWarning: DataFrame.applymap has been deprecated. Use DataFrame.map instead.
  df = df.applymap(lambda x: str(x).replace(",", ".") if isinstance(x, str) else x)
/Users/benjaminmaurel/Documents/Training_Sanofi/notebooks_hands_on/latent_ode/lib/plotting.py:295: UserWarning: FigureCanvasAgg is non-interactive, and thus cannot be shown
  plt.show(block=False)
/Users/benjaminmaurel/Documents/Training_Sanofi/notebooks_hands_on/latent_ode/run_models.py
run_models.py --niters 200 -n 200 -s 40 -l 10 --dataset PK_Tacro --latent-ode --viz --noise-weight 0.01 --max-t 5. --seed 52 --experiment 39313
Experiment 39313
Epoch 0001 [Test seq (cond on sampled tp)] | Loss 2726.827148 | Likelihood -2879.614258 | KL fp 2.2775 | FP STD 0.0875|
KL coef: 0.0
Train loss (one batch): 395.0416259765625
Train CE loss (one batch): 0.0
Test MSE (raw): 0.5767
Test MSE (smoothed with alpha=0.01): 0.5767
New best smoothed test MSE: 0.5767. Saving best model to experiments/experiment_39313_best.ckpt
Test MSE group_0: nan
Test MSE group_1: 0.5767
Test MSE group_2: nan
Test MSE group_3: nan
Poisson likelihood: 0.0
CE loss: 0.0
train MSE group_0: nan
train MSE group_1: 0.0805
train MSE group_2: nan
train MSE group_3: nan
CE loss (TEST): 0.0
Experiment 39313
Epoch 0002 [Test seq (cond on sampled tp)] | Loss 2233.526855 | Likelihood -2525.167236 | KL fp 2.7512 | FP STD 0.0812|
KL coef: 0.0
Train loss (one batch): 2500.6064453125
Train CE loss (one batch): 0.0
Test MSE (raw): 0.5058
Test MSE (smoothed with alpha=0.01): 0.5760
New best smoothed test MSE: 0.5760. Saving best model to experiments/experiment_39313_best.ckpt
Test MSE group_0: nan
Test MSE group_1: 0.5058
Test MSE group_2: nan
Test MSE group_3: nan
Poisson likelihood: 0.0
CE loss: 0.0
train MSE group_0: nan
train MSE group_1: 0.5026
train MSE group_2: nan
train MSE group_3: nan
CE loss (TEST): 0.0
Experiment 39313
Epoch 0003 [Test seq (cond on sampled tp)] | Loss 659.128357 | Likelihood -681.014709 | KL fp 2.9519 | FP STD 0.0566|
KL coef: 0.0
Train loss (one batch): 2435.978271484375
Train CE loss (one batch): 0.0
Test MSE (raw): 0.1369
Test MSE (smoothed with alpha=0.01): 0.5716
New best smoothed test MSE: 0.5716. Saving best model to experiments/experiment_39313_best.ckpt
Test MSE group_0: nan
Test MSE group_1: 0.1369
Test MSE group_2: nan
Test MSE group_3: nan
Poisson likelihood: 0.0
CE loss: 0.0
train MSE group_0: nan
train MSE group_1: 0.4905
train MSE group_2: nan
train MSE group_3: nan
CE loss (TEST): 0.0
Experiment 39313
Epoch 0004 [Test seq (cond on sampled tp)] | Loss 586.380249 | Likelihood -592.805176 | KL fp 2.8647 | FP STD 0.0615|
KL coef: 0.0
Train loss (one batch): 493.9369812011719
Train CE loss (one batch): 0.0
Test MSE (raw): 0.1193
Test MSE (smoothed with alpha=0.01): 0.5670
New best smoothed test MSE: 0.5670. Saving best model to experiments/experiment_39313_best.ckpt
Test MSE group_0: nan
Test MSE group_1: 0.1193
Test MSE group_2: nan
Test MSE group_3: nan
Poisson likelihood: 0.0
CE loss: 0.0
train MSE group_0: nan
train MSE group_1: 0.1002
train MSE group_2: nan
train MSE group_3: nan
CE loss (TEST): 0.0
Experiment 39313
Epoch 0005 [Test seq (cond on sampled tp)] | Loss 482.187805 | Likelihood -493.398041 | KL fp 2.4404 | FP STD 0.0740|
KL coef: 0.0
Train loss (one batch): 422.18572998046875
Train CE loss (one batch): 0.0
Test MSE (raw): 0.0994
Test MSE (smoothed with alpha=0.01): 0.5624
New best smoothed test MSE: 0.5624. Saving best model to experiments/experiment_39313_best.ckpt
Test MSE group_0: nan
Test MSE group_1: 0.0994
Test MSE group_2: nan
Test MSE group_3: nan
Poisson likelihood: 0.0
CE loss: 0.0
train MSE group_0: nan
train MSE group_1: 0.0862
train MSE group_2: nan
train MSE group_3: nan
CE loss (TEST): 0.0
Experiment 39313
Epoch 0006 [Test seq (cond on sampled tp)] | Loss 448.730316 | Likelihood -453.422943 | KL fp 2.2071 | FP STD 0.0826|
KL coef: 0.0
Train loss (one batch): 366.6094665527344
Train CE loss (one batch): 0.0
Test MSE (raw): 0.0914
Test MSE (smoothed with alpha=0.01): 0.5577
New best smoothed test MSE: 0.5577. Saving best model to experiments/experiment_39313_best.ckpt
Test MSE group_0: nan
Test MSE group_1: 0.0914
Test MSE group_2: nan
Test MSE group_3: nan
Poisson likelihood: 0.0
CE loss: 0.0
train MSE group_0: nan
train MSE group_1: 0.0754
train MSE group_2: nan
train MSE group_3: nan
CE loss (TEST): 0.0
Experiment 39313
Epoch 0007 [Test seq (cond on sampled tp)] | Loss 382.249634 | Likelihood -386.321198 | KL fp 2.1731 | FP STD 0.0844|
KL coef: 0.0
Train loss (one batch): 347.10009765625
Train CE loss (one batch): 0.0
Test MSE (raw): 0.0780
Test MSE (smoothed with alpha=0.01): 0.5529
New best smoothed test MSE: 0.5529. Saving best model to experiments/experiment_39313_best.ckpt
Test MSE group_0: nan
Test MSE group_1: 0.0780
Test MSE group_2: nan
Test MSE group_3: nan
Poisson likelihood: 0.0
CE loss: 0.0
train MSE group_0: nan
train MSE group_1: 0.0706
train MSE group_2: nan
train MSE group_3: nan
CE loss (TEST): 0.0
Experiment 39313
Epoch 0008 [Test seq (cond on sampled tp)] | Loss 342.369049 | Likelihood -345.023315 | KL fp 2.3730 | FP STD 0.0826|
KL coef: 0.0
Train loss (one batch): 288.8015441894531
Train CE loss (one batch): 0.0
Test MSE (raw): 0.0697
Test MSE (smoothed with alpha=0.01): 0.5480
New best smoothed test MSE: 0.5480. Saving best model to experiments/experiment_39313_best.ckpt
Test MSE group_0: nan
Test MSE group_1: 0.0697
Test MSE group_2: nan
Test MSE group_3: nan
Poisson likelihood: 0.0
CE loss: 0.0
train MSE group_0: nan
train MSE group_1: 0.0590
train MSE group_2: nan
train MSE group_3: nan
CE loss (TEST): 0.0
Experiment 39313
Epoch 0009 [Test seq (cond on sampled tp)] | Loss 266.600708 | Likelihood -277.476959 | KL fp 2.2131 | FP STD 0.0927|
KL coef: 0.0
Train loss (one batch): 226.0692596435547
Train CE loss (one batch): 0.0
Test MSE (raw): 0.0562
Test MSE (smoothed with alpha=0.01): 0.5431
New best smoothed test MSE: 0.5431. Saving best model to experiments/experiment_39313_best.ckpt
Test MSE group_0: nan
Test MSE group_1: 0.0562
Test MSE group_2: nan
Test MSE group_3: nan
Poisson likelihood: 0.0
CE loss: 0.0
train MSE group_0: nan
train MSE group_1: 0.0468
train MSE group_2: nan
train MSE group_3: nan
CE loss (TEST): 0.0
Experiment 39313
Epoch 0010 [Test seq (cond on sampled tp)] | Loss 219.828232 | Likelihood -228.860779 | KL fp 2.0179 | FP STD 0.1090|
KL coef: 0.0
Train loss (one batch): 179.31378173828125
Train CE loss (one batch): 0.0
Test MSE (raw): 0.0465
Test MSE (smoothed with alpha=0.01): 0.5381
New best smoothed test MSE: 0.5381. Saving best model to experiments/experiment_39313_best.ckpt
Test MSE group_0: nan
Test MSE group_1: 0.0465
Test MSE group_2: nan
Test MSE group_3: nan
Poisson likelihood: 0.0
CE loss: 0.0
train MSE group_0: nan
train MSE group_1: 0.0368
train MSE group_2: nan
train MSE group_3: nan
CE loss (TEST): 0.0
Experiment 39313
Epoch 0011 [Test seq (cond on sampled tp)] | Loss 157.240265 | Likelihood -160.565140 | KL fp 1.9103 | FP STD 0.1321|
KL coef: 0.010000000000000009
Train loss (one batch): 135.1156005859375
Train CE loss (one batch): 0.0
Test MSE (raw): 0.0329
Test MSE (smoothed with alpha=0.01): 0.5331
New best smoothed test MSE: 0.5331. Saving best model to experiments/experiment_39313_best.ckpt
Test MSE group_0: nan
Test MSE group_1: 0.0329
Test MSE group_2: nan
Test MSE group_3: nan
Poisson likelihood: 0.0
CE loss: 0.0
train MSE group_0: nan
train MSE group_1: 0.0284
train MSE group_2: nan
train MSE group_3: nan
CE loss (TEST): 0.0
Experiment 39313
Epoch 0012 [Test seq (cond on sampled tp)] | Loss 106.474762 | Likelihood -110.894356 | KL fp 1.7519 | FP STD 0.1599|
KL coef: 0.01990000000000003
Train loss (one batch): 95.14828491210938
Train CE loss (one batch): 0.0
Test MSE (raw): 0.0229
Test MSE (smoothed with alpha=0.01): 0.5280
New best smoothed test MSE: 0.5280. Saving best model to experiments/experiment_39313_best.ckpt
Test MSE group_0: nan
Test MSE group_1: 0.0229
Test MSE group_2: nan
Test MSE group_3: nan
Poisson likelihood: 0.0
CE loss: 0.0
train MSE group_0: nan
train MSE group_1: 0.0200
train MSE group_2: nan
train MSE group_3: nan
CE loss (TEST): 0.0
Experiment 39313
Epoch 0013 [Test seq (cond on sampled tp)] | Loss 97.484322 | Likelihood -99.247009 | KL fp 1.7880 | FP STD 0.1738|
KL coef: 0.029700999999999977
Train loss (one batch): 78.47333526611328
Train CE loss (one batch): 0.0
Test MSE (raw): 0.0206
Test MSE (smoothed with alpha=0.01): 0.5229
New best smoothed test MSE: 0.5229. Saving best model to experiments/experiment_39313_best.ckpt
Test MSE group_0: nan
Test MSE group_1: 0.0206
Test MSE group_2: nan
Test MSE group_3: nan
Poisson likelihood: 0.0
CE loss: 0.0
train MSE group_0: nan
train MSE group_1: 0.0172
train MSE group_2: nan
train MSE group_3: nan
CE loss (TEST): 0.0
Experiment 39313
Epoch 0014 [Test seq (cond on sampled tp)] | Loss 100.840927 | Likelihood -107.418060 | KL fp 1.9914 | FP STD 0.1643|
KL coef: 0.039403990000000055
Train loss (one batch): 101.9825210571289
Train CE loss (one batch): 0.0
Test MSE (raw): 0.0222
Test MSE (smoothed with alpha=0.01): 0.5179
New best smoothed test MSE: 0.5179. Saving best model to experiments/experiment_39313_best.ckpt
Test MSE group_0: nan
Test MSE group_1: 0.0222
Test MSE group_2: nan
Test MSE group_3: nan
Poisson likelihood: 0.0
CE loss: 0.0
train MSE group_0: nan
train MSE group_1: 0.0217
train MSE group_2: nan
train MSE group_3: nan
CE loss (TEST): 0.0
Experiment 39313
Epoch 0015 [Test seq (cond on sampled tp)] | Loss 103.994263 | Likelihood -108.420448 | KL fp 2.2391 | FP STD 0.1419|
KL coef: 0.04900995010000009
Train loss (one batch): 116.74357604980469
Train CE loss (one batch): 0.0
Test MSE (raw): 0.0224
Test MSE (smoothed with alpha=0.01): 0.5130
New best smoothed test MSE: 0.5130. Saving best model to experiments/experiment_39313_best.ckpt
Test MSE group_0: nan
Test MSE group_1: 0.0224
Test MSE group_2: nan
Test MSE group_3: nan
Poisson likelihood: 0.0
CE loss: 0.0
train MSE group_0: nan
train MSE group_1: 0.0246
train MSE group_2: nan
train MSE group_3: nan
CE loss (TEST): 0.0
Experiment 39313
Epoch 0016 [Test seq (cond on sampled tp)] | Loss 111.447701 | Likelihood -114.731056 | KL fp 2.5541 | FP STD 0.1151|
KL coef: 0.058519850599
Train loss (one batch): 98.91751861572266
Train CE loss (one batch): 0.0
Test MSE (raw): 0.0237
Test MSE (smoothed with alpha=0.01): 0.5081
New best smoothed test MSE: 0.5081. Saving best model to experiments/experiment_39313_best.ckpt
Test MSE group_0: nan
Test MSE group_1: 0.0237
Test MSE group_2: nan
Test MSE group_3: nan
Poisson likelihood: 0.0
CE loss: 0.0
train MSE group_0: nan
train MSE group_1: 0.0212
train MSE group_2: nan
train MSE group_3: nan
CE loss (TEST): 0.0
Experiment 39313
Epoch 0017 [Test seq (cond on sampled tp)] | Loss 132.886566 | Likelihood -135.541367 | KL fp 2.7597 | FP STD 0.0932|
KL coef: 0.06793465209301008
Train loss (one batch): 82.49661254882812
Train CE loss (one batch): 0.0
Test MSE (raw): 0.0278
Test MSE (smoothed with alpha=0.01): 0.5033
New best smoothed test MSE: 0.5033. Saving best model to experiments/experiment_39313_best.ckpt
Test MSE group_0: nan
Test MSE group_1: 0.0278
Test MSE group_2: nan
Test MSE group_3: nan
Poisson likelihood: 0.0
CE loss: 0.0
train MSE group_0: nan
train MSE group_1: 0.0176
train MSE group_2: nan
train MSE group_3: nan
CE loss (TEST): 0.0
Experiment 39313
Epoch 0018 [Test seq (cond on sampled tp)] | Loss 148.013657 | Likelihood -152.223709 | KL fp 2.6896 | FP STD 0.0821|
KL coef: 0.07725530557207994
Train loss (one batch): 81.07208251953125
Train CE loss (one batch): 0.0
Test MSE (raw): 0.0312
Test MSE (smoothed with alpha=0.01): 0.4985
New best smoothed test MSE: 0.4985. Saving best model to experiments/experiment_39313_best.ckpt
Test MSE group_0: nan
Test MSE group_1: 0.0312
Test MSE group_2: nan
Test MSE group_3: nan
Poisson likelihood: 0.0
CE loss: 0.0
train MSE group_0: nan
train MSE group_1: 0.0171
train MSE group_2: nan
train MSE group_3: nan
CE loss (TEST): 0.0
Experiment 39313
Epoch 0019 [Test seq (cond on sampled tp)] | Loss 157.114624 | Likelihood -158.061203 | KL fp 2.6490 | FP STD 0.0774|
KL coef: 0.08648275251635917
Train loss (one batch): 86.21587371826172
Train CE loss (one batch): 0.0
Test MSE (raw): 0.0323
Test MSE (smoothed with alpha=0.01): 0.4939
New best smoothed test MSE: 0.4939. Saving best model to experiments/experiment_39313_best.ckpt
Test MSE group_0: nan
Test MSE group_1: 0.0323
Test MSE group_2: nan
Test MSE group_3: nan
Poisson likelihood: 0.0
CE loss: 0.0
train MSE group_0: nan
train MSE group_1: 0.0183
train MSE group_2: nan
train MSE group_3: nan
CE loss (TEST): 0.0
Experiment 39313
Epoch 0020 [Test seq (cond on sampled tp)] | Loss 143.151688 | Likelihood -146.545288 | KL fp 2.4962 | FP STD 0.0776|
KL coef: 0.09561792499119559
Train loss (one batch): 86.39750671386719
Train CE loss (one batch): 0.0
Test MSE (raw): 0.0300
Test MSE (smoothed with alpha=0.01): 0.4892
New best smoothed test MSE: 0.4892. Saving best model to experiments/experiment_39313_best.ckpt
Test MSE group_0: nan
Test MSE group_1: 0.0300
Test MSE group_2: nan
Test MSE group_3: nan
Poisson likelihood: 0.0
CE loss: 0.0
train MSE group_0: nan
train MSE group_1: 0.0182
train MSE group_2: nan
train MSE group_3: nan
CE loss (TEST): 0.0
Experiment 39313
Epoch 0021 [Test seq (cond on sampled tp)] | Loss 126.886192 | Likelihood -130.509033 | KL fp 2.4715 | FP STD 0.0783|
KL coef: 0.10466174574128362
Train loss (one batch): 83.15418243408203
Train CE loss (one batch): 0.0
Test MSE (raw): 0.0268
Test MSE (smoothed with alpha=0.01): 0.4846
New best smoothed test MSE: 0.4846. Saving best model to experiments/experiment_39313_best.ckpt
Test MSE group_0: nan
Test MSE group_1: 0.0268
Test MSE group_2: nan
Test MSE group_3: nan
Poisson likelihood: 0.0
CE loss: 0.0
train MSE group_0: nan
train MSE group_1: 0.0175
train MSE group_2: nan
train MSE group_3: nan
CE loss (TEST): 0.0
Experiment 39313
Epoch 0022 [Test seq (cond on sampled tp)] | Loss 113.372025 | Likelihood -114.580566 | KL fp 2.5035 | FP STD 0.0788|
KL coef: 0.11361512828387077
Train loss (one batch): 76.8775405883789
Train CE loss (one batch): 0.0
Test MSE (raw): 0.0237
Test MSE (smoothed with alpha=0.01): 0.4800
New best smoothed test MSE: 0.4800. Saving best model to experiments/experiment_39313_best.ckpt
Test MSE group_0: nan
Test MSE group_1: 0.0237
Test MSE group_2: nan
Test MSE group_3: nan
Poisson likelihood: 0.0
CE loss: 0.0
train MSE group_0: nan
train MSE group_1: 0.0163
train MSE group_2: nan
train MSE group_3: nan
CE loss (TEST): 0.0
Experiment 39313
Epoch 0023 [Test seq (cond on sampled tp)] | Loss 102.404213 | Likelihood -103.409431 | KL fp 2.5465 | FP STD 0.0795|
KL coef: 0.12247897700103216
Train loss (one batch): 74.47618103027344
Train CE loss (one batch): 0.0
Test MSE (raw): 0.0214
Test MSE (smoothed with alpha=0.01): 0.4754
New best smoothed test MSE: 0.4754. Saving best model to experiments/experiment_39313_best.ckpt
Test MSE group_0: nan
Test MSE group_1: 0.0214
Test MSE group_2: nan
Test MSE group_3: nan
Poisson likelihood: 0.0
CE loss: 0.0
train MSE group_0: nan
train MSE group_1: 0.0159
train MSE group_2: nan
train MSE group_3: nan
CE loss (TEST): 0.0
Experiment 39313
Epoch 0024 [Test seq (cond on sampled tp)] | Loss 95.811119 | Likelihood -97.934105 | KL fp 2.4979 | FP STD 0.0786|
KL coef: 0.13125418723102178
Train loss (one batch): 78.46906280517578
Train CE loss (one batch): 0.0
Test MSE (raw): 0.0203
Test MSE (smoothed with alpha=0.01): 0.4709
New best smoothed test MSE: 0.4709. Saving best model to experiments/experiment_39313_best.ckpt
Test MSE group_0: nan
Test MSE group_1: 0.0203
Test MSE group_2: nan
Test MSE group_3: nan
Poisson likelihood: 0.0
CE loss: 0.0
train MSE group_0: nan
train MSE group_1: 0.0166
train MSE group_2: nan
train MSE group_3: nan
CE loss (TEST): 0.0
Experiment 39313
Epoch 0025 [Test seq (cond on sampled tp)] | Loss 100.529083 | Likelihood -103.305244 | KL fp 2.2099 | FP STD 0.1000|
KL coef: 0.13994164535871156
Train loss (one batch): 79.89429473876953
Train CE loss (one batch): 0.0
Test MSE (raw): 0.0214
Test MSE (smoothed with alpha=0.01): 0.4664
New best smoothed test MSE: 0.4664. Saving best model to experiments/experiment_39313_best.ckpt
Test MSE group_0: nan
Test MSE group_1: 0.0214
Test MSE group_2: nan
Test MSE group_3: nan
Poisson likelihood: 0.0
CE loss: 0.0
train MSE group_0: nan
train MSE group_1: 0.0169
train MSE group_2: nan
train MSE group_3: nan
CE loss (TEST): 0.0
Experiment 39313
Epoch 0026 [Test seq (cond on sampled tp)] | Loss 109.036583 | Likelihood -115.734383 | KL fp 2.1165 | FP STD 0.1228|
KL coef: 0.14854222890512447
Train loss (one batch): 78.21720123291016
Train CE loss (one batch): 0.0
Test MSE (raw): 0.0239
Test MSE (smoothed with alpha=0.01): 0.4619
New best smoothed test MSE: 0.4619. Saving best model to experiments/experiment_39313_best.ckpt
Test MSE group_0: nan
Test MSE group_1: 0.0239
Test MSE group_2: nan
Test MSE group_3: nan
Poisson likelihood: 0.0
CE loss: 0.0
train MSE group_0: nan
train MSE group_1: 0.0166
train MSE group_2: nan
train MSE group_3: nan
CE loss (TEST): 0.0
Experiment 39313
Epoch 0027 [Test seq (cond on sampled tp)] | Loss 116.025391 | Likelihood -127.792778 | KL fp 2.1879 | FP STD 0.1365|
KL coef: 0.15705680661607324
Train loss (one batch): 75.90426635742188
Train CE loss (one batch): 0.0
Test MSE (raw): 0.0263
Test MSE (smoothed with alpha=0.01): 0.4576
New best smoothed test MSE: 0.4576. Saving best model to experiments/experiment_39313_best.ckpt
Test MSE group_0: nan
Test MSE group_1: 0.0263
Test MSE group_2: nan
Test MSE group_3: nan
Poisson likelihood: 0.0
CE loss: 0.0
train MSE group_0: nan
train MSE group_1: 0.0161
train MSE group_2: nan
train MSE group_3: nan
CE loss (TEST): 0.0
Experiment 39313
Epoch 0028 [Test seq (cond on sampled tp)] | Loss 106.500099 | Likelihood -123.225281 | KL fp 2.2396 | FP STD 0.1471|
KL coef: 0.1654862385499125
Train loss (one batch): 76.00521850585938
Train CE loss (one batch): 0.0
Test MSE (raw): 0.0254
Test MSE (smoothed with alpha=0.01): 0.4533
New best smoothed test MSE: 0.4533. Saving best model to experiments/experiment_39313_best.ckpt
Test MSE group_0: nan
Test MSE group_1: 0.0254
Test MSE group_2: nan
Test MSE group_3: nan
Poisson likelihood: 0.0
CE loss: 0.0
train MSE group_0: nan
train MSE group_1: 0.0169
train MSE group_2: nan
train MSE group_3: nan
CE loss (TEST): 0.0
Experiment 39313
Epoch 0029 [Test seq (cond on sampled tp)] | Loss 114.867577 | Likelihood -150.995178 | KL fp 2.1416 | FP STD 0.1570|
KL coef: 0.17383137616441335
Train loss (one batch): 80.88856506347656
Train CE loss (one batch): 0.0
Test MSE (raw): 0.0309
Test MSE (smoothed with alpha=0.01): 0.4490
New best smoothed test MSE: 0.4490. Saving best model to experiments/experiment_39313_best.ckpt
Test MSE group_0: nan
Test MSE group_1: 0.0309
Test MSE group_2: nan
Test MSE group_3: nan
Poisson likelihood: 0.0
CE loss: 0.0
train MSE group_0: nan
train MSE group_1: 0.0174
train MSE group_2: nan
train MSE group_3: nan
CE loss (TEST): 0.0
Experiment 39313
Epoch 0030 [Test seq (cond on sampled tp)] | Loss 126.899033 | Likelihood -146.128937 | KL fp 2.3250 | FP STD 0.1638|
KL coef: 0.18209306240276923
Train loss (one batch): 82.66716766357422
Train CE loss (one batch): 0.0
Test MSE (raw): 0.0300
Test MSE (smoothed with alpha=0.01): 0.4449
New best smoothed test MSE: 0.4449. Saving best model to experiments/experiment_39313_best.ckpt
Test MSE group_0: nan
Test MSE group_1: 0.0300
Test MSE group_2: nan
Test MSE group_3: nan
Poisson likelihood: 0.0
CE loss: 0.0
train MSE group_0: nan
train MSE group_1: 0.0180
train MSE group_2: nan
train MSE group_3: nan
CE loss (TEST): 0.0
Experiment 39313
Epoch 0031 [Test seq (cond on sampled tp)] | Loss 128.549667 | Likelihood -146.062561 | KL fp 2.2523 | FP STD 0.1706|
KL coef: 0.19027213177874158
Train loss (one batch): 83.36907958984375
Train CE loss (one batch): 0.0
Test MSE (raw): 0.0299
Test MSE (smoothed with alpha=0.01): 0.4407
New best smoothed test MSE: 0.4407. Saving best model to experiments/experiment_39313_best.ckpt
Test MSE group_0: nan
Test MSE group_1: 0.0299
Test MSE group_2: nan
Test MSE group_3: nan
Poisson likelihood: 0.0
CE loss: 0.0
train MSE group_0: nan
train MSE group_1: 0.0188
train MSE group_2: nan
train MSE group_3: nan
CE loss (TEST): 0.0
Experiment 39313
Epoch 0032 [Test seq (cond on sampled tp)] | Loss 115.820923 | Likelihood -155.130432 | KL fp 2.1397 | FP STD 0.1769|
KL coef: 0.19836941046095413
Train loss (one batch): 88.27967834472656
Train CE loss (one batch): 0.0
Test MSE (raw): 0.0318
Test MSE (smoothed with alpha=0.01): 0.4366
New best smoothed test MSE: 0.4366. Saving best model to experiments/experiment_39313_best.ckpt
Test MSE group_0: nan
Test MSE group_1: 0.0318
Test MSE group_2: nan
Test MSE group_3: nan
Poisson likelihood: 0.0
CE loss: 0.0
train MSE group_0: nan
train MSE group_1: 0.0188
train MSE group_2: nan
train MSE group_3: nan
CE loss (TEST): 0.0
Experiment 39313
Epoch 0033 [Test seq (cond on sampled tp)] | Loss 107.425255 | Likelihood -114.039886 | KL fp 2.2399 | FP STD 0.1787|
KL coef: 0.20638571635634462
Train loss (one batch): 92.7997055053711
Train CE loss (one batch): 0.0
Test MSE (raw): 0.0235
Test MSE (smoothed with alpha=0.01): 0.4325
New best smoothed test MSE: 0.4325. Saving best model to experiments/experiment_39313_best.ckpt
Test MSE group_0: nan
Test MSE group_1: 0.0235
Test MSE group_2: nan
Test MSE group_3: nan
Poisson likelihood: 0.0
CE loss: 0.0
train MSE group_0: nan
train MSE group_1: 0.0213
train MSE group_2: nan
train MSE group_3: nan
CE loss (TEST): 0.0
Experiment 39313
Epoch 0034 [Test seq (cond on sampled tp)] | Loss 153.933212 | Likelihood -165.201065 | KL fp 2.0963 | FP STD 0.1835|
KL coef: 0.21432185919278124
Train loss (one batch): 92.24964904785156
Train CE loss (one batch): 0.0
Test MSE (raw): 0.0338
Test MSE (smoothed with alpha=0.01): 0.4285
New best smoothed test MSE: 0.4285. Saving best model to experiments/experiment_39313_best.ckpt
Test MSE group_0: nan
Test MSE group_1: 0.0338
Test MSE group_2: nan
Test MSE group_3: nan
Poisson likelihood: 0.0
CE loss: 0.0
train MSE group_0: nan
train MSE group_1: 0.0204
train MSE group_2: nan
train MSE group_3: nan
CE loss (TEST): 0.0
Experiment 39313
Epoch 0035 [Test seq (cond on sampled tp)] | Loss 115.746033 | Likelihood -133.376053 | KL fp 2.0470 | FP STD 0.1828|
KL coef: 0.22217864060085335
Train loss (one batch): 102.90299987792969
Train CE loss (one batch): 0.0
Test MSE (raw): 0.0274
Test MSE (smoothed with alpha=0.01): 0.4245
New best smoothed test MSE: 0.4245. Saving best model to experiments/experiment_39313_best.ckpt
Test MSE group_0: nan
Test MSE group_1: 0.0274
Test MSE group_2: nan
Test MSE group_3: nan
Poisson likelihood: 0.0
CE loss: 0.0
train MSE group_0: nan
train MSE group_1: 0.0222
train MSE group_2: nan
train MSE group_3: nan
CE loss (TEST): 0.0
Experiment 39313
Epoch 0036 [Test seq (cond on sampled tp)] | Loss 101.311272 | Likelihood -118.261414 | KL fp 2.0772 | FP STD 0.1783|
KL coef: 0.2299568541948449
Train loss (one batch): 90.7288818359375
Train CE loss (one batch): 0.0
Test MSE (raw): 0.0244
Test MSE (smoothed with alpha=0.01): 0.4205
New best smoothed test MSE: 0.4205. Saving best model to experiments/experiment_39313_best.ckpt
Test MSE group_0: nan
Test MSE group_1: 0.0244
Test MSE group_2: nan
Test MSE group_3: nan
Poisson likelihood: 0.0
CE loss: 0.0
train MSE group_0: nan
train MSE group_1: 0.0201
train MSE group_2: nan
train MSE group_3: nan
CE loss (TEST): 0.0
Experiment 39313
Epoch 0037 [Test seq (cond on sampled tp)] | Loss 121.578445 | Likelihood -136.740051 | KL fp 2.2282 | FP STD 0.1682|
KL coef: 0.23765728565289646
Train loss (one batch): 96.49913787841797
Train CE loss (one batch): 0.0
Test MSE (raw): 0.0281
Test MSE (smoothed with alpha=0.01): 0.4166
New best smoothed test MSE: 0.4166. Saving best model to experiments/experiment_39313_best.ckpt
Test MSE group_0: nan
Test MSE group_1: 0.0281
Test MSE group_2: nan
Test MSE group_3: nan
Poisson likelihood: 0.0
CE loss: 0.0
train MSE group_0: nan
train MSE group_1: 0.0209
train MSE group_2: nan
train MSE group_3: nan
CE loss (TEST): 0.0
Experiment 39313
Epoch 0038 [Test seq (cond on sampled tp)] | Loss 101.468735 | Likelihood -131.838394 | KL fp 2.4223 | FP STD 0.1574|
KL coef: 0.24528071279636743
Train loss (one batch): 83.86788177490234
Train CE loss (one batch): 0.0
Test MSE (raw): 0.0271
Test MSE (smoothed with alpha=0.01): 0.4127
New best smoothed test MSE: 0.4127. Saving best model to experiments/experiment_39313_best.ckpt
Test MSE group_0: nan
Test MSE group_1: 0.0271
Test MSE group_2: nan
Test MSE group_3: nan
Poisson likelihood: 0.0
CE loss: 0.0
train MSE group_0: nan
train MSE group_1: 0.0186
train MSE group_2: nan
train MSE group_3: nan
CE loss (TEST): 0.0
Experiment 39313
Epoch 0039 [Test seq (cond on sampled tp)] | Loss 108.533524 | Likelihood -127.818481 | KL fp 2.5364 | FP STD 0.1475|
KL coef: 0.25282790566840385
Train loss (one batch): 75.63726043701172
Train CE loss (one batch): 0.0
Test MSE (raw): 0.0263
Test MSE (smoothed with alpha=0.01): 0.4088
New best smoothed test MSE: 0.4088. Saving best model to experiments/experiment_39313_best.ckpt
Test MSE group_0: nan
Test MSE group_1: 0.0263
Test MSE group_2: nan
Test MSE group_3: nan
Poisson likelihood: 0.0
CE loss: 0.0
train MSE group_0: nan
train MSE group_1: 0.0179
train MSE group_2: nan
train MSE group_3: nan
CE loss (TEST): 0.0
Experiment 39313
Epoch 0040 [Test seq (cond on sampled tp)] | Loss 114.831863 | Likelihood -124.653801 | KL fp 2.7108 | FP STD 0.1385|
KL coef: 0.2602996266117198
Train loss (one batch): 79.24282836914062
Train CE loss (one batch): 0.0
Test MSE (raw): 0.0257
Test MSE (smoothed with alpha=0.01): 0.4050
New best smoothed test MSE: 0.4050. Saving best model to experiments/experiment_39313_best.ckpt
Test MSE group_0: nan
Test MSE group_1: 0.0257
Test MSE group_2: nan
Test MSE group_3: nan
Poisson likelihood: 0.0
CE loss: 0.0
train MSE group_0: nan
train MSE group_1: 0.0181
train MSE group_2: nan
train MSE group_3: nan
CE loss (TEST): 0.0
Experiment 39313
Epoch 0041 [Test seq (cond on sampled tp)] | Loss 114.862228 | Likelihood -128.046890 | KL fp 2.6228 | FP STD 0.1340|
KL coef: 0.26769663034560254
Train loss (one batch): 77.17315673828125
Train CE loss (one batch): 0.0
Test MSE (raw): 0.0263
Test MSE (smoothed with alpha=0.01): 0.4012
New best smoothed test MSE: 0.4012. Saving best model to experiments/experiment_39313_best.ckpt
Test MSE group_0: nan
Test MSE group_1: 0.0263
Test MSE group_2: nan
Test MSE group_3: nan
Poisson likelihood: 0.0
CE loss: 0.0
train MSE group_0: nan
train MSE group_1: 0.0176
train MSE group_2: nan
train MSE group_3: nan
CE loss (TEST): 0.0
Experiment 39313
Epoch 0042 [Test seq (cond on sampled tp)] | Loss 99.866188 | Likelihood -116.342659 | KL fp 2.5465 | FP STD 0.1310|
KL coef: 0.2750196640421466
Train loss (one batch): 73.47013854980469
Train CE loss (one batch): 0.0
Test MSE (raw): 0.0240
Test MSE (smoothed with alpha=0.01): 0.3974
New best smoothed test MSE: 0.3974. Saving best model to experiments/experiment_39313_best.ckpt
Test MSE group_0: nan
Test MSE group_1: 0.0240
Test MSE group_2: nan
Test MSE group_3: nan
Poisson likelihood: 0.0
CE loss: 0.0
train MSE group_0: nan
train MSE group_1: 0.0162
train MSE group_2: nan
train MSE group_3: nan
CE loss (TEST): 0.0
Experiment 39313
Epoch 0043 [Test seq (cond on sampled tp)] | Loss 106.969040 | Likelihood -122.032509 | KL fp 2.5693 | FP STD 0.1283|
KL coef: 0.2822694674017251
Train loss (one batch): 73.0999755859375
Train CE loss (one batch): 0.0
Test MSE (raw): 0.0251
Test MSE (smoothed with alpha=0.01): 0.3937
New best smoothed test MSE: 0.3937. Saving best model to experiments/experiment_39313_best.ckpt
Test MSE group_0: nan
Test MSE group_1: 0.0251
Test MSE group_2: nan
Test MSE group_3: nan
Poisson likelihood: 0.0
CE loss: 0.0
train MSE group_0: nan
train MSE group_1: 0.0164
train MSE group_2: nan
train MSE group_3: nan
CE loss (TEST): 0.0
Experiment 39313
Epoch 0044 [Test seq (cond on sampled tp)] | Loss 117.459518 | Likelihood -122.882805 | KL fp 2.6547 | FP STD 0.1267|
KL coef: 0.2894467727277079
Train loss (one batch): 74.0220947265625
Train CE loss (one batch): 0.0
Test MSE (raw): 0.0253
Test MSE (smoothed with alpha=0.01): 0.3900
New best smoothed test MSE: 0.3900. Saving best model to experiments/experiment_39313_best.ckpt
Test MSE group_0: nan
Test MSE group_1: 0.0253
Test MSE group_2: nan
Test MSE group_3: nan
Poisson likelihood: 0.0
CE loss: 0.0
train MSE group_0: nan
train MSE group_1: 0.0165
train MSE group_2: nan
train MSE group_3: nan
CE loss (TEST): 0.0
Experiment 39313
Epoch 0045 [Test seq (cond on sampled tp)] | Loss 101.850830 | Likelihood -107.552826 | KL fp 2.6757 | FP STD 0.1263|
KL coef: 0.29655230500043084
Train loss (one batch): 70.16854095458984
Train CE loss (one batch): 0.0
Test MSE (raw): 0.0222
Test MSE (smoothed with alpha=0.01): 0.3863
New best smoothed test MSE: 0.3863. Saving best model to experiments/experiment_39313_best.ckpt
Test MSE group_0: nan
Test MSE group_1: 0.0222
Test MSE group_2: nan
Test MSE group_3: nan
Poisson likelihood: 0.0
CE loss: 0.0
train MSE group_0: nan
train MSE group_1: 0.0155
train MSE group_2: nan
train MSE group_3: nan
CE loss (TEST): 0.0
Experiment 39313
Epoch 0046 [Test seq (cond on sampled tp)] | Loss 85.253929 | Likelihood -90.262207 | KL fp 2.7430 | FP STD 0.1262|
KL coef: 0.30358678195042654
Train loss (one batch): 74.99462127685547
Train CE loss (one batch): 0.0
Test MSE (raw): 0.0188
Test MSE (smoothed with alpha=0.01): 0.3827
New best smoothed test MSE: 0.3827. Saving best model to experiments/experiment_39313_best.ckpt
Test MSE group_0: nan
Test MSE group_1: 0.0188
Test MSE group_2: nan
Test MSE group_3: nan
Poisson likelihood: 0.0
CE loss: 0.0
train MSE group_0: nan
train MSE group_1: 0.0160
train MSE group_2: nan
train MSE group_3: nan
CE loss (TEST): 0.0
Experiment 39313
Epoch 0047 [Test seq (cond on sampled tp)] | Loss 90.166954 | Likelihood -100.195549 | KL fp 2.7258 | FP STD 0.1242|
KL coef: 0.3105509141309223
Train loss (one batch): 75.36624908447266
Train CE loss (one batch): 0.0
Test MSE (raw): 0.0208
Test MSE (smoothed with alpha=0.01): 0.3790
New best smoothed test MSE: 0.3790. Saving best model to experiments/experiment_39313_best.ckpt
Test MSE group_0: nan
Test MSE group_1: 0.0208
Test MSE group_2: nan
Test MSE group_3: nan
Poisson likelihood: 0.0
CE loss: 0.0
train MSE group_0: nan
train MSE group_1: 0.0162
train MSE group_2: nan
train MSE group_3: nan
CE loss (TEST): 0.0
Experiment 39313
Epoch 0048 [Test seq (cond on sampled tp)] | Loss 88.672295 | Likelihood -99.185463 | KL fp 2.4900 | FP STD 0.1220|
KL coef: 0.31744540498961304
Train loss (one batch): 66.44080352783203
Train CE loss (one batch): 0.0
Test MSE (raw): 0.0206
Test MSE (smoothed with alpha=0.01): 0.3755
New best smoothed test MSE: 0.3755. Saving best model to experiments/experiment_39313_best.ckpt
Test MSE group_0: nan
Test MSE group_1: 0.0206
Test MSE group_2: nan
Test MSE group_3: nan
Poisson likelihood: 0.0
CE loss: 0.0
train MSE group_0: nan
train MSE group_1: 0.0143
train MSE group_2: nan
train MSE group_3: nan
CE loss (TEST): 0.0
Experiment 39313
Epoch 0049 [Test seq (cond on sampled tp)] | Loss 94.091560 | Likelihood -95.557281 | KL fp 2.3935 | FP STD 0.1189|
KL coef: 0.3242709509397169
Train loss (one batch): 65.15355682373047
Train CE loss (one batch): 0.0
Test MSE (raw): 0.0198
Test MSE (smoothed with alpha=0.01): 0.3719
New best smoothed test MSE: 0.3719. Saving best model to experiments/experiment_39313_best.ckpt
Test MSE group_0: nan
Test MSE group_1: 0.0198
Test MSE group_2: nan
Test MSE group_3: nan
Poisson likelihood: 0.0
CE loss: 0.0
train MSE group_0: nan
train MSE group_1: 0.0150
train MSE group_2: nan
train MSE group_3: nan
CE loss (TEST): 0.0
Experiment 39313
Epoch 0050 [Test seq (cond on sampled tp)] | Loss 102.123634 | Likelihood -103.309990 | KL fp 2.3698 | FP STD 0.1147|
KL coef: 0.3310282414303197
Train loss (one batch): 68.72160339355469
Train CE loss (one batch): 0.0
Test MSE (raw): 0.0214
Test MSE (smoothed with alpha=0.01): 0.3684
New best smoothed test MSE: 0.3684. Saving best model to experiments/experiment_39313_best.ckpt
Test MSE group_0: nan
Test MSE group_1: 0.0214
Test MSE group_2: nan
Test MSE group_3: nan
Poisson likelihood: 0.0
CE loss: 0.0
train MSE group_0: nan
train MSE group_1: 0.0146
train MSE group_2: nan
train MSE group_3: nan
CE loss (TEST): 0.0
Experiment 39313
Epoch 0051 [Test seq (cond on sampled tp)] | Loss 93.485435 | Likelihood -94.379250 | KL fp 2.3700 | FP STD 0.1101|
KL coef: 0.33771795901601653
Train loss (one batch): 61.95875930786133
Train CE loss (one batch): 0.0
Test MSE (raw): 0.0196
Test MSE (smoothed with alpha=0.01): 0.3649
New best smoothed test MSE: 0.3649. Saving best model to experiments/experiment_39313_best.ckpt
Test MSE group_0: nan
Test MSE group_1: 0.0196
Test MSE group_2: nan
Test MSE group_3: nan
Poisson likelihood: 0.0
CE loss: 0.0
train MSE group_0: nan
train MSE group_1: 0.0140
train MSE group_2: nan
train MSE group_3: nan
CE loss (TEST): 0.0
Experiment 39313
Epoch 0052 [Test seq (cond on sampled tp)] | Loss 99.448357 | Likelihood -105.136940 | KL fp 2.4398 | FP STD 0.1051|
KL coef: 0.3443407794258564
Train loss (one batch): 64.37899017333984
Train CE loss (one batch): 0.0
Test MSE (raw): 0.0218
Test MSE (smoothed with alpha=0.01): 0.3615
New best smoothed test MSE: 0.3615. Saving best model to experiments/experiment_39313_best.ckpt
Test MSE group_0: nan
Test MSE group_1: 0.0218
Test MSE group_2: nan
Test MSE group_3: nan
Poisson likelihood: 0.0
CE loss: 0.0
train MSE group_0: nan
train MSE group_1: 0.0140
train MSE group_2: nan
train MSE group_3: nan
CE loss (TEST): 0.0
Experiment 39313
Epoch 0053 [Test seq (cond on sampled tp)] | Loss 94.260124 | Likelihood -100.485710 | KL fp 2.5314 | FP STD 0.1009|
KL coef: 0.35089737163159784
Train loss (one batch): 67.13525390625
Train CE loss (one batch): 0.0
Test MSE (raw): 0.0208
Test MSE (smoothed with alpha=0.01): 0.3581
New best smoothed test MSE: 0.3581. Saving best model to experiments/experiment_39313_best.ckpt
Test MSE group_0: nan
Test MSE group_1: 0.0208
Test MSE group_2: nan
Test MSE group_3: nan
Poisson likelihood: 0.0
CE loss: 0.0
train MSE group_0: nan
train MSE group_1: 0.0143
train MSE group_2: nan
train MSE group_3: nan
CE loss (TEST): 0.0
Experiment 39313
Epoch 0054 [Test seq (cond on sampled tp)] | Loss 100.474144 | Likelihood -104.011116 | KL fp 2.5785 | FP STD 0.0977|
KL coef: 0.3573883979152819
Train loss (one batch): 67.58839416503906
Train CE loss (one batch): 0.0
Test MSE (raw): 0.0215
Test MSE (smoothed with alpha=0.01): 0.3547
New best smoothed test MSE: 0.3547. Saving best model to experiments/experiment_39313_best.ckpt
Test MSE group_0: nan
Test MSE group_1: 0.0215
Test MSE group_2: nan
Test MSE group_3: nan
Poisson likelihood: 0.0
CE loss: 0.0
train MSE group_0: nan
train MSE group_1: 0.0144
train MSE group_2: nan
train MSE group_3: nan
CE loss (TEST): 0.0
Experiment 39313
Epoch 0055 [Test seq (cond on sampled tp)] | Loss 105.000656 | Likelihood -107.660698 | KL fp 2.6327 | FP STD 0.0958|
KL coef: 0.36381451393612907
Train loss (one batch): 63.498085021972656
Train CE loss (one batch): 0.0
Test MSE (raw): 0.0223
Test MSE (smoothed with alpha=0.01): 0.3514
New best smoothed test MSE: 0.3514. Saving best model to experiments/experiment_39313_best.ckpt
Test MSE group_0: nan
Test MSE group_1: 0.0223
Test MSE group_2: nan
Test MSE group_3: nan
Poisson likelihood: 0.0
CE loss: 0.0
train MSE group_0: nan
train MSE group_1: 0.0136
train MSE group_2: nan
train MSE group_3: nan
CE loss (TEST): 0.0
Experiment 39313
Epoch 0056 [Test seq (cond on sampled tp)] | Loss 93.252815 | Likelihood -98.204781 | KL fp 2.4886 | FP STD 0.0961|
KL coef: 0.37017636879676774
Train loss (one batch): 61.96548843383789
Train CE loss (one batch): 0.0
Test MSE (raw): 0.0204
Test MSE (smoothed with alpha=0.01): 0.3481
New best smoothed test MSE: 0.3481. Saving best model to experiments/experiment_39313_best.ckpt
Test MSE group_0: nan
Test MSE group_1: 0.0204
Test MSE group_2: nan
Test MSE group_3: nan
Poisson likelihood: 0.0
CE loss: 0.0
train MSE group_0: nan
train MSE group_1: 0.0133
train MSE group_2: nan
train MSE group_3: nan
CE loss (TEST): 0.0
Experiment 39313
Epoch 0057 [Test seq (cond on sampled tp)] | Loss 95.144005 | Likelihood -97.837685 | KL fp 2.4531 | FP STD 0.0968|
KL coef: 0.37647460510880004
Train loss (one batch): 63.0244026184082
Train CE loss (one batch): 0.0
Test MSE (raw): 0.0203
Test MSE (smoothed with alpha=0.01): 0.3448
New best smoothed test MSE: 0.3448. Saving best model to experiments/experiment_39313_best.ckpt
Test MSE group_0: nan
Test MSE group_1: 0.0203
Test MSE group_2: nan
Test MSE group_3: nan
Poisson likelihood: 0.0
CE loss: 0.0
train MSE group_0: nan
train MSE group_1: 0.0135
train MSE group_2: nan
train MSE group_3: nan
CE loss (TEST): 0.0
Experiment 39313
Epoch 0058 [Test seq (cond on sampled tp)] | Loss 90.633652 | Likelihood -92.978790 | KL fp 2.4512 | FP STD 0.0973|
KL coef: 0.38270985905771204
Train loss (one batch): 62.08761215209961
Train CE loss (one batch): 0.0
Test MSE (raw): 0.0193
Test MSE (smoothed with alpha=0.01): 0.3415
New best smoothed test MSE: 0.3415. Saving best model to experiments/experiment_39313_best.ckpt
Test MSE group_0: nan
Test MSE group_1: 0.0193
Test MSE group_2: nan
Test MSE group_3: nan
Poisson likelihood: 0.0
CE loss: 0.0
train MSE group_0: nan
train MSE group_1: 0.0135
train MSE group_2: nan
train MSE group_3: nan
CE loss (TEST): 0.0
Experiment 39313
Epoch 0059 [Test seq (cond on sampled tp)] | Loss 88.249527 | Likelihood -91.496521 | KL fp 2.4891 | FP STD 0.0967|
KL coef: 0.388882760467135
Train loss (one batch): 60.274375915527344
Train CE loss (one batch): 0.0
Test MSE (raw): 0.0190
Test MSE (smoothed with alpha=0.01): 0.3383
New best smoothed test MSE: 0.3383. Saving best model to experiments/experiment_39313_best.ckpt
Test MSE group_0: nan
Test MSE group_1: 0.0190
Test MSE group_2: nan
Test MSE group_3: nan
Poisson likelihood: 0.0
CE loss: 0.0
train MSE group_0: nan
train MSE group_1: 0.0129
train MSE group_2: nan
train MSE group_3: nan
CE loss (TEST): 0.0
Experiment 39313
Epoch 0060 [Test seq (cond on sampled tp)] | Loss 92.404579 | Likelihood -92.916847 | KL fp 2.5727 | FP STD 0.0937|
KL coef: 0.39499393286246365
Train loss (one batch): 62.299983978271484
Train CE loss (one batch): 0.0
Test MSE (raw): 0.0193
Test MSE (smoothed with alpha=0.01): 0.3351
New best smoothed test MSE: 0.3351. Saving best model to experiments/experiment_39313_best.ckpt
Test MSE group_0: nan
Test MSE group_1: 0.0193
Test MSE group_2: nan
Test MSE group_3: nan
Poisson likelihood: 0.0
CE loss: 0.0
train MSE group_0: nan
train MSE group_1: 0.0134
train MSE group_2: nan
train MSE group_3: nan
CE loss (TEST): 0.0
Experiment 39313
Epoch 0061 [Test seq (cond on sampled tp)] | Loss 86.690720 | Likelihood -91.043266 | KL fp 2.6813 | FP STD 0.0901|
KL coef: 0.401043993533839
Train loss (one batch): 62.460662841796875
Train CE loss (one batch): 0.0
Test MSE (raw): 0.0189
Test MSE (smoothed with alpha=0.01): 0.3320
New best smoothed test MSE: 0.3320. Saving best model to experiments/experiment_39313_best.ckpt
Test MSE group_0: nan
Test MSE group_1: 0.0189
Test MSE group_2: nan
Test MSE group_3: nan
Poisson likelihood: 0.0
CE loss: 0.0
train MSE group_0: nan
train MSE group_1: 0.0133
train MSE group_2: nan
train MSE group_3: nan
CE loss (TEST): 0.0
Experiment 39313
Epoch 0062 [Test seq (cond on sampled tp)] | Loss 86.552704 | Likelihood -90.309029 | KL fp 2.8160 | FP STD 0.0857|
KL coef: 0.4070335535985006
Train loss (one batch): 61.80611801147461
Train CE loss (one batch): 0.0
Test MSE (raw): 0.0188
Test MSE (smoothed with alpha=0.01): 0.3288
New best smoothed test MSE: 0.3288. Saving best model to experiments/experiment_39313_best.ckpt
Test MSE group_0: nan
Test MSE group_1: 0.0188
Test MSE group_2: nan
Test MSE group_3: nan
Poisson likelihood: 0.0
CE loss: 0.0
train MSE group_0: nan
train MSE group_1: 0.0132
train MSE group_2: nan
train MSE group_3: nan
CE loss (TEST): 0.0
Experiment 39313
Epoch 0063 [Test seq (cond on sampled tp)] | Loss 91.577789 | Likelihood -92.034874 | KL fp 2.8986 | FP STD 0.0819|
KL coef: 0.41296321806251557
Train loss (one batch): 60.655494689941406
Train CE loss (one batch): 0.0
Test MSE (raw): 0.0191
Test MSE (smoothed with alpha=0.01): 0.3257
New best smoothed test MSE: 0.3257. Saving best model to experiments/experiment_39313_best.ckpt
Test MSE group_0: nan
Test MSE group_1: 0.0191
Test MSE group_2: nan
Test MSE group_3: nan
Poisson likelihood: 0.0
CE loss: 0.0
train MSE group_0: nan
train MSE group_1: 0.0130
train MSE group_2: nan
train MSE group_3: nan
CE loss (TEST): 0.0
Experiment 39313
Epoch 0064 [Test seq (cond on sampled tp)] | Loss 92.587006 | Likelihood -93.060341 | KL fp 2.8924 | FP STD 0.0808|
KL coef: 0.41883358588189046
Train loss (one batch): 59.724853515625
Train CE loss (one batch): 0.0
Test MSE (raw): 0.0193
Test MSE (smoothed with alpha=0.01): 0.3227
New best smoothed test MSE: 0.3227. Saving best model to experiments/experiment_39313_best.ckpt
Test MSE group_0: nan
Test MSE group_1: 0.0193
Test MSE group_2: nan
Test MSE group_3: nan
Poisson likelihood: 0.0
CE loss: 0.0
train MSE group_0: nan
train MSE group_1: 0.0128
train MSE group_2: nan
train MSE group_3: nan
CE loss (TEST): 0.0
Experiment 39313
Epoch 0065 [Test seq (cond on sampled tp)] | Loss 93.914764 | Likelihood -95.153389 | KL fp 2.8383 | FP STD 0.0825|
KL coef: 0.4246452500230715
Train loss (one batch): 58.41159439086914
Train CE loss (one batch): 0.0
Test MSE (raw): 0.0198
Test MSE (smoothed with alpha=0.01): 0.3196
New best smoothed test MSE: 0.3196. Saving best model to experiments/experiment_39313_best.ckpt
Test MSE group_0: nan
Test MSE group_1: 0.0198
Test MSE group_2: nan
Test MSE group_3: nan
Poisson likelihood: 0.0
CE loss: 0.0
train MSE group_0: nan
train MSE group_1: 0.0126
train MSE group_2: nan
train MSE group_3: nan
CE loss (TEST): 0.0
Experiment 39313
Epoch 0066 [Test seq (cond on sampled tp)] | Loss 86.519279 | Likelihood -89.350197 | KL fp 2.8492 | FP STD 0.0845|
KL coef: 0.4303987975228408
Train loss (one batch): 59.36109161376953
Train CE loss (one batch): 0.0
Test MSE (raw): 0.0186
Test MSE (smoothed with alpha=0.01): 0.3166
New best smoothed test MSE: 0.3166. Saving best model to experiments/experiment_39313_best.ckpt
Test MSE group_0: nan
Test MSE group_1: 0.0186
Test MSE group_2: nan
Test MSE group_3: nan
Poisson likelihood: 0.0
CE loss: 0.0
train MSE group_0: nan
train MSE group_1: 0.0126
train MSE group_2: nan
train MSE group_3: nan
CE loss (TEST): 0.0
Experiment 39313
Epoch 0067 [Test seq (cond on sampled tp)] | Loss 91.847267 | Likelihood -91.799507 | KL fp 2.8418 | FP STD 0.0865|
KL coef: 0.4360948095476125
Train loss (one batch): 58.11847686767578
Train CE loss (one batch): 0.0
Test MSE (raw): 0.0191
Test MSE (smoothed with alpha=0.01): 0.3136
New best smoothed test MSE: 0.3136. Saving best model to experiments/experiment_39313_best.ckpt
Test MSE group_0: nan
Test MSE group_1: 0.0191
Test MSE group_2: nan
Test MSE group_3: nan
Poisson likelihood: 0.0
CE loss: 0.0
train MSE group_0: nan
train MSE group_1: 0.0125
train MSE group_2: nan
train MSE group_3: nan
CE loss (TEST): 0.0
Experiment 39313
Epoch 0068 [Test seq (cond on sampled tp)] | Loss 87.244164 | Likelihood -87.441216 | KL fp 2.7749 | FP STD 0.0885|
KL coef: 0.44173386145213633
Train loss (one batch): 59.87823486328125
Train CE loss (one batch): 0.0
Test MSE (raw): 0.0182
Test MSE (smoothed with alpha=0.01): 0.3107
New best smoothed test MSE: 0.3107. Saving best model to experiments/experiment_39313_best.ckpt
Test MSE group_0: nan
Test MSE group_1: 0.0182
Test MSE group_2: nan
Test MSE group_3: nan
Poisson likelihood: 0.0
CE loss: 0.0
train MSE group_0: nan
train MSE group_1: 0.0127
train MSE group_2: nan
train MSE group_3: nan
CE loss (TEST): 0.0
Experiment 39313
Epoch 0069 [Test seq (cond on sampled tp)] | Loss 83.126541 | Likelihood -84.690308 | KL fp 2.6319 | FP STD 0.0910|
KL coef: 0.4473165228376149
Train loss (one batch): 57.0384635925293
Train CE loss (one batch): 0.0
Test MSE (raw): 0.0177
Test MSE (smoothed with alpha=0.01): 0.3078
New best smoothed test MSE: 0.3078. Saving best model to experiments/experiment_39313_best.ckpt
Test MSE group_0: nan
Test MSE group_1: 0.0177
Test MSE group_2: nan
Test MSE group_3: nan
Poisson likelihood: 0.0
CE loss: 0.0
train MSE group_0: nan
train MSE group_1: 0.0122
train MSE group_2: nan
train MSE group_3: nan
CE loss (TEST): 0.0
Experiment 39313
Epoch 0070 [Test seq (cond on sampled tp)] | Loss 86.342598 | Likelihood -88.237000 | KL fp 2.5054 | FP STD 0.0945|
KL coef: 0.4528433576092388
Train loss (one batch): 56.829463958740234
Train CE loss (one batch): 0.0
Test MSE (raw): 0.0184
Test MSE (smoothed with alpha=0.01): 0.3049
New best smoothed test MSE: 0.3049. Saving best model to experiments/experiment_39313_best.ckpt
Test MSE group_0: nan
Test MSE group_1: 0.0184
Test MSE group_2: nan
Test MSE group_3: nan
Poisson likelihood: 0.0
CE loss: 0.0
train MSE group_0: nan
train MSE group_1: 0.0123
train MSE group_2: nan
train MSE group_3: nan
CE loss (TEST): 0.0
Experiment 39313
Epoch 0071 [Test seq (cond on sampled tp)] | Loss 83.591202 | Likelihood -89.966125 | KL fp 2.4275 | FP STD 0.0975|
KL coef: 0.45831492403314644
Train loss (one batch): 57.844322204589844
Train CE loss (one batch): 0.0
Test MSE (raw): 0.0187
Test MSE (smoothed with alpha=0.01): 0.3020
New best smoothed test MSE: 0.3020. Saving best model to experiments/experiment_39313_best.ckpt
Test MSE group_0: nan
Test MSE group_1: 0.0187
Test MSE group_2: nan
Test MSE group_3: nan
Poisson likelihood: 0.0
CE loss: 0.0
train MSE group_0: nan
train MSE group_1: 0.0124
train MSE group_2: nan
train MSE group_3: nan
CE loss (TEST): 0.0
Experiment 39313
Epoch 0072 [Test seq (cond on sampled tp)] | Loss 88.742874 | Likelihood -89.309906 | KL fp 2.3765 | FP STD 0.0994|
KL coef: 0.463731774792815
Train loss (one batch): 57.117305755615234
Train CE loss (one batch): 0.0
Test MSE (raw): 0.0186
Test MSE (smoothed with alpha=0.01): 0.2992
New best smoothed test MSE: 0.2992. Saving best model to experiments/experiment_39313_best.ckpt
Test MSE group_0: nan
Test MSE group_1: 0.0186
Test MSE group_2: nan
Test MSE group_3: nan
Poisson likelihood: 0.0
CE loss: 0.0
train MSE group_0: nan
train MSE group_1: 0.0123
train MSE group_2: nan
train MSE group_3: nan
CE loss (TEST): 0.0
Experiment 39313
Epoch 0073 [Test seq (cond on sampled tp)] | Loss 82.263153 | Likelihood -85.758003 | KL fp 2.3614 | FP STD 0.1009|
KL coef: 0.46909445704488684
Train loss (one batch): 56.64808654785156
Train CE loss (one batch): 0.0
Test MSE (raw): 0.0179
Test MSE (smoothed with alpha=0.01): 0.2964
New best smoothed test MSE: 0.2964. Saving best model to experiments/experiment_39313_best.ckpt
Test MSE group_0: nan
Test MSE group_1: 0.0179
Test MSE group_2: nan
Test MSE group_3: nan
Poisson likelihood: 0.0
CE loss: 0.0
train MSE group_0: nan
train MSE group_1: 0.0121
train MSE group_2: nan
train MSE group_3: nan
CE loss (TEST): 0.0
Experiment 39313
Epoch 0074 [Test seq (cond on sampled tp)] | Loss 89.777435 | Likelihood -90.356194 | KL fp 2.3709 | FP STD 0.1018|
KL coef: 0.474403512474438
Train loss (one batch): 57.696571350097656
Train CE loss (one batch): 0.0
Test MSE (raw): 0.0188
Test MSE (smoothed with alpha=0.01): 0.2936
New best smoothed test MSE: 0.2936. Saving best model to experiments/experiment_39313_best.ckpt
Test MSE group_0: nan
Test MSE group_1: 0.0188
Test MSE group_2: nan
Test MSE group_3: nan
Poisson likelihood: 0.0
CE loss: 0.0
train MSE group_0: nan
train MSE group_1: 0.0123
train MSE group_2: nan
train MSE group_3: nan
CE loss (TEST): 0.0
Experiment 39313
Epoch 0075 [Test seq (cond on sampled tp)] | Loss 86.608284 | Likelihood -86.892235 | KL fp 2.3821 | FP STD 0.1031|
KL coef: 0.4796594773496936
Train loss (one batch): 56.414066314697266
Train CE loss (one batch): 0.0
Test MSE (raw): 0.0181
Test MSE (smoothed with alpha=0.01): 0.2908
New best smoothed test MSE: 0.2908. Saving best model to experiments/experiment_39313_best.ckpt
Test MSE group_0: nan
Test MSE group_1: 0.0181
Test MSE group_2: nan
Test MSE group_3: nan
Poisson likelihood: 0.0
CE loss: 0.0
train MSE group_0: nan
train MSE group_1: 0.0120
train MSE group_2: nan
train MSE group_3: nan
CE loss (TEST): 0.0
Experiment 39313
Epoch 0076 [Test seq (cond on sampled tp)] | Loss 87.340118 | Likelihood -88.375237 | KL fp 2.4082 | FP STD 0.1041|
KL coef: 0.4848628825761967
Train loss (one batch): 55.94805908203125
Train CE loss (one batch): 0.0
Test MSE (raw): 0.0184
Test MSE (smoothed with alpha=0.01): 0.2881
New best smoothed test MSE: 0.2881. Saving best model to experiments/experiment_39313_best.ckpt
Test MSE group_0: nan
Test MSE group_1: 0.0184
Test MSE group_2: nan
Test MSE group_3: nan
Poisson likelihood: 0.0
CE loss: 0.0
train MSE group_0: nan
train MSE group_1: 0.0120
train MSE group_2: nan
train MSE group_3: nan
CE loss (TEST): 0.0
Experiment 39313
Epoch 0077 [Test seq (cond on sampled tp)] | Loss 83.668106 | Likelihood -86.524773 | KL fp 2.4856 | FP STD 0.1044|
KL coef: 0.4900142537504347
Train loss (one batch): 56.35009765625
Train CE loss (one batch): 0.0
Test MSE (raw): 0.0180
Test MSE (smoothed with alpha=0.01): 0.2854
New best smoothed test MSE: 0.2854. Saving best model to experiments/experiment_39313_best.ckpt
Test MSE group_0: nan
Test MSE group_1: 0.0180
Test MSE group_2: nan
Test MSE group_3: nan
Poisson likelihood: 0.0
CE loss: 0.0
train MSE group_0: nan
train MSE group_1: 0.0121
train MSE group_2: nan
train MSE group_3: nan
CE loss (TEST): 0.0
Experiment 39313
Epoch 0078 [Test seq (cond on sampled tp)] | Loss 87.765114 | Likelihood -89.198402 | KL fp 2.2661 | FP STD 0.1069|
KL coef: 0.49511411121293036
Train loss (one batch): 56.370849609375
Train CE loss (one batch): 0.0
Test MSE (raw): 0.0186
Test MSE (smoothed with alpha=0.01): 0.2827
New best smoothed test MSE: 0.2827. Saving best model to experiments/experiment_39313_best.ckpt
Test MSE group_0: nan
Test MSE group_1: 0.0186
Test MSE group_2: nan
Test MSE group_3: nan
Poisson likelihood: 0.0
CE loss: 0.0
train MSE group_0: nan
train MSE group_1: 0.0121
train MSE group_2: nan
train MSE group_3: nan
CE loss (TEST): 0.0
Experiment 39313
Epoch 0079 [Test seq (cond on sampled tp)] | Loss 91.218666 | Likelihood -91.581322 | KL fp 2.1884 | FP STD 0.1092|
KL coef: 0.500162970100801
Train loss (one batch): 55.097251892089844
Train CE loss (one batch): 0.0
Test MSE (raw): 0.0191
Test MSE (smoothed with alpha=0.01): 0.2801
New best smoothed test MSE: 0.2801. Saving best model to experiments/experiment_39313_best.ckpt
Test MSE group_0: nan
Test MSE group_1: 0.0191
Test MSE group_2: nan
Test MSE group_3: nan
Poisson likelihood: 0.0
CE loss: 0.0
train MSE group_0: nan
train MSE group_1: 0.0119
train MSE group_2: nan
train MSE group_3: nan
CE loss (TEST): 0.0
Experiment 39313
Epoch 0080 [Test seq (cond on sampled tp)] | Loss 88.194695 | Likelihood -89.889931 | KL fp 2.1556 | FP STD 0.1104|
KL coef: 0.505161340399793
Train loss (one batch): 54.90633010864258
Train CE loss (one batch): 0.0
Test MSE (raw): 0.0187
Test MSE (smoothed with alpha=0.01): 0.2775
New best smoothed test MSE: 0.2775. Saving best model to experiments/experiment_39313_best.ckpt
Test MSE group_0: nan
Test MSE group_1: 0.0187
Test MSE group_2: nan
Test MSE group_3: nan
Poisson likelihood: 0.0
CE loss: 0.0
train MSE group_0: nan
train MSE group_1: 0.0119
train MSE group_2: nan
train MSE group_3: nan
CE loss (TEST): 0.0
Experiment 39313
Epoch 0081 [Test seq (cond on sampled tp)] | Loss 84.352585 | Likelihood -87.597900 | KL fp 2.1414 | FP STD 0.1108|
KL coef: 0.510109726995795
Train loss (one batch): 55.869869232177734
Train CE loss (one batch): 0.0
Test MSE (raw): 0.0183
Test MSE (smoothed with alpha=0.01): 0.2749
New best smoothed test MSE: 0.2749. Saving best model to experiments/experiment_39313_best.ckpt
Test MSE group_0: nan
Test MSE group_1: 0.0183
Test MSE group_2: nan
Test MSE group_3: nan
Poisson likelihood: 0.0
CE loss: 0.0
train MSE group_0: nan
train MSE group_1: 0.0120
train MSE group_2: nan
train MSE group_3: nan
CE loss (TEST): 0.0
Experiment 39313
Epoch 0082 [Test seq (cond on sampled tp)] | Loss 81.664879 | Likelihood -82.559868 | KL fp 2.1310 | FP STD 0.1113|
KL coef: 0.5150086297258372
Train loss (one batch): 54.73356246948242
Train CE loss (one batch): 0.0
Test MSE (raw): 0.0172
Test MSE (smoothed with alpha=0.01): 0.2723
New best smoothed test MSE: 0.2723. Saving best model to experiments/experiment_39313_best.ckpt
Test MSE group_0: nan
Test MSE group_1: 0.0172
Test MSE group_2: nan
Test MSE group_3: nan
Poisson likelihood: 0.0
CE loss: 0.0
train MSE group_0: nan
train MSE group_1: 0.0118
train MSE group_2: nan
train MSE group_3: nan
CE loss (TEST): 0.0
Experiment 39313
Epoch 0083 [Test seq (cond on sampled tp)] | Loss 84.209625 | Likelihood -85.954132 | KL fp 2.1463 | FP STD 0.1105|
KL coef: 0.5198585434285787
Train loss (one batch): 55.85738754272461
Train CE loss (one batch): 0.0
Test MSE (raw): 0.0179
Test MSE (smoothed with alpha=0.01): 0.2698
New best smoothed test MSE: 0.2698. Saving best model to experiments/experiment_39313_best.ckpt
Test MSE group_0: nan
Test MSE group_1: 0.0179
Test MSE group_2: nan
Test MSE group_3: nan
Poisson likelihood: 0.0
CE loss: 0.0
train MSE group_0: nan
train MSE group_1: 0.0119
train MSE group_2: nan
train MSE group_3: nan
CE loss (TEST): 0.0
Experiment 39313
Epoch 0084 [Test seq (cond on sampled tp)] | Loss 79.953049 | Likelihood -81.963249 | KL fp 2.1877 | FP STD 0.1089|
KL coef: 0.524659957994293
Train loss (one batch): 53.138038635253906
Train CE loss (one batch): 0.0
Test MSE (raw): 0.0171
Test MSE (smoothed with alpha=0.01): 0.2672
New best smoothed test MSE: 0.2672. Saving best model to experiments/experiment_39313_best.ckpt
Test MSE group_0: nan
Test MSE group_1: 0.0171
Test MSE group_2: nan
Test MSE group_3: nan
Poisson likelihood: 0.0
CE loss: 0.0
train MSE group_0: nan
train MSE group_1: 0.0115
train MSE group_2: nan
train MSE group_3: nan
CE loss (TEST): 0.0
Experiment 39313
Epoch 0085 [Test seq (cond on sampled tp)] | Loss 80.968102 | Likelihood -84.317902 | KL fp 2.2521 | FP STD 0.1063|
KL coef: 0.5294133584143501
Train loss (one batch): 54.76362609863281
Train CE loss (one batch): 0.0
Test MSE (raw): 0.0176
Test MSE (smoothed with alpha=0.01): 0.2648
New best smoothed test MSE: 0.2648. Saving best model to experiments/experiment_39313_best.ckpt
Test MSE group_0: nan
Test MSE group_1: 0.0176
Test MSE group_2: nan
Test MSE group_3: nan
Poisson likelihood: 0.0
CE loss: 0.0
train MSE group_0: nan
train MSE group_1: 0.0117
train MSE group_2: nan
train MSE group_3: nan
CE loss (TEST): 0.0
Experiment 39313
Epoch 0086 [Test seq (cond on sampled tp)] | Loss 83.528008 | Likelihood -83.985374 | KL fp 2.3217 | FP STD 0.1033|
KL coef: 0.5341192248302067
Train loss (one batch): 53.102848052978516
Train CE loss (one batch): 0.0
Test MSE (raw): 0.0175
Test MSE (smoothed with alpha=0.01): 0.2623
New best smoothed test MSE: 0.2623. Saving best model to experiments/experiment_39313_best.ckpt
Test MSE group_0: nan
Test MSE group_1: 0.0175
Test MSE group_2: nan
Test MSE group_3: nan
Poisson likelihood: 0.0
CE loss: 0.0
train MSE group_0: nan
train MSE group_1: 0.0114
train MSE group_2: nan
train MSE group_3: nan
CE loss (TEST): 0.0
Experiment 39313
Epoch 0087 [Test seq (cond on sampled tp)] | Loss 81.756691 | Likelihood -82.222816 | KL fp 2.3486 | FP STD 0.1010|
KL coef: 0.5387780325819045
Train loss (one batch): 50.58357620239258
Train CE loss (one batch): 0.0
Test MSE (raw): 0.0172
Test MSE (smoothed with alpha=0.01): 0.2598
New best smoothed test MSE: 0.2598. Saving best model to experiments/experiment_39313_best.ckpt
Test MSE group_0: nan
Test MSE group_1: 0.0172
Test MSE group_2: nan
Test MSE group_3: nan
Poisson likelihood: 0.0
CE loss: 0.0
train MSE group_0: nan
train MSE group_1: 0.0112
train MSE group_2: nan
train MSE group_3: nan
CE loss (TEST): 0.0
Experiment 39313
Epoch 0088 [Test seq (cond on sampled tp)] | Loss 77.130119 | Likelihood -79.792114 | KL fp 2.3746 | FP STD 0.0987|
KL coef: 0.5433902522560855
Train loss (one batch): 52.04059982299805
Train CE loss (one batch): 0.0
Test MSE (raw): 0.0167
Test MSE (smoothed with alpha=0.01): 0.2574
New best smoothed test MSE: 0.2574. Saving best model to experiments/experiment_39313_best.ckpt
Test MSE group_0: nan
Test MSE group_1: 0.0167
Test MSE group_2: nan
Test MSE group_3: nan
Poisson likelihood: 0.0
CE loss: 0.0
train MSE group_0: nan
train MSE group_1: 0.0111
train MSE group_2: nan
train MSE group_3: nan
CE loss (TEST): 0.0
Experiment 39313
Epoch 0089 [Test seq (cond on sampled tp)] | Loss 81.593796 | Likelihood -83.839325 | KL fp 2.4603 | FP STD 0.0963|
KL coef: 0.5479563497335247
Train loss (one batch): 51.660011291503906
Train CE loss (one batch): 0.0
Test MSE (raw): 0.0175
Test MSE (smoothed with alpha=0.01): 0.2550
New best smoothed test MSE: 0.2550. Saving best model to experiments/experiment_39313_best.ckpt
Test MSE group_0: nan
Test MSE group_1: 0.0175
Test MSE group_2: nan
Test MSE group_3: nan
Poisson likelihood: 0.0
CE loss: 0.0
train MSE group_0: nan
train MSE group_1: 0.0111
train MSE group_2: nan
train MSE group_3: nan
CE loss (TEST): 0.0
Experiment 39313
Epoch 0090 [Test seq (cond on sampled tp)] | Loss 84.457100 | Likelihood -84.387550 | KL fp 2.4514 | FP STD 0.0938|
KL coef: 0.5524767862361895
Train loss (one batch): 52.52234649658203
Train CE loss (one batch): 0.0
Test MSE (raw): 0.0176
Test MSE (smoothed with alpha=0.01): 0.2526
New best smoothed test MSE: 0.2526. Saving best model to experiments/experiment_39313_best.ckpt
Test MSE group_0: nan
Test MSE group_1: 0.0176
Test MSE group_2: nan
Test MSE group_3: nan
Poisson likelihood: 0.0
CE loss: 0.0
train MSE group_0: nan
train MSE group_1: 0.0112
train MSE group_2: nan
train MSE group_3: nan
CE loss (TEST): 0.0
Experiment 39313
Epoch 0091 [Test seq (cond on sampled tp)] | Loss 78.186234 | Likelihood -78.118294 | KL fp 2.5117 | FP STD 0.0904|
KL coef: 0.5569520183738275
Train loss (one batch): 51.74396896362305
Train CE loss (one batch): 0.0
Test MSE (raw): 0.0164
Test MSE (smoothed with alpha=0.01): 0.2503
New best smoothed test MSE: 0.2503. Saving best model to experiments/experiment_39313_best.ckpt
Test MSE group_0: nan
Test MSE group_1: 0.0164
Test MSE group_2: nan
Test MSE group_3: nan
Poisson likelihood: 0.0
CE loss: 0.0
train MSE group_0: nan
train MSE group_1: 0.0110
train MSE group_2: nan
train MSE group_3: nan
CE loss (TEST): 0.0
Experiment 39313
Epoch 0092 [Test seq (cond on sampled tp)] | Loss 76.693901 | Likelihood -80.814888 | KL fp 2.5447 | FP STD 0.0870|
KL coef: 0.5613824981900892
Train loss (one batch): 51.00537872314453
Train CE loss (one batch): 0.0
Test MSE (raw): 0.0169
Test MSE (smoothed with alpha=0.01): 0.2479
New best smoothed test MSE: 0.2479. Saving best model to experiments/experiment_39313_best.ckpt
Test MSE group_0: nan
Test MSE group_1: 0.0169
Test MSE group_2: nan
Test MSE group_3: nan
Poisson likelihood: 0.0
CE loss: 0.0
train MSE group_0: nan
train MSE group_1: 0.0109
train MSE group_2: nan
train MSE group_3: nan
CE loss (TEST): 0.0
Experiment 39313
Epoch 0093 [Test seq (cond on sampled tp)] | Loss 81.141220 | Likelihood -81.760323 | KL fp 2.5142 | FP STD 0.0847|
KL coef: 0.5657686732081884
Train loss (one batch): 51.57499694824219
Train CE loss (one batch): 0.0
Test MSE (raw): 0.0171
Test MSE (smoothed with alpha=0.01): 0.2456
New best smoothed test MSE: 0.2456. Saving best model to experiments/experiment_39313_best.ckpt
Test MSE group_0: nan
Test MSE group_1: 0.0171
Test MSE group_2: nan
Test MSE group_3: nan
Poisson likelihood: 0.0
CE loss: 0.0
train MSE group_0: nan
train MSE group_1: 0.0110
train MSE group_2: nan
train MSE group_3: nan
CE loss (TEST): 0.0
Experiment 39313
Epoch 0094 [Test seq (cond on sampled tp)] | Loss 79.695953 | Likelihood -80.839401 | KL fp 2.5252 | FP STD 0.0830|
KL coef: 0.5701109864761065
Train loss (one batch): 49.63862228393555
Train CE loss (one batch): 0.0
Test MSE (raw): 0.0169
Test MSE (smoothed with alpha=0.01): 0.2433
New best smoothed test MSE: 0.2433. Saving best model to experiments/experiment_39313_best.ckpt
Test MSE group_0: nan
Test MSE group_1: 0.0169
Test MSE group_2: nan
Test MSE group_3: nan
Poisson likelihood: 0.0
CE loss: 0.0
train MSE group_0: nan
train MSE group_1: 0.0108
train MSE group_2: nan
train MSE group_3: nan
CE loss (TEST): 0.0
Experiment 39313
Epoch 0095 [Test seq (cond on sampled tp)] | Loss 77.334625 | Likelihood -79.084541 | KL fp 2.5297 | FP STD 0.0820|
KL coef: 0.5744098766113455
Train loss (one batch): 50.017242431640625
Train CE loss (one batch): 0.0
Test MSE (raw): 0.0166
Test MSE (smoothed with alpha=0.01): 0.2411
New best smoothed test MSE: 0.2411. Saving best model to experiments/experiment_39313_best.ckpt
Test MSE group_0: nan
Test MSE group_1: 0.0166
Test MSE group_2: nan
Test MSE group_3: nan
Poisson likelihood: 0.0
CE loss: 0.0
train MSE group_0: nan
train MSE group_1: 0.0108
train MSE group_2: nan
train MSE group_3: nan
CE loss (TEST): 0.0
Experiment 39313
Epoch 0096 [Test seq (cond on sampled tp)] | Loss 79.827446 | Likelihood -81.179642 | KL fp 2.5516 | FP STD 0.0806|
KL coef: 0.578665777845232
Train loss (one batch): 51.26799392700195
Train CE loss (one batch): 0.0
Test MSE (raw): 0.0170
Test MSE (smoothed with alpha=0.01): 0.2388
New best smoothed test MSE: 0.2388. Saving best model to experiments/experiment_39313_best.ckpt
Test MSE group_0: nan
Test MSE group_1: 0.0170
Test MSE group_2: nan
Test MSE group_3: nan
Poisson likelihood: 0.0
CE loss: 0.0
train MSE group_0: nan
train MSE group_1: 0.0109
train MSE group_2: nan
train MSE group_3: nan
CE loss (TEST): 0.0
Experiment 39313
Epoch 0097 [Test seq (cond on sampled tp)] | Loss 76.915779 | Likelihood -77.611641 | KL fp 2.5712 | FP STD 0.0792|
KL coef: 0.5828791200667797
Train loss (one batch): 50.43907928466797
Train CE loss (one batch): 0.0
Test MSE (raw): 0.0163
Test MSE (smoothed with alpha=0.01): 0.2366
New best smoothed test MSE: 0.2366. Saving best model to experiments/experiment_39313_best.ckpt
Test MSE group_0: nan
Test MSE group_1: 0.0163
Test MSE group_2: nan
Test MSE group_3: nan
Poisson likelihood: 0.0
CE loss: 0.0
train MSE group_0: nan
train MSE group_1: 0.0108
train MSE group_2: nan
train MSE group_3: nan
CE loss (TEST): 0.0
Experiment 39313
Epoch 0098 [Test seq (cond on sampled tp)] | Loss 77.747063 | Likelihood -77.631737 | KL fp 2.5940 | FP STD 0.0784|
KL coef: 0.5870503288661119
Train loss (one batch): 48.47489929199219
Train CE loss (one batch): 0.0
Test MSE (raw): 0.0163
Test MSE (smoothed with alpha=0.01): 0.2344
New best smoothed test MSE: 0.2344. Saving best model to experiments/experiment_39313_best.ckpt
Test MSE group_0: nan
Test MSE group_1: 0.0163
Test MSE group_2: nan
Test MSE group_3: nan
Poisson likelihood: 0.0
CE loss: 0.0
train MSE group_0: nan
train MSE group_1: 0.0104
train MSE group_2: nan
train MSE group_3: nan
CE loss (TEST): 0.0
Experiment 39313
Epoch 0099 [Test seq (cond on sampled tp)] | Loss 78.194016 | Likelihood -79.181007 | KL fp 2.6252 | FP STD 0.0774|
KL coef: 0.5911798255774507
Train loss (one batch): 49.4786262512207
Train CE loss (one batch): 0.0
Test MSE (raw): 0.0166
Test MSE (smoothed with alpha=0.01): 0.2322
New best smoothed test MSE: 0.2322. Saving best model to experiments/experiment_39313_best.ckpt
Test MSE group_0: nan
Test MSE group_1: 0.0166
Test MSE group_2: nan
Test MSE group_3: nan
Poisson likelihood: 0.0
CE loss: 0.0
train MSE group_0: nan
train MSE group_1: 0.0105
train MSE group_2: nan
train MSE group_3: nan
CE loss (TEST): 0.0
Experiment 39313
Epoch 0100 [Test seq (cond on sampled tp)] | Loss 77.145500 | Likelihood -79.505775 | KL fp 2.6713 | FP STD 0.0757|
KL coef: 0.5952680273216762
Train loss (one batch): 49.115997314453125
Train CE loss (one batch): 0.0
Test MSE (raw): 0.0166
Test MSE (smoothed with alpha=0.01): 0.2301
New best smoothed test MSE: 0.2301. Saving best model to experiments/experiment_39313_best.ckpt
Test MSE group_0: nan
Test MSE group_1: 0.0166
Test MSE group_2: nan
Test MSE group_3: nan
Poisson likelihood: 0.0
CE loss: 0.0
train MSE group_0: nan
train MSE group_1: 0.0105
train MSE group_2: nan
train MSE group_3: nan
CE loss (TEST): 0.0
Couldn't import umap
Sampling dataset of 200 training examples
03BA-82M3
17DM-84M3
16BM-7J7
16BM-86M3
############## ['09MP-8J7', '18ZD-86M3', '08AA-89M3', '10MJ-7J7', '08GJ-6J7', '11RM-8J7', '05JM-88M3', '17DM-8J7', '08GJ-84M3', '13SA-7J7', '13SA-87M3', '02JD-373M3', '05JM-8J7', '09MP-90M3', '06VS-7J7', '10MJ-86M3', '08AA-8J7', '11RM-86M3', '07LB-7J7', '06VS-84M3', '18ZD-8J7', '02JD-94M3', '07LB-87M3', '03BA-8J7']
161
TensorBoard logs will be saved to: experiments/runs/39313
plotting....
Traceback (most recent call last):
  File "/Users/benjaminmaurel/Documents/Training_Sanofi/notebooks_hands_on/latent_ode/run_models.py", line 402, in <module>
    viz.draw_all_plots_one_dim(test_dict, model, 
    ^^^^^^^^^^^^^^^^^^^^^^^^^^^^^^^^^^^^^^^^^^^^
  File "/Users/benjaminmaurel/Documents/Training_Sanofi/notebooks_hands_on/latent_ode/lib/plotting.py", line 547, in draw_all_plots_one_dim
    error = plot_auc(self.ax_vector_field, data, reconstructions, time_steps, time_steps_to_predict)
            ^^^^^^^^^^^^^^^^^^^^^^^^^^^^^^^^^^^^^^^^^^^^^^^^^^^^^^^^^^^^^^^^^^^^^^^^^^^^^^^^^^^^^^^^
  File "/Users/benjaminmaurel/Documents/Training_Sanofi/notebooks_hands_on/latent_ode/lib/plotting.py", line 141, in plot_auc
    rec_mean = np.mean(reconstructions, axis = 0)
               ^^^^^^^^^^^^^^^^^^^^^^^^^^^^^^^^^^
  File "/opt/miniconda3/envs/NODE_test/lib/python3.12/site-packages/numpy/_core/fromnumeric.py", line 3594, in mean
    return mean(axis=axis, dtype=dtype, out=out, **kwargs)
           ^^^^^^^^^^^^^^^^^^^^^^^^^^^^^^^^^^^^^^^^^^^^^^^
TypeError: mean() received an invalid combination of arguments - got (out=NoneType, dtype=NoneType, axis=int, ), but expected one of:
 * (*, torch.dtype dtype = None)
 * (tuple of ints dim, bool keepdim = False, *, torch.dtype dtype = None)
 * (tuple of names dim, bool keepdim = False, *, torch.dtype dtype = None)

