Traceback (most recent call last):
  File "/Users/benjaminmaurel/Documents/Training_Sanofi/notebooks_hands_on/latent_ode/run_models.py", line 22, in <module>
    from sklearn import model_selection
  File "/opt/miniconda3/envs/NODE_test/lib/python3.12/site-packages/sklearn/__init__.py", line 73, in <module>
    from .base import clone  # noqa: E402
    ^^^^^^^^^^^^^^^^^^^^^^^
  File "/opt/miniconda3/envs/NODE_test/lib/python3.12/site-packages/sklearn/base.py", line 19, in <module>
    from .utils._estimator_html_repr import _HTMLDocumentationLinkMixin, estimator_html_repr
  File "/opt/miniconda3/envs/NODE_test/lib/python3.12/site-packages/sklearn/utils/__init__.py", line 15, in <module>
    from ._chunking import gen_batches, gen_even_slices
  File "/opt/miniconda3/envs/NODE_test/lib/python3.12/site-packages/sklearn/utils/_chunking.py", line 11, in <module>
    from ._param_validation import Interval, validate_params
  File "/opt/miniconda3/envs/NODE_test/lib/python3.12/site-packages/sklearn/utils/_param_validation.py", line 17, in <module>
    from .validation import _is_arraylike_not_scalar
  File "/opt/miniconda3/envs/NODE_test/lib/python3.12/site-packages/sklearn/utils/validation.py", line 21, in <module>
    from ..utils._array_api import _asarray_with_order, _is_numpy_namespace, get_namespace
  File "/opt/miniconda3/envs/NODE_test/lib/python3.12/site-packages/sklearn/utils/_array_api.py", line 17, in <module>
    from .fixes import parse_version
  File "/opt/miniconda3/envs/NODE_test/lib/python3.12/site-packages/sklearn/utils/fixes.py", line 17, in <module>
    import scipy.stats
  File "/opt/miniconda3/envs/NODE_test/lib/python3.12/site-packages/scipy/stats/__init__.py", line 624, in <module>
    from ._stats_py import *
  File "/opt/miniconda3/envs/NODE_test/lib/python3.12/site-packages/scipy/stats/_stats_py.py", line 41, in <module>
    from scipy.optimize import milp, LinearConstraint
  File "/opt/miniconda3/envs/NODE_test/lib/python3.12/site-packages/scipy/optimize/__init__.py", line 424, in <module>
    from ._root import *
  File "/opt/miniconda3/envs/NODE_test/lib/python3.12/site-packages/scipy/optimize/_root.py", line 15, in <module>
    from ._minpack_py import _root_hybr, leastsq
  File "/opt/miniconda3/envs/NODE_test/lib/python3.12/site-packages/scipy/optimize/_minpack_py.py", line 2, in <module>
    from . import _minpack
KeyboardInterrupt
