/opt/miniconda3/envs/NODE_test/lib/python3.12/site-packages/torchvision/io/image.py:14: UserWarning: Failed to load image Python extension: 'dlopen(/opt/miniconda3/envs/NODE_test/lib/python3.12/site-packages/torchvision/image.so, 0x0006): Library not loaded: @rpath/libjpeg.9.dylib
  Referenced from: <367D4265-B20F-34BD-94EB-4F3EE47C385B> /opt/miniconda3/envs/NODE_test/lib/python3.12/site-packages/torchvision/image.so
  Reason: tried: '/opt/miniconda3/envs/NODE_test/lib/python3.12/site-packages/torchvision/../../../libjpeg.9.dylib' (no such file), '/opt/miniconda3/envs/NODE_test/lib/python3.12/site-packages/torchvision/../../../libjpeg.9.dylib' (no such file), '/opt/miniconda3/envs/NODE_test/lib/python3.12/lib-dynload/../../libjpeg.9.dylib' (no such file), '/opt/miniconda3/envs/NODE_test/bin/../lib/libjpeg.9.dylib' (no such file)'If you don't plan on using image functionality from `torchvision.io`, you can ignore this warning. Otherwise, there might be something wrong with your environment. Did you have `libjpeg` or `libpng` installed before building `torchvision` from source?
  warn(
/Users/benjaminmaurel/Documents/Training_Sanofi/notebooks_hands_on/latent_ode/lib/read_tacro.py:159: FutureWarning: DataFrame.applymap has been deprecated. Use DataFrame.map instead.
  df = df.applymap(lambda x: str(x).replace(",", ".") if isinstance(x, str) else x)
/Users/benjaminmaurel/Documents/Training_Sanofi/notebooks_hands_on/latent_ode/lib/read_tacro.py:267: UserWarning: Creating a tensor from a list of numpy.ndarrays is extremely slow. Please consider converting the list to a single numpy.ndarray with numpy.array() before converting to a tensor. (Triggered internally at /Users/runner/miniforge3/conda-bld/libtorch_1744320385493/work/torch/csrc/utils/tensor_new.cpp:281.)
  'auc_be': torch.tensor(auc_be),
/Users/benjaminmaurel/Documents/Training_Sanofi/notebooks_hands_on/latent_ode/lib/read_tacro.py:391: FutureWarning: DataFrame.applymap has been deprecated. Use DataFrame.map instead.
  df = df.applymap(lambda x: str(x).replace(",", ".") if isinstance(x, str) else x)
/Users/benjaminmaurel/Documents/Training_Sanofi/notebooks_hands_on/latent_ode/lib/read_tacro.py:391: FutureWarning: DataFrame.applymap has been deprecated. Use DataFrame.map instead.
  df = df.applymap(lambda x: str(x).replace(",", ".") if isinstance(x, str) else x)
/Users/benjaminmaurel/Documents/Training_Sanofi/notebooks_hands_on/latent_ode/run_models.py
run_models.py --niters 10 -n 200 -s 40 -l 10 --dataset PK_Tacro --latent-ode --noise-weight 0.01 --max-t 5. --seed 54 --experiment 22495
Experiment 22495
Epoch 0010 [Test seq (cond on sampled tp)] | Loss 5171.415527 | Likelihood -5671.041016 | KL fp 5.2674 | FP STD 1.1959|
KL coef: 0.0
Train loss (one batch): 2676.4609375
Train CE loss (one batch): 0.0
Test MSE (raw): 1.1349
Test MSE (smoothed with alpha=0.01): 1.1349
New best smoothed test MSE: 1.1349. Saving best model to experiments/experiment_22495_best.ckpt
Test MSE group_0: 0.8487
Test MSE group_1: 1.2304
Test MSE group_2: nan
Test MSE group_3: nan
Poisson likelihood: 0.0
CE loss: 0.0
train MSE group_0: 0.8074
train MSE group_1: 0.8267
train MSE group_2: nan
train MSE group_3: nan
CE loss (TEST): 0.0
Couldn't import umap
Sampling dataset of 200 training examples
############## ['2551', '4050', '3831', '3151', '11441', '3121', '11211', '11621', '2231', '2450', '2421', '550', '2311', '3721', '2950', '11241', '11151', '3550', '3241', '31031', '3841', '1321', '2251', '3741', '3751', '3750', '1731', '1441', '1711', '3541', '2150', '1931', '11121', '2211', '2451', '1841', '1141', '11451', '11251', '11611', '2241', '31021', '11311', '2050', '1831', '3111', '1941', '2750', '1511', '1131', '450', '3250', '3911', '3221', '3950', '1921', '1121', '3421', '950', '11741', '11731', '3521', '1231', '3821', '1650', '11341', '2521', '2321', '11511', '1531', '1651', '2121', '11111', '11141', '3650', '2411', '1611', '3231', '1150', '11711', '1550', '1551', '2541', '2550', '3131', '1751', '1250', '1331', '150', '3311', '1350', '3411', '2511', '3850', '3611', '3331', '2111', '11021', '650', '1950', '11541', '11531', '3551', '1241', '3350', '3951', '3921', '1111', '1641', '3931', '11631', '1221', '11051', '1541', '1050', '1741', '2250', '11031', '2331', '11131', '850', '1811', '1721', '11431', '11651', '350', '1750', '2531', '1850', '3321', '2151', '3450', '11421', '3731', '31011', '3511', '3211', '11231', '1421', '1450', '4250', '3621', '2131', '3050', '1521', '2350', '3150', '3141', '1911', '3531', '2850', '11641']
177
TensorBoard logs will be saved to: experiments/runs/22495
Training complete. TensorBoard writer closed.
Best model (based on smoothed MSE) saved to experiments/experiment_22495_best.ckpt with smoothed Test MSE: 1.1349
