/opt/miniconda3/envs/NODE_test/lib/python3.12/site-packages/torchvision/io/image.py:14: UserWarning: Failed to load image Python extension: 'dlopen(/opt/miniconda3/envs/NODE_test/lib/python3.12/site-packages/torchvision/image.so, 0x0006): Library not loaded: @rpath/libjpeg.9.dylib
  Referenced from: <367D4265-B20F-34BD-94EB-4F3EE47C385B> /opt/miniconda3/envs/NODE_test/lib/python3.12/site-packages/torchvision/image.so
  Reason: tried: '/opt/miniconda3/envs/NODE_test/lib/python3.12/site-packages/torchvision/../../../libjpeg.9.dylib' (no such file), '/opt/miniconda3/envs/NODE_test/lib/python3.12/site-packages/torchvision/../../../libjpeg.9.dylib' (no such file), '/opt/miniconda3/envs/NODE_test/lib/python3.12/lib-dynload/../../libjpeg.9.dylib' (no such file), '/opt/miniconda3/envs/NODE_test/bin/../lib/libjpeg.9.dylib' (no such file)'If you don't plan on using image functionality from `torchvision.io`, you can ignore this warning. Otherwise, there might be something wrong with your environment. Did you have `libjpeg` or `libpng` installed before building `torchvision` from source?
  warn(
/Users/benjaminmaurel/Documents/Training_Sanofi/notebooks_hands_on/latent_ode/lib/read_tacro.py:342: FutureWarning: DataFrame.applymap has been deprecated. Use DataFrame.map instead.
  df = df.applymap(lambda x: str(x).replace(",", ".") if isinstance(x, str) else x)
/Users/benjaminmaurel/Documents/Training_Sanofi/notebooks_hands_on/latent_ode/lib/read_tacro.py:342: FutureWarning: DataFrame.applymap has been deprecated. Use DataFrame.map instead.
  df = df.applymap(lambda x: str(x).replace(",", ".") if isinstance(x, str) else x)
/Users/benjaminmaurel/Documents/Training_Sanofi/notebooks_hands_on/latent_ode/run_models.py
run_models.py --niters 5000 -n 200 -s 40 -l 10 --dataset PK_Tacro --latent-ode --noise-weight 0.01 --max-t 5. --seed 50 --experiment 13035
Experiment 13035
Epoch 0001 [Test seq (cond on sampled tp)] | Loss 692.970581 | Likelihood -837.876160 | KL fp 1.5723 | FP STD 0.2564|
KL coef: 0.0
Train loss (one batch): 6211.85205078125
Train CE loss (one batch): 0.0
Test MSE (raw): 0.1683
Test MSE (smoothed with alpha=0.01): 0.1683
New best smoothed test MSE: 0.1683. Saving best model to experiments/experiment_13035_best.ckpt
Test MSE group_0: 0.1318
Test MSE group_1: 0.1865
Test MSE group_2: nan
Test MSE group_3: nan
Poisson likelihood: 0.0
CE loss: 0.0
train MSE group_0: 0.1647
train MSE group_1: 3.8769
train MSE group_2: nan
train MSE group_3: nan
CE loss (TEST): 0.0
Experiment 13035
Epoch 0002 [Test seq (cond on sampled tp)] | Loss 134.693954 | Likelihood -140.014359 | KL fp 2.1761 | FP STD 0.0953|
KL coef: 0.0
Train loss (one batch): 890.0009765625
Train CE loss (one batch): 0.0
Test MSE (raw): 0.0287
Test MSE (smoothed with alpha=0.01): 0.1669
New best smoothed test MSE: 0.1669. Saving best model to experiments/experiment_13035_best.ckpt
Test MSE group_0: 0.0181
Test MSE group_1: 0.0307
Test MSE group_2: nan
Test MSE group_3: nan
Poisson likelihood: 0.0
CE loss: 0.0
train MSE group_0: 0.1348
train MSE group_1: 0.2013
train MSE group_2: nan
train MSE group_3: nan
CE loss (TEST): 0.0
Experiment 13035
Epoch 0003 [Test seq (cond on sampled tp)] | Loss 73.065063 | Likelihood -78.807228 | KL fp 2.3441 | FP STD 0.0861|
KL coef: 0.0
Train loss (one batch): 199.94004821777344
Train CE loss (one batch): 0.0
Test MSE (raw): 0.0165
Test MSE (smoothed with alpha=0.01): 0.1654
New best smoothed test MSE: 0.1654. Saving best model to experiments/experiment_13035_best.ckpt
Test MSE group_0: 0.0086
Test MSE group_1: 0.0181
Test MSE group_2: nan
Test MSE group_3: nan
Poisson likelihood: 0.0
CE loss: 0.0
train MSE group_0: 0.0174
train MSE group_1: 0.0461
train MSE group_2: nan
train MSE group_3: nan
CE loss (TEST): 0.0
Experiment 13035
Epoch 0004 [Test seq (cond on sampled tp)] | Loss 34.004658 | Likelihood -36.499729 | KL fp 2.0085 | FP STD 0.1199|
KL coef: 0.0
Train loss (one batch): 124.38668060302734
Train CE loss (one batch): 0.0
Test MSE (raw): 0.0080
Test MSE (smoothed with alpha=0.01): 0.1638
New best smoothed test MSE: 0.1638. Saving best model to experiments/experiment_13035_best.ckpt
Test MSE group_0: 0.0048
Test MSE group_1: 0.0087
Test MSE group_2: nan
Test MSE group_3: nan
Poisson likelihood: 0.0
CE loss: 0.0
train MSE group_0: 0.0077
train MSE group_1: 0.0300
train MSE group_2: nan
train MSE group_3: nan
CE loss (TEST): 0.0
Experiment 13035
Epoch 0005 [Test seq (cond on sampled tp)] | Loss 54.829372 | Likelihood -59.069996 | KL fp 1.8829 | FP STD 0.1388|
KL coef: 0.0
Train loss (one batch): 63.6843147277832
Train CE loss (one batch): 0.0
Test MSE (raw): 0.0126
Test MSE (smoothed with alpha=0.01): 0.1623
New best smoothed test MSE: 0.1623. Saving best model to experiments/experiment_13035_best.ckpt
Test MSE group_0: 0.0110
Test MSE group_1: 0.0127
Test MSE group_2: nan
Test MSE group_3: nan
Poisson likelihood: 0.0
CE loss: 0.0
train MSE group_0: 0.0042
train MSE group_1: 0.0162
train MSE group_2: nan
train MSE group_3: nan
CE loss (TEST): 0.0
Experiment 13035
Epoch 0006 [Test seq (cond on sampled tp)] | Loss 66.148590 | Likelihood -68.096916 | KL fp 2.0463 | FP STD 0.1217|
KL coef: 0.0
Train loss (one batch): 67.69470977783203
Train CE loss (one batch): 0.0
Test MSE (raw): 0.0144
Test MSE (smoothed with alpha=0.01): 0.1608
New best smoothed test MSE: 0.1608. Saving best model to experiments/experiment_13035_best.ckpt
Test MSE group_0: 0.0119
Test MSE group_1: 0.0156
Test MSE group_2: nan
Test MSE group_3: nan
Poisson likelihood: 0.0
CE loss: 0.0
train MSE group_0: 0.0099
train MSE group_1: 0.0155
train MSE group_2: nan
train MSE group_3: nan
CE loss (TEST): 0.0
Experiment 13035
Epoch 0007 [Test seq (cond on sampled tp)] | Loss 49.929691 | Likelihood -52.010700 | KL fp 1.9840 | FP STD 0.1240|
KL coef: 0.0
Train loss (one batch): 70.45398712158203
Train CE loss (one batch): 0.0
Test MSE (raw): 0.0111
Test MSE (smoothed with alpha=0.01): 0.1593
New best smoothed test MSE: 0.1593. Saving best model to experiments/experiment_13035_best.ckpt
Test MSE group_0: 0.0094
Test MSE group_1: 0.0126
Test MSE group_2: nan
Test MSE group_3: nan
Poisson likelihood: 0.0
CE loss: 0.0
train MSE group_0: 0.0128
train MSE group_1: 0.0161
train MSE group_2: nan
train MSE group_3: nan
CE loss (TEST): 0.0
Experiment 13035
Epoch 0008 [Test seq (cond on sampled tp)] | Loss 54.799591 | Likelihood -62.038609 | KL fp 1.8996 | FP STD 0.1431|
KL coef: 0.0
Train loss (one batch): 54.12816619873047
Train CE loss (one batch): 0.0
Test MSE (raw): 0.0131
Test MSE (smoothed with alpha=0.01): 0.1579
New best smoothed test MSE: 0.1579. Saving best model to experiments/experiment_13035_best.ckpt
Test MSE group_0: 0.0077
Test MSE group_1: 0.0154
Test MSE group_2: nan
Test MSE group_3: nan
Poisson likelihood: 0.0
CE loss: 0.0
train MSE group_0: 0.0089
train MSE group_1: 0.0135
train MSE group_2: nan
train MSE group_3: nan
CE loss (TEST): 0.0
Experiment 13035
Epoch 0009 [Test seq (cond on sampled tp)] | Loss 49.649590 | Likelihood -53.635914 | KL fp 1.8348 | FP STD 0.1562|
KL coef: 0.0
Train loss (one batch): 67.1686782836914
Train CE loss (one batch): 0.0
Test MSE (raw): 0.0115
Test MSE (smoothed with alpha=0.01): 0.1564
New best smoothed test MSE: 0.1564. Saving best model to experiments/experiment_13035_best.ckpt
Test MSE group_0: 0.0066
Test MSE group_1: 0.0133
Test MSE group_2: nan
Test MSE group_3: nan
Poisson likelihood: 0.0
CE loss: 0.0
train MSE group_0: 0.0080
train MSE group_1: 0.0173
train MSE group_2: nan
train MSE group_3: nan
CE loss (TEST): 0.0
Experiment 13035
Epoch 0010 [Test seq (cond on sampled tp)] | Loss 38.695751 | Likelihood -42.353687 | KL fp 1.7706 | FP STD 0.1547|
KL coef: 0.0
Train loss (one batch): 72.82067108154297
Train CE loss (one batch): 0.0
Test MSE (raw): 0.0092
Test MSE (smoothed with alpha=0.01): 0.1550
New best smoothed test MSE: 0.1550. Saving best model to experiments/experiment_13035_best.ckpt
Test MSE group_0: 0.0057
Test MSE group_1: 0.0103
Test MSE group_2: nan
Test MSE group_3: nan
Poisson likelihood: 0.0
CE loss: 0.0
train MSE group_0: 0.0072
train MSE group_1: 0.0176
train MSE group_2: nan
train MSE group_3: nan
CE loss (TEST): 0.0
Experiment 13035
Epoch 0011 [Test seq (cond on sampled tp)] | Loss 28.920353 | Likelihood -31.463278 | KL fp 1.8610 | FP STD 0.1429|
KL coef: 0.010000000000000009
Train loss (one batch): 57.272865295410156
Train CE loss (one batch): 0.0
Test MSE (raw): 0.0070
Test MSE (smoothed with alpha=0.01): 0.1535
New best smoothed test MSE: 0.1535. Saving best model to experiments/experiment_13035_best.ckpt
Test MSE group_0: 0.0061
Test MSE group_1: 0.0072
Test MSE group_2: nan
Test MSE group_3: nan
Poisson likelihood: 0.0
CE loss: 0.0
train MSE group_0: 0.0060
train MSE group_1: 0.0140
train MSE group_2: nan
train MSE group_3: nan
CE loss (TEST): 0.0
Experiment 13035
Epoch 0012 [Test seq (cond on sampled tp)] | Loss 31.199982 | Likelihood -32.774349 | KL fp 2.1183 | FP STD 0.1252|
KL coef: 0.01990000000000003
Train loss (one batch): 45.61567687988281
Train CE loss (one batch): 0.0
Test MSE (raw): 0.0073
Test MSE (smoothed with alpha=0.01): 0.1520
New best smoothed test MSE: 0.1520. Saving best model to experiments/experiment_13035_best.ckpt
Test MSE group_0: 0.0069
Test MSE group_1: 0.0071
Test MSE group_2: nan
Test MSE group_3: nan
Poisson likelihood: 0.0
CE loss: 0.0
train MSE group_0: 0.0057
train MSE group_1: 0.0110
train MSE group_2: nan
train MSE group_3: nan
CE loss (TEST): 0.0
Experiment 13035
Epoch 0013 [Test seq (cond on sampled tp)] | Loss 34.604977 | Likelihood -35.957737 | KL fp 2.4754 | FP STD 0.1058|
KL coef: 0.029700999999999977
Train loss (one batch): 43.87150192260742
Train CE loss (one batch): 0.0
Test MSE (raw): 0.0079
Test MSE (smoothed with alpha=0.01): 0.1506
New best smoothed test MSE: 0.1506. Saving best model to experiments/experiment_13035_best.ckpt
Test MSE group_0: 0.0077
Test MSE group_1: 0.0076
Test MSE group_2: nan
Test MSE group_3: nan
Poisson likelihood: 0.0
CE loss: 0.0
train MSE group_0: 0.0065
train MSE group_1: 0.0102
train MSE group_2: nan
train MSE group_3: nan
CE loss (TEST): 0.0
Experiment 13035
Epoch 0014 [Test seq (cond on sampled tp)] | Loss 33.959789 | Likelihood -35.571758 | KL fp 2.9170 | FP STD 0.0890|
KL coef: 0.039403990000000055
Train loss (one batch): 46.96875762939453
Train CE loss (one batch): 0.0
Test MSE (raw): 0.0079
Test MSE (smoothed with alpha=0.01): 0.1491
New best smoothed test MSE: 0.1491. Saving best model to experiments/experiment_13035_best.ckpt
Test MSE group_0: 0.0075
Test MSE group_1: 0.0075
Test MSE group_2: nan
Test MSE group_3: nan
Poisson likelihood: 0.0
CE loss: 0.0
train MSE group_0: 0.0078
train MSE group_1: 0.0106
train MSE group_2: nan
train MSE group_3: nan
CE loss (TEST): 0.0
Experiment 13035
Epoch 0015 [Test seq (cond on sampled tp)] | Loss 29.479971 | Likelihood -31.052626 | KL fp 2.8260 | FP STD 0.0818|
KL coef: 0.04900995010000009
Train loss (one batch): 47.1881217956543
Train CE loss (one batch): 0.0
Test MSE (raw): 0.0069
Test MSE (smoothed with alpha=0.01): 0.1477
New best smoothed test MSE: 0.1477. Saving best model to experiments/experiment_13035_best.ckpt
Test MSE group_0: 0.0071
Test MSE group_1: 0.0065
Test MSE group_2: nan
Test MSE group_3: nan
Poisson likelihood: 0.0
CE loss: 0.0
train MSE group_0: 0.0076
train MSE group_1: 0.0107
train MSE group_2: nan
train MSE group_3: nan
CE loss (TEST): 0.0
Experiment 13035
Epoch 0016 [Test seq (cond on sampled tp)] | Loss 21.363981 | Likelihood -23.613951 | KL fp 2.6391 | FP STD 0.0791|
KL coef: 0.058519850599
Train loss (one batch): 42.632022857666016
Train CE loss (one batch): 0.0
Test MSE (raw): 0.0055
Test MSE (smoothed with alpha=0.01): 0.1463
New best smoothed test MSE: 0.1463. Saving best model to experiments/experiment_13035_best.ckpt
Test MSE group_0: 0.0050
Test MSE group_1: 0.0053
Test MSE group_2: nan
Test MSE group_3: nan
Poisson likelihood: 0.0
CE loss: 0.0
train MSE group_0: 0.0063
train MSE group_1: 0.0099
train MSE group_2: nan
train MSE group_3: nan
CE loss (TEST): 0.0
Experiment 13035
Epoch 0017 [Test seq (cond on sampled tp)] | Loss 18.725260 | Likelihood -19.747385 | KL fp 2.5136 | FP STD 0.0760|
KL coef: 0.06793465209301008
Train loss (one batch): 40.01117706298828
Train CE loss (one batch): 0.0
Test MSE (raw): 0.0047
Test MSE (smoothed with alpha=0.01): 0.1449
New best smoothed test MSE: 0.1449. Saving best model to experiments/experiment_13035_best.ckpt
Test MSE group_0: 0.0042
Test MSE group_1: 0.0047
Test MSE group_2: nan
Test MSE group_3: nan
Poisson likelihood: 0.0
CE loss: 0.0
train MSE group_0: 0.0053
train MSE group_1: 0.0095
train MSE group_2: nan
train MSE group_3: nan
CE loss (TEST): 0.0
Experiment 13035
Epoch 0018 [Test seq (cond on sampled tp)] | Loss 17.808151 | Likelihood -18.774290 | KL fp 2.4510 | FP STD 0.0732|
KL coef: 0.07725530557207994
Train loss (one batch): 37.6659049987793
Train CE loss (one batch): 0.0
Test MSE (raw): 0.0045
Test MSE (smoothed with alpha=0.01): 0.1435
New best smoothed test MSE: 0.1435. Saving best model to experiments/experiment_13035_best.ckpt
Test MSE group_0: 0.0038
Test MSE group_1: 0.0046
Test MSE group_2: nan
Test MSE group_3: nan
Poisson likelihood: 0.0
CE loss: 0.0
train MSE group_0: 0.0042
train MSE group_1: 0.0097
train MSE group_2: nan
train MSE group_3: nan
CE loss (TEST): 0.0
Experiment 13035
Epoch 0019 [Test seq (cond on sampled tp)] | Loss 17.500185 | Likelihood -18.780645 | KL fp 2.4398 | FP STD 0.0697|
KL coef: 0.08648275251635917
Train loss (one batch): 38.84613800048828
Train CE loss (one batch): 0.0
Test MSE (raw): 0.0045
Test MSE (smoothed with alpha=0.01): 0.1421
New best smoothed test MSE: 0.1421. Saving best model to experiments/experiment_13035_best.ckpt
Test MSE group_0: 0.0038
Test MSE group_1: 0.0046
Test MSE group_2: nan
Test MSE group_3: nan
Poisson likelihood: 0.0
CE loss: 0.0
train MSE group_0: 0.0033
train MSE group_1: 0.0101
train MSE group_2: nan
train MSE group_3: nan
CE loss (TEST): 0.0
Experiment 13035
Epoch 0020 [Test seq (cond on sampled tp)] | Loss 17.240496 | Likelihood -18.543005 | KL fp 2.5053 | FP STD 0.0659|
KL coef: 0.09561792499119559
Train loss (one batch): 37.944889068603516
Train CE loss (one batch): 0.0
Test MSE (raw): 0.0044
Test MSE (smoothed with alpha=0.01): 0.1407
New best smoothed test MSE: 0.1407. Saving best model to experiments/experiment_13035_best.ckpt
Test MSE group_0: 0.0034
Test MSE group_1: 0.0048
Test MSE group_2: nan
Test MSE group_3: nan
Poisson likelihood: 0.0
CE loss: 0.0
train MSE group_0: 0.0033
train MSE group_1: 0.0097
train MSE group_2: nan
train MSE group_3: nan
CE loss (TEST): 0.0
Experiment 13035
Epoch 0021 [Test seq (cond on sampled tp)] | Loss 18.802757 | Likelihood -19.819834 | KL fp 2.5736 | FP STD 0.0641|
KL coef: 0.10466174574128362
Train loss (one batch): 36.36307907104492
Train CE loss (one batch): 0.0
Test MSE (raw): 0.0047
Test MSE (smoothed with alpha=0.01): 0.1394
New best smoothed test MSE: 0.1394. Saving best model to experiments/experiment_13035_best.ckpt
Test MSE group_0: 0.0039
Test MSE group_1: 0.0050
Test MSE group_2: nan
Test MSE group_3: nan
Poisson likelihood: 0.0
CE loss: 0.0
train MSE group_0: 0.0034
train MSE group_1: 0.0095
train MSE group_2: nan
train MSE group_3: nan
CE loss (TEST): 0.0
Experiment 13035
Epoch 0022 [Test seq (cond on sampled tp)] | Loss 19.030605 | Likelihood -20.973093 | KL fp 2.6729 | FP STD 0.0619|
KL coef: 0.11361512828387077
Train loss (one batch): 37.584163665771484
Train CE loss (one batch): 0.0
Test MSE (raw): 0.0049
Test MSE (smoothed with alpha=0.01): 0.1380
New best smoothed test MSE: 0.1380. Saving best model to experiments/experiment_13035_best.ckpt
Test MSE group_0: 0.0044
Test MSE group_1: 0.0052
Test MSE group_2: nan
Test MSE group_3: nan
Poisson likelihood: 0.0
CE loss: 0.0
train MSE group_0: 0.0039
train MSE group_1: 0.0096
train MSE group_2: nan
train MSE group_3: nan
CE loss (TEST): 0.0
Experiment 13035
Epoch 0023 [Test seq (cond on sampled tp)] | Loss 19.352295 | Likelihood -21.608719 | KL fp 2.6553 | FP STD 0.0615|
KL coef: 0.12247897700103216
Train loss (one batch): 35.02711868286133
Train CE loss (one batch): 0.0
Test MSE (raw): 0.0051
Test MSE (smoothed with alpha=0.01): 0.1367
New best smoothed test MSE: 0.1367. Saving best model to experiments/experiment_13035_best.ckpt
Test MSE group_0: 0.0049
Test MSE group_1: 0.0053
Test MSE group_2: nan
Test MSE group_3: nan
Poisson likelihood: 0.0
CE loss: 0.0
train MSE group_0: 0.0042
train MSE group_1: 0.0088
train MSE group_2: nan
train MSE group_3: nan
CE loss (TEST): 0.0
Experiment 13035
Epoch 0024 [Test seq (cond on sampled tp)] | Loss 22.248085 | Likelihood -23.142778 | KL fp 2.6668 | FP STD 0.0601|
KL coef: 0.13125418723102178
Train loss (one batch): 35.63628387451172
Train CE loss (one batch): 0.0
Test MSE (raw): 0.0054
Test MSE (smoothed with alpha=0.01): 0.1354
New best smoothed test MSE: 0.1354. Saving best model to experiments/experiment_13035_best.ckpt
Test MSE group_0: 0.0048
Test MSE group_1: 0.0058
Test MSE group_2: nan
Test MSE group_3: nan
Poisson likelihood: 0.0
CE loss: 0.0
train MSE group_0: 0.0046
train MSE group_1: 0.0090
train MSE group_2: nan
train MSE group_3: nan
CE loss (TEST): 0.0
Experiment 13035
Epoch 0025 [Test seq (cond on sampled tp)] | Loss 24.188681 | Likelihood -25.253036 | KL fp 2.7272 | FP STD 0.0584|
KL coef: 0.13994164535871156
Train loss (one batch): 34.3387336730957
Train CE loss (one batch): 0.0
Test MSE (raw): 0.0058
Test MSE (smoothed with alpha=0.01): 0.1341
New best smoothed test MSE: 0.1341. Saving best model to experiments/experiment_13035_best.ckpt
Test MSE group_0: 0.0051
Test MSE group_1: 0.0062
Test MSE group_2: nan
Test MSE group_3: nan
Poisson likelihood: 0.0
CE loss: 0.0
train MSE group_0: 0.0053
train MSE group_1: 0.0084
train MSE group_2: nan
train MSE group_3: nan
CE loss (TEST): 0.0
Experiment 13035
Epoch 0026 [Test seq (cond on sampled tp)] | Loss 23.609474 | Likelihood -25.154085 | KL fp 2.8369 | FP STD 0.0559|
KL coef: 0.14854222890512447
Train loss (one batch): 35.27809524536133
Train CE loss (one batch): 0.0
Test MSE (raw): 0.0058
Test MSE (smoothed with alpha=0.01): 0.1328
New best smoothed test MSE: 0.1328. Saving best model to experiments/experiment_13035_best.ckpt
Test MSE group_0: 0.0056
Test MSE group_1: 0.0060
Test MSE group_2: nan
Test MSE group_3: nan
Poisson likelihood: 0.0
CE loss: 0.0
train MSE group_0: 0.0056
train MSE group_1: 0.0086
train MSE group_2: nan
train MSE group_3: nan
CE loss (TEST): 0.0
Experiment 13035
Epoch 0027 [Test seq (cond on sampled tp)] | Loss 22.720715 | Likelihood -23.448471 | KL fp 2.9022 | FP STD 0.0537|
KL coef: 0.15705680661607324
Train loss (one batch): 35.0447883605957
Train CE loss (one batch): 0.0
Test MSE (raw): 0.0054
Test MSE (smoothed with alpha=0.01): 0.1315
New best smoothed test MSE: 0.1315. Saving best model to experiments/experiment_13035_best.ckpt
Test MSE group_0: 0.0043
Test MSE group_1: 0.0060
Test MSE group_2: nan
Test MSE group_3: nan
Poisson likelihood: 0.0
CE loss: 0.0
train MSE group_0: 0.0054
train MSE group_1: 0.0086
train MSE group_2: nan
train MSE group_3: nan
CE loss (TEST): 0.0
Experiment 13035
Epoch 0028 [Test seq (cond on sampled tp)] | Loss 21.744530 | Likelihood -23.060020 | KL fp 2.9378 | FP STD 0.0523|
KL coef: 0.1654862385499125
Train loss (one batch): 33.88748550415039
Train CE loss (one batch): 0.0
Test MSE (raw): 0.0053
Test MSE (smoothed with alpha=0.01): 0.1303
New best smoothed test MSE: 0.1303. Saving best model to experiments/experiment_13035_best.ckpt
Test MSE group_0: 0.0050
Test MSE group_1: 0.0057
Test MSE group_2: nan
Test MSE group_3: nan
Poisson likelihood: 0.0
CE loss: 0.0
train MSE group_0: 0.0048
train MSE group_1: 0.0085
train MSE group_2: nan
train MSE group_3: nan
CE loss (TEST): 0.0
Experiment 13035
Epoch 0029 [Test seq (cond on sampled tp)] | Loss 20.335245 | Likelihood -21.220039 | KL fp 2.9153 | FP STD 0.0527|
KL coef: 0.17383137616441335
Train loss (one batch): 32.773948669433594
Train CE loss (one batch): 0.0
Test MSE (raw): 0.0050
Test MSE (smoothed with alpha=0.01): 0.1290
New best smoothed test MSE: 0.1290. Saving best model to experiments/experiment_13035_best.ckpt
Test MSE group_0: 0.0048
Test MSE group_1: 0.0053
Test MSE group_2: nan
Test MSE group_3: nan
Poisson likelihood: 0.0
CE loss: 0.0
train MSE group_0: 0.0042
train MSE group_1: 0.0084
train MSE group_2: nan
train MSE group_3: nan
CE loss (TEST): 0.0
Experiment 13035
Epoch 0030 [Test seq (cond on sampled tp)] | Loss 17.313387 | Likelihood -18.655510 | KL fp 2.8378 | FP STD 0.0541|
KL coef: 0.18209306240276923
Train loss (one batch): 32.7328987121582
Train CE loss (one batch): 0.0
Test MSE (raw): 0.0045
Test MSE (smoothed with alpha=0.01): 0.1278
New best smoothed test MSE: 0.1278. Saving best model to experiments/experiment_13035_best.ckpt
Test MSE group_0: 0.0040
Test MSE group_1: 0.0048
Test MSE group_2: nan
Test MSE group_3: nan
Poisson likelihood: 0.0
CE loss: 0.0
train MSE group_0: 0.0044
train MSE group_1: 0.0084
train MSE group_2: nan
train MSE group_3: nan
CE loss (TEST): 0.0
Experiment 13035
Epoch 0031 [Test seq (cond on sampled tp)] | Loss 16.224829 | Likelihood -17.663134 | KL fp 2.8703 | FP STD 0.0548|
KL coef: 0.19027213177874158
Train loss (one batch): 32.468780517578125
Train CE loss (one batch): 0.0
Test MSE (raw): 0.0043
Test MSE (smoothed with alpha=0.01): 0.1265
New best smoothed test MSE: 0.1265. Saving best model to experiments/experiment_13035_best.ckpt
Test MSE group_0: 0.0038
Test MSE group_1: 0.0046
Test MSE group_2: nan
Test MSE group_3: nan
Poisson likelihood: 0.0
CE loss: 0.0
train MSE group_0: 0.0039
train MSE group_1: 0.0084
train MSE group_2: nan
train MSE group_3: nan
CE loss (TEST): 0.0
Experiment 13035
Epoch 0032 [Test seq (cond on sampled tp)] | Loss 15.803561 | Likelihood -16.633774 | KL fp 3.0016 | FP STD 0.0539|
KL coef: 0.19836941046095413
Train loss (one batch): 32.069854736328125
Train CE loss (one batch): 0.0
Test MSE (raw): 0.0041
Test MSE (smoothed with alpha=0.01): 0.1253
New best smoothed test MSE: 0.1253. Saving best model to experiments/experiment_13035_best.ckpt
Test MSE group_0: 0.0030
Test MSE group_1: 0.0046
Test MSE group_2: nan
Test MSE group_3: nan
Poisson likelihood: 0.0
CE loss: 0.0
train MSE group_0: 0.0032
train MSE group_1: 0.0084
train MSE group_2: nan
train MSE group_3: nan
CE loss (TEST): 0.0
Experiment 13035
Epoch 0033 [Test seq (cond on sampled tp)] | Loss 16.027103 | Likelihood -16.747902 | KL fp 3.1459 | FP STD 0.0522|
KL coef: 0.20638571635634462
Train loss (one batch): 33.038848876953125
Train CE loss (one batch): 0.0
Test MSE (raw): 0.0041
Test MSE (smoothed with alpha=0.01): 0.1241
New best smoothed test MSE: 0.1241. Saving best model to experiments/experiment_13035_best.ckpt
Test MSE group_0: 0.0032
Test MSE group_1: 0.0046
Test MSE group_2: nan
Test MSE group_3: nan
Poisson likelihood: 0.0
CE loss: 0.0
train MSE group_0: 0.0037
train MSE group_1: 0.0085
train MSE group_2: nan
train MSE group_3: nan
CE loss (TEST): 0.0
Experiment 13035
Epoch 0034 [Test seq (cond on sampled tp)] | Loss 17.166685 | Likelihood -17.733736 | KL fp 3.1144 | FP STD 0.0502|
KL coef: 0.21432185919278124
Train loss (one batch): 32.24000549316406
Train CE loss (one batch): 0.0
Test MSE (raw): 0.0043
Test MSE (smoothed with alpha=0.01): 0.1229
New best smoothed test MSE: 0.1229. Saving best model to experiments/experiment_13035_best.ckpt
Test MSE group_0: 0.0037
Test MSE group_1: 0.0046
Test MSE group_2: nan
Test MSE group_3: nan
Poisson likelihood: 0.0
CE loss: 0.0
train MSE group_0: 0.0034
train MSE group_1: 0.0083
train MSE group_2: nan
train MSE group_3: nan
CE loss (TEST): 0.0
Experiment 13035
Epoch 0035 [Test seq (cond on sampled tp)] | Loss 16.605877 | Likelihood -17.353228 | KL fp 3.0894 | FP STD 0.0492|
KL coef: 0.22217864060085335
Train loss (one batch): 31.656734466552734
Train CE loss (one batch): 0.0
Test MSE (raw): 0.0042
Test MSE (smoothed with alpha=0.01): 0.1217
New best smoothed test MSE: 0.1217. Saving best model to experiments/experiment_13035_best.ckpt
Test MSE group_0: 0.0034
Test MSE group_1: 0.0046
Test MSE group_2: nan
Test MSE group_3: nan
Poisson likelihood: 0.0
CE loss: 0.0
train MSE group_0: 0.0035
train MSE group_1: 0.0082
train MSE group_2: nan
train MSE group_3: nan
CE loss (TEST): 0.0
Experiment 13035
Epoch 0036 [Test seq (cond on sampled tp)] | Loss 19.211580 | Likelihood -19.639553 | KL fp 3.0696 | FP STD 0.0486|
KL coef: 0.2299568541948449
Train loss (one batch): 31.462852478027344
Train CE loss (one batch): 0.0
Test MSE (raw): 0.0047
Test MSE (smoothed with alpha=0.01): 0.1205
New best smoothed test MSE: 0.1205. Saving best model to experiments/experiment_13035_best.ckpt
Test MSE group_0: 0.0038
Test MSE group_1: 0.0051
Test MSE group_2: nan
Test MSE group_3: nan
Poisson likelihood: 0.0
CE loss: 0.0
train MSE group_0: 0.0036
train MSE group_1: 0.0080
train MSE group_2: nan
train MSE group_3: nan
CE loss (TEST): 0.0
Experiment 13035
Epoch 0037 [Test seq (cond on sampled tp)] | Loss 19.251026 | Likelihood -19.641768 | KL fp 3.0849 | FP STD 0.0484|
KL coef: 0.23765728565289646
Train loss (one batch): 32.20164489746094
Train CE loss (one batch): 0.0
Test MSE (raw): 0.0047
Test MSE (smoothed with alpha=0.01): 0.1194
New best smoothed test MSE: 0.1194. Saving best model to experiments/experiment_13035_best.ckpt
Test MSE group_0: 0.0037
Test MSE group_1: 0.0051
Test MSE group_2: nan
Test MSE group_3: nan
Poisson likelihood: 0.0
CE loss: 0.0
train MSE group_0: 0.0036
train MSE group_1: 0.0082
train MSE group_2: nan
train MSE group_3: nan
CE loss (TEST): 0.0
Experiment 13035
Epoch 0038 [Test seq (cond on sampled tp)] | Loss 18.886585 | Likelihood -19.273371 | KL fp 3.0682 | FP STD 0.0485|
KL coef: 0.24528071279636743
Train loss (one batch): 31.428665161132812
Train CE loss (one batch): 0.0
Test MSE (raw): 0.0046
Test MSE (smoothed with alpha=0.01): 0.1182
New best smoothed test MSE: 0.1182. Saving best model to experiments/experiment_13035_best.ckpt
Test MSE group_0: 0.0034
Test MSE group_1: 0.0051
Test MSE group_2: nan
Test MSE group_3: nan
Poisson likelihood: 0.0
CE loss: 0.0
train MSE group_0: 0.0038
train MSE group_1: 0.0079
train MSE group_2: nan
train MSE group_3: nan
CE loss (TEST): 0.0
Experiment 13035
Epoch 0039 [Test seq (cond on sampled tp)] | Loss 18.203316 | Likelihood -18.728271 | KL fp 3.0253 | FP STD 0.0487|
KL coef: 0.25282790566840385
Train loss (one batch): 31.062679290771484
Train CE loss (one batch): 0.0
Test MSE (raw): 0.0045
Test MSE (smoothed with alpha=0.01): 0.1171
New best smoothed test MSE: 0.1171. Saving best model to experiments/experiment_13035_best.ckpt
Test MSE group_0: 0.0033
Test MSE group_1: 0.0050
Test MSE group_2: nan
Test MSE group_3: nan
Poisson likelihood: 0.0
CE loss: 0.0
train MSE group_0: 0.0034
train MSE group_1: 0.0080
train MSE group_2: nan
train MSE group_3: nan
CE loss (TEST): 0.0
Experiment 13035
Epoch 0040 [Test seq (cond on sampled tp)] | Loss 17.601160 | Likelihood -18.416414 | KL fp 3.0081 | FP STD 0.0492|
KL coef: 0.2602996266117198
Train loss (one batch): 30.31370735168457
Train CE loss (one batch): 0.0
Test MSE (raw): 0.0044
Test MSE (smoothed with alpha=0.01): 0.1160
New best smoothed test MSE: 0.1160. Saving best model to experiments/experiment_13035_best.ckpt
Test MSE group_0: 0.0038
Test MSE group_1: 0.0047
Test MSE group_2: nan
Test MSE group_3: nan
Poisson likelihood: 0.0
CE loss: 0.0
train MSE group_0: 0.0034
train MSE group_1: 0.0078
train MSE group_2: nan
train MSE group_3: nan
CE loss (TEST): 0.0
Experiment 13035
Epoch 0041 [Test seq (cond on sampled tp)] | Loss 16.769199 | Likelihood -17.195337 | KL fp 3.0205 | FP STD 0.0497|
KL coef: 0.26769663034560254
Train loss (one batch): 30.080747604370117
Train CE loss (one batch): 0.0
Test MSE (raw): 0.0042
Test MSE (smoothed with alpha=0.01): 0.1148
New best smoothed test MSE: 0.1148. Saving best model to experiments/experiment_13035_best.ckpt
Test MSE group_0: 0.0034
Test MSE group_1: 0.0045
Test MSE group_2: nan
Test MSE group_3: nan
Poisson likelihood: 0.0
CE loss: 0.0
train MSE group_0: 0.0030
train MSE group_1: 0.0078
train MSE group_2: nan
train MSE group_3: nan
CE loss (TEST): 0.0
Experiment 13035
Epoch 0042 [Test seq (cond on sampled tp)] | Loss 15.792761 | Likelihood -16.762180 | KL fp 3.0586 | FP STD 0.0503|
KL coef: 0.2750196640421466
Train loss (one batch): 29.858110427856445
Train CE loss (one batch): 0.0
Test MSE (raw): 0.0041
Test MSE (smoothed with alpha=0.01): 0.1137
New best smoothed test MSE: 0.1137. Saving best model to experiments/experiment_13035_best.ckpt
Test MSE group_0: 0.0032
Test MSE group_1: 0.0045
Test MSE group_2: nan
Test MSE group_3: nan
Poisson likelihood: 0.0
CE loss: 0.0
train MSE group_0: 0.0030
train MSE group_1: 0.0077
train MSE group_2: nan
train MSE group_3: nan
CE loss (TEST): 0.0
Experiment 13035
Epoch 0043 [Test seq (cond on sampled tp)] | Loss 15.946191 | Likelihood -16.421612 | KL fp 3.0866 | FP STD 0.0497|
KL coef: 0.2822694674017251
Train loss (one batch): 30.27738380432129
Train CE loss (one batch): 0.0
Test MSE (raw): 0.0040
Test MSE (smoothed with alpha=0.01): 0.1126
New best smoothed test MSE: 0.1126. Saving best model to experiments/experiment_13035_best.ckpt
Test MSE group_0: 0.0030
Test MSE group_1: 0.0045
Test MSE group_2: nan
Test MSE group_3: nan
Poisson likelihood: 0.0
CE loss: 0.0
train MSE group_0: 0.0027
train MSE group_1: 0.0079
train MSE group_2: nan
train MSE group_3: nan
CE loss (TEST): 0.0
Experiment 13035
Epoch 0044 [Test seq (cond on sampled tp)] | Loss 16.840740 | Likelihood -17.151768 | KL fp 3.0475 | FP STD 0.0488|
KL coef: 0.2894467727277079
Train loss (one batch): 28.8835506439209
Train CE loss (one batch): 0.0
Test MSE (raw): 0.0042
Test MSE (smoothed with alpha=0.01): 0.1115
New best smoothed test MSE: 0.1115. Saving best model to experiments/experiment_13035_best.ckpt
Test MSE group_0: 0.0031
Test MSE group_1: 0.0046
Test MSE group_2: nan
Test MSE group_3: nan
Poisson likelihood: 0.0
CE loss: 0.0
train MSE group_0: 0.0029
train MSE group_1: 0.0075
train MSE group_2: nan
train MSE group_3: nan
CE loss (TEST): 0.0
Experiment 13035
Epoch 0045 [Test seq (cond on sampled tp)] | Loss 16.682564 | Likelihood -16.925371 | KL fp 3.0425 | FP STD 0.0481|
KL coef: 0.29655230500043084
Train loss (one batch): 29.460474014282227
Train CE loss (one batch): 0.0
Test MSE (raw): 0.0041
Test MSE (smoothed with alpha=0.01): 0.1105
New best smoothed test MSE: 0.1105. Saving best model to experiments/experiment_13035_best.ckpt
Test MSE group_0: 0.0029
Test MSE group_1: 0.0046
Test MSE group_2: nan
Test MSE group_3: nan
Poisson likelihood: 0.0
CE loss: 0.0
train MSE group_0: 0.0030
train MSE group_1: 0.0076
train MSE group_2: nan
train MSE group_3: nan
CE loss (TEST): 0.0
Experiment 13035
Epoch 0046 [Test seq (cond on sampled tp)] | Loss 18.260462 | Likelihood -18.639036 | KL fp 3.0856 | FP STD 0.0470|
KL coef: 0.30358678195042654
Train loss (one batch): 28.56351661682129
Train CE loss (one batch): 0.0
Test MSE (raw): 0.0045
Test MSE (smoothed with alpha=0.01): 0.1094
New best smoothed test MSE: 0.1094. Saving best model to experiments/experiment_13035_best.ckpt
Test MSE group_0: 0.0032
Test MSE group_1: 0.0049
Test MSE group_2: nan
Test MSE group_3: nan
Poisson likelihood: 0.0
CE loss: 0.0
train MSE group_0: 0.0027
train MSE group_1: 0.0074
train MSE group_2: nan
train MSE group_3: nan
CE loss (TEST): 0.0
Experiment 13035
Epoch 0047 [Test seq (cond on sampled tp)] | Loss 19.028854 | Likelihood -19.327291 | KL fp 3.0643 | FP STD 0.0470|
KL coef: 0.3105509141309223
Train loss (one batch): 29.019933700561523
Train CE loss (one batch): 0.0
Test MSE (raw): 0.0046
Test MSE (smoothed with alpha=0.01): 0.1084
New best smoothed test MSE: 0.1084. Saving best model to experiments/experiment_13035_best.ckpt
Test MSE group_0: 0.0032
Test MSE group_1: 0.0051
Test MSE group_2: nan
Test MSE group_3: nan
Poisson likelihood: 0.0
CE loss: 0.0
train MSE group_0: 0.0030
train MSE group_1: 0.0074
train MSE group_2: nan
train MSE group_3: nan
CE loss (TEST): 0.0
Experiment 13035
Epoch 0048 [Test seq (cond on sampled tp)] | Loss 17.637100 | Likelihood -17.863022 | KL fp 3.0357 | FP STD 0.0474|
KL coef: 0.31744540498961304
Train loss (one batch): 28.36844825744629
Train CE loss (one batch): 0.0
Test MSE (raw): 0.0043
Test MSE (smoothed with alpha=0.01): 0.1073
New best smoothed test MSE: 0.1073. Saving best model to experiments/experiment_13035_best.ckpt
Test MSE group_0: 0.0023
Test MSE group_1: 0.0050
Test MSE group_2: nan
Test MSE group_3: nan
Poisson likelihood: 0.0
CE loss: 0.0
train MSE group_0: 0.0029
train MSE group_1: 0.0073
train MSE group_2: nan
train MSE group_3: nan
CE loss (TEST): 0.0
Experiment 13035
Epoch 0049 [Test seq (cond on sampled tp)] | Loss 17.919592 | Likelihood -18.303736 | KL fp 2.9886 | FP STD 0.0480|
KL coef: 0.3242709509397169
Train loss (one batch): 28.383529663085938
Train CE loss (one batch): 0.0
Test MSE (raw): 0.0044
Test MSE (smoothed with alpha=0.01): 0.1063
New best smoothed test MSE: 0.1063. Saving best model to experiments/experiment_13035_best.ckpt
Test MSE group_0: 0.0029
Test MSE group_1: 0.0049
Test MSE group_2: nan
Test MSE group_3: nan
Poisson likelihood: 0.0
CE loss: 0.0
train MSE group_0: 0.0027
train MSE group_1: 0.0074
train MSE group_2: nan
train MSE group_3: nan
CE loss (TEST): 0.0
Experiment 13035
Epoch 0050 [Test seq (cond on sampled tp)] | Loss 17.769392 | Likelihood -18.054670 | KL fp 2.9667 | FP STD 0.0485|
KL coef: 0.3310282414303197
Train loss (one batch): 27.911685943603516
Train CE loss (one batch): 0.0
Test MSE (raw): 0.0043
Test MSE (smoothed with alpha=0.01): 0.1053
New best smoothed test MSE: 0.1053. Saving best model to experiments/experiment_13035_best.ckpt
Test MSE group_0: 0.0031
Test MSE group_1: 0.0048
Test MSE group_2: nan
Test MSE group_3: nan
Poisson likelihood: 0.0
CE loss: 0.0
train MSE group_0: 0.0027
train MSE group_1: 0.0072
train MSE group_2: nan
train MSE group_3: nan
CE loss (TEST): 0.0
Experiment 13035
Epoch 0051 [Test seq (cond on sampled tp)] | Loss 16.784010 | Likelihood -17.375128 | KL fp 2.9237 | FP STD 0.0492|
KL coef: 0.33771795901601653
Train loss (one batch): 27.52092933654785
Train CE loss (one batch): 0.0
Test MSE (raw): 0.0042
Test MSE (smoothed with alpha=0.01): 0.1043
New best smoothed test MSE: 0.1043. Saving best model to experiments/experiment_13035_best.ckpt
Test MSE group_0: 0.0029
Test MSE group_1: 0.0047
Test MSE group_2: nan
Test MSE group_3: nan
Poisson likelihood: 0.0
CE loss: 0.0
train MSE group_0: 0.0025
train MSE group_1: 0.0072
train MSE group_2: nan
train MSE group_3: nan
CE loss (TEST): 0.0
