/opt/miniconda3/envs/NODE_test/lib/python3.12/site-packages/torchvision/io/image.py:14: UserWarning: Failed to load image Python extension: 'dlopen(/opt/miniconda3/envs/NODE_test/lib/python3.12/site-packages/torchvision/image.so, 0x0006): Library not loaded: @rpath/libjpeg.9.dylib
  Referenced from: <367D4265-B20F-34BD-94EB-4F3EE47C385B> /opt/miniconda3/envs/NODE_test/lib/python3.12/site-packages/torchvision/image.so
  Reason: tried: '/opt/miniconda3/envs/NODE_test/lib/python3.12/site-packages/torchvision/../../../libjpeg.9.dylib' (no such file), '/opt/miniconda3/envs/NODE_test/lib/python3.12/site-packages/torchvision/../../../libjpeg.9.dylib' (no such file), '/opt/miniconda3/envs/NODE_test/lib/python3.12/lib-dynload/../../libjpeg.9.dylib' (no such file), '/opt/miniconda3/envs/NODE_test/bin/../lib/libjpeg.9.dylib' (no such file)'If you don't plan on using image functionality from `torchvision.io`, you can ignore this warning. Otherwise, there might be something wrong with your environment. Did you have `libjpeg` or `libpng` installed before building `torchvision` from source?
  warn(
/Users/benjaminmaurel/Documents/Training_Sanofi/notebooks_hands_on/latent_ode/lib/read_tacro.py:159: FutureWarning: DataFrame.applymap has been deprecated. Use DataFrame.map instead.
  df = df.applymap(lambda x: str(x).replace(",", ".") if isinstance(x, str) else x)
/Users/benjaminmaurel/Documents/Training_Sanofi/notebooks_hands_on/latent_ode/lib/read_tacro.py:267: UserWarning: Creating a tensor from a list of numpy.ndarrays is extremely slow. Please consider converting the list to a single numpy.ndarray with numpy.array() before converting to a tensor. (Triggered internally at /Users/runner/miniforge3/conda-bld/libtorch_1744320385493/work/torch/csrc/utils/tensor_new.cpp:281.)
  'auc_be': torch.tensor(auc_be),
/Users/benjaminmaurel/Documents/Training_Sanofi/notebooks_hands_on/latent_ode/lib/read_tacro.py:391: FutureWarning: DataFrame.applymap has been deprecated. Use DataFrame.map instead.
  df = df.applymap(lambda x: str(x).replace(",", ".") if isinstance(x, str) else x)
/Users/benjaminmaurel/Documents/Training_Sanofi/notebooks_hands_on/latent_ode/lib/read_tacro.py:391: FutureWarning: DataFrame.applymap has been deprecated. Use DataFrame.map instead.
  df = df.applymap(lambda x: str(x).replace(",", ".") if isinstance(x, str) else x)
/Users/benjaminmaurel/Documents/Training_Sanofi/notebooks_hands_on/latent_ode/run_models.py
run_models.py --niters 10 -n 200 -s 40 -l 10 --dataset PK_Tacro --latent-ode --noise-weight 0.01 --max-t 5. --seed 52 --experiment 21303
Experiment 21303
Epoch 0010 [Test seq (cond on sampled tp)] | Loss 3418.541992 | Likelihood -3739.583252 | KL fp 5.6457 | FP STD 1.3761|
KL coef: 0.0
Train loss (one batch): 3723.086669921875
Train CE loss (one batch): 0.0
Test MSE (raw): 0.7487
Test MSE (smoothed with alpha=0.01): 0.7487
New best smoothed test MSE: 0.7487. Saving best model to experiments/experiment_21303_best.ckpt
Test MSE group_0: 0.9576
Test MSE group_1: 0.6838
Test MSE group_2: nan
Test MSE group_3: nan
Poisson likelihood: 0.0
CE loss: 0.0
train MSE group_0: 0.9971
train MSE group_1: 0.7683
train MSE group_2: nan
train MSE group_3: nan
CE loss (TEST): 0.0
Couldn't import umap
Sampling dataset of 200 training examples
############## ['3631', '1441', '1641', '3350', '3741', '2441', '11141', '3950', '2050', '2131', '950', '11711', '1841', '3751', '11231', '3941', '250', '11031', '1450', '1511', '1850', '1121', '3521', '2950', '1750', '11751', '11341', '31011', '1921', '1231', '1831', '31021', '3711', '1350', '750', '4050', '3821', '3811', '31051', '11721', '3421', '1931', '3831', '1321', '850', '2231', '1721', '2750', '2650', '1421', '3551', '3511', '3250', '3650', '1941', '11051', '11311', '2451', '3621', '3931', '1331', '2150', '2151', '3121', '11531', '3550', '3231', '1531', '450', '11511', '1651', '11331', '3241', '2241', '2321', '31031', '3651', '11131', '150', '1821', '3411', '3211', '11731', '1150', '1911', '1950', '11251', '11151', '3321', '2350', '11241', '3131', '1141', '3750', '1541', '1611', '1731', '2250', '2121', '11451', '3851', '11441', '11111', '2551', '2550', '1311', '2111', '3541', '1811', '1241', '3351', '3331', '3531', '11651', '11621', '3841', '2251', '2450', '11421', '2331', '3911', '11541', '2531', '3221', '3151', '1751', '1550', '650', '1221', '3951', '1131', '1551', '11021', '3921', '2421', '350', '4250', '1050', '3850', '2850', '2211', '1250', '2521', '11741', '11641', '11121', '2511', '2311', '3141', '3311', '11211', '1741']
177
TensorBoard logs will be saved to: experiments/runs/21303
Training complete. TensorBoard writer closed.
Best model (based on smoothed MSE) saved to experiments/experiment_21303_best.ckpt with smoothed Test MSE: 0.7487
