/opt/miniconda3/envs/NODE_test/lib/python3.12/site-packages/torchvision/io/image.py:14: UserWarning: Failed to load image Python extension: 'dlopen(/opt/miniconda3/envs/NODE_test/lib/python3.12/site-packages/torchvision/image.so, 0x0006): Library not loaded: @rpath/libjpeg.9.dylib
  Referenced from: <367D4265-B20F-34BD-94EB-4F3EE47C385B> /opt/miniconda3/envs/NODE_test/lib/python3.12/site-packages/torchvision/image.so
  Reason: tried: '/opt/miniconda3/envs/NODE_test/lib/python3.12/site-packages/torchvision/../../../libjpeg.9.dylib' (no such file), '/opt/miniconda3/envs/NODE_test/lib/python3.12/site-packages/torchvision/../../../libjpeg.9.dylib' (no such file), '/opt/miniconda3/envs/NODE_test/lib/python3.12/lib-dynload/../../libjpeg.9.dylib' (no such file), '/opt/miniconda3/envs/NODE_test/bin/../lib/libjpeg.9.dylib' (no such file)'If you don't plan on using image functionality from `torchvision.io`, you can ignore this warning. Otherwise, there might be something wrong with your environment. Did you have `libjpeg` or `libpng` installed before building `torchvision` from source?
  warn(
Couldn't import umap
Traceback (most recent call last):
  File "/Users/benjaminmaurel/Documents/Training_Sanofi/notebooks_hands_on/latent_ode/run_models.py", line 35, in <module>
    from lib.parse_datasets import parse_datasets
  File "/Users/benjaminmaurel/Documents/Training_Sanofi/notebooks_hands_on/latent_ode/lib/parse_datasets.py", line 18, in <module>
    from mujoco_physics import HopperPhysics
  File "/Users/benjaminmaurel/Documents/Training_Sanofi/notebooks_hands_on/latent_ode/mujoco_physics.py", line 11, in <module>
    from torchvision.datasets.utils import download_url
  File "/opt/miniconda3/envs/NODE_test/lib/python3.12/site-packages/torchvision/__init__.py", line 10, in <module>
    from torchvision import _meta_registrations, datasets, io, models, ops, transforms, utils  # usort:skip
    ^^^^^^^^^^^^^^^^^^^^^^^^^^^^^^^^^^^^^^^^^^^^^^^^^^^^^^^^^^^^^^^^^^^^^^^^^^^^^^^^^^^^^^^^^
  File "/opt/miniconda3/envs/NODE_test/lib/python3.12/site-packages/torchvision/models/__init__.py", line 2, in <module>
    from .convnext import *
  File "/opt/miniconda3/envs/NODE_test/lib/python3.12/site-packages/torchvision/models/convnext.py", line 8, in <module>
    from ..ops.misc import Conv2dNormActivation, Permute
  File "/opt/miniconda3/envs/NODE_test/lib/python3.12/site-packages/torchvision/ops/__init__.py", line 23, in <module>
    from .poolers import MultiScaleRoIAlign
  File "/opt/miniconda3/envs/NODE_test/lib/python3.12/site-packages/torchvision/ops/poolers.py", line 10, in <module>
    from .roi_align import roi_align
  File "/opt/miniconda3/envs/NODE_test/lib/python3.12/site-packages/torchvision/ops/roi_align.py", line 7, in <module>
    from torch._dynamo.utils import is_compile_supported
  File "/opt/miniconda3/envs/NODE_test/lib/python3.12/site-packages/torch/_dynamo/__init__.py", line 3, in <module>
    from . import convert_frame, eval_frame, resume_execution
  File "/opt/miniconda3/envs/NODE_test/lib/python3.12/site-packages/torch/_dynamo/convert_frame.py", line 31, in <module>
    from torch._dynamo.utils import CompileTimeInstructionCounter
  File "/opt/miniconda3/envs/NODE_test/lib/python3.12/site-packages/torch/_dynamo/utils.py", line 62, in <module>
    import torch.fx.experimental.symbolic_shapes
  File "/opt/miniconda3/envs/NODE_test/lib/python3.12/site-packages/torch/fx/experimental/symbolic_shapes.py", line 65, in <module>
    from torch.utils._sympy.functions import (
  File "/opt/miniconda3/envs/NODE_test/lib/python3.12/site-packages/torch/utils/_sympy/functions.py", line 7, in <module>
    import sympy
  File "/opt/miniconda3/envs/NODE_test/lib/python3.12/site-packages/sympy/__init__.py", line 163, in <module>
    from .simplify import (simplify, hypersimp, hypersimilar, logcombine,
  File "/opt/miniconda3/envs/NODE_test/lib/python3.12/site-packages/sympy/simplify/__init__.py", line 7, in <module>
    from .simplify import (simplify, hypersimp, hypersimilar,
  File "/opt/miniconda3/envs/NODE_test/lib/python3.12/site-packages/sympy/simplify/simplify.py", line 43, in <module>
    from sympy.simplify.hyperexpand import hyperexpand
  File "<frozen importlib._bootstrap>", line 1360, in _find_and_load
  File "<frozen importlib._bootstrap>", line 1331, in _find_and_load_unlocked
  File "<frozen importlib._bootstrap>", line 935, in _load_unlocked
  File "<frozen importlib._bootstrap_external>", line 995, in exec_module
  File "<frozen importlib._bootstrap_external>", line 1128, in get_code
  File "<frozen importlib._bootstrap_external>", line 757, in _compile_bytecode
KeyboardInterrupt
