/opt/miniconda3/envs/NODE_test/lib/python3.12/site-packages/torchvision/io/image.py:14: UserWarning: Failed to load image Python extension: 'dlopen(/opt/miniconda3/envs/NODE_test/lib/python3.12/site-packages/torchvision/image.so, 0x0006): Library not loaded: @rpath/libjpeg.9.dylib
  Referenced from: <367D4265-B20F-34BD-94EB-4F3EE47C385B> /opt/miniconda3/envs/NODE_test/lib/python3.12/site-packages/torchvision/image.so
  Reason: tried: '/opt/miniconda3/envs/NODE_test/lib/python3.12/site-packages/torchvision/../../../libjpeg.9.dylib' (no such file), '/opt/miniconda3/envs/NODE_test/lib/python3.12/site-packages/torchvision/../../../libjpeg.9.dylib' (no such file), '/opt/miniconda3/envs/NODE_test/lib/python3.12/lib-dynload/../../libjpeg.9.dylib' (no such file), '/opt/miniconda3/envs/NODE_test/bin/../lib/libjpeg.9.dylib' (no such file)'If you don't plan on using image functionality from `torchvision.io`, you can ignore this warning. Otherwise, there might be something wrong with your environment. Did you have `libjpeg` or `libpng` installed before building `torchvision` from source?
  warn(
/Users/benjaminmaurel/Documents/Training_Sanofi/notebooks_hands_on/latent_ode/run_models.py
run_models.py --niters 3000 -n 200 -s 40 -l 10 --dataset PK_Tacro --latent-ode --noise-weight 0.01 --max-t 5. --seed 1 --experiment 20499
Experiment 20499
Epoch 0010 [Test seq (cond on sampled tp)] | Loss 6246.050781 | Likelihood -6378.495117 | KL fp 1.2269 | FP STD 0.7995|
KL coef: 0.0
Train loss (one batch): 7833.89306640625
Train CE loss (one batch): 0.0
Test MSE (raw): 1.2764
Test MSE (smoothed with alpha=0.01): 1.2764
New best smoothed test MSE: 1.2764. Saving best model to experiments/experiment_20499_best.ckpt
Test MSE group_0: 1.3999
Test MSE group_1: 1.1339
Test MSE group_2: nan
Test MSE group_3: nan
Poisson likelihood: 0.0
CE loss: 0.0
train MSE group_0: 1.7418
train MSE group_1: 1.3612
train MSE group_2: nan
train MSE group_3: nan
CE loss (TEST): 0.0
Experiment 20499
Epoch 0020 [Test seq (cond on sampled tp)] | Loss 1297.184326 | Likelihood -1340.347168 | KL fp 4.4504 | FP STD 0.4581|
KL coef: 0.09561792499119559
Train loss (one batch): 1359.54443359375
Train CE loss (one batch): 0.0
Test MSE (raw): 0.2688
Test MSE (smoothed with alpha=0.01): 1.2664
New best smoothed test MSE: 1.2664. Saving best model to experiments/experiment_20499_best.ckpt
Test MSE group_0: 0.2385
Test MSE group_1: 0.2989
Test MSE group_2: nan
Test MSE group_3: nan
Poisson likelihood: 0.0
CE loss: 0.0
train MSE group_0: 0.2545
train MSE group_1: 0.3030
train MSE group_2: nan
train MSE group_3: nan
CE loss (TEST): 0.0
Experiment 20499
Epoch 0030 [Test seq (cond on sampled tp)] | Loss 761.895935 | Likelihood -781.245300 | KL fp 4.8376 | FP STD 0.3534|
KL coef: 0.18209306240276923
Train loss (one batch): 675.9115600585938
Train CE loss (one batch): 0.0
Test MSE (raw): 0.1570
Test MSE (smoothed with alpha=0.01): 1.2553
New best smoothed test MSE: 1.2553. Saving best model to experiments/experiment_20499_best.ckpt
Test MSE group_0: 0.1585
Test MSE group_1: 0.1562
Test MSE group_2: nan
Test MSE group_3: nan
Poisson likelihood: 0.0
CE loss: 0.0
train MSE group_0: 0.1240
train MSE group_1: 0.1521
train MSE group_2: nan
train MSE group_3: nan
CE loss (TEST): 0.0
Experiment 20499
Epoch 0040 [Test seq (cond on sampled tp)] | Loss 657.842224 | Likelihood -671.685059 | KL fp 5.4150 | FP STD 0.2799|
KL coef: 0.2602996266117198
Train loss (one batch): 663.4385986328125
Train CE loss (one batch): 0.0
Test MSE (raw): 0.1351
Test MSE (smoothed with alpha=0.01): 1.2441
New best smoothed test MSE: 1.2441. Saving best model to experiments/experiment_20499_best.ckpt
Test MSE group_0: 0.1338
Test MSE group_1: 0.1406
Test MSE group_2: nan
Test MSE group_3: nan
Poisson likelihood: 0.0
CE loss: 0.0
train MSE group_0: 0.1235
train MSE group_1: 0.1473
train MSE group_2: nan
train MSE group_3: nan
CE loss (TEST): 0.0
Experiment 20499
Epoch 0050 [Test seq (cond on sampled tp)] | Loss 641.895020 | Likelihood -659.302368 | KL fp 5.2791 | FP STD 0.2412|
KL coef: 0.3310282414303197
Train loss (one batch): 583.556396484375
Train CE loss (one batch): 0.0
Test MSE (raw): 0.1326
Test MSE (smoothed with alpha=0.01): 1.2329
New best smoothed test MSE: 1.2329. Saving best model to experiments/experiment_20499_best.ckpt
Test MSE group_0: 0.1185
Test MSE group_1: 0.1511
Test MSE group_2: nan
Test MSE group_3: nan
Poisson likelihood: 0.0
CE loss: 0.0
train MSE group_0: 0.0963
train MSE group_1: 0.1469
train MSE group_2: nan
train MSE group_3: nan
CE loss (TEST): 0.0
Experiment 20499
Epoch 0060 [Test seq (cond on sampled tp)] | Loss 630.956238 | Likelihood -641.163025 | KL fp 5.5662 | FP STD 0.1701|
KL coef: 0.39499393286246365
Train loss (one batch): 587.1657104492188
Train CE loss (one batch): 0.0
Test MSE (raw): 0.1290
Test MSE (smoothed with alpha=0.01): 1.2219
New best smoothed test MSE: 1.2219. Saving best model to experiments/experiment_20499_best.ckpt
Test MSE group_0: 0.1249
Test MSE group_1: 0.1359
Test MSE group_2: nan
Test MSE group_3: nan
Poisson likelihood: 0.0
CE loss: 0.0
train MSE group_0: 0.1059
train MSE group_1: 0.1354
train MSE group_2: nan
train MSE group_3: nan
CE loss (TEST): 0.0
Experiment 20499
Epoch 0070 [Test seq (cond on sampled tp)] | Loss 617.606262 | Likelihood -628.295410 | KL fp 5.3930 | FP STD 0.1709|
KL coef: 0.4528433576092388
Train loss (one batch): 575.8203125
Train CE loss (one batch): 0.0
Test MSE (raw): 0.1264
Test MSE (smoothed with alpha=0.01): 1.2110
New best smoothed test MSE: 1.2110. Saving best model to experiments/experiment_20499_best.ckpt
Test MSE group_0: 0.1222
Test MSE group_1: 0.1338
Test MSE group_2: nan
Test MSE group_3: nan
Poisson likelihood: 0.0
CE loss: 0.0
train MSE group_0: 0.1042
train MSE group_1: 0.1330
train MSE group_2: nan
train MSE group_3: nan
CE loss (TEST): 0.0
Experiment 20499
Epoch 0080 [Test seq (cond on sampled tp)] | Loss 622.527954 | Likelihood -632.945312 | KL fp 5.6647 | FP STD 0.1482|
KL coef: 0.505161340399793
Train loss (one batch): 583.9767456054688
Train CE loss (one batch): 0.0
Test MSE (raw): 0.1273
Test MSE (smoothed with alpha=0.01): 1.2001
New best smoothed test MSE: 1.2001. Saving best model to experiments/experiment_20499_best.ckpt
Test MSE group_0: 0.1199
Test MSE group_1: 0.1385
Test MSE group_2: nan
Test MSE group_3: nan
Poisson likelihood: 0.0
CE loss: 0.0
train MSE group_0: 0.1014
train MSE group_1: 0.1386
train MSE group_2: nan
train MSE group_3: nan
CE loss (TEST): 0.0
Experiment 20499
Epoch 0090 [Test seq (cond on sampled tp)] | Loss 616.887512 | Likelihood -629.028381 | KL fp 5.6495 | FP STD 0.1668|
KL coef: 0.5524767862361895
Train loss (one batch): 580.323486328125
Train CE loss (one batch): 0.0
Test MSE (raw): 0.1265
Test MSE (smoothed with alpha=0.01): 1.1894
New best smoothed test MSE: 1.1894. Saving best model to experiments/experiment_20499_best.ckpt
Test MSE group_0: 0.1205
Test MSE group_1: 0.1360
Test MSE group_2: nan
Test MSE group_3: nan
Poisson likelihood: 0.0
CE loss: 0.0
train MSE group_0: 0.1029
train MSE group_1: 0.1366
train MSE group_2: nan
train MSE group_3: nan
CE loss (TEST): 0.0
Experiment 20499
Epoch 0100 [Test seq (cond on sampled tp)] | Loss 612.070679 | Likelihood -624.140808 | KL fp 5.3636 | FP STD 0.1474|
KL coef: 0.5952680273216762
Train loss (one batch): 573.8883666992188
Train CE loss (one batch): 0.0
Test MSE (raw): 0.1256
Test MSE (smoothed with alpha=0.01): 1.1787
New best smoothed test MSE: 1.1787. Saving best model to experiments/experiment_20499_best.ckpt
Test MSE group_0: 0.1196
Test MSE group_1: 0.1349
Test MSE group_2: nan
Test MSE group_3: nan
Poisson likelihood: 0.0
CE loss: 0.0
train MSE group_0: 0.1012
train MSE group_1: 0.1359
train MSE group_2: nan
train MSE group_3: nan
CE loss (TEST): 0.0
Experiment 20499
Epoch 0110 [Test seq (cond on sampled tp)] | Loss 610.450134 | Likelihood -622.486938 | KL fp 5.2985 | FP STD 0.1613|
KL coef: 0.6339676587267709
Train loss (one batch): 576.0188598632812
Train CE loss (one batch): 0.0
Test MSE (raw): 0.1252
Test MSE (smoothed with alpha=0.01): 1.1682
New best smoothed test MSE: 1.1682. Saving best model to experiments/experiment_20499_best.ckpt
Test MSE group_0: 0.1187
Test MSE group_1: 0.1351
Test MSE group_2: nan
Test MSE group_3: nan
Poisson likelihood: 0.0
CE loss: 0.0
train MSE group_0: 0.1008
train MSE group_1: 0.1355
train MSE group_2: nan
train MSE group_3: nan
CE loss (TEST): 0.0
Experiment 20499
Epoch 0120 [Test seq (cond on sampled tp)] | Loss 620.500061 | Likelihood -626.143433 | KL fp 5.6727 | FP STD 0.1561|
KL coef: 0.6689669116789861
Train loss (one batch): 569.4130249023438
Train CE loss (one batch): 0.0
Test MSE (raw): 0.1260
Test MSE (smoothed with alpha=0.01): 1.1578
New best smoothed test MSE: 1.1578. Saving best model to experiments/experiment_20499_best.ckpt
Test MSE group_0: 0.1202
Test MSE group_1: 0.1351
Test MSE group_2: nan
Test MSE group_3: nan
Poisson likelihood: 0.0
CE loss: 0.0
train MSE group_0: 0.1009
train MSE group_1: 0.1332
train MSE group_2: nan
train MSE group_3: nan
CE loss (TEST): 0.0
Experiment 20499
Epoch 0130 [Test seq (cond on sampled tp)] | Loss 613.399048 | Likelihood -623.653320 | KL fp 5.3051 | FP STD 0.1776|
KL coef: 0.7006196086876687
Train loss (one batch): 573.2620849609375
Train CE loss (one batch): 0.0
Test MSE (raw): 0.1255
Test MSE (smoothed with alpha=0.01): 1.1475
New best smoothed test MSE: 1.1475. Saving best model to experiments/experiment_20499_best.ckpt
Test MSE group_0: 0.1196
Test MSE group_1: 0.1348
Test MSE group_2: nan
Test MSE group_3: nan
Poisson likelihood: 0.0
CE loss: 0.0
train MSE group_0: 0.1013
train MSE group_1: 0.1345
train MSE group_2: nan
train MSE group_3: nan
CE loss (TEST): 0.0
Experiment 20499
Epoch 0140 [Test seq (cond on sampled tp)] | Loss 603.753479 | Likelihood -611.151672 | KL fp 5.4063 | FP STD 0.1397|
KL coef: 0.729245740488006
Train loss (one batch): 556.8880004882812
Train CE loss (one batch): 0.0
Test MSE (raw): 0.1230
Test MSE (smoothed with alpha=0.01): 1.1372
New best smoothed test MSE: 1.1372. Saving best model to experiments/experiment_20499_best.ckpt
Test MSE group_0: 0.1175
Test MSE group_1: 0.1318
Test MSE group_2: nan
Test MSE group_3: nan
Poisson likelihood: 0.0
CE loss: 0.0
train MSE group_0: 0.0983
train MSE group_1: 0.1308
train MSE group_2: nan
train MSE group_3: nan
CE loss (TEST): 0.0
Experiment 20499
Epoch 0150 [Test seq (cond on sampled tp)] | Loss 593.244751 | Likelihood -600.945740 | KL fp 5.2713 | FP STD 0.1721|
KL coef: 0.7551347009650705
Train loss (one batch): 549.5421142578125
Train CE loss (one batch): 0.0
Test MSE (raw): 0.1209
Test MSE (smoothed with alpha=0.01): 1.1271
New best smoothed test MSE: 1.1271. Saving best model to experiments/experiment_20499_best.ckpt
Test MSE group_0: 0.1163
Test MSE group_1: 0.1286
Test MSE group_2: nan
Test MSE group_3: nan
Poisson likelihood: 0.0
CE loss: 0.0
train MSE group_0: 0.0972
train MSE group_1: 0.1275
train MSE group_2: nan
train MSE group_3: nan
CE loss (TEST): 0.0
Experiment 20499
Epoch 0160 [Test seq (cond on sampled tp)] | Loss 556.536194 | Likelihood -570.430420 | KL fp 4.8797 | FP STD 0.2213|
KL coef: 0.7785482127611391
Train loss (one batch): 512.099853515625
Train CE loss (one batch): 0.0
Test MSE (raw): 0.1148
Test MSE (smoothed with alpha=0.01): 1.1169
New best smoothed test MSE: 1.1169. Saving best model to experiments/experiment_20499_best.ckpt
Test MSE group_0: 0.1107
Test MSE group_1: 0.1213
Test MSE group_2: nan
Test MSE group_3: nan
Poisson likelihood: 0.0
CE loss: 0.0
train MSE group_0: 0.0910
train MSE group_1: 0.1201
train MSE group_2: nan
train MSE group_3: nan
CE loss (TEST): 0.0
Experiment 20499
Epoch 0170 [Test seq (cond on sampled tp)] | Loss 507.882996 | Likelihood -522.683228 | KL fp 4.4679 | FP STD 0.2636|
KL coef: 0.7997229731425107
Train loss (one batch): 464.065673828125
Train CE loss (one batch): 0.0
Test MSE (raw): 0.1053
Test MSE (smoothed with alpha=0.01): 1.1068
New best smoothed test MSE: 1.1068. Saving best model to experiments/experiment_20499_best.ckpt
Test MSE group_0: 0.1020
Test MSE group_1: 0.1100
Test MSE group_2: nan
Test MSE group_3: nan
Poisson likelihood: 0.0
CE loss: 0.0
train MSE group_0: 0.0843
train MSE group_1: 0.1054
train MSE group_2: nan
train MSE group_3: nan
CE loss (TEST): 0.0
Experiment 20499
Epoch 0180 [Test seq (cond on sampled tp)] | Loss 485.410339 | Likelihood -513.341919 | KL fp 4.7018 | FP STD 0.2777|
KL coef: 0.8188730468740297
Train loss (one batch): 450.10418701171875
Train CE loss (one batch): 0.0
Test MSE (raw): 0.1034
Test MSE (smoothed with alpha=0.01): 1.0968
New best smoothed test MSE: 1.0968. Saving best model to experiments/experiment_20499_best.ckpt
Test MSE group_0: 0.1006
Test MSE group_1: 0.1073
Test MSE group_2: nan
Test MSE group_3: nan
Poisson likelihood: 0.0
CE loss: 0.0
train MSE group_0: 0.0827
train MSE group_1: 0.1019
train MSE group_2: nan
train MSE group_3: nan
CE loss (TEST): 0.0
Experiment 20499
Epoch 0190 [Test seq (cond on sampled tp)] | Loss 477.272552 | Likelihood -493.146790 | KL fp 4.5209 | FP STD 0.2992|
KL coef: 0.8361920302919126
Train loss (one batch): 427.1375732421875
Train CE loss (one batch): 0.0
Test MSE (raw): 0.0994
Test MSE (smoothed with alpha=0.01): 1.0868
New best smoothed test MSE: 1.0868. Saving best model to experiments/experiment_20499_best.ckpt
Test MSE group_0: 0.0983
Test MSE group_1: 0.1017
Test MSE group_2: nan
Test MSE group_3: nan
Poisson likelihood: 0.0
CE loss: 0.0
train MSE group_0: 0.0832
train MSE group_1: 0.0924
train MSE group_2: nan
train MSE group_3: nan
CE loss (TEST): 0.0
Experiment 20499
Epoch 0200 [Test seq (cond on sampled tp)] | Loss 449.814758 | Likelihood -461.123627 | KL fp 4.4282 | FP STD 0.3108|
KL coef: 0.8518550084524206
Train loss (one batch): 413.5746154785156
Train CE loss (one batch): 0.0
Test MSE (raw): 0.0930
Test MSE (smoothed with alpha=0.01): 1.0769
New best smoothed test MSE: 1.0769. Saving best model to experiments/experiment_20499_best.ckpt
Test MSE group_0: 0.0872
Test MSE group_1: 0.0987
Test MSE group_2: nan
Test MSE group_3: nan
Poisson likelihood: 0.0
CE loss: 0.0
train MSE group_0: 0.0789
train MSE group_1: 0.0904
train MSE group_2: nan
train MSE group_3: nan
CE loss (TEST): 0.0
Experiment 20499
Epoch 0210 [Test seq (cond on sampled tp)] | Loss 436.145691 | Likelihood -446.327515 | KL fp 4.6443 | FP STD 0.2802|
KL coef: 0.8660203251420383
Train loss (one batch): 411.7446594238281
Train CE loss (one batch): 0.0
Test MSE (raw): 0.0900
Test MSE (smoothed with alpha=0.01): 1.0670
New best smoothed test MSE: 1.0670. Saving best model to experiments/experiment_20499_best.ckpt
Test MSE group_0: 0.0832
Test MSE group_1: 0.0966
Test MSE group_2: nan
Test MSE group_3: nan
Poisson likelihood: 0.0
CE loss: 0.0
train MSE group_0: 0.0781
train MSE group_1: 0.0893
train MSE group_2: nan
train MSE group_3: nan
CE loss (TEST): 0.0
Experiment 20499
Epoch 0220 [Test seq (cond on sampled tp)] | Loss 415.440735 | Likelihood -424.476074 | KL fp 4.4221 | FP STD 0.2633|
KL coef: 0.8788311836429517
Train loss (one batch): 399.1112365722656
Train CE loss (one batch): 0.0
Test MSE (raw): 0.0856
Test MSE (smoothed with alpha=0.01): 1.0572
New best smoothed test MSE: 1.0572. Saving best model to experiments/experiment_20499_best.ckpt
Test MSE group_0: 0.0765
Test MSE group_1: 0.0942
Test MSE group_2: nan
Test MSE group_3: nan
Poisson likelihood: 0.0
CE loss: 0.0
train MSE group_0: 0.0734
train MSE group_1: 0.0895
train MSE group_2: nan
train MSE group_3: nan
CE loss (TEST): 0.0
Experiment 20499
Epoch 0230 [Test seq (cond on sampled tp)] | Loss 410.410736 | Likelihood -416.583252 | KL fp 4.4577 | FP STD 0.2712|
KL coef: 0.8904170944366518
Train loss (one batch): 392.0806884765625
Train CE loss (one batch): 0.0
Test MSE (raw): 0.0841
Test MSE (smoothed with alpha=0.01): 1.0475
New best smoothed test MSE: 1.0475. Saving best model to experiments/experiment_20499_best.ckpt
Test MSE group_0: 0.0748
Test MSE group_1: 0.0928
Test MSE group_2: nan
Test MSE group_3: nan
Poisson likelihood: 0.0
CE loss: 0.0
train MSE group_0: 0.0708
train MSE group_1: 0.0889
train MSE group_2: nan
train MSE group_3: nan
CE loss (TEST): 0.0
Experiment 20499
Epoch 0240 [Test seq (cond on sampled tp)] | Loss 415.394379 | Likelihood -426.704773 | KL fp 4.4869 | FP STD 0.3025|
KL coef: 0.9008951844811254
Train loss (one batch): 386.6361999511719
Train CE loss (one batch): 0.0
Test MSE (raw): 0.0861
Test MSE (smoothed with alpha=0.01): 1.0378
New best smoothed test MSE: 1.0378. Saving best model to experiments/experiment_20499_best.ckpt
Test MSE group_0: 0.0748
Test MSE group_1: 0.0971
Test MSE group_2: nan
Test MSE group_3: nan
Poisson likelihood: 0.0
CE loss: 0.0
train MSE group_0: 0.0682
train MSE group_1: 0.0920
train MSE group_2: nan
train MSE group_3: nan
CE loss (TEST): 0.0
Experiment 20499
Epoch 0250 [Test seq (cond on sampled tp)] | Loss 396.041901 | Likelihood -401.192078 | KL fp 4.8394 | FP STD 0.2195|
KL coef: 0.9103713812976754
Train loss (one batch): 364.55511474609375
Train CE loss (one batch): 0.0
Test MSE (raw): 0.0810
Test MSE (smoothed with alpha=0.01): 1.0283
New best smoothed test MSE: 1.0283. Saving best model to experiments/experiment_20499_best.ckpt
Test MSE group_0: 0.0692
Test MSE group_1: 0.0921
Test MSE group_2: nan
Test MSE group_3: nan
Poisson likelihood: 0.0
CE loss: 0.0
train MSE group_0: 0.0650
train MSE group_1: 0.0859
train MSE group_2: nan
train MSE group_3: nan
CE loss (TEST): 0.0
Experiment 20499
Epoch 0260 [Test seq (cond on sampled tp)] | Loss 384.570343 | Likelihood -389.634949 | KL fp 4.5272 | FP STD 0.2368|
KL coef: 0.9189414838378187
Train loss (one batch): 348.60858154296875
Train CE loss (one batch): 0.0
Test MSE (raw): 0.0787
Test MSE (smoothed with alpha=0.01): 1.0188
New best smoothed test MSE: 1.0188. Saving best model to experiments/experiment_20499_best.ckpt
Test MSE group_0: 0.0669
Test MSE group_1: 0.0895
Test MSE group_2: nan
Test MSE group_3: nan
Poisson likelihood: 0.0
CE loss: 0.0
train MSE group_0: 0.0608
train MSE group_1: 0.0844
train MSE group_2: nan
train MSE group_3: nan
CE loss (TEST): 0.0
Experiment 20499
Epoch 0270 [Test seq (cond on sampled tp)] | Loss 379.825653 | Likelihood -383.272034 | KL fp 4.7206 | FP STD 0.2227|
KL coef: 0.9266921309561118
Train loss (one batch): 347.8275146484375
Train CE loss (one batch): 0.0
Test MSE (raw): 0.0774
Test MSE (smoothed with alpha=0.01): 1.0094
New best smoothed test MSE: 1.0094. Saving best model to experiments/experiment_20499_best.ckpt
Test MSE group_0: 0.0655
Test MSE group_1: 0.0885
Test MSE group_2: nan
Test MSE group_3: nan
Poisson likelihood: 0.0
CE loss: 0.0
train MSE group_0: 0.0602
train MSE group_1: 0.0824
train MSE group_2: nan
train MSE group_3: nan
CE loss (TEST): 0.0
Experiment 20499
Epoch 0280 [Test seq (cond on sampled tp)] | Loss 373.294525 | Likelihood -377.225372 | KL fp 4.8262 | FP STD 0.1946|
KL coef: 0.9337016772796147
Train loss (one batch): 337.6900939941406
Train CE loss (one batch): 0.0
Test MSE (raw): 0.0762
Test MSE (smoothed with alpha=0.01): 1.0000
New best smoothed test MSE: 1.0000. Saving best model to experiments/experiment_20499_best.ckpt
Test MSE group_0: 0.0645
Test MSE group_1: 0.0871
Test MSE group_2: nan
Test MSE group_3: nan
Poisson likelihood: 0.0
CE loss: 0.0
train MSE group_0: 0.0587
train MSE group_1: 0.0795
train MSE group_2: nan
train MSE group_3: nan
CE loss (TEST): 0.0
Experiment 20499
Epoch 0290 [Test seq (cond on sampled tp)] | Loss 360.306183 | Likelihood -374.339661 | KL fp 4.8381 | FP STD 0.2373|
KL coef: 0.9400409853285345
Train loss (one batch): 323.9808044433594
Train CE loss (one batch): 0.0
Test MSE (raw): 0.0756
Test MSE (smoothed with alpha=0.01): 0.9908
New best smoothed test MSE: 0.9908. Saving best model to experiments/experiment_20499_best.ckpt
Test MSE group_0: 0.0639
Test MSE group_1: 0.0866
Test MSE group_2: nan
Test MSE group_3: nan
Poisson likelihood: 0.0
CE loss: 0.0
train MSE group_0: 0.0559
train MSE group_1: 0.0793
train MSE group_2: nan
train MSE group_3: nan
CE loss (TEST): 0.0
Experiment 20499
Epoch 0300 [Test seq (cond on sampled tp)] | Loss 326.173920 | Likelihood -335.359100 | KL fp 4.4307 | FP STD 0.2199|
KL coef: 0.9457741418959368
Train loss (one batch): 314.83880615234375
Train CE loss (one batch): 0.0
Test MSE (raw): 0.0678
Test MSE (smoothed with alpha=0.01): 0.9816
New best smoothed test MSE: 0.9816. Saving best model to experiments/experiment_20499_best.ckpt
Test MSE group_0: 0.0559
Test MSE group_1: 0.0789
Test MSE group_2: nan
Test MSE group_3: nan
Poisson likelihood: 0.0
CE loss: 0.0
train MSE group_0: 0.0534
train MSE group_1: 0.0758
train MSE group_2: nan
train MSE group_3: nan
CE loss (TEST): 0.0
Experiment 20499
Epoch 0310 [Test seq (cond on sampled tp)] | Loss 319.891754 | Likelihood -323.364899 | KL fp 4.6202 | FP STD 0.1840|
KL coef: 0.9509591059287142
Train loss (one batch): 281.0826721191406
Train CE loss (one batch): 0.0
Test MSE (raw): 0.0654
Test MSE (smoothed with alpha=0.01): 0.9724
New best smoothed test MSE: 0.9724. Saving best model to experiments/experiment_20499_best.ckpt
Test MSE group_0: 0.0531
Test MSE group_1: 0.0767
Test MSE group_2: nan
Test MSE group_3: nan
Poisson likelihood: 0.0
CE loss: 0.0
train MSE group_0: 0.0458
train MSE group_1: 0.0705
train MSE group_2: nan
train MSE group_3: nan
CE loss (TEST): 0.0
Experiment 20499
Epoch 0320 [Test seq (cond on sampled tp)] | Loss 307.503662 | Likelihood -309.911255 | KL fp 5.0874 | FP STD 0.1521|
KL coef: 0.9556482944595236
Train loss (one batch): 255.45921325683594
Train CE loss (one batch): 0.0
Test MSE (raw): 0.0627
Test MSE (smoothed with alpha=0.01): 0.9633
New best smoothed test MSE: 0.9633. Saving best model to experiments/experiment_20499_best.ckpt
Test MSE group_0: 0.0500
Test MSE group_1: 0.0746
Test MSE group_2: nan
Test MSE group_3: nan
Poisson likelihood: 0.0
CE loss: 0.0
train MSE group_0: 0.0417
train MSE group_1: 0.0652
train MSE group_2: nan
train MSE group_3: nan
CE loss (TEST): 0.0
Experiment 20499
Epoch 0330 [Test seq (cond on sampled tp)] | Loss 278.754517 | Likelihood -290.042236 | KL fp 4.6876 | FP STD 0.2160|
KL coef: 0.9598891125131245
Train loss (one batch): 244.55038452148438
Train CE loss (one batch): 0.0
Test MSE (raw): 0.0587
Test MSE (smoothed with alpha=0.01): 0.9543
New best smoothed test MSE: 0.9543. Saving best model to experiments/experiment_20499_best.ckpt
Test MSE group_0: 0.0456
Test MSE group_1: 0.0709
Test MSE group_2: nan
Test MSE group_3: nan
Poisson likelihood: 0.0
CE loss: 0.0
train MSE group_0: 0.0385
train MSE group_1: 0.0638
train MSE group_2: nan
train MSE group_3: nan
CE loss (TEST): 0.0
Experiment 20499
Epoch 0340 [Test seq (cond on sampled tp)] | Loss 247.503082 | Likelihood -250.969757 | KL fp 4.4711 | FP STD 0.1862|
KL coef: 0.9637244323441748
Train loss (one batch): 262.079345703125
Train CE loss (one batch): 0.0
Test MSE (raw): 0.0509
Test MSE (smoothed with alpha=0.01): 0.9452
New best smoothed test MSE: 0.9452. Saving best model to experiments/experiment_20499_best.ckpt
Test MSE group_0: 0.0363
Test MSE group_1: 0.0643
Test MSE group_2: nan
Test MSE group_3: nan
Poisson likelihood: 0.0
CE loss: 0.0
train MSE group_0: 0.0425
train MSE group_1: 0.0656
train MSE group_2: nan
train MSE group_3: nan
CE loss (TEST): 0.0
Experiment 20499
Epoch 0350 [Test seq (cond on sampled tp)] | Loss 281.448853 | Likelihood -283.340881 | KL fp 5.0244 | FP STD 0.1338|
KL coef: 0.9671930268513026
Train loss (one batch): 237.07546997070312
Train CE loss (one batch): 0.0
Test MSE (raw): 0.0574
Test MSE (smoothed with alpha=0.01): 0.9363
New best smoothed test MSE: 0.9363. Saving best model to experiments/experiment_20499_best.ckpt
Test MSE group_0: 0.0432
Test MSE group_1: 0.0704
Test MSE group_2: nan
Test MSE group_3: nan
Poisson likelihood: 0.0
CE loss: 0.0
train MSE group_0: 0.0353
train MSE group_1: 0.0639
train MSE group_2: nan
train MSE group_3: nan
CE loss (TEST): 0.0
Experiment 20499
Epoch 0360 [Test seq (cond on sampled tp)] | Loss 324.477295 | Likelihood -344.789154 | KL fp 3.9522 | FP STD 0.3043|
KL coef: 0.9703299615490228
Train loss (one batch): 257.4716796875
Train CE loss (one batch): 0.0
Test MSE (raw): 0.0697
Test MSE (smoothed with alpha=0.01): 0.9277
New best smoothed test MSE: 0.9277. Saving best model to experiments/experiment_20499_best.ckpt
Test MSE group_0: 0.0585
Test MSE group_1: 0.0797
Test MSE group_2: nan
Test MSE group_3: nan
Poisson likelihood: 0.0
CE loss: 0.0
train MSE group_0: 0.0447
train MSE group_1: 0.0652
train MSE group_2: nan
train MSE group_3: nan
CE loss (TEST): 0.0
Experiment 20499
Epoch 0370 [Test seq (cond on sampled tp)] | Loss 278.469604 | Likelihood -302.727722 | KL fp 4.6370 | FP STD 0.2840|
KL coef: 0.9731669490601144
Train loss (one batch): 258.775146484375
Train CE loss (one batch): 0.0
Test MSE (raw): 0.0613
Test MSE (smoothed with alpha=0.01): 0.9190
New best smoothed test MSE: 0.9190. Saving best model to experiments/experiment_20499_best.ckpt
Test MSE group_0: 0.0472
Test MSE group_1: 0.0743
Test MSE group_2: nan
Test MSE group_3: nan
Poisson likelihood: 0.0
CE loss: 0.0
train MSE group_0: 0.0440
train MSE group_1: 0.0671
train MSE group_2: nan
train MSE group_3: nan
CE loss (TEST): 0.0
Experiment 20499
Epoch 0380 [Test seq (cond on sampled tp)] | Loss 231.625610 | Likelihood -244.290787 | KL fp 4.5224 | FP STD 0.2240|
KL coef: 0.9757326697121692
Train loss (one batch): 223.0301055908203
Train CE loss (one batch): 0.0
Test MSE (raw): 0.0496
Test MSE (smoothed with alpha=0.01): 0.9103
New best smoothed test MSE: 0.9103. Saving best model to experiments/experiment_20499_best.ckpt
Test MSE group_0: 0.0327
Test MSE group_1: 0.0648
Test MSE group_2: nan
Test MSE group_3: nan
Poisson likelihood: 0.0
CE loss: 0.0
train MSE group_0: 0.0309
train MSE group_1: 0.0629
train MSE group_2: nan
train MSE group_3: nan
CE loss (TEST): 0.0
Experiment 20499
Epoch 0390 [Test seq (cond on sampled tp)] | Loss 217.128082 | Likelihood -217.417419 | KL fp 4.6990 | FP STD 0.1816|
KL coef: 0.9780530614793677
Train loss (one batch): 197.07801818847656
Train CE loss (one batch): 0.0
Test MSE (raw): 0.0442
Test MSE (smoothed with alpha=0.01): 0.9017
New best smoothed test MSE: 0.9017. Saving best model to experiments/experiment_20499_best.ckpt
Test MSE group_0: 0.0306
Test MSE group_1: 0.0566
Test MSE group_2: nan
Test MSE group_3: nan
Poisson likelihood: 0.0
CE loss: 0.0
train MSE group_0: 0.0285
train MSE group_1: 0.0548
train MSE group_2: nan
train MSE group_3: nan
CE loss (TEST): 0.0
Experiment 20499
Epoch 0400 [Test seq (cond on sampled tp)] | Loss 205.292419 | Likelihood -204.309326 | KL fp 4.6502 | FP STD 0.1689|
KL coef: 0.9801515822006198
Train loss (one batch): 187.583251953125
Train CE loss (one batch): 0.0
Test MSE (raw): 0.0416
Test MSE (smoothed with alpha=0.01): 0.8931
New best smoothed test MSE: 0.8931. Saving best model to experiments/experiment_20499_best.ckpt
Test MSE group_0: 0.0274
Test MSE group_1: 0.0544
Test MSE group_2: nan
Test MSE group_3: nan
Poisson likelihood: 0.0
CE loss: 0.0
train MSE group_0: 0.0259
train MSE group_1: 0.0533
train MSE group_2: nan
train MSE group_3: nan
CE loss (TEST): 0.0
Experiment 20499
Epoch 0410 [Test seq (cond on sampled tp)] | Loss 202.804306 | Likelihood -203.405319 | KL fp 4.7023 | FP STD 0.1759|
KL coef: 0.9820494467249549
Train loss (one batch): 185.76052856445312
Train CE loss (one batch): 0.0
Test MSE (raw): 0.0414
Test MSE (smoothed with alpha=0.01): 0.8845
New best smoothed test MSE: 0.8845. Saving best model to experiments/experiment_20499_best.ckpt
Test MSE group_0: 0.0275
Test MSE group_1: 0.0540
Test MSE group_2: nan
Test MSE group_3: nan
Poisson likelihood: 0.0
CE loss: 0.0
train MSE group_0: 0.0255
train MSE group_1: 0.0531
train MSE group_2: nan
train MSE group_3: nan
CE loss (TEST): 0.0
Experiment 20499
Epoch 0420 [Test seq (cond on sampled tp)] | Loss 215.510437 | Likelihood -218.794922 | KL fp 4.5223 | FP STD 0.2195|
KL coef: 0.9837658413815585
Train loss (one batch): 194.50338745117188
Train CE loss (one batch): 0.0
Test MSE (raw): 0.0445
Test MSE (smoothed with alpha=0.01): 0.8761
New best smoothed test MSE: 0.8761. Saving best model to experiments/experiment_20499_best.ckpt
Test MSE group_0: 0.0298
Test MSE group_1: 0.0576
Test MSE group_2: nan
Test MSE group_3: nan
Poisson likelihood: 0.0
CE loss: 0.0
train MSE group_0: 0.0269
train MSE group_1: 0.0551
train MSE group_2: nan
train MSE group_3: nan
CE loss (TEST): 0.0
Experiment 20499
Epoch 0430 [Test seq (cond on sampled tp)] | Loss 211.691849 | Likelihood -212.644043 | KL fp 4.3500 | FP STD 0.1922|
KL coef: 0.9853181179426319
Train loss (one batch): 186.1458282470703
Train CE loss (one batch): 0.0
Test MSE (raw): 0.0433
Test MSE (smoothed with alpha=0.01): 0.8678
New best smoothed test MSE: 0.8678. Saving best model to experiments/experiment_20499_best.ckpt
Test MSE group_0: 0.0291
Test MSE group_1: 0.0562
Test MSE group_2: nan
Test MSE group_3: nan
Poisson likelihood: 0.0
CE loss: 0.0
train MSE group_0: 0.0256
train MSE group_1: 0.0528
train MSE group_2: nan
train MSE group_3: nan
CE loss (TEST): 0.0
Experiment 20499
Epoch 0440 [Test seq (cond on sampled tp)] | Loss 212.445801 | Likelihood -212.705765 | KL fp 4.6669 | FP STD 0.1929|
KL coef: 0.9867219690399229
Train loss (one batch): 187.89720153808594
Train CE loss (one batch): 0.0
Test MSE (raw): 0.0433
Test MSE (smoothed with alpha=0.01): 0.8596
New best smoothed test MSE: 0.8596. Saving best model to experiments/experiment_20499_best.ckpt
Test MSE group_0: 0.0287
Test MSE group_1: 0.0563
Test MSE group_2: nan
Test MSE group_3: nan
Poisson likelihood: 0.0
CE loss: 0.0
train MSE group_0: 0.0262
train MSE group_1: 0.0528
train MSE group_2: nan
train MSE group_3: nan
CE loss (TEST): 0.0
Experiment 20499
Epoch 0450 [Test seq (cond on sampled tp)] | Loss 199.879120 | Likelihood -199.840118 | KL fp 4.5744 | FP STD 0.1754|
KL coef: 0.9879915868082944
Train loss (one batch): 191.28359985351562
Train CE loss (one batch): 0.0
Test MSE (raw): 0.0407
Test MSE (smoothed with alpha=0.01): 0.8514
New best smoothed test MSE: 0.8514. Saving best model to experiments/experiment_20499_best.ckpt
Test MSE group_0: 0.0269
Test MSE group_1: 0.0531
Test MSE group_2: nan
Test MSE group_3: nan
Poisson likelihood: 0.0
CE loss: 0.0
train MSE group_0: 0.0272
train MSE group_1: 0.0532
train MSE group_2: nan
train MSE group_3: nan
CE loss (TEST): 0.0
Experiment 20499
Epoch 0460 [Test seq (cond on sampled tp)] | Loss 196.085632 | Likelihood -195.850174 | KL fp 4.8141 | FP STD 0.1721|
KL coef: 0.9891398063601221
Train loss (one batch): 184.03564453125
Train CE loss (one batch): 0.0
Test MSE (raw): 0.0399
Test MSE (smoothed with alpha=0.01): 0.8433
New best smoothed test MSE: 0.8433. Saving best model to experiments/experiment_20499_best.ckpt
Test MSE group_0: 0.0256
Test MSE group_1: 0.0526
Test MSE group_2: nan
Test MSE group_3: nan
Poisson likelihood: 0.0
CE loss: 0.0
train MSE group_0: 0.0252
train MSE group_1: 0.0523
train MSE group_2: nan
train MSE group_3: nan
CE loss (TEST): 0.0
Experiment 20499
Epoch 0470 [Test seq (cond on sampled tp)] | Loss 193.388931 | Likelihood -192.886658 | KL fp 4.8427 | FP STD 0.1571|
KL coef: 0.9901782355409698
Train loss (one batch): 180.72879028320312
Train CE loss (one batch): 0.0
Test MSE (raw): 0.0393
Test MSE (smoothed with alpha=0.01): 0.8352
New best smoothed test MSE: 0.8352. Saving best model to experiments/experiment_20499_best.ckpt
Test MSE group_0: 0.0255
Test MSE group_1: 0.0517
Test MSE group_2: nan
Test MSE group_3: nan
Poisson likelihood: 0.0
CE loss: 0.0
train MSE group_0: 0.0249
train MSE group_1: 0.0511
train MSE group_2: nan
train MSE group_3: nan
CE loss (TEST): 0.0
Experiment 20499
Epoch 0480 [Test seq (cond on sampled tp)] | Loss 194.582611 | Likelihood -193.942230 | KL fp 4.5704 | FP STD 0.1785|
KL coef: 0.9911173722782946
Train loss (one batch): 179.32009887695312
Train CE loss (one batch): 0.0
Test MSE (raw): 0.0395
Test MSE (smoothed with alpha=0.01): 0.8273
New best smoothed test MSE: 0.8273. Saving best model to experiments/experiment_20499_best.ckpt
Test MSE group_0: 0.0253
Test MSE group_1: 0.0523
Test MSE group_2: nan
Test MSE group_3: nan
Poisson likelihood: 0.0
CE loss: 0.0
train MSE group_0: 0.0245
train MSE group_1: 0.0511
train MSE group_2: nan
train MSE group_3: nan
CE loss (TEST): 0.0
Experiment 20499
Epoch 0490 [Test seq (cond on sampled tp)] | Loss 191.657562 | Likelihood -192.565460 | KL fp 4.6490 | FP STD 0.1681|
KL coef: 0.9919667107095133
Train loss (one batch): 178.55116271972656
Train CE loss (one batch): 0.0
Test MSE (raw): 0.0393
Test MSE (smoothed with alpha=0.01): 0.8194
New best smoothed test MSE: 0.8194. Saving best model to experiments/experiment_20499_best.ckpt
Test MSE group_0: 0.0251
Test MSE group_1: 0.0519
Test MSE group_2: nan
Test MSE group_3: nan
Poisson likelihood: 0.0
CE loss: 0.0
train MSE group_0: 0.0243
train MSE group_1: 0.0510
train MSE group_2: nan
train MSE group_3: nan
CE loss (TEST): 0.0
Experiment 20499
Epoch 0500 [Test seq (cond on sampled tp)] | Loss 192.712524 | Likelihood -191.422806 | KL fp 4.6537 | FP STD 0.1498|
KL coef: 0.9927348371623237
Train loss (one batch): 178.36607360839844
Train CE loss (one batch): 0.0
Test MSE (raw): 0.0390
Test MSE (smoothed with alpha=0.01): 0.8116
New best smoothed test MSE: 0.8116. Saving best model to experiments/experiment_20499_best.ckpt
Test MSE group_0: 0.0249
Test MSE group_1: 0.0516
Test MSE group_2: nan
Test MSE group_3: nan
Poisson likelihood: 0.0
CE loss: 0.0
train MSE group_0: 0.0241
train MSE group_1: 0.0512
train MSE group_2: nan
train MSE group_3: nan
CE loss (TEST): 0.0
Experiment 20499
Epoch 0510 [Test seq (cond on sampled tp)] | Loss 190.078674 | Likelihood -188.175903 | KL fp 4.9302 | FP STD 0.1234|
KL coef: 0.9934295169575854
Train loss (one batch): 175.25228881835938
Train CE loss (one batch): 0.0
Test MSE (raw): 0.0384
Test MSE (smoothed with alpha=0.01): 0.8039
New best smoothed test MSE: 0.8039. Saving best model to experiments/experiment_20499_best.ckpt
Test MSE group_0: 0.0246
Test MSE group_1: 0.0507
Test MSE group_2: nan
Test MSE group_3: nan
Poisson likelihood: 0.0
CE loss: 0.0
train MSE group_0: 0.0241
train MSE group_1: 0.0494
train MSE group_2: nan
train MSE group_3: nan
CE loss (TEST): 0.0
Experiment 20499
Epoch 0520 [Test seq (cond on sampled tp)] | Loss 189.387955 | Likelihood -188.079758 | KL fp 4.8390 | FP STD 0.1298|
KL coef: 0.9940577729122909
Train loss (one batch): 174.63844299316406
Train CE loss (one batch): 0.0
Test MSE (raw): 0.0384
Test MSE (smoothed with alpha=0.01): 0.7962
New best smoothed test MSE: 0.7962. Saving best model to experiments/experiment_20499_best.ckpt
Test MSE group_0: 0.0244
Test MSE group_1: 0.0508
Test MSE group_2: nan
Test MSE group_3: nan
Poisson likelihood: 0.0
CE loss: 0.0
train MSE group_0: 0.0236
train MSE group_1: 0.0500
train MSE group_2: nan
train MSE group_3: nan
CE loss (TEST): 0.0
Experiment 20499
Epoch 0530 [Test seq (cond on sampled tp)] | Loss 189.216187 | Likelihood -187.614304 | KL fp 4.7271 | FP STD 0.1379|
KL coef: 0.9946259563362442
Train loss (one batch): 173.78469848632812
Train CE loss (one batch): 0.0
Test MSE (raw): 0.0383
Test MSE (smoothed with alpha=0.01): 0.7886
New best smoothed test MSE: 0.7886. Saving best model to experiments/experiment_20499_best.ckpt
Test MSE group_0: 0.0240
Test MSE group_1: 0.0510
Test MSE group_2: nan
Test MSE group_3: nan
Poisson likelihood: 0.0
CE loss: 0.0
train MSE group_0: 0.0232
train MSE group_1: 0.0499
train MSE group_2: nan
train MSE group_3: nan
CE loss (TEST): 0.0
Experiment 20499
Epoch 0540 [Test seq (cond on sampled tp)] | Loss 187.811615 | Likelihood -186.388336 | KL fp 4.8514 | FP STD 0.1375|
KL coef: 0.9951398112401846
Train loss (one batch): 171.74032592773438
Train CE loss (one batch): 0.0
Test MSE (raw): 0.0380
Test MSE (smoothed with alpha=0.01): 0.7811
New best smoothed test MSE: 0.7811. Saving best model to experiments/experiment_20499_best.ckpt
Test MSE group_0: 0.0240
Test MSE group_1: 0.0506
Test MSE group_2: nan
Test MSE group_3: nan
Poisson likelihood: 0.0
CE loss: 0.0
train MSE group_0: 0.0231
train MSE group_1: 0.0493
train MSE group_2: nan
train MSE group_3: nan
CE loss (TEST): 0.0
Experiment 20499
Epoch 0550 [Test seq (cond on sampled tp)] | Loss 190.606018 | Likelihood -191.581146 | KL fp 4.2645 | FP STD 0.1873|
KL coef: 0.9956045324044637
Train loss (one batch): 173.42117309570312
Train CE loss (one batch): 0.0
Test MSE (raw): 0.0391
Test MSE (smoothed with alpha=0.01): 0.7737
New best smoothed test MSE: 0.7737. Saving best model to experiments/experiment_20499_best.ckpt
Test MSE group_0: 0.0246
Test MSE group_1: 0.0519
Test MSE group_2: nan
Test MSE group_3: nan
Poisson likelihood: 0.0
CE loss: 0.0
train MSE group_0: 0.0238
train MSE group_1: 0.0493
train MSE group_2: nan
train MSE group_3: nan
CE loss (TEST): 0.0
Experiment 20499
Epoch 0560 [Test seq (cond on sampled tp)] | Loss 207.096298 | Likelihood -213.922531 | KL fp 3.9339 | FP STD 0.2614|
KL coef: 0.9960248178953148
Train loss (one batch): 198.36036682128906
Train CE loss (one batch): 0.0
Test MSE (raw): 0.0435
Test MSE (smoothed with alpha=0.01): 0.7664
New best smoothed test MSE: 0.7664. Saving best model to experiments/experiment_20499_best.ckpt
Test MSE group_0: 0.0292
Test MSE group_1: 0.0564
Test MSE group_2: nan
Test MSE group_3: nan
Poisson likelihood: 0.0
CE loss: 0.0
train MSE group_0: 0.0284
train MSE group_1: 0.0560
train MSE group_2: nan
train MSE group_3: nan
CE loss (TEST): 0.0
Experiment 20499
Epoch 0570 [Test seq (cond on sampled tp)] | Loss 204.959122 | Likelihood -211.319550 | KL fp 4.2401 | FP STD 0.2507|
KL coef: 0.996404916559627
Train loss (one batch): 185.2344512939453
Train CE loss (one batch): 0.0
Test MSE (raw): 0.0430
Test MSE (smoothed with alpha=0.01): 0.7592
New best smoothed test MSE: 0.7592. Saving best model to experiments/experiment_20499_best.ckpt
Test MSE group_0: 0.0285
Test MSE group_1: 0.0559
Test MSE group_2: nan
Test MSE group_3: nan
Poisson likelihood: 0.0
CE loss: 0.0
train MSE group_0: 0.0269
train MSE group_1: 0.0534
train MSE group_2: nan
train MSE group_3: nan
CE loss (TEST): 0.0
Experiment 20499
Epoch 0580 [Test seq (cond on sampled tp)] | Loss 208.708740 | Likelihood -213.526306 | KL fp 4.1581 | FP STD 0.2202|
KL coef: 0.9967486709783656
Train loss (one batch): 186.76571655273438
Train CE loss (one batch): 0.0
Test MSE (raw): 0.0434
Test MSE (smoothed with alpha=0.01): 0.7520
New best smoothed test MSE: 0.7520. Saving best model to experiments/experiment_20499_best.ckpt
Test MSE group_0: 0.0289
Test MSE group_1: 0.0564
Test MSE group_2: nan
Test MSE group_3: nan
Poisson likelihood: 0.0
CE loss: 0.0
train MSE group_0: 0.0266
train MSE group_1: 0.0523
train MSE group_2: nan
train MSE group_3: nan
CE loss (TEST): 0.0
Experiment 20499
Epoch 0590 [Test seq (cond on sampled tp)] | Loss 193.923599 | Likelihood -196.225769 | KL fp 4.3555 | FP STD 0.2014|
KL coef: 0.997059556312878
Train loss (one batch): 179.23406982421875
Train CE loss (one batch): 0.0
Test MSE (raw): 0.0400
Test MSE (smoothed with alpha=0.01): 0.7449
New best smoothed test MSE: 0.7449. Saving best model to experiments/experiment_20499_best.ckpt
Test MSE group_0: 0.0264
Test MSE group_1: 0.0522
Test MSE group_2: nan
Test MSE group_3: nan
Poisson likelihood: 0.0
CE loss: 0.0
train MSE group_0: 0.0252
train MSE group_1: 0.0505
train MSE group_2: nan
train MSE group_3: nan
CE loss (TEST): 0.0
Experiment 20499
Epoch 0600 [Test seq (cond on sampled tp)] | Loss 183.998627 | Likelihood -184.505997 | KL fp 4.3266 | FP STD 0.1860|
KL coef: 0.997340715436794
Train loss (one batch): 169.8434600830078
Train CE loss (one batch): 0.0
Test MSE (raw): 0.0376
Test MSE (smoothed with alpha=0.01): 0.7378
New best smoothed test MSE: 0.7378. Saving best model to experiments/experiment_20499_best.ckpt
Test MSE group_0: 0.0242
Test MSE group_1: 0.0496
Test MSE group_2: nan
Test MSE group_3: nan
Poisson likelihood: 0.0
CE loss: 0.0
train MSE group_0: 0.0237
train MSE group_1: 0.0481
train MSE group_2: nan
train MSE group_3: nan
CE loss (TEST): 0.0
Experiment 20499
Epoch 0610 [Test seq (cond on sampled tp)] | Loss 191.404251 | Likelihood -192.991516 | KL fp 4.5854 | FP STD 0.1936|
KL coef: 0.997594990708689
Train loss (one batch): 172.82354736328125
Train CE loss (one batch): 0.0
Test MSE (raw): 0.0393
Test MSE (smoothed with alpha=0.01): 0.7308
New best smoothed test MSE: 0.7308. Saving best model to experiments/experiment_20499_best.ckpt
Test MSE group_0: 0.0247
Test MSE group_1: 0.0523
Test MSE group_2: nan
Test MSE group_3: nan
Poisson likelihood: 0.0
CE loss: 0.0
train MSE group_0: 0.0240
train MSE group_1: 0.0489
train MSE group_2: nan
train MSE group_3: nan
CE loss (TEST): 0.0
Experiment 20499
Epoch 0620 [Test seq (cond on sampled tp)] | Loss 180.099915 | Likelihood -181.684586 | KL fp 4.5564 | FP STD 0.1769|
KL coef: 0.9978249527067087
Train loss (one batch): 168.50230407714844
Train CE loss (one batch): 0.0
Test MSE (raw): 0.0371
Test MSE (smoothed with alpha=0.01): 0.7239
New best smoothed test MSE: 0.7239. Saving best model to experiments/experiment_20499_best.ckpt
Test MSE group_0: 0.0235
Test MSE group_1: 0.0492
Test MSE group_2: nan
Test MSE group_3: nan
Poisson likelihood: 0.0
CE loss: 0.0
train MSE group_0: 0.0230
train MSE group_1: 0.0482
train MSE group_2: nan
train MSE group_3: nan
CE loss (TEST): 0.0
Experiment 20499
Epoch 0630 [Test seq (cond on sampled tp)] | Loss 178.934753 | Likelihood -179.059250 | KL fp 4.5624 | FP STD 0.1643|
KL coef: 0.9980329262156509
Train loss (one batch): 166.34628295898438
Train CE loss (one batch): 0.0
Test MSE (raw): 0.0365
Test MSE (smoothed with alpha=0.01): 0.7170
New best smoothed test MSE: 0.7170. Saving best model to experiments/experiment_20499_best.ckpt
Test MSE group_0: 0.0227
Test MSE group_1: 0.0488
Test MSE group_2: nan
Test MSE group_3: nan
Poisson likelihood: 0.0
CE loss: 0.0
train MSE group_0: 0.0226
train MSE group_1: 0.0474
train MSE group_2: nan
train MSE group_3: nan
CE loss (TEST): 0.0
Experiment 20499
Epoch 0640 [Test seq (cond on sampled tp)] | Loss 183.443024 | Likelihood -184.384918 | KL fp 4.3802 | FP STD 0.1734|
KL coef: 0.9982210137292149
Train loss (one batch): 166.14877319335938
Train CE loss (one batch): 0.0
Test MSE (raw): 0.0376
Test MSE (smoothed with alpha=0.01): 0.7102
New best smoothed test MSE: 0.7102. Saving best model to experiments/experiment_20499_best.ckpt
Test MSE group_0: 0.0241
Test MSE group_1: 0.0496
Test MSE group_2: nan
Test MSE group_3: nan
Poisson likelihood: 0.0
CE loss: 0.0
train MSE group_0: 0.0230
train MSE group_1: 0.0475
train MSE group_2: nan
train MSE group_3: nan
CE loss (TEST): 0.0
Experiment 20499
Epoch 0650 [Test seq (cond on sampled tp)] | Loss 175.515884 | Likelihood -176.893158 | KL fp 4.2153 | FP STD 0.1971|
KL coef: 0.9983911167050152
Train loss (one batch): 165.92068481445312
Train CE loss (one batch): 0.0
Test MSE (raw): 0.0361
Test MSE (smoothed with alpha=0.01): 0.7035
New best smoothed test MSE: 0.7035. Saving best model to experiments/experiment_20499_best.ckpt
Test MSE group_0: 0.0227
Test MSE group_1: 0.0481
Test MSE group_2: nan
Test MSE group_3: nan
Poisson likelihood: 0.0
CE loss: 0.0
train MSE group_0: 0.0226
train MSE group_1: 0.0474
train MSE group_2: nan
train MSE group_3: nan
CE loss (TEST): 0.0
Experiment 20499
Epoch 0660 [Test seq (cond on sampled tp)] | Loss 174.390945 | Likelihood -173.776154 | KL fp 4.5292 | FP STD 0.1908|
KL coef: 0.9985449547872347
Train loss (one batch): 164.0958251953125
Train CE loss (one batch): 0.0
Test MSE (raw): 0.0355
Test MSE (smoothed with alpha=0.01): 0.6968
New best smoothed test MSE: 0.6968. Saving best model to experiments/experiment_20499_best.ckpt
Test MSE group_0: 0.0221
Test MSE group_1: 0.0475
Test MSE group_2: nan
Test MSE group_3: nan
Poisson likelihood: 0.0
CE loss: 0.0
train MSE group_0: 0.0226
train MSE group_1: 0.0463
train MSE group_2: nan
train MSE group_3: nan
CE loss (TEST): 0.0
