Traceback (most recent call last):
  File "/Users/benjaminmaurel/Documents/Training_Sanofi/notebooks_hands_on/latent_ode/run_models.py", line 14, in <module>
    from torch.utils.tensorboard import SummaryWriter
  File "/opt/miniconda3/envs/NODE_test/lib/python3.12/site-packages/torch/__init__.py", line 2486, in <module>
    from torch import _meta_registrations
  File "/opt/miniconda3/envs/NODE_test/lib/python3.12/site-packages/torch/_meta_registrations.py", line 10, in <module>
    from torch._decomp import (
  File "/opt/miniconda3/envs/NODE_test/lib/python3.12/site-packages/torch/_decomp/__init__.py", line 249, in <module>
    import torch._decomp.decompositions
  File "/opt/miniconda3/envs/NODE_test/lib/python3.12/site-packages/torch/_decomp/decompositions.py", line 284, in <module>
    @register_decomposition(aten.silu_backward)
     ^^^^^^^^^^^^^^^^^^^^^^^^^^^^^^^^^^^^^^^^^^
  File "/opt/miniconda3/envs/NODE_test/lib/python3.12/site-packages/torch/_decomp/__init__.py", line 191, in decomposition_decorator
    pytree.tree_map_(register, aten_op)
  File "/opt/miniconda3/envs/NODE_test/lib/python3.12/site-packages/torch/utils/_pytree.py", line 997, in tree_map_
    tuple(map(func, *flat_args))  # consume and exhaust the iterable
    ^^^^^^^^^^^^^^^^^^^^^^^^^^^^
  File "/opt/miniconda3/envs/NODE_test/lib/python3.12/site-packages/torch/_decomp/__init__.py", line 188, in register
    _add_op_to_registry(registry, op, fn)
  File "/opt/miniconda3/envs/NODE_test/lib/python3.12/site-packages/torch/_decomp/__init__.py", line 56, in _add_op_to_registry
    overloads.append(getattr(op, ol))
                     ^^^^^^^^^^^^^^^
  File "/opt/miniconda3/envs/NODE_test/lib/python3.12/site-packages/torch/_ops.py", line 1076, in __getattr__
    op_dk_tags = torch._C._get_operation_overload(
                 ^^^^^^^^^^^^^^^^^^^^^^^^^^^^^^^^^
KeyboardInterrupt
