Traceback (most recent call last):
  File "/Users/benjaminmaurel/Documents/Training_Sanofi/notebooks_hands_on/latent_ode/run_models.py", line 14, in <module>
    from torch.utils.tensorboard import SummaryWriter
  File "/opt/miniconda3/envs/NODE_test/lib/python3.12/site-packages/torch/__init__.py", line 2097, in <module>
    import torch.nn.intrinsic
  File "/opt/miniconda3/envs/NODE_test/lib/python3.12/site-packages/torch/nn/intrinsic/__init__.py", line 19, in <module>
    from torch.nn.intrinsic import modules, qat, quantized  # noqa: F401
    ^^^^^^^^^^^^^^^^^^^^^^^^^^^^^^^^^^^^^^^^^^^^^^^^^^^^^^
  File "/opt/miniconda3/envs/NODE_test/lib/python3.12/site-packages/torch/nn/intrinsic/quantized/__init__.py", line 3, in <module>
    from torch.nn.intrinsic.quantized import dynamic, modules  # noqa: F401
    ^^^^^^^^^^^^^^^^^^^^^^^^^^^^^^^^^^^^^^^^^^^^^^^^^^^^^^^^^
  File "/opt/miniconda3/envs/NODE_test/lib/python3.12/site-packages/torch/nn/intrinsic/quantized/dynamic/__init__.py", line 1, in <module>
    from torch.nn.intrinsic.quantized.dynamic.modules import *  # noqa: F403
    ^^^^^^^^^^^^^^^^^^^^^^^^^^^^^^^^^^^^^^^^^^^^^^^^^^^^^^^^^^
  File "/opt/miniconda3/envs/NODE_test/lib/python3.12/site-packages/torch/nn/intrinsic/quantized/dynamic/modules/__init__.py", line 1, in <module>
    from torch.nn.intrinsic.quantized.dynamic.modules.linear_relu import LinearReLU
  File "/opt/miniconda3/envs/NODE_test/lib/python3.12/site-packages/torch/nn/intrinsic/quantized/dynamic/modules/linear_relu.py", line 1, in <module>
    from torch.ao.nn.intrinsic.quantized.dynamic import LinearReLU
  File "/opt/miniconda3/envs/NODE_test/lib/python3.12/site-packages/torch/ao/nn/intrinsic/quantized/__init__.py", line 1, in <module>
    from .modules import *  # noqa: F403
    ^^^^^^^^^^^^^^^^^^^^^^
  File "/opt/miniconda3/envs/NODE_test/lib/python3.12/site-packages/torch/ao/nn/intrinsic/quantized/modules/__init__.py", line 1, in <module>
    from .bn_relu import BNReLU2d, BNReLU3d
  File "/opt/miniconda3/envs/NODE_test/lib/python3.12/site-packages/torch/ao/nn/intrinsic/quantized/modules/bn_relu.py", line 6, in <module>
    import torch.ao.nn.quantized as nnq
  File "/opt/miniconda3/envs/NODE_test/lib/python3.12/site-packages/torch/ao/nn/quantized/__init__.py", line 1, in <module>
    from . import functional
  File "/opt/miniconda3/envs/NODE_test/lib/python3.12/site-packages/torch/ao/nn/quantized/functional.py", line 11, in <module>
    from .modules.utils import _pair_from_first
  File "/opt/miniconda3/envs/NODE_test/lib/python3.12/site-packages/torch/ao/nn/quantized/modules/__init__.py", line 23, in <module>
    from .conv import (
  File "/opt/miniconda3/envs/NODE_test/lib/python3.12/site-packages/torch/ao/nn/quantized/modules/conv.py", line 16, in <module>
    from .utils import _quantize_weight, WeightedQuantizedModule
  File "<frozen importlib._bootstrap>", line 1360, in _find_and_load
  File "<frozen importlib._bootstrap>", line 1331, in _find_and_load_unlocked
  File "<frozen importlib._bootstrap>", line 935, in _load_unlocked
  File "<frozen importlib._bootstrap_external>", line 995, in exec_module
  File "<frozen importlib._bootstrap_external>", line 1091, in get_code
  File "<frozen importlib._bootstrap_external>", line 1191, in get_data
KeyboardInterrupt
