/opt/miniconda3/envs/NODE_test/lib/python3.12/site-packages/torchvision/io/image.py:14: UserWarning: Failed to load image Python extension: 'dlopen(/opt/miniconda3/envs/NODE_test/lib/python3.12/site-packages/torchvision/image.so, 0x0006): Library not loaded: @rpath/libjpeg.9.dylib
  Referenced from: <367D4265-B20F-34BD-94EB-4F3EE47C385B> /opt/miniconda3/envs/NODE_test/lib/python3.12/site-packages/torchvision/image.so
  Reason: tried: '/opt/miniconda3/envs/NODE_test/lib/python3.12/site-packages/torchvision/../../../libjpeg.9.dylib' (no such file), '/opt/miniconda3/envs/NODE_test/lib/python3.12/site-packages/torchvision/../../../libjpeg.9.dylib' (no such file), '/opt/miniconda3/envs/NODE_test/lib/python3.12/lib-dynload/../../libjpeg.9.dylib' (no such file), '/opt/miniconda3/envs/NODE_test/bin/../lib/libjpeg.9.dylib' (no such file)'If you don't plan on using image functionality from `torchvision.io`, you can ignore this warning. Otherwise, there might be something wrong with your environment. Did you have `libjpeg` or `libpng` installed before building `torchvision` from source?
  warn(
/Users/benjaminmaurel/Documents/Training_Sanofi/notebooks_hands_on/latent_ode/run_models.py
run_models.py --niters 3000 -n 200 -s 40 -l 10 --dataset PK_Tacro --latent-ode --noise-weight 0.01 --max-t 5. --seed 1 --experiment 32617
Experiment 32617
Epoch 0010 [Test seq (cond on sampled tp)] | Loss 1498.834717 | Likelihood -1564.530396 | KL fp 6.6804 | FP STD 1.1814|
KL coef: 0.0
Train loss (one batch): 1510.943603515625
Train CE loss (one batch): 0.0
Test MSE (raw): 0.3136
Test MSE (smoothed with alpha=0.01): 0.3136
New best smoothed test MSE: 0.3136. Saving best model to experiments/experiment_32617_best.ckpt
Test MSE group_0: nan
Test MSE group_1: 0.3136
Test MSE group_2: nan
Test MSE group_3: nan
Poisson likelihood: 0.0
CE loss: 0.0
train MSE group_0: nan
train MSE group_1: 0.3069
train MSE group_2: nan
train MSE group_3: nan
CE loss (TEST): 0.0
Experiment 32617
Epoch 0020 [Test seq (cond on sampled tp)] | Loss 778.881409 | Likelihood -829.163208 | KL fp 8.7880 | FP STD 0.9850|
KL coef: 0.09561792499119559
Train loss (one batch): 947.7045288085938
Train CE loss (one batch): 0.0
Test MSE (raw): 0.1666
Test MSE (smoothed with alpha=0.01): 0.3122
New best smoothed test MSE: 0.3122. Saving best model to experiments/experiment_32617_best.ckpt
Test MSE group_0: nan
Test MSE group_1: 0.1666
Test MSE group_2: nan
Test MSE group_3: nan
Poisson likelihood: 0.0
CE loss: 0.0
train MSE group_0: nan
train MSE group_1: 0.1958
train MSE group_2: nan
train MSE group_3: nan
CE loss (TEST): 0.0
Experiment 32617
Epoch 0030 [Test seq (cond on sampled tp)] | Loss 644.031311 | Likelihood -679.529663 | KL fp 8.9086 | FP STD 0.8500|
KL coef: 0.18209306240276923
Train loss (one batch): 675.0928955078125
Train CE loss (one batch): 0.0
Test MSE (raw): 0.1366
Test MSE (smoothed with alpha=0.01): 0.3104
New best smoothed test MSE: 0.3104. Saving best model to experiments/experiment_32617_best.ckpt
Test MSE group_0: nan
Test MSE group_1: 0.1366
Test MSE group_2: nan
Test MSE group_3: nan
Poisson likelihood: 0.0
CE loss: 0.0
train MSE group_0: nan
train MSE group_1: 0.1364
train MSE group_2: nan
train MSE group_3: nan
CE loss (TEST): 0.0
Experiment 32617
Epoch 0040 [Test seq (cond on sampled tp)] | Loss 604.363037 | Likelihood -632.408752 | KL fp 9.5652 | FP STD 0.7421|
KL coef: 0.2602996266117198
Train loss (one batch): 624.6903686523438
Train CE loss (one batch): 0.0
Test MSE (raw): 0.1272
Test MSE (smoothed with alpha=0.01): 0.3086
New best smoothed test MSE: 0.3086. Saving best model to experiments/experiment_32617_best.ckpt
Test MSE group_0: nan
Test MSE group_1: 0.1272
Test MSE group_2: nan
Test MSE group_3: nan
Poisson likelihood: 0.0
CE loss: 0.0
train MSE group_0: nan
train MSE group_1: 0.1270
train MSE group_2: nan
train MSE group_3: nan
CE loss (TEST): 0.0
Experiment 32617
Epoch 0050 [Test seq (cond on sampled tp)] | Loss 584.765747 | Likelihood -603.731873 | KL fp 9.0841 | FP STD 0.6875|
KL coef: 0.3310282414303197
Train loss (one batch): 611.2791748046875
Train CE loss (one batch): 0.0
Test MSE (raw): 0.1215
Test MSE (smoothed with alpha=0.01): 0.3067
New best smoothed test MSE: 0.3067. Saving best model to experiments/experiment_32617_best.ckpt
Test MSE group_0: nan
Test MSE group_1: 0.1215
Test MSE group_2: nan
Test MSE group_3: nan
Poisson likelihood: 0.0
CE loss: 0.0
train MSE group_0: nan
train MSE group_1: 0.1242
train MSE group_2: nan
train MSE group_3: nan
CE loss (TEST): 0.0
Experiment 32617
Epoch 0060 [Test seq (cond on sampled tp)] | Loss 586.754883 | Likelihood -598.258240 | KL fp 9.1341 | FP STD 0.6375|
KL coef: 0.39499393286246365
Train loss (one batch): 591.0496826171875
Train CE loss (one batch): 0.0
Test MSE (raw): 0.1204
Test MSE (smoothed with alpha=0.01): 0.3049
New best smoothed test MSE: 0.3049. Saving best model to experiments/experiment_32617_best.ckpt
Test MSE group_0: nan
Test MSE group_1: 0.1204
Test MSE group_2: nan
Test MSE group_3: nan
Poisson likelihood: 0.0
CE loss: 0.0
train MSE group_0: nan
train MSE group_1: 0.1205
train MSE group_2: nan
train MSE group_3: nan
CE loss (TEST): 0.0
Experiment 32617
Epoch 0070 [Test seq (cond on sampled tp)] | Loss 583.713135 | Likelihood -590.571411 | KL fp 9.5225 | FP STD 0.5840|
KL coef: 0.4528433576092388
Train loss (one batch): 598.02685546875
Train CE loss (one batch): 0.0
Test MSE (raw): 0.1189
Test MSE (smoothed with alpha=0.01): 0.3030
New best smoothed test MSE: 0.3030. Saving best model to experiments/experiment_32617_best.ckpt
Test MSE group_0: nan
Test MSE group_1: 0.1189
Test MSE group_2: nan
Test MSE group_3: nan
Poisson likelihood: 0.0
CE loss: 0.0
train MSE group_0: nan
train MSE group_1: 0.1207
train MSE group_2: nan
train MSE group_3: nan
CE loss (TEST): 0.0
Experiment 32617
Epoch 0080 [Test seq (cond on sampled tp)] | Loss 574.128479 | Likelihood -585.697388 | KL fp 9.4021 | FP STD 0.5633|
KL coef: 0.505161340399793
Train loss (one batch): 587.7099609375
Train CE loss (one batch): 0.0
Test MSE (raw): 0.1179
Test MSE (smoothed with alpha=0.01): 0.3011
New best smoothed test MSE: 0.3011. Saving best model to experiments/experiment_32617_best.ckpt
Test MSE group_0: nan
Test MSE group_1: 0.1179
Test MSE group_2: nan
Test MSE group_3: nan
Poisson likelihood: 0.0
CE loss: 0.0
train MSE group_0: nan
train MSE group_1: 0.1197
train MSE group_2: nan
train MSE group_3: nan
CE loss (TEST): 0.0
Experiment 32617
Epoch 0090 [Test seq (cond on sampled tp)] | Loss 577.828186 | Likelihood -585.658630 | KL fp 9.3420 | FP STD 0.5500|
KL coef: 0.5524767862361895
Train loss (one batch): 586.7723999023438
Train CE loss (one batch): 0.0
Test MSE (raw): 0.1179
Test MSE (smoothed with alpha=0.01): 0.2993
New best smoothed test MSE: 0.2993. Saving best model to experiments/experiment_32617_best.ckpt
Test MSE group_0: nan
Test MSE group_1: 0.1179
Test MSE group_2: nan
Test MSE group_3: nan
Poisson likelihood: 0.0
CE loss: 0.0
train MSE group_0: nan
train MSE group_1: 0.1176
train MSE group_2: nan
train MSE group_3: nan
CE loss (TEST): 0.0
Experiment 32617
Epoch 0100 [Test seq (cond on sampled tp)] | Loss 559.262390 | Likelihood -569.249573 | KL fp 9.4410 | FP STD 0.5010|
KL coef: 0.5952680273216762
Train loss (one batch): 576.7938232421875
Train CE loss (one batch): 0.0
Test MSE (raw): 0.1146
Test MSE (smoothed with alpha=0.01): 0.2975
New best smoothed test MSE: 0.2975. Saving best model to experiments/experiment_32617_best.ckpt
Test MSE group_0: nan
Test MSE group_1: 0.1146
Test MSE group_2: nan
Test MSE group_3: nan
Poisson likelihood: 0.0
CE loss: 0.0
train MSE group_0: nan
train MSE group_1: 0.1171
train MSE group_2: nan
train MSE group_3: nan
CE loss (TEST): 0.0
Experiment 32617
Epoch 0110 [Test seq (cond on sampled tp)] | Loss 560.612427 | Likelihood -569.571167 | KL fp 9.1656 | FP STD 0.5014|
KL coef: 0.6339676587267709
Train loss (one batch): 573.369384765625
Train CE loss (one batch): 0.0
Test MSE (raw): 0.1147
Test MSE (smoothed with alpha=0.01): 0.2956
New best smoothed test MSE: 0.2956. Saving best model to experiments/experiment_32617_best.ckpt
Test MSE group_0: nan
Test MSE group_1: 0.1147
Test MSE group_2: nan
Test MSE group_3: nan
Poisson likelihood: 0.0
CE loss: 0.0
train MSE group_0: nan
train MSE group_1: 0.1155
train MSE group_2: nan
train MSE group_3: nan
CE loss (TEST): 0.0
Experiment 32617
Epoch 0120 [Test seq (cond on sampled tp)] | Loss 553.711609 | Likelihood -559.283142 | KL fp 9.2134 | FP STD 0.4831|
KL coef: 0.6689669116789861
Train loss (one batch): 566.508056640625
Train CE loss (one batch): 0.0
Test MSE (raw): 0.1126
Test MSE (smoothed with alpha=0.01): 0.2938
New best smoothed test MSE: 0.2938. Saving best model to experiments/experiment_32617_best.ckpt
Test MSE group_0: nan
Test MSE group_1: 0.1126
Test MSE group_2: nan
Test MSE group_3: nan
Poisson likelihood: 0.0
CE loss: 0.0
train MSE group_0: nan
train MSE group_1: 0.1134
train MSE group_2: nan
train MSE group_3: nan
CE loss (TEST): 0.0
Experiment 32617
Epoch 0130 [Test seq (cond on sampled tp)] | Loss 539.653076 | Likelihood -547.368347 | KL fp 9.1714 | FP STD 0.4576|
KL coef: 0.7006196086876687
Train loss (one batch): 555.879150390625
Train CE loss (one batch): 0.0
Test MSE (raw): 0.1102
Test MSE (smoothed with alpha=0.01): 0.2920
New best smoothed test MSE: 0.2920. Saving best model to experiments/experiment_32617_best.ckpt
Test MSE group_0: nan
Test MSE group_1: 0.1102
Test MSE group_2: nan
Test MSE group_3: nan
Poisson likelihood: 0.0
CE loss: 0.0
train MSE group_0: nan
train MSE group_1: 0.1110
train MSE group_2: nan
train MSE group_3: nan
CE loss (TEST): 0.0
Experiment 32617
Epoch 0140 [Test seq (cond on sampled tp)] | Loss 526.322144 | Likelihood -534.754211 | KL fp 9.0468 | FP STD 0.4504|
KL coef: 0.729245740488006
Train loss (one batch): 536.8109741210938
Train CE loss (one batch): 0.0
Test MSE (raw): 0.1077
Test MSE (smoothed with alpha=0.01): 0.2901
New best smoothed test MSE: 0.2901. Saving best model to experiments/experiment_32617_best.ckpt
Test MSE group_0: nan
Test MSE group_1: 0.1077
Test MSE group_2: nan
Test MSE group_3: nan
Poisson likelihood: 0.0
CE loss: 0.0
train MSE group_0: nan
train MSE group_1: 0.1080
train MSE group_2: nan
train MSE group_3: nan
CE loss (TEST): 0.0
Experiment 32617
Epoch 0150 [Test seq (cond on sampled tp)] | Loss 504.632019 | Likelihood -507.523560 | KL fp 8.7781 | FP STD 0.4342|
KL coef: 0.7551347009650705
Train loss (one batch): 523.0408325195312
Train CE loss (one batch): 0.0
Test MSE (raw): 0.1022
Test MSE (smoothed with alpha=0.01): 0.2882
New best smoothed test MSE: 0.2882. Saving best model to experiments/experiment_32617_best.ckpt
Test MSE group_0: nan
Test MSE group_1: 0.1022
Test MSE group_2: nan
Test MSE group_3: nan
Poisson likelihood: 0.0
CE loss: 0.0
train MSE group_0: nan
train MSE group_1: 0.1048
train MSE group_2: nan
train MSE group_3: nan
CE loss (TEST): 0.0
Experiment 32617
Epoch 0160 [Test seq (cond on sampled tp)] | Loss 465.355133 | Likelihood -469.494720 | KL fp 8.8551 | FP STD 0.3938|
KL coef: 0.7785482127611391
Train loss (one batch): 483.3953552246094
Train CE loss (one batch): 0.0
Test MSE (raw): 0.0946
Test MSE (smoothed with alpha=0.01): 0.2863
New best smoothed test MSE: 0.2863. Saving best model to experiments/experiment_32617_best.ckpt
Test MSE group_0: nan
Test MSE group_1: 0.0946
Test MSE group_2: nan
Test MSE group_3: nan
Poisson likelihood: 0.0
CE loss: 0.0
train MSE group_0: nan
train MSE group_1: 0.0972
train MSE group_2: nan
train MSE group_3: nan
CE loss (TEST): 0.0
Experiment 32617
Epoch 0170 [Test seq (cond on sampled tp)] | Loss 411.089630 | Likelihood -415.764557 | KL fp 8.5798 | FP STD 0.3669|
KL coef: 0.7997229731425107
Train loss (one batch): 440.6372985839844
Train CE loss (one batch): 0.0
Test MSE (raw): 0.0839
Test MSE (smoothed with alpha=0.01): 0.2843
New best smoothed test MSE: 0.2843. Saving best model to experiments/experiment_32617_best.ckpt
Test MSE group_0: nan
Test MSE group_1: 0.0839
Test MSE group_2: nan
Test MSE group_3: nan
Poisson likelihood: 0.0
CE loss: 0.0
train MSE group_0: nan
train MSE group_1: 0.0887
train MSE group_2: nan
train MSE group_3: nan
CE loss (TEST): 0.0
Experiment 32617
Epoch 0180 [Test seq (cond on sampled tp)] | Loss 348.438568 | Likelihood -352.836914 | KL fp 8.4766 | FP STD 0.3346|
KL coef: 0.8188730468740297
Train loss (one batch): 374.7974853515625
Train CE loss (one batch): 0.0
Test MSE (raw): 0.0713
Test MSE (smoothed with alpha=0.01): 0.2822
New best smoothed test MSE: 0.2822. Saving best model to experiments/experiment_32617_best.ckpt
Test MSE group_0: nan
Test MSE group_1: 0.0713
Test MSE group_2: nan
Test MSE group_3: nan
Poisson likelihood: 0.0
CE loss: 0.0
train MSE group_0: nan
train MSE group_1: 0.0749
train MSE group_2: nan
train MSE group_3: nan
CE loss (TEST): 0.0
Experiment 32617
Epoch 0190 [Test seq (cond on sampled tp)] | Loss 350.051971 | Likelihood -354.271942 | KL fp 8.2691 | FP STD 0.3207|
KL coef: 0.8361920302919126
Train loss (one batch): 452.25897216796875
Train CE loss (one batch): 0.0
Test MSE (raw): 0.0716
Test MSE (smoothed with alpha=0.01): 0.2800
New best smoothed test MSE: 0.2800. Saving best model to experiments/experiment_32617_best.ckpt
Test MSE group_0: nan
Test MSE group_1: 0.0716
Test MSE group_2: nan
Test MSE group_3: nan
Poisson likelihood: 0.0
CE loss: 0.0
train MSE group_0: nan
train MSE group_1: 0.0909
train MSE group_2: nan
train MSE group_3: nan
CE loss (TEST): 0.0
Experiment 32617
Epoch 0200 [Test seq (cond on sampled tp)] | Loss 341.876953 | Likelihood -345.409027 | KL fp 7.2657 | FP STD 0.3149|
KL coef: 0.8518550084524206
Train loss (one batch): 359.32598876953125
Train CE loss (one batch): 0.0
Test MSE (raw): 0.0698
Test MSE (smoothed with alpha=0.01): 0.2779
New best smoothed test MSE: 0.2779. Saving best model to experiments/experiment_32617_best.ckpt
Test MSE group_0: nan
Test MSE group_1: 0.0698
Test MSE group_2: nan
Test MSE group_3: nan
Poisson likelihood: 0.0
CE loss: 0.0
train MSE group_0: nan
train MSE group_1: 0.0714
train MSE group_2: nan
train MSE group_3: nan
CE loss (TEST): 0.0
Experiment 32617
Epoch 0210 [Test seq (cond on sampled tp)] | Loss 301.901733 | Likelihood -303.742950 | KL fp 8.1395 | FP STD 0.3835|
KL coef: 0.8660203251420383
Train loss (one batch): 316.3556213378906
Train CE loss (one batch): 0.0
Test MSE (raw): 0.0615
Test MSE (smoothed with alpha=0.01): 0.2758
New best smoothed test MSE: 0.2758. Saving best model to experiments/experiment_32617_best.ckpt
Test MSE group_0: nan
Test MSE group_1: 0.0615
Test MSE group_2: nan
Test MSE group_3: nan
Poisson likelihood: 0.0
CE loss: 0.0
train MSE group_0: nan
train MSE group_1: 0.0631
train MSE group_2: nan
train MSE group_3: nan
CE loss (TEST): 0.0
Experiment 32617
Epoch 0220 [Test seq (cond on sampled tp)] | Loss 242.775238 | Likelihood -242.850693 | KL fp 8.1778 | FP STD 0.3494|
KL coef: 0.8788311836429517
Train loss (one batch): 275.7287292480469
Train CE loss (one batch): 0.0
Test MSE (raw): 0.0493
Test MSE (smoothed with alpha=0.01): 0.2735
New best smoothed test MSE: 0.2735. Saving best model to experiments/experiment_32617_best.ckpt
Test MSE group_0: nan
Test MSE group_1: 0.0493
Test MSE group_2: nan
Test MSE group_3: nan
Poisson likelihood: 0.0
CE loss: 0.0
train MSE group_0: nan
train MSE group_1: 0.0551
train MSE group_2: nan
train MSE group_3: nan
CE loss (TEST): 0.0
Experiment 32617
Epoch 0230 [Test seq (cond on sampled tp)] | Loss 234.202545 | Likelihood -234.245148 | KL fp 6.9487 | FP STD 0.3399|
KL coef: 0.8904170944366518
Train loss (one batch): 223.68435668945312
Train CE loss (one batch): 0.0
Test MSE (raw): 0.0476
Test MSE (smoothed with alpha=0.01): 0.2713
New best smoothed test MSE: 0.2713. Saving best model to experiments/experiment_32617_best.ckpt
Test MSE group_0: nan
Test MSE group_1: 0.0476
Test MSE group_2: nan
Test MSE group_3: nan
Poisson likelihood: 0.0
CE loss: 0.0
train MSE group_0: nan
train MSE group_1: 0.0444
train MSE group_2: nan
train MSE group_3: nan
CE loss (TEST): 0.0
Experiment 32617
Epoch 0240 [Test seq (cond on sampled tp)] | Loss 235.237091 | Likelihood -246.406616 | KL fp 6.8739 | FP STD 0.4626|
KL coef: 0.9008951844811254
Train loss (one batch): 485.0583801269531
Train CE loss (one batch): 0.0
Test MSE (raw): 0.0500
Test MSE (smoothed with alpha=0.01): 0.2690
New best smoothed test MSE: 0.2690. Saving best model to experiments/experiment_32617_best.ckpt
Test MSE group_0: nan
Test MSE group_1: 0.0500
Test MSE group_2: nan
Test MSE group_3: nan
Poisson likelihood: 0.0
CE loss: 0.0
train MSE group_0: nan
train MSE group_1: 0.0974
train MSE group_2: nan
train MSE group_3: nan
CE loss (TEST): 0.0
Experiment 32617
Epoch 0250 [Test seq (cond on sampled tp)] | Loss 275.863190 | Likelihood -290.231445 | KL fp 7.7064 | FP STD 0.4947|
KL coef: 0.9103713812976754
Train loss (one batch): 281.4866027832031
Train CE loss (one batch): 0.0
Test MSE (raw): 0.0588
Test MSE (smoothed with alpha=0.01): 0.2669
New best smoothed test MSE: 0.2669. Saving best model to experiments/experiment_32617_best.ckpt
Test MSE group_0: nan
Test MSE group_1: 0.0588
Test MSE group_2: nan
Test MSE group_3: nan
Poisson likelihood: 0.0
CE loss: 0.0
train MSE group_0: nan
train MSE group_1: 0.0576
train MSE group_2: nan
train MSE group_3: nan
CE loss (TEST): 0.0
Experiment 32617
Epoch 0260 [Test seq (cond on sampled tp)] | Loss 212.810318 | Likelihood -214.650772 | KL fp 6.8037 | FP STD 0.4112|
KL coef: 0.9189414838378187
Train loss (one batch): 236.3997802734375
Train CE loss (one batch): 0.0
Test MSE (raw): 0.0437
Test MSE (smoothed with alpha=0.01): 0.2647
New best smoothed test MSE: 0.2647. Saving best model to experiments/experiment_32617_best.ckpt
Test MSE group_0: nan
Test MSE group_1: 0.0437
Test MSE group_2: nan
Test MSE group_3: nan
Poisson likelihood: 0.0
CE loss: 0.0
train MSE group_0: nan
train MSE group_1: 0.0470
train MSE group_2: nan
train MSE group_3: nan
CE loss (TEST): 0.0
Experiment 32617
Epoch 0270 [Test seq (cond on sampled tp)] | Loss 192.944183 | Likelihood -193.328079 | KL fp 7.1582 | FP STD 0.3707|
KL coef: 0.9266921309561118
Train loss (one batch): 212.6632537841797
Train CE loss (one batch): 0.0
Test MSE (raw): 0.0394
Test MSE (smoothed with alpha=0.01): 0.2625
New best smoothed test MSE: 0.2625. Saving best model to experiments/experiment_32617_best.ckpt
Test MSE group_0: nan
Test MSE group_1: 0.0394
Test MSE group_2: nan
Test MSE group_3: nan
Poisson likelihood: 0.0
CE loss: 0.0
train MSE group_0: nan
train MSE group_1: 0.0427
train MSE group_2: nan
train MSE group_3: nan
CE loss (TEST): 0.0
Experiment 32617
Epoch 0280 [Test seq (cond on sampled tp)] | Loss 193.440643 | Likelihood -191.630707 | KL fp 7.0906 | FP STD 0.3198|
KL coef: 0.9337016772796147
Train loss (one batch): 190.28952026367188
Train CE loss (one batch): 0.0
Test MSE (raw): 0.0391
Test MSE (smoothed with alpha=0.01): 0.2602
New best smoothed test MSE: 0.2602. Saving best model to experiments/experiment_32617_best.ckpt
Test MSE group_0: nan
Test MSE group_1: 0.0391
Test MSE group_2: nan
Test MSE group_3: nan
Poisson likelihood: 0.0
CE loss: 0.0
train MSE group_0: nan
train MSE group_1: 0.0378
train MSE group_2: nan
train MSE group_3: nan
CE loss (TEST): 0.0
Experiment 32617
Epoch 0290 [Test seq (cond on sampled tp)] | Loss 192.160904 | Likelihood -189.357086 | KL fp 7.6840 | FP STD 0.3143|
KL coef: 0.9400409853285345
Train loss (one batch): 200.25680541992188
Train CE loss (one batch): 0.0
Test MSE (raw): 0.0386
Test MSE (smoothed with alpha=0.01): 0.2580
New best smoothed test MSE: 0.2580. Saving best model to experiments/experiment_32617_best.ckpt
Test MSE group_0: nan
Test MSE group_1: 0.0386
Test MSE group_2: nan
Test MSE group_3: nan
Poisson likelihood: 0.0
CE loss: 0.0
train MSE group_0: nan
train MSE group_1: 0.0396
train MSE group_2: nan
train MSE group_3: nan
CE loss (TEST): 0.0
Experiment 32617
Epoch 0300 [Test seq (cond on sampled tp)] | Loss 185.535934 | Likelihood -185.450104 | KL fp 7.3153 | FP STD 0.3446|
KL coef: 0.9457741418959368
Train loss (one batch): 192.019775390625
Train CE loss (one batch): 0.0
Test MSE (raw): 0.0378
Test MSE (smoothed with alpha=0.01): 0.2558
New best smoothed test MSE: 0.2558. Saving best model to experiments/experiment_32617_best.ckpt
Test MSE group_0: nan
Test MSE group_1: 0.0378
Test MSE group_2: nan
Test MSE group_3: nan
Poisson likelihood: 0.0
CE loss: 0.0
train MSE group_0: nan
train MSE group_1: 0.0381
train MSE group_2: nan
train MSE group_3: nan
CE loss (TEST): 0.0
Experiment 32617
Epoch 0310 [Test seq (cond on sampled tp)] | Loss 179.581329 | Likelihood -178.709503 | KL fp 7.0126 | FP STD 0.3438|
KL coef: 0.9509591059287142
Train loss (one batch): 186.48245239257812
Train CE loss (one batch): 0.0
Test MSE (raw): 0.0365
Test MSE (smoothed with alpha=0.01): 0.2536
New best smoothed test MSE: 0.2536. Saving best model to experiments/experiment_32617_best.ckpt
Test MSE group_0: nan
Test MSE group_1: 0.0365
Test MSE group_2: nan
Test MSE group_3: nan
Poisson likelihood: 0.0
CE loss: 0.0
train MSE group_0: nan
train MSE group_1: 0.0373
train MSE group_2: nan
train MSE group_3: nan
CE loss (TEST): 0.0
Experiment 32617
Epoch 0320 [Test seq (cond on sampled tp)] | Loss 181.519043 | Likelihood -179.019669 | KL fp 7.0337 | FP STD 0.3197|
KL coef: 0.9556482944595236
Train loss (one batch): 183.4757537841797
Train CE loss (one batch): 0.0
Test MSE (raw): 0.0365
Test MSE (smoothed with alpha=0.01): 0.2514
New best smoothed test MSE: 0.2514. Saving best model to experiments/experiment_32617_best.ckpt
Test MSE group_0: nan
Test MSE group_1: 0.0365
Test MSE group_2: nan
Test MSE group_3: nan
Poisson likelihood: 0.0
CE loss: 0.0
train MSE group_0: nan
train MSE group_1: 0.0365
train MSE group_2: nan
train MSE group_3: nan
CE loss (TEST): 0.0
Experiment 32617
Epoch 0330 [Test seq (cond on sampled tp)] | Loss 177.566406 | Likelihood -178.588898 | KL fp 7.0044 | FP STD 0.3430|
KL coef: 0.9598891125131245
Train loss (one batch): 187.04791259765625
Train CE loss (one batch): 0.0
Test MSE (raw): 0.0365
Test MSE (smoothed with alpha=0.01): 0.2493
New best smoothed test MSE: 0.2493. Saving best model to experiments/experiment_32617_best.ckpt
Test MSE group_0: nan
Test MSE group_1: 0.0365
Test MSE group_2: nan
Test MSE group_3: nan
Poisson likelihood: 0.0
CE loss: 0.0
train MSE group_0: nan
train MSE group_1: 0.0370
train MSE group_2: nan
train MSE group_3: nan
CE loss (TEST): 0.0
Experiment 32617
Epoch 0340 [Test seq (cond on sampled tp)] | Loss 176.631653 | Likelihood -175.461777 | KL fp 7.1354 | FP STD 0.3067|
KL coef: 0.9637244323441748
Train loss (one batch): 184.3128204345703
Train CE loss (one batch): 0.0
Test MSE (raw): 0.0358
Test MSE (smoothed with alpha=0.01): 0.2472
New best smoothed test MSE: 0.2472. Saving best model to experiments/experiment_32617_best.ckpt
Test MSE group_0: nan
Test MSE group_1: 0.0358
Test MSE group_2: nan
Test MSE group_3: nan
Poisson likelihood: 0.0
CE loss: 0.0
train MSE group_0: nan
train MSE group_1: 0.0368
train MSE group_2: nan
train MSE group_3: nan
CE loss (TEST): 0.0
Experiment 32617
Epoch 0350 [Test seq (cond on sampled tp)] | Loss 172.578613 | Likelihood -170.573578 | KL fp 7.1139 | FP STD 0.2866|
KL coef: 0.9671930268513026
Train loss (one batch): 178.676513671875
Train CE loss (one batch): 0.0
Test MSE (raw): 0.0349
Test MSE (smoothed with alpha=0.01): 0.2450
New best smoothed test MSE: 0.2450. Saving best model to experiments/experiment_32617_best.ckpt
Test MSE group_0: nan
Test MSE group_1: 0.0349
Test MSE group_2: nan
Test MSE group_3: nan
Poisson likelihood: 0.0
CE loss: 0.0
train MSE group_0: nan
train MSE group_1: 0.0355
train MSE group_2: nan
train MSE group_3: nan
CE loss (TEST): 0.0
Experiment 32617
Epoch 0360 [Test seq (cond on sampled tp)] | Loss 169.853546 | Likelihood -166.705963 | KL fp 7.1919 | FP STD 0.2617|
KL coef: 0.9703299615490228
Train loss (one batch): 175.87722778320312
Train CE loss (one batch): 0.0
Test MSE (raw): 0.0341
Test MSE (smoothed with alpha=0.01): 0.2429
New best smoothed test MSE: 0.2429. Saving best model to experiments/experiment_32617_best.ckpt
Test MSE group_0: nan
Test MSE group_1: 0.0341
Test MSE group_2: nan
Test MSE group_3: nan
Poisson likelihood: 0.0
CE loss: 0.0
train MSE group_0: nan
train MSE group_1: 0.0349
train MSE group_2: nan
train MSE group_3: nan
CE loss (TEST): 0.0
Experiment 32617
Epoch 0370 [Test seq (cond on sampled tp)] | Loss 168.508453 | Likelihood -165.219711 | KL fp 7.3497 | FP STD 0.2427|
KL coef: 0.9731669490601144
Train loss (one batch): 174.47195434570312
Train CE loss (one batch): 0.0
Test MSE (raw): 0.0338
Test MSE (smoothed with alpha=0.01): 0.2408
New best smoothed test MSE: 0.2408. Saving best model to experiments/experiment_32617_best.ckpt
Test MSE group_0: nan
Test MSE group_1: 0.0338
Test MSE group_2: nan
Test MSE group_3: nan
Poisson likelihood: 0.0
CE loss: 0.0
train MSE group_0: nan
train MSE group_1: 0.0345
train MSE group_2: nan
train MSE group_3: nan
CE loss (TEST): 0.0
Experiment 32617
Epoch 0380 [Test seq (cond on sampled tp)] | Loss 166.946182 | Likelihood -163.934937 | KL fp 7.2999 | FP STD 0.2370|
KL coef: 0.9757326697121692
Train loss (one batch): 173.47860717773438
Train CE loss (one batch): 0.0
Test MSE (raw): 0.0335
Test MSE (smoothed with alpha=0.01): 0.2388
New best smoothed test MSE: 0.2388. Saving best model to experiments/experiment_32617_best.ckpt
Test MSE group_0: nan
Test MSE group_1: 0.0335
Test MSE group_2: nan
Test MSE group_3: nan
Poisson likelihood: 0.0
CE loss: 0.0
train MSE group_0: nan
train MSE group_1: 0.0343
train MSE group_2: nan
train MSE group_3: nan
CE loss (TEST): 0.0
Experiment 32617
Epoch 0390 [Test seq (cond on sampled tp)] | Loss 168.339539 | Likelihood -164.557693 | KL fp 7.1889 | FP STD 0.2235|
KL coef: 0.9780530614793677
Train loss (one batch): 172.4015655517578
Train CE loss (one batch): 0.0
Test MSE (raw): 0.0336
Test MSE (smoothed with alpha=0.01): 0.2367
New best smoothed test MSE: 0.2367. Saving best model to experiments/experiment_32617_best.ckpt
Test MSE group_0: nan
Test MSE group_1: 0.0336
Test MSE group_2: nan
Test MSE group_3: nan
Poisson likelihood: 0.0
CE loss: 0.0
train MSE group_0: nan
train MSE group_1: 0.0341
train MSE group_2: nan
train MSE group_3: nan
CE loss (TEST): 0.0
Experiment 32617
Epoch 0400 [Test seq (cond on sampled tp)] | Loss 165.576782 | Likelihood -161.928391 | KL fp 7.3513 | FP STD 0.2143|
KL coef: 0.9801515822006198
Train loss (one batch): 170.26890563964844
Train CE loss (one batch): 0.0
Test MSE (raw): 0.0331
Test MSE (smoothed with alpha=0.01): 0.2347
New best smoothed test MSE: 0.2347. Saving best model to experiments/experiment_32617_best.ckpt
Test MSE group_0: nan
Test MSE group_1: 0.0331
Test MSE group_2: nan
Test MSE group_3: nan
Poisson likelihood: 0.0
CE loss: 0.0
train MSE group_0: nan
train MSE group_1: 0.0338
train MSE group_2: nan
train MSE group_3: nan
CE loss (TEST): 0.0
Experiment 32617
Epoch 0410 [Test seq (cond on sampled tp)] | Loss 165.129700 | Likelihood -162.310089 | KL fp 7.2368 | FP STD 0.2056|
KL coef: 0.9820494467249549
Train loss (one batch): 169.6468048095703
Train CE loss (one batch): 0.0
Test MSE (raw): 0.0332
Test MSE (smoothed with alpha=0.01): 0.2327
New best smoothed test MSE: 0.2327. Saving best model to experiments/experiment_32617_best.ckpt
Test MSE group_0: nan
Test MSE group_1: 0.0332
Test MSE group_2: nan
Test MSE group_3: nan
Poisson likelihood: 0.0
CE loss: 0.0
train MSE group_0: nan
train MSE group_1: 0.0335
train MSE group_2: nan
train MSE group_3: nan
CE loss (TEST): 0.0
Experiment 32617
Epoch 0420 [Test seq (cond on sampled tp)] | Loss 164.549316 | Likelihood -160.985733 | KL fp 7.1954 | FP STD 0.2013|
KL coef: 0.9837658413815585
Train loss (one batch): 169.50570678710938
Train CE loss (one batch): 0.0
Test MSE (raw): 0.0329
Test MSE (smoothed with alpha=0.01): 0.2307
New best smoothed test MSE: 0.2307. Saving best model to experiments/experiment_32617_best.ckpt
Test MSE group_0: nan
Test MSE group_1: 0.0329
Test MSE group_2: nan
Test MSE group_3: nan
Poisson likelihood: 0.0
CE loss: 0.0
train MSE group_0: nan
train MSE group_1: 0.0335
train MSE group_2: nan
train MSE group_3: nan
CE loss (TEST): 0.0
Experiment 32617
Epoch 0430 [Test seq (cond on sampled tp)] | Loss 163.904694 | Likelihood -160.390167 | KL fp 7.2943 | FP STD 0.1926|
KL coef: 0.9853181179426319
Train loss (one batch): 167.97747802734375
Train CE loss (one batch): 0.0
Test MSE (raw): 0.0328
Test MSE (smoothed with alpha=0.01): 0.2287
New best smoothed test MSE: 0.2287. Saving best model to experiments/experiment_32617_best.ckpt
Test MSE group_0: nan
Test MSE group_1: 0.0328
Test MSE group_2: nan
Test MSE group_3: nan
Poisson likelihood: 0.0
CE loss: 0.0
train MSE group_0: nan
train MSE group_1: 0.0332
train MSE group_2: nan
train MSE group_3: nan
CE loss (TEST): 0.0
Experiment 32617
Epoch 0440 [Test seq (cond on sampled tp)] | Loss 163.634888 | Likelihood -159.994553 | KL fp 7.1779 | FP STD 0.1927|
KL coef: 0.9867219690399229
Train loss (one batch): 168.04690551757812
Train CE loss (one batch): 0.0
Test MSE (raw): 0.0327
Test MSE (smoothed with alpha=0.01): 0.2267
New best smoothed test MSE: 0.2267. Saving best model to experiments/experiment_32617_best.ckpt
Test MSE group_0: nan
Test MSE group_1: 0.0327
Test MSE group_2: nan
Test MSE group_3: nan
Poisson likelihood: 0.0
CE loss: 0.0
train MSE group_0: nan
train MSE group_1: 0.0332
train MSE group_2: nan
train MSE group_3: nan
CE loss (TEST): 0.0
Experiment 32617
Epoch 0450 [Test seq (cond on sampled tp)] | Loss 162.240601 | Likelihood -159.225494 | KL fp 7.2381 | FP STD 0.1980|
KL coef: 0.9879915868082944
Train loss (one batch): 166.2295379638672
Train CE loss (one batch): 0.0
Test MSE (raw): 0.0326
Test MSE (smoothed with alpha=0.01): 0.2248
New best smoothed test MSE: 0.2248. Saving best model to experiments/experiment_32617_best.ckpt
Test MSE group_0: nan
Test MSE group_1: 0.0326
Test MSE group_2: nan
Test MSE group_3: nan
Poisson likelihood: 0.0
CE loss: 0.0
train MSE group_0: nan
train MSE group_1: 0.0328
train MSE group_2: nan
train MSE group_3: nan
CE loss (TEST): 0.0
Experiment 32617
Epoch 0460 [Test seq (cond on sampled tp)] | Loss 161.915222 | Likelihood -159.094040 | KL fp 7.1136 | FP STD 0.2012|
KL coef: 0.9891398063601221
Train loss (one batch): 166.14930725097656
Train CE loss (one batch): 0.0
Test MSE (raw): 0.0326
Test MSE (smoothed with alpha=0.01): 0.2229
New best smoothed test MSE: 0.2229. Saving best model to experiments/experiment_32617_best.ckpt
Test MSE group_0: nan
Test MSE group_1: 0.0326
Test MSE group_2: nan
Test MSE group_3: nan
Poisson likelihood: 0.0
CE loss: 0.0
train MSE group_0: nan
train MSE group_1: 0.0330
train MSE group_2: nan
train MSE group_3: nan
CE loss (TEST): 0.0
Experiment 32617
Epoch 0470 [Test seq (cond on sampled tp)] | Loss 163.180359 | Likelihood -159.761841 | KL fp 7.1304 | FP STD 0.1910|
KL coef: 0.9901782355409698
Train loss (one batch): 167.22509765625
Train CE loss (one batch): 0.0
Test MSE (raw): 0.0327
Test MSE (smoothed with alpha=0.01): 0.2210
New best smoothed test MSE: 0.2210. Saving best model to experiments/experiment_32617_best.ckpt
Test MSE group_0: nan
Test MSE group_1: 0.0327
Test MSE group_2: nan
Test MSE group_3: nan
Poisson likelihood: 0.0
CE loss: 0.0
train MSE group_0: nan
train MSE group_1: 0.0330
train MSE group_2: nan
train MSE group_3: nan
CE loss (TEST): 0.0
Experiment 32617
Epoch 0480 [Test seq (cond on sampled tp)] | Loss 160.695602 | Likelihood -156.724762 | KL fp 7.2731 | FP STD 0.1818|
KL coef: 0.9911173722782946
Train loss (one batch): 166.35696411132812
Train CE loss (one batch): 0.0
Test MSE (raw): 0.0321
Test MSE (smoothed with alpha=0.01): 0.2191
New best smoothed test MSE: 0.2191. Saving best model to experiments/experiment_32617_best.ckpt
Test MSE group_0: nan
Test MSE group_1: 0.0321
Test MSE group_2: nan
Test MSE group_3: nan
Poisson likelihood: 0.0
CE loss: 0.0
train MSE group_0: nan
train MSE group_1: 0.0328
train MSE group_2: nan
train MSE group_3: nan
CE loss (TEST): 0.0
Experiment 32617
Epoch 0490 [Test seq (cond on sampled tp)] | Loss 163.227203 | Likelihood -159.284958 | KL fp 7.2725 | FP STD 0.1881|
KL coef: 0.9919667107095133
Train loss (one batch): 164.3619384765625
Train CE loss (one batch): 0.0
Test MSE (raw): 0.0326
Test MSE (smoothed with alpha=0.01): 0.2172
New best smoothed test MSE: 0.2172. Saving best model to experiments/experiment_32617_best.ckpt
Test MSE group_0: nan
Test MSE group_1: 0.0326
Test MSE group_2: nan
Test MSE group_3: nan
Poisson likelihood: 0.0
CE loss: 0.0
train MSE group_0: nan
train MSE group_1: 0.0324
train MSE group_2: nan
train MSE group_3: nan
CE loss (TEST): 0.0
Experiment 32617
Epoch 0500 [Test seq (cond on sampled tp)] | Loss 159.854080 | Likelihood -157.168137 | KL fp 7.1663 | FP STD 0.1901|
KL coef: 0.9927348371623237
Train loss (one batch): 165.42538452148438
Train CE loss (one batch): 0.0
Test MSE (raw): 0.0322
Test MSE (smoothed with alpha=0.01): 0.2154
New best smoothed test MSE: 0.2154. Saving best model to experiments/experiment_32617_best.ckpt
Test MSE group_0: nan
Test MSE group_1: 0.0322
Test MSE group_2: nan
Test MSE group_3: nan
Poisson likelihood: 0.0
CE loss: 0.0
train MSE group_0: nan
train MSE group_1: 0.0329
train MSE group_2: nan
train MSE group_3: nan
CE loss (TEST): 0.0
Experiment 32617
Epoch 0510 [Test seq (cond on sampled tp)] | Loss 161.123505 | Likelihood -158.052765 | KL fp 7.1921 | FP STD 0.1727|
KL coef: 0.9934295169575854
Train loss (one batch): 164.36277770996094
Train CE loss (one batch): 0.0
Test MSE (raw): 0.0323
Test MSE (smoothed with alpha=0.01): 0.2135
New best smoothed test MSE: 0.2135. Saving best model to experiments/experiment_32617_best.ckpt
Test MSE group_0: nan
Test MSE group_1: 0.0323
Test MSE group_2: nan
Test MSE group_3: nan
Poisson likelihood: 0.0
CE loss: 0.0
train MSE group_0: nan
train MSE group_1: 0.0324
train MSE group_2: nan
train MSE group_3: nan
CE loss (TEST): 0.0
Experiment 32617
Epoch 0520 [Test seq (cond on sampled tp)] | Loss 160.630310 | Likelihood -157.395599 | KL fp 7.2422 | FP STD 0.1648|
KL coef: 0.9940577729122909
Train loss (one batch): 165.5127410888672
Train CE loss (one batch): 0.0
Test MSE (raw): 0.0322
Test MSE (smoothed with alpha=0.01): 0.2117
New best smoothed test MSE: 0.2117. Saving best model to experiments/experiment_32617_best.ckpt
Test MSE group_0: nan
Test MSE group_1: 0.0322
Test MSE group_2: nan
Test MSE group_3: nan
Poisson likelihood: 0.0
CE loss: 0.0
train MSE group_0: nan
train MSE group_1: 0.0326
train MSE group_2: nan
train MSE group_3: nan
CE loss (TEST): 0.0
Experiment 32617
Epoch 0530 [Test seq (cond on sampled tp)] | Loss 158.325424 | Likelihood -155.008301 | KL fp 7.2989 | FP STD 0.1680|
KL coef: 0.9946259563362442
Train loss (one batch): 162.0731964111328
Train CE loss (one batch): 0.0
Test MSE (raw): 0.0317
Test MSE (smoothed with alpha=0.01): 0.2099
New best smoothed test MSE: 0.2099. Saving best model to experiments/experiment_32617_best.ckpt
Test MSE group_0: nan
Test MSE group_1: 0.0317
Test MSE group_2: nan
Test MSE group_3: nan
Poisson likelihood: 0.0
CE loss: 0.0
train MSE group_0: nan
train MSE group_1: 0.0319
train MSE group_2: nan
train MSE group_3: nan
CE loss (TEST): 0.0
Experiment 32617
Epoch 0540 [Test seq (cond on sampled tp)] | Loss 157.730286 | Likelihood -153.793442 | KL fp 7.2974 | FP STD 0.1670|
KL coef: 0.9951398112401846
Train loss (one batch): 161.7374267578125
Train CE loss (one batch): 0.0
Test MSE (raw): 0.0315
Test MSE (smoothed with alpha=0.01): 0.2081
New best smoothed test MSE: 0.2081. Saving best model to experiments/experiment_32617_best.ckpt
Test MSE group_0: nan
Test MSE group_1: 0.0315
Test MSE group_2: nan
Test MSE group_3: nan
Poisson likelihood: 0.0
CE loss: 0.0
train MSE group_0: nan
train MSE group_1: 0.0320
train MSE group_2: nan
train MSE group_3: nan
CE loss (TEST): 0.0
Experiment 32617
Epoch 0550 [Test seq (cond on sampled tp)] | Loss 156.650024 | Likelihood -152.786346 | KL fp 7.3092 | FP STD 0.1569|
KL coef: 0.9956045324044637
Train loss (one batch): 160.744384765625
Train CE loss (one batch): 0.0
Test MSE (raw): 0.0313
Test MSE (smoothed with alpha=0.01): 0.2064
New best smoothed test MSE: 0.2064. Saving best model to experiments/experiment_32617_best.ckpt
Test MSE group_0: nan
Test MSE group_1: 0.0313
Test MSE group_2: nan
Test MSE group_3: nan
Poisson likelihood: 0.0
CE loss: 0.0
train MSE group_0: nan
train MSE group_1: 0.0317
train MSE group_2: nan
train MSE group_3: nan
CE loss (TEST): 0.0
Experiment 32617
Epoch 0560 [Test seq (cond on sampled tp)] | Loss 162.136185 | Likelihood -159.194824 | KL fp 7.1043 | FP STD 0.1462|
KL coef: 0.9960248178953148
Train loss (one batch): 161.10565185546875
Train CE loss (one batch): 0.0
Test MSE (raw): 0.0326
Test MSE (smoothed with alpha=0.01): 0.2046
New best smoothed test MSE: 0.2046. Saving best model to experiments/experiment_32617_best.ckpt
Test MSE group_0: nan
Test MSE group_1: 0.0326
Test MSE group_2: nan
Test MSE group_3: nan
Poisson likelihood: 0.0
CE loss: 0.0
train MSE group_0: nan
train MSE group_1: 0.0317
train MSE group_2: nan
train MSE group_3: nan
CE loss (TEST): 0.0
Experiment 32617
Epoch 0570 [Test seq (cond on sampled tp)] | Loss 155.696533 | Likelihood -152.064621 | KL fp 7.2033 | FP STD 0.1565|
KL coef: 0.996404916559627
Train loss (one batch): 159.75479125976562
Train CE loss (one batch): 0.0
Test MSE (raw): 0.0312
Test MSE (smoothed with alpha=0.01): 0.2029
New best smoothed test MSE: 0.2029. Saving best model to experiments/experiment_32617_best.ckpt
Test MSE group_0: nan
Test MSE group_1: 0.0312
Test MSE group_2: nan
Test MSE group_3: nan
Poisson likelihood: 0.0
CE loss: 0.0
train MSE group_0: nan
train MSE group_1: 0.0315
train MSE group_2: nan
train MSE group_3: nan
CE loss (TEST): 0.0
Experiment 32617
Epoch 0580 [Test seq (cond on sampled tp)] | Loss 178.525024 | Likelihood -179.541824 | KL fp 6.8302 | FP STD 0.2916|
KL coef: 0.9967486709783656
Train loss (one batch): 188.05697631835938
Train CE loss (one batch): 0.0
Test MSE (raw): 0.0366
Test MSE (smoothed with alpha=0.01): 0.2012
New best smoothed test MSE: 0.2012. Saving best model to experiments/experiment_32617_best.ckpt
Test MSE group_0: nan
Test MSE group_1: 0.0366
Test MSE group_2: nan
Test MSE group_3: nan
Poisson likelihood: 0.0
CE loss: 0.0
train MSE group_0: nan
train MSE group_1: 0.0391
train MSE group_2: nan
train MSE group_3: nan
CE loss (TEST): 0.0
Experiment 32617
Epoch 0590 [Test seq (cond on sampled tp)] | Loss 173.415253 | Likelihood -177.337875 | KL fp 6.5749 | FP STD 0.2813|
KL coef: 0.997059556312878
Train loss (one batch): 171.7833251953125
Train CE loss (one batch): 0.0
Test MSE (raw): 0.0362
Test MSE (smoothed with alpha=0.01): 0.1996
New best smoothed test MSE: 0.1996. Saving best model to experiments/experiment_32617_best.ckpt
Test MSE group_0: nan
Test MSE group_1: 0.0362
Test MSE group_2: nan
Test MSE group_3: nan
Poisson likelihood: 0.0
CE loss: 0.0
train MSE group_0: nan
train MSE group_1: 0.0345
train MSE group_2: nan
train MSE group_3: nan
CE loss (TEST): 0.0
Experiment 32617
Epoch 0600 [Test seq (cond on sampled tp)] | Loss 165.427231 | Likelihood -166.057007 | KL fp 6.8813 | FP STD 0.3026|
KL coef: 0.997340715436794
Train loss (one batch): 172.7931671142578
Train CE loss (one batch): 0.0
Test MSE (raw): 0.0339
Test MSE (smoothed with alpha=0.01): 0.1979
New best smoothed test MSE: 0.1979. Saving best model to experiments/experiment_32617_best.ckpt
Test MSE group_0: nan
Test MSE group_1: 0.0339
Test MSE group_2: nan
Test MSE group_3: nan
Poisson likelihood: 0.0
CE loss: 0.0
train MSE group_0: nan
train MSE group_1: 0.0342
train MSE group_2: nan
train MSE group_3: nan
CE loss (TEST): 0.0
Experiment 32617
Epoch 0610 [Test seq (cond on sampled tp)] | Loss 159.046570 | Likelihood -159.955872 | KL fp 7.0871 | FP STD 0.2668|
KL coef: 0.997594990708689
Train loss (one batch): 165.64239501953125
Train CE loss (one batch): 0.0
Test MSE (raw): 0.0327
Test MSE (smoothed with alpha=0.01): 0.1963
New best smoothed test MSE: 0.1963. Saving best model to experiments/experiment_32617_best.ckpt
Test MSE group_0: nan
Test MSE group_1: 0.0327
Test MSE group_2: nan
Test MSE group_3: nan
Poisson likelihood: 0.0
CE loss: 0.0
train MSE group_0: nan
train MSE group_1: 0.0338
train MSE group_2: nan
train MSE group_3: nan
CE loss (TEST): 0.0
Experiment 32617
Epoch 0620 [Test seq (cond on sampled tp)] | Loss 159.050186 | Likelihood -156.891434 | KL fp 6.9764 | FP STD 0.2337|
KL coef: 0.9978249527067087
Train loss (one batch): 163.4674530029297
Train CE loss (one batch): 0.0
Test MSE (raw): 0.0321
Test MSE (smoothed with alpha=0.01): 0.1946
New best smoothed test MSE: 0.1946. Saving best model to experiments/experiment_32617_best.ckpt
Test MSE group_0: nan
Test MSE group_1: 0.0321
Test MSE group_2: nan
Test MSE group_3: nan
Poisson likelihood: 0.0
CE loss: 0.0
train MSE group_0: nan
train MSE group_1: 0.0323
train MSE group_2: nan
train MSE group_3: nan
CE loss (TEST): 0.0
Experiment 32617
Epoch 0630 [Test seq (cond on sampled tp)] | Loss 155.504349 | Likelihood -152.950912 | KL fp 6.9985 | FP STD 0.1922|
KL coef: 0.9980329262156509
Train loss (one batch): 158.13189697265625
Train CE loss (one batch): 0.0
Test MSE (raw): 0.0313
Test MSE (smoothed with alpha=0.01): 0.1930
New best smoothed test MSE: 0.1930. Saving best model to experiments/experiment_32617_best.ckpt
Test MSE group_0: nan
Test MSE group_1: 0.0313
Test MSE group_2: nan
Test MSE group_3: nan
Poisson likelihood: 0.0
CE loss: 0.0
train MSE group_0: nan
train MSE group_1: 0.0315
train MSE group_2: nan
train MSE group_3: nan
CE loss (TEST): 0.0
Experiment 32617
Epoch 0640 [Test seq (cond on sampled tp)] | Loss 154.303986 | Likelihood -150.752045 | KL fp 7.1415 | FP STD 0.1395|
KL coef: 0.9982210137292149
Train loss (one batch): 155.7532501220703
Train CE loss (one batch): 0.0
Test MSE (raw): 0.0309
Test MSE (smoothed with alpha=0.01): 0.1914
New best smoothed test MSE: 0.1914. Saving best model to experiments/experiment_32617_best.ckpt
Test MSE group_0: nan
Test MSE group_1: 0.0309
Test MSE group_2: nan
Test MSE group_3: nan
Poisson likelihood: 0.0
CE loss: 0.0
train MSE group_0: nan
train MSE group_1: 0.0311
train MSE group_2: nan
train MSE group_3: nan
CE loss (TEST): 0.0
Experiment 32617
Epoch 0650 [Test seq (cond on sampled tp)] | Loss 151.440552 | Likelihood -147.508667 | KL fp 7.1472 | FP STD 0.1339|
KL coef: 0.9983911167050152
Train loss (one batch): 154.16477966308594
Train CE loss (one batch): 0.0
Test MSE (raw): 0.0302
Test MSE (smoothed with alpha=0.01): 0.1898
New best smoothed test MSE: 0.1898. Saving best model to experiments/experiment_32617_best.ckpt
Test MSE group_0: nan
Test MSE group_1: 0.0302
Test MSE group_2: nan
Test MSE group_3: nan
Poisson likelihood: 0.0
CE loss: 0.0
train MSE group_0: nan
train MSE group_1: 0.0304
train MSE group_2: nan
train MSE group_3: nan
CE loss (TEST): 0.0
Experiment 32617
Epoch 0660 [Test seq (cond on sampled tp)] | Loss 149.734802 | Likelihood -145.817993 | KL fp 7.4660 | FP STD 0.1175|
KL coef: 0.9985449547872347
Train loss (one batch): 152.22227478027344
Train CE loss (one batch): 0.0
Test MSE (raw): 0.0299
Test MSE (smoothed with alpha=0.01): 0.1882
New best smoothed test MSE: 0.1882. Saving best model to experiments/experiment_32617_best.ckpt
Test MSE group_0: nan
Test MSE group_1: 0.0299
Test MSE group_2: nan
Test MSE group_3: nan
Poisson likelihood: 0.0
CE loss: 0.0
train MSE group_0: nan
train MSE group_1: 0.0300
train MSE group_2: nan
train MSE group_3: nan
CE loss (TEST): 0.0
Experiment 32617
Epoch 0670 [Test seq (cond on sampled tp)] | Loss 150.632629 | Likelihood -146.567688 | KL fp 7.3302 | FP STD 0.1145|
KL coef: 0.9986840831912477
Train loss (one batch): 150.76007080078125
Train CE loss (one batch): 0.0
Test MSE (raw): 0.0301
Test MSE (smoothed with alpha=0.01): 0.1866
New best smoothed test MSE: 0.1866. Saving best model to experiments/experiment_32617_best.ckpt
Test MSE group_0: nan
Test MSE group_1: 0.0301
Test MSE group_2: nan
Test MSE group_3: nan
Poisson likelihood: 0.0
CE loss: 0.0
train MSE group_0: nan
train MSE group_1: 0.0297
train MSE group_2: nan
train MSE group_3: nan
CE loss (TEST): 0.0
Experiment 32617
Epoch 0680 [Test seq (cond on sampled tp)] | Loss 146.559418 | Likelihood -143.568100 | KL fp 7.2251 | FP STD 0.1221|
KL coef: 0.9988099084259616
Train loss (one batch): 149.23184204101562
Train CE loss (one batch): 0.0
Test MSE (raw): 0.0295
Test MSE (smoothed with alpha=0.01): 0.1850
New best smoothed test MSE: 0.1850. Saving best model to experiments/experiment_32617_best.ckpt
Test MSE group_0: nan
Test MSE group_1: 0.0295
Test MSE group_2: nan
Test MSE group_3: nan
Poisson likelihood: 0.0
CE loss: 0.0
train MSE group_0: nan
train MSE group_1: 0.0294
train MSE group_2: nan
train MSE group_3: nan
CE loss (TEST): 0.0
Experiment 32617
Epoch 0690 [Test seq (cond on sampled tp)] | Loss 145.554688 | Likelihood -141.754883 | KL fp 7.3569 | FP STD 0.1101|
KL coef: 0.9989237025128207
Train loss (one batch): 145.42922973632812
Train CE loss (one batch): 0.0
Test MSE (raw): 0.0291
Test MSE (smoothed with alpha=0.01): 0.1834
New best smoothed test MSE: 0.1834. Saving best model to experiments/experiment_32617_best.ckpt
Test MSE group_0: nan
Test MSE group_1: 0.0291
Test MSE group_2: nan
Test MSE group_3: nan
Poisson likelihood: 0.0
CE loss: 0.0
train MSE group_0: nan
train MSE group_1: 0.0287
train MSE group_2: nan
train MSE group_3: nan
CE loss (TEST): 0.0
Experiment 32617
Epoch 0700 [Test seq (cond on sampled tp)] | Loss 145.092758 | Likelihood -141.472565 | KL fp 7.3528 | FP STD 0.1012|
KL coef: 0.999026615845218
Train loss (one batch): 143.6817169189453
Train CE loss (one batch): 0.0
Test MSE (raw): 0.0290
Test MSE (smoothed with alpha=0.01): 0.1819
New best smoothed test MSE: 0.1819. Saving best model to experiments/experiment_32617_best.ckpt
Test MSE group_0: nan
Test MSE group_1: 0.0290
Test MSE group_2: nan
Test MSE group_3: nan
Poisson likelihood: 0.0
CE loss: 0.0
train MSE group_0: nan
train MSE group_1: 0.0282
train MSE group_2: nan
train MSE group_3: nan
CE loss (TEST): 0.0
Experiment 32617
Epoch 0710 [Test seq (cond on sampled tp)] | Loss 145.041412 | Likelihood -142.050507 | KL fp 7.2571 | FP STD 0.1107|
KL coef: 0.9991196888183176
Train loss (one batch): 145.6790771484375
Train CE loss (one batch): 0.0
Test MSE (raw): 0.0291
Test MSE (smoothed with alpha=0.01): 0.1804
New best smoothed test MSE: 0.1804. Saving best model to experiments/experiment_32617_best.ckpt
Test MSE group_0: nan
Test MSE group_1: 0.0291
Test MSE group_2: nan
Test MSE group_3: nan
Poisson likelihood: 0.0
CE loss: 0.0
train MSE group_0: nan
train MSE group_1: 0.0287
train MSE group_2: nan
train MSE group_3: nan
CE loss (TEST): 0.0
Experiment 32617
Epoch 0720 [Test seq (cond on sampled tp)] | Loss 143.583740 | Likelihood -141.947861 | KL fp 7.0724 | FP STD 0.1479|
KL coef: 0.9992038623468565
Train loss (one batch): 143.96746826171875
Train CE loss (one batch): 0.0
Test MSE (raw): 0.0291
Test MSE (smoothed with alpha=0.01): 0.1789
New best smoothed test MSE: 0.1789. Saving best model to experiments/experiment_32617_best.ckpt
Test MSE group_0: nan
Test MSE group_1: 0.0291
Test MSE group_2: nan
Test MSE group_3: nan
Poisson likelihood: 0.0
CE loss: 0.0
train MSE group_0: nan
train MSE group_1: 0.0283
train MSE group_2: nan
train MSE group_3: nan
CE loss (TEST): 0.0
Experiment 32617
Epoch 0730 [Test seq (cond on sampled tp)] | Loss 142.714401 | Likelihood -139.755142 | KL fp 7.0798 | FP STD 0.1360|
KL coef: 0.9992799873772575
Train loss (one batch): 144.33177185058594
Train CE loss (one batch): 0.0
Test MSE (raw): 0.0287
Test MSE (smoothed with alpha=0.01): 0.1774
New best smoothed test MSE: 0.1774. Saving best model to experiments/experiment_32617_best.ckpt
Test MSE group_0: nan
Test MSE group_1: 0.0287
Test MSE group_2: nan
Test MSE group_3: nan
Poisson likelihood: 0.0
CE loss: 0.0
train MSE group_0: nan
train MSE group_1: 0.0285
train MSE group_2: nan
train MSE group_3: nan
CE loss (TEST): 0.0
Experiment 32617
Epoch 0740 [Test seq (cond on sampled tp)] | Loss 141.742584 | Likelihood -138.903061 | KL fp 7.0571 | FP STD 0.1268|
KL coef: 0.9993488334902116
Train loss (one batch): 142.30958557128906
Train CE loss (one batch): 0.0
Test MSE (raw): 0.0285
Test MSE (smoothed with alpha=0.01): 0.1759
New best smoothed test MSE: 0.1759. Saving best model to experiments/experiment_32617_best.ckpt
Test MSE group_0: nan
Test MSE group_1: 0.0285
Test MSE group_2: nan
Test MSE group_3: nan
Poisson likelihood: 0.0
CE loss: 0.0
train MSE group_0: nan
train MSE group_1: 0.0280
train MSE group_2: nan
train MSE group_3: nan
CE loss (TEST): 0.0
Experiment 32617
Epoch 0750 [Test seq (cond on sampled tp)] | Loss 139.090607 | Likelihood -135.903168 | KL fp 7.2507 | FP STD 0.1029|
KL coef: 0.9994110966807014
Train loss (one batch): 138.78028869628906
Train CE loss (one batch): 0.0
Test MSE (raw): 0.0279
Test MSE (smoothed with alpha=0.01): 0.1744
New best smoothed test MSE: 0.1744. Saving best model to experiments/experiment_32617_best.ckpt
Test MSE group_0: nan
Test MSE group_1: 0.0279
Test MSE group_2: nan
Test MSE group_3: nan
Poisson likelihood: 0.0
CE loss: 0.0
train MSE group_0: nan
train MSE group_1: 0.0272
train MSE group_2: nan
train MSE group_3: nan
CE loss (TEST): 0.0
Experiment 32617
Epoch 0760 [Test seq (cond on sampled tp)] | Loss 137.639893 | Likelihood -134.675705 | KL fp 7.2306 | FP STD 0.0997|
KL coef: 0.9994674063941131
Train loss (one batch): 137.57962036132812
Train CE loss (one batch): 0.0
Test MSE (raw): 0.0277
Test MSE (smoothed with alpha=0.01): 0.1729
New best smoothed test MSE: 0.1729. Saving best model to experiments/experiment_32617_best.ckpt
Test MSE group_0: nan
Test MSE group_1: 0.0277
Test MSE group_2: nan
Test MSE group_3: nan
Poisson likelihood: 0.0
CE loss: 0.0
train MSE group_0: nan
train MSE group_1: 0.0270
train MSE group_2: nan
train MSE group_3: nan
CE loss (TEST): 0.0
Experiment 32617
Epoch 0770 [Test seq (cond on sampled tp)] | Loss 140.895752 | Likelihood -138.246063 | KL fp 7.5545 | FP STD 0.0926|
KL coef: 0.9995183318895716
Train loss (one batch): 136.954833984375
Train CE loss (one batch): 0.0
Test MSE (raw): 0.0284
Test MSE (smoothed with alpha=0.01): 0.1715
New best smoothed test MSE: 0.1715. Saving best model to experiments/experiment_32617_best.ckpt
Test MSE group_0: nan
Test MSE group_1: 0.0284
Test MSE group_2: nan
Test MSE group_3: nan
Poisson likelihood: 0.0
CE loss: 0.0
train MSE group_0: nan
train MSE group_1: 0.0269
train MSE group_2: nan
train MSE group_3: nan
CE loss (TEST): 0.0
Experiment 32617
Epoch 0780 [Test seq (cond on sampled tp)] | Loss 136.131989 | Likelihood -134.035904 | KL fp 7.3167 | FP STD 0.0942|
KL coef: 0.9995643879948252
Train loss (one batch): 136.9540557861328
Train CE loss (one batch): 0.0
Test MSE (raw): 0.0275
Test MSE (smoothed with alpha=0.01): 0.1700
New best smoothed test MSE: 0.1700. Saving best model to experiments/experiment_32617_best.ckpt
Test MSE group_0: nan
Test MSE group_1: 0.0275
Test MSE group_2: nan
Test MSE group_3: nan
Poisson likelihood: 0.0
CE loss: 0.0
train MSE group_0: nan
train MSE group_1: 0.0270
train MSE group_2: nan
train MSE group_3: nan
CE loss (TEST): 0.0
Experiment 32617
Epoch 0790 [Test seq (cond on sampled tp)] | Loss 137.658051 | Likelihood -135.569092 | KL fp 6.9459 | FP STD 0.1081|
KL coef: 0.9996060403108612
Train loss (one batch): 137.28236389160156
Train CE loss (one batch): 0.0
Test MSE (raw): 0.0279
Test MSE (smoothed with alpha=0.01): 0.1686
New best smoothed test MSE: 0.1686. Saving best model to experiments/experiment_32617_best.ckpt
Test MSE group_0: nan
Test MSE group_1: 0.0279
Test MSE group_2: nan
Test MSE group_3: nan
Poisson likelihood: 0.0
CE loss: 0.0
train MSE group_0: nan
train MSE group_1: 0.0271
train MSE group_2: nan
train MSE group_3: nan
CE loss (TEST): 0.0
Experiment 32617
Epoch 0800 [Test seq (cond on sampled tp)] | Loss 136.685684 | Likelihood -132.962006 | KL fp 7.3291 | FP STD 0.1006|
KL coef: 0.9996437099188669
Train loss (one batch): 134.6896209716797
Train CE loss (one batch): 0.0
Test MSE (raw): 0.0273
Test MSE (smoothed with alpha=0.01): 0.1672
New best smoothed test MSE: 0.1672. Saving best model to experiments/experiment_32617_best.ckpt
Test MSE group_0: nan
Test MSE group_1: 0.0273
Test MSE group_2: nan
Test MSE group_3: nan
Poisson likelihood: 0.0
CE loss: 0.0
train MSE group_0: nan
train MSE group_1: 0.0265
train MSE group_2: nan
train MSE group_3: nan
CE loss (TEST): 0.0
Experiment 32617
Epoch 0810 [Test seq (cond on sampled tp)] | Loss 139.079865 | Likelihood -136.028076 | KL fp 6.8649 | FP STD 0.1139|
KL coef: 0.9996777776371197
Train loss (one batch): 136.62376403808594
Train CE loss (one batch): 0.0
Test MSE (raw): 0.0279
Test MSE (smoothed with alpha=0.01): 0.1658
New best smoothed test MSE: 0.1658. Saving best model to experiments/experiment_32617_best.ckpt
Test MSE group_0: nan
Test MSE group_1: 0.0279
Test MSE group_2: nan
Test MSE group_3: nan
Poisson likelihood: 0.0
CE loss: 0.0
train MSE group_0: nan
train MSE group_1: 0.0269
train MSE group_2: nan
train MSE group_3: nan
CE loss (TEST): 0.0
Experiment 32617
Epoch 0820 [Test seq (cond on sampled tp)] | Loss 135.687149 | Likelihood -132.397614 | KL fp 7.4174 | FP STD 0.0915|
KL coef: 0.9997085878708442
Train loss (one batch): 133.65553283691406
Train CE loss (one batch): 0.0
Test MSE (raw): 0.0272
Test MSE (smoothed with alpha=0.01): 0.1644
New best smoothed test MSE: 0.1644. Saving best model to experiments/experiment_32617_best.ckpt
Test MSE group_0: nan
Test MSE group_1: 0.0272
Test MSE group_2: nan
Test MSE group_3: nan
Poisson likelihood: 0.0
CE loss: 0.0
train MSE group_0: nan
train MSE group_1: 0.0263
train MSE group_2: nan
train MSE group_3: nan
CE loss (TEST): 0.0
Experiment 32617
Epoch 0830 [Test seq (cond on sampled tp)] | Loss 134.949615 | Likelihood -130.928741 | KL fp 7.3332 | FP STD 0.0909|
KL coef: 0.9997364520939512
Train loss (one batch): 133.21743774414062
Train CE loss (one batch): 0.0
Test MSE (raw): 0.0269
Test MSE (smoothed with alpha=0.01): 0.1631
New best smoothed test MSE: 0.1631. Saving best model to experiments/experiment_32617_best.ckpt
Test MSE group_0: nan
Test MSE group_1: 0.0269
Test MSE group_2: nan
Test MSE group_3: nan
Poisson likelihood: 0.0
CE loss: 0.0
train MSE group_0: nan
train MSE group_1: 0.0261
train MSE group_2: nan
train MSE group_3: nan
CE loss (TEST): 0.0
Experiment 32617
Epoch 0840 [Test seq (cond on sampled tp)] | Loss 138.213974 | Likelihood -137.009399 | KL fp 7.3029 | FP STD 0.1157|
KL coef: 0.9997616519978635
Train loss (one batch): 137.8063507080078
Train CE loss (one batch): 0.0
Test MSE (raw): 0.0281
Test MSE (smoothed with alpha=0.01): 0.1617
New best smoothed test MSE: 0.1617. Saving best model to experiments/experiment_32617_best.ckpt
Test MSE group_0: nan
Test MSE group_1: 0.0281
Test MSE group_2: nan
Test MSE group_3: nan
Poisson likelihood: 0.0
CE loss: 0.0
train MSE group_0: nan
train MSE group_1: 0.0272
train MSE group_2: nan
train MSE group_3: nan
CE loss (TEST): 0.0
Experiment 32617
Epoch 0850 [Test seq (cond on sampled tp)] | Loss 139.512054 | Likelihood -137.409912 | KL fp 7.1827 | FP STD 0.1084|
KL coef: 0.9997844423392536
Train loss (one batch): 136.31944274902344
Train CE loss (one batch): 0.0
Test MSE (raw): 0.0282
Test MSE (smoothed with alpha=0.01): 0.1604
New best smoothed test MSE: 0.1604. Saving best model to experiments/experiment_32617_best.ckpt
Test MSE group_0: nan
Test MSE group_1: 0.0282
Test MSE group_2: nan
Test MSE group_3: nan
Poisson likelihood: 0.0
CE loss: 0.0
train MSE group_0: nan
train MSE group_1: 0.0268
train MSE group_2: nan
train MSE group_3: nan
CE loss (TEST): 0.0
Experiment 32617
Epoch 0860 [Test seq (cond on sampled tp)] | Loss 136.894821 | Likelihood -134.146500 | KL fp 7.2477 | FP STD 0.1047|
KL coef: 0.9998050535154901
Train loss (one batch): 132.32310485839844
Train CE loss (one batch): 0.0
Test MSE (raw): 0.0276
Test MSE (smoothed with alpha=0.01): 0.1590
New best smoothed test MSE: 0.1590. Saving best model to experiments/experiment_32617_best.ckpt
Test MSE group_0: nan
Test MSE group_1: 0.0276
Test MSE group_2: nan
Test MSE group_3: nan
Poisson likelihood: 0.0
CE loss: 0.0
train MSE group_0: nan
train MSE group_1: 0.0260
train MSE group_2: nan
train MSE group_3: nan
CE loss (TEST): 0.0
Experiment 32617
Epoch 0870 [Test seq (cond on sampled tp)] | Loss 135.366241 | Likelihood -131.882492 | KL fp 7.1169 | FP STD 0.0910|
KL coef: 0.9998236938938232
Train loss (one batch): 131.1984100341797
Train CE loss (one batch): 0.0
Test MSE (raw): 0.0271
Test MSE (smoothed with alpha=0.01): 0.1577
New best smoothed test MSE: 0.1577. Saving best model to experiments/experiment_32617_best.ckpt
Test MSE group_0: nan
Test MSE group_1: 0.0271
Test MSE group_2: nan
Test MSE group_3: nan
Poisson likelihood: 0.0
CE loss: 0.0
train MSE group_0: nan
train MSE group_1: 0.0258
train MSE group_2: nan
train MSE group_3: nan
CE loss (TEST): 0.0
Experiment 32617
Epoch 0880 [Test seq (cond on sampled tp)] | Loss 133.621124 | Likelihood -130.536438 | KL fp 7.1689 | FP STD 0.1032|
KL coef: 0.9998405519178591
Train loss (one batch): 130.0369110107422
Train CE loss (one batch): 0.0
Test MSE (raw): 0.0268
Test MSE (smoothed with alpha=0.01): 0.1564
New best smoothed test MSE: 0.1564. Saving best model to experiments/experiment_32617_best.ckpt
Test MSE group_0: nan
Test MSE group_1: 0.0268
Test MSE group_2: nan
Test MSE group_3: nan
Poisson likelihood: 0.0
CE loss: 0.0
train MSE group_0: nan
train MSE group_1: 0.0256
train MSE group_2: nan
train MSE group_3: nan
CE loss (TEST): 0.0
Experiment 32617
Epoch 0890 [Test seq (cond on sampled tp)] | Loss 137.126282 | Likelihood -133.543015 | KL fp 6.9689 | FP STD 0.1004|
KL coef: 0.9998557980126173
Train loss (one batch): 130.10324096679688
Train CE loss (one batch): 0.0
Test MSE (raw): 0.0274
Test MSE (smoothed with alpha=0.01): 0.1551
New best smoothed test MSE: 0.1551. Saving best model to experiments/experiment_32617_best.ckpt
Test MSE group_0: nan
Test MSE group_1: 0.0274
Test MSE group_2: nan
Test MSE group_3: nan
Poisson likelihood: 0.0
CE loss: 0.0
train MSE group_0: nan
train MSE group_1: 0.0257
train MSE group_2: nan
train MSE group_3: nan
CE loss (TEST): 0.0
Experiment 32617
Epoch 0900 [Test seq (cond on sampled tp)] | Loss 134.197113 | Likelihood -130.809113 | KL fp 7.2422 | FP STD 0.0977|
KL coef: 0.9998695863074304
Train loss (one batch): 133.16770935058594
Train CE loss (one batch): 0.0
Test MSE (raw): 0.0269
Test MSE (smoothed with alpha=0.01): 0.1538
New best smoothed test MSE: 0.1538. Saving best model to experiments/experiment_32617_best.ckpt
Test MSE group_0: nan
Test MSE group_1: 0.0269
Test MSE group_2: nan
Test MSE group_3: nan
Poisson likelihood: 0.0
CE loss: 0.0
train MSE group_0: nan
train MSE group_1: 0.0262
train MSE group_2: nan
train MSE group_3: nan
CE loss (TEST): 0.0
Experiment 32617
Epoch 0910 [Test seq (cond on sampled tp)] | Loss 132.978043 | Likelihood -129.328079 | KL fp 7.1712 | FP STD 0.0958|
KL coef: 0.9998820561941043
Train loss (one batch): 129.46153259277344
Train CE loss (one batch): 0.0
Test MSE (raw): 0.0266
Test MSE (smoothed with alpha=0.01): 0.1526
New best smoothed test MSE: 0.1526. Saving best model to experiments/experiment_32617_best.ckpt
Test MSE group_0: nan
Test MSE group_1: 0.0266
Test MSE group_2: nan
Test MSE group_3: nan
Poisson likelihood: 0.0
CE loss: 0.0
train MSE group_0: nan
train MSE group_1: 0.0255
train MSE group_2: nan
train MSE group_3: nan
CE loss (TEST): 0.0
Experiment 32617
Epoch 0920 [Test seq (cond on sampled tp)] | Loss 133.234222 | Likelihood -129.388153 | KL fp 7.2176 | FP STD 0.0989|
KL coef: 0.9998933337360897
Train loss (one batch): 130.2615509033203
Train CE loss (one batch): 0.0
Test MSE (raw): 0.0266
Test MSE (smoothed with alpha=0.01): 0.1513
New best smoothed test MSE: 0.1513. Saving best model to experiments/experiment_32617_best.ckpt
Test MSE group_0: nan
Test MSE group_1: 0.0266
Test MSE group_2: nan
Test MSE group_3: nan
Poisson likelihood: 0.0
CE loss: 0.0
train MSE group_0: nan
train MSE group_1: 0.0256
train MSE group_2: nan
train MSE group_3: nan
CE loss (TEST): 0.0
Experiment 32617
Epoch 0930 [Test seq (cond on sampled tp)] | Loss 133.073837 | Likelihood -129.342819 | KL fp 7.3213 | FP STD 0.0955|
KL coef: 0.9999035329429113
Train loss (one batch): 129.78555297851562
Train CE loss (one batch): 0.0
Test MSE (raw): 0.0266
Test MSE (smoothed with alpha=0.01): 0.1501
New best smoothed test MSE: 0.1501. Saving best model to experiments/experiment_32617_best.ckpt
Test MSE group_0: nan
Test MSE group_1: 0.0266
Test MSE group_2: nan
Test MSE group_3: nan
Poisson likelihood: 0.0
CE loss: 0.0
train MSE group_0: nan
train MSE group_1: 0.0254
train MSE group_2: nan
train MSE group_3: nan
CE loss (TEST): 0.0
Experiment 32617
Epoch 0940 [Test seq (cond on sampled tp)] | Loss 148.860046 | Likelihood -146.848480 | KL fp 7.1307 | FP STD 0.1188|
KL coef: 0.9999127569227402
Train loss (one batch): 142.95648193359375
Train CE loss (one batch): 0.0
Test MSE (raw): 0.0301
Test MSE (smoothed with alpha=0.01): 0.1489
New best smoothed test MSE: 0.1489. Saving best model to experiments/experiment_32617_best.ckpt
Test MSE group_0: nan
Test MSE group_1: 0.0301
Test MSE group_2: nan
Test MSE group_3: nan
Poisson likelihood: 0.0
CE loss: 0.0
train MSE group_0: nan
train MSE group_1: 0.0282
train MSE group_2: nan
train MSE group_3: nan
CE loss (TEST): 0.0
Experiment 32617
Epoch 0950 [Test seq (cond on sampled tp)] | Loss 138.149231 | Likelihood -137.314758 | KL fp 6.5991 | FP STD 0.1766|
KL coef: 0.9999210989247576
Train loss (one batch): 134.3695526123047
Train CE loss (one batch): 0.0
Test MSE (raw): 0.0282
Test MSE (smoothed with alpha=0.01): 0.1477
New best smoothed test MSE: 0.1477. Saving best model to experiments/experiment_32617_best.ckpt
Test MSE group_0: nan
Test MSE group_1: 0.0282
Test MSE group_2: nan
Test MSE group_3: nan
Poisson likelihood: 0.0
CE loss: 0.0
train MSE group_0: nan
train MSE group_1: 0.0268
train MSE group_2: nan
train MSE group_3: nan
CE loss (TEST): 0.0
Experiment 32617
Epoch 0960 [Test seq (cond on sampled tp)] | Loss 139.284943 | Likelihood -137.090454 | KL fp 7.0303 | FP STD 0.1393|
KL coef: 0.9999286432818518
Train loss (one batch): 131.87754821777344
Train CE loss (one batch): 0.0
Test MSE (raw): 0.0282
Test MSE (smoothed with alpha=0.01): 0.1465
New best smoothed test MSE: 0.1465. Saving best model to experiments/experiment_32617_best.ckpt
Test MSE group_0: nan
Test MSE group_1: 0.0282
Test MSE group_2: nan
Test MSE group_3: nan
Poisson likelihood: 0.0
CE loss: 0.0
train MSE group_0: nan
train MSE group_1: 0.0262
train MSE group_2: nan
train MSE group_3: nan
CE loss (TEST): 0.0
Experiment 32617
Epoch 0970 [Test seq (cond on sampled tp)] | Loss 135.679077 | Likelihood -132.391800 | KL fp 7.0298 | FP STD 0.1238|
KL coef: 0.9999354662631753
Train loss (one batch): 129.67449951171875
Train CE loss (one batch): 0.0
Test MSE (raw): 0.0272
Test MSE (smoothed with alpha=0.01): 0.1453
New best smoothed test MSE: 0.1453. Saving best model to experiments/experiment_32617_best.ckpt
Test MSE group_0: nan
Test MSE group_1: 0.0272
Test MSE group_2: nan
Test MSE group_3: nan
Poisson likelihood: 0.0
CE loss: 0.0
train MSE group_0: nan
train MSE group_1: 0.0256
train MSE group_2: nan
train MSE group_3: nan
CE loss (TEST): 0.0
Experiment 32617
Epoch 0980 [Test seq (cond on sampled tp)] | Loss 133.174347 | Likelihood -129.832428 | KL fp 7.1619 | FP STD 0.1128|
KL coef: 0.9999416368451824
Train loss (one batch): 132.25900268554688
Train CE loss (one batch): 0.0
Test MSE (raw): 0.0267
Test MSE (smoothed with alpha=0.01): 0.1441
New best smoothed test MSE: 0.1441. Saving best model to experiments/experiment_32617_best.ckpt
Test MSE group_0: nan
Test MSE group_1: 0.0267
Test MSE group_2: nan
Test MSE group_3: nan
Poisson likelihood: 0.0
CE loss: 0.0
train MSE group_0: nan
train MSE group_1: 0.0260
train MSE group_2: nan
train MSE group_3: nan
CE loss (TEST): 0.0
Experiment 32617
Epoch 0990 [Test seq (cond on sampled tp)] | Loss 132.353577 | Likelihood -128.452942 | KL fp 7.2918 | FP STD 0.1027|
KL coef: 0.9999472174089421
Train loss (one batch): 129.3912811279297
Train CE loss (one batch): 0.0
Test MSE (raw): 0.0264
Test MSE (smoothed with alpha=0.01): 0.1429
New best smoothed test MSE: 0.1429. Saving best model to experiments/experiment_32617_best.ckpt
Test MSE group_0: nan
Test MSE group_1: 0.0264
Test MSE group_2: nan
Test MSE group_3: nan
Poisson likelihood: 0.0
CE loss: 0.0
train MSE group_0: nan
train MSE group_1: 0.0255
train MSE group_2: nan
train MSE group_3: nan
CE loss (TEST): 0.0
Experiment 32617
Epoch 1000 [Test seq (cond on sampled tp)] | Loss 131.753510 | Likelihood -128.114182 | KL fp 7.1496 | FP STD 0.1024|
KL coef: 0.9999522643707747
Train loss (one batch): 130.302001953125
Train CE loss (one batch): 0.0
Test MSE (raw): 0.0264
Test MSE (smoothed with alpha=0.01): 0.1417
New best smoothed test MSE: 0.1417. Saving best model to experiments/experiment_32617_best.ckpt
Test MSE group_0: nan
Test MSE group_1: 0.0264
Test MSE group_2: nan
Test MSE group_3: nan
Poisson likelihood: 0.0
CE loss: 0.0
train MSE group_0: nan
train MSE group_1: 0.0257
train MSE group_2: nan
train MSE group_3: nan
CE loss (TEST): 0.0
Experiment 32617
Epoch 1010 [Test seq (cond on sampled tp)] | Loss 131.361984 | Likelihood -127.595833 | KL fp 7.4330 | FP STD 0.0896|
KL coef: 0.9999568287525893
Train loss (one batch): 127.79156494140625
Train CE loss (one batch): 0.0
Test MSE (raw): 0.0263
Test MSE (smoothed with alpha=0.01): 0.1406
New best smoothed test MSE: 0.1406. Saving best model to experiments/experiment_32617_best.ckpt
Test MSE group_0: nan
Test MSE group_1: 0.0263
Test MSE group_2: nan
Test MSE group_3: nan
Poisson likelihood: 0.0
CE loss: 0.0
train MSE group_0: nan
train MSE group_1: 0.0250
train MSE group_2: nan
train MSE group_3: nan
CE loss (TEST): 0.0
Experiment 32617
Epoch 1020 [Test seq (cond on sampled tp)] | Loss 136.861008 | Likelihood -133.175659 | KL fp 7.1786 | FP STD 0.1032|
KL coef: 0.999960956697686
Train loss (one batch): 133.26072692871094
Train CE loss (one batch): 0.0
Test MSE (raw): 0.0274
Test MSE (smoothed with alpha=0.01): 0.1395
New best smoothed test MSE: 0.1395. Saving best model to experiments/experiment_32617_best.ckpt
Test MSE group_0: nan
Test MSE group_1: 0.0274
Test MSE group_2: nan
Test MSE group_3: nan
Poisson likelihood: 0.0
CE loss: 0.0
train MSE group_0: nan
train MSE group_1: 0.0262
train MSE group_2: nan
train MSE group_3: nan
CE loss (TEST): 0.0
Couldn't import umap
Sampling dataset of 200 training examples
############## ['203', '204', '205', '206', '207', '210', '211', '212', '213', '214', '215', '216', '218', '219', '221', '222', '223', '224', '225', '226', '227', '228', '230', '231', '232', '233', '234', '235', '236', '238', '239', '240', '242', '243', '244', '246', '247', '248', '249', '250', '251', '252', '254', '255', '257', '258', '259', '260', '261', '262', '263', '264', '265', '266', '267', '269', '270', '271', '274', '275', '276', '277', '278', '279', '281', '282', '283', '284', '287', '288', '291', '292', '293', '295', '296', '297', '298', '299', '301', '302', '303', '304', '305', '306', '308', '309', '310', '311', '313', '314', '315', '316', '317', '318', '321', '322', '323', '324', '326', '327', '329', '330', '331', '332', '333', '334', '338', '339', '340', '341', '342', '343', '344', '345', '347', '348', '350', '351', '352', '353', '355', '356', '357', '359', '360', '361', '362', '363', '364', '366', '367', '368', '369', '370', '371', '373', '374', '376', '377', '378', '379', '381', '382', '384', '385', '386', '387', '388', '389', '390', '391', '392', '393', '394', '397', '399', '400', '401', '402', '404', '405', '407', '408', '412', '413', '416', '417', '418', '419', '420', '421', '422', '423', '425', '426', '427', '428', '429', '430', '431', '433', '434', '436', '439', '440', '441', '442', '443', '444', '445', '446', '447', '448', '449', '450', '451', '452', '453', '454', '455', '456', '457', '458', '459', '461', '462', '463', '464', '465', '466', '467', '470', '472', '473', '474', '475', '476', '479', '482', '483', '484', '486', '487', '489', '490', '494', '497', '498', '499', '501', '503', '504', '506', '507', '508', '509', '510', '512', '514', '517', '519', '521', '522', '523', '524', '526', '527', '528', '529', '530', '531', '533', '534', '536', '539', '540', '541', '542', '543', '544', '546', '547', '548', '549', '550', '551', '552', '553', '554', '556', '558', '559', '560', '561', '562', '563', '564', '566', '567', '569', '570', '571', '572', '574', '578', '581', '582', '583', '584', '585', '586', '587', '589', '590', '591', '592', '593', '595', '596', '597', '598', '599', '600', '602', '604', '605', '606', '607', '610', '612', '614', '615', '616', '617', '618', '621', '622', '623', '624', '626', '627', '628', '629', '630', '631', '633', '634', '635', '636', '637', '638', '639', '640', '641', '642', '643', '644', '645', '646', '647', '648', '649', '652', '653', '654', '657', '660', '662', '663', '664', '665', '666', '667', '670', '671', '672', '674', '675', '677', '678', '679', '680', '681', '682', '683', '684', '685', '686', '687', '692', '694', '695', '699', '700', '701', '702', '703', '704', '705', '706', '707', '708', '709', '710', '711', '712', '713', '714', '715', '716', '717', '718', '719', '720', '721', '722', '723', '724', '725', '727', '729', '730', '732', '735', '736', '737', '738', '739', '741', '742', '743', '744', '745', '746', '747', '748', '749', '750', '752', '753', '755', '756', '757', '758', '759', '761', '762', '763', '764', '765', '766', '768', '769', '770', '772', '773', '774', '775', '776', '777', '778', '780', '781', '782', '783', '784', '785', '786', '787', '788', '789', '792', '794', '795', '797', '798', '799', '801', '802', '803', '804', '805', '806', '807', '809', '810', '812', '813', '814', '815', '816', '817', '819', '822', '823', '827', '828', '829', '830', '831', '833', '834', '836', '838', '839', '840', '841', '843', '844', '846', '847', '848', '849', '850', '851', '852', '855', '857', '858', '859', '860', '861', '863', '864', '865', '867', '868', '869', '870', '872', '873', '874', '875', '877', '878', '879', '881', '882', '883', '884', '885', '888', '889', '891', '892', '893', '894', '895', '897', '898', '899', '901', '902', '903', '905', '906', '907', '908', '909', '910', '911', '913', '914', '915', '916', '917', '918', '919', '920', '921', '922', '923', '925', '927', '928', '929', '930', '931', '933', '934', '936', '937', '939', '940', '941', '942', '943', '944', '945', '946', '947', '948', '949', '950', '951', '952', '953', '954', '956', '957', '958', '959', '960', '961', '962', '963', '964', '965', '966', '967', '968', '969', '970', '971', '972', '975', '976', '977', '980', '982', '983', '984', '985', '986', '987', '989', '990', '991', '992', '994', '995', '996', '997', '998', '1000']
768
TensorBoard logs will be saved to: experiments/runs/32617
Traceback (most recent call last):
  File "/Users/benjaminmaurel/Documents/Training_Sanofi/notebooks_hands_on/latent_ode/run_models.py", line 289, in <module>
    train_res["loss"].backward()
  File "/opt/miniconda3/envs/NODE_test/lib/python3.12/site-packages/torch/_tensor.py", line 581, in backward
    torch.autograd.backward(
  File "/opt/miniconda3/envs/NODE_test/lib/python3.12/site-packages/torch/autograd/__init__.py", line 347, in backward
    _engine_run_backward(
  File "/opt/miniconda3/envs/NODE_test/lib/python3.12/site-packages/torch/autograd/graph.py", line 825, in _engine_run_backward
    return Variable._execution_engine.run_backward(  # Calls into the C++ engine to run the backward pass
           ^^^^^^^^^^^^^^^^^^^^^^^^^^^^^^^^^^^^^^^^^^^^^^^^^^^^^^^^^^^^^^^^^^^^^^^^^^^^^^^^^^^^^^^^^^^^^^
  File "/opt/miniconda3/envs/NODE_test/lib/python3.12/site-packages/torch/autograd/function.py", line 292, in apply
    def apply(self, *args):

KeyboardInterrupt
