/opt/miniconda3/envs/NODE_test/lib/python3.12/site-packages/torchvision/io/image.py:14: UserWarning: Failed to load image Python extension: 'dlopen(/opt/miniconda3/envs/NODE_test/lib/python3.12/site-packages/torchvision/image.so, 0x0006): Library not loaded: @rpath/libjpeg.9.dylib
  Referenced from: <367D4265-B20F-34BD-94EB-4F3EE47C385B> /opt/miniconda3/envs/NODE_test/lib/python3.12/site-packages/torchvision/image.so
  Reason: tried: '/opt/miniconda3/envs/NODE_test/lib/python3.12/site-packages/torchvision/../../../libjpeg.9.dylib' (no such file), '/opt/miniconda3/envs/NODE_test/lib/python3.12/site-packages/torchvision/../../../libjpeg.9.dylib' (no such file), '/opt/miniconda3/envs/NODE_test/lib/python3.12/lib-dynload/../../libjpeg.9.dylib' (no such file), '/opt/miniconda3/envs/NODE_test/bin/../lib/libjpeg.9.dylib' (no such file)'If you don't plan on using image functionality from `torchvision.io`, you can ignore this warning. Otherwise, there might be something wrong with your environment. Did you have `libjpeg` or `libpng` installed before building `torchvision` from source?
  warn(
/Users/benjaminmaurel/Documents/Training_Sanofi/notebooks_hands_on/latent_ode/lib/read_tacro.py:109: FutureWarning: DataFrame.applymap has been deprecated. Use DataFrame.map instead.
  df = df.applymap(lambda x: str(x).replace(",", ".") if isinstance(x, str) else x)
/Users/benjaminmaurel/Documents/Training_Sanofi/notebooks_hands_on/latent_ode/lib/plotting.py:295: UserWarning: FigureCanvasAgg is non-interactive, and thus cannot be shown
  plt.show(block=False)
/Users/benjaminmaurel/Documents/Training_Sanofi/notebooks_hands_on/latent_ode/run_models.py
run_models.py --niters 50000 -n 200 -s 40 -l 10 --dataset PK_Tacro --latent-ode --viz --noise-weight 0.01 --max-t 5. --seed 51 --experiment 14863
Couldn't import umap
Sampling dataset of 200 training examples
03BA-82M3
17DM-84M3
16BM-7J7
16BM-86M3
############## ['09MP-90M3', '02NB-8J7', '11RM-86M3', '08GJ-84M3', '02NB-86M3', '07LB-7J7', '10MJ-7J7', '02JD-94M3', '02JD-373M3', '06VS-7J7', '03BA-8J7', '04CA-92M3', '13SA-7J7', '08AA-89M3', '05JM-88M3', '05JM-8J7', '17DM-8J7', '09MP-8J7', '07LB-87M3', '10MJ-86M3', '06VS-84M3', '04LJ-9J7', '18ZD-86M3', '11RM-8J7', '18ZD-8J7', '04CA-7J7', '08GJ-6J7', '08AA-8J7', '13SA-87M3', '04LJ-80M3']
30
TensorBoard logs will be saved to: experiments/runs/14863
Training complete. TensorBoard writer closed.
Training finished, but no 'best' model was saved as MSE was not tracked or training ended early.
