Traceback (most recent call last):
  File "/Users/benjaminmaurel/Documents/Training_Sanofi/notebooks_hands_on/latent_ode/run_models.py", line 10, in <module>
    import matplotlib.pyplot
  File "/opt/miniconda3/envs/NODE_test/lib/python3.12/site-packages/matplotlib/pyplot.py", line 70, in <module>
    from matplotlib.figure import Figure, FigureBase, figaspect
  File "/opt/miniconda3/envs/NODE_test/lib/python3.12/site-packages/matplotlib/figure.py", line 40, in <module>
    from matplotlib import _blocking_input, backend_bases, _docstring, projections
  File "/opt/miniconda3/envs/NODE_test/lib/python3.12/site-packages/matplotlib/projections/__init__.py", line 56, in <module>
    from .geo import AitoffAxes, HammerAxes, LambertAxes, MollweideAxes
  File "/opt/miniconda3/envs/NODE_test/lib/python3.12/site-packages/matplotlib/projections/geo.py", line 15, in <module>
    class GeoAxes(Axes):
  File "/opt/miniconda3/envs/NODE_test/lib/python3.12/site-packages/matplotlib/axes/_base.py", line 789, in __init_subclass__
    super().__init_subclass__(**kwargs)
  File "/opt/miniconda3/envs/NODE_test/lib/python3.12/site-packages/matplotlib/artist.py", line 149, in __init_subclass__
    cls._update_set_signature_and_docstring()
  File "/opt/miniconda3/envs/NODE_test/lib/python3.12/site-packages/matplotlib/artist.py", line 169, in _update_set_signature_and_docstring
    *[Parameter(prop, Parameter.KEYWORD_ONLY, default=_UNSET)
      ^^^^^^^^^^^^^^^^^^^^^^^^^^^^^^^^^^^^^^^^^^^^^^^^^^^^^^^
  File "/opt/miniconda3/envs/NODE_test/lib/python3.12/inspect.py", line 2743, in __init__
    def __init__(self, name, kind, *, default=_empty, annotation=_empty):

KeyboardInterrupt
