/opt/miniconda3/envs/NODE_test/lib/python3.12/site-packages/torchvision/io/image.py:14: UserWarning: Failed to load image Python extension: 'dlopen(/opt/miniconda3/envs/NODE_test/lib/python3.12/site-packages/torchvision/image.so, 0x0006): Library not loaded: @rpath/libjpeg.9.dylib
  Referenced from: <367D4265-B20F-34BD-94EB-4F3EE47C385B> /opt/miniconda3/envs/NODE_test/lib/python3.12/site-packages/torchvision/image.so
  Reason: tried: '/opt/miniconda3/envs/NODE_test/lib/python3.12/site-packages/torchvision/../../../libjpeg.9.dylib' (no such file), '/opt/miniconda3/envs/NODE_test/lib/python3.12/site-packages/torchvision/../../../libjpeg.9.dylib' (no such file), '/opt/miniconda3/envs/NODE_test/lib/python3.12/lib-dynload/../../libjpeg.9.dylib' (no such file), '/opt/miniconda3/envs/NODE_test/bin/../lib/libjpeg.9.dylib' (no such file)'If you don't plan on using image functionality from `torchvision.io`, you can ignore this warning. Otherwise, there might be something wrong with your environment. Did you have `libjpeg` or `libpng` installed before building `torchvision` from source?
  warn(
/Users/benjaminmaurel/Documents/Training_Sanofi/notebooks_hands_on/latent_ode/lib/read_tacro.py:159: FutureWarning: DataFrame.applymap has been deprecated. Use DataFrame.map instead.
  df = df.applymap(lambda x: str(x).replace(",", ".") if isinstance(x, str) else x)
/Users/benjaminmaurel/Documents/Training_Sanofi/notebooks_hands_on/latent_ode/lib/read_tacro.py:392: FutureWarning: DataFrame.applymap has been deprecated. Use DataFrame.map instead.
  df = df.applymap(lambda x: str(x).replace(",", ".") if isinstance(x, str) else x)
/Users/benjaminmaurel/Documents/Training_Sanofi/notebooks_hands_on/latent_ode/lib/read_tacro.py:392: FutureWarning: DataFrame.applymap has been deprecated. Use DataFrame.map instead.
  df = df.applymap(lambda x: str(x).replace(",", ".") if isinstance(x, str) else x)
/Users/benjaminmaurel/Documents/Training_Sanofi/notebooks_hands_on/latent_ode/run_models.py
run_models.py --niters 2000 -n 200 -s 40 -l 10 --dataset PK_Tacro --latent-ode --noise-weight 0.01 --max-t 5. --seed 60 --experiment 27736
Experiment 27736
Epoch 0010 [Test seq (cond on sampled tp)] | Loss 11656.936523 | Likelihood -12168.463867 | KL fp 4.5862 | FP STD 1.4641|
KL coef: 0.0
Train loss (one batch): 15563.650390625
Train CE loss (one batch): 0.0
Test MSE (raw): 2.4344
Test MSE (smoothed with alpha=0.01): 2.4344
New best smoothed test MSE: 2.4344. Saving best model to experiments/experiment_27736_best.ckpt
Test MSE group_0: 2.4417
Test MSE group_1: 2.4323
Test MSE group_2: nan
Test MSE group_3: nan
Poisson likelihood: 0.0
CE loss: 0.0
train MSE group_0: 2.9887
train MSE group_1: 3.1786
train MSE group_2: nan
train MSE group_3: nan
CE loss (TEST): 0.0
Experiment 27736
Epoch 0020 [Test seq (cond on sampled tp)] | Loss 2436.166504 | Likelihood -2670.431885 | KL fp 5.6404 | FP STD 1.4173|
KL coef: 0.09561792499119559
Train loss (one batch): 4033.3525390625
Train CE loss (one batch): 0.0
Test MSE (raw): 0.5348
Test MSE (smoothed with alpha=0.01): 2.4154
New best smoothed test MSE: 2.4154. Saving best model to experiments/experiment_27736_best.ckpt
Test MSE group_0: 0.3429
Test MSE group_1: 0.5897
Test MSE group_2: nan
Test MSE group_3: nan
Poisson likelihood: 0.0
CE loss: 0.0
train MSE group_0: 0.4595
train MSE group_1: 0.9377
train MSE group_2: nan
train MSE group_3: nan
CE loss (TEST): 0.0
Experiment 27736
Epoch 0030 [Test seq (cond on sampled tp)] | Loss 1831.606201 | Likelihood -1991.359619 | KL fp 3.7309 | FP STD 1.0569|
KL coef: 0.18209306240276923
Train loss (one batch): 2368.12255859375
Train CE loss (one batch): 0.0
Test MSE (raw): 0.3990
Test MSE (smoothed with alpha=0.01): 2.3953
New best smoothed test MSE: 2.3953. Saving best model to experiments/experiment_27736_best.ckpt
Test MSE group_0: 0.3722
Test MSE group_1: 0.4067
Test MSE group_2: nan
Test MSE group_3: nan
Poisson likelihood: 0.0
CE loss: 0.0
train MSE group_0: 0.4813
train MSE group_1: 0.4835
train MSE group_2: nan
train MSE group_3: nan
CE loss (TEST): 0.0
Experiment 27736
Epoch 0040 [Test seq (cond on sampled tp)] | Loss 1387.895874 | Likelihood -1493.096924 | KL fp 4.8783 | FP STD 0.9560|
KL coef: 0.2602996266117198
Train loss (one batch): 1494.442626953125
Train CE loss (one batch): 0.0
Test MSE (raw): 0.2994
Test MSE (smoothed with alpha=0.01): 2.3743
New best smoothed test MSE: 2.3743. Saving best model to experiments/experiment_27736_best.ckpt
Test MSE group_0: 0.2001
Test MSE group_1: 0.3277
Test MSE group_2: nan
Test MSE group_3: nan
Poisson likelihood: 0.0
CE loss: 0.0
train MSE group_0: 0.2106
train MSE group_1: 0.3322
train MSE group_2: nan
train MSE group_3: nan
CE loss (TEST): 0.0
Experiment 27736
Epoch 0050 [Test seq (cond on sampled tp)] | Loss 1048.498291 | Likelihood -1109.304932 | KL fp 4.0269 | FP STD 0.6670|
KL coef: 0.3310282414303197
Train loss (one batch): 1075.14697265625
Train CE loss (one batch): 0.0
Test MSE (raw): 0.2226
Test MSE (smoothed with alpha=0.01): 2.3528
New best smoothed test MSE: 2.3528. Saving best model to experiments/experiment_27736_best.ckpt
Test MSE group_0: 0.1744
Test MSE group_1: 0.2364
Test MSE group_2: nan
Test MSE group_3: nan
Poisson likelihood: 0.0
CE loss: 0.0
train MSE group_0: 0.1995
train MSE group_1: 0.2258
train MSE group_2: nan
train MSE group_3: nan
CE loss (TEST): 0.0
Experiment 27736
Epoch 0060 [Test seq (cond on sampled tp)] | Loss 795.393433 | Likelihood -835.440247 | KL fp 4.3291 | FP STD 0.5249|
KL coef: 0.39499393286246365
Train loss (one batch): 763.0328369140625
Train CE loss (one batch): 0.0
Test MSE (raw): 0.1678
Test MSE (smoothed with alpha=0.01): 2.3309
New best smoothed test MSE: 2.3309. Saving best model to experiments/experiment_27736_best.ckpt
Test MSE group_0: 0.1224
Test MSE group_1: 0.1808
Test MSE group_2: nan
Test MSE group_3: nan
Poisson likelihood: 0.0
CE loss: 0.0
train MSE group_0: 0.1255
train MSE group_1: 0.1663
train MSE group_2: nan
train MSE group_3: nan
CE loss (TEST): 0.0
Experiment 27736
Epoch 0070 [Test seq (cond on sampled tp)] | Loss 772.317383 | Likelihood -798.300354 | KL fp 4.5207 | FP STD 0.4523|
KL coef: 0.4528433576092388
Train loss (one batch): 716.901611328125
Train CE loss (one batch): 0.0
Test MSE (raw): 0.1604
Test MSE (smoothed with alpha=0.01): 2.3092
New best smoothed test MSE: 2.3092. Saving best model to experiments/experiment_27736_best.ckpt
Test MSE group_0: 0.1026
Test MSE group_1: 0.1769
Test MSE group_2: nan
Test MSE group_3: nan
Poisson likelihood: 0.0
CE loss: 0.0
train MSE group_0: 0.1032
train MSE group_1: 0.1593
train MSE group_2: nan
train MSE group_3: nan
CE loss (TEST): 0.0
Experiment 27736
Epoch 0080 [Test seq (cond on sampled tp)] | Loss 710.793701 | Likelihood -730.523621 | KL fp 4.2979 | FP STD 0.4006|
KL coef: 0.505161340399793
Train loss (one batch): 637.2115478515625
Train CE loss (one batch): 0.0
Test MSE (raw): 0.1468
Test MSE (smoothed with alpha=0.01): 2.2876
New best smoothed test MSE: 2.2876. Saving best model to experiments/experiment_27736_best.ckpt
Test MSE group_0: 0.0712
Test MSE group_1: 0.1685
Test MSE group_2: nan
Test MSE group_3: nan
Poisson likelihood: 0.0
CE loss: 0.0
train MSE group_0: 0.0972
train MSE group_1: 0.1410
train MSE group_2: nan
train MSE group_3: nan
CE loss (TEST): 0.0
Experiment 27736
Epoch 0090 [Test seq (cond on sampled tp)] | Loss 660.037659 | Likelihood -675.923645 | KL fp 4.1600 | FP STD 0.3852|
KL coef: 0.5524767862361895
Train loss (one batch): 635.2733764648438
Train CE loss (one batch): 0.0
Test MSE (raw): 0.1359
Test MSE (smoothed with alpha=0.01): 2.2661
New best smoothed test MSE: 2.2661. Saving best model to experiments/experiment_27736_best.ckpt
Test MSE group_0: 0.0743
Test MSE group_1: 0.1535
Test MSE group_2: nan
Test MSE group_3: nan
Poisson likelihood: 0.0
CE loss: 0.0
train MSE group_0: 0.0999
train MSE group_1: 0.1370
train MSE group_2: nan
train MSE group_3: nan
CE loss (TEST): 0.0
Experiment 27736
Epoch 0100 [Test seq (cond on sampled tp)] | Loss 644.577087 | Likelihood -656.640930 | KL fp 4.2194 | FP STD 0.3618|
KL coef: 0.5952680273216762
Train loss (one batch): 605.3707885742188
Train CE loss (one batch): 0.0
Test MSE (raw): 0.1321
Test MSE (smoothed with alpha=0.01): 2.2448
New best smoothed test MSE: 2.2448. Saving best model to experiments/experiment_27736_best.ckpt
Test MSE group_0: 0.0716
Test MSE group_1: 0.1494
Test MSE group_2: nan
Test MSE group_3: nan
Poisson likelihood: 0.0
CE loss: 0.0
train MSE group_0: 0.0931
train MSE group_1: 0.1307
train MSE group_2: nan
train MSE group_3: nan
CE loss (TEST): 0.0
Experiment 27736
Epoch 0110 [Test seq (cond on sampled tp)] | Loss 624.529236 | Likelihood -637.305969 | KL fp 4.3620 | FP STD 0.3328|
KL coef: 0.6339676587267709
Train loss (one batch): 582.4284057617188
Train CE loss (one batch): 0.0
Test MSE (raw): 0.1282
Test MSE (smoothed with alpha=0.01): 2.2236
New best smoothed test MSE: 2.2236. Saving best model to experiments/experiment_27736_best.ckpt
Test MSE group_0: 0.0658
Test MSE group_1: 0.1460
Test MSE group_2: nan
Test MSE group_3: nan
Poisson likelihood: 0.0
CE loss: 0.0
train MSE group_0: 0.0853
train MSE group_1: 0.1280
train MSE group_2: nan
train MSE group_3: nan
CE loss (TEST): 0.0
Experiment 27736
Epoch 0120 [Test seq (cond on sampled tp)] | Loss 606.579346 | Likelihood -632.050232 | KL fp 3.9466 | FP STD 0.4162|
KL coef: 0.6689669116789861
Train loss (one batch): 592.24560546875
Train CE loss (one batch): 0.0
Test MSE (raw): 0.1271
Test MSE (smoothed with alpha=0.01): 2.2026
New best smoothed test MSE: 2.2026. Saving best model to experiments/experiment_27736_best.ckpt
Test MSE group_0: 0.0639
Test MSE group_1: 0.1452
Test MSE group_2: nan
Test MSE group_3: nan
Poisson likelihood: 0.0
CE loss: 0.0
train MSE group_0: 0.0950
train MSE group_1: 0.1282
train MSE group_2: nan
train MSE group_3: nan
CE loss (TEST): 0.0
Experiment 27736
Epoch 0130 [Test seq (cond on sampled tp)] | Loss 619.285400 | Likelihood -634.903870 | KL fp 4.0984 | FP STD 0.4099|
KL coef: 0.7006196086876687
Train loss (one batch): 590.2119140625
Train CE loss (one batch): 0.0
Test MSE (raw): 0.1277
Test MSE (smoothed with alpha=0.01): 2.1819
New best smoothed test MSE: 2.1819. Saving best model to experiments/experiment_27736_best.ckpt
Test MSE group_0: 0.0646
Test MSE group_1: 0.1458
Test MSE group_2: nan
Test MSE group_3: nan
Poisson likelihood: 0.0
CE loss: 0.0
train MSE group_0: 0.0920
train MSE group_1: 0.1272
train MSE group_2: nan
train MSE group_3: nan
CE loss (TEST): 0.0
Experiment 27736
Epoch 0140 [Test seq (cond on sampled tp)] | Loss 596.948120 | Likelihood -620.842896 | KL fp 4.2259 | FP STD 0.3805|
KL coef: 0.729245740488006
Train loss (one batch): 566.0838623046875
Train CE loss (one batch): 0.0
Test MSE (raw): 0.1249
Test MSE (smoothed with alpha=0.01): 2.1613
New best smoothed test MSE: 2.1613. Saving best model to experiments/experiment_27736_best.ckpt
Test MSE group_0: 0.0649
Test MSE group_1: 0.1420
Test MSE group_2: nan
Test MSE group_3: nan
Poisson likelihood: 0.0
CE loss: 0.0
train MSE group_0: 0.0870
train MSE group_1: 0.1231
train MSE group_2: nan
train MSE group_3: nan
CE loss (TEST): 0.0
Experiment 27736
Epoch 0150 [Test seq (cond on sampled tp)] | Loss 592.474792 | Likelihood -604.671326 | KL fp 4.3304 | FP STD 0.3512|
KL coef: 0.7551347009650705
Train loss (one batch): 560.7755126953125
Train CE loss (one batch): 0.0
Test MSE (raw): 0.1217
Test MSE (smoothed with alpha=0.01): 2.1409
New best smoothed test MSE: 2.1409. Saving best model to experiments/experiment_27736_best.ckpt
Test MSE group_0: 0.0640
Test MSE group_1: 0.1382
Test MSE group_2: nan
Test MSE group_3: nan
Poisson likelihood: 0.0
CE loss: 0.0
train MSE group_0: 0.0862
train MSE group_1: 0.1207
train MSE group_2: nan
train MSE group_3: nan
CE loss (TEST): 0.0
Experiment 27736
Epoch 0160 [Test seq (cond on sampled tp)] | Loss 597.164124 | Likelihood -607.053345 | KL fp 4.2513 | FP STD 0.3267|
KL coef: 0.7785482127611391
Train loss (one batch): 554.5924072265625
Train CE loss (one batch): 0.0
Test MSE (raw): 0.1221
Test MSE (smoothed with alpha=0.01): 2.1207
New best smoothed test MSE: 2.1207. Saving best model to experiments/experiment_27736_best.ckpt
Test MSE group_0: 0.0652
Test MSE group_1: 0.1384
Test MSE group_2: nan
Test MSE group_3: nan
Poisson likelihood: 0.0
CE loss: 0.0
train MSE group_0: 0.0872
train MSE group_1: 0.1200
train MSE group_2: nan
train MSE group_3: nan
CE loss (TEST): 0.0
Experiment 27736
Epoch 0170 [Test seq (cond on sampled tp)] | Loss 570.086426 | Likelihood -586.598450 | KL fp 4.3759 | FP STD 0.3113|
KL coef: 0.7997229731425107
Train loss (one batch): 549.2694702148438
Train CE loss (one batch): 0.0
Test MSE (raw): 0.1181
Test MSE (smoothed with alpha=0.01): 2.1007
New best smoothed test MSE: 2.1007. Saving best model to experiments/experiment_27736_best.ckpt
Test MSE group_0: 0.0625
Test MSE group_1: 0.1339
Test MSE group_2: nan
Test MSE group_3: nan
Poisson likelihood: 0.0
CE loss: 0.0
train MSE group_0: 0.0840
train MSE group_1: 0.1184
train MSE group_2: nan
train MSE group_3: nan
CE loss (TEST): 0.0
Experiment 27736
Epoch 0180 [Test seq (cond on sampled tp)] | Loss 578.861938 | Likelihood -585.649414 | KL fp 4.4621 | FP STD 0.2938|
KL coef: 0.8188730468740297
Train loss (one batch): 537.6861572265625
Train CE loss (one batch): 0.0
Test MSE (raw): 0.1179
Test MSE (smoothed with alpha=0.01): 2.0809
New best smoothed test MSE: 2.0809. Saving best model to experiments/experiment_27736_best.ckpt
Test MSE group_0: 0.0633
Test MSE group_1: 0.1335
Test MSE group_2: nan
Test MSE group_3: nan
Poisson likelihood: 0.0
CE loss: 0.0
train MSE group_0: 0.0865
train MSE group_1: 0.1159
train MSE group_2: nan
train MSE group_3: nan
CE loss (TEST): 0.0
Experiment 27736
Epoch 0190 [Test seq (cond on sampled tp)] | Loss 564.468628 | Likelihood -575.636353 | KL fp 4.5192 | FP STD 0.2817|
KL coef: 0.8361920302919126
Train loss (one batch): 537.7766723632812
Train CE loss (one batch): 0.0
Test MSE (raw): 0.1159
Test MSE (smoothed with alpha=0.01): 2.0612
New best smoothed test MSE: 2.0612. Saving best model to experiments/experiment_27736_best.ckpt
Test MSE group_0: 0.0604
Test MSE group_1: 0.1317
Test MSE group_2: nan
Test MSE group_3: nan
Poisson likelihood: 0.0
CE loss: 0.0
train MSE group_0: 0.0850
train MSE group_1: 0.1150
train MSE group_2: nan
train MSE group_3: nan
CE loss (TEST): 0.0
Experiment 27736
Epoch 0200 [Test seq (cond on sampled tp)] | Loss 551.069153 | Likelihood -565.419189 | KL fp 4.5924 | FP STD 0.2699|
KL coef: 0.8518550084524206
Train loss (one batch): 534.3908081054688
Train CE loss (one batch): 0.0
Test MSE (raw): 0.1138
Test MSE (smoothed with alpha=0.01): 2.0417
New best smoothed test MSE: 2.0417. Saving best model to experiments/experiment_27736_best.ckpt
Test MSE group_0: 0.0605
Test MSE group_1: 0.1291
Test MSE group_2: nan
Test MSE group_3: nan
Poisson likelihood: 0.0
CE loss: 0.0
train MSE group_0: 0.0843
train MSE group_1: 0.1143
train MSE group_2: nan
train MSE group_3: nan
CE loss (TEST): 0.0
Experiment 27736
Epoch 0210 [Test seq (cond on sampled tp)] | Loss 562.412109 | Likelihood -573.151550 | KL fp 4.5462 | FP STD 0.2583|
KL coef: 0.8660203251420383
Train loss (one batch): 525.2820434570312
Train CE loss (one batch): 0.0
Test MSE (raw): 0.1154
Test MSE (smoothed with alpha=0.01): 2.0225
New best smoothed test MSE: 2.0225. Saving best model to experiments/experiment_27736_best.ckpt
Test MSE group_0: 0.0625
Test MSE group_1: 0.1305
Test MSE group_2: nan
Test MSE group_3: nan
Poisson likelihood: 0.0
CE loss: 0.0
train MSE group_0: 0.0835
train MSE group_1: 0.1127
train MSE group_2: nan
train MSE group_3: nan
CE loss (TEST): 0.0
Experiment 27736
Epoch 0220 [Test seq (cond on sampled tp)] | Loss 555.166443 | Likelihood -567.735840 | KL fp 4.6290 | FP STD 0.2491|
KL coef: 0.8788311836429517
Train loss (one batch): 522.7734985351562
Train CE loss (one batch): 0.0
Test MSE (raw): 0.1143
Test MSE (smoothed with alpha=0.01): 2.0034
New best smoothed test MSE: 2.0034. Saving best model to experiments/experiment_27736_best.ckpt
Test MSE group_0: 0.0616
Test MSE group_1: 0.1293
Test MSE group_2: nan
Test MSE group_3: nan
Poisson likelihood: 0.0
CE loss: 0.0
train MSE group_0: 0.0825
train MSE group_1: 0.1126
train MSE group_2: nan
train MSE group_3: nan
CE loss (TEST): 0.0
Experiment 27736
Epoch 0230 [Test seq (cond on sampled tp)] | Loss 929.367432 | Likelihood -1063.451294 | KL fp 3.7612 | FP STD 0.4030|
KL coef: 0.8904170944366518
Train loss (one batch): 934.97216796875
Train CE loss (one batch): 0.0
Test MSE (raw): 0.2134
Test MSE (smoothed with alpha=0.01): 1.9855
New best smoothed test MSE: 1.9855. Saving best model to experiments/experiment_27736_best.ckpt
Test MSE group_0: 0.1932
Test MSE group_1: 0.2192
Test MSE group_2: nan
Test MSE group_3: nan
Poisson likelihood: 0.0
CE loss: 0.0
train MSE group_0: 0.1962
train MSE group_1: 0.2053
train MSE group_2: nan
train MSE group_3: nan
CE loss (TEST): 0.0
Experiment 27736
Epoch 0240 [Test seq (cond on sampled tp)] | Loss 772.747375 | Likelihood -872.978821 | KL fp 4.2248 | FP STD 0.3758|
KL coef: 0.9008951844811254
Train loss (one batch): 754.4246826171875
Train CE loss (one batch): 0.0
Test MSE (raw): 0.1753
Test MSE (smoothed with alpha=0.01): 1.9674
New best smoothed test MSE: 1.9674. Saving best model to experiments/experiment_27736_best.ckpt
Test MSE group_0: 0.1588
Test MSE group_1: 0.1801
Test MSE group_2: nan
Test MSE group_3: nan
Poisson likelihood: 0.0
CE loss: 0.0
train MSE group_0: 0.1630
train MSE group_1: 0.1599
train MSE group_2: nan
train MSE group_3: nan
CE loss (TEST): 0.0
Experiment 27736
Epoch 0250 [Test seq (cond on sampled tp)] | Loss 621.668701 | Likelihood -639.804871 | KL fp 4.2584 | FP STD 0.2512|
KL coef: 0.9103713812976754
Train loss (one batch): 606.5353393554688
Train CE loss (one batch): 0.0
Test MSE (raw): 0.1287
Test MSE (smoothed with alpha=0.01): 1.9490
New best smoothed test MSE: 1.9490. Saving best model to experiments/experiment_27736_best.ckpt
Test MSE group_0: 0.0741
Test MSE group_1: 0.1443
Test MSE group_2: nan
Test MSE group_3: nan
Poisson likelihood: 0.0
CE loss: 0.0
train MSE group_0: 0.1135
train MSE group_1: 0.1256
train MSE group_2: nan
train MSE group_3: nan
CE loss (TEST): 0.0
Experiment 27736
Epoch 0260 [Test seq (cond on sampled tp)] | Loss 564.782471 | Likelihood -576.311890 | KL fp 4.5607 | FP STD 0.2120|
KL coef: 0.9189414838378187
Train loss (one batch): 543.4344482421875
Train CE loss (one batch): 0.0
Test MSE (raw): 0.1160
Test MSE (smoothed with alpha=0.01): 1.9307
New best smoothed test MSE: 1.9307. Saving best model to experiments/experiment_27736_best.ckpt
Test MSE group_0: 0.0676
Test MSE group_1: 0.1298
Test MSE group_2: nan
Test MSE group_3: nan
Poisson likelihood: 0.0
CE loss: 0.0
train MSE group_0: 0.0920
train MSE group_1: 0.1151
train MSE group_2: nan
train MSE group_3: nan
CE loss (TEST): 0.0
Experiment 27736
Epoch 0270 [Test seq (cond on sampled tp)] | Loss 575.091125 | Likelihood -586.712769 | KL fp 4.4850 | FP STD 0.2653|
KL coef: 0.9266921309561118
Train loss (one batch): 561.9810791015625
Train CE loss (one batch): 0.0
Test MSE (raw): 0.1181
Test MSE (smoothed with alpha=0.01): 1.9126
New best smoothed test MSE: 1.9126. Saving best model to experiments/experiment_27736_best.ckpt
Test MSE group_0: 0.0772
Test MSE group_1: 0.1298
Test MSE group_2: nan
Test MSE group_3: nan
Poisson likelihood: 0.0
CE loss: 0.0
train MSE group_0: 0.0970
train MSE group_1: 0.1193
train MSE group_2: nan
train MSE group_3: nan
CE loss (TEST): 0.0
Experiment 27736
Epoch 0280 [Test seq (cond on sampled tp)] | Loss 567.821289 | Likelihood -586.465332 | KL fp 4.2245 | FP STD 0.3012|
KL coef: 0.9337016772796147
Train loss (one batch): 556.6212768554688
Train CE loss (one batch): 0.0
Test MSE (raw): 0.1180
Test MSE (smoothed with alpha=0.01): 1.8946
New best smoothed test MSE: 1.8946. Saving best model to experiments/experiment_27736_best.ckpt
Test MSE group_0: 0.0698
Test MSE group_1: 0.1318
Test MSE group_2: nan
Test MSE group_3: nan
Poisson likelihood: 0.0
CE loss: 0.0
train MSE group_0: 0.0953
train MSE group_1: 0.1164
train MSE group_2: nan
train MSE group_3: nan
CE loss (TEST): 0.0
Experiment 27736
Epoch 0290 [Test seq (cond on sampled tp)] | Loss 548.803284 | Likelihood -572.840454 | KL fp 4.3373 | FP STD 0.3052|
KL coef: 0.9400409853285345
Train loss (one batch): 550.876220703125
Train CE loss (one batch): 0.0
Test MSE (raw): 0.1153
Test MSE (smoothed with alpha=0.01): 1.8768
New best smoothed test MSE: 1.8768. Saving best model to experiments/experiment_27736_best.ckpt
Test MSE group_0: 0.0642
Test MSE group_1: 0.1299
Test MSE group_2: nan
Test MSE group_3: nan
Poisson likelihood: 0.0
CE loss: 0.0
train MSE group_0: 0.0864
train MSE group_1: 0.1181
train MSE group_2: nan
train MSE group_3: nan
CE loss (TEST): 0.0
Experiment 27736
Epoch 0300 [Test seq (cond on sampled tp)] | Loss 564.199646 | Likelihood -578.218567 | KL fp 4.2205 | FP STD 0.2984|
KL coef: 0.9457741418959368
Train loss (one batch): 543.7758178710938
Train CE loss (one batch): 0.0
Test MSE (raw): 0.1164
Test MSE (smoothed with alpha=0.01): 1.8592
New best smoothed test MSE: 1.8592. Saving best model to experiments/experiment_27736_best.ckpt
Test MSE group_0: 0.0637
Test MSE group_1: 0.1314
Test MSE group_2: nan
Test MSE group_3: nan
Poisson likelihood: 0.0
CE loss: 0.0
train MSE group_0: 0.0908
train MSE group_1: 0.1152
train MSE group_2: nan
train MSE group_3: nan
CE loss (TEST): 0.0
Experiment 27736
Epoch 0310 [Test seq (cond on sampled tp)] | Loss 556.085754 | Likelihood -576.039429 | KL fp 4.1376 | FP STD 0.2813|
KL coef: 0.9509591059287142
Train loss (one batch): 530.0809326171875
Train CE loss (one batch): 0.0
Test MSE (raw): 0.1159
Test MSE (smoothed with alpha=0.01): 1.8418
New best smoothed test MSE: 1.8418. Saving best model to experiments/experiment_27736_best.ckpt
Test MSE group_0: 0.0656
Test MSE group_1: 0.1303
Test MSE group_2: nan
Test MSE group_3: nan
Poisson likelihood: 0.0
CE loss: 0.0
train MSE group_0: 0.0852
train MSE group_1: 0.1130
train MSE group_2: nan
train MSE group_3: nan
CE loss (TEST): 0.0
Experiment 27736
Epoch 0320 [Test seq (cond on sampled tp)] | Loss 553.434326 | Likelihood -560.127930 | KL fp 4.3400 | FP STD 0.2642|
KL coef: 0.9556482944595236
Train loss (one batch): 523.4187622070312
Train CE loss (one batch): 0.0
Test MSE (raw): 0.1128
Test MSE (smoothed with alpha=0.01): 1.8245
New best smoothed test MSE: 1.8245. Saving best model to experiments/experiment_27736_best.ckpt
Test MSE group_0: 0.0636
Test MSE group_1: 0.1268
Test MSE group_2: nan
Test MSE group_3: nan
Poisson likelihood: 0.0
CE loss: 0.0
train MSE group_0: 0.0855
train MSE group_1: 0.1114
train MSE group_2: nan
train MSE group_3: nan
CE loss (TEST): 0.0
Experiment 27736
Epoch 0330 [Test seq (cond on sampled tp)] | Loss 532.176392 | Likelihood -553.326660 | KL fp 4.2669 | FP STD 0.2489|
KL coef: 0.9598891125131245
Train loss (one batch): 516.5153198242188
Train CE loss (one batch): 0.0
Test MSE (raw): 0.1114
Test MSE (smoothed with alpha=0.01): 1.8074
New best smoothed test MSE: 1.8074. Saving best model to experiments/experiment_27736_best.ckpt
Test MSE group_0: 0.0593
Test MSE group_1: 0.1263
Test MSE group_2: nan
Test MSE group_3: nan
Poisson likelihood: 0.0
CE loss: 0.0
train MSE group_0: 0.0838
train MSE group_1: 0.1101
train MSE group_2: nan
train MSE group_3: nan
CE loss (TEST): 0.0
Experiment 27736
Epoch 0340 [Test seq (cond on sampled tp)] | Loss 537.353699 | Likelihood -552.057129 | KL fp 4.4215 | FP STD 0.2389|
KL coef: 0.9637244323441748
Train loss (one batch): 513.90185546875
Train CE loss (one batch): 0.0
Test MSE (raw): 0.1111
Test MSE (smoothed with alpha=0.01): 1.7904
New best smoothed test MSE: 1.7904. Saving best model to experiments/experiment_27736_best.ckpt
Test MSE group_0: 0.0617
Test MSE group_1: 0.1253
Test MSE group_2: nan
Test MSE group_3: nan
Poisson likelihood: 0.0
CE loss: 0.0
train MSE group_0: 0.0847
train MSE group_1: 0.1088
train MSE group_2: nan
train MSE group_3: nan
CE loss (TEST): 0.0
Experiment 27736
Epoch 0350 [Test seq (cond on sampled tp)] | Loss 543.236755 | Likelihood -548.447449 | KL fp 4.6018 | FP STD 0.2128|
KL coef: 0.9671930268513026
Train loss (one batch): 503.13671875
Train CE loss (one batch): 0.0
Test MSE (raw): 0.1104
Test MSE (smoothed with alpha=0.01): 1.7736
New best smoothed test MSE: 1.7736. Saving best model to experiments/experiment_27736_best.ckpt
Test MSE group_0: 0.0607
Test MSE group_1: 0.1246
Test MSE group_2: nan
Test MSE group_3: nan
Poisson likelihood: 0.0
CE loss: 0.0
train MSE group_0: 0.0814
train MSE group_1: 0.1079
train MSE group_2: nan
train MSE group_3: nan
CE loss (TEST): 0.0
Experiment 27736
Epoch 0360 [Test seq (cond on sampled tp)] | Loss 534.523010 | Likelihood -542.463928 | KL fp 4.7309 | FP STD 0.2001|
KL coef: 0.9703299615490228
Train loss (one batch): 507.0133361816406
Train CE loss (one batch): 0.0
Test MSE (raw): 0.1092
Test MSE (smoothed with alpha=0.01): 1.7570
New best smoothed test MSE: 1.7570. Saving best model to experiments/experiment_27736_best.ckpt
Test MSE group_0: 0.0608
Test MSE group_1: 0.1231
Test MSE group_2: nan
Test MSE group_3: nan
Poisson likelihood: 0.0
CE loss: 0.0
train MSE group_0: 0.0816
train MSE group_1: 0.1076
train MSE group_2: nan
train MSE group_3: nan
CE loss (TEST): 0.0
Experiment 27736
Epoch 0370 [Test seq (cond on sampled tp)] | Loss 528.469421 | Likelihood -537.186646 | KL fp 4.7910 | FP STD 0.1955|
KL coef: 0.9731669490601144
Train loss (one batch): 499.4427490234375
Train CE loss (one batch): 0.0
Test MSE (raw): 0.1082
Test MSE (smoothed with alpha=0.01): 1.7405
New best smoothed test MSE: 1.7405. Saving best model to experiments/experiment_27736_best.ckpt
Test MSE group_0: 0.0581
Test MSE group_1: 0.1225
Test MSE group_2: nan
Test MSE group_3: nan
Poisson likelihood: 0.0
CE loss: 0.0
train MSE group_0: 0.0821
train MSE group_1: 0.1059
train MSE group_2: nan
train MSE group_3: nan
CE loss (TEST): 0.0
Experiment 27736
Epoch 0380 [Test seq (cond on sampled tp)] | Loss 521.128967 | Likelihood -531.485107 | KL fp 4.6925 | FP STD 0.1923|
KL coef: 0.9757326697121692
Train loss (one batch): 496.3584899902344
Train CE loss (one batch): 0.0
Test MSE (raw): 0.1070
Test MSE (smoothed with alpha=0.01): 1.7241
New best smoothed test MSE: 1.7241. Saving best model to experiments/experiment_27736_best.ckpt
Test MSE group_0: 0.0585
Test MSE group_1: 0.1209
Test MSE group_2: nan
Test MSE group_3: nan
Poisson likelihood: 0.0
CE loss: 0.0
train MSE group_0: 0.0821
train MSE group_1: 0.1049
train MSE group_2: nan
train MSE group_3: nan
CE loss (TEST): 0.0
Experiment 27736
Epoch 0390 [Test seq (cond on sampled tp)] | Loss 523.033203 | Likelihood -531.924316 | KL fp 4.5999 | FP STD 0.1958|
KL coef: 0.9780530614793677
Train loss (one batch): 500.3781433105469
Train CE loss (one batch): 0.0
Test MSE (raw): 0.1071
Test MSE (smoothed with alpha=0.01): 1.7080
New best smoothed test MSE: 1.7080. Saving best model to experiments/experiment_27736_best.ckpt
Test MSE group_0: 0.0598
Test MSE group_1: 0.1206
Test MSE group_2: nan
Test MSE group_3: nan
Poisson likelihood: 0.0
CE loss: 0.0
train MSE group_0: 0.0857
train MSE group_1: 0.1046
train MSE group_2: nan
train MSE group_3: nan
CE loss (TEST): 0.0
Experiment 27736
Epoch 0400 [Test seq (cond on sampled tp)] | Loss 525.544617 | Likelihood -528.040039 | KL fp 4.6772 | FP STD 0.1858|
KL coef: 0.9801515822006198
Train loss (one batch): 496.45562744140625
Train CE loss (one batch): 0.0
Test MSE (raw): 0.1063
Test MSE (smoothed with alpha=0.01): 1.6919
New best smoothed test MSE: 1.6919. Saving best model to experiments/experiment_27736_best.ckpt
Test MSE group_0: 0.0608
Test MSE group_1: 0.1194
Test MSE group_2: nan
Test MSE group_3: nan
Poisson likelihood: 0.0
CE loss: 0.0
train MSE group_0: 0.0843
train MSE group_1: 0.1042
train MSE group_2: nan
train MSE group_3: nan
CE loss (TEST): 0.0
Experiment 27736
Epoch 0410 [Test seq (cond on sampled tp)] | Loss 524.234924 | Likelihood -531.488770 | KL fp 4.9924 | FP STD 0.1679|
KL coef: 0.9820494467249549
Train loss (one batch): 492.4596252441406
Train CE loss (one batch): 0.0
Test MSE (raw): 0.1070
Test MSE (smoothed with alpha=0.01): 1.6761
New best smoothed test MSE: 1.6761. Saving best model to experiments/experiment_27736_best.ckpt
Test MSE group_0: 0.0593
Test MSE group_1: 0.1207
Test MSE group_2: nan
Test MSE group_3: nan
Poisson likelihood: 0.0
CE loss: 0.0
train MSE group_0: 0.0844
train MSE group_1: 0.1029
train MSE group_2: nan
train MSE group_3: nan
CE loss (TEST): 0.0
Experiment 27736
Epoch 0420 [Test seq (cond on sampled tp)] | Loss 518.319458 | Likelihood -519.830261 | KL fp 4.9773 | FP STD 0.1699|
KL coef: 0.9837658413815585
Train loss (one batch): 491.31243896484375
Train CE loss (one batch): 0.0
Test MSE (raw): 0.1047
Test MSE (smoothed with alpha=0.01): 1.6604
New best smoothed test MSE: 1.6604. Saving best model to experiments/experiment_27736_best.ckpt
Test MSE group_0: 0.0583
Test MSE group_1: 0.1180
Test MSE group_2: nan
Test MSE group_3: nan
Poisson likelihood: 0.0
CE loss: 0.0
train MSE group_0: 0.0839
train MSE group_1: 0.1030
train MSE group_2: nan
train MSE group_3: nan
CE loss (TEST): 0.0
Experiment 27736
Epoch 0430 [Test seq (cond on sampled tp)] | Loss 515.284607 | Likelihood -518.329895 | KL fp 4.9212 | FP STD 0.1723|
KL coef: 0.9853181179426319
Train loss (one batch): 488.9981689453125
Train CE loss (one batch): 0.0
Test MSE (raw): 0.1044
Test MSE (smoothed with alpha=0.01): 1.6448
New best smoothed test MSE: 1.6448. Saving best model to experiments/experiment_27736_best.ckpt
Test MSE group_0: 0.0578
Test MSE group_1: 0.1177
Test MSE group_2: nan
Test MSE group_3: nan
Poisson likelihood: 0.0
CE loss: 0.0
train MSE group_0: 0.0838
train MSE group_1: 0.1023
train MSE group_2: nan
train MSE group_3: nan
CE loss (TEST): 0.0
Experiment 27736
Epoch 0440 [Test seq (cond on sampled tp)] | Loss 514.525085 | Likelihood -521.433594 | KL fp 4.7835 | FP STD 0.1787|
KL coef: 0.9867219690399229
Train loss (one batch): 487.2527160644531
Train CE loss (one batch): 0.0
Test MSE (raw): 0.1050
Test MSE (smoothed with alpha=0.01): 1.6294
New best smoothed test MSE: 1.6294. Saving best model to experiments/experiment_27736_best.ckpt
Test MSE group_0: 0.0577
Test MSE group_1: 0.1185
Test MSE group_2: nan
Test MSE group_3: nan
Poisson likelihood: 0.0
CE loss: 0.0
train MSE group_0: 0.0829
train MSE group_1: 0.1020
train MSE group_2: nan
train MSE group_3: nan
CE loss (TEST): 0.0
Experiment 27736
Epoch 0450 [Test seq (cond on sampled tp)] | Loss 517.473816 | Likelihood -524.548828 | KL fp 4.8978 | FP STD 0.1658|
KL coef: 0.9879915868082944
Train loss (one batch): 484.2541809082031
Train CE loss (one batch): 0.0
Test MSE (raw): 0.1056
Test MSE (smoothed with alpha=0.01): 1.6142
New best smoothed test MSE: 1.6142. Saving best model to experiments/experiment_27736_best.ckpt
Test MSE group_0: 0.0564
Test MSE group_1: 0.1197
Test MSE group_2: nan
Test MSE group_3: nan
Poisson likelihood: 0.0
CE loss: 0.0
train MSE group_0: 0.0846
train MSE group_1: 0.1013
train MSE group_2: nan
train MSE group_3: nan
CE loss (TEST): 0.0
Experiment 27736
Epoch 0460 [Test seq (cond on sampled tp)] | Loss 513.005249 | Likelihood -515.553101 | KL fp 5.0467 | FP STD 0.1559|
KL coef: 0.9891398063601221
Train loss (one batch): 482.3452453613281
Train CE loss (one batch): 0.0
Test MSE (raw): 0.1038
Test MSE (smoothed with alpha=0.01): 1.5991
New best smoothed test MSE: 1.5991. Saving best model to experiments/experiment_27736_best.ckpt
Test MSE group_0: 0.0583
Test MSE group_1: 0.1169
Test MSE group_2: nan
Test MSE group_3: nan
Poisson likelihood: 0.0
CE loss: 0.0
train MSE group_0: 0.0844
train MSE group_1: 0.1007
train MSE group_2: nan
train MSE group_3: nan
CE loss (TEST): 0.0
Experiment 27736
Epoch 0470 [Test seq (cond on sampled tp)] | Loss 513.667664 | Likelihood -516.687988 | KL fp 4.8706 | FP STD 0.1579|
KL coef: 0.9901782355409698
Train loss (one batch): 479.514892578125
Train CE loss (one batch): 0.0
Test MSE (raw): 0.1041
Test MSE (smoothed with alpha=0.01): 1.5841
New best smoothed test MSE: 1.5841. Saving best model to experiments/experiment_27736_best.ckpt
Test MSE group_0: 0.0579
Test MSE group_1: 0.1173
Test MSE group_2: nan
Test MSE group_3: nan
Poisson likelihood: 0.0
CE loss: 0.0
train MSE group_0: 0.0845
train MSE group_1: 0.1001
train MSE group_2: nan
train MSE group_3: nan
CE loss (TEST): 0.0
Experiment 27736
Epoch 0480 [Test seq (cond on sampled tp)] | Loss 505.436646 | Likelihood -509.963074 | KL fp 4.9626 | FP STD 0.1560|
KL coef: 0.9911173722782946
Train loss (one batch): 483.1033020019531
Train CE loss (one batch): 0.0
Test MSE (raw): 0.1027
Test MSE (smoothed with alpha=0.01): 1.5693
New best smoothed test MSE: 1.5693. Saving best model to experiments/experiment_27736_best.ckpt
Test MSE group_0: 0.0578
Test MSE group_1: 0.1156
Test MSE group_2: nan
Test MSE group_3: nan
Poisson likelihood: 0.0
CE loss: 0.0
train MSE group_0: 0.0858
train MSE group_1: 0.1003
train MSE group_2: nan
train MSE group_3: nan
CE loss (TEST): 0.0
Experiment 27736
Epoch 0490 [Test seq (cond on sampled tp)] | Loss 502.472229 | Likelihood -509.801453 | KL fp 5.1753 | FP STD 0.1437|
KL coef: 0.9919667107095133
Train loss (one batch): 477.63299560546875
Train CE loss (one batch): 0.0
Test MSE (raw): 0.1027
Test MSE (smoothed with alpha=0.01): 1.5547
New best smoothed test MSE: 1.5547. Saving best model to experiments/experiment_27736_best.ckpt
Test MSE group_0: 0.0586
Test MSE group_1: 0.1153
Test MSE group_2: nan
Test MSE group_3: nan
Poisson likelihood: 0.0
CE loss: 0.0
train MSE group_0: 0.0840
train MSE group_1: 0.1004
train MSE group_2: nan
train MSE group_3: nan
CE loss (TEST): 0.0
Experiment 27736
Epoch 0500 [Test seq (cond on sampled tp)] | Loss 508.401855 | Likelihood -512.154236 | KL fp 5.2820 | FP STD 0.1445|
KL coef: 0.9927348371623237
Train loss (one batch): 478.7060241699219
Train CE loss (one batch): 0.0
Test MSE (raw): 0.1032
Test MSE (smoothed with alpha=0.01): 1.5401
New best smoothed test MSE: 1.5401. Saving best model to experiments/experiment_27736_best.ckpt
Test MSE group_0: 0.0576
Test MSE group_1: 0.1162
Test MSE group_2: nan
Test MSE group_3: nan
Poisson likelihood: 0.0
CE loss: 0.0
train MSE group_0: 0.0841
train MSE group_1: 0.0995
train MSE group_2: nan
train MSE group_3: nan
CE loss (TEST): 0.0
Experiment 27736
Epoch 0510 [Test seq (cond on sampled tp)] | Loss 510.730377 | Likelihood -513.298584 | KL fp 4.8657 | FP STD 0.1841|
KL coef: 0.9934295169575854
Train loss (one batch): 479.63714599609375
Train CE loss (one batch): 0.0
Test MSE (raw): 0.1034
Test MSE (smoothed with alpha=0.01): 1.5258
New best smoothed test MSE: 1.5258. Saving best model to experiments/experiment_27736_best.ckpt
Test MSE group_0: 0.0580
Test MSE group_1: 0.1164
Test MSE group_2: nan
Test MSE group_3: nan
Poisson likelihood: 0.0
CE loss: 0.0
train MSE group_0: 0.0866
train MSE group_1: 0.0993
train MSE group_2: nan
train MSE group_3: nan
CE loss (TEST): 0.0
Experiment 27736
Epoch 0520 [Test seq (cond on sampled tp)] | Loss 513.934265 | Likelihood -520.240967 | KL fp 4.8999 | FP STD 0.1842|
KL coef: 0.9940577729122909
Train loss (one batch): 478.60455322265625
Train CE loss (one batch): 0.0
Test MSE (raw): 0.1048
Test MSE (smoothed with alpha=0.01): 1.5116
New best smoothed test MSE: 1.5116. Saving best model to experiments/experiment_27736_best.ckpt
Test MSE group_0: 0.0598
Test MSE group_1: 0.1177
Test MSE group_2: nan
Test MSE group_3: nan
Poisson likelihood: 0.0
CE loss: 0.0
train MSE group_0: 0.0840
train MSE group_1: 0.0993
train MSE group_2: nan
train MSE group_3: nan
CE loss (TEST): 0.0
Experiment 27736
Epoch 0530 [Test seq (cond on sampled tp)] | Loss 494.048584 | Likelihood -499.777496 | KL fp 5.0456 | FP STD 0.1622|
KL coef: 0.9946259563362442
Train loss (one batch): 471.607177734375
Train CE loss (one batch): 0.0
Test MSE (raw): 0.1007
Test MSE (smoothed with alpha=0.01): 1.4975
New best smoothed test MSE: 1.4975. Saving best model to experiments/experiment_27736_best.ckpt
Test MSE group_0: 0.0564
Test MSE group_1: 0.1133
Test MSE group_2: nan
Test MSE group_3: nan
Poisson likelihood: 0.0
CE loss: 0.0
train MSE group_0: 0.0844
train MSE group_1: 0.0982
train MSE group_2: nan
train MSE group_3: nan
CE loss (TEST): 0.0
Experiment 27736
Epoch 0540 [Test seq (cond on sampled tp)] | Loss 493.761078 | Likelihood -504.769836 | KL fp 5.0734 | FP STD 0.1488|
KL coef: 0.9951398112401846
Train loss (one batch): 473.6180725097656
Train CE loss (one batch): 0.0
Test MSE (raw): 0.1017
Test MSE (smoothed with alpha=0.01): 1.4835
New best smoothed test MSE: 1.4835. Saving best model to experiments/experiment_27736_best.ckpt
Test MSE group_0: 0.0574
Test MSE group_1: 0.1143
Test MSE group_2: nan
Test MSE group_3: nan
Poisson likelihood: 0.0
CE loss: 0.0
train MSE group_0: 0.0857
train MSE group_1: 0.0977
train MSE group_2: nan
train MSE group_3: nan
CE loss (TEST): 0.0
Experiment 27736
Epoch 0550 [Test seq (cond on sampled tp)] | Loss 492.505066 | Likelihood -501.401520 | KL fp 5.1709 | FP STD 0.1478|
KL coef: 0.9956045324044637
Train loss (one batch): 472.265625
Train CE loss (one batch): 0.0
Test MSE (raw): 0.1010
Test MSE (smoothed with alpha=0.01): 1.4697
New best smoothed test MSE: 1.4697. Saving best model to experiments/experiment_27736_best.ckpt
Test MSE group_0: 0.0575
Test MSE group_1: 0.1135
Test MSE group_2: nan
Test MSE group_3: nan
Poisson likelihood: 0.0
CE loss: 0.0
train MSE group_0: 0.0852
train MSE group_1: 0.0972
train MSE group_2: nan
train MSE group_3: nan
CE loss (TEST): 0.0
Experiment 27736
Epoch 0560 [Test seq (cond on sampled tp)] | Loss 492.326477 | Likelihood -495.373840 | KL fp 5.1677 | FP STD 0.1485|
KL coef: 0.9960248178953148
Train loss (one batch): 468.36114501953125
Train CE loss (one batch): 0.0
Test MSE (raw): 0.0998
Test MSE (smoothed with alpha=0.01): 1.4560
New best smoothed test MSE: 1.4560. Saving best model to experiments/experiment_27736_best.ckpt
Test MSE group_0: 0.0569
Test MSE group_1: 0.1121
Test MSE group_2: nan
Test MSE group_3: nan
Poisson likelihood: 0.0
CE loss: 0.0
train MSE group_0: 0.0860
train MSE group_1: 0.0969
train MSE group_2: nan
train MSE group_3: nan
CE loss (TEST): 0.0
Experiment 27736
Epoch 0570 [Test seq (cond on sampled tp)] | Loss 494.278900 | Likelihood -498.129547 | KL fp 5.1405 | FP STD 0.1473|
KL coef: 0.996404916559627
Train loss (one batch): 466.2221984863281
Train CE loss (one batch): 0.0
Test MSE (raw): 0.1004
Test MSE (smoothed with alpha=0.01): 1.4424
New best smoothed test MSE: 1.4424. Saving best model to experiments/experiment_27736_best.ckpt
Test MSE group_0: 0.0573
Test MSE group_1: 0.1127
Test MSE group_2: nan
Test MSE group_3: nan
Poisson likelihood: 0.0
CE loss: 0.0
train MSE group_0: 0.0850
train MSE group_1: 0.0960
train MSE group_2: nan
train MSE group_3: nan
CE loss (TEST): 0.0
Experiment 27736
Epoch 0580 [Test seq (cond on sampled tp)] | Loss 488.643341 | Likelihood -495.228271 | KL fp 5.1641 | FP STD 0.1444|
KL coef: 0.9967486709783656
Train loss (one batch): 469.2942199707031
Train CE loss (one batch): 0.0
Test MSE (raw): 0.0998
Test MSE (smoothed with alpha=0.01): 1.4290
New best smoothed test MSE: 1.4290. Saving best model to experiments/experiment_27736_best.ckpt
Test MSE group_0: 0.0558
Test MSE group_1: 0.1123
Test MSE group_2: nan
Test MSE group_3: nan
Poisson likelihood: 0.0
CE loss: 0.0
train MSE group_0: 0.0854
train MSE group_1: 0.0965
train MSE group_2: nan
train MSE group_3: nan
CE loss (TEST): 0.0
Experiment 27736
Epoch 0590 [Test seq (cond on sampled tp)] | Loss 499.011475 | Likelihood -500.614838 | KL fp 5.0562 | FP STD 0.1432|
KL coef: 0.997059556312878
Train loss (one batch): 465.0137023925781
Train CE loss (one batch): 0.0
Test MSE (raw): 0.1009
Test MSE (smoothed with alpha=0.01): 1.4157
New best smoothed test MSE: 1.4157. Saving best model to experiments/experiment_27736_best.ckpt
Test MSE group_0: 0.0554
Test MSE group_1: 0.1138
Test MSE group_2: nan
Test MSE group_3: nan
Poisson likelihood: 0.0
CE loss: 0.0
train MSE group_0: 0.0851
train MSE group_1: 0.0956
train MSE group_2: nan
train MSE group_3: nan
CE loss (TEST): 0.0
Experiment 27736
Epoch 0600 [Test seq (cond on sampled tp)] | Loss 515.618835 | Likelihood -525.398804 | KL fp 5.2014 | FP STD 0.1688|
KL coef: 0.997340715436794
Train loss (one batch): 481.3594055175781
Train CE loss (one batch): 0.0
Test MSE (raw): 0.1058
Test MSE (smoothed with alpha=0.01): 1.4026
New best smoothed test MSE: 1.4026. Saving best model to experiments/experiment_27736_best.ckpt
Test MSE group_0: 0.0581
Test MSE group_1: 0.1195
Test MSE group_2: nan
Test MSE group_3: nan
Poisson likelihood: 0.0
CE loss: 0.0
train MSE group_0: 0.0897
train MSE group_1: 0.0992
train MSE group_2: nan
train MSE group_3: nan
CE loss (TEST): 0.0
Experiment 27736
Epoch 0610 [Test seq (cond on sampled tp)] | Loss 543.992737 | Likelihood -567.826050 | KL fp 4.4055 | FP STD 0.2915|
KL coef: 0.997594990708689
Train loss (one batch): 509.3363342285156
Train CE loss (one batch): 0.0
Test MSE (raw): 0.1143
Test MSE (smoothed with alpha=0.01): 1.3897
New best smoothed test MSE: 1.3897. Saving best model to experiments/experiment_27736_best.ckpt
Test MSE group_0: 0.0630
Test MSE group_1: 0.1289
Test MSE group_2: nan
Test MSE group_3: nan
Poisson likelihood: 0.0
CE loss: 0.0
train MSE group_0: 0.0895
train MSE group_1: 0.1078
train MSE group_2: nan
train MSE group_3: nan
CE loss (TEST): 0.0
Experiment 27736
Epoch 0620 [Test seq (cond on sampled tp)] | Loss 520.692505 | Likelihood -537.960083 | KL fp 4.5394 | FP STD 0.2810|
KL coef: 0.9978249527067087
Train loss (one batch): 497.4090881347656
Train CE loss (one batch): 0.0
Test MSE (raw): 0.1083
Test MSE (smoothed with alpha=0.01): 1.3769
New best smoothed test MSE: 1.3769. Saving best model to experiments/experiment_27736_best.ckpt
Test MSE group_0: 0.0678
Test MSE group_1: 0.1199
Test MSE group_2: nan
Test MSE group_3: nan
Poisson likelihood: 0.0
CE loss: 0.0
train MSE group_0: 0.0946
train MSE group_1: 0.1013
train MSE group_2: nan
train MSE group_3: nan
CE loss (TEST): 0.0
Experiment 27736
Epoch 0630 [Test seq (cond on sampled tp)] | Loss 506.778687 | Likelihood -533.395447 | KL fp 4.7283 | FP STD 0.2675|
KL coef: 0.9980329262156509
Train loss (one batch): 494.9671325683594
Train CE loss (one batch): 0.0
Test MSE (raw): 0.1074
Test MSE (smoothed with alpha=0.01): 1.3642
New best smoothed test MSE: 1.3642. Saving best model to experiments/experiment_27736_best.ckpt
Test MSE group_0: 0.0680
Test MSE group_1: 0.1187
Test MSE group_2: nan
Test MSE group_3: nan
Poisson likelihood: 0.0
CE loss: 0.0
train MSE group_0: 0.0911
train MSE group_1: 0.1027
train MSE group_2: nan
train MSE group_3: nan
CE loss (TEST): 0.0
Experiment 27736
Epoch 0640 [Test seq (cond on sampled tp)] | Loss 489.292511 | Likelihood -503.926361 | KL fp 4.6670 | FP STD 0.2572|
KL coef: 0.9982210137292149
Train loss (one batch): 493.09814453125
Train CE loss (one batch): 0.0
Test MSE (raw): 0.1015
Test MSE (smoothed with alpha=0.01): 1.3516
New best smoothed test MSE: 1.3516. Saving best model to experiments/experiment_27736_best.ckpt
Test MSE group_0: 0.0590
Test MSE group_1: 0.1137
Test MSE group_2: nan
Test MSE group_3: nan
Poisson likelihood: 0.0
CE loss: 0.0
train MSE group_0: 0.0961
train MSE group_1: 0.1008
train MSE group_2: nan
train MSE group_3: nan
CE loss (TEST): 0.0
Experiment 27736
Epoch 0650 [Test seq (cond on sampled tp)] | Loss 479.905182 | Likelihood -496.931641 | KL fp 4.8166 | FP STD 0.2288|
KL coef: 0.9983911167050152
Train loss (one batch): 486.79296875
Train CE loss (one batch): 0.0
Test MSE (raw): 0.1001
Test MSE (smoothed with alpha=0.01): 1.3391
New best smoothed test MSE: 1.3391. Saving best model to experiments/experiment_27736_best.ckpt
Test MSE group_0: 0.0581
Test MSE group_1: 0.1121
Test MSE group_2: nan
Test MSE group_3: nan
Poisson likelihood: 0.0
CE loss: 0.0
train MSE group_0: 0.0877
train MSE group_1: 0.1008
train MSE group_2: nan
train MSE group_3: nan
CE loss (TEST): 0.0
Experiment 27736
Epoch 0660 [Test seq (cond on sampled tp)] | Loss 494.218353 | Likelihood -501.198822 | KL fp 4.8847 | FP STD 0.2154|
KL coef: 0.9985449547872347
Train loss (one batch): 466.860107421875
Train CE loss (one batch): 0.0
Test MSE (raw): 0.1010
Test MSE (smoothed with alpha=0.01): 1.3267
New best smoothed test MSE: 1.3267. Saving best model to experiments/experiment_27736_best.ckpt
Test MSE group_0: 0.0584
Test MSE group_1: 0.1131
Test MSE group_2: nan
Test MSE group_3: nan
Poisson likelihood: 0.0
CE loss: 0.0
train MSE group_0: 0.0873
train MSE group_1: 0.0978
train MSE group_2: nan
train MSE group_3: nan
CE loss (TEST): 0.0
Experiment 27736
Epoch 0670 [Test seq (cond on sampled tp)] | Loss 479.473999 | Likelihood -499.111633 | KL fp 4.6932 | FP STD 0.2194|
KL coef: 0.9986840831912477
Train loss (one batch): 466.4632873535156
Train CE loss (one batch): 0.0
Test MSE (raw): 0.1006
Test MSE (smoothed with alpha=0.01): 1.3144
New best smoothed test MSE: 1.3144. Saving best model to experiments/experiment_27736_best.ckpt
Test MSE group_0: 0.0597
Test MSE group_1: 0.1122
Test MSE group_2: nan
Test MSE group_3: nan
Poisson likelihood: 0.0
CE loss: 0.0
train MSE group_0: 0.0900
train MSE group_1: 0.0957
train MSE group_2: nan
train MSE group_3: nan
CE loss (TEST): 0.0
Experiment 27736
Epoch 0680 [Test seq (cond on sampled tp)] | Loss 491.186707 | Likelihood -499.437439 | KL fp 4.7742 | FP STD 0.2121|
KL coef: 0.9988099084259616
Train loss (one batch): 464.2119445800781
Train CE loss (one batch): 0.0
Test MSE (raw): 0.1006
Test MSE (smoothed with alpha=0.01): 1.3023
New best smoothed test MSE: 1.3023. Saving best model to experiments/experiment_27736_best.ckpt
Test MSE group_0: 0.0581
Test MSE group_1: 0.1128
Test MSE group_2: nan
Test MSE group_3: nan
Poisson likelihood: 0.0
CE loss: 0.0
train MSE group_0: 0.0859
train MSE group_1: 0.0955
train MSE group_2: nan
train MSE group_3: nan
CE loss (TEST): 0.0
Experiment 27736
Epoch 0690 [Test seq (cond on sampled tp)] | Loss 478.799988 | Likelihood -496.451965 | KL fp 4.9349 | FP STD 0.2009|
KL coef: 0.9989237025128207
Train loss (one batch): 460.5685119628906
Train CE loss (one batch): 0.0
Test MSE (raw): 0.1000
Test MSE (smoothed with alpha=0.01): 1.2903
New best smoothed test MSE: 1.2903. Saving best model to experiments/experiment_27736_best.ckpt
Test MSE group_0: 0.0590
Test MSE group_1: 0.1117
Test MSE group_2: nan
Test MSE group_3: nan
Poisson likelihood: 0.0
CE loss: 0.0
train MSE group_0: 0.0852
train MSE group_1: 0.0954
train MSE group_2: nan
train MSE group_3: nan
CE loss (TEST): 0.0
Experiment 27736
Epoch 0700 [Test seq (cond on sampled tp)] | Loss 482.058655 | Likelihood -489.709229 | KL fp 4.8873 | FP STD 0.1967|
KL coef: 0.999026615845218
Train loss (one batch): 465.5367126464844
Train CE loss (one batch): 0.0
Test MSE (raw): 0.0987
Test MSE (smoothed with alpha=0.01): 1.2784
New best smoothed test MSE: 1.2784. Saving best model to experiments/experiment_27736_best.ckpt
Test MSE group_0: 0.0583
Test MSE group_1: 0.1102
Test MSE group_2: nan
Test MSE group_3: nan
Poisson likelihood: 0.0
CE loss: 0.0
train MSE group_0: 0.0870
train MSE group_1: 0.0957
train MSE group_2: nan
train MSE group_3: nan
CE loss (TEST): 0.0
Experiment 27736
Epoch 0710 [Test seq (cond on sampled tp)] | Loss 490.643585 | Likelihood -500.809265 | KL fp 4.8218 | FP STD 0.1985|
KL coef: 0.9991196888183176
Train loss (one batch): 462.7602233886719
Train CE loss (one batch): 0.0
Test MSE (raw): 0.1009
Test MSE (smoothed with alpha=0.01): 1.2666
New best smoothed test MSE: 1.2666. Saving best model to experiments/experiment_27736_best.ckpt
Test MSE group_0: 0.0600
Test MSE group_1: 0.1126
Test MSE group_2: nan
Test MSE group_3: nan
Poisson likelihood: 0.0
CE loss: 0.0
train MSE group_0: 0.0882
train MSE group_1: 0.0945
train MSE group_2: nan
train MSE group_3: nan
CE loss (TEST): 0.0
Experiment 27736
Epoch 0720 [Test seq (cond on sampled tp)] | Loss 476.316193 | Likelihood -487.959320 | KL fp 4.8695 | FP STD 0.1899|
KL coef: 0.9992038623468565
Train loss (one batch): 462.754638671875
Train CE loss (one batch): 0.0
Test MSE (raw): 0.0983
Test MSE (smoothed with alpha=0.01): 1.2549
New best smoothed test MSE: 1.2549. Saving best model to experiments/experiment_27736_best.ckpt
Test MSE group_0: 0.0572
Test MSE group_1: 0.1101
Test MSE group_2: nan
Test MSE group_3: nan
Poisson likelihood: 0.0
CE loss: 0.0
train MSE group_0: 0.0883
train MSE group_1: 0.0938
train MSE group_2: nan
train MSE group_3: nan
CE loss (TEST): 0.0
Experiment 27736
Epoch 0730 [Test seq (cond on sampled tp)] | Loss 485.375336 | Likelihood -488.771912 | KL fp 4.7949 | FP STD 0.1947|
KL coef: 0.9992799873772575
Train loss (one batch): 457.88134765625
Train CE loss (one batch): 0.0
Test MSE (raw): 0.0985
Test MSE (smoothed with alpha=0.01): 1.2433
New best smoothed test MSE: 1.2433. Saving best model to experiments/experiment_27736_best.ckpt
Test MSE group_0: 0.0593
Test MSE group_1: 0.1097
Test MSE group_2: nan
Test MSE group_3: nan
Poisson likelihood: 0.0
CE loss: 0.0
train MSE group_0: 0.0859
train MSE group_1: 0.0943
train MSE group_2: nan
train MSE group_3: nan
CE loss (TEST): 0.0
Experiment 27736
Epoch 0740 [Test seq (cond on sampled tp)] | Loss 488.172089 | Likelihood -492.152679 | KL fp 4.8338 | FP STD 0.1987|
KL coef: 0.9993488334902116
Train loss (one batch): 449.9258728027344
Train CE loss (one batch): 0.0
Test MSE (raw): 0.0992
Test MSE (smoothed with alpha=0.01): 1.2319
New best smoothed test MSE: 1.2319. Saving best model to experiments/experiment_27736_best.ckpt
Test MSE group_0: 0.0577
Test MSE group_1: 0.1110
Test MSE group_2: nan
Test MSE group_3: nan
Poisson likelihood: 0.0
CE loss: 0.0
train MSE group_0: 0.0847
train MSE group_1: 0.0936
train MSE group_2: nan
train MSE group_3: nan
CE loss (TEST): 0.0
Experiment 27736
Epoch 0750 [Test seq (cond on sampled tp)] | Loss 475.492096 | Likelihood -489.761627 | KL fp 4.9301 | FP STD 0.1846|
KL coef: 0.9994110966807014
Train loss (one batch): 463.6544494628906
Train CE loss (one batch): 0.0
Test MSE (raw): 0.0987
Test MSE (smoothed with alpha=0.01): 1.2206
New best smoothed test MSE: 1.2206. Saving best model to experiments/experiment_27736_best.ckpt
Test MSE group_0: 0.0572
Test MSE group_1: 0.1106
Test MSE group_2: nan
Test MSE group_3: nan
Poisson likelihood: 0.0
CE loss: 0.0
train MSE group_0: 0.0910
train MSE group_1: 0.0936
train MSE group_2: nan
train MSE group_3: nan
CE loss (TEST): 0.0
Experiment 27736
Epoch 0760 [Test seq (cond on sampled tp)] | Loss 483.422882 | Likelihood -486.925354 | KL fp 4.9872 | FP STD 0.1733|
KL coef: 0.9994674063941131
Train loss (one batch): 458.1136779785156
Train CE loss (one batch): 0.0
Test MSE (raw): 0.0981
Test MSE (smoothed with alpha=0.01): 1.2093
New best smoothed test MSE: 1.2093. Saving best model to experiments/experiment_27736_best.ckpt
Test MSE group_0: 0.0565
Test MSE group_1: 0.1100
Test MSE group_2: nan
Test MSE group_3: nan
Poisson likelihood: 0.0
CE loss: 0.0
train MSE group_0: 0.0877
train MSE group_1: 0.0933
train MSE group_2: nan
train MSE group_3: nan
CE loss (TEST): 0.0
Experiment 27736
Epoch 0770 [Test seq (cond on sampled tp)] | Loss 478.146851 | Likelihood -483.557617 | KL fp 4.9257 | FP STD 0.1734|
KL coef: 0.9995183318895716
Train loss (one batch): 453.47882080078125
Train CE loss (one batch): 0.0
Test MSE (raw): 0.0974
Test MSE (smoothed with alpha=0.01): 1.1982
New best smoothed test MSE: 1.1982. Saving best model to experiments/experiment_27736_best.ckpt
Test MSE group_0: 0.0565
Test MSE group_1: 0.1092
Test MSE group_2: nan
Test MSE group_3: nan
Poisson likelihood: 0.0
CE loss: 0.0
train MSE group_0: 0.0872
train MSE group_1: 0.0921
train MSE group_2: nan
train MSE group_3: nan
CE loss (TEST): 0.0
Experiment 27736
Epoch 0780 [Test seq (cond on sampled tp)] | Loss 483.026489 | Likelihood -483.355164 | KL fp 4.9461 | FP STD 0.1678|
KL coef: 0.9995643879948252
Train loss (one batch): 454.09521484375
Train CE loss (one batch): 0.0
Test MSE (raw): 0.0974
Test MSE (smoothed with alpha=0.01): 1.1872
New best smoothed test MSE: 1.1872. Saving best model to experiments/experiment_27736_best.ckpt
Test MSE group_0: 0.0571
Test MSE group_1: 0.1089
Test MSE group_2: nan
Test MSE group_3: nan
Poisson likelihood: 0.0
CE loss: 0.0
train MSE group_0: 0.0854
train MSE group_1: 0.0927
train MSE group_2: nan
train MSE group_3: nan
CE loss (TEST): 0.0
Experiment 27736
Epoch 0790 [Test seq (cond on sampled tp)] | Loss 476.054108 | Likelihood -481.301117 | KL fp 4.9585 | FP STD 0.1654|
KL coef: 0.9996060403108612
Train loss (one batch): 455.80609130859375
Train CE loss (one batch): 0.0
Test MSE (raw): 0.0970
Test MSE (smoothed with alpha=0.01): 1.1763
New best smoothed test MSE: 1.1763. Saving best model to experiments/experiment_27736_best.ckpt
Test MSE group_0: 0.0588
Test MSE group_1: 0.1079
Test MSE group_2: nan
Test MSE group_3: nan
Poisson likelihood: 0.0
CE loss: 0.0
train MSE group_0: 0.0886
train MSE group_1: 0.0927
train MSE group_2: nan
train MSE group_3: nan
CE loss (TEST): 0.0
Experiment 27736
Epoch 0800 [Test seq (cond on sampled tp)] | Loss 472.910919 | Likelihood -480.580963 | KL fp 5.0201 | FP STD 0.1598|
KL coef: 0.9996437099188669
Train loss (one batch): 451.6256408691406
Train CE loss (one batch): 0.0
Test MSE (raw): 0.0969
Test MSE (smoothed with alpha=0.01): 1.1655
New best smoothed test MSE: 1.1655. Saving best model to experiments/experiment_27736_best.ckpt
Test MSE group_0: 0.0571
Test MSE group_1: 0.1082
Test MSE group_2: nan
Test MSE group_3: nan
Poisson likelihood: 0.0
CE loss: 0.0
train MSE group_0: 0.0874
train MSE group_1: 0.0912
train MSE group_2: nan
train MSE group_3: nan
CE loss (TEST): 0.0
Experiment 27736
Epoch 0810 [Test seq (cond on sampled tp)] | Loss 467.822784 | Likelihood -476.120117 | KL fp 5.0438 | FP STD 0.1587|
KL coef: 0.9996777776371197
Train loss (one batch): 449.13665771484375
Train CE loss (one batch): 0.0
Test MSE (raw): 0.0960
Test MSE (smoothed with alpha=0.01): 1.1548
New best smoothed test MSE: 1.1548. Saving best model to experiments/experiment_27736_best.ckpt
Test MSE group_0: 0.0566
Test MSE group_1: 0.1072
Test MSE group_2: nan
Test MSE group_3: nan
Poisson likelihood: 0.0
CE loss: 0.0
train MSE group_0: 0.0880
train MSE group_1: 0.0911
train MSE group_2: nan
train MSE group_3: nan
CE loss (TEST): 0.0
Experiment 27736
Epoch 0820 [Test seq (cond on sampled tp)] | Loss 474.789032 | Likelihood -479.653229 | KL fp 4.8957 | FP STD 0.1697|
KL coef: 0.9997085878708442
Train loss (one batch): 450.05230712890625
Train CE loss (one batch): 0.0
Test MSE (raw): 0.0967
Test MSE (smoothed with alpha=0.01): 1.1442
New best smoothed test MSE: 1.1442. Saving best model to experiments/experiment_27736_best.ckpt
Test MSE group_0: 0.0573
Test MSE group_1: 0.1079
Test MSE group_2: nan
Test MSE group_3: nan
Poisson likelihood: 0.0
CE loss: 0.0
train MSE group_0: 0.0873
train MSE group_1: 0.0908
train MSE group_2: nan
train MSE group_3: nan
CE loss (TEST): 0.0
Experiment 27736
Epoch 0830 [Test seq (cond on sampled tp)] | Loss 477.014832 | Likelihood -479.788635 | KL fp 4.8993 | FP STD 0.1665|
KL coef: 0.9997364520939512
Train loss (one batch): 447.40728759765625
Train CE loss (one batch): 0.0
Test MSE (raw): 0.0967
Test MSE (smoothed with alpha=0.01): 1.1338
New best smoothed test MSE: 1.1338. Saving best model to experiments/experiment_27736_best.ckpt
Test MSE group_0: 0.0577
Test MSE group_1: 0.1078
Test MSE group_2: nan
Test MSE group_3: nan
Poisson likelihood: 0.0
CE loss: 0.0
train MSE group_0: 0.0874
train MSE group_1: 0.0902
train MSE group_2: nan
train MSE group_3: nan
CE loss (TEST): 0.0
Experiment 27736
Epoch 0840 [Test seq (cond on sampled tp)] | Loss 464.588257 | Likelihood -472.997864 | KL fp 5.1106 | FP STD 0.1518|
KL coef: 0.9997616519978635
Train loss (one batch): 448.8670654296875
Train CE loss (one batch): 0.0
Test MSE (raw): 0.0953
Test MSE (smoothed with alpha=0.01): 1.1234
New best smoothed test MSE: 1.1234. Saving best model to experiments/experiment_27736_best.ckpt
Test MSE group_0: 0.0580
Test MSE group_1: 0.1060
Test MSE group_2: nan
Test MSE group_3: nan
Poisson likelihood: 0.0
CE loss: 0.0
train MSE group_0: 0.0871
train MSE group_1: 0.0907
train MSE group_2: nan
train MSE group_3: nan
CE loss (TEST): 0.0
Experiment 27736
Epoch 0850 [Test seq (cond on sampled tp)] | Loss 460.497040 | Likelihood -471.852966 | KL fp 5.2617 | FP STD 0.1427|
KL coef: 0.9997844423392536
Train loss (one batch): 447.2755432128906
Train CE loss (one batch): 0.0
Test MSE (raw): 0.0951
Test MSE (smoothed with alpha=0.01): 1.1131
New best smoothed test MSE: 1.1131. Saving best model to experiments/experiment_27736_best.ckpt
Test MSE group_0: 0.0552
Test MSE group_1: 0.1065
Test MSE group_2: nan
Test MSE group_3: nan
Poisson likelihood: 0.0
CE loss: 0.0
train MSE group_0: 0.0874
train MSE group_1: 0.0904
train MSE group_2: nan
train MSE group_3: nan
CE loss (TEST): 0.0
Experiment 27736
Epoch 0860 [Test seq (cond on sampled tp)] | Loss 469.766266 | Likelihood -474.341553 | KL fp 5.2092 | FP STD 0.1385|
KL coef: 0.9998050535154901
Train loss (one batch): 443.53955078125
Train CE loss (one batch): 0.0
Test MSE (raw): 0.0956
Test MSE (smoothed with alpha=0.01): 1.1029
New best smoothed test MSE: 1.1029. Saving best model to experiments/experiment_27736_best.ckpt
Test MSE group_0: 0.0536
Test MSE group_1: 0.1076
Test MSE group_2: nan
Test MSE group_3: nan
Poisson likelihood: 0.0
CE loss: 0.0
train MSE group_0: 0.0859
train MSE group_1: 0.0898
train MSE group_2: nan
train MSE group_3: nan
CE loss (TEST): 0.0
Experiment 27736
Epoch 0870 [Test seq (cond on sampled tp)] | Loss 469.015503 | Likelihood -471.536469 | KL fp 5.1994 | FP STD 0.1371|
KL coef: 0.9998236938938232
Train loss (one batch): 442.9273376464844
Train CE loss (one batch): 0.0
Test MSE (raw): 0.0950
Test MSE (smoothed with alpha=0.01): 1.0928
New best smoothed test MSE: 1.0928. Saving best model to experiments/experiment_27736_best.ckpt
Test MSE group_0: 0.0562
Test MSE group_1: 0.1061
Test MSE group_2: nan
Test MSE group_3: nan
Poisson likelihood: 0.0
CE loss: 0.0
train MSE group_0: 0.0855
train MSE group_1: 0.0895
train MSE group_2: nan
train MSE group_3: nan
CE loss (TEST): 0.0
Experiment 27736
Epoch 0880 [Test seq (cond on sampled tp)] | Loss 469.763824 | Likelihood -473.807312 | KL fp 5.2405 | FP STD 0.1331|
KL coef: 0.9998405519178591
Train loss (one batch): 444.5076599121094
Train CE loss (one batch): 0.0
Test MSE (raw): 0.0955
Test MSE (smoothed with alpha=0.01): 1.0829
New best smoothed test MSE: 1.0829. Saving best model to experiments/experiment_27736_best.ckpt
Test MSE group_0: 0.0555
Test MSE group_1: 0.1069
Test MSE group_2: nan
Test MSE group_3: nan
Poisson likelihood: 0.0
CE loss: 0.0
train MSE group_0: 0.0871
train MSE group_1: 0.0895
train MSE group_2: nan
train MSE group_3: nan
CE loss (TEST): 0.0
Experiment 27736
Epoch 0890 [Test seq (cond on sampled tp)] | Loss 461.774078 | Likelihood -469.516357 | KL fp 5.2495 | FP STD 0.1322|
KL coef: 0.9998557980126173
Train loss (one batch): 443.2204284667969
Train CE loss (one batch): 0.0
Test MSE (raw): 0.0946
Test MSE (smoothed with alpha=0.01): 1.0730
New best smoothed test MSE: 1.0730. Saving best model to experiments/experiment_27736_best.ckpt
Test MSE group_0: 0.0566
Test MSE group_1: 0.1055
Test MSE group_2: nan
Test MSE group_3: nan
Poisson likelihood: 0.0
CE loss: 0.0
train MSE group_0: 0.0863
train MSE group_1: 0.0893
train MSE group_2: nan
train MSE group_3: nan
CE loss (TEST): 0.0
Experiment 27736
Epoch 0900 [Test seq (cond on sampled tp)] | Loss 462.891510 | Likelihood -467.684631 | KL fp 5.2422 | FP STD 0.1314|
KL coef: 0.9998695863074304
Train loss (one batch): 442.2160339355469
Train CE loss (one batch): 0.0
Test MSE (raw): 0.0943
Test MSE (smoothed with alpha=0.01): 1.0632
New best smoothed test MSE: 1.0632. Saving best model to experiments/experiment_27736_best.ckpt
Test MSE group_0: 0.0559
Test MSE group_1: 0.1052
Test MSE group_2: nan
Test MSE group_3: nan
Poisson likelihood: 0.0
CE loss: 0.0
train MSE group_0: 0.0861
train MSE group_1: 0.0894
train MSE group_2: nan
train MSE group_3: nan
CE loss (TEST): 0.0
Experiment 27736
Epoch 0910 [Test seq (cond on sampled tp)] | Loss 464.582611 | Likelihood -470.333069 | KL fp 5.0032 | FP STD 0.1466|
KL coef: 0.9998820561941043
Train loss (one batch): 441.85498046875
Train CE loss (one batch): 0.0
Test MSE (raw): 0.0948
Test MSE (smoothed with alpha=0.01): 1.0535
New best smoothed test MSE: 1.0535. Saving best model to experiments/experiment_27736_best.ckpt
Test MSE group_0: 0.0567
Test MSE group_1: 0.1057
Test MSE group_2: nan
Test MSE group_3: nan
Poisson likelihood: 0.0
CE loss: 0.0
train MSE group_0: 0.0874
train MSE group_1: 0.0886
train MSE group_2: nan
train MSE group_3: nan
CE loss (TEST): 0.0
Experiment 27736
Epoch 0920 [Test seq (cond on sampled tp)] | Loss 461.418732 | Likelihood -469.109558 | KL fp 5.0041 | FP STD 0.1420|
KL coef: 0.9998933337360897
Train loss (one batch): 439.8228759765625
Train CE loss (one batch): 0.0
Test MSE (raw): 0.0946
Test MSE (smoothed with alpha=0.01): 1.0439
New best smoothed test MSE: 1.0439. Saving best model to experiments/experiment_27736_best.ckpt
Test MSE group_0: 0.0558
Test MSE group_1: 0.1056
Test MSE group_2: nan
Test MSE group_3: nan
Poisson likelihood: 0.0
CE loss: 0.0
train MSE group_0: 0.0868
train MSE group_1: 0.0890
train MSE group_2: nan
train MSE group_3: nan
CE loss (TEST): 0.0
Experiment 27736
Epoch 0930 [Test seq (cond on sampled tp)] | Loss 463.778625 | Likelihood -468.813629 | KL fp 5.0878 | FP STD 0.1343|
KL coef: 0.9999035329429113
Train loss (one batch): 433.73968505859375
Train CE loss (one batch): 0.0
Test MSE (raw): 0.0945
Test MSE (smoothed with alpha=0.01): 1.0344
New best smoothed test MSE: 1.0344. Saving best model to experiments/experiment_27736_best.ckpt
Test MSE group_0: 0.0555
Test MSE group_1: 0.1056
Test MSE group_2: nan
Test MSE group_3: nan
Poisson likelihood: 0.0
CE loss: 0.0
train MSE group_0: 0.0847
train MSE group_1: 0.0880
train MSE group_2: nan
train MSE group_3: nan
CE loss (TEST): 0.0
Experiment 27736
Epoch 0940 [Test seq (cond on sampled tp)] | Loss 463.237213 | Likelihood -469.344482 | KL fp 5.1874 | FP STD 0.1289|
KL coef: 0.9999127569227402
Train loss (one batch): 436.6546325683594
Train CE loss (one batch): 0.0
Test MSE (raw): 0.0946
Test MSE (smoothed with alpha=0.01): 1.0250
New best smoothed test MSE: 1.0250. Saving best model to experiments/experiment_27736_best.ckpt
Test MSE group_0: 0.0558
Test MSE group_1: 0.1057
Test MSE group_2: nan
Test MSE group_3: nan
Poisson likelihood: 0.0
CE loss: 0.0
train MSE group_0: 0.0852
train MSE group_1: 0.0881
train MSE group_2: nan
train MSE group_3: nan
CE loss (TEST): 0.0
Experiment 27736
Epoch 0950 [Test seq (cond on sampled tp)] | Loss 457.311951 | Likelihood -467.154480 | KL fp 5.4133 | FP STD 0.1206|
KL coef: 0.9999210989247576
Train loss (one batch): 436.9632568359375
Train CE loss (one batch): 0.0
Test MSE (raw): 0.0942
Test MSE (smoothed with alpha=0.01): 1.0157
New best smoothed test MSE: 1.0157. Saving best model to experiments/experiment_27736_best.ckpt
Test MSE group_0: 0.0558
Test MSE group_1: 0.1051
Test MSE group_2: nan
Test MSE group_3: nan
Poisson likelihood: 0.0
CE loss: 0.0
train MSE group_0: 0.0866
train MSE group_1: 0.0881
train MSE group_2: nan
train MSE group_3: nan
CE loss (TEST): 0.0
Experiment 27736
Epoch 0960 [Test seq (cond on sampled tp)] | Loss 463.082916 | Likelihood -465.297943 | KL fp 5.3439 | FP STD 0.1214|
KL coef: 0.9999286432818518
Train loss (one batch): 434.234619140625
Train CE loss (one batch): 0.0
Test MSE (raw): 0.0938
Test MSE (smoothed with alpha=0.01): 1.0065
New best smoothed test MSE: 1.0065. Saving best model to experiments/experiment_27736_best.ckpt
Test MSE group_0: 0.0560
Test MSE group_1: 0.1046
Test MSE group_2: nan
Test MSE group_3: nan
Poisson likelihood: 0.0
CE loss: 0.0
train MSE group_0: 0.0862
train MSE group_1: 0.0878
train MSE group_2: nan
train MSE group_3: nan
CE loss (TEST): 0.0
Experiment 27736
Epoch 0970 [Test seq (cond on sampled tp)] | Loss 466.840363 | Likelihood -468.951904 | KL fp 5.2208 | FP STD 0.1316|
KL coef: 0.9999354662631753
Train loss (one batch): 438.626220703125
Train CE loss (one batch): 0.0
Test MSE (raw): 0.0945
Test MSE (smoothed with alpha=0.01): 0.9974
New best smoothed test MSE: 0.9974. Saving best model to experiments/experiment_27736_best.ckpt
Test MSE group_0: 0.0554
Test MSE group_1: 0.1057
Test MSE group_2: nan
Test MSE group_3: nan
Poisson likelihood: 0.0
CE loss: 0.0
train MSE group_0: 0.0880
train MSE group_1: 0.0879
train MSE group_2: nan
train MSE group_3: nan
CE loss (TEST): 0.0
Experiment 27736
Epoch 0980 [Test seq (cond on sampled tp)] | Loss 450.548828 | Likelihood -460.708405 | KL fp 5.0503 | FP STD 0.1404|
KL coef: 0.9999416368451824
Train loss (one batch): 436.683837890625
Train CE loss (one batch): 0.0
Test MSE (raw): 0.0929
Test MSE (smoothed with alpha=0.01): 0.9883
New best smoothed test MSE: 0.9883. Saving best model to experiments/experiment_27736_best.ckpt
Test MSE group_0: 0.0569
Test MSE group_1: 0.1031
Test MSE group_2: nan
Test MSE group_3: nan
Poisson likelihood: 0.0
CE loss: 0.0
train MSE group_0: 0.0890
train MSE group_1: 0.0875
train MSE group_2: nan
train MSE group_3: nan
CE loss (TEST): 0.0
Experiment 27736
Epoch 0990 [Test seq (cond on sampled tp)] | Loss 460.967346 | Likelihood -461.620605 | KL fp 5.0500 | FP STD 0.1365|
KL coef: 0.9999472174089421
Train loss (one batch): 433.5895080566406
Train CE loss (one batch): 0.0
Test MSE (raw): 0.0931
Test MSE (smoothed with alpha=0.01): 0.9794
New best smoothed test MSE: 0.9794. Saving best model to experiments/experiment_27736_best.ckpt
Test MSE group_0: 0.0568
Test MSE group_1: 0.1034
Test MSE group_2: nan
Test MSE group_3: nan
Poisson likelihood: 0.0
CE loss: 0.0
train MSE group_0: 0.0885
train MSE group_1: 0.0870
train MSE group_2: nan
train MSE group_3: nan
CE loss (TEST): 0.0
Experiment 27736
Epoch 1000 [Test seq (cond on sampled tp)] | Loss 460.610077 | Likelihood -463.684387 | KL fp 5.1117 | FP STD 0.1283|
KL coef: 0.9999522643707747
Train loss (one batch): 435.634521484375
Train CE loss (one batch): 0.0
Test MSE (raw): 0.0935
Test MSE (smoothed with alpha=0.01): 0.9705
New best smoothed test MSE: 0.9705. Saving best model to experiments/experiment_27736_best.ckpt
Test MSE group_0: 0.0559
Test MSE group_1: 0.1042
Test MSE group_2: nan
Test MSE group_3: nan
Poisson likelihood: 0.0
CE loss: 0.0
train MSE group_0: 0.0883
train MSE group_1: 0.0870
train MSE group_2: nan
train MSE group_3: nan
CE loss (TEST): 0.0
Experiment 27736
Epoch 1010 [Test seq (cond on sampled tp)] | Loss 460.956635 | Likelihood -467.875671 | KL fp 5.0902 | FP STD 0.1279|
KL coef: 0.9999568287525893
Train loss (one batch): 433.15283203125
Train CE loss (one batch): 0.0
Test MSE (raw): 0.0943
Test MSE (smoothed with alpha=0.01): 0.9618
New best smoothed test MSE: 0.9618. Saving best model to experiments/experiment_27736_best.ckpt
Test MSE group_0: 0.0556
Test MSE group_1: 0.1054
Test MSE group_2: nan
Test MSE group_3: nan
Poisson likelihood: 0.0
CE loss: 0.0
train MSE group_0: 0.0874
train MSE group_1: 0.0868
train MSE group_2: nan
train MSE group_3: nan
CE loss (TEST): 0.0
Experiment 27736
Epoch 1020 [Test seq (cond on sampled tp)] | Loss 455.483337 | Likelihood -462.446045 | KL fp 5.1424 | FP STD 0.1254|
KL coef: 0.999960956697686
Train loss (one batch): 429.2952575683594
Train CE loss (one batch): 0.0
Test MSE (raw): 0.0932
Test MSE (smoothed with alpha=0.01): 0.9531
New best smoothed test MSE: 0.9531. Saving best model to experiments/experiment_27736_best.ckpt
Test MSE group_0: 0.0559
Test MSE group_1: 0.1039
Test MSE group_2: nan
Test MSE group_3: nan
Poisson likelihood: 0.0
CE loss: 0.0
train MSE group_0: 0.0842
train MSE group_1: 0.0869
train MSE group_2: nan
train MSE group_3: nan
CE loss (TEST): 0.0
Experiment 27736
Epoch 1030 [Test seq (cond on sampled tp)] | Loss 460.352264 | Likelihood -464.143463 | KL fp 5.4010 | FP STD 0.1144|
KL coef: 0.9999646899372381
Train loss (one batch): 434.0423889160156
Train CE loss (one batch): 0.0
Test MSE (raw): 0.0936
Test MSE (smoothed with alpha=0.01): 0.9445
New best smoothed test MSE: 0.9445. Saving best model to experiments/experiment_27736_best.ckpt
Test MSE group_0: 0.0549
Test MSE group_1: 0.1046
Test MSE group_2: nan
Test MSE group_3: nan
Poisson likelihood: 0.0
CE loss: 0.0
train MSE group_0: 0.0866
train MSE group_1: 0.0867
train MSE group_2: nan
train MSE group_3: nan
CE loss (TEST): 0.0
Experiment 27736
Epoch 1040 [Test seq (cond on sampled tp)] | Loss 453.427185 | Likelihood -460.269867 | KL fp 5.4047 | FP STD 0.1102|
KL coef: 0.9999680662121707
Train loss (one batch): 429.1174011230469
Train CE loss (one batch): 0.0
Test MSE (raw): 0.0928
Test MSE (smoothed with alpha=0.01): 0.9360
New best smoothed test MSE: 0.9360. Saving best model to experiments/experiment_27736_best.ckpt
Test MSE group_0: 0.0557
Test MSE group_1: 0.1034
Test MSE group_2: nan
Test MSE group_3: nan
Poisson likelihood: 0.0
CE loss: 0.0
train MSE group_0: 0.0847
train MSE group_1: 0.0861
train MSE group_2: nan
train MSE group_3: nan
CE loss (TEST): 0.0
Experiment 27736
Epoch 1050 [Test seq (cond on sampled tp)] | Loss 459.130280 | Likelihood -461.934753 | KL fp 5.4139 | FP STD 0.1067|
KL coef: 0.9999711196547001
Train loss (one batch): 429.7267761230469
Train CE loss (one batch): 0.0
Test MSE (raw): 0.0931
Test MSE (smoothed with alpha=0.01): 0.9275
New best smoothed test MSE: 0.9275. Saving best model to experiments/experiment_27736_best.ckpt
Test MSE group_0: 0.0552
Test MSE group_1: 0.1040
Test MSE group_2: nan
Test MSE group_3: nan
Poisson likelihood: 0.0
CE loss: 0.0
train MSE group_0: 0.0850
train MSE group_1: 0.0864
train MSE group_2: nan
train MSE group_3: nan
CE loss (TEST): 0.0
Experiment 27736
Epoch 1060 [Test seq (cond on sampled tp)] | Loss 453.322510 | Likelihood -460.307037 | KL fp 5.4536 | FP STD 0.1058|
KL coef: 0.9999738811333907
Train loss (one batch): 433.71099853515625
Train CE loss (one batch): 0.0
Test MSE (raw): 0.0928
Test MSE (smoothed with alpha=0.01): 0.9192
New best smoothed test MSE: 0.9192. Saving best model to experiments/experiment_27736_best.ckpt
Test MSE group_0: 0.0555
Test MSE group_1: 0.1035
Test MSE group_2: nan
Test MSE group_3: nan
Poisson likelihood: 0.0
CE loss: 0.0
train MSE group_0: 0.0869
train MSE group_1: 0.0866
train MSE group_2: nan
train MSE group_3: nan
CE loss (TEST): 0.0
Experiment 27736
Epoch 1070 [Test seq (cond on sampled tp)] | Loss 454.240723 | Likelihood -461.650635 | KL fp 5.3034 | FP STD 0.1142|
KL coef: 0.9999763785652189
Train loss (one batch): 429.3006896972656
Train CE loss (one batch): 0.0
Test MSE (raw): 0.0931
Test MSE (smoothed with alpha=0.01): 0.9109
New best smoothed test MSE: 0.9109. Saving best model to experiments/experiment_27736_best.ckpt
Test MSE group_0: 0.0561
Test MSE group_1: 0.1036
Test MSE group_2: nan
Test MSE group_3: nan
Poisson likelihood: 0.0
CE loss: 0.0
train MSE group_0: 0.0863
train MSE group_1: 0.0864
train MSE group_2: nan
train MSE group_3: nan
CE loss (TEST): 0.0
Experiment 27736
Epoch 1080 [Test seq (cond on sampled tp)] | Loss 451.372192 | Likelihood -456.347260 | KL fp 5.4164 | FP STD 0.1105|
KL coef: 0.999978637197798
Train loss (one batch): 428.2717590332031
Train CE loss (one batch): 0.0
Test MSE (raw): 0.0920
Test MSE (smoothed with alpha=0.01): 0.9027
New best smoothed test MSE: 0.9027. Saving best model to experiments/experiment_27736_best.ckpt
Test MSE group_0: 0.0558
Test MSE group_1: 0.1024
Test MSE group_2: nan
Test MSE group_3: nan
Poisson likelihood: 0.0
CE loss: 0.0
train MSE group_0: 0.0862
train MSE group_1: 0.0859
train MSE group_2: nan
train MSE group_3: nan
CE loss (TEST): 0.0
Experiment 27736
Epoch 1090 [Test seq (cond on sampled tp)] | Loss 454.189606 | Likelihood -457.756348 | KL fp 5.0983 | FP STD 0.1255|
KL coef: 0.9999806798646166
Train loss (one batch): 428.274658203125
Train CE loss (one batch): 0.0
Test MSE (raw): 0.0923
Test MSE (smoothed with alpha=0.01): 0.8946
New best smoothed test MSE: 0.8946. Saving best model to experiments/experiment_27736_best.ckpt
Test MSE group_0: 0.0556
Test MSE group_1: 0.1028
Test MSE group_2: nan
Test MSE group_3: nan
Poisson likelihood: 0.0
CE loss: 0.0
train MSE group_0: 0.0842
train MSE group_1: 0.0864
train MSE group_2: nan
train MSE group_3: nan
CE loss (TEST): 0.0
Experiment 27736
Epoch 1100 [Test seq (cond on sampled tp)] | Loss 452.070557 | Likelihood -460.681641 | KL fp 5.1114 | FP STD 0.1266|
KL coef: 0.9999825272158726
Train loss (one batch): 430.8575439453125
Train CE loss (one batch): 0.0
Test MSE (raw): 0.0929
Test MSE (smoothed with alpha=0.01): 0.8866
New best smoothed test MSE: 0.8866. Saving best model to experiments/experiment_27736_best.ckpt
Test MSE group_0: 0.0562
Test MSE group_1: 0.1034
Test MSE group_2: nan
Test MSE group_3: nan
Poisson likelihood: 0.0
CE loss: 0.0
train MSE group_0: 0.0874
train MSE group_1: 0.0861
train MSE group_2: nan
train MSE group_3: nan
CE loss (TEST): 0.0
Experiment 27736
Epoch 1110 [Test seq (cond on sampled tp)] | Loss 457.195251 | Likelihood -459.324127 | KL fp 5.1711 | FP STD 0.1212|
KL coef: 0.9999841979272346
Train loss (one batch): 427.5787658691406
Train CE loss (one batch): 0.0
Test MSE (raw): 0.0926
Test MSE (smoothed with alpha=0.01): 0.8787
New best smoothed test MSE: 0.8787. Saving best model to experiments/experiment_27736_best.ckpt
Test MSE group_0: 0.0559
Test MSE group_1: 0.1031
Test MSE group_2: nan
Test MSE group_3: nan
Poisson likelihood: 0.0
CE loss: 0.0
train MSE group_0: 0.0860
train MSE group_1: 0.0854
train MSE group_2: nan
train MSE group_3: nan
CE loss (TEST): 0.0
Experiment 27736
Epoch 1120 [Test seq (cond on sampled tp)] | Loss 450.054230 | Likelihood -455.593170 | KL fp 5.2857 | FP STD 0.1133|
KL coef: 0.999985708888643
Train loss (one batch): 422.3631896972656
Train CE loss (one batch): 0.0
Test MSE (raw): 0.0919
Test MSE (smoothed with alpha=0.01): 0.8708
New best smoothed test MSE: 0.8708. Saving best model to experiments/experiment_27736_best.ckpt
Test MSE group_0: 0.0556
Test MSE group_1: 0.1022
Test MSE group_2: nan
Test MSE group_3: nan
Poisson likelihood: 0.0
CE loss: 0.0
train MSE group_0: 0.0858
train MSE group_1: 0.0853
train MSE group_2: nan
train MSE group_3: nan
CE loss (TEST): 0.0
Experiment 27736
Epoch 1130 [Test seq (cond on sampled tp)] | Loss 448.622650 | Likelihood -455.592865 | KL fp 5.3231 | FP STD 0.1098|
KL coef: 0.9999870753750567
Train loss (one batch): 425.2480773925781
Train CE loss (one batch): 0.0
Test MSE (raw): 0.0919
Test MSE (smoothed with alpha=0.01): 0.8630
New best smoothed test MSE: 0.8630. Saving best model to experiments/experiment_27736_best.ckpt
Test MSE group_0: 0.0553
Test MSE group_1: 0.1023
Test MSE group_2: nan
Test MSE group_3: nan
Poisson likelihood: 0.0
CE loss: 0.0
train MSE group_0: 0.0846
train MSE group_1: 0.0852
train MSE group_2: nan
train MSE group_3: nan
CE loss (TEST): 0.0
Experiment 27736
Epoch 1140 [Test seq (cond on sampled tp)] | Loss 448.624634 | Likelihood -454.888184 | KL fp 5.3556 | FP STD 0.1051|
KL coef: 0.9999883112008752
Train loss (one batch): 426.2187805175781
Train CE loss (one batch): 0.0
Test MSE (raw): 0.0917
Test MSE (smoothed with alpha=0.01): 0.8553
New best smoothed test MSE: 0.8553. Saving best model to experiments/experiment_27736_best.ckpt
Test MSE group_0: 0.0560
Test MSE group_1: 0.1019
Test MSE group_2: nan
Test MSE group_3: nan
Poisson likelihood: 0.0
CE loss: 0.0
train MSE group_0: 0.0879
train MSE group_1: 0.0850
train MSE group_2: nan
train MSE group_3: nan
CE loss (TEST): 0.0
Experiment 27736
Epoch 1150 [Test seq (cond on sampled tp)] | Loss 447.128784 | Likelihood -449.084076 | KL fp 5.4485 | FP STD 0.1016|
KL coef: 0.9999894288595931
Train loss (one batch): 423.87860107421875
Train CE loss (one batch): 0.0
Test MSE (raw): 0.0906
Test MSE (smoothed with alpha=0.01): 0.8477
New best smoothed test MSE: 0.8477. Saving best model to experiments/experiment_27736_best.ckpt
Test MSE group_0: 0.0569
Test MSE group_1: 0.1002
Test MSE group_2: nan
Test MSE group_3: nan
Poisson likelihood: 0.0
CE loss: 0.0
train MSE group_0: 0.0866
train MSE group_1: 0.0843
train MSE group_2: nan
train MSE group_3: nan
CE loss (TEST): 0.0
Experiment 27736
Epoch 1160 [Test seq (cond on sampled tp)] | Loss 449.038696 | Likelihood -454.324219 | KL fp 5.2696 | FP STD 0.1071|
KL coef: 0.9999904396501036
Train loss (one batch): 423.46710205078125
Train CE loss (one batch): 0.0
Test MSE (raw): 0.0916
Test MSE (smoothed with alpha=0.01): 0.8401
New best smoothed test MSE: 0.8401. Saving best model to experiments/experiment_27736_best.ckpt
Test MSE group_0: 0.0549
Test MSE group_1: 0.1021
Test MSE group_2: nan
Test MSE group_3: nan
Poisson likelihood: 0.0
CE loss: 0.0
train MSE group_0: 0.0849
train MSE group_1: 0.0846
train MSE group_2: nan
train MSE group_3: nan
CE loss (TEST): 0.0
Experiment 27736
Epoch 1170 [Test seq (cond on sampled tp)] | Loss 449.234253 | Likelihood -452.967773 | KL fp 5.3260 | FP STD 0.1041|
KL coef: 0.9999913537909229
Train loss (one batch): 423.8180847167969
Train CE loss (one batch): 0.0
Test MSE (raw): 0.0913
Test MSE (smoothed with alpha=0.01): 0.8326
New best smoothed test MSE: 0.8326. Saving best model to experiments/experiment_27736_best.ckpt
Test MSE group_0: 0.0536
Test MSE group_1: 0.1021
Test MSE group_2: nan
Test MSE group_3: nan
Poisson likelihood: 0.0
CE loss: 0.0
train MSE group_0: 0.0853
train MSE group_1: 0.0845
train MSE group_2: nan
train MSE group_3: nan
CE loss (TEST): 0.0
Experiment 27736
Epoch 1180 [Test seq (cond on sampled tp)] | Loss 447.228394 | Likelihood -450.458160 | KL fp 5.4284 | FP STD 0.1002|
KL coef: 0.9999921805234938
Train loss (one batch): 421.5030212402344
Train CE loss (one batch): 0.0
Test MSE (raw): 0.0908
Test MSE (smoothed with alpha=0.01): 0.8252
New best smoothed test MSE: 0.8252. Saving best model to experiments/experiment_27736_best.ckpt
Test MSE group_0: 0.0562
Test MSE group_1: 0.1007
Test MSE group_2: nan
Test MSE group_3: nan
Poisson likelihood: 0.0
CE loss: 0.0
train MSE group_0: 0.0850
train MSE group_1: 0.0840
train MSE group_2: nan
train MSE group_3: nan
CE loss (TEST): 0.0
Experiment 27736
Epoch 1190 [Test seq (cond on sampled tp)] | Loss 448.070618 | Likelihood -451.271637 | KL fp 5.4602 | FP STD 0.0985|
KL coef: 0.9999929282056119
Train loss (one batch): 420.728759765625
Train CE loss (one batch): 0.0
Test MSE (raw): 0.0910
Test MSE (smoothed with alpha=0.01): 0.8179
New best smoothed test MSE: 0.8179. Saving best model to experiments/experiment_27736_best.ckpt
Test MSE group_0: 0.0549
Test MSE group_1: 0.1013
Test MSE group_2: nan
Test MSE group_3: nan
Poisson likelihood: 0.0
CE loss: 0.0
train MSE group_0: 0.0848
train MSE group_1: 0.0839
train MSE group_2: nan
train MSE group_3: nan
CE loss (TEST): 0.0
Experiment 27736
Epoch 1200 [Test seq (cond on sampled tp)] | Loss 447.186829 | Likelihood -448.842224 | KL fp 5.4067 | FP STD 0.1006|
KL coef: 0.9999936043959172
Train loss (one batch): 418.98516845703125
Train CE loss (one batch): 0.0
Test MSE (raw): 0.0905
Test MSE (smoothed with alpha=0.01): 0.8106
New best smoothed test MSE: 0.8106. Saving best model to experiments/experiment_27736_best.ckpt
Test MSE group_0: 0.0545
Test MSE group_1: 0.1008
Test MSE group_2: nan
Test MSE group_3: nan
Poisson likelihood: 0.0
CE loss: 0.0
train MSE group_0: 0.0859
train MSE group_1: 0.0834
train MSE group_2: nan
train MSE group_3: nan
CE loss (TEST): 0.0
Experiment 27736
Epoch 1210 [Test seq (cond on sampled tp)] | Loss 443.687073 | Likelihood -448.610107 | KL fp 5.2685 | FP STD 0.1075|
KL coef: 0.9999942159303087
Train loss (one batch): 418.19403076171875
Train CE loss (one batch): 0.0
Test MSE (raw): 0.0905
Test MSE (smoothed with alpha=0.01): 0.8034
New best smoothed test MSE: 0.8034. Saving best model to experiments/experiment_27736_best.ckpt
Test MSE group_0: 0.0543
Test MSE group_1: 0.1008
Test MSE group_2: nan
Test MSE group_3: nan
Poisson likelihood: 0.0
CE loss: 0.0
train MSE group_0: 0.0846
train MSE group_1: 0.0836
train MSE group_2: nan
train MSE group_3: nan
CE loss (TEST): 0.0
Experiment 27736
Epoch 1220 [Test seq (cond on sampled tp)] | Loss 449.708313 | Likelihood -450.098541 | KL fp 5.2768 | FP STD 0.1122|
KL coef: 0.9999947689910506
Train loss (one batch): 420.05316162109375
Train CE loss (one batch): 0.0
Test MSE (raw): 0.0908
Test MSE (smoothed with alpha=0.01): 0.7963
New best smoothed test MSE: 0.7963. Saving best model to experiments/experiment_27736_best.ckpt
Test MSE group_0: 0.0548
Test MSE group_1: 0.1010
Test MSE group_2: nan
Test MSE group_3: nan
Poisson likelihood: 0.0
CE loss: 0.0
train MSE group_0: 0.0846
train MSE group_1: 0.0841
train MSE group_2: nan
train MSE group_3: nan
CE loss (TEST): 0.0
Experiment 27736
Epoch 1230 [Test seq (cond on sampled tp)] | Loss 443.064178 | Likelihood -444.826660 | KL fp 5.2219 | FP STD 0.1114|
KL coef: 0.999995269169272
Train loss (one batch): 416.1151428222656
Train CE loss (one batch): 0.0
Test MSE (raw): 0.0897
Test MSE (smoothed with alpha=0.01): 0.7892
New best smoothed test MSE: 0.7892. Saving best model to experiments/experiment_27736_best.ckpt
Test MSE group_0: 0.0534
Test MSE group_1: 0.1001
Test MSE group_2: nan
Test MSE group_3: nan
Poisson likelihood: 0.0
CE loss: 0.0
train MSE group_0: 0.0829
train MSE group_1: 0.0838
train MSE group_2: nan
train MSE group_3: nan
CE loss (TEST): 0.0
Experiment 27736
Epoch 1240 [Test seq (cond on sampled tp)] | Loss 449.155853 | Likelihood -450.827240 | KL fp 5.3597 | FP STD 0.1031|
KL coef: 0.9999957215214896
Train loss (one batch): 415.6029968261719
Train CE loss (one batch): 0.0
Test MSE (raw): 0.0909
Test MSE (smoothed with alpha=0.01): 0.7822
New best smoothed test MSE: 0.7822. Saving best model to experiments/experiment_27736_best.ckpt
Test MSE group_0: 0.0534
Test MSE group_1: 0.1016
Test MSE group_2: nan
Test MSE group_3: nan
Poisson likelihood: 0.0
CE loss: 0.0
train MSE group_0: 0.0836
train MSE group_1: 0.0839
train MSE group_2: nan
train MSE group_3: nan
CE loss (TEST): 0.0
Experiment 27736
Epoch 1250 [Test seq (cond on sampled tp)] | Loss 443.495819 | Likelihood -449.024017 | KL fp 5.3026 | FP STD 0.1028|
KL coef: 0.9999961306207269
Train loss (one batch): 415.84844970703125
Train CE loss (one batch): 0.0
Test MSE (raw): 0.0905
Test MSE (smoothed with alpha=0.01): 0.7753
New best smoothed test MSE: 0.7753. Saving best model to experiments/experiment_27736_best.ckpt
Test MSE group_0: 0.0547
Test MSE group_1: 0.1008
Test MSE group_2: nan
Test MSE group_3: nan
Poisson likelihood: 0.0
CE loss: 0.0
train MSE group_0: 0.0852
train MSE group_1: 0.0827
train MSE group_2: nan
train MSE group_3: nan
CE loss (TEST): 0.0
Experiment 27736
Epoch 1260 [Test seq (cond on sampled tp)] | Loss 443.785126 | Likelihood -446.454681 | KL fp 5.3647 | FP STD 0.0993|
KL coef: 0.999996500602744
Train loss (one batch): 416.1520690917969
Train CE loss (one batch): 0.0
Test MSE (raw): 0.0900
Test MSE (smoothed with alpha=0.01): 0.7684
New best smoothed test MSE: 0.7684. Saving best model to experiments/experiment_27736_best.ckpt
Test MSE group_0: 0.0528
Test MSE group_1: 0.1007
Test MSE group_2: nan
Test MSE group_3: nan
Poisson likelihood: 0.0
CE loss: 0.0
train MSE group_0: 0.0850
train MSE group_1: 0.0829
train MSE group_2: nan
train MSE group_3: nan
CE loss (TEST): 0.0
Experiment 27736
Epoch 1270 [Test seq (cond on sampled tp)] | Loss 441.399475 | Likelihood -445.028503 | KL fp 5.2453 | FP STD 0.1053|
KL coef: 0.9999968352078483
Train loss (one batch): 415.01483154296875
Train CE loss (one batch): 0.0
Test MSE (raw): 0.0897
Test MSE (smoothed with alpha=0.01): 0.7616
New best smoothed test MSE: 0.7616. Saving best model to experiments/experiment_27736_best.ckpt
Test MSE group_0: 0.0537
Test MSE group_1: 0.1000
Test MSE group_2: nan
Test MSE group_3: nan
Poisson likelihood: 0.0
CE loss: 0.0
train MSE group_0: 0.0841
train MSE group_1: 0.0828
train MSE group_2: nan
train MSE group_3: nan
CE loss (TEST): 0.0
Experiment 27736
Epoch 1280 [Test seq (cond on sampled tp)] | Loss 443.666412 | Likelihood -449.216125 | KL fp 5.3156 | FP STD 0.1050|
KL coef: 0.9999971378187069
Train loss (one batch): 415.40093994140625
Train CE loss (one batch): 0.0
Test MSE (raw): 0.0906
Test MSE (smoothed with alpha=0.01): 0.7549
New best smoothed test MSE: 0.7549. Saving best model to experiments/experiment_27736_best.ckpt
Test MSE group_0: 0.0548
Test MSE group_1: 0.1008
Test MSE group_2: nan
Test MSE group_3: nan
Poisson likelihood: 0.0
CE loss: 0.0
train MSE group_0: 0.0841
train MSE group_1: 0.0829
train MSE group_2: nan
train MSE group_3: nan
CE loss (TEST): 0.0
Experiment 27736
Epoch 1290 [Test seq (cond on sampled tp)] | Loss 442.307037 | Likelihood -447.960266 | KL fp 5.0038 | FP STD 0.1166|
KL coef: 0.9999974114945431
Train loss (one batch): 417.05987548828125
Train CE loss (one batch): 0.0
Test MSE (raw): 0.0903
Test MSE (smoothed with alpha=0.01): 0.7483
New best smoothed test MSE: 0.7483. Saving best model to experiments/experiment_27736_best.ckpt
Test MSE group_0: 0.0536
Test MSE group_1: 0.1008
Test MSE group_2: nan
Test MSE group_3: nan
Poisson likelihood: 0.0
CE loss: 0.0
train MSE group_0: 0.0856
train MSE group_1: 0.0830
train MSE group_2: nan
train MSE group_3: nan
CE loss (TEST): 0.0
Experiment 27736
Epoch 1300 [Test seq (cond on sampled tp)] | Loss 443.090546 | Likelihood -446.919525 | KL fp 5.1786 | FP STD 0.1067|
KL coef: 0.9999976590020637
Train loss (one batch): 414.857421875
Train CE loss (one batch): 0.0
Test MSE (raw): 0.0901
Test MSE (smoothed with alpha=0.01): 0.7417
New best smoothed test MSE: 0.7417. Saving best model to experiments/experiment_27736_best.ckpt
Test MSE group_0: 0.0535
Test MSE group_1: 0.1006
Test MSE group_2: nan
Test MSE group_3: nan
Poisson likelihood: 0.0
CE loss: 0.0
train MSE group_0: 0.0846
train MSE group_1: 0.0825
train MSE group_2: nan
train MSE group_3: nan
CE loss (TEST): 0.0
Experiment 27736
Epoch 1310 [Test seq (cond on sampled tp)] | Loss 447.085266 | Likelihood -451.439514 | KL fp 5.0994 | FP STD 0.1089|
KL coef: 0.9999978828434288
Train loss (one batch): 417.2290954589844
Train CE loss (one batch): 0.0
Test MSE (raw): 0.0910
Test MSE (smoothed with alpha=0.01): 0.7352
New best smoothed test MSE: 0.7352. Saving best model to experiments/experiment_27736_best.ckpt
Test MSE group_0: 0.0540
Test MSE group_1: 0.1016
Test MSE group_2: nan
Test MSE group_3: nan
Poisson likelihood: 0.0
CE loss: 0.0
train MSE group_0: 0.0864
train MSE group_1: 0.0829
train MSE group_2: nan
train MSE group_3: nan
CE loss (TEST): 0.0
Experiment 27736
Epoch 1320 [Test seq (cond on sampled tp)] | Loss 444.695587 | Likelihood -451.037781 | KL fp 5.1986 | FP STD 0.1042|
KL coef: 0.999998085281547
Train loss (one batch): 413.9140930175781
Train CE loss (one batch): 0.0
Test MSE (raw): 0.0909
Test MSE (smoothed with alpha=0.01): 0.7288
New best smoothed test MSE: 0.7288. Saving best model to experiments/experiment_27736_best.ckpt
Test MSE group_0: 0.0530
Test MSE group_1: 0.1018
Test MSE group_2: nan
Test MSE group_3: nan
Poisson likelihood: 0.0
CE loss: 0.0
train MSE group_0: 0.0821
train MSE group_1: 0.0831
train MSE group_2: nan
train MSE group_3: nan
CE loss (TEST): 0.0
Experiment 27736
Epoch 1330 [Test seq (cond on sampled tp)] | Loss 441.345581 | Likelihood -444.465240 | KL fp 5.4044 | FP STD 0.0958|
KL coef: 0.9999982683629525
Train loss (one batch): 414.1147155761719
Train CE loss (one batch): 0.0
Test MSE (raw): 0.0896
Test MSE (smoothed with alpha=0.01): 0.7224
New best smoothed test MSE: 0.7224. Saving best model to experiments/experiment_27736_best.ckpt
Test MSE group_0: 0.0527
Test MSE group_1: 0.1002
Test MSE group_2: nan
Test MSE group_3: nan
Poisson likelihood: 0.0
CE loss: 0.0
train MSE group_0: 0.0831
train MSE group_1: 0.0826
train MSE group_2: nan
train MSE group_3: nan
CE loss (TEST): 0.0
Experiment 27736
Epoch 1340 [Test seq (cond on sampled tp)] | Loss 434.081573 | Likelihood -439.970398 | KL fp 5.6283 | FP STD 0.0890|
KL coef: 0.9999984339384937
Train loss (one batch): 408.8212890625
Train CE loss (one batch): 0.0
Test MSE (raw): 0.0887
Test MSE (smoothed with alpha=0.01): 0.7160
New best smoothed test MSE: 0.7160. Saving best model to experiments/experiment_27736_best.ckpt
Test MSE group_0: 0.0526
Test MSE group_1: 0.0990
Test MSE group_2: nan
Test MSE group_3: nan
Poisson likelihood: 0.0
CE loss: 0.0
train MSE group_0: 0.0831
train MSE group_1: 0.0813
train MSE group_2: nan
train MSE group_3: nan
CE loss (TEST): 0.0
Experiment 27736
Epoch 1350 [Test seq (cond on sampled tp)] | Loss 427.294189 | Likelihood -438.714447 | KL fp 5.3437 | FP STD 0.0983|
KL coef: 0.9999985836820454
Train loss (one batch): 409.7754821777344
Train CE loss (one batch): 0.0
Test MSE (raw): 0.0885
Test MSE (smoothed with alpha=0.01): 0.7098
New best smoothed test MSE: 0.7098. Saving best model to experiments/experiment_27736_best.ckpt
Test MSE group_0: 0.0529
Test MSE group_1: 0.0986
Test MSE group_2: nan
Test MSE group_3: nan
Poisson likelihood: 0.0
CE loss: 0.0
train MSE group_0: 0.0845
train MSE group_1: 0.0810
train MSE group_2: nan
train MSE group_3: nan
CE loss (TEST): 0.0
Experiment 27736
Epoch 1360 [Test seq (cond on sampled tp)] | Loss 418.558624 | Likelihood -438.396790 | KL fp 5.1776 | FP STD 0.1091|
KL coef: 0.9999987191074293
Train loss (one batch): 408.0769958496094
Train CE loss (one batch): 0.0
Test MSE (raw): 0.0884
Test MSE (smoothed with alpha=0.01): 0.7035
New best smoothed test MSE: 0.7035. Saving best model to experiments/experiment_27736_best.ckpt
Test MSE group_0: 0.0526
Test MSE group_1: 0.0987
Test MSE group_2: nan
Test MSE group_3: nan
Poisson likelihood: 0.0
CE loss: 0.0
train MSE group_0: 0.0831
train MSE group_1: 0.0817
train MSE group_2: nan
train MSE group_3: nan
CE loss (TEST): 0.0
Experiment 27736
Epoch 1370 [Test seq (cond on sampled tp)] | Loss 439.038452 | Likelihood -443.582092 | KL fp 5.2823 | FP STD 0.1063|
KL coef: 0.9999988415837191
Train loss (one batch): 414.5466613769531
Train CE loss (one batch): 0.0
Test MSE (raw): 0.0895
Test MSE (smoothed with alpha=0.01): 0.6974
New best smoothed test MSE: 0.6974. Saving best model to experiments/experiment_27736_best.ckpt
Test MSE group_0: 0.0514
Test MSE group_1: 0.1003
Test MSE group_2: nan
Test MSE group_3: nan
Poisson likelihood: 0.0
CE loss: 0.0
train MSE group_0: 0.0837
train MSE group_1: 0.0828
train MSE group_2: nan
train MSE group_3: nan
CE loss (TEST): 0.0
Experiment 27736
Epoch 1380 [Test seq (cond on sampled tp)] | Loss 437.849670 | Likelihood -441.711853 | KL fp 5.1799 | FP STD 0.1128|
KL coef: 0.9999989523490801
Train loss (one batch): 405.6083068847656
Train CE loss (one batch): 0.0
Test MSE (raw): 0.0891
Test MSE (smoothed with alpha=0.01): 0.6913
New best smoothed test MSE: 0.6913. Saving best model to experiments/experiment_27736_best.ckpt
Test MSE group_0: 0.0518
Test MSE group_1: 0.0997
Test MSE group_2: nan
Test MSE group_3: nan
Poisson likelihood: 0.0
CE loss: 0.0
train MSE group_0: 0.0833
train MSE group_1: 0.0821
train MSE group_2: nan
train MSE group_3: nan
CE loss (TEST): 0.0
Experiment 27736
Epoch 1390 [Test seq (cond on sampled tp)] | Loss 427.739929 | Likelihood -438.229340 | KL fp 5.1584 | FP STD 0.1109|
KL coef: 0.9999990525232872
Train loss (one batch): 407.0203552246094
Train CE loss (one batch): 0.0
Test MSE (raw): 0.0884
Test MSE (smoothed with alpha=0.01): 0.6853
New best smoothed test MSE: 0.6853. Saving best model to experiments/experiment_27736_best.ckpt
Test MSE group_0: 0.0520
Test MSE group_1: 0.0988
Test MSE group_2: nan
Test MSE group_3: nan
Poisson likelihood: 0.0
CE loss: 0.0
train MSE group_0: 0.0834
train MSE group_1: 0.0809
train MSE group_2: nan
train MSE group_3: nan
CE loss (TEST): 0.0
Experiment 27736
Epoch 1400 [Test seq (cond on sampled tp)] | Loss 431.984528 | Likelihood -435.405365 | KL fp 5.2386 | FP STD 0.1038|
KL coef: 0.9999991431190445
Train loss (one batch): 407.227783203125
Train CE loss (one batch): 0.0
Test MSE (raw): 0.0878
Test MSE (smoothed with alpha=0.01): 0.6793
New best smoothed test MSE: 0.6793. Saving best model to experiments/experiment_27736_best.ckpt
Test MSE group_0: 0.0524
Test MSE group_1: 0.0979
Test MSE group_2: nan
Test MSE group_3: nan
Poisson likelihood: 0.0
CE loss: 0.0
train MSE group_0: 0.0822
train MSE group_1: 0.0811
train MSE group_2: nan
train MSE group_3: nan
CE loss (TEST): 0.0
Experiment 27736
Epoch 1410 [Test seq (cond on sampled tp)] | Loss 429.295593 | Likelihood -435.920105 | KL fp 5.1624 | FP STD 0.1089|
KL coef: 0.9999992250522234
Train loss (one batch): 402.7970886230469
Train CE loss (one batch): 0.0
Test MSE (raw): 0.0879
Test MSE (smoothed with alpha=0.01): 0.6734
New best smoothed test MSE: 0.6734. Saving best model to experiments/experiment_27736_best.ckpt
Test MSE group_0: 0.0527
Test MSE group_1: 0.0980
Test MSE group_2: nan
Test MSE group_3: nan
Poisson likelihood: 0.0
CE loss: 0.0
train MSE group_0: 0.0803
train MSE group_1: 0.0812
train MSE group_2: nan
train MSE group_3: nan
CE loss (TEST): 0.0
Experiment 27736
Epoch 1420 [Test seq (cond on sampled tp)] | Loss 438.533722 | Likelihood -440.530823 | KL fp 4.9798 | FP STD 0.1248|
KL coef: 0.9999992991511217
Train loss (one batch): 404.3819885253906
Train CE loss (one batch): 0.0
Test MSE (raw): 0.0888
Test MSE (smoothed with alpha=0.01): 0.6676
New best smoothed test MSE: 0.6676. Saving best model to experiments/experiment_27736_best.ckpt
Test MSE group_0: 0.0549
Test MSE group_1: 0.0986
Test MSE group_2: nan
Test MSE group_3: nan
Poisson likelihood: 0.0
CE loss: 0.0
train MSE group_0: 0.0824
train MSE group_1: 0.0810
train MSE group_2: nan
train MSE group_3: nan
CE loss (TEST): 0.0
Experiment 27736
Epoch 1430 [Test seq (cond on sampled tp)] | Loss 431.184540 | Likelihood -436.984802 | KL fp 4.9636 | FP STD 0.1179|
KL coef: 0.9999993661648372
Train loss (one batch): 404.3998107910156
Train CE loss (one batch): 0.0
Test MSE (raw): 0.0881
Test MSE (smoothed with alpha=0.01): 0.6618
New best smoothed test MSE: 0.6618. Saving best model to experiments/experiment_27736_best.ckpt
Test MSE group_0: 0.0524
Test MSE group_1: 0.0983
Test MSE group_2: nan
Test MSE group_3: nan
Poisson likelihood: 0.0
CE loss: 0.0
train MSE group_0: 0.0815
train MSE group_1: 0.0808
train MSE group_2: nan
train MSE group_3: nan
CE loss (TEST): 0.0
Couldn't import umap
Sampling dataset of 200 training examples
############## ['350', '3850', '1850', '1521', '11051', '3750', '1921', '1150', '3550', '1121', '3651', '3531', '3721', '3311', '11721', '950', '11621', '1211', '2521', '11021', '1611', '11151', '2421', '650', '1311', '11421', '11141', '2141', '31051', '3141', '1541', '1731', '11731', '3621', '1821', '1931']
177
TensorBoard logs will be saved to: experiments/runs/27736
Traceback (most recent call last):
  File "/Users/benjaminmaurel/Documents/Training_Sanofi/notebooks_hands_on/latent_ode/run_models.py", line 287, in <module>
    train_res = model.compute_all_losses(batch_dict, n_traj_samples = 3, kl_coef = kl_coef)
                ^^^^^^^^^^^^^^^^^^^^^^^^^^^^^^^^^^^^^^^^^^^^^^^^^^^^^^^^^^^^^^^^^^^^^^^^^^^
  File "/Users/benjaminmaurel/Documents/Training_Sanofi/notebooks_hands_on/latent_ode/lib/base_models.py", line 328, in compute_all_losses
    mse = self.get_mse(
          ^^^^^^^^^^^^^
  File "/Users/benjaminmaurel/Documents/Training_Sanofi/notebooks_hands_on/latent_ode/lib/base_models.py", line 248, in get_mse
    log_density_data = compute_mse(pred_y, truth_repeated, mask = mask)
                       ^^^^^^^^^^^^^^^^^^^^^^^^^^^^^^^^^^^^^^^^^^^^^^^^
  File "/Users/benjaminmaurel/Documents/Training_Sanofi/notebooks_hands_on/latent_ode/lib/likelihood_eval.py", line 237, in compute_mse
    res = compute_masked_likelihood(mu, data, mask, mse)
          ^^^^^^^^^^^^^^^^^^^^^^^^^^^^^^^^^^^^^^^^^^^^^^
  File "/Users/benjaminmaurel/Documents/Training_Sanofi/notebooks_hands_on/latent_ode/lib/likelihood_eval.py", line 153, in compute_masked_likelihood
    log_prob = likelihood_func(mu_masked, data_masked, indices = (i,k,j))
               ^^^^^^^^^^^^^^^^^^^^^^^^^^^^^^^^^^^^^^^^^^^^^^^^^^^^^^^^^^
  File "/Users/benjaminmaurel/Documents/Training_Sanofi/notebooks_hands_on/latent_ode/lib/likelihood_eval.py", line 202, in mse
    mse = nn.MSELoss()(mu, data)
          ^^^^^^^^^^^^^^^^^^^^^^
  File "/opt/miniconda3/envs/NODE_test/lib/python3.12/site-packages/torch/nn/modules/module.py", line 1736, in _wrapped_call_impl
    return self._call_impl(*args, **kwargs)
           ^^^^^^^^^^^^^^^^^^^^^^^^^^^^^^^^
  File "/opt/miniconda3/envs/NODE_test/lib/python3.12/site-packages/torch/nn/modules/module.py", line 1747, in _call_impl
    return forward_call(*args, **kwargs)
           ^^^^^^^^^^^^^^^^^^^^^^^^^^^^^
  File "/opt/miniconda3/envs/NODE_test/lib/python3.12/site-packages/torch/nn/modules/loss.py", line 608, in forward
    return F.mse_loss(input, target, reduction=self.reduction)
           ^^^^^^^^^^^^^^^^^^^^^^^^^^^^^^^^^^^^^^^^^^^^^^^^^^^
  File "/opt/miniconda3/envs/NODE_test/lib/python3.12/site-packages/torch/nn/functional.py", line 3781, in mse_loss
    if not (target.size() == input.size()):
                             ^^^^^^^^^^^^
KeyboardInterrupt
