/opt/miniconda3/envs/NODE_test/lib/python3.12/site-packages/torchvision/io/image.py:14: UserWarning: Failed to load image Python extension: 'dlopen(/opt/miniconda3/envs/NODE_test/lib/python3.12/site-packages/torchvision/image.so, 0x0006): Library not loaded: @rpath/libjpeg.9.dylib
  Referenced from: <367D4265-B20F-34BD-94EB-4F3EE47C385B> /opt/miniconda3/envs/NODE_test/lib/python3.12/site-packages/torchvision/image.so
  Reason: tried: '/opt/miniconda3/envs/NODE_test/lib/python3.12/site-packages/torchvision/../../../libjpeg.9.dylib' (no such file), '/opt/miniconda3/envs/NODE_test/lib/python3.12/site-packages/torchvision/../../../libjpeg.9.dylib' (no such file), '/opt/miniconda3/envs/NODE_test/lib/python3.12/lib-dynload/../../libjpeg.9.dylib' (no such file), '/opt/miniconda3/envs/NODE_test/bin/../lib/libjpeg.9.dylib' (no such file)'If you don't plan on using image functionality from `torchvision.io`, you can ignore this warning. Otherwise, there might be something wrong with your environment. Did you have `libjpeg` or `libpng` installed before building `torchvision` from source?
  warn(
Couldn't import umap
Traceback (most recent call last):
  File "/Users/benjaminmaurel/Documents/Training_Sanofi/notebooks_hands_on/latent_ode/run_models.py", line 35, in <module>
    from lib.parse_datasets import parse_datasets
  File "/Users/benjaminmaurel/Documents/Training_Sanofi/notebooks_hands_on/latent_ode/lib/parse_datasets.py", line 18, in <module>
    from mujoco_physics import HopperPhysics
  File "/Users/benjaminmaurel/Documents/Training_Sanofi/notebooks_hands_on/latent_ode/mujoco_physics.py", line 11, in <module>
    from torchvision.datasets.utils import download_url
  File "/opt/miniconda3/envs/NODE_test/lib/python3.12/site-packages/torchvision/__init__.py", line 10, in <module>
    from torchvision import _meta_registrations, datasets, io, models, ops, transforms, utils  # usort:skip
    ^^^^^^^^^^^^^^^^^^^^^^^^^^^^^^^^^^^^^^^^^^^^^^^^^^^^^^^^^^^^^^^^^^^^^^^^^^^^^^^^^^^^^^^^^
  File "/opt/miniconda3/envs/NODE_test/lib/python3.12/site-packages/torchvision/models/__init__.py", line 2, in <module>
    from .convnext import *
  File "/opt/miniconda3/envs/NODE_test/lib/python3.12/site-packages/torchvision/models/convnext.py", line 8, in <module>
    from ..ops.misc import Conv2dNormActivation, Permute
  File "/opt/miniconda3/envs/NODE_test/lib/python3.12/site-packages/torchvision/ops/__init__.py", line 23, in <module>
    from .poolers import MultiScaleRoIAlign
  File "/opt/miniconda3/envs/NODE_test/lib/python3.12/site-packages/torchvision/ops/poolers.py", line 10, in <module>
    from .roi_align import roi_align
  File "/opt/miniconda3/envs/NODE_test/lib/python3.12/site-packages/torchvision/ops/roi_align.py", line 7, in <module>
    from torch._dynamo.utils import is_compile_supported
  File "/opt/miniconda3/envs/NODE_test/lib/python3.12/site-packages/torch/_dynamo/__init__.py", line 39, in <module>
    from .polyfills import loader as _  # usort: skip # noqa: F401
    ^^^^^^^^^^^^^^^^^^^^^^^^^^^^^^^^^^
  File "/opt/miniconda3/envs/NODE_test/lib/python3.12/site-packages/torch/_dynamo/polyfills/loader.py", line 22, in <module>
    POLYFILLED_MODULES: Tuple["ModuleType", ...] = tuple(
                                                   ^^^^^^
  File "/opt/miniconda3/envs/NODE_test/lib/python3.12/site-packages/torch/_dynamo/polyfills/loader.py", line 23, in <genexpr>
    importlib.import_module(f".{submodule}", package=polyfills.__name__)
  File "/opt/miniconda3/envs/NODE_test/lib/python3.12/importlib/__init__.py", line 90, in import_module
    return _bootstrap._gcd_import(name[level:], package, level)
           ^^^^^^^^^^^^^^^^^^^^^^^^^^^^^^^^^^^^^^^^^^^^^^^^^^^^
  File "/opt/miniconda3/envs/NODE_test/lib/python3.12/site-packages/torch/_dynamo/polyfills/builtins.py", line 23, in <module>
    @substitute_in_graph(builtins.all, can_constant_fold_through=True)
     ^^^^^^^^^^^^^^^^^^^^^^^^^^^^^^^^^^^^^^^^^^^^^^^^^^^^^^^^^^^^^^^^^
  File "/opt/miniconda3/envs/NODE_test/lib/python3.12/site-packages/torch/_dynamo/decorators.py", line 312, in wrapper
    rule_map: Dict[Any, Type[VariableTracker]] = get_torch_obj_rule_map()
                                                 ^^^^^^^^^^^^^^^^^^^^^^^^
  File "/opt/miniconda3/envs/NODE_test/lib/python3.12/site-packages/torch/_dynamo/trace_rules.py", line 2860, in get_torch_obj_rule_map
    obj = load_object(k)
          ^^^^^^^^^^^^^^
  File "/opt/miniconda3/envs/NODE_test/lib/python3.12/site-packages/torch/_dynamo/trace_rules.py", line 2891, in load_object
    val = _load_obj_from_str(x[0])
          ^^^^^^^^^^^^^^^^^^^^^^^^
  File "/opt/miniconda3/envs/NODE_test/lib/python3.12/site-packages/torch/_dynamo/trace_rules.py", line 2875, in _load_obj_from_str
    return getattr(importlib.import_module(module), obj_name)
                   ^^^^^^^^^^^^^^^^^^^^^^^^^^^^^^^
  File "/opt/miniconda3/envs/NODE_test/lib/python3.12/importlib/__init__.py", line 90, in import_module
    return _bootstrap._gcd_import(name[level:], package, level)
           ^^^^^^^^^^^^^^^^^^^^^^^^^^^^^^^^^^^^^^^^^^^^^^^^^^^^
  File "/opt/miniconda3/envs/NODE_test/lib/python3.12/site-packages/torch/_higher_order_ops/map.py", line 6, in <module>
    from torch._functorch.aot_autograd import AOTConfig, create_joint
  File "/opt/miniconda3/envs/NODE_test/lib/python3.12/site-packages/torch/_functorch/aot_autograd.py", line 15, in <module>
    from torch._decomp.decompositions_for_rng import PhiloxStateTracker, rng_decompositions
  File "/opt/miniconda3/envs/NODE_test/lib/python3.12/site-packages/torch/_decomp/decompositions_for_rng.py", line 227, in <module>
    extra_random_decomps = get_decompositions(
                           ^^^^^^^^^^^^^^^^^^^
  File "/opt/miniconda3/envs/NODE_test/lib/python3.12/site-packages/torch/_decomp/__init__.py", line 218, in get_decompositions
    packets_to_overloads[opo.overloadpacket].append(opo)
    ~~~~~~~~~~~~~~~~~~~~^^^^^^^^^^^^^^^^^^^^
  File "/opt/miniconda3/envs/NODE_test/lib/python3.12/site-packages/torch/_ops.py", line 1030, in __hash__
    def __hash__(self):

KeyboardInterrupt
