/opt/miniconda3/envs/NODE_test/lib/python3.12/site-packages/torchvision/io/image.py:14: UserWarning: Failed to load image Python extension: 'dlopen(/opt/miniconda3/envs/NODE_test/lib/python3.12/site-packages/torchvision/image.so, 0x0006): Library not loaded: @rpath/libjpeg.9.dylib
  Referenced from: <367D4265-B20F-34BD-94EB-4F3EE47C385B> /opt/miniconda3/envs/NODE_test/lib/python3.12/site-packages/torchvision/image.so
  Reason: tried: '/opt/miniconda3/envs/NODE_test/lib/python3.12/site-packages/torchvision/../../../libjpeg.9.dylib' (no such file), '/opt/miniconda3/envs/NODE_test/lib/python3.12/site-packages/torchvision/../../../libjpeg.9.dylib' (no such file), '/opt/miniconda3/envs/NODE_test/lib/python3.12/lib-dynload/../../libjpeg.9.dylib' (no such file), '/opt/miniconda3/envs/NODE_test/bin/../lib/libjpeg.9.dylib' (no such file)'If you don't plan on using image functionality from `torchvision.io`, you can ignore this warning. Otherwise, there might be something wrong with your environment. Did you have `libjpeg` or `libpng` installed before building `torchvision` from source?
  warn(
/Users/benjaminmaurel/Documents/Training_Sanofi/notebooks_hands_on/latent_ode/run_models.py
run_models.py --niters 5000 -n 200 -s 40 -l 10 --dataset PK_Tacro --latent-ode --noise-weight 0.01 --max-t 5. --seed 2 --experiment 24884
Experiment 24884
Epoch 0010 [Test seq (cond on sampled tp)] | Loss 5318.777832 | Likelihood -5684.349121 | KL fp 2.7352 | FP STD 0.5848|
KL coef: 0.0
Train loss (one batch): 7018.9140625
Train CE loss (one batch): 0.0
Test MSE (raw): 1.1376
Test MSE (smoothed with alpha=0.01): 1.1376
New best smoothed test MSE: 1.1376. Saving best model to experiments/experiment_24884_best.ckpt
Test MSE group_0: 1.2395
Test MSE group_1: 1.0212
Test MSE group_2: nan
Test MSE group_3: nan
Poisson likelihood: 0.0
CE loss: 0.0
train MSE group_0: 1.5861
train MSE group_1: 1.1816
train MSE group_2: nan
train MSE group_3: nan
CE loss (TEST): 0.0
Experiment 24884
Epoch 0020 [Test seq (cond on sampled tp)] | Loss 1184.033325 | Likelihood -1329.032471 | KL fp 5.9851 | FP STD 0.6698|
KL coef: 0.09561792499119559
Train loss (one batch): 1358.208740234375
Train CE loss (one batch): 0.0
Test MSE (raw): 0.2665
Test MSE (smoothed with alpha=0.01): 1.1289
New best smoothed test MSE: 1.1289. Saving best model to experiments/experiment_24884_best.ckpt
Test MSE group_0: 0.2658
Test MSE group_1: 0.2674
Test MSE group_2: nan
Test MSE group_3: nan
Poisson likelihood: 0.0
CE loss: 0.0
train MSE group_0: 0.3282
train MSE group_1: 0.2339
train MSE group_2: nan
train MSE group_3: nan
CE loss (TEST): 0.0
Experiment 24884
Epoch 0030 [Test seq (cond on sampled tp)] | Loss 740.246338 | Likelihood -795.617432 | KL fp 8.3562 | FP STD 0.5059|
KL coef: 0.18209306240276923
Train loss (one batch): 757.6172485351562
Train CE loss (one batch): 0.0
Test MSE (raw): 0.1599
Test MSE (smoothed with alpha=0.01): 1.1192
New best smoothed test MSE: 1.1192. Saving best model to experiments/experiment_24884_best.ckpt
Test MSE group_0: 0.1204
Test MSE group_1: 0.2049
Test MSE group_2: nan
Test MSE group_3: nan
Poisson likelihood: 0.0
CE loss: 0.0
train MSE group_0: 0.1281
train MSE group_1: 0.1987
train MSE group_2: nan
train MSE group_3: nan
CE loss (TEST): 0.0
Experiment 24884
Epoch 0040 [Test seq (cond on sampled tp)] | Loss 838.393188 | Likelihood -896.786133 | KL fp 8.4468 | FP STD 0.5169|
KL coef: 0.2602996266117198
Train loss (one batch): 860.5128173828125
Train CE loss (one batch): 0.0
Test MSE (raw): 0.1801
Test MSE (smoothed with alpha=0.01): 1.1098
New best smoothed test MSE: 1.1098. Saving best model to experiments/experiment_24884_best.ckpt
Test MSE group_0: 0.1458
Test MSE group_1: 0.2193
Test MSE group_2: nan
Test MSE group_3: nan
Poisson likelihood: 0.0
CE loss: 0.0
train MSE group_0: 0.1331
train MSE group_1: 0.2295
train MSE group_2: nan
train MSE group_3: nan
CE loss (TEST): 0.0
Experiment 24884
Epoch 0050 [Test seq (cond on sampled tp)] | Loss 744.125793 | Likelihood -779.849243 | KL fp 8.3508 | FP STD 0.4459|
KL coef: 0.3310282414303197
Train loss (one batch): 745.0382080078125
Train CE loss (one batch): 0.0
Test MSE (raw): 0.1567
Test MSE (smoothed with alpha=0.01): 1.1003
New best smoothed test MSE: 1.1003. Saving best model to experiments/experiment_24884_best.ckpt
Test MSE group_0: 0.1317
Test MSE group_1: 0.1853
Test MSE group_2: nan
Test MSE group_3: nan
Poisson likelihood: 0.0
CE loss: 0.0
train MSE group_0: 0.1266
train MSE group_1: 0.1848
train MSE group_2: nan
train MSE group_3: nan
CE loss (TEST): 0.0
Experiment 24884
Epoch 0060 [Test seq (cond on sampled tp)] | Loss 666.610413 | Likelihood -736.479492 | KL fp 8.2390 | FP STD 0.3983|
KL coef: 0.39499393286246365
Train loss (one batch): 726.0394897460938
Train CE loss (one batch): 0.0
Test MSE (raw): 0.1480
Test MSE (smoothed with alpha=0.01): 1.0908
New best smoothed test MSE: 1.0908. Saving best model to experiments/experiment_24884_best.ckpt
Test MSE group_0: 0.1291
Test MSE group_1: 0.1696
Test MSE group_2: nan
Test MSE group_3: nan
Poisson likelihood: 0.0
CE loss: 0.0
train MSE group_0: 0.1316
train MSE group_1: 0.1676
train MSE group_2: nan
train MSE group_3: nan
CE loss (TEST): 0.0
Experiment 24884
Epoch 0070 [Test seq (cond on sampled tp)] | Loss 667.806641 | Likelihood -732.858643 | KL fp 8.2488 | FP STD 0.3714|
KL coef: 0.4528433576092388
Train loss (one batch): 717.0514526367188
Train CE loss (one batch): 0.0
Test MSE (raw): 0.1473
Test MSE (smoothed with alpha=0.01): 1.0813
New best smoothed test MSE: 1.0813. Saving best model to experiments/experiment_24884_best.ckpt
Test MSE group_0: 0.1363
Test MSE group_1: 0.1599
Test MSE group_2: nan
Test MSE group_3: nan
Poisson likelihood: 0.0
CE loss: 0.0
train MSE group_0: 0.1337
train MSE group_1: 0.1586
train MSE group_2: nan
train MSE group_3: nan
CE loss (TEST): 0.0
Experiment 24884
Epoch 0080 [Test seq (cond on sampled tp)] | Loss 669.897461 | Likelihood -699.711060 | KL fp 8.2111 | FP STD 0.3778|
KL coef: 0.505161340399793
Train loss (one batch): 679.2295532226562
Train CE loss (one batch): 0.0
Test MSE (raw): 0.1407
Test MSE (smoothed with alpha=0.01): 1.0719
New best smoothed test MSE: 1.0719. Saving best model to experiments/experiment_24884_best.ckpt
Test MSE group_0: 0.1285
Test MSE group_1: 0.1546
Test MSE group_2: nan
Test MSE group_3: nan
Poisson likelihood: 0.0
CE loss: 0.0
train MSE group_0: 0.1249
train MSE group_1: 0.1540
train MSE group_2: nan
train MSE group_3: nan
CE loss (TEST): 0.0
Experiment 24884
Epoch 0090 [Test seq (cond on sampled tp)] | Loss 653.073547 | Likelihood -683.206421 | KL fp 8.0313 | FP STD 0.3594|
KL coef: 0.5524767862361895
Train loss (one batch): 647.9583740234375
Train CE loss (one batch): 0.0
Test MSE (raw): 0.1374
Test MSE (smoothed with alpha=0.01): 1.0626
New best smoothed test MSE: 1.0626. Saving best model to experiments/experiment_24884_best.ckpt
Test MSE group_0: 0.1265
Test MSE group_1: 0.1498
Test MSE group_2: nan
Test MSE group_3: nan
Poisson likelihood: 0.0
CE loss: 0.0
train MSE group_0: 0.1180
train MSE group_1: 0.1502
train MSE group_2: nan
train MSE group_3: nan
CE loss (TEST): 0.0
Experiment 24884
Epoch 0100 [Test seq (cond on sampled tp)] | Loss 596.926392 | Likelihood -641.017517 | KL fp 8.1148 | FP STD 0.3221|
KL coef: 0.5952680273216762
Train loss (one batch): 610.67041015625
Train CE loss (one batch): 0.0
Test MSE (raw): 0.1289
Test MSE (smoothed with alpha=0.01): 1.0532
New best smoothed test MSE: 1.0532. Saving best model to experiments/experiment_24884_best.ckpt
Test MSE group_0: 0.1193
Test MSE group_1: 0.1400
Test MSE group_2: nan
Test MSE group_3: nan
Poisson likelihood: 0.0
CE loss: 0.0
train MSE group_0: 0.1118
train MSE group_1: 0.1411
train MSE group_2: nan
train MSE group_3: nan
CE loss (TEST): 0.0
Experiment 24884
Epoch 0110 [Test seq (cond on sampled tp)] | Loss 597.402771 | Likelihood -616.025452 | KL fp 7.9576 | FP STD 0.2998|
KL coef: 0.6339676587267709
Train loss (one batch): 590.3129272460938
Train CE loss (one batch): 0.0
Test MSE (raw): 0.1239
Test MSE (smoothed with alpha=0.01): 1.0439
New best smoothed test MSE: 1.0439. Saving best model to experiments/experiment_24884_best.ckpt
Test MSE group_0: 0.1163
Test MSE group_1: 0.1327
Test MSE group_2: nan
Test MSE group_3: nan
Poisson likelihood: 0.0
CE loss: 0.0
train MSE group_0: 0.1105
train MSE group_1: 0.1315
train MSE group_2: nan
train MSE group_3: nan
CE loss (TEST): 0.0
Experiment 24884
Epoch 0120 [Test seq (cond on sampled tp)] | Loss 551.426086 | Likelihood -579.354126 | KL fp 7.9632 | FP STD 0.2784|
KL coef: 0.6689669116789861
Train loss (one batch): 555.3026733398438
Train CE loss (one batch): 0.0
Test MSE (raw): 0.1166
Test MSE (smoothed with alpha=0.01): 1.0347
New best smoothed test MSE: 1.0347. Saving best model to experiments/experiment_24884_best.ckpt
Test MSE group_0: 0.1112
Test MSE group_1: 0.1227
Test MSE group_2: nan
Test MSE group_3: nan
Poisson likelihood: 0.0
CE loss: 0.0
train MSE group_0: 0.1025
train MSE group_1: 0.1248
train MSE group_2: nan
train MSE group_3: nan
CE loss (TEST): 0.0
Experiment 24884
Epoch 0130 [Test seq (cond on sampled tp)] | Loss 511.065155 | Likelihood -553.732544 | KL fp 7.7584 | FP STD 0.2868|
KL coef: 0.7006196086876687
Train loss (one batch): 519.767822265625
Train CE loss (one batch): 0.0
Test MSE (raw): 0.1115
Test MSE (smoothed with alpha=0.01): 1.0254
New best smoothed test MSE: 1.0254. Saving best model to experiments/experiment_24884_best.ckpt
Test MSE group_0: 0.1070
Test MSE group_1: 0.1166
Test MSE group_2: nan
Test MSE group_3: nan
Poisson likelihood: 0.0
CE loss: 0.0
train MSE group_0: 0.0950
train MSE group_1: 0.1172
train MSE group_2: nan
train MSE group_3: nan
CE loss (TEST): 0.0
Experiment 24884
Epoch 0140 [Test seq (cond on sampled tp)] | Loss 508.720337 | Likelihood -523.167114 | KL fp 8.0016 | FP STD 0.2665|
KL coef: 0.729245740488006
Train loss (one batch): 501.99383544921875
Train CE loss (one batch): 0.0
Test MSE (raw): 0.1054
Test MSE (smoothed with alpha=0.01): 1.0162
New best smoothed test MSE: 1.0162. Saving best model to experiments/experiment_24884_best.ckpt
Test MSE group_0: 0.1000
Test MSE group_1: 0.1115
Test MSE group_2: nan
Test MSE group_3: nan
Poisson likelihood: 0.0
CE loss: 0.0
train MSE group_0: 0.0926
train MSE group_1: 0.1108
train MSE group_2: nan
train MSE group_3: nan
CE loss (TEST): 0.0
Experiment 24884
Epoch 0150 [Test seq (cond on sampled tp)] | Loss 475.156250 | Likelihood -500.259857 | KL fp 8.0414 | FP STD 0.2430|
KL coef: 0.7551347009650705
Train loss (one batch): 457.2333984375
Train CE loss (one batch): 0.0
Test MSE (raw): 0.1008
Test MSE (smoothed with alpha=0.01): 1.0071
New best smoothed test MSE: 1.0071. Saving best model to experiments/experiment_24884_best.ckpt
Test MSE group_0: 0.0980
Test MSE group_1: 0.1040
Test MSE group_2: nan
Test MSE group_3: nan
Poisson likelihood: 0.0
CE loss: 0.0
train MSE group_0: 0.0821
train MSE group_1: 0.1048
train MSE group_2: nan
train MSE group_3: nan
CE loss (TEST): 0.0
Experiment 24884
Epoch 0160 [Test seq (cond on sampled tp)] | Loss 454.027679 | Likelihood -471.098724 | KL fp 7.8320 | FP STD 0.2437|
KL coef: 0.7785482127611391
Train loss (one batch): 434.80255126953125
Train CE loss (one batch): 0.0
Test MSE (raw): 0.0950
Test MSE (smoothed with alpha=0.01): 0.9980
New best smoothed test MSE: 0.9980. Saving best model to experiments/experiment_24884_best.ckpt
Test MSE group_0: 0.0926
Test MSE group_1: 0.0976
Test MSE group_2: nan
Test MSE group_3: nan
Poisson likelihood: 0.0
CE loss: 0.0
train MSE group_0: 0.0785
train MSE group_1: 0.1005
train MSE group_2: nan
train MSE group_3: nan
CE loss (TEST): 0.0
Experiment 24884
Epoch 0170 [Test seq (cond on sampled tp)] | Loss 424.591309 | Likelihood -443.037750 | KL fp 7.6263 | FP STD 0.2374|
KL coef: 0.7997229731425107
Train loss (one batch): 402.602294921875
Train CE loss (one batch): 0.0
Test MSE (raw): 0.0893
Test MSE (smoothed with alpha=0.01): 0.9889
New best smoothed test MSE: 0.9889. Saving best model to experiments/experiment_24884_best.ckpt
Test MSE group_0: 0.0876
Test MSE group_1: 0.0914
Test MSE group_2: nan
Test MSE group_3: nan
Poisson likelihood: 0.0
CE loss: 0.0
train MSE group_0: 0.0723
train MSE group_1: 0.0915
train MSE group_2: nan
train MSE group_3: nan
CE loss (TEST): 0.0
Experiment 24884
Epoch 0180 [Test seq (cond on sampled tp)] | Loss 405.705322 | Likelihood -415.209961 | KL fp 7.4697 | FP STD 0.2573|
KL coef: 0.8188730468740297
Train loss (one batch): 371.7657775878906
Train CE loss (one batch): 0.0
Test MSE (raw): 0.0838
Test MSE (smoothed with alpha=0.01): 0.9798
New best smoothed test MSE: 0.9798. Saving best model to experiments/experiment_24884_best.ckpt
Test MSE group_0: 0.0814
Test MSE group_1: 0.0865
Test MSE group_2: nan
Test MSE group_3: nan
Poisson likelihood: 0.0
CE loss: 0.0
train MSE group_0: 0.0638
train MSE group_1: 0.0909
train MSE group_2: nan
train MSE group_3: nan
CE loss (TEST): 0.0
Experiment 24884
Epoch 0190 [Test seq (cond on sampled tp)] | Loss 376.829895 | Likelihood -378.209503 | KL fp 7.5143 | FP STD 0.2324|
KL coef: 0.8361920302919126
Train loss (one batch): 340.9756164550781
Train CE loss (one batch): 0.0
Test MSE (raw): 0.0764
Test MSE (smoothed with alpha=0.01): 0.9708
New best smoothed test MSE: 0.9708. Saving best model to experiments/experiment_24884_best.ckpt
Test MSE group_0: 0.0742
Test MSE group_1: 0.0789
Test MSE group_2: nan
Test MSE group_3: nan
Poisson likelihood: 0.0
CE loss: 0.0
train MSE group_0: 0.0569
train MSE group_1: 0.0825
train MSE group_2: nan
train MSE group_3: nan
CE loss (TEST): 0.0
Experiment 24884
Epoch 0200 [Test seq (cond on sampled tp)] | Loss 332.777374 | Likelihood -342.662933 | KL fp 7.7398 | FP STD 0.2044|
KL coef: 0.8518550084524206
Train loss (one batch): 300.721435546875
Train CE loss (one batch): 0.0
Test MSE (raw): 0.0693
Test MSE (smoothed with alpha=0.01): 0.9618
New best smoothed test MSE: 0.9618. Saving best model to experiments/experiment_24884_best.ckpt
Test MSE group_0: 0.0675
Test MSE group_1: 0.0712
Test MSE group_2: nan
Test MSE group_3: nan
Poisson likelihood: 0.0
CE loss: 0.0
train MSE group_0: 0.0484
train MSE group_1: 0.0748
train MSE group_2: nan
train MSE group_3: nan
CE loss (TEST): 0.0
Experiment 24884
Epoch 0210 [Test seq (cond on sampled tp)] | Loss 313.621948 | Likelihood -315.762482 | KL fp 7.4605 | FP STD 0.2233|
KL coef: 0.8660203251420383
Train loss (one batch): 276.8480529785156
Train CE loss (one batch): 0.0
Test MSE (raw): 0.0639
Test MSE (smoothed with alpha=0.01): 0.9528
New best smoothed test MSE: 0.9528. Saving best model to experiments/experiment_24884_best.ckpt
Test MSE group_0: 0.0613
Test MSE group_1: 0.0669
Test MSE group_2: nan
Test MSE group_3: nan
Poisson likelihood: 0.0
CE loss: 0.0
train MSE group_0: 0.0423
train MSE group_1: 0.0718
train MSE group_2: nan
train MSE group_3: nan
CE loss (TEST): 0.0
Experiment 24884
Epoch 0220 [Test seq (cond on sampled tp)] | Loss 298.294983 | Likelihood -305.186920 | KL fp 7.3423 | FP STD 0.2477|
KL coef: 0.8788311836429517
Train loss (one batch): 268.72271728515625
Train CE loss (one batch): 0.0
Test MSE (raw): 0.0618
Test MSE (smoothed with alpha=0.01): 0.9439
New best smoothed test MSE: 0.9439. Saving best model to experiments/experiment_24884_best.ckpt
Test MSE group_0: 0.0578
Test MSE group_1: 0.0663
Test MSE group_2: nan
Test MSE group_3: nan
Poisson likelihood: 0.0
CE loss: 0.0
train MSE group_0: 0.0406
train MSE group_1: 0.0719
train MSE group_2: nan
train MSE group_3: nan
CE loss (TEST): 0.0
Experiment 24884
Epoch 0230 [Test seq (cond on sampled tp)] | Loss 283.810944 | Likelihood -295.954865 | KL fp 7.4078 | FP STD 0.2411|
KL coef: 0.8904170944366518
Train loss (one batch): 267.13531494140625
Train CE loss (one batch): 0.0
Test MSE (raw): 0.0599
Test MSE (smoothed with alpha=0.01): 0.9350
New best smoothed test MSE: 0.9350. Saving best model to experiments/experiment_24884_best.ckpt
Test MSE group_0: 0.0561
Test MSE group_1: 0.0643
Test MSE group_2: nan
Test MSE group_3: nan
Poisson likelihood: 0.0
CE loss: 0.0
train MSE group_0: 0.0389
train MSE group_1: 0.0721
train MSE group_2: nan
train MSE group_3: nan
CE loss (TEST): 0.0
Experiment 24884
Epoch 0240 [Test seq (cond on sampled tp)] | Loss 291.139954 | Likelihood -290.461975 | KL fp 7.6379 | FP STD 0.2241|
KL coef: 0.9008951844811254
Train loss (one batch): 262.7391357421875
Train CE loss (one batch): 0.0
Test MSE (raw): 0.0588
Test MSE (smoothed with alpha=0.01): 0.9263
New best smoothed test MSE: 0.9263. Saving best model to experiments/experiment_24884_best.ckpt
Test MSE group_0: 0.0538
Test MSE group_1: 0.0646
Test MSE group_2: nan
Test MSE group_3: nan
Poisson likelihood: 0.0
CE loss: 0.0
train MSE group_0: 0.0375
train MSE group_1: 0.0715
train MSE group_2: nan
train MSE group_3: nan
CE loss (TEST): 0.0
Experiment 24884
Epoch 0250 [Test seq (cond on sampled tp)] | Loss 286.007050 | Likelihood -288.848297 | KL fp 7.5947 | FP STD 0.2120|
KL coef: 0.9103713812976754
Train loss (one batch): 254.5895538330078
Train CE loss (one batch): 0.0
Test MSE (raw): 0.0585
Test MSE (smoothed with alpha=0.01): 0.9176
New best smoothed test MSE: 0.9176. Saving best model to experiments/experiment_24884_best.ckpt
Test MSE group_0: 0.0536
Test MSE group_1: 0.0641
Test MSE group_2: nan
Test MSE group_3: nan
Poisson likelihood: 0.0
CE loss: 0.0
train MSE group_0: 0.0362
train MSE group_1: 0.0706
train MSE group_2: nan
train MSE group_3: nan
CE loss (TEST): 0.0
Experiment 24884
Epoch 0260 [Test seq (cond on sampled tp)] | Loss 286.070801 | Likelihood -284.395966 | KL fp 7.7131 | FP STD 0.1955|
KL coef: 0.9189414838378187
Train loss (one batch): 249.8173065185547
Train CE loss (one batch): 0.0
Test MSE (raw): 0.0576
Test MSE (smoothed with alpha=0.01): 0.9090
New best smoothed test MSE: 0.9090. Saving best model to experiments/experiment_24884_best.ckpt
Test MSE group_0: 0.0523
Test MSE group_1: 0.0637
Test MSE group_2: nan
Test MSE group_3: nan
Poisson likelihood: 0.0
CE loss: 0.0
train MSE group_0: 0.0346
train MSE group_1: 0.0698
train MSE group_2: nan
train MSE group_3: nan
CE loss (TEST): 0.0
Experiment 24884
Epoch 0270 [Test seq (cond on sampled tp)] | Loss 278.878693 | Likelihood -278.882996 | KL fp 7.7807 | FP STD 0.1854|
KL coef: 0.9266921309561118
Train loss (one batch): 249.31858825683594
Train CE loss (one batch): 0.0
Test MSE (raw): 0.0565
Test MSE (smoothed with alpha=0.01): 0.9005
New best smoothed test MSE: 0.9005. Saving best model to experiments/experiment_24884_best.ckpt
Test MSE group_0: 0.0501
Test MSE group_1: 0.0639
Test MSE group_2: nan
Test MSE group_3: nan
Poisson likelihood: 0.0
CE loss: 0.0
train MSE group_0: 0.0339
train MSE group_1: 0.0700
train MSE group_2: nan
train MSE group_3: nan
CE loss (TEST): 0.0
Experiment 24884
Epoch 0280 [Test seq (cond on sampled tp)] | Loss 282.478516 | Likelihood -279.932068 | KL fp 7.7438 | FP STD 0.1802|
KL coef: 0.9337016772796147
Train loss (one batch): 245.52450561523438
Train CE loss (one batch): 0.0
Test MSE (raw): 0.0567
Test MSE (smoothed with alpha=0.01): 0.8920
New best smoothed test MSE: 0.8920. Saving best model to experiments/experiment_24884_best.ckpt
Test MSE group_0: 0.0504
Test MSE group_1: 0.0639
Test MSE group_2: nan
Test MSE group_3: nan
Poisson likelihood: 0.0
CE loss: 0.0
train MSE group_0: 0.0340
train MSE group_1: 0.0689
train MSE group_2: nan
train MSE group_3: nan
CE loss (TEST): 0.0
Experiment 24884
Epoch 0290 [Test seq (cond on sampled tp)] | Loss 278.502960 | Likelihood -277.077972 | KL fp 7.7884 | FP STD 0.1795|
KL coef: 0.9400409853285345
Train loss (one batch): 245.17098999023438
Train CE loss (one batch): 0.0
Test MSE (raw): 0.0562
Test MSE (smoothed with alpha=0.01): 0.8837
New best smoothed test MSE: 0.8837. Saving best model to experiments/experiment_24884_best.ckpt
Test MSE group_0: 0.0492
Test MSE group_1: 0.0640
Test MSE group_2: nan
Test MSE group_3: nan
Poisson likelihood: 0.0
CE loss: 0.0
train MSE group_0: 0.0335
train MSE group_1: 0.0688
train MSE group_2: nan
train MSE group_3: nan
CE loss (TEST): 0.0
Experiment 24884
Epoch 0300 [Test seq (cond on sampled tp)] | Loss 276.282440 | Likelihood -275.940125 | KL fp 7.8064 | FP STD 0.1754|
KL coef: 0.9457741418959368
Train loss (one batch): 243.8856658935547
Train CE loss (one batch): 0.0
Test MSE (raw): 0.0559
Test MSE (smoothed with alpha=0.01): 0.8754
New best smoothed test MSE: 0.8754. Saving best model to experiments/experiment_24884_best.ckpt
Test MSE group_0: 0.0495
Test MSE group_1: 0.0633
Test MSE group_2: nan
Test MSE group_3: nan
Poisson likelihood: 0.0
CE loss: 0.0
train MSE group_0: 0.0333
train MSE group_1: 0.0686
train MSE group_2: nan
train MSE group_3: nan
CE loss (TEST): 0.0
Experiment 24884
Epoch 0310 [Test seq (cond on sampled tp)] | Loss 278.039764 | Likelihood -275.510101 | KL fp 7.9637 | FP STD 0.1665|
KL coef: 0.9509591059287142
Train loss (one batch): 241.96240234375
Train CE loss (one batch): 0.0
Test MSE (raw): 0.0558
Test MSE (smoothed with alpha=0.01): 0.8672
New best smoothed test MSE: 0.8672. Saving best model to experiments/experiment_24884_best.ckpt
Test MSE group_0: 0.0488
Test MSE group_1: 0.0638
Test MSE group_2: nan
Test MSE group_3: nan
Poisson likelihood: 0.0
CE loss: 0.0
train MSE group_0: 0.0322
train MSE group_1: 0.0687
train MSE group_2: nan
train MSE group_3: nan
CE loss (TEST): 0.0
Experiment 24884
Epoch 0320 [Test seq (cond on sampled tp)] | Loss 273.193878 | Likelihood -272.081635 | KL fp 7.5936 | FP STD 0.1841|
KL coef: 0.9556482944595236
Train loss (one batch): 244.86114501953125
Train CE loss (one batch): 0.0
Test MSE (raw): 0.0552
Test MSE (smoothed with alpha=0.01): 0.8591
New best smoothed test MSE: 0.8591. Saving best model to experiments/experiment_24884_best.ckpt
Test MSE group_0: 0.0476
Test MSE group_1: 0.0638
Test MSE group_2: nan
Test MSE group_3: nan
Poisson likelihood: 0.0
CE loss: 0.0
train MSE group_0: 0.0331
train MSE group_1: 0.0691
train MSE group_2: nan
train MSE group_3: nan
CE loss (TEST): 0.0
Experiment 24884
Epoch 0330 [Test seq (cond on sampled tp)] | Loss 270.962463 | Likelihood -274.755524 | KL fp 7.6391 | FP STD 0.1776|
KL coef: 0.9598891125131245
Train loss (one batch): 241.2895965576172
Train CE loss (one batch): 0.0
Test MSE (raw): 0.0557
Test MSE (smoothed with alpha=0.01): 0.8511
New best smoothed test MSE: 0.8511. Saving best model to experiments/experiment_24884_best.ckpt
Test MSE group_0: 0.0479
Test MSE group_1: 0.0646
Test MSE group_2: nan
Test MSE group_3: nan
Poisson likelihood: 0.0
CE loss: 0.0
train MSE group_0: 0.0324
train MSE group_1: 0.0684
train MSE group_2: nan
train MSE group_3: nan
CE loss (TEST): 0.0
Experiment 24884
Epoch 0340 [Test seq (cond on sampled tp)] | Loss 278.242432 | Likelihood -276.190094 | KL fp 7.5710 | FP STD 0.1813|
KL coef: 0.9637244323441748
Train loss (one batch): 242.6009063720703
Train CE loss (one batch): 0.0
Test MSE (raw): 0.0560
Test MSE (smoothed with alpha=0.01): 0.8431
New best smoothed test MSE: 0.8431. Saving best model to experiments/experiment_24884_best.ckpt
Test MSE group_0: 0.0478
Test MSE group_1: 0.0653
Test MSE group_2: nan
Test MSE group_3: nan
Poisson likelihood: 0.0
CE loss: 0.0
train MSE group_0: 0.0329
train MSE group_1: 0.0689
train MSE group_2: nan
train MSE group_3: nan
CE loss (TEST): 0.0
Experiment 24884
Epoch 0350 [Test seq (cond on sampled tp)] | Loss 270.275085 | Likelihood -274.677063 | KL fp 7.4313 | FP STD 0.2062|
KL coef: 0.9671930268513026
Train loss (one batch): 245.57586669921875
Train CE loss (one batch): 0.0
Test MSE (raw): 0.0557
Test MSE (smoothed with alpha=0.01): 0.8352
New best smoothed test MSE: 0.8352. Saving best model to experiments/experiment_24884_best.ckpt
Test MSE group_0: 0.0475
Test MSE group_1: 0.0650
Test MSE group_2: nan
Test MSE group_3: nan
Poisson likelihood: 0.0
CE loss: 0.0
train MSE group_0: 0.0338
train MSE group_1: 0.0687
train MSE group_2: nan
train MSE group_3: nan
CE loss (TEST): 0.0
Experiment 24884
Epoch 0360 [Test seq (cond on sampled tp)] | Loss 279.630371 | Likelihood -288.558136 | KL fp 7.2957 | FP STD 0.2207|
KL coef: 0.9703299615490228
Train loss (one batch): 250.56707763671875
Train CE loss (one batch): 0.0
Test MSE (raw): 0.0584
Test MSE (smoothed with alpha=0.01): 0.8275
New best smoothed test MSE: 0.8275. Saving best model to experiments/experiment_24884_best.ckpt
Test MSE group_0: 0.0504
Test MSE group_1: 0.0677
Test MSE group_2: nan
Test MSE group_3: nan
Poisson likelihood: 0.0
CE loss: 0.0
train MSE group_0: 0.0340
train MSE group_1: 0.0708
train MSE group_2: nan
train MSE group_3: nan
CE loss (TEST): 0.0
Experiment 24884
Epoch 0370 [Test seq (cond on sampled tp)] | Loss 279.545288 | Likelihood -283.638336 | KL fp 7.3695 | FP STD 0.2032|
KL coef: 0.9731669490601144
Train loss (one batch): 246.66476440429688
Train CE loss (one batch): 0.0
Test MSE (raw): 0.0575
Test MSE (smoothed with alpha=0.01): 0.8198
New best smoothed test MSE: 0.8198. Saving best model to experiments/experiment_24884_best.ckpt
Test MSE group_0: 0.0502
Test MSE group_1: 0.0658
Test MSE group_2: nan
Test MSE group_3: nan
Poisson likelihood: 0.0
CE loss: 0.0
train MSE group_0: 0.0344
train MSE group_1: 0.0693
train MSE group_2: nan
train MSE group_3: nan
CE loss (TEST): 0.0
Experiment 24884
Epoch 0380 [Test seq (cond on sampled tp)] | Loss 270.360626 | Likelihood -269.375427 | KL fp 7.4636 | FP STD 0.1863|
KL coef: 0.9757326697121692
Train loss (one batch): 243.77658081054688
Train CE loss (one batch): 0.0
Test MSE (raw): 0.0546
Test MSE (smoothed with alpha=0.01): 0.8121
New best smoothed test MSE: 0.8121. Saving best model to experiments/experiment_24884_best.ckpt
Test MSE group_0: 0.0463
Test MSE group_1: 0.0641
Test MSE group_2: nan
Test MSE group_3: nan
Poisson likelihood: 0.0
CE loss: 0.0
train MSE group_0: 0.0319
train MSE group_1: 0.0701
train MSE group_2: nan
train MSE group_3: nan
CE loss (TEST): 0.0
Experiment 24884
Epoch 0390 [Test seq (cond on sampled tp)] | Loss 267.360046 | Likelihood -266.664124 | KL fp 7.5069 | FP STD 0.1929|
KL coef: 0.9780530614793677
Train loss (one batch): 236.9183349609375
Train CE loss (one batch): 0.0
Test MSE (raw): 0.0541
Test MSE (smoothed with alpha=0.01): 0.8045
New best smoothed test MSE: 0.8045. Saving best model to experiments/experiment_24884_best.ckpt
Test MSE group_0: 0.0458
Test MSE group_1: 0.0635
Test MSE group_2: nan
Test MSE group_3: nan
Poisson likelihood: 0.0
CE loss: 0.0
train MSE group_0: 0.0320
train MSE group_1: 0.0666
train MSE group_2: nan
train MSE group_3: nan
CE loss (TEST): 0.0
Experiment 24884
Epoch 0400 [Test seq (cond on sampled tp)] | Loss 268.729431 | Likelihood -268.314453 | KL fp 7.5772 | FP STD 0.1943|
KL coef: 0.9801515822006198
Train loss (one batch): 237.95689392089844
Train CE loss (one batch): 0.0
Test MSE (raw): 0.0544
Test MSE (smoothed with alpha=0.01): 0.7970
New best smoothed test MSE: 0.7970. Saving best model to experiments/experiment_24884_best.ckpt
Test MSE group_0: 0.0456
Test MSE group_1: 0.0644
Test MSE group_2: nan
Test MSE group_3: nan
Poisson likelihood: 0.0
CE loss: 0.0
train MSE group_0: 0.0318
train MSE group_1: 0.0672
train MSE group_2: nan
train MSE group_3: nan
CE loss (TEST): 0.0
Experiment 24884
Epoch 0410 [Test seq (cond on sampled tp)] | Loss 269.048553 | Likelihood -269.248779 | KL fp 7.5321 | FP STD 0.1944|
KL coef: 0.9820494467249549
Train loss (one batch): 236.98370361328125
Train CE loss (one batch): 0.0
Test MSE (raw): 0.0546
Test MSE (smoothed with alpha=0.01): 0.7896
New best smoothed test MSE: 0.7896. Saving best model to experiments/experiment_24884_best.ckpt
Test MSE group_0: 0.0461
Test MSE group_1: 0.0643
Test MSE group_2: nan
Test MSE group_3: nan
Poisson likelihood: 0.0
CE loss: 0.0
train MSE group_0: 0.0313
train MSE group_1: 0.0676
train MSE group_2: nan
train MSE group_3: nan
CE loss (TEST): 0.0
Experiment 24884
Epoch 0420 [Test seq (cond on sampled tp)] | Loss 266.508362 | Likelihood -264.867859 | KL fp 7.5569 | FP STD 0.1869|
KL coef: 0.9837658413815585
Train loss (one batch): 236.57174682617188
Train CE loss (one batch): 0.0
Test MSE (raw): 0.0537
Test MSE (smoothed with alpha=0.01): 0.7822
New best smoothed test MSE: 0.7822. Saving best model to experiments/experiment_24884_best.ckpt
Test MSE group_0: 0.0450
Test MSE group_1: 0.0636
Test MSE group_2: nan
Test MSE group_3: nan
Poisson likelihood: 0.0
CE loss: 0.0
train MSE group_0: 0.0313
train MSE group_1: 0.0675
train MSE group_2: nan
train MSE group_3: nan
CE loss (TEST): 0.0
Experiment 24884
Epoch 0430 [Test seq (cond on sampled tp)] | Loss 268.031891 | Likelihood -266.951996 | KL fp 7.5907 | FP STD 0.1795|
KL coef: 0.9853181179426319
Train loss (one batch): 235.86654663085938
Train CE loss (one batch): 0.0
Test MSE (raw): 0.0541
Test MSE (smoothed with alpha=0.01): 0.7750
New best smoothed test MSE: 0.7750. Saving best model to experiments/experiment_24884_best.ckpt
Test MSE group_0: 0.0453
Test MSE group_1: 0.0643
Test MSE group_2: nan
Test MSE group_3: nan
Poisson likelihood: 0.0
CE loss: 0.0
train MSE group_0: 0.0306
train MSE group_1: 0.0678
train MSE group_2: nan
train MSE group_3: nan
CE loss (TEST): 0.0
Experiment 24884
Epoch 0440 [Test seq (cond on sampled tp)] | Loss 267.718445 | Likelihood -263.804840 | KL fp 7.6881 | FP STD 0.1739|
KL coef: 0.9867219690399229
Train loss (one batch): 232.36990356445312
Train CE loss (one batch): 0.0
Test MSE (raw): 0.0535
Test MSE (smoothed with alpha=0.01): 0.7678
New best smoothed test MSE: 0.7678. Saving best model to experiments/experiment_24884_best.ckpt
Test MSE group_0: 0.0443
Test MSE group_1: 0.0640
Test MSE group_2: nan
Test MSE group_3: nan
Poisson likelihood: 0.0
CE loss: 0.0
train MSE group_0: 0.0301
train MSE group_1: 0.0668
train MSE group_2: nan
train MSE group_3: nan
CE loss (TEST): 0.0
Experiment 24884
Epoch 0450 [Test seq (cond on sampled tp)] | Loss 267.623138 | Likelihood -264.064728 | KL fp 7.6211 | FP STD 0.1736|
KL coef: 0.9879915868082944
Train loss (one batch): 233.13368225097656
Train CE loss (one batch): 0.0
Test MSE (raw): 0.0536
Test MSE (smoothed with alpha=0.01): 0.7606
New best smoothed test MSE: 0.7606. Saving best model to experiments/experiment_24884_best.ckpt
Test MSE group_0: 0.0443
Test MSE group_1: 0.0641
Test MSE group_2: nan
Test MSE group_3: nan
Poisson likelihood: 0.0
CE loss: 0.0
train MSE group_0: 0.0305
train MSE group_1: 0.0671
train MSE group_2: nan
train MSE group_3: nan
CE loss (TEST): 0.0
Experiment 24884
Epoch 0460 [Test seq (cond on sampled tp)] | Loss 263.844208 | Likelihood -262.423737 | KL fp 7.5567 | FP STD 0.1731|
KL coef: 0.9891398063601221
Train loss (one batch): 233.1632537841797
Train CE loss (one batch): 0.0
Test MSE (raw): 0.0532
Test MSE (smoothed with alpha=0.01): 0.7535
New best smoothed test MSE: 0.7535. Saving best model to experiments/experiment_24884_best.ckpt
Test MSE group_0: 0.0439
Test MSE group_1: 0.0639
Test MSE group_2: nan
Test MSE group_3: nan
Poisson likelihood: 0.0
CE loss: 0.0
train MSE group_0: 0.0307
train MSE group_1: 0.0668
train MSE group_2: nan
train MSE group_3: nan
CE loss (TEST): 0.0
Experiment 24884
Epoch 0470 [Test seq (cond on sampled tp)] | Loss 267.113159 | Likelihood -263.426208 | KL fp 7.5154 | FP STD 0.1718|
KL coef: 0.9901782355409698
Train loss (one batch): 232.2699432373047
Train CE loss (one batch): 0.0
Test MSE (raw): 0.0534
Test MSE (smoothed with alpha=0.01): 0.7465
New best smoothed test MSE: 0.7465. Saving best model to experiments/experiment_24884_best.ckpt
Test MSE group_0: 0.0443
Test MSE group_1: 0.0639
Test MSE group_2: nan
Test MSE group_3: nan
Poisson likelihood: 0.0
CE loss: 0.0
train MSE group_0: 0.0303
train MSE group_1: 0.0667
train MSE group_2: nan
train MSE group_3: nan
CE loss (TEST): 0.0
Experiment 24884
Epoch 0480 [Test seq (cond on sampled tp)] | Loss 265.589752 | Likelihood -263.108246 | KL fp 7.4990 | FP STD 0.1709|
KL coef: 0.9911173722782946
Train loss (one batch): 230.978271484375
Train CE loss (one batch): 0.0
Test MSE (raw): 0.0534
Test MSE (smoothed with alpha=0.01): 0.7396
New best smoothed test MSE: 0.7396. Saving best model to experiments/experiment_24884_best.ckpt
Test MSE group_0: 0.0437
Test MSE group_1: 0.0644
Test MSE group_2: nan
Test MSE group_3: nan
Poisson likelihood: 0.0
CE loss: 0.0
train MSE group_0: 0.0298
train MSE group_1: 0.0666
train MSE group_2: nan
train MSE group_3: nan
CE loss (TEST): 0.0
Experiment 24884
Epoch 0490 [Test seq (cond on sampled tp)] | Loss 262.429596 | Likelihood -262.626801 | KL fp 7.5454 | FP STD 0.1662|
KL coef: 0.9919667107095133
Train loss (one batch): 231.1510009765625
Train CE loss (one batch): 0.0
Test MSE (raw): 0.0533
Test MSE (smoothed with alpha=0.01): 0.7327
New best smoothed test MSE: 0.7327. Saving best model to experiments/experiment_24884_best.ckpt
Test MSE group_0: 0.0439
Test MSE group_1: 0.0640
Test MSE group_2: nan
Test MSE group_3: nan
Poisson likelihood: 0.0
CE loss: 0.0
train MSE group_0: 0.0303
train MSE group_1: 0.0667
train MSE group_2: nan
train MSE group_3: nan
CE loss (TEST): 0.0
Experiment 24884
Epoch 0500 [Test seq (cond on sampled tp)] | Loss 264.932831 | Likelihood -261.472290 | KL fp 7.6058 | FP STD 0.1607|
KL coef: 0.9927348371623237
Train loss (one batch): 230.11927795410156
Train CE loss (one batch): 0.0
Test MSE (raw): 0.0530
Test MSE (smoothed with alpha=0.01): 0.7259
New best smoothed test MSE: 0.7259. Saving best model to experiments/experiment_24884_best.ckpt
Test MSE group_0: 0.0437
Test MSE group_1: 0.0637
Test MSE group_2: nan
Test MSE group_3: nan
Poisson likelihood: 0.0
CE loss: 0.0
train MSE group_0: 0.0302
train MSE group_1: 0.0659
train MSE group_2: nan
train MSE group_3: nan
CE loss (TEST): 0.0
Experiment 24884
Epoch 0510 [Test seq (cond on sampled tp)] | Loss 264.220642 | Likelihood -261.586273 | KL fp 7.6009 | FP STD 0.1579|
KL coef: 0.9934295169575854
Train loss (one batch): 230.0281524658203
Train CE loss (one batch): 0.0
Test MSE (raw): 0.0531
Test MSE (smoothed with alpha=0.01): 0.7192
New best smoothed test MSE: 0.7192. Saving best model to experiments/experiment_24884_best.ckpt
Test MSE group_0: 0.0433
Test MSE group_1: 0.0643
Test MSE group_2: nan
Test MSE group_3: nan
Poisson likelihood: 0.0
CE loss: 0.0
train MSE group_0: 0.0299
train MSE group_1: 0.0660
train MSE group_2: nan
train MSE group_3: nan
CE loss (TEST): 0.0
Experiment 24884
Epoch 0520 [Test seq (cond on sampled tp)] | Loss 260.805450 | Likelihood -259.110992 | KL fp 7.6181 | FP STD 0.1563|
KL coef: 0.9940577729122909
Train loss (one batch): 230.57923889160156
Train CE loss (one batch): 0.0
Test MSE (raw): 0.0526
Test MSE (smoothed with alpha=0.01): 0.7125
New best smoothed test MSE: 0.7125. Saving best model to experiments/experiment_24884_best.ckpt
Test MSE group_0: 0.0428
Test MSE group_1: 0.0637
Test MSE group_2: nan
Test MSE group_3: nan
Poisson likelihood: 0.0
CE loss: 0.0
train MSE group_0: 0.0297
train MSE group_1: 0.0667
train MSE group_2: nan
train MSE group_3: nan
CE loss (TEST): 0.0
Experiment 24884
Epoch 0530 [Test seq (cond on sampled tp)] | Loss 261.262268 | Likelihood -258.859314 | KL fp 7.6178 | FP STD 0.1550|
KL coef: 0.9946259563362442
Train loss (one batch): 228.16317749023438
Train CE loss (one batch): 0.0
Test MSE (raw): 0.0525
Test MSE (smoothed with alpha=0.01): 0.7059
New best smoothed test MSE: 0.7059. Saving best model to experiments/experiment_24884_best.ckpt
Test MSE group_0: 0.0426
Test MSE group_1: 0.0638
Test MSE group_2: nan
Test MSE group_3: nan
Poisson likelihood: 0.0
CE loss: 0.0
train MSE group_0: 0.0292
train MSE group_1: 0.0660
train MSE group_2: nan
train MSE group_3: nan
CE loss (TEST): 0.0
Experiment 24884
Epoch 0540 [Test seq (cond on sampled tp)] | Loss 261.508087 | Likelihood -259.038147 | KL fp 7.6181 | FP STD 0.1544|
KL coef: 0.9951398112401846
Train loss (one batch): 228.34442138671875
Train CE loss (one batch): 0.0
Test MSE (raw): 0.0525
Test MSE (smoothed with alpha=0.01): 0.6994
New best smoothed test MSE: 0.6994. Saving best model to experiments/experiment_24884_best.ckpt
Test MSE group_0: 0.0429
Test MSE group_1: 0.0636
Test MSE group_2: nan
Test MSE group_3: nan
Poisson likelihood: 0.0
CE loss: 0.0
train MSE group_0: 0.0293
train MSE group_1: 0.0662
train MSE group_2: nan
train MSE group_3: nan
CE loss (TEST): 0.0
Experiment 24884
Epoch 0550 [Test seq (cond on sampled tp)] | Loss 259.458191 | Likelihood -258.956238 | KL fp 7.5552 | FP STD 0.1545|
KL coef: 0.9956045324044637
Train loss (one batch): 228.88465881347656
Train CE loss (one batch): 0.0
Test MSE (raw): 0.0525
Test MSE (smoothed with alpha=0.01): 0.6929
New best smoothed test MSE: 0.6929. Saving best model to experiments/experiment_24884_best.ckpt
Test MSE group_0: 0.0426
Test MSE group_1: 0.0638
Test MSE group_2: nan
Test MSE group_3: nan
Poisson likelihood: 0.0
CE loss: 0.0
train MSE group_0: 0.0298
train MSE group_1: 0.0656
train MSE group_2: nan
train MSE group_3: nan
CE loss (TEST): 0.0
Experiment 24884
Epoch 0560 [Test seq (cond on sampled tp)] | Loss 261.494141 | Likelihood -258.186890 | KL fp 7.5671 | FP STD 0.1517|
KL coef: 0.9960248178953148
Train loss (one batch): 227.41378784179688
Train CE loss (one batch): 0.0
Test MSE (raw): 0.0524
Test MSE (smoothed with alpha=0.01): 0.6865
New best smoothed test MSE: 0.6865. Saving best model to experiments/experiment_24884_best.ckpt
Test MSE group_0: 0.0423
Test MSE group_1: 0.0639
Test MSE group_2: nan
Test MSE group_3: nan
Poisson likelihood: 0.0
CE loss: 0.0
train MSE group_0: 0.0290
train MSE group_1: 0.0659
train MSE group_2: nan
train MSE group_3: nan
CE loss (TEST): 0.0
Experiment 24884
Epoch 0570 [Test seq (cond on sampled tp)] | Loss 260.854736 | Likelihood -258.115662 | KL fp 7.6272 | FP STD 0.1480|
KL coef: 0.996404916559627
Train loss (one batch): 227.55311584472656
Train CE loss (one batch): 0.0
Test MSE (raw): 0.0524
Test MSE (smoothed with alpha=0.01): 0.6802
New best smoothed test MSE: 0.6802. Saving best model to experiments/experiment_24884_best.ckpt
Test MSE group_0: 0.0420
Test MSE group_1: 0.0642
Test MSE group_2: nan
Test MSE group_3: nan
Poisson likelihood: 0.0
CE loss: 0.0
train MSE group_0: 0.0292
train MSE group_1: 0.0658
train MSE group_2: nan
train MSE group_3: nan
CE loss (TEST): 0.0
Experiment 24884
Epoch 0580 [Test seq (cond on sampled tp)] | Loss 259.946747 | Likelihood -257.077515 | KL fp 7.6258 | FP STD 0.1464|
KL coef: 0.9967486709783656
Train loss (one batch): 226.8350067138672
Train CE loss (one batch): 0.0
Test MSE (raw): 0.0522
Test MSE (smoothed with alpha=0.01): 0.6739
New best smoothed test MSE: 0.6739. Saving best model to experiments/experiment_24884_best.ckpt
Test MSE group_0: 0.0418
Test MSE group_1: 0.0640
Test MSE group_2: nan
Test MSE group_3: nan
Poisson likelihood: 0.0
CE loss: 0.0
train MSE group_0: 0.0292
train MSE group_1: 0.0654
train MSE group_2: nan
train MSE group_3: nan
CE loss (TEST): 0.0
Experiment 24884
Epoch 0590 [Test seq (cond on sampled tp)] | Loss 262.401459 | Likelihood -258.902985 | KL fp 7.6098 | FP STD 0.1455|
KL coef: 0.997059556312878
Train loss (one batch): 228.2757110595703
Train CE loss (one batch): 0.0
Test MSE (raw): 0.0525
Test MSE (smoothed with alpha=0.01): 0.6677
New best smoothed test MSE: 0.6677. Saving best model to experiments/experiment_24884_best.ckpt
Test MSE group_0: 0.0425
Test MSE group_1: 0.0640
Test MSE group_2: nan
Test MSE group_3: nan
Poisson likelihood: 0.0
CE loss: 0.0
train MSE group_0: 0.0293
train MSE group_1: 0.0660
train MSE group_2: nan
train MSE group_3: nan
CE loss (TEST): 0.0
Experiment 24884
Epoch 0600 [Test seq (cond on sampled tp)] | Loss 260.640350 | Likelihood -257.550934 | KL fp 7.5782 | FP STD 0.1469|
KL coef: 0.997340715436794
Train loss (one batch): 226.06338500976562
Train CE loss (one batch): 0.0
Test MSE (raw): 0.0522
Test MSE (smoothed with alpha=0.01): 0.6615
New best smoothed test MSE: 0.6615. Saving best model to experiments/experiment_24884_best.ckpt
Test MSE group_0: 0.0417
Test MSE group_1: 0.0644
Test MSE group_2: nan
Test MSE group_3: nan
Poisson likelihood: 0.0
CE loss: 0.0
train MSE group_0: 0.0291
train MSE group_1: 0.0652
train MSE group_2: nan
train MSE group_3: nan
CE loss (TEST): 0.0
Experiment 24884
Epoch 0610 [Test seq (cond on sampled tp)] | Loss 259.131317 | Likelihood -255.681320 | KL fp 7.5197 | FP STD 0.1470|
KL coef: 0.997594990708689
Train loss (one batch): 224.87979125976562
Train CE loss (one batch): 0.0
Test MSE (raw): 0.0519
Test MSE (smoothed with alpha=0.01): 0.6555
New best smoothed test MSE: 0.6555. Saving best model to experiments/experiment_24884_best.ckpt
Test MSE group_0: 0.0419
Test MSE group_1: 0.0633
Test MSE group_2: nan
Test MSE group_3: nan
Poisson likelihood: 0.0
CE loss: 0.0
train MSE group_0: 0.0285
train MSE group_1: 0.0658
train MSE group_2: nan
train MSE group_3: nan
CE loss (TEST): 0.0
Experiment 24884
Epoch 0620 [Test seq (cond on sampled tp)] | Loss 260.909760 | Likelihood -257.654724 | KL fp 7.5633 | FP STD 0.1458|
KL coef: 0.9978249527067087
Train loss (one batch): 225.9652862548828
Train CE loss (one batch): 0.0
Test MSE (raw): 0.0523
Test MSE (smoothed with alpha=0.01): 0.6494
New best smoothed test MSE: 0.6494. Saving best model to experiments/experiment_24884_best.ckpt
Test MSE group_0: 0.0419
Test MSE group_1: 0.0641
Test MSE group_2: nan
Test MSE group_3: nan
Poisson likelihood: 0.0
CE loss: 0.0
train MSE group_0: 0.0291
train MSE group_1: 0.0653
train MSE group_2: nan
train MSE group_3: nan
CE loss (TEST): 0.0
Experiment 24884
Epoch 0630 [Test seq (cond on sampled tp)] | Loss 262.233063 | Likelihood -257.745544 | KL fp 7.5939 | FP STD 0.1429|
KL coef: 0.9980329262156509
Train loss (one batch): 223.97116088867188
Train CE loss (one batch): 0.0
Test MSE (raw): 0.0523
Test MSE (smoothed with alpha=0.01): 0.6434
New best smoothed test MSE: 0.6434. Saving best model to experiments/experiment_24884_best.ckpt
Test MSE group_0: 0.0419
Test MSE group_1: 0.0641
Test MSE group_2: nan
Test MSE group_3: nan
Poisson likelihood: 0.0
CE loss: 0.0
train MSE group_0: 0.0287
train MSE group_1: 0.0652
train MSE group_2: nan
train MSE group_3: nan
CE loss (TEST): 0.0
Experiment 24884
Epoch 0640 [Test seq (cond on sampled tp)] | Loss 259.711884 | Likelihood -255.388702 | KL fp 7.5709 | FP STD 0.1420|
KL coef: 0.9982210137292149
Train loss (one batch): 225.32656860351562
Train CE loss (one batch): 0.0
Test MSE (raw): 0.0518
Test MSE (smoothed with alpha=0.01): 0.6375
New best smoothed test MSE: 0.6375. Saving best model to experiments/experiment_24884_best.ckpt
Test MSE group_0: 0.0414
Test MSE group_1: 0.0637
Test MSE group_2: nan
Test MSE group_3: nan
Poisson likelihood: 0.0
CE loss: 0.0
train MSE group_0: 0.0290
train MSE group_1: 0.0652
train MSE group_2: nan
train MSE group_3: nan
CE loss (TEST): 0.0
Experiment 24884
Epoch 0650 [Test seq (cond on sampled tp)] | Loss 258.241821 | Likelihood -255.381027 | KL fp 7.5842 | FP STD 0.1411|
KL coef: 0.9983911167050152
Train loss (one batch): 224.669921875
Train CE loss (one batch): 0.0
Test MSE (raw): 0.0518
Test MSE (smoothed with alpha=0.01): 0.6317
New best smoothed test MSE: 0.6317. Saving best model to experiments/experiment_24884_best.ckpt
Test MSE group_0: 0.0412
Test MSE group_1: 0.0639
Test MSE group_2: nan
Test MSE group_3: nan
Poisson likelihood: 0.0
CE loss: 0.0
train MSE group_0: 0.0285
train MSE group_1: 0.0655
train MSE group_2: nan
train MSE group_3: nan
CE loss (TEST): 0.0
Experiment 24884
Epoch 0660 [Test seq (cond on sampled tp)] | Loss 256.023376 | Likelihood -254.673431 | KL fp 7.5714 | FP STD 0.1408|
KL coef: 0.9985449547872347
Train loss (one batch): 224.78782653808594
Train CE loss (one batch): 0.0
Test MSE (raw): 0.0517
Test MSE (smoothed with alpha=0.01): 0.6259
New best smoothed test MSE: 0.6259. Saving best model to experiments/experiment_24884_best.ckpt
Test MSE group_0: 0.0409
Test MSE group_1: 0.0639
Test MSE group_2: nan
Test MSE group_3: nan
Poisson likelihood: 0.0
CE loss: 0.0
train MSE group_0: 0.0287
train MSE group_1: 0.0651
train MSE group_2: nan
train MSE group_3: nan
CE loss (TEST): 0.0
Experiment 24884
Epoch 0670 [Test seq (cond on sampled tp)] | Loss 259.935608 | Likelihood -256.120789 | KL fp 7.5645 | FP STD 0.1394|
KL coef: 0.9986840831912477
Train loss (one batch): 224.4088897705078
Train CE loss (one batch): 0.0
Test MSE (raw): 0.0520
Test MSE (smoothed with alpha=0.01): 0.6201
New best smoothed test MSE: 0.6201. Saving best model to experiments/experiment_24884_best.ckpt
Test MSE group_0: 0.0414
Test MSE group_1: 0.0640
Test MSE group_2: nan
Test MSE group_3: nan
Poisson likelihood: 0.0
CE loss: 0.0
train MSE group_0: 0.0289
train MSE group_1: 0.0650
train MSE group_2: nan
train MSE group_3: nan
CE loss (TEST): 0.0
Experiment 24884
Epoch 0680 [Test seq (cond on sampled tp)] | Loss 258.444427 | Likelihood -254.536133 | KL fp 7.5955 | FP STD 0.1368|
KL coef: 0.9988099084259616
Train loss (one batch): 225.63330078125
Train CE loss (one batch): 0.0
Test MSE (raw): 0.0516
Test MSE (smoothed with alpha=0.01): 0.6145
New best smoothed test MSE: 0.6145. Saving best model to experiments/experiment_24884_best.ckpt
Test MSE group_0: 0.0410
Test MSE group_1: 0.0638
Test MSE group_2: nan
Test MSE group_3: nan
Poisson likelihood: 0.0
CE loss: 0.0
train MSE group_0: 0.0286
train MSE group_1: 0.0656
train MSE group_2: nan
train MSE group_3: nan
CE loss (TEST): 0.0
Experiment 24884
Epoch 0690 [Test seq (cond on sampled tp)] | Loss 259.304871 | Likelihood -255.240875 | KL fp 7.6424 | FP STD 0.1337|
KL coef: 0.9989237025128207
Train loss (one batch): 223.1584930419922
Train CE loss (one batch): 0.0
Test MSE (raw): 0.0518
Test MSE (smoothed with alpha=0.01): 0.6088
New best smoothed test MSE: 0.6088. Saving best model to experiments/experiment_24884_best.ckpt
Test MSE group_0: 0.0413
Test MSE group_1: 0.0638
Test MSE group_2: nan
Test MSE group_3: nan
Poisson likelihood: 0.0
CE loss: 0.0
train MSE group_0: 0.0285
train MSE group_1: 0.0646
train MSE group_2: nan
train MSE group_3: nan
CE loss (TEST): 0.0
Experiment 24884
Epoch 0700 [Test seq (cond on sampled tp)] | Loss 256.018860 | Likelihood -253.227264 | KL fp 7.6641 | FP STD 0.1318|
KL coef: 0.999026615845218
Train loss (one batch): 222.729736328125
Train CE loss (one batch): 0.0
Test MSE (raw): 0.0514
Test MSE (smoothed with alpha=0.01): 0.6033
New best smoothed test MSE: 0.6033. Saving best model to experiments/experiment_24884_best.ckpt
Test MSE group_0: 0.0408
Test MSE group_1: 0.0634
Test MSE group_2: nan
Test MSE group_3: nan
Poisson likelihood: 0.0
CE loss: 0.0
train MSE group_0: 0.0283
train MSE group_1: 0.0648
train MSE group_2: nan
train MSE group_3: nan
CE loss (TEST): 0.0
Experiment 24884
Epoch 0710 [Test seq (cond on sampled tp)] | Loss 257.604095 | Likelihood -253.577240 | KL fp 7.6085 | FP STD 0.1327|
KL coef: 0.9991196888183176
Train loss (one batch): 222.88409423828125
Train CE loss (one batch): 0.0
Test MSE (raw): 0.0515
Test MSE (smoothed with alpha=0.01): 0.5977
New best smoothed test MSE: 0.5977. Saving best model to experiments/experiment_24884_best.ckpt
Test MSE group_0: 0.0406
Test MSE group_1: 0.0638
Test MSE group_2: nan
Test MSE group_3: nan
Poisson likelihood: 0.0
CE loss: 0.0
train MSE group_0: 0.0282
train MSE group_1: 0.0648
train MSE group_2: nan
train MSE group_3: nan
CE loss (TEST): 0.0
Experiment 24884
Epoch 0720 [Test seq (cond on sampled tp)] | Loss 256.745148 | Likelihood -252.846390 | KL fp 7.6042 | FP STD 0.1324|
KL coef: 0.9992038623468565
Train loss (one batch): 221.9029998779297
Train CE loss (one batch): 0.0
Test MSE (raw): 0.0513
Test MSE (smoothed with alpha=0.01): 0.5923
New best smoothed test MSE: 0.5923. Saving best model to experiments/experiment_24884_best.ckpt
Test MSE group_0: 0.0405
Test MSE group_1: 0.0636
Test MSE group_2: nan
Test MSE group_3: nan
Poisson likelihood: 0.0
CE loss: 0.0
train MSE group_0: 0.0280
train MSE group_1: 0.0649
train MSE group_2: nan
train MSE group_3: nan
CE loss (TEST): 0.0
Experiment 24884
Epoch 0730 [Test seq (cond on sampled tp)] | Loss 256.257019 | Likelihood -252.742310 | KL fp 7.5912 | FP STD 0.1321|
KL coef: 0.9992799873772575
Train loss (one batch): 221.83042907714844
Train CE loss (one batch): 0.0
Test MSE (raw): 0.0513
Test MSE (smoothed with alpha=0.01): 0.5869
New best smoothed test MSE: 0.5869. Saving best model to experiments/experiment_24884_best.ckpt
Test MSE group_0: 0.0405
Test MSE group_1: 0.0636
Test MSE group_2: nan
Test MSE group_3: nan
Poisson likelihood: 0.0
CE loss: 0.0
train MSE group_0: 0.0284
train MSE group_1: 0.0647
train MSE group_2: nan
train MSE group_3: nan
CE loss (TEST): 0.0
Experiment 24884
Epoch 0740 [Test seq (cond on sampled tp)] | Loss 256.103394 | Likelihood -252.281052 | KL fp 7.6141 | FP STD 0.1304|
KL coef: 0.9993488334902116
Train loss (one batch): 222.02029418945312
Train CE loss (one batch): 0.0
Test MSE (raw): 0.0512
Test MSE (smoothed with alpha=0.01): 0.5815
New best smoothed test MSE: 0.5815. Saving best model to experiments/experiment_24884_best.ckpt
Test MSE group_0: 0.0403
Test MSE group_1: 0.0637
Test MSE group_2: nan
Test MSE group_3: nan
Poisson likelihood: 0.0
CE loss: 0.0
train MSE group_0: 0.0282
train MSE group_1: 0.0646
train MSE group_2: nan
train MSE group_3: nan
CE loss (TEST): 0.0
Experiment 24884
Epoch 0750 [Test seq (cond on sampled tp)] | Loss 256.459320 | Likelihood -253.871429 | KL fp 7.6390 | FP STD 0.1284|
KL coef: 0.9994110966807014
Train loss (one batch): 223.00267028808594
Train CE loss (one batch): 0.0
Test MSE (raw): 0.0515
Test MSE (smoothed with alpha=0.01): 0.5762
New best smoothed test MSE: 0.5762. Saving best model to experiments/experiment_24884_best.ckpt
Test MSE group_0: 0.0410
Test MSE group_1: 0.0635
Test MSE group_2: nan
Test MSE group_3: nan
Poisson likelihood: 0.0
CE loss: 0.0
train MSE group_0: 0.0285
train MSE group_1: 0.0645
train MSE group_2: nan
train MSE group_3: nan
CE loss (TEST): 0.0
Experiment 24884
Epoch 0760 [Test seq (cond on sampled tp)] | Loss 257.410767 | Likelihood -253.124191 | KL fp 7.6985 | FP STD 0.1267|
KL coef: 0.9994674063941131
Train loss (one batch): 221.362548828125
Train CE loss (one batch): 0.0
Test MSE (raw): 0.0514
Test MSE (smoothed with alpha=0.01): 0.5710
New best smoothed test MSE: 0.5710. Saving best model to experiments/experiment_24884_best.ckpt
Test MSE group_0: 0.0403
Test MSE group_1: 0.0640
Test MSE group_2: nan
Test MSE group_3: nan
Poisson likelihood: 0.0
CE loss: 0.0
train MSE group_0: 0.0283
train MSE group_1: 0.0644
train MSE group_2: nan
train MSE group_3: nan
CE loss (TEST): 0.0
Experiment 24884
Epoch 0770 [Test seq (cond on sampled tp)] | Loss 254.260712 | Likelihood -253.499023 | KL fp 7.6954 | FP STD 0.1254|
KL coef: 0.9995183318895716
Train loss (one batch): 222.91346740722656
Train CE loss (one batch): 0.0
Test MSE (raw): 0.0514
Test MSE (smoothed with alpha=0.01): 0.5658
New best smoothed test MSE: 0.5658. Saving best model to experiments/experiment_24884_best.ckpt
Test MSE group_0: 0.0406
Test MSE group_1: 0.0638
Test MSE group_2: nan
Test MSE group_3: nan
Poisson likelihood: 0.0
CE loss: 0.0
train MSE group_0: 0.0281
train MSE group_1: 0.0651
train MSE group_2: nan
train MSE group_3: nan
CE loss (TEST): 0.0
Experiment 24884
Epoch 0780 [Test seq (cond on sampled tp)] | Loss 256.760223 | Likelihood -253.120880 | KL fp 7.6980 | FP STD 0.1255|
KL coef: 0.9995643879948252
Train loss (one batch): 220.95840454101562
Train CE loss (one batch): 0.0
Test MSE (raw): 0.0514
Test MSE (smoothed with alpha=0.01): 0.5606
New best smoothed test MSE: 0.5606. Saving best model to experiments/experiment_24884_best.ckpt
Test MSE group_0: 0.0405
Test MSE group_1: 0.0638
Test MSE group_2: nan
Test MSE group_3: nan
Poisson likelihood: 0.0
CE loss: 0.0
train MSE group_0: 0.0279
train MSE group_1: 0.0646
train MSE group_2: nan
train MSE group_3: nan
CE loss (TEST): 0.0
Experiment 24884
Epoch 0790 [Test seq (cond on sampled tp)] | Loss 255.192459 | Likelihood -251.964432 | KL fp 7.6625 | FP STD 0.1256|
KL coef: 0.9996060403108612
Train loss (one batch): 221.5275115966797
Train CE loss (one batch): 0.0
Test MSE (raw): 0.0511
Test MSE (smoothed with alpha=0.01): 0.5555
New best smoothed test MSE: 0.5555. Saving best model to experiments/experiment_24884_best.ckpt
Test MSE group_0: 0.0404
Test MSE group_1: 0.0634
Test MSE group_2: nan
Test MSE group_3: nan
Poisson likelihood: 0.0
CE loss: 0.0
train MSE group_0: 0.0280
train MSE group_1: 0.0647
train MSE group_2: nan
train MSE group_3: nan
CE loss (TEST): 0.0
Experiment 24884
Epoch 0800 [Test seq (cond on sampled tp)] | Loss 255.755356 | Likelihood -252.117355 | KL fp 7.6731 | FP STD 0.1259|
KL coef: 0.9996437099188669
Train loss (one batch): 221.9132843017578
Train CE loss (one batch): 0.0
Test MSE (raw): 0.0512
Test MSE (smoothed with alpha=0.01): 0.5505
New best smoothed test MSE: 0.5505. Saving best model to experiments/experiment_24884_best.ckpt
Test MSE group_0: 0.0403
Test MSE group_1: 0.0636
Test MSE group_2: nan
Test MSE group_3: nan
Poisson likelihood: 0.0
CE loss: 0.0
train MSE group_0: 0.0283
train MSE group_1: 0.0643
train MSE group_2: nan
train MSE group_3: nan
CE loss (TEST): 0.0
Experiment 24884
Epoch 0810 [Test seq (cond on sampled tp)] | Loss 254.653580 | Likelihood -253.199921 | KL fp 7.6671 | FP STD 0.1245|
KL coef: 0.9996777776371197
Train loss (one batch): 220.74000549316406
Train CE loss (one batch): 0.0
Test MSE (raw): 0.0514
Test MSE (smoothed with alpha=0.01): 0.5455
New best smoothed test MSE: 0.5455. Saving best model to experiments/experiment_24884_best.ckpt
Test MSE group_0: 0.0405
Test MSE group_1: 0.0638
Test MSE group_2: nan
Test MSE group_3: nan
Poisson likelihood: 0.0
CE loss: 0.0
train MSE group_0: 0.0278
train MSE group_1: 0.0644
train MSE group_2: nan
train MSE group_3: nan
CE loss (TEST): 0.0
Experiment 24884
Epoch 0820 [Test seq (cond on sampled tp)] | Loss 254.598633 | Likelihood -251.828949 | KL fp 7.6295 | FP STD 0.1261|
KL coef: 0.9997085878708442
Train loss (one batch): 220.8050537109375
Train CE loss (one batch): 0.0
Test MSE (raw): 0.0511
Test MSE (smoothed with alpha=0.01): 0.5405
New best smoothed test MSE: 0.5405. Saving best model to experiments/experiment_24884_best.ckpt
Test MSE group_0: 0.0402
Test MSE group_1: 0.0636
Test MSE group_2: nan
Test MSE group_3: nan
Poisson likelihood: 0.0
CE loss: 0.0
train MSE group_0: 0.0280
train MSE group_1: 0.0646
train MSE group_2: nan
train MSE group_3: nan
CE loss (TEST): 0.0
Experiment 24884
Epoch 0830 [Test seq (cond on sampled tp)] | Loss 255.548431 | Likelihood -251.378326 | KL fp 7.6190 | FP STD 0.1265|
KL coef: 0.9997364520939512
Train loss (one batch): 220.36074829101562
Train CE loss (one batch): 0.0
Test MSE (raw): 0.0510
Test MSE (smoothed with alpha=0.01): 0.5356
New best smoothed test MSE: 0.5356. Saving best model to experiments/experiment_24884_best.ckpt
Test MSE group_0: 0.0400
Test MSE group_1: 0.0636
Test MSE group_2: nan
Test MSE group_3: nan
Poisson likelihood: 0.0
CE loss: 0.0
train MSE group_0: 0.0281
train MSE group_1: 0.0639
train MSE group_2: nan
train MSE group_3: nan
CE loss (TEST): 0.0
Experiment 24884
Epoch 0840 [Test seq (cond on sampled tp)] | Loss 255.773331 | Likelihood -252.160446 | KL fp 7.6148 | FP STD 0.1263|
KL coef: 0.9997616519978635
Train loss (one batch): 220.23040771484375
Train CE loss (one batch): 0.0
Test MSE (raw): 0.0512
Test MSE (smoothed with alpha=0.01): 0.5308
New best smoothed test MSE: 0.5308. Saving best model to experiments/experiment_24884_best.ckpt
Test MSE group_0: 0.0402
Test MSE group_1: 0.0637
Test MSE group_2: nan
Test MSE group_3: nan
Poisson likelihood: 0.0
CE loss: 0.0
train MSE group_0: 0.0278
train MSE group_1: 0.0645
train MSE group_2: nan
train MSE group_3: nan
CE loss (TEST): 0.0
Experiment 24884
Epoch 0850 [Test seq (cond on sampled tp)] | Loss 253.368561 | Likelihood -250.868408 | KL fp 7.6056 | FP STD 0.1264|
KL coef: 0.9997844423392536
Train loss (one batch): 221.08944702148438
Train CE loss (one batch): 0.0
Test MSE (raw): 0.0509
Test MSE (smoothed with alpha=0.01): 0.5260
New best smoothed test MSE: 0.5260. Saving best model to experiments/experiment_24884_best.ckpt
Test MSE group_0: 0.0398
Test MSE group_1: 0.0636
Test MSE group_2: nan
Test MSE group_3: nan
Poisson likelihood: 0.0
CE loss: 0.0
train MSE group_0: 0.0279
train MSE group_1: 0.0645
train MSE group_2: nan
train MSE group_3: nan
CE loss (TEST): 0.0
Experiment 24884
Epoch 0860 [Test seq (cond on sampled tp)] | Loss 253.318405 | Likelihood -250.519012 | KL fp 7.6210 | FP STD 0.1244|
KL coef: 0.9998050535154901
Train loss (one batch): 221.20834350585938
Train CE loss (one batch): 0.0
Test MSE (raw): 0.0508
Test MSE (smoothed with alpha=0.01): 0.5213
New best smoothed test MSE: 0.5213. Saving best model to experiments/experiment_24884_best.ckpt
Test MSE group_0: 0.0398
Test MSE group_1: 0.0635
Test MSE group_2: nan
Test MSE group_3: nan
Poisson likelihood: 0.0
CE loss: 0.0
train MSE group_0: 0.0281
train MSE group_1: 0.0643
train MSE group_2: nan
train MSE group_3: nan
CE loss (TEST): 0.0
Experiment 24884
Epoch 0870 [Test seq (cond on sampled tp)] | Loss 254.518692 | Likelihood -250.685257 | KL fp 7.6679 | FP STD 0.1225|
KL coef: 0.9998236938938232
Train loss (one batch): 220.73716735839844
Train CE loss (one batch): 0.0
Test MSE (raw): 0.0509
Test MSE (smoothed with alpha=0.01): 0.5165
New best smoothed test MSE: 0.5165. Saving best model to experiments/experiment_24884_best.ckpt
Test MSE group_0: 0.0395
Test MSE group_1: 0.0639
Test MSE group_2: nan
Test MSE group_3: nan
Poisson likelihood: 0.0
CE loss: 0.0
train MSE group_0: 0.0280
train MSE group_1: 0.0642
train MSE group_2: nan
train MSE group_3: nan
CE loss (TEST): 0.0
Experiment 24884
Epoch 0880 [Test seq (cond on sampled tp)] | Loss 254.329498 | Likelihood -250.278351 | KL fp 7.6537 | FP STD 0.1213|
KL coef: 0.9998405519178591
Train loss (one batch): 220.06349182128906
Train CE loss (one batch): 0.0
Test MSE (raw): 0.0508
Test MSE (smoothed with alpha=0.01): 0.5119
New best smoothed test MSE: 0.5119. Saving best model to experiments/experiment_24884_best.ckpt
Test MSE group_0: 0.0395
Test MSE group_1: 0.0637
Test MSE group_2: nan
Test MSE group_3: nan
Poisson likelihood: 0.0
CE loss: 0.0
train MSE group_0: 0.0277
train MSE group_1: 0.0643
train MSE group_2: nan
train MSE group_3: nan
CE loss (TEST): 0.0
Experiment 24884
Epoch 0890 [Test seq (cond on sampled tp)] | Loss 255.402023 | Likelihood -251.214569 | KL fp 7.6689 | FP STD 0.1208|
KL coef: 0.9998557980126173
Train loss (one batch): 219.6708984375
Train CE loss (one batch): 0.0
Test MSE (raw): 0.0510
Test MSE (smoothed with alpha=0.01): 0.5073
New best smoothed test MSE: 0.5073. Saving best model to experiments/experiment_24884_best.ckpt
Test MSE group_0: 0.0401
Test MSE group_1: 0.0634
Test MSE group_2: nan
Test MSE group_3: nan
Poisson likelihood: 0.0
CE loss: 0.0
train MSE group_0: 0.0277
train MSE group_1: 0.0641
train MSE group_2: nan
train MSE group_3: nan
CE loss (TEST): 0.0
Experiment 24884
Epoch 0900 [Test seq (cond on sampled tp)] | Loss 254.060104 | Likelihood -250.016602 | KL fp 7.6813 | FP STD 0.1205|
KL coef: 0.9998695863074304
Train loss (one batch): 219.2469940185547
Train CE loss (one batch): 0.0
Test MSE (raw): 0.0507
Test MSE (smoothed with alpha=0.01): 0.5027
New best smoothed test MSE: 0.5027. Saving best model to experiments/experiment_24884_best.ckpt
Test MSE group_0: 0.0398
Test MSE group_1: 0.0633
Test MSE group_2: nan
Test MSE group_3: nan
Poisson likelihood: 0.0
CE loss: 0.0
train MSE group_0: 0.0277
train MSE group_1: 0.0642
train MSE group_2: nan
train MSE group_3: nan
CE loss (TEST): 0.0
Experiment 24884
Epoch 0910 [Test seq (cond on sampled tp)] | Loss 254.719467 | Likelihood -250.042694 | KL fp 7.6621 | FP STD 0.1209|
KL coef: 0.9998820561941043
Train loss (one batch): 219.94483947753906
Train CE loss (one batch): 0.0
Test MSE (raw): 0.0507
Test MSE (smoothed with alpha=0.01): 0.4982
New best smoothed test MSE: 0.4982. Saving best model to experiments/experiment_24884_best.ckpt
Test MSE group_0: 0.0393
Test MSE group_1: 0.0638
Test MSE group_2: nan
Test MSE group_3: nan
Poisson likelihood: 0.0
CE loss: 0.0
train MSE group_0: 0.0279
train MSE group_1: 0.0640
train MSE group_2: nan
train MSE group_3: nan
CE loss (TEST): 0.0
Experiment 24884
Epoch 0920 [Test seq (cond on sampled tp)] | Loss 255.159729 | Likelihood -251.062302 | KL fp 7.6946 | FP STD 0.1194|
KL coef: 0.9998933337360897
Train loss (one batch): 219.04466247558594
Train CE loss (one batch): 0.0
Test MSE (raw): 0.0509
Test MSE (smoothed with alpha=0.01): 0.4937
New best smoothed test MSE: 0.4937. Saving best model to experiments/experiment_24884_best.ckpt
Test MSE group_0: 0.0396
Test MSE group_1: 0.0640
Test MSE group_2: nan
Test MSE group_3: nan
Poisson likelihood: 0.0
CE loss: 0.0
train MSE group_0: 0.0275
train MSE group_1: 0.0641
train MSE group_2: nan
train MSE group_3: nan
CE loss (TEST): 0.0
Experiment 24884
Epoch 0930 [Test seq (cond on sampled tp)] | Loss 255.498413 | Likelihood -250.594635 | KL fp 7.7054 | FP STD 0.1194|
KL coef: 0.9999035329429113
Train loss (one batch): 218.21209716796875
Train CE loss (one batch): 0.0
Test MSE (raw): 0.0509
Test MSE (smoothed with alpha=0.01): 0.4893
New best smoothed test MSE: 0.4893. Saving best model to experiments/experiment_24884_best.ckpt
Test MSE group_0: 0.0395
Test MSE group_1: 0.0639
Test MSE group_2: nan
Test MSE group_3: nan
Poisson likelihood: 0.0
CE loss: 0.0
train MSE group_0: 0.0275
train MSE group_1: 0.0639
train MSE group_2: nan
train MSE group_3: nan
CE loss (TEST): 0.0
Experiment 24884
Epoch 0940 [Test seq (cond on sampled tp)] | Loss 254.749634 | Likelihood -250.224686 | KL fp 7.6212 | FP STD 0.1201|
KL coef: 0.9999127569227402
Train loss (one batch): 218.10205078125
Train CE loss (one batch): 0.0
Test MSE (raw): 0.0508
Test MSE (smoothed with alpha=0.01): 0.4849
New best smoothed test MSE: 0.4849. Saving best model to experiments/experiment_24884_best.ckpt
Test MSE group_0: 0.0395
Test MSE group_1: 0.0636
Test MSE group_2: nan
Test MSE group_3: nan
Poisson likelihood: 0.0
CE loss: 0.0
train MSE group_0: 0.0276
train MSE group_1: 0.0638
train MSE group_2: nan
train MSE group_3: nan
CE loss (TEST): 0.0
Experiment 24884
Epoch 0950 [Test seq (cond on sampled tp)] | Loss 253.972275 | Likelihood -249.475143 | KL fp 7.6626 | FP STD 0.1194|
KL coef: 0.9999210989247576
Train loss (one batch): 219.25039672851562
Train CE loss (one batch): 0.0
Test MSE (raw): 0.0506
Test MSE (smoothed with alpha=0.01): 0.4806
New best smoothed test MSE: 0.4806. Saving best model to experiments/experiment_24884_best.ckpt
Test MSE group_0: 0.0391
Test MSE group_1: 0.0638
Test MSE group_2: nan
Test MSE group_3: nan
Poisson likelihood: 0.0
CE loss: 0.0
train MSE group_0: 0.0275
train MSE group_1: 0.0642
train MSE group_2: nan
train MSE group_3: nan
CE loss (TEST): 0.0
Experiment 24884
Epoch 0960 [Test seq (cond on sampled tp)] | Loss 254.792480 | Likelihood -249.998215 | KL fp 7.6532 | FP STD 0.1174|
KL coef: 0.9999286432818518
Train loss (one batch): 219.22320556640625
Train CE loss (one batch): 0.0
Test MSE (raw): 0.0507
Test MSE (smoothed with alpha=0.01): 0.4763
New best smoothed test MSE: 0.4763. Saving best model to experiments/experiment_24884_best.ckpt
Test MSE group_0: 0.0398
Test MSE group_1: 0.0632
Test MSE group_2: nan
Test MSE group_3: nan
Poisson likelihood: 0.0
CE loss: 0.0
train MSE group_0: 0.0274
train MSE group_1: 0.0644
train MSE group_2: nan
train MSE group_3: nan
CE loss (TEST): 0.0
Experiment 24884
Epoch 0970 [Test seq (cond on sampled tp)] | Loss 254.595108 | Likelihood -250.497406 | KL fp 7.6787 | FP STD 0.1159|
KL coef: 0.9999354662631753
Train loss (one batch): 218.29510498046875
Train CE loss (one batch): 0.0
Test MSE (raw): 0.0508
Test MSE (smoothed with alpha=0.01): 0.4720
New best smoothed test MSE: 0.4720. Saving best model to experiments/experiment_24884_best.ckpt
Test MSE group_0: 0.0396
Test MSE group_1: 0.0636
Test MSE group_2: nan
Test MSE group_3: nan
Poisson likelihood: 0.0
CE loss: 0.0
train MSE group_0: 0.0276
train MSE group_1: 0.0636
train MSE group_2: nan
train MSE group_3: nan
CE loss (TEST): 0.0
Experiment 24884
Epoch 0980 [Test seq (cond on sampled tp)] | Loss 252.828445 | Likelihood -249.326904 | KL fp 7.6860 | FP STD 0.1157|
KL coef: 0.9999416368451824
Train loss (one batch): 218.12991333007812
Train CE loss (one batch): 0.0
Test MSE (raw): 0.0506
Test MSE (smoothed with alpha=0.01): 0.4678
New best smoothed test MSE: 0.4678. Saving best model to experiments/experiment_24884_best.ckpt
Test MSE group_0: 0.0392
Test MSE group_1: 0.0637
Test MSE group_2: nan
Test MSE group_3: nan
Poisson likelihood: 0.0
CE loss: 0.0
train MSE group_0: 0.0274
train MSE group_1: 0.0638
train MSE group_2: nan
train MSE group_3: nan
CE loss (TEST): 0.0
Experiment 24884
Epoch 0990 [Test seq (cond on sampled tp)] | Loss 253.312958 | Likelihood -249.796753 | KL fp 7.6573 | FP STD 0.1160|
KL coef: 0.9999472174089421
Train loss (one batch): 217.69383239746094
Train CE loss (one batch): 0.0
Test MSE (raw): 0.0507
Test MSE (smoothed with alpha=0.01): 0.4636
New best smoothed test MSE: 0.4636. Saving best model to experiments/experiment_24884_best.ckpt
Test MSE group_0: 0.0393
Test MSE group_1: 0.0638
Test MSE group_2: nan
Test MSE group_3: nan
Poisson likelihood: 0.0
CE loss: 0.0
train MSE group_0: 0.0273
train MSE group_1: 0.0640
train MSE group_2: nan
train MSE group_3: nan
CE loss (TEST): 0.0
Experiment 24884
Epoch 1000 [Test seq (cond on sampled tp)] | Loss 253.980072 | Likelihood -249.165451 | KL fp 7.6426 | FP STD 0.1163|
KL coef: 0.9999522643707747
Train loss (one batch): 217.25558471679688
Train CE loss (one batch): 0.0
Test MSE (raw): 0.0506
Test MSE (smoothed with alpha=0.01): 0.4595
New best smoothed test MSE: 0.4595. Saving best model to experiments/experiment_24884_best.ckpt
Test MSE group_0: 0.0391
Test MSE group_1: 0.0637
Test MSE group_2: nan
Test MSE group_3: nan
Poisson likelihood: 0.0
CE loss: 0.0
train MSE group_0: 0.0275
train MSE group_1: 0.0635
train MSE group_2: nan
train MSE group_3: nan
CE loss (TEST): 0.0
Experiment 24884
Epoch 1010 [Test seq (cond on sampled tp)] | Loss 253.224167 | Likelihood -249.361206 | KL fp 7.6215 | FP STD 0.1167|
KL coef: 0.9999568287525893
Train loss (one batch): 217.65396118164062
Train CE loss (one batch): 0.0
Test MSE (raw): 0.0506
Test MSE (smoothed with alpha=0.01): 0.4554
New best smoothed test MSE: 0.4554. Saving best model to experiments/experiment_24884_best.ckpt
Test MSE group_0: 0.0392
Test MSE group_1: 0.0636
Test MSE group_2: nan
Test MSE group_3: nan
Poisson likelihood: 0.0
CE loss: 0.0
train MSE group_0: 0.0274
train MSE group_1: 0.0637
train MSE group_2: nan
train MSE group_3: nan
CE loss (TEST): 0.0
Experiment 24884
Epoch 1020 [Test seq (cond on sampled tp)] | Loss 253.900070 | Likelihood -249.781982 | KL fp 7.6565 | FP STD 0.1157|
KL coef: 0.999960956697686
Train loss (one batch): 217.93240356445312
Train CE loss (one batch): 0.0
Test MSE (raw): 0.0507
Test MSE (smoothed with alpha=0.01): 0.4514
New best smoothed test MSE: 0.4514. Saving best model to experiments/experiment_24884_best.ckpt
Test MSE group_0: 0.0391
Test MSE group_1: 0.0640
Test MSE group_2: nan
Test MSE group_3: nan
Poisson likelihood: 0.0
CE loss: 0.0
train MSE group_0: 0.0274
train MSE group_1: 0.0637
train MSE group_2: nan
train MSE group_3: nan
CE loss (TEST): 0.0
Experiment 24884
Epoch 1030 [Test seq (cond on sampled tp)] | Loss 252.765808 | Likelihood -248.260696 | KL fp 7.6601 | FP STD 0.1140|
KL coef: 0.9999646899372381
Train loss (one batch): 219.00027465820312
Train CE loss (one batch): 0.0
Test MSE (raw): 0.0504
Test MSE (smoothed with alpha=0.01): 0.4474
New best smoothed test MSE: 0.4474. Saving best model to experiments/experiment_24884_best.ckpt
Test MSE group_0: 0.0393
Test MSE group_1: 0.0631
Test MSE group_2: nan
Test MSE group_3: nan
Poisson likelihood: 0.0
CE loss: 0.0
train MSE group_0: 0.0273
train MSE group_1: 0.0643
train MSE group_2: nan
train MSE group_3: nan
CE loss (TEST): 0.0
Experiment 24884
Epoch 1040 [Test seq (cond on sampled tp)] | Loss 252.276382 | Likelihood -248.835526 | KL fp 7.6636 | FP STD 0.1148|
KL coef: 0.9999680662121707
Train loss (one batch): 217.45692443847656
Train CE loss (one batch): 0.0
Test MSE (raw): 0.0505
Test MSE (smoothed with alpha=0.01): 0.4434
New best smoothed test MSE: 0.4434. Saving best model to experiments/experiment_24884_best.ckpt
Test MSE group_0: 0.0392
Test MSE group_1: 0.0634
Test MSE group_2: nan
Test MSE group_3: nan
Poisson likelihood: 0.0
CE loss: 0.0
train MSE group_0: 0.0276
train MSE group_1: 0.0634
train MSE group_2: nan
train MSE group_3: nan
CE loss (TEST): 0.0
Experiment 24884
Epoch 1050 [Test seq (cond on sampled tp)] | Loss 253.299896 | Likelihood -249.564240 | KL fp 7.6255 | FP STD 0.1161|
KL coef: 0.9999711196547001
Train loss (one batch): 218.022705078125
Train CE loss (one batch): 0.0
Test MSE (raw): 0.0507
Test MSE (smoothed with alpha=0.01): 0.4395
New best smoothed test MSE: 0.4395. Saving best model to experiments/experiment_24884_best.ckpt
Test MSE group_0: 0.0391
Test MSE group_1: 0.0638
Test MSE group_2: nan
Test MSE group_3: nan
Poisson likelihood: 0.0
CE loss: 0.0
train MSE group_0: 0.0274
train MSE group_1: 0.0638
train MSE group_2: nan
train MSE group_3: nan
CE loss (TEST): 0.0
Experiment 24884
Epoch 1060 [Test seq (cond on sampled tp)] | Loss 253.243713 | Likelihood -249.216629 | KL fp 7.6567 | FP STD 0.1139|
KL coef: 0.9999738811333907
Train loss (one batch): 216.83761596679688
Train CE loss (one batch): 0.0
Test MSE (raw): 0.0506
Test MSE (smoothed with alpha=0.01): 0.4356
New best smoothed test MSE: 0.4356. Saving best model to experiments/experiment_24884_best.ckpt
Test MSE group_0: 0.0396
Test MSE group_1: 0.0632
Test MSE group_2: nan
Test MSE group_3: nan
Poisson likelihood: 0.0
CE loss: 0.0
train MSE group_0: 0.0273
train MSE group_1: 0.0635
train MSE group_2: nan
train MSE group_3: nan
CE loss (TEST): 0.0
Experiment 24884
Epoch 1070 [Test seq (cond on sampled tp)] | Loss 251.283401 | Likelihood -248.699921 | KL fp 7.6653 | FP STD 0.1150|
KL coef: 0.9999763785652189
Train loss (one batch): 218.5064697265625
Train CE loss (one batch): 0.0
Test MSE (raw): 0.0505
Test MSE (smoothed with alpha=0.01): 0.4317
New best smoothed test MSE: 0.4317. Saving best model to experiments/experiment_24884_best.ckpt
Test MSE group_0: 0.0390
Test MSE group_1: 0.0636
Test MSE group_2: nan
Test MSE group_3: nan
Poisson likelihood: 0.0
CE loss: 0.0
train MSE group_0: 0.0277
train MSE group_1: 0.0635
train MSE group_2: nan
train MSE group_3: nan
CE loss (TEST): 0.0
Experiment 24884
Epoch 1080 [Test seq (cond on sampled tp)] | Loss 253.445419 | Likelihood -249.239349 | KL fp 7.6079 | FP STD 0.1164|
KL coef: 0.999978637197798
Train loss (one batch): 216.31019592285156
Train CE loss (one batch): 0.0
Test MSE (raw): 0.0506
Test MSE (smoothed with alpha=0.01): 0.4279
New best smoothed test MSE: 0.4279. Saving best model to experiments/experiment_24884_best.ckpt
Test MSE group_0: 0.0395
Test MSE group_1: 0.0632
Test MSE group_2: nan
Test MSE group_3: nan
Poisson likelihood: 0.0
CE loss: 0.0
train MSE group_0: 0.0272
train MSE group_1: 0.0634
train MSE group_2: nan
train MSE group_3: nan
CE loss (TEST): 0.0
Experiment 24884
Epoch 1090 [Test seq (cond on sampled tp)] | Loss 252.163223 | Likelihood -247.959991 | KL fp 7.5854 | FP STD 0.1168|
KL coef: 0.9999806798646166
Train loss (one batch): 217.66094970703125
Train CE loss (one batch): 0.0
Test MSE (raw): 0.0503
Test MSE (smoothed with alpha=0.01): 0.4241
New best smoothed test MSE: 0.4241. Saving best model to experiments/experiment_24884_best.ckpt
Test MSE group_0: 0.0389
Test MSE group_1: 0.0634
Test MSE group_2: nan
Test MSE group_3: nan
Poisson likelihood: 0.0
CE loss: 0.0
train MSE group_0: 0.0276
train MSE group_1: 0.0635
train MSE group_2: nan
train MSE group_3: nan
CE loss (TEST): 0.0
Experiment 24884
Epoch 1100 [Test seq (cond on sampled tp)] | Loss 251.305176 | Likelihood -247.882370 | KL fp 7.6242 | FP STD 0.1167|
KL coef: 0.9999825272158726
Train loss (one batch): 216.70166015625
Train CE loss (one batch): 0.0
Test MSE (raw): 0.0503
Test MSE (smoothed with alpha=0.01): 0.4204
New best smoothed test MSE: 0.4204. Saving best model to experiments/experiment_24884_best.ckpt
Test MSE group_0: 0.0386
Test MSE group_1: 0.0637
Test MSE group_2: nan
Test MSE group_3: nan
Poisson likelihood: 0.0
CE loss: 0.0
train MSE group_0: 0.0275
train MSE group_1: 0.0634
train MSE group_2: nan
train MSE group_3: nan
CE loss (TEST): 0.0
Experiment 24884
Epoch 1110 [Test seq (cond on sampled tp)] | Loss 252.089508 | Likelihood -248.793610 | KL fp 7.5922 | FP STD 0.1164|
KL coef: 0.9999841979272346
Train loss (one batch): 218.3865966796875
Train CE loss (one batch): 0.0
Test MSE (raw): 0.0505
Test MSE (smoothed with alpha=0.01): 0.4167
New best smoothed test MSE: 0.4167. Saving best model to experiments/experiment_24884_best.ckpt
Test MSE group_0: 0.0397
Test MSE group_1: 0.0628
Test MSE group_2: nan
Test MSE group_3: nan
Poisson likelihood: 0.0
CE loss: 0.0
train MSE group_0: 0.0275
train MSE group_1: 0.0638
train MSE group_2: nan
train MSE group_3: nan
CE loss (TEST): 0.0
Experiment 24884
Epoch 1120 [Test seq (cond on sampled tp)] | Loss 252.845673 | Likelihood -248.923737 | KL fp 7.6701 | FP STD 0.1140|
KL coef: 0.999985708888643
Train loss (one batch): 217.26092529296875
Train CE loss (one batch): 0.0
Test MSE (raw): 0.0505
Test MSE (smoothed with alpha=0.01): 0.4130
New best smoothed test MSE: 0.4130. Saving best model to experiments/experiment_24884_best.ckpt
Test MSE group_0: 0.0392
Test MSE group_1: 0.0635
Test MSE group_2: nan
Test MSE group_3: nan
Poisson likelihood: 0.0
CE loss: 0.0
train MSE group_0: 0.0273
train MSE group_1: 0.0636
train MSE group_2: nan
train MSE group_3: nan
CE loss (TEST): 0.0
Experiment 24884
Epoch 1130 [Test seq (cond on sampled tp)] | Loss 252.744293 | Likelihood -248.735062 | KL fp 7.7494 | FP STD 0.1119|
KL coef: 0.9999870753750567
Train loss (one batch): 217.9906005859375
Train CE loss (one batch): 0.0
Test MSE (raw): 0.0505
Test MSE (smoothed with alpha=0.01): 0.4094
New best smoothed test MSE: 0.4094. Saving best model to experiments/experiment_24884_best.ckpt
Test MSE group_0: 0.0391
Test MSE group_1: 0.0635
Test MSE group_2: nan
Test MSE group_3: nan
Poisson likelihood: 0.0
CE loss: 0.0
train MSE group_0: 0.0272
train MSE group_1: 0.0638
train MSE group_2: nan
train MSE group_3: nan
CE loss (TEST): 0.0
Experiment 24884
Epoch 1140 [Test seq (cond on sampled tp)] | Loss 251.729477 | Likelihood -248.174927 | KL fp 7.7821 | FP STD 0.1114|
KL coef: 0.9999883112008752
Train loss (one batch): 216.56492614746094
Train CE loss (one batch): 0.0
Test MSE (raw): 0.0504
Test MSE (smoothed with alpha=0.01): 0.4058
New best smoothed test MSE: 0.4058. Saving best model to experiments/experiment_24884_best.ckpt
Test MSE group_0: 0.0387
Test MSE group_1: 0.0638
Test MSE group_2: nan
Test MSE group_3: nan
Poisson likelihood: 0.0
CE loss: 0.0
train MSE group_0: 0.0272
train MSE group_1: 0.0631
train MSE group_2: nan
train MSE group_3: nan
CE loss (TEST): 0.0
Experiment 24884
Epoch 1150 [Test seq (cond on sampled tp)] | Loss 250.803772 | Likelihood -247.641678 | KL fp 7.7026 | FP STD 0.1132|
KL coef: 0.9999894288595931
Train loss (one batch): 217.1664276123047
Train CE loss (one batch): 0.0
Test MSE (raw): 0.0503
Test MSE (smoothed with alpha=0.01): 0.4023
New best smoothed test MSE: 0.4023. Saving best model to experiments/experiment_24884_best.ckpt
Test MSE group_0: 0.0390
Test MSE group_1: 0.0631
Test MSE group_2: nan
Test MSE group_3: nan
Poisson likelihood: 0.0
CE loss: 0.0
train MSE group_0: 0.0275
train MSE group_1: 0.0632
train MSE group_2: nan
train MSE group_3: nan
CE loss (TEST): 0.0
Experiment 24884
Epoch 1160 [Test seq (cond on sampled tp)] | Loss 251.343307 | Likelihood -247.640915 | KL fp 7.7011 | FP STD 0.1141|
KL coef: 0.9999904396501036
Train loss (one batch): 216.0290985107422
Train CE loss (one batch): 0.0
Test MSE (raw): 0.0503
Test MSE (smoothed with alpha=0.01): 0.3987
New best smoothed test MSE: 0.3987. Saving best model to experiments/experiment_24884_best.ckpt
Test MSE group_0: 0.0388
Test MSE group_1: 0.0633
Test MSE group_2: nan
Test MSE group_3: nan
Poisson likelihood: 0.0
CE loss: 0.0
train MSE group_0: 0.0272
train MSE group_1: 0.0630
train MSE group_2: nan
train MSE group_3: nan
CE loss (TEST): 0.0
Experiment 24884
Epoch 1170 [Test seq (cond on sampled tp)] | Loss 252.086761 | Likelihood -248.099930 | KL fp 7.6780 | FP STD 0.1139|
KL coef: 0.9999913537909229
Train loss (one batch): 215.83197021484375
Train CE loss (one batch): 0.0
Test MSE (raw): 0.0504
Test MSE (smoothed with alpha=0.01): 0.3953
New best smoothed test MSE: 0.3953. Saving best model to experiments/experiment_24884_best.ckpt
Test MSE group_0: 0.0390
Test MSE group_1: 0.0634
Test MSE group_2: nan
Test MSE group_3: nan
Poisson likelihood: 0.0
CE loss: 0.0
train MSE group_0: 0.0272
train MSE group_1: 0.0631
train MSE group_2: nan
train MSE group_3: nan
CE loss (TEST): 0.0
Couldn't import umap
Sampling dataset of 200 training examples
############## ['161', '162', '164', '165', '166', '167', '168', '169', '170', '171', '172', '173', '174', '176', '177', '178', '179', '180', '181', '182', '183', '185', '186', '189', '190', '191', '195', '196', '199', '200']
148
TensorBoard logs will be saved to: experiments/runs/24884
Traceback (most recent call last):
  File "/Users/benjaminmaurel/Documents/Training_Sanofi/notebooks_hands_on/latent_ode/run_models.py", line 288, in <module>
    train_res = model.compute_all_losses(batch_dict, n_traj_samples = 3, kl_coef = kl_coef)
                ^^^^^^^^^^^^^^^^^^^^^^^^^^^^^^^^^^^^^^^^^^^^^^^^^^^^^^^^^^^^^^^^^^^^^^^^^^^
  File "/Users/benjaminmaurel/Documents/Training_Sanofi/notebooks_hands_on/latent_ode/lib/base_models.py", line 303, in compute_all_losses
    fp_distr = Normal(fp_mu, fp_std)
               ^^^^^^^^^^^^^^^^^^^^^
  File "/opt/miniconda3/envs/NODE_test/lib/python3.12/site-packages/torch/distributions/normal.py", line 59, in __init__
    super().__init__(batch_shape, validate_args=validate_args)
  File "/opt/miniconda3/envs/NODE_test/lib/python3.12/site-packages/torch/distributions/distribution.py", line 71, in __init__
    raise ValueError(
ValueError: Expected parameter scale (Tensor of shape (1, 118, 10)) of distribution Normal(loc: torch.Size([1, 118, 10]), scale: torch.Size([1, 118, 10])) to satisfy the constraint GreaterThan(lower_bound=0.0), but found invalid values:
tensor([[[0.3352, 0.2249, 0.2234,  ..., 0.0434, 0.1237, 0.0802],
         [0.1818, 0.0963, 0.0972,  ..., 0.0297, 0.1471, 0.0260],
         [0.2970, 0.1435, 0.1207,  ..., 0.0418, 0.0980, 0.0590],
         ...,
         [0.3095, 0.1621, 0.1450,  ..., 0.0441, 0.1131, 0.0802],
         [0.2918, 0.1300, 0.1282,  ..., 0.0407, 0.1093, 0.0594],
         [0.2185, 0.0751, 0.0862,  ..., 0.0289, 0.1206, 0.0436]]],
       grad_fn=<AbsBackward0>)
